#0 building with "default" instance using docker driver

#1 [internal] load build definition from ubuntu-22.04-opencv-full-build.Dockerfile
#1 transferring dockerfile: 5.42kB done
#1 DONE 0.0s

#2 [internal] load metadata for docker.io/library/ubuntu:22.04
#2 DONE 0.0s

#3 [auth] library/node:pull token for registry-1.docker.io
#3 DONE 0.0s

#4 [internal] load metadata for docker.io/library/node:22.12
#4 DONE 1.0s

#5 [internal] load .dockerignore
#5 transferring context: 2B done
#5 DONE 0.0s

#6 [frontend 1/3] FROM docker.io/library/node:22.12@sha256:0e910f435308c36ea60b4cfd7b80208044d77a074d16b768a81901ce938a62dc
#6 DONE 0.0s

#7 [opencv_download 1/4] FROM docker.io/library/ubuntu:22.04
#7 DONE 0.0s

#8 [opencv_download 2/4] RUN set -xeu &&     apt-get update &&     DEBIAN_FRONTEND=noninteractive apt-get dist-upgrade -y &&     apt-get autoremove -y --purge &&     apt-get -y autoclean
#8 CACHED

#9 [backend 3/5] RUN set -xeu &&     DEBIAN_FRONTEND=noninteractive apt-get install -y clang libclang-dev cmake     libatlas-base-dev libceres-dev libeigen3-dev libva-dev     libavcodec-dev libavformat-dev libavutil-dev libswscale-dev
#9 CACHED

#10 [opencv_download 4/4] RUN set -xeu &&     mkdir -p /root/dist &&     curl -sSfL "https://github.com/opencv/opencv/archive/refs/tags/4.8.0.tar.gz" | tar xz -C /root/dist &&     curl -sSfL "https://github.com/opencv/opencv_contrib/archive/refs/tags/4.8.0.tar.gz" | tar xz -C /root/dist &&     sed -ri 's/Ptr<FarnebackOpticalFlow> cv::cuda::FarnebackOpticalFlow::create/Ptr<cv::cuda::FarnebackOpticalFlow> cv::cuda::FarnebackOpticalFlow::create/' "/root/dist/opencv_contrib-4.8.0/modules/cudaoptflow/src/farneback.cpp" # patch for version 4.8.0
#10 CACHED

#11 [opencv_download 3/4] RUN set -xeu && 	DEBIAN_FRONTEND=noninteractive apt-get install -y curl
#11 CACHED

#12 [backend 4/5] COPY --from=opencv_download /root/dist /root/dist
#12 CACHED

#13 [backend 5/5] RUN set -xeu &&     mkdir -p /root/build &&     cmake -B /root/build -S "/root/dist/opencv-4.8.0" -D OPENCV_EXTRA_MODULES_PATH="/root/dist/opencv_contrib-4.8.0/modules" -D CMAKE_INSTALL_PREFIX=/opt/opencv 		-D CMAKE_BUILD_TYPE=Release     	-D BUILD_SHARED_LIBS=OFF 		-D OPENCV_FORCE_3RDPARTY_BUILD=ON     	-D BUILD_JAVA=OFF     	-D BUILD_PERF_TESTS=OFF     	-D BUILD_TESTS=OFF 		-D BUILD_opencv_apps=OFF 		-D BUILD_LIST=core,imgcodecs,imgproc,video,videoio     	-D WITH_1394=OFF     	-D WITH_ADE=OFF     	-D WITH_FFMPEG=ON 		-D WITH_FLATBUFFERS=OFF 		-D WITH_FREETYPE=OFF     	-D WITH_GIGEAPI=OFF     	-D WITH_GSTREAMER=OFF     	-D WITH_GSTREAMER_0_10=OFF     	-D WITH_GTK=OFF     	-D WITH_GTK_2_X=OFF     	-D WITH_IMGCODEC_HDcR=OFF 		-D WITH_IMGCODEC_HDR=OFF     	-D WITH_IMGCODEC_PXM=OFF 		-D WITH_IMGCODEC_PFM=OFF     	-D WITH_IMGCODEC_SUNRASTER=OFF     	-D WITH_INF_ENGINE=OFF     	-D WITH_ITT=OFF     	-D WITH_LAPACK=OFF     	-D WITH_LIBV4L=OFF     	-D WITH_MATLAB=OFF     	-D WITH_NVCUVID=OFF     	-D WITH_OPENCL=OFF     	-D WITH_OPENCLAMDBLAS=OFF     	-D WITH_OPENCLAMDFFT=OFF     	-D WITH_OPENEXR=OFF 		-D WITH_OBSENSOR=OFF     	-D WITH_PROTOBUF=OFF 		-D WITH_TESSERACT=OFF     	-D WITH_TIFF=OFF     	-D WITH_UNICAP=OFF     	-D WITH_V4L=OFF     	-D WITH_VTK=OFF     	-D WITH_WEBP=OFF &&     make -C /root/build -j`nproc` install
#13 0.342 + mkdir -p /root/build
#13 0.344 + cmake -B /root/build -S /root/dist/opencv-4.8.0 -D OPENCV_EXTRA_MODULES_PATH=/root/dist/opencv_contrib-4.8.0/modules -D CMAKE_INSTALL_PREFIX=/opt/opencv -D CMAKE_BUILD_TYPE=Release -D BUILD_SHARED_LIBS=OFF -D OPENCV_FORCE_3RDPARTY_BUILD=ON -D BUILD_JAVA=OFF -D BUILD_PERF_TESTS=OFF -D BUILD_TESTS=OFF -D BUILD_opencv_apps=OFF -D BUILD_LIST=core,imgcodecs,imgproc,video,videoio -D WITH_1394=OFF -D WITH_ADE=OFF -D WITH_FFMPEG=ON -D WITH_FLATBUFFERS=OFF -D WITH_FREETYPE=OFF -D WITH_GIGEAPI=OFF -D WITH_GSTREAMER=OFF -D WITH_GSTREAMER_0_10=OFF -D WITH_GTK=OFF -D WITH_GTK_2_X=OFF -D WITH_IMGCODEC_HDcR=OFF -D WITH_IMGCODEC_HDR=OFF -D WITH_IMGCODEC_PXM=OFF -D WITH_IMGCODEC_PFM=OFF -D WITH_IMGCODEC_SUNRASTER=OFF -D WITH_INF_ENGINE=OFF -D WITH_ITT=OFF -D WITH_LAPACK=OFF -D WITH_LIBV4L=OFF -D WITH_MATLAB=OFF -D WITH_NVCUVID=OFF -D WITH_OPENCL=OFF -D WITH_OPENCLAMDBLAS=OFF -D WITH_OPENCLAMDFFT=OFF -D WITH_OPENEXR=OFF -D WITH_OBSENSOR=OFF -D WITH_PROTOBUF=OFF -D WITH_TESSERACT=OFF -D WITH_TIFF=OFF -D WITH_UNICAP=OFF -D WITH_V4L=OFF -D WITH_VTK=OFF -D WITH_WEBP=OFF
#13 0.452 -- The CXX compiler identification is Clang 14.0.0
#13 0.486 -- The C compiler identification is GNU 11.4.0
#13 0.493 -- Detecting CXX compiler ABI info
#13 0.599 -- Detecting CXX compiler ABI info - done
#13 0.604 -- Check for working CXX compiler: /usr/bin/c++ - skipped
#13 0.604 -- Detecting CXX compile features
#13 0.605 -- Detecting CXX compile features - done
#13 0.607 -- Detecting C compiler ABI info
#13 0.658 -- Detecting C compiler ABI info - done
#13 0.664 -- Check for working C compiler: /usr/bin/cc - skipped
#13 0.664 -- Detecting C compile features
#13 0.665 -- Detecting C compile features - done
#13 0.668 -- ocv_init_download: OpenCV source tree is not fetched as git repository. 3rdparty resources will be downloaded from github.com by default.
#13 0.669 -- Detected processor: x86_64
#13 0.684 -- Could NOT find PythonInterp (missing: PYTHON_EXECUTABLE) (Required is at least version "2.7")
#13 0.695 -- Found PythonInterp: /usr/bin/python3 (found suitable version "3.10.12", minimum required is "3.2") 
#13 0.702 -- Could NOT find PythonLibs (missing: PYTHON_LIBRARIES PYTHON_INCLUDE_DIRS) (Required is exact version "3.10.12")
#13 0.722 Traceback (most recent call last):
#13 0.722   File "<string>", line 1, in <module>
#13 0.722 ModuleNotFoundError: No module named 'numpy'
#13 0.726 -- Looking for ccache - not found
#13 0.727 -- Performing Test HAVE_CXX_FSIGNED_CHAR
#13 0.827 -- Performing Test HAVE_CXX_FSIGNED_CHAR - Success
#13 0.828 -- Performing Test HAVE_C_FSIGNED_CHAR
#13 0.879 -- Performing Test HAVE_C_FSIGNED_CHAR - Success
#13 0.879 -- Performing Test HAVE_CXX_W
#13 0.983 -- Performing Test HAVE_CXX_W - Success
#13 0.983 -- Performing Test HAVE_C_W
#13 1.033 -- Performing Test HAVE_C_W - Success
#13 1.033 -- Performing Test HAVE_CXX_WALL
#13 1.158 -- Performing Test HAVE_CXX_WALL - Success
#13 1.158 -- Performing Test HAVE_C_WALL
#13 1.210 -- Performing Test HAVE_C_WALL - Success
#13 1.210 -- Performing Test HAVE_CXX_WRETURN_TYPE
#13 1.329 -- Performing Test HAVE_CXX_WRETURN_TYPE - Success
#13 1.329 -- Performing Test HAVE_C_WRETURN_TYPE
#13 1.386 -- Performing Test HAVE_C_WRETURN_TYPE - Success
#13 1.386 -- Performing Test HAVE_CXX_WNON_VIRTUAL_DTOR
#13 1.523 -- Performing Test HAVE_CXX_WNON_VIRTUAL_DTOR - Success
#13 1.524 -- Performing Test HAVE_C_WNON_VIRTUAL_DTOR
#13 1.575 -- Performing Test HAVE_C_WNON_VIRTUAL_DTOR - Failed
#13 1.576 -- Performing Test HAVE_CXX_WADDRESS
#13 1.694 -- Performing Test HAVE_CXX_WADDRESS - Success
#13 1.694 -- Performing Test HAVE_C_WADDRESS
#13 1.746 -- Performing Test HAVE_C_WADDRESS - Success
#13 1.747 -- Performing Test HAVE_CXX_WSEQUENCE_POINT
#13 1.860 -- Performing Test HAVE_CXX_WSEQUENCE_POINT - Success
#13 1.860 -- Performing Test HAVE_C_WSEQUENCE_POINT
#13 1.915 -- Performing Test HAVE_C_WSEQUENCE_POINT - Success
#13 1.915 -- Performing Test HAVE_CXX_WFORMAT
#13 2.021 -- Performing Test HAVE_CXX_WFORMAT - Success
#13 2.021 -- Performing Test HAVE_C_WFORMAT
#13 2.073 -- Performing Test HAVE_C_WFORMAT - Success
#13 2.073 -- Performing Test HAVE_CXX_WFORMAT_SECURITY
#13 2.182 -- Performing Test HAVE_CXX_WFORMAT_SECURITY - Success
#13 2.182 -- Performing Test HAVE_C_WFORMAT_SECURITY
#13 2.235 -- Performing Test HAVE_C_WFORMAT_SECURITY - Success
#13 2.235 -- Performing Test HAVE_CXX_WMISSING_DECLARATIONS
#13 2.346 -- Performing Test HAVE_CXX_WMISSING_DECLARATIONS - Success
#13 2.347 -- Performing Test HAVE_C_WMISSING_DECLARATIONS
#13 2.397 -- Performing Test HAVE_C_WMISSING_DECLARATIONS - Success
#13 2.397 -- Performing Test HAVE_CXX_WMISSING_PROTOTYPES
#13 2.507 -- Performing Test HAVE_CXX_WMISSING_PROTOTYPES - Success
#13 2.507 -- Performing Test HAVE_C_WMISSING_PROTOTYPES
#13 2.561 -- Performing Test HAVE_C_WMISSING_PROTOTYPES - Success
#13 2.562 -- Performing Test HAVE_CXX_WSTRICT_PROTOTYPES
#13 2.665 -- Performing Test HAVE_CXX_WSTRICT_PROTOTYPES - Success
#13 2.666 -- Performing Test HAVE_C_WSTRICT_PROTOTYPES
#13 2.716 -- Performing Test HAVE_C_WSTRICT_PROTOTYPES - Success
#13 2.717 -- Performing Test HAVE_CXX_WUNDEF
#13 2.822 -- Performing Test HAVE_CXX_WUNDEF - Success
#13 2.822 -- Performing Test HAVE_C_WUNDEF
#13 2.873 -- Performing Test HAVE_C_WUNDEF - Success
#13 2.873 -- Performing Test HAVE_CXX_WINIT_SELF
#13 2.974 -- Performing Test HAVE_CXX_WINIT_SELF - Success
#13 2.975 -- Performing Test HAVE_C_WINIT_SELF
#13 3.024 -- Performing Test HAVE_C_WINIT_SELF - Success
#13 3.024 -- Performing Test HAVE_CXX_WPOINTER_ARITH
#13 3.125 -- Performing Test HAVE_CXX_WPOINTER_ARITH - Success
#13 3.125 -- Performing Test HAVE_C_WPOINTER_ARITH
#13 3.175 -- Performing Test HAVE_C_WPOINTER_ARITH - Success
#13 3.175 -- Performing Test HAVE_CXX_WSHADOW
#13 3.295 -- Performing Test HAVE_CXX_WSHADOW - Success
#13 3.295 -- Performing Test HAVE_C_WSHADOW
#13 3.347 -- Performing Test HAVE_C_WSHADOW - Success
#13 3.347 -- Performing Test HAVE_CXX_WSIGN_PROMO
#13 3.466 -- Performing Test HAVE_CXX_WSIGN_PROMO - Success
#13 3.467 -- Performing Test HAVE_C_WSIGN_PROMO
#13 3.516 -- Performing Test HAVE_C_WSIGN_PROMO - Failed
#13 3.517 -- Performing Test HAVE_CXX_WUNINITIALIZED
#13 3.612 -- Performing Test HAVE_CXX_WUNINITIALIZED - Success
#13 3.612 -- Performing Test HAVE_C_WUNINITIALIZED
#13 3.663 -- Performing Test HAVE_C_WUNINITIALIZED - Success
#13 3.663 -- Performing Test HAVE_CXX_WINCONSISTENT_MISSING_OVERRIDE
#13 3.766 -- Performing Test HAVE_CXX_WINCONSISTENT_MISSING_OVERRIDE - Success
#13 3.767 -- Performing Test HAVE_C_WINCONSISTENT_MISSING_OVERRIDE
#13 3.791 -- Performing Test HAVE_C_WINCONSISTENT_MISSING_OVERRIDE - Failed
#13 3.791 -- Performing Test HAVE_CXX_WNO_DELETE_NON_VIRTUAL_DTOR
#13 3.890 -- Performing Test HAVE_CXX_WNO_DELETE_NON_VIRTUAL_DTOR - Success
#13 3.890 -- Performing Test HAVE_C_WNO_DELETE_NON_VIRTUAL_DTOR
#13 3.944 -- Performing Test HAVE_C_WNO_DELETE_NON_VIRTUAL_DTOR - Failed
#13 3.944 -- Performing Test HAVE_CXX_WNO_UNNAMED_TYPE_TEMPLATE_ARGS
#13 4.058 -- Performing Test HAVE_CXX_WNO_UNNAMED_TYPE_TEMPLATE_ARGS - Success
#13 4.058 -- Performing Test HAVE_C_WNO_UNNAMED_TYPE_TEMPLATE_ARGS
#13 4.111 -- Performing Test HAVE_C_WNO_UNNAMED_TYPE_TEMPLATE_ARGS - Failed
#13 4.112 -- Performing Test HAVE_CXX_WNO_COMMENT
#13 4.218 -- Performing Test HAVE_CXX_WNO_COMMENT - Success
#13 4.218 -- Performing Test HAVE_C_WNO_COMMENT
#13 4.270 -- Performing Test HAVE_C_WNO_COMMENT - Success
#13 4.270 -- Performing Test HAVE_CXX_WNO_DEPRECATED_ENUM_ENUM_CONVERSION
#13 4.374 -- Performing Test HAVE_CXX_WNO_DEPRECATED_ENUM_ENUM_CONVERSION - Success
#13 4.375 -- Performing Test HAVE_C_WNO_DEPRECATED_ENUM_ENUM_CONVERSION
#13 4.425 -- Performing Test HAVE_C_WNO_DEPRECATED_ENUM_ENUM_CONVERSION - Failed
#13 4.425 -- Performing Test HAVE_CXX_WNO_DEPRECATED_ANON_ENUM_ENUM_CONVERSION
#13 4.526 -- Performing Test HAVE_CXX_WNO_DEPRECATED_ANON_ENUM_ENUM_CONVERSION - Success
#13 4.526 -- Performing Test HAVE_C_WNO_DEPRECATED_ANON_ENUM_ENUM_CONVERSION
#13 4.576 -- Performing Test HAVE_C_WNO_DEPRECATED_ANON_ENUM_ENUM_CONVERSION - Failed
#13 4.577 -- Performing Test HAVE_CXX_FDIAGNOSTICS_SHOW_OPTION
#13 4.684 -- Performing Test HAVE_CXX_FDIAGNOSTICS_SHOW_OPTION - Success
#13 4.684 -- Performing Test HAVE_C_FDIAGNOSTICS_SHOW_OPTION
#13 4.735 -- Performing Test HAVE_C_FDIAGNOSTICS_SHOW_OPTION - Success
#13 4.735 -- Performing Test HAVE_CXX_WNO_LONG_LONG
#13 4.836 -- Performing Test HAVE_CXX_WNO_LONG_LONG - Success
#13 4.836 -- Performing Test HAVE_C_WNO_LONG_LONG
#13 4.885 -- Performing Test HAVE_C_WNO_LONG_LONG - Success
#13 4.885 -- Performing Test HAVE_CXX_PTHREAD
#13 4.983 -- Performing Test HAVE_CXX_PTHREAD - Success
#13 4.983 -- Performing Test HAVE_C_PTHREAD
#13 5.031 -- Performing Test HAVE_C_PTHREAD - Success
#13 5.032 -- Performing Test HAVE_CXX_QUNUSED_ARGUMENTS
#13 5.131 -- Performing Test HAVE_CXX_QUNUSED_ARGUMENTS - Success
#13 5.131 -- Performing Test HAVE_C_QUNUSED_ARGUMENTS
#13 5.152 -- Performing Test HAVE_C_QUNUSED_ARGUMENTS - Failed
#13 5.152 -- Performing Test HAVE_CXX_FFUNCTION_SECTIONS
#13 5.250 -- Performing Test HAVE_CXX_FFUNCTION_SECTIONS - Success
#13 5.250 -- Performing Test HAVE_C_FFUNCTION_SECTIONS
#13 5.299 -- Performing Test HAVE_C_FFUNCTION_SECTIONS - Success
#13 5.299 -- Performing Test HAVE_CXX_FDATA_SECTIONS
#13 5.397 -- Performing Test HAVE_CXX_FDATA_SECTIONS - Success
#13 5.397 -- Performing Test HAVE_C_FDATA_SECTIONS
#13 5.445 -- Performing Test HAVE_C_FDATA_SECTIONS - Success
#13 5.447 -- Performing Test HAVE_CXX_MSSE (check file: cmake/checks/cpu_sse.cpp)
#13 5.573 -- Performing Test HAVE_CXX_MSSE - Success
#13 5.573 -- Performing Test HAVE_CXX_MSSE2 (check file: cmake/checks/cpu_sse2.cpp)
#13 5.697 -- Performing Test HAVE_CXX_MSSE2 - Success
#13 5.698 -- Performing Test HAVE_CXX_MSSE3 (check file: cmake/checks/cpu_sse3.cpp)
#13 5.830 -- Performing Test HAVE_CXX_MSSE3 - Success
#13 5.830 -- Performing Test HAVE_CXX_MSSSE3 (check file: cmake/checks/cpu_ssse3.cpp)
#13 5.961 -- Performing Test HAVE_CXX_MSSSE3 - Success
#13 5.962 -- Performing Test HAVE_CXX_MSSE4_1 (check file: cmake/checks/cpu_sse41.cpp)
#13 6.092 -- Performing Test HAVE_CXX_MSSE4_1 - Success
#13 6.093 -- Performing Test HAVE_CXX_MPOPCNT (check file: cmake/checks/cpu_popcnt.cpp)
#13 6.191 -- Performing Test HAVE_CXX_MPOPCNT - Success
#13 6.191 -- Performing Test HAVE_CXX_MSSE4_2 (check file: cmake/checks/cpu_sse42.cpp)
#13 6.332 -- Performing Test HAVE_CXX_MSSE4_2 - Success
#13 6.332 -- Performing Test HAVE_CXX_MF16C (check file: cmake/checks/cpu_fp16.cpp)
#13 6.665 -- Performing Test HAVE_CXX_MF16C - Success
#13 6.665 -- Performing Test HAVE_CXX_MFMA
#13 6.758 -- Performing Test HAVE_CXX_MFMA - Success
#13 6.759 -- Performing Test HAVE_CXX_MAVX (check file: cmake/checks/cpu_avx.cpp)
#13 7.085 -- Performing Test HAVE_CXX_MAVX - Success
#13 7.085 -- Performing Test HAVE_CXX_MAVX2 (check file: cmake/checks/cpu_avx2.cpp)
#13 7.421 -- Performing Test HAVE_CXX_MAVX2 - Success
#13 7.421 -- Performing Test HAVE_CXX_MAVX512F (check file: cmake/checks/cpu_avx512.cpp)
#13 7.800 -- Performing Test HAVE_CXX_MAVX512F - Success
#13 7.800 -- Performing Test HAVE_CXX_MAVX512F_MAVX512CD (check file: cmake/checks/cpu_avx512common.cpp)
#13 8.152 -- Performing Test HAVE_CXX_MAVX512F_MAVX512CD - Success
#13 8.153 -- Performing Test HAVE_CXX_MAVX512F_MAVX512CD_MAVX512VL_MAVX512BW_MAVX512DQ (check file: cmake/checks/cpu_avx512skx.cpp)
#13 8.500 -- Performing Test HAVE_CXX_MAVX512F_MAVX512CD_MAVX512VL_MAVX512BW_MAVX512DQ - Success
#13 8.502 -- Performing Test HAVE_CPU_BASELINE_FLAGS
#13 8.606 -- Performing Test HAVE_CPU_BASELINE_FLAGS - Success
#13 8.608 -- Performing Test HAVE_CPU_DISPATCH_FLAGS_SSE4_1
#13 8.710 -- Performing Test HAVE_CPU_DISPATCH_FLAGS_SSE4_1 - Success
#13 8.713 -- Performing Test HAVE_CPU_DISPATCH_FLAGS_SSE4_2
#13 8.816 -- Performing Test HAVE_CPU_DISPATCH_FLAGS_SSE4_2 - Success
#13 8.818 -- Performing Test HAVE_CPU_DISPATCH_FLAGS_FP16
#13 8.915 -- Performing Test HAVE_CPU_DISPATCH_FLAGS_FP16 - Success
#13 8.917 -- Performing Test HAVE_CPU_DISPATCH_FLAGS_AVX
#13 9.028 -- Performing Test HAVE_CPU_DISPATCH_FLAGS_AVX - Success
#13 9.031 -- Performing Test HAVE_CPU_DISPATCH_FLAGS_AVX2
#13 9.150 -- Performing Test HAVE_CPU_DISPATCH_FLAGS_AVX2 - Success
#13 9.152 -- Performing Test HAVE_CPU_DISPATCH_FLAGS_AVX512_SKX
#13 9.267 -- Performing Test HAVE_CPU_DISPATCH_FLAGS_AVX512_SKX - Success
#13 9.268 -- Performing Test HAVE_CXX_FVISIBILITY_HIDDEN
#13 9.385 -- Performing Test HAVE_CXX_FVISIBILITY_HIDDEN - Success
#13 9.385 -- Performing Test HAVE_C_FVISIBILITY_HIDDEN
#13 9.442 -- Performing Test HAVE_C_FVISIBILITY_HIDDEN - Success
#13 9.443 -- Performing Test HAVE_CXX_FVISIBILITY_INLINES_HIDDEN
#13 9.570 -- Performing Test HAVE_CXX_FVISIBILITY_INLINES_HIDDEN - Success
#13 9.570 -- Performing Test HAVE_C_FVISIBILITY_INLINES_HIDDEN
#13 9.633 -- Performing Test HAVE_C_FVISIBILITY_INLINES_HIDDEN - Failed
#13 9.634 -- Performing Test HAVE_LINK_AS_NEEDED
#13 9.724 -- Performing Test HAVE_LINK_AS_NEEDED - Success
#13 9.724 -- Performing Test HAVE_LINK_NO_UNDEFINED
#13 9.840 -- Performing Test HAVE_LINK_NO_UNDEFINED - Success
#13 9.845 -- Looking for pthread.h
#13 9.904 -- Looking for pthread.h - found
#13 9.904 -- Looking for posix_memalign
#13 9.963 -- Looking for posix_memalign - found
#13 9.964 -- Looking for malloc.h
#13 10.02 -- Looking for malloc.h - found
#13 10.02 -- Looking for memalign
#13 10.08 -- Looking for memalign - found
#13 10.09 -- Looking for fseeko
#13 10.14 -- Looking for fseeko - found
#13 10.14 -- Looking for unistd.h
#13 10.20 -- Looking for unistd.h - found
#13 10.20 -- Looking for sys/types.h
#13 10.26 -- Looking for sys/types.h - found
#13 10.26 -- Looking for stdint.h
#13 10.31 -- Looking for stdint.h - found
#13 10.31 -- Looking for stddef.h
#13 10.37 -- Looking for stddef.h - found
#13 10.37 -- Check size of off64_t
#13 10.40 -- Check size of off64_t - failed
#13 10.40 -- Performing Test HAVE_C_WNO_SHORTEN_64_TO_32
#13 10.45 -- Performing Test HAVE_C_WNO_SHORTEN_64_TO_32 - Failed
#13 10.45 -- Performing Test HAVE_C_WNO_ATTRIBUTES
#13 10.51 -- Performing Test HAVE_C_WNO_ATTRIBUTES - Success
#13 10.51 -- Performing Test HAVE_C_WNO_STRICT_PROTOTYPES
#13 10.56 -- Performing Test HAVE_C_WNO_STRICT_PROTOTYPES - Success
#13 10.56 -- Performing Test HAVE_C_WNO_MISSING_PROTOTYPES
#13 10.62 -- Performing Test HAVE_C_WNO_MISSING_PROTOTYPES - Success
#13 10.62 -- Performing Test HAVE_C_WNO_MISSING_DECLARATIONS
#13 10.67 -- Performing Test HAVE_C_WNO_MISSING_DECLARATIONS - Success
#13 10.67 -- Performing Test HAVE_C_WNO_SHIFT_NEGATIVE_VALUE
#13 10.73 -- Performing Test HAVE_C_WNO_SHIFT_NEGATIVE_VALUE - Success
#13 10.73 -- Performing Test HAVE_C_WNO_UNDEF
#13 10.78 -- Performing Test HAVE_C_WNO_UNDEF - Success
#13 10.78 -- Performing Test HAVE_C_WNO_IMPLICIT_FALLTHROUGH
#13 10.83 -- Performing Test HAVE_C_WNO_IMPLICIT_FALLTHROUGH - Success
#13 10.84 -- Performing Test HAVE_C_WNO_UNUSED_PARAMETER
#13 10.89 -- Performing Test HAVE_C_WNO_UNUSED_PARAMETER - Success
#13 10.89 -- Performing Test HAVE_C_WNO_SIGN_COMPARE
#13 10.94 -- Performing Test HAVE_C_WNO_SIGN_COMPARE - Success
#13 10.94 -- libjpeg-turbo: VERSION = 2.1.3, BUILD = opencv-4.8.0-libjpeg-turbo
#13 10.95 -- Check size of size_t
#13 11.00 -- Check size of size_t - done
#13 11.00 -- Check size of unsigned long
#13 11.06 -- Check size of unsigned long - done
#13 11.06 -- Performing Test HAVE_BUILTIN_CTZL
#13 11.11 -- Performing Test HAVE_BUILTIN_CTZL - Success
#13 11.11 -- Looking for include file locale.h
#13 11.16 -- Looking for include file locale.h - found
#13 11.16 -- Looking for include file stdlib.h
#13 11.22 -- Looking for include file stdlib.h - found
#13 11.22 -- Looking for include file sys/types.h
#13 11.27 -- Looking for include file sys/types.h - found
#13 11.28 -- Looking for a ASM_NASM compiler
#13 11.31 -- Looking for a ASM_NASM compiler - NOTFOUND
#13 11.31 -- libjpeg-turbo(SIMD): SIMD extensions disabled: could not find NASM compiler.  Performance will suffer.
#13 11.31 -- Could NOT find OpenJPEG (minimal suitable version: 2.0, recommended version >= 2.3.1). OpenJPEG will be built from sources
#13 11.31 -- Performing Test HAVE_C_WNO_IMPLICIT_CONST_INT_FLOAT_CONVERSION
#13 11.36 -- Performing Test HAVE_C_WNO_IMPLICIT_CONST_INT_FLOAT_CONVERSION - Failed
#13 11.36 -- Performing Test HAVE_C_WNO_UNUSED_BUT_SET_VARIABLE
#13 11.42 -- Performing Test HAVE_C_WNO_UNUSED_BUT_SET_VARIABLE - Success
#13 11.42 -- OpenJPEG: VERSION = 2.5.0, BUILD = opencv-4.8.0-openjp2-2.5.0
#13 11.42 -- Looking for string.h
#13 11.47 -- Looking for string.h - found
#13 11.47 -- Looking for memory.h
#13 11.53 -- Looking for memory.h - found
#13 11.53 -- Looking for stdio.h
#13 11.58 -- Looking for stdio.h - found
#13 11.58 -- Looking for math.h
#13 11.64 -- Looking for math.h - found
#13 11.64 -- Looking for float.h
#13 11.69 -- Looking for float.h - found
#13 11.69 -- Looking for time.h
#13 11.74 -- Looking for time.h - found
#13 11.74 -- Looking for stdarg.h
#13 11.80 -- Looking for stdarg.h - found
#13 11.80 -- Looking for ctype.h
#13 11.85 -- Looking for ctype.h - found
#13 11.85 -- Looking for assert.h
#13 11.90 -- Looking for assert.h - found
#13 11.90 -- Looking for stdint.h
#13 11.96 -- Looking for stdint.h - found
#13 11.96 -- Looking for inttypes.h
#13 12.01 -- Looking for inttypes.h - found
#13 12.01 -- Looking for strings.h
#13 12.07 -- Looking for strings.h - found
#13 12.07 -- Looking for sys/stat.h
#13 12.12 -- Looking for sys/stat.h - found
#13 12.12 -- Looking for unistd.h
#13 12.18 -- Looking for unistd.h - found
#13 12.18 -- Looking for include file malloc.h
#13 12.24 -- Looking for include file malloc.h - found
#13 12.24 -- Looking for _aligned_malloc
#13 12.26 -- Looking for _aligned_malloc - not found
#13 12.27 -- Looking for posix_memalign
#13 12.32 -- Looking for posix_memalign - found
#13 12.32 -- Looking for memalign
#13 12.37 -- Looking for memalign - found
#13 12.38 -- Performing Test HAVE_C_WNO_CAST_FUNCTION_TYPE
#13 12.43 -- Performing Test HAVE_C_WNO_CAST_FUNCTION_TYPE - Success
#13 12.43 -- Performing Test HAVE_C_WNO_SHADOW
#13 12.48 -- Performing Test HAVE_C_WNO_SHADOW - Success
#13 12.48 -- Performing Test HAVE_C_WNO_UNUSED_FUNCTION
#13 12.54 -- Performing Test HAVE_C_WNO_UNUSED_FUNCTION - Success
#13 12.65 -- OpenJPEG libraries will be built from sources: libopenjp2 (version "2.5.0")
#13 12.65 -- Performing Test HAVE_C_WNO_CAST_ALIGN
#13 12.70 -- Performing Test HAVE_C_WNO_CAST_ALIGN - Success
#13 12.70 -- Performing Test HAVE_C_WNO_MAYBE_UNINITIALIZED
#13 12.75 -- Performing Test HAVE_C_WNO_MAYBE_UNINITIALIZED - Success
#13 12.75 -- Performing Test HAVE_C_WNO_NULL_POINTER_SUBTRACTION
#13 12.80 -- Performing Test HAVE_C_WNO_NULL_POINTER_SUBTRACTION - Failed
#13 12.80 -- IPPICV: Downloading ippicv_2021.8_lnx_intel64_20230330_general.tgz from https://raw.githubusercontent.com/opencv/opencv_3rdparty/1224f78da6684df04397ac0f40c961ed37f79ccb/ippicv/ippicv_2021.8_lnx_intel64_20230330_general.tgz
#13 14.12 -- found Intel IPP (ICV version): 2021.8.0 [2021.8]
#13 14.12 -- at: /root/build/3rdparty/ippicv/ippicv_lnx/icv
#13 14.12 -- found Intel IPP Integration Wrappers sources: 2021.8.0
#13 14.12 -- at: /root/build/3rdparty/ippicv/ippicv_lnx/iw
#13 14.13 -- Performing Test HAVE_C_WNO_UNUSED_VARIABLE
#13 14.18 -- Performing Test HAVE_C_WNO_UNUSED_VARIABLE - Success
#13 14.22 -- Checking for modules 'libavcodec;libavformat;libavutil;libswscale'
#13 14.23 --   Found libavcodec, version 58.134.100
#13 14.24 --   Found libavformat, version 58.76.100
#13 14.25 --   Found libavutil, version 56.70.100
#13 14.26 --   Found libswscale, version 5.9.100
#13 14.28 -- Checking for module 'libavresample'
#13 14.29 --   No package 'libavresample' found
#13 14.60 -- Performing Test HAVE_CXX_WNO_UNDEF
#13 14.68 -- Performing Test HAVE_CXX_WNO_UNDEF - Success
#13 14.70 -- Performing Test HAVE_CXX_WNO_INCONSISTENT_MISSING_OVERRIDE
#13 14.78 -- Performing Test HAVE_CXX_WNO_INCONSISTENT_MISSING_OVERRIDE - Success
#13 14.79 -- Checking for module 'freetype2'
#13 14.79 --   No package 'freetype2' found
#13 14.79 -- Checking for module 'harfbuzz'
#13 14.79 --   No package 'harfbuzz' found
#13 14.79 -- freetype2:   NO
#13 14.79 -- harfbuzz:    NO
#13 14.83 -- Could NOT find HDF5 (missing: HDF5_LIBRARIES HDF5_INCLUDE_DIRS) (found version "")
#13 14.83 -- Julia not found. Not compiling Julia Bindings. 
#13 14.84 -- Module opencv_ovis disabled because OGRE3D was not found
#13 15.14 -- Checking SFM glog/gflags deps... TRUE
#13 15.16 -- Using whitelist: opencv_core;opencv_imgcodecs;opencv_imgproc;opencv_video;opencv_videoio
#13 15.16 -- Module opencv_calib3d disabled by whitelist
#13 15.16 -- Module opencv_dnn disabled by whitelist
#13 15.16 -- Module opencv_features2d disabled by whitelist
#13 15.16 -- Module opencv_flann disabled by whitelist
#13 15.16 -- Module opencv_highgui disabled by whitelist
#13 15.16 -- Module opencv_java_bindings_generator disabled by whitelist
#13 15.16 -- Module opencv_js_bindings_generator disabled by whitelist
#13 15.16 -- Module opencv_ml disabled by whitelist
#13 15.16 -- Module opencv_objc_bindings_generator disabled by whitelist
#13 15.16 -- Module opencv_objdetect disabled by whitelist
#13 15.16 -- Module opencv_photo disabled by whitelist
#13 15.16 -- Module opencv_python_bindings_generator disabled by whitelist
#13 15.16 -- Module opencv_python_tests disabled by whitelist
#13 15.16 -- Module opencv_stitching disabled by whitelist
#13 15.16 -- Module opencv_alphamat disabled by whitelist
#13 15.16 -- Module opencv_aruco disabled by whitelist
#13 15.16 -- Module opencv_bgsegm disabled by whitelist
#13 15.16 -- Module opencv_bioinspired disabled by whitelist
#13 15.16 -- Module opencv_ccalib disabled by whitelist
#13 15.16 -- Module opencv_datasets disabled by whitelist
#13 15.16 -- Module opencv_dnn_objdetect disabled by whitelist
#13 15.16 -- Module opencv_dnn_superres disabled by whitelist
#13 15.16 -- Module opencv_dpm disabled by whitelist
#13 15.16 -- Module opencv_face disabled by whitelist
#13 15.16 -- Module opencv_fuzzy disabled by whitelist
#13 15.16 -- Module opencv_hfs disabled by whitelist
#13 15.17 -- Module opencv_img_hash disabled by whitelist
#13 15.17 -- Module opencv_intensity_transform disabled by whitelist
#13 15.17 -- Module opencv_line_descriptor disabled by whitelist
#13 15.17 -- Module opencv_mcc disabled by whitelist
#13 15.17 -- Module opencv_optflow disabled by whitelist
#13 15.17 -- Module opencv_phase_unwrapping disabled by whitelist
#13 15.17 -- Module opencv_plot disabled by whitelist
#13 15.17 -- Module opencv_quality disabled by whitelist
#13 15.17 -- Module opencv_rapid disabled by whitelist
#13 15.17 -- Module opencv_reg disabled by whitelist
#13 15.17 -- Module opencv_rgbd disabled by whitelist
#13 15.17 -- Module opencv_saliency disabled by whitelist
#13 15.17 -- Module opencv_sfm disabled by whitelist
#13 15.17 -- Module opencv_shape disabled by whitelist
#13 15.17 -- Module opencv_stereo disabled by whitelist
#13 15.17 -- Module opencv_structured_light disabled by whitelist
#13 15.17 -- Module opencv_superres disabled by whitelist
#13 15.17 -- Module opencv_surface_matching disabled by whitelist
#13 15.17 -- Module opencv_text disabled by whitelist
#13 15.17 -- Module opencv_tracking disabled by whitelist
#13 15.17 -- Module opencv_videostab disabled by whitelist
#13 15.17 -- Module opencv_wechat_qrcode disabled by whitelist
#13 15.17 -- Module opencv_xfeatures2d disabled by whitelist
#13 15.17 -- Module opencv_ximgproc disabled by whitelist
#13 15.17 -- Module opencv_xobjdetect disabled by whitelist
#13 15.17 -- Module opencv_xphoto disabled by whitelist
#13 15.19 -- Allocator metrics storage type: 'long long'
#13 15.21 -- Excluding from source files list: modules/imgproc/src/imgwarp.lasx.cpp
#13 15.21 -- Excluding from source files list: modules/imgproc/src/resize.lasx.cpp
#13 15.22 -- Performing Test HAVE_CXX_WNO_DEPRECATED_DECLARATIONS
#13 15.52 -- Performing Test HAVE_CXX_WNO_DEPRECATED_DECLARATIONS - Success
#13 15.53 -- 
#13 15.53 -- General configuration for OpenCV 4.8.0 =====================================
#13 15.53 --   Version control:               unknown
#13 15.53 -- 
#13 15.53 --   Extra modules:
#13 15.53 --     Location (extra):            /root/dist/opencv_contrib-4.8.0/modules
#13 15.53 --     Version control (extra):     unknown
#13 15.53 -- 
#13 15.53 --   Platform:
#13 15.53 --     Timestamp:                   2024-12-27T15:59:30Z
#13 15.53 --     Host:                        Linux 5.15.167.4-microsoft-standard-WSL2 x86_64
#13 15.53 --     CMake:                       3.22.1
#13 15.53 --     CMake generator:             Unix Makefiles
#13 15.53 --     CMake build tool:            /usr/bin/gmake
#13 15.53 --     Configuration:               Release
#13 15.53 -- 
#13 15.53 --   CPU/HW features:
#13 15.53 --     Baseline:                    SSE SSE2 SSE3
#13 15.53 --       requested:                 SSE3
#13 15.53 --     Dispatched code generation:  SSE4_1 SSE4_2 FP16 AVX AVX2 AVX512_SKX
#13 15.53 --       requested:                 SSE4_1 SSE4_2 AVX FP16 AVX2 AVX512_SKX
#13 15.54 --       SSE4_1 (13 files):         + SSSE3 SSE4_1
#13 15.54 --       SSE4_2 (1 files):          + SSSE3 SSE4_1 POPCNT SSE4_2
#13 15.54 --       FP16 (0 files):            + SSSE3 SSE4_1 POPCNT SSE4_2 FP16 AVX
#13 15.54 --       AVX (3 files):             + SSSE3 SSE4_1 POPCNT SSE4_2 AVX
#13 15.54 --       AVX2 (25 files):           + SSSE3 SSE4_1 POPCNT SSE4_2 FP16 FMA3 AVX AVX2
#13 15.54 --       AVX512_SKX (2 files):      + SSSE3 SSE4_1 POPCNT SSE4_2 FP16 FMA3 AVX AVX2 AVX_512F AVX512_COMMON AVX512_SKX
#13 15.54 -- 
#13 15.54 --   C/C++:
#13 15.54 --     Built as dynamic libs?:      NO
#13 15.54 --     C++ standard:                11
#13 15.54 --     C++ Compiler:                /usr/bin/c++  (ver 14.0.0)
#13 15.54 --     C++ flags (Release):         -fsigned-char -W -Wall -Wreturn-type -Wnon-virtual-dtor -Waddress -Wsequence-point -Wformat -Wformat-security -Wmissing-declarations -Wmissing-prototypes -Wstrict-prototypes -Wundef -Winit-self -Wpointer-arith -Wshadow -Wsign-promo -Wuninitialized -Winconsistent-missing-override -Wno-delete-non-virtual-dtor -Wno-unnamed-type-template-args -Wno-comment -Wno-deprecated-enum-enum-conversion -Wno-deprecated-anon-enum-enum-conversion -fdiagnostics-show-option -Wno-long-long -pthread -Qunused-arguments -ffunction-sections -fdata-sections  -msse -msse2 -msse3 -fvisibility=hidden -fvisibility-inlines-hidden -O3 -DNDEBUG  -DNDEBUG
#13 15.54 --     C++ flags (Debug):           -fsigned-char -W -Wall -Wreturn-type -Wnon-virtual-dtor -Waddress -Wsequence-point -Wformat -Wformat-security -Wmissing-declarations -Wmissing-prototypes -Wstrict-prototypes -Wundef -Winit-self -Wpointer-arith -Wshadow -Wsign-promo -Wuninitialized -Winconsistent-missing-override -Wno-delete-non-virtual-dtor -Wno-unnamed-type-template-args -Wno-comment -Wno-deprecated-enum-enum-conversion -Wno-deprecated-anon-enum-enum-conversion -fdiagnostics-show-option -Wno-long-long -pthread -Qunused-arguments -ffunction-sections -fdata-sections  -msse -msse2 -msse3 -fvisibility=hidden -fvisibility-inlines-hidden -g  -O0 -DDEBUG -D_DEBUG
#13 15.54 --     C Compiler:                  /usr/bin/cc
#13 15.54 --     C flags (Release):           -fsigned-char -W -Wall -Wreturn-type -Waddress -Wsequence-point -Wformat -Wformat-security -Wmissing-declarations -Wmissing-prototypes -Wstrict-prototypes -Wundef -Winit-self -Wpointer-arith -Wshadow -Wuninitialized -Wno-comment -fdiagnostics-show-option -Wno-long-long -pthread -ffunction-sections -fdata-sections  -msse -msse2 -msse3 -fvisibility=hidden -O3 -DNDEBUG  -DNDEBUG
#13 15.54 --     C flags (Debug):             -fsigned-char -W -Wall -Wreturn-type -Waddress -Wsequence-point -Wformat -Wformat-security -Wmissing-declarations -Wmissing-prototypes -Wstrict-prototypes -Wundef -Winit-self -Wpointer-arith -Wshadow -Wuninitialized -Wno-comment -fdiagnostics-show-option -Wno-long-long -pthread -ffunction-sections -fdata-sections  -msse -msse2 -msse3 -fvisibility=hidden -g  -O0 -DDEBUG -D_DEBUG
#13 15.54 --     Linker flags (Release):      -Wl,--exclude-libs,libippicv.a -Wl,--exclude-libs,libippiw.a   -Wl,--gc-sections -Wl,--as-needed -Wl,--no-undefined  
#13 15.54 --     Linker flags (Debug):        -Wl,--exclude-libs,libippicv.a -Wl,--exclude-libs,libippiw.a   -Wl,--gc-sections -Wl,--as-needed -Wl,--no-undefined  
#13 15.54 --     ccache:                      NO
#13 15.54 --     Precompiled headers:         NO
#13 15.54 --     Extra dependencies:          va va-drm dl m pthread rt
#13 15.54 --     3rdparty dependencies:       libjpeg-turbo libpng libopenjp2 zlib ippiw ippicv
#13 15.54 -- 
#13 15.54 --   OpenCV modules:
#13 15.54 --     To be built:                 core imgcodecs imgproc video videoio
#13 15.54 --     Disabled:                    world
#13 15.54 --     Disabled by dependency:      alphamat aruco bgsegm bioinspired calib3d ccalib datasets dnn dnn_objdetect dnn_superres dpm face features2d flann fuzzy hfs highgui img_hash intensity_transform java_bindings_generator js_bindings_generator line_descriptor mcc ml objc_bindings_generator objdetect optflow phase_unwrapping photo plot python_bindings_generator python_tests quality rapid reg rgbd saliency sfm shape stereo stitching structured_light superres surface_matching text tracking videostab wechat_qrcode xfeatures2d ximgproc xobjdetect xphoto
#13 15.54 --     Unavailable:                 cudaarithm cudabgsegm cudacodec cudafeatures2d cudafilters cudaimgproc cudalegacy cudaobjdetect cudaoptflow cudastereo cudawarping cudev cvv freetype gapi hdf java julia matlab ovis python2 python3 ts viz
#13 15.54 --     Applications:                -
#13 15.54 --     Documentation:               NO
#13 15.54 --     Non-free algorithms:         NO
#13 15.54 -- 
#13 15.54 --   GUI: 
#13 15.54 -- 
#13 15.54 --   Media I/O: 
#13 15.54 --     ZLib:                        build (ver 1.2.13)
#13 15.54 --     JPEG:                        build-libjpeg-turbo (ver 2.1.3-62)
#13 15.54 --       SIMD Support Request:      YES
#13 15.54 --       SIMD Support:              NO
#13 15.54 --     PNG:                         build (ver 1.6.37)
#13 15.54 --     JPEG 2000:                   build (ver 2.5.0)
#13 15.54 --     HDR:                         NO
#13 15.54 --     SUNRASTER:                   NO
#13 15.54 --     PXM:                         NO
#13 15.54 --     PFM:                         NO
#13 15.54 -- 
#13 15.54 --   Video I/O:
#13 15.54 --     FFMPEG:                      YES
#13 15.54 --       avcodec:                   YES (58.134.100)
#13 15.54 --       avformat:                  YES (58.76.100)
#13 15.54 --       avutil:                    YES (56.70.100)
#13 15.54 --       swscale:                   YES (5.9.100)
#13 15.54 --       avresample:                NO
#13 15.54 -- 
#13 15.54 --   Parallel framework:            pthreads
#13 15.55 -- 
#13 15.55 --   Trace:                         YES (built-in)
#13 15.55 -- 
#13 15.55 --   Other third-party libraries:
#13 15.55 --     Intel IPP:                   2021.8 [2021.8.0]
#13 15.55 --            at:                   /root/build/3rdparty/ippicv/ippicv_lnx/icv
#13 15.55 --     Intel IPP IW:                sources (2021.8.0)
#13 15.55 --               at:                /root/build/3rdparty/ippicv/ippicv_lnx/iw
#13 15.55 --     VA:                          YES
#13 15.55 --     Eigen:                       YES (ver 3.4.0)
#13 15.55 --     Custom HAL:                  NO
#13 15.55 -- 
#13 15.55 --   Python (for build):            /usr/bin/python3
#13 15.55 -- 
#13 15.55 --   Install to:                    /opt/opencv
#13 15.55 -- -----------------------------------------------------------------
#13 15.55 -- 
#13 15.72 -- Configuring done
#13 15.85 -- Generating done
#13 15.86 -- Build files have been written to: /root/build
#13 15.89 + nproc
#13 15.89 + make -C /root/build -j16 install
#13 15.89 make: Entering directory '/root/build'
#13 15.91 make[1]: Entering directory '/root/build'
#13 15.91 make[2]: Entering directory '/root/build'
#13 15.91 make[2]: Entering directory '/root/build'
#13 15.91 make[2]: Entering directory '/root/build'
#13 15.91 make[2]: Entering directory '/root/build'
#13 15.91 make[2]: Entering directory '/root/build'
#13 15.91 make[2]: Entering directory '/root/build'
#13 15.91 make[2]: Entering directory '/root/build'
#13 15.92 make[2]: Leaving directory '/root/build'
#13 15.92 make[2]: Leaving directory '/root/build'
#13 15.92 make[2]: Leaving directory '/root/build'
#13 15.92 make[2]: Leaving directory '/root/build'
#13 15.92 make[2]: Leaving directory '/root/build'
#13 15.92 make[2]: Leaving directory '/root/build'
#13 15.92 make[2]: Leaving directory '/root/build'
#13 15.92 make[2]: Entering directory '/root/build'
#13 15.92 make[2]: Entering directory '/root/build'
#13 15.92 make[2]: Entering directory '/root/build'
#13 15.92 make[2]: Entering directory '/root/build'
#13 15.93 [  1%] Built target opencv_dnn_plugins
#13 15.93 [  1%] Built target opencv_highgui_plugins
#13 15.93 [  1%] Built target opencv_videoio_plugins
#13 15.93 [  1%] Building C object 3rdparty/openjpeg/openjp2/CMakeFiles/libopenjp2.dir/thread.c.o
#13 15.93 [  2%] Building C object 3rdparty/libjpeg-turbo/CMakeFiles/jsimd.dir/src/jsimd_none.c.o
#13 15.93 [  2%] Building C object 3rdparty/openjpeg/openjp2/CMakeFiles/libopenjp2.dir/dwt.c.o
#13 15.93 [  2%] Building C object 3rdparty/ippiw/CMakeFiles/ippiw.dir/src/iw_image_color_convert_all.c.o
#13 15.93 [  2%] Building C object 3rdparty/ippiw/CMakeFiles/ippiw.dir/src/iw_core.c.o
#13 15.93 [  2%] Building C object 3rdparty/openjpeg/openjp2/CMakeFiles/libopenjp2.dir/cio.c.o
#13 15.93 [  2%] Building C object 3rdparty/ippiw/CMakeFiles/ippiw.dir/src/iw_image.c.o
#13 15.93 [  2%] Building C object 3rdparty/openjpeg/openjp2/CMakeFiles/libopenjp2.dir/ht_dec.c.o
#13 15.93 [  2%] Building C object 3rdparty/openjpeg/openjp2/CMakeFiles/libopenjp2.dir/bio.c.o
#13 15.93 [  2%] Building C object 3rdparty/zlib/CMakeFiles/zlib.dir/adler32.c.o
#13 15.93 [  2%] Building C object 3rdparty/openjpeg/openjp2/CMakeFiles/libopenjp2.dir/image.c.o
#13 15.93 [  3%] Building C object 3rdparty/ippiw/CMakeFiles/ippiw.dir/src/iw_image_color_convert_rgbs.c.o
#13 15.93 [  3%] Building C object 3rdparty/openjpeg/openjp2/CMakeFiles/libopenjp2.dir/event.c.o
#13 15.94 [  3%] Building C object 3rdparty/openjpeg/openjp2/CMakeFiles/libopenjp2.dir/invert.c.o
#13 15.94 [  4%] Building C object 3rdparty/ippiw/CMakeFiles/ippiw.dir/src/iw_image_filter_bilateral.c.o
#13 15.94 [  4%] Building C object 3rdparty/zlib/CMakeFiles/zlib.dir/compress.c.o
#13 15.99 [  4%] Building C object 3rdparty/zlib/CMakeFiles/zlib.dir/crc32.c.o
#13 16.00 [  5%] Building C object 3rdparty/openjpeg/openjp2/CMakeFiles/libopenjp2.dir/j2k.c.o
#13 16.01 make[2]: Leaving directory '/root/build'
#13 16.02 [  5%] Built target jsimd
#13 16.02 [  5%] Building C object 3rdparty/openjpeg/openjp2/CMakeFiles/libopenjp2.dir/jp2.c.o
#13 16.03 make[2]: Entering directory '/root/build'
#13 16.04 make[2]: Leaving directory '/root/build'
#13 16.04 make[2]: Entering directory '/root/build'
#13 16.04 [  5%] Building C object 3rdparty/ippiw/CMakeFiles/ippiw.dir/src/iw_image_filter_canny.c.o
#13 16.04 [  5%] Building C object 3rdparty/ippiw/CMakeFiles/ippiw.dir/src/iw_image_filter_box.c.o
#13 16.04 [  5%] Building C object 3rdparty/zlib/CMakeFiles/zlib.dir/gzclose.c.o
#13 16.04 [  6%] Building C object 3rdparty/zlib/CMakeFiles/zlib.dir/deflate.c.o
#13 16.05 [  6%] Building C object 3rdparty/libjpeg-turbo/CMakeFiles/libjpeg-turbo.dir/src/jcapimin.c.o
#13 16.06 [  6%] Building C object 3rdparty/openjpeg/openjp2/CMakeFiles/libopenjp2.dir/mct.c.o
#13 16.09 [  6%] Building C object 3rdparty/openjpeg/openjp2/CMakeFiles/libopenjp2.dir/mqc.c.o
#13 16.10 [  6%] Building C object 3rdparty/zlib/CMakeFiles/zlib.dir/gzlib.c.o
#13 16.11 [  6%] Building C object 3rdparty/ippiw/CMakeFiles/ippiw.dir/src/iw_image_filter_gaussian.c.o
#13 16.11 [  7%] Building C object 3rdparty/openjpeg/openjp2/CMakeFiles/libopenjp2.dir/openjpeg.c.o
#13 16.14 [  7%] Building C object 3rdparty/openjpeg/openjp2/CMakeFiles/libopenjp2.dir/opj_clock.c.o
#13 16.16 [  8%] Building C object 3rdparty/ippiw/CMakeFiles/ippiw.dir/src/iw_image_filter_general.c.o
#13 16.16 [  8%] Building C object 3rdparty/libjpeg-turbo/CMakeFiles/libjpeg-turbo.dir/src/jcapistd.c.o
#13 16.18 [  8%] Building C object 3rdparty/zlib/CMakeFiles/zlib.dir/gzread.c.o
#13 16.20 [  8%] Building C object 3rdparty/openjpeg/openjp2/CMakeFiles/libopenjp2.dir/pi.c.o
#13 16.21 [  8%] Building C object 3rdparty/ippiw/CMakeFiles/ippiw.dir/src/iw_image_filter_laplacian.c.o
#13 16.23 [  8%] Building C object 3rdparty/libjpeg-turbo/CMakeFiles/libjpeg-turbo.dir/src/jccoefct.c.o
#13 16.24 [  8%] Building C object 3rdparty/openjpeg/openjp2/CMakeFiles/libopenjp2.dir/t1.c.o
#13 16.25 [  9%] Building C object 3rdparty/libjpeg-turbo/CMakeFiles/libjpeg-turbo.dir/src/jccolor.c.o
#13 16.25 [ 10%] Building C object 3rdparty/zlib/CMakeFiles/zlib.dir/gzwrite.c.o
#13 16.29 [ 11%] Building C object 3rdparty/openjpeg/openjp2/CMakeFiles/libopenjp2.dir/t2.c.o
#13 16.31 [ 11%] Building C object 3rdparty/ippiw/CMakeFiles/ippiw.dir/src/iw_image_filter_morphology.c.o
#13 16.32 [ 11%] Building C object 3rdparty/ippiw/CMakeFiles/ippiw.dir/src/iw_image_filter_scharr.c.o
#13 16.32 [ 12%] Building C object 3rdparty/ippiw/CMakeFiles/ippiw.dir/src/iw_image_filter_sobel.c.o
#13 16.35 [ 12%] Building C object 3rdparty/zlib/CMakeFiles/zlib.dir/inflate.c.o
#13 16.39 [ 12%] Building C object 3rdparty/ippiw/CMakeFiles/ippiw.dir/src/iw_image_op_copy.c.o
#13 16.39 [ 12%] Building C object 3rdparty/libjpeg-turbo/CMakeFiles/libjpeg-turbo.dir/src/jcdctmgr.c.o
#13 16.46 [ 12%] Building C object 3rdparty/ippiw/CMakeFiles/ippiw.dir/src/iw_image_op_copy_channel.c.o
#13 16.47 [ 12%] Building C object 3rdparty/libjpeg-turbo/CMakeFiles/libjpeg-turbo.dir/src/jchuff.c.o
#13 16.48 [ 12%] Building C object 3rdparty/ippiw/CMakeFiles/ippiw.dir/src/iw_image_op_copy_make_border.c.o
#13 16.49 [ 13%] Building C object 3rdparty/ippiw/CMakeFiles/ippiw.dir/src/iw_image_op_copy_merge.c.o
#13 16.54 [ 13%] Building C object 3rdparty/ippiw/CMakeFiles/ippiw.dir/src/iw_image_op_copy_split.c.o
#13 16.57 [ 13%] Building C object 3rdparty/openjpeg/openjp2/CMakeFiles/libopenjp2.dir/tcd.c.o
#13 16.58 [ 13%] Building C object 3rdparty/openjpeg/openjp2/CMakeFiles/libopenjp2.dir/tgt.c.o
#13 16.63 [ 13%] Building C object 3rdparty/ippiw/CMakeFiles/ippiw.dir/src/iw_image_op_scale.c.o
#13 16.67 [ 13%] Building C object 3rdparty/libjpeg-turbo/CMakeFiles/libjpeg-turbo.dir/src/jcicc.c.o
#13 16.68 [ 13%] Building C object 3rdparty/ippiw/CMakeFiles/ippiw.dir/src/iw_image_op_set.c.o
#13 16.75 [ 13%] Building C object 3rdparty/openjpeg/openjp2/CMakeFiles/libopenjp2.dir/function_list.c.o
#13 16.77 [ 14%] Building C object 3rdparty/libjpeg-turbo/CMakeFiles/libjpeg-turbo.dir/src/jcinit.c.o
#13 16.78 [ 15%] Building C object 3rdparty/openjpeg/openjp2/CMakeFiles/libopenjp2.dir/opj_malloc.c.o
#13 16.81 [ 16%] Building C object 3rdparty/ippiw/CMakeFiles/ippiw.dir/src/iw_image_op_set_channel.c.o
#13 16.84 [ 16%] Building C object 3rdparty/openjpeg/openjp2/CMakeFiles/libopenjp2.dir/sparse_array.c.o
#13 16.84 [ 16%] Building C object 3rdparty/zlib/CMakeFiles/zlib.dir/infback.c.o
#13 16.84 [ 16%] Building C object 3rdparty/libjpeg-turbo/CMakeFiles/libjpeg-turbo.dir/src/jcmainct.c.o
#13 16.86 [ 16%] Building C object 3rdparty/zlib/CMakeFiles/zlib.dir/inftrees.c.o
#13 16.90 [ 16%] Building C object 3rdparty/libjpeg-turbo/CMakeFiles/libjpeg-turbo.dir/src/jcmarker.c.o
#13 16.92 [ 17%] Building C object 3rdparty/zlib/CMakeFiles/zlib.dir/inffast.c.o
#13 16.92 [ 17%] Building C object 3rdparty/libjpeg-turbo/CMakeFiles/libjpeg-turbo.dir/src/jcmaster.c.o
#13 16.97 [ 17%] Building C object 3rdparty/ippiw/CMakeFiles/ippiw.dir/src/iw_image_op_swap_channels.c.o
#13 17.06 [ 17%] Building C object 3rdparty/ippiw/CMakeFiles/ippiw.dir/src/iw_image_transform_mirror.c.o
#13 17.06 [ 17%] Building C object 3rdparty/ippiw/CMakeFiles/ippiw.dir/src/iw_image_transform_resize.c.o
#13 17.11 [ 18%] Building C object 3rdparty/libjpeg-turbo/CMakeFiles/libjpeg-turbo.dir/src/jcomapi.c.o
#13 17.11 [ 18%] Building C object 3rdparty/zlib/CMakeFiles/zlib.dir/trees.c.o
#13 17.15 [ 18%] Building C object 3rdparty/zlib/CMakeFiles/zlib.dir/uncompr.c.o
#13 17.17 [ 18%] Building C object 3rdparty/libjpeg-turbo/CMakeFiles/libjpeg-turbo.dir/src/jcparam.c.o
#13 17.18 [ 18%] Building C object 3rdparty/libjpeg-turbo/CMakeFiles/libjpeg-turbo.dir/src/jcphuff.c.o
#13 17.19 [ 19%] Building C object 3rdparty/ippiw/CMakeFiles/ippiw.dir/src/iw_image_transform_rotate.c.o
#13 17.20 [ 19%] Building C object 3rdparty/ippiw/CMakeFiles/ippiw.dir/src/iw_image_transform_warpaffine.c.o
#13 17.21 [ 19%] Building C object 3rdparty/zlib/CMakeFiles/zlib.dir/zutil.c.o
#13 17.22 [ 19%] Building C object 3rdparty/libjpeg-turbo/CMakeFiles/libjpeg-turbo.dir/src/jcprepct.c.o
#13 17.26 [ 20%] Building C object 3rdparty/libjpeg-turbo/CMakeFiles/libjpeg-turbo.dir/src/jcsample.c.o
#13 17.28 [ 20%] Building C object 3rdparty/libjpeg-turbo/CMakeFiles/libjpeg-turbo.dir/src/jctrans.c.o
#13 17.29 [ 20%] Building C object 3rdparty/ippiw/CMakeFiles/ippiw.dir/src/iw_own.c.o
#13 17.32 [ 20%] Building C object 3rdparty/libjpeg-turbo/CMakeFiles/libjpeg-turbo.dir/src/jdapimin.c.o
#13 17.33 [ 20%] Building C object 3rdparty/libjpeg-turbo/CMakeFiles/libjpeg-turbo.dir/src/jdapistd.c.o
#13 17.37 [ 21%] Building C object 3rdparty/libjpeg-turbo/CMakeFiles/libjpeg-turbo.dir/src/jdatadst.c.o
#13 17.41 [ 21%] Building C object 3rdparty/libjpeg-turbo/CMakeFiles/libjpeg-turbo.dir/src/jdatasrc.c.o
#13 17.41 [ 21%] Building C object 3rdparty/libjpeg-turbo/CMakeFiles/libjpeg-turbo.dir/src/jdcoefct.c.o
#13 17.43 [ 21%] Building C object 3rdparty/libjpeg-turbo/CMakeFiles/libjpeg-turbo.dir/src/jdcolor.c.o
#13 17.43 [ 22%] Building C object 3rdparty/libjpeg-turbo/CMakeFiles/libjpeg-turbo.dir/src/jddctmgr.c.o
#13 17.45 [ 22%] Building C object 3rdparty/libjpeg-turbo/CMakeFiles/libjpeg-turbo.dir/src/jdhuff.c.o
#13 17.49 [ 22%] Building C object 3rdparty/libjpeg-turbo/CMakeFiles/libjpeg-turbo.dir/src/jdicc.c.o
#13 17.52 [ 22%] Linking C static library ../lib/libippiw.a
#13 17.53 [ 23%] Building C object 3rdparty/libjpeg-turbo/CMakeFiles/libjpeg-turbo.dir/src/jdmainct.c.o
#13 17.53 [ 23%] Building C object 3rdparty/libjpeg-turbo/CMakeFiles/libjpeg-turbo.dir/src/jdinput.c.o
#13 17.61 [ 23%] Building C object 3rdparty/libjpeg-turbo/CMakeFiles/libjpeg-turbo.dir/src/jdmarker.c.o
#13 17.61 make[2]: Leaving directory '/root/build'
#13 17.63 [ 24%] Linking C static library ../lib/libzlib.a
#13 17.63 [ 23%] Built target ippiw
#13 17.63 [ 24%] Building C object 3rdparty/libjpeg-turbo/CMakeFiles/libjpeg-turbo.dir/src/jdmaster.c.o
#13 17.64 [ 24%] Building C object 3rdparty/libjpeg-turbo/CMakeFiles/libjpeg-turbo.dir/src/jdmerge.c.o
#13 17.64 [ 25%] Building C object 3rdparty/libjpeg-turbo/CMakeFiles/libjpeg-turbo.dir/src/jdphuff.c.o
#13 17.67 [ 25%] Building C object 3rdparty/libjpeg-turbo/CMakeFiles/libjpeg-turbo.dir/src/jdpostct.c.o
#13 17.75 make[2]: Leaving directory '/root/build'
#13 17.76 [ 25%] Built target zlib
#13 17.77 make[2]: Entering directory '/root/build'
#13 17.77 [ 25%] Building C object 3rdparty/libjpeg-turbo/CMakeFiles/libjpeg-turbo.dir/src/jdsample.c.o
#13 17.77 [ 25%] Building C object 3rdparty/libjpeg-turbo/CMakeFiles/libjpeg-turbo.dir/src/jdtrans.c.o
#13 17.78 [ 25%] Processing OpenCL kernels (core)
#13 17.83 make[2]: Leaving directory '/root/build'
#13 17.83 make[2]: Entering directory '/root/build'
#13 17.84 [ 25%] Building CXX object modules/core/CMakeFiles/opencv_core.dir/src/algorithm.cpp.o
#13 17.84 [ 26%] Building C object 3rdparty/libjpeg-turbo/CMakeFiles/libjpeg-turbo.dir/src/jerror.c.o
#13 17.86 [ 26%] Building C object 3rdparty/libjpeg-turbo/CMakeFiles/libjpeg-turbo.dir/src/jfdctflt.c.o
#13 17.86 [ 26%] Building C object 3rdparty/libjpeg-turbo/CMakeFiles/libjpeg-turbo.dir/src/jfdctfst.c.o
#13 17.90 [ 26%] Building C object 3rdparty/libjpeg-turbo/CMakeFiles/libjpeg-turbo.dir/src/jfdctint.c.o
#13 17.93 [ 26%] Building C object 3rdparty/libjpeg-turbo/CMakeFiles/libjpeg-turbo.dir/src/jidctflt.c.o
#13 17.94 [ 27%] Building C object 3rdparty/libjpeg-turbo/CMakeFiles/libjpeg-turbo.dir/src/jidctfst.c.o
#13 17.95 [ 27%] Building C object 3rdparty/libjpeg-turbo/CMakeFiles/libjpeg-turbo.dir/src/jidctint.c.o
#13 17.97 [ 27%] Building C object 3rdparty/libjpeg-turbo/CMakeFiles/libjpeg-turbo.dir/src/jidctred.c.o
#13 18.02 [ 27%] Building C object 3rdparty/libjpeg-turbo/CMakeFiles/libjpeg-turbo.dir/src/jquant1.c.o
#13 18.03 [ 28%] Building C object 3rdparty/libjpeg-turbo/CMakeFiles/libjpeg-turbo.dir/src/jquant2.c.o
#13 18.04 [ 28%] Building C object 3rdparty/libjpeg-turbo/CMakeFiles/libjpeg-turbo.dir/src/jutils.c.o
#13 18.04 [ 28%] Building C object 3rdparty/libjpeg-turbo/CMakeFiles/libjpeg-turbo.dir/src/jmemmgr.c.o
#13 18.09 [ 28%] Building C object 3rdparty/libjpeg-turbo/CMakeFiles/libjpeg-turbo.dir/src/jmemnobs.c.o
#13 18.10 make[2]: Entering directory '/root/build'
#13 18.11 make[2]: Leaving directory '/root/build'
#13 18.11 [ 29%] Building C object 3rdparty/libjpeg-turbo/CMakeFiles/libjpeg-turbo.dir/src/jaricom.c.o
#13 18.12 make[2]: Entering directory '/root/build'
#13 18.13 [ 29%] Building C object 3rdparty/libjpeg-turbo/CMakeFiles/libjpeg-turbo.dir/src/jcarith.c.o
#13 18.13 [ 29%] Building C object 3rdparty/libpng/CMakeFiles/libpng.dir/png.c.o
#13 18.17 [ 29%] Building C object 3rdparty/libjpeg-turbo/CMakeFiles/libjpeg-turbo.dir/src/jdarith.c.o
#13 18.17 [ 30%] Building C object 3rdparty/libpng/CMakeFiles/libpng.dir/pngerror.c.o
#13 18.19 [ 30%] Building C object 3rdparty/libpng/CMakeFiles/libpng.dir/pngget.c.o
#13 18.27 [ 30%] Building C object 3rdparty/libpng/CMakeFiles/libpng.dir/pngmem.c.o
#13 18.31 [ 30%] Building C object 3rdparty/libpng/CMakeFiles/libpng.dir/pngpread.c.o
#13 18.39 [ 31%] Building C object 3rdparty/libpng/CMakeFiles/libpng.dir/pngread.c.o
#13 18.41 [ 31%] Building C object 3rdparty/libpng/CMakeFiles/libpng.dir/pngrio.c.o
#13 18.43 [ 31%] Building C object 3rdparty/libpng/CMakeFiles/libpng.dir/pngrtran.c.o
#13 18.43 [ 31%] Building C object 3rdparty/libpng/CMakeFiles/libpng.dir/pngrutil.c.o
#13 18.46 [ 32%] Building C object 3rdparty/libpng/CMakeFiles/libpng.dir/pngset.c.o
#13 18.49 [ 32%] Building C object 3rdparty/libpng/CMakeFiles/libpng.dir/pngtrans.c.o
#13 18.52 [ 32%] Building C object 3rdparty/libpng/CMakeFiles/libpng.dir/pngwio.c.o
#13 18.58 [ 32%] Building C object 3rdparty/libpng/CMakeFiles/libpng.dir/pngwrite.c.o
#13 18.61 [ 33%] Building C object 3rdparty/libpng/CMakeFiles/libpng.dir/pngwtran.c.o
#13 18.66 [ 33%] Building C object 3rdparty/libpng/CMakeFiles/libpng.dir/pngwutil.c.o
#13 18.68 [ 33%] Building C object 3rdparty/libpng/CMakeFiles/libpng.dir/intel/intel_init.c.o
#13 18.75 [ 33%] Building C object 3rdparty/libpng/CMakeFiles/libpng.dir/intel/filter_sse2_intrinsics.c.o
#13 18.81 [ 33%] Building CXX object modules/core/CMakeFiles/opencv_core.dir/src/alloc.cpp.o
#13 18.82 [ 34%] Building CXX object modules/core/CMakeFiles/opencv_core.dir/src/arithm.cpp.o
#13 18.85 [ 34%] Building CXX object modules/core/CMakeFiles/opencv_core.dir/src/arithm.dispatch.cpp.o
#13 18.91 [ 34%] Building CXX object modules/core/CMakeFiles/opencv_core.dir/src/array.cpp.o
#13 18.99 [ 34%] Building CXX object modules/core/CMakeFiles/opencv_core.dir/src/async.cpp.o
#13 19.12 [ 35%] Building CXX object modules/core/CMakeFiles/opencv_core.dir/src/batch_distance.cpp.o
#13 19.23 [ 35%] Building CXX object modules/core/CMakeFiles/opencv_core.dir/src/bindings_utils.cpp.o
#13 19.24 [ 35%] Building CXX object modules/core/CMakeFiles/opencv_core.dir/src/buffer_area.cpp.o
#13 19.31 [ 35%] Building CXX object modules/core/CMakeFiles/opencv_core.dir/src/channels.cpp.o
#13 19.33 [ 36%] Building CXX object modules/core/CMakeFiles/opencv_core.dir/src/check.cpp.o
#13 19.65 [ 36%] Building CXX object modules/core/CMakeFiles/opencv_core.dir/src/command_line_parser.cpp.o
#13 19.85 [ 36%] Building CXX object modules/core/CMakeFiles/opencv_core.dir/src/conjugate_gradient.cpp.o
#13 20.33 [ 37%] Linking C static library ../lib/liblibpng.a
#13 20.41 make[2]: Leaving directory '/root/build'
#13 20.43 [ 37%] Built target libpng
#13 20.44 [ 37%] Building CXX object modules/core/CMakeFiles/opencv_core.dir/src/convert.dispatch.cpp.o
#13 21.12 [ 37%] Building CXX object modules/core/CMakeFiles/opencv_core.dir/src/convert_c.cpp.o
#13 21.80 [ 38%] Building CXX object modules/core/CMakeFiles/opencv_core.dir/src/convert_scale.dispatch.cpp.o
#13 21.81 [ 38%] Building CXX object modules/core/CMakeFiles/opencv_core.dir/src/copy.cpp.o
#13 21.88 [ 38%] Linking C static library ../../lib/liblibopenjp2.a
#13 21.96 make[2]: Leaving directory '/root/build'
#13 21.97 [ 38%] Built target libopenjp2
#13 21.99 [ 38%] Building CXX object modules/core/CMakeFiles/opencv_core.dir/src/count_non_zero.dispatch.cpp.o
#13 22.45 [ 38%] Building CXX object modules/core/CMakeFiles/opencv_core.dir/src/cuda_gpu_mat.cpp.o
#13 22.56 [ 39%] Building CXX object modules/core/CMakeFiles/opencv_core.dir/src/cuda_gpu_mat_nd.cpp.o
#13 22.60 [ 39%] Building CXX object modules/core/CMakeFiles/opencv_core.dir/src/cuda_host_mem.cpp.o
#13 22.76 [ 39%] Building CXX object modules/core/CMakeFiles/opencv_core.dir/src/cuda_info.cpp.o
#13 22.83 [ 39%] Building CXX object modules/core/CMakeFiles/opencv_core.dir/src/cuda_stream.cpp.o
#13 23.04 [ 40%] Building CXX object modules/core/CMakeFiles/opencv_core.dir/src/datastructs.cpp.o
#13 23.27 [ 40%] Building CXX object modules/core/CMakeFiles/opencv_core.dir/src/directx.cpp.o
#13 23.29 [ 40%] Building CXX object modules/core/CMakeFiles/opencv_core.dir/src/downhill_simplex.cpp.o
#13 23.97 [ 40%] Building CXX object modules/core/CMakeFiles/opencv_core.dir/src/dxt.cpp.o
#13 24.05 [ 40%] Linking C static library ../lib/liblibjpeg-turbo.a
#13 24.15 make[2]: Leaving directory '/root/build'
#13 24.17 [ 40%] Built target libjpeg-turbo
#13 24.18 [ 41%] Building CXX object modules/core/CMakeFiles/opencv_core.dir/src/gl_core_3_1.cpp.o
#13 24.40 [ 41%] Building CXX object modules/core/CMakeFiles/opencv_core.dir/src/glob.cpp.o
#13 25.40 [ 41%] Building CXX object modules/core/CMakeFiles/opencv_core.dir/src/hal_internal.cpp.o
#13 25.51 [ 41%] Building CXX object modules/core/CMakeFiles/opencv_core.dir/src/has_non_zero.dispatch.cpp.o
#13 25.58 [ 42%] Building CXX object modules/core/CMakeFiles/opencv_core.dir/src/kmeans.cpp.o
#13 25.65 [ 42%] Building CXX object modules/core/CMakeFiles/opencv_core.dir/src/lapack.cpp.o
#13 25.69 [ 42%] Building CXX object modules/core/CMakeFiles/opencv_core.dir/src/lda.cpp.o
#13 25.80 [ 42%] Building CXX object modules/core/CMakeFiles/opencv_core.dir/src/logger.cpp.o
#13 25.84 [ 43%] Building CXX object modules/core/CMakeFiles/opencv_core.dir/src/lpsolver.cpp.o
#13 26.12 [ 43%] Building CXX object modules/core/CMakeFiles/opencv_core.dir/src/lut.cpp.o
#13 26.28 [ 43%] Building CXX object modules/core/CMakeFiles/opencv_core.dir/src/mathfuncs.cpp.o
#13 26.55 [ 43%] Building CXX object modules/core/CMakeFiles/opencv_core.dir/src/mathfuncs_core.dispatch.cpp.o
#13 26.80 [ 44%] Building CXX object modules/core/CMakeFiles/opencv_core.dir/src/matmul.dispatch.cpp.o
#13 27.54 [ 44%] Building CXX object modules/core/CMakeFiles/opencv_core.dir/src/matrix.cpp.o
#13 27.76 [ 44%] Building CXX object modules/core/CMakeFiles/opencv_core.dir/src/matrix_c.cpp.o
#13 27.77 [ 44%] Building CXX object modules/core/CMakeFiles/opencv_core.dir/src/matrix_decomp.cpp.o
#13 28.38 [ 45%] Building CXX object modules/core/CMakeFiles/opencv_core.dir/src/matrix_expressions.cpp.o
#13 28.54 [ 45%] Building CXX object modules/core/CMakeFiles/opencv_core.dir/src/matrix_iterator.cpp.o
#13 29.00 [ 45%] Building CXX object modules/core/CMakeFiles/opencv_core.dir/src/matrix_operations.cpp.o
#13 29.06 [ 45%] Building CXX object modules/core/CMakeFiles/opencv_core.dir/src/matrix_sparse.cpp.o
#13 29.30 [ 46%] Building CXX object modules/core/CMakeFiles/opencv_core.dir/src/matrix_transform.cpp.o
#13 29.37 [ 46%] Building CXX object modules/core/CMakeFiles/opencv_core.dir/src/matrix_wrap.cpp.o
#13 29.78 [ 46%] Building CXX object modules/core/CMakeFiles/opencv_core.dir/src/mean.dispatch.cpp.o
#13 29.94 [ 46%] Building CXX object modules/core/CMakeFiles/opencv_core.dir/src/merge.dispatch.cpp.o
#13 30.24 [ 47%] Building CXX object modules/core/CMakeFiles/opencv_core.dir/src/minmax.cpp.o
#13 30.40 [ 47%] Building CXX object modules/core/CMakeFiles/opencv_core.dir/src/norm.cpp.o
#13 30.60 [ 47%] Building CXX object modules/core/CMakeFiles/opencv_core.dir/src/ocl.cpp.o
#13 31.12 [ 47%] Building CXX object modules/core/CMakeFiles/opencv_core.dir/src/opencl/runtime/opencl_clblas.cpp.o
#13 31.44 [ 48%] Building CXX object modules/core/CMakeFiles/opencv_core.dir/src/opencl/runtime/opencl_clfft.cpp.o
#13 31.48 [ 48%] Building CXX object modules/core/CMakeFiles/opencv_core.dir/src/opencl/runtime/opencl_core.cpp.o
#13 31.57 [ 48%] Building CXX object modules/core/CMakeFiles/opencv_core.dir/src/opengl.cpp.o
#13 32.59 [ 48%] Building CXX object modules/core/CMakeFiles/opencv_core.dir/src/out.cpp.o
#13 33.35 [ 49%] Building CXX object modules/core/CMakeFiles/opencv_core.dir/src/ovx.cpp.o
#13 33.70 [ 49%] Building CXX object modules/core/CMakeFiles/opencv_core.dir/src/parallel.cpp.o
#13 33.71 [ 49%] Building CXX object modules/core/CMakeFiles/opencv_core.dir/src/parallel/parallel.cpp.o
#13 33.86 [ 49%] Building CXX object modules/core/CMakeFiles/opencv_core.dir/src/parallel/parallel_openmp.cpp.o
#13 34.01 [ 50%] Building CXX object modules/core/CMakeFiles/opencv_core.dir/src/parallel/parallel_tbb.cpp.o
#13 34.26 [ 50%] Building CXX object modules/core/CMakeFiles/opencv_core.dir/src/parallel_impl.cpp.o
#13 34.30 [ 50%] Building CXX object modules/core/CMakeFiles/opencv_core.dir/src/pca.cpp.o
#13 34.35 [ 50%] Building CXX object modules/core/CMakeFiles/opencv_core.dir/src/persistence.cpp.o
#13 34.37 [ 51%] Building CXX object modules/core/CMakeFiles/opencv_core.dir/src/persistence_base64_encoding.cpp.o
#13 34.56 [ 51%] Building CXX object modules/core/CMakeFiles/opencv_core.dir/src/persistence_json.cpp.o
#13 35.14 [ 51%] Building CXX object modules/core/CMakeFiles/opencv_core.dir/src/persistence_types.cpp.o
#13 35.17 [ 51%] Building CXX object modules/core/CMakeFiles/opencv_core.dir/src/persistence_xml.cpp.o
#13 36.25 [ 52%] Building CXX object modules/core/CMakeFiles/opencv_core.dir/src/persistence_yml.cpp.o
#13 36.35 [ 52%] Building CXX object modules/core/CMakeFiles/opencv_core.dir/src/rand.cpp.o
#13 36.72 [ 52%] Building CXX object modules/core/CMakeFiles/opencv_core.dir/src/softfloat.cpp.o
#13 36.92 [ 52%] Building CXX object modules/core/CMakeFiles/opencv_core.dir/src/split.dispatch.cpp.o
#13 36.99 [ 53%] Building CXX object modules/core/CMakeFiles/opencv_core.dir/src/stat.dispatch.cpp.o
#13 37.24 [ 53%] Building CXX object modules/core/CMakeFiles/opencv_core.dir/src/stat_c.cpp.o
#13 37.43 [ 53%] Building CXX object modules/core/CMakeFiles/opencv_core.dir/src/stl.cpp.o
#13 37.77 [ 53%] Building CXX object modules/core/CMakeFiles/opencv_core.dir/src/sum.dispatch.cpp.o
#13 37.90 [ 54%] Building CXX object modules/core/CMakeFiles/opencv_core.dir/src/system.cpp.o
#13 38.13 [ 54%] Building CXX object modules/core/CMakeFiles/opencv_core.dir/src/tables.cpp.o
#13 38.72 [ 54%] Building CXX object modules/core/CMakeFiles/opencv_core.dir/src/trace.cpp.o
#13 38.93 [ 54%] Building CXX object modules/core/CMakeFiles/opencv_core.dir/src/types.cpp.o
#13 38.99 [ 54%] Building CXX object modules/core/CMakeFiles/opencv_core.dir/src/umatrix.cpp.o
#13 39.65 [ 55%] Building CXX object modules/core/CMakeFiles/opencv_core.dir/src/utils/datafile.cpp.o
#13 40.04 [ 55%] Building CXX object modules/core/CMakeFiles/opencv_core.dir/src/utils/filesystem.cpp.o
#13 40.26 [ 55%] Building CXX object modules/core/CMakeFiles/opencv_core.dir/src/utils/logtagconfigparser.cpp.o
#13 40.34 [ 55%] Building CXX object modules/core/CMakeFiles/opencv_core.dir/src/utils/logtagmanager.cpp.o
#13 40.84 [ 56%] Building CXX object modules/core/CMakeFiles/opencv_core.dir/src/utils/samples.cpp.o
#13 40.91 [ 56%] Building CXX object modules/core/CMakeFiles/opencv_core.dir/src/va_intel.cpp.o
#13 40.91 [ 56%] Building CXX object modules/core/CMakeFiles/opencv_core.dir/opencl_kernels_core.cpp.o
#13 40.99 [ 56%] Building CXX object modules/core/CMakeFiles/opencv_core.dir/arithm.sse4_1.cpp.o
#13 41.19 [ 57%] Building CXX object modules/core/CMakeFiles/opencv_core.dir/matmul.sse4_1.cpp.o
#13 41.62 [ 57%] Building CXX object modules/core/CMakeFiles/opencv_core.dir/stat.sse4_2.cpp.o
#13 41.92 [ 57%] Building CXX object modules/core/CMakeFiles/opencv_core.dir/mathfuncs_core.avx.cpp.o
#13 42.17 [ 57%] Building CXX object modules/core/CMakeFiles/opencv_core.dir/mathfuncs_core.avx2.cpp.o
#13 42.59 [ 58%] Building CXX object modules/core/CMakeFiles/opencv_core.dir/stat.avx2.cpp.o
#13 42.63 [ 58%] Building CXX object modules/core/CMakeFiles/opencv_core.dir/arithm.avx2.cpp.o
#13 42.77 [ 58%] Building CXX object modules/core/CMakeFiles/opencv_core.dir/convert.avx2.cpp.o
#13 43.03 [ 58%] Building CXX object modules/core/CMakeFiles/opencv_core.dir/convert_scale.avx2.cpp.o
#13 43.71 [ 59%] Building CXX object modules/core/CMakeFiles/opencv_core.dir/count_non_zero.avx2.cpp.o
#13 43.98 [ 59%] Building CXX object modules/core/CMakeFiles/opencv_core.dir/has_non_zero.avx2.cpp.o
#13 44.02 [ 59%] Building CXX object modules/core/CMakeFiles/opencv_core.dir/matmul.avx2.cpp.o
#13 44.35 [ 59%] Building CXX object modules/core/CMakeFiles/opencv_core.dir/mean.avx2.cpp.o
#13 44.39 [ 60%] Building CXX object modules/core/CMakeFiles/opencv_core.dir/merge.avx2.cpp.o
#13 44.71 [ 60%] Building CXX object modules/core/CMakeFiles/opencv_core.dir/split.avx2.cpp.o
#13 44.82 [ 60%] Building CXX object modules/core/CMakeFiles/opencv_core.dir/sum.avx2.cpp.o
#13 46.02 [ 60%] Building CXX object modules/core/CMakeFiles/opencv_core.dir/matmul.avx512_skx.cpp.o
#13 52.75 [ 61%] Linking CXX static library ../../lib/libopencv_core.a
#13 52.89 make[2]: Leaving directory '/root/build'
#13 52.90 [ 61%] Built target opencv_core
#13 52.90 make[2]: Entering directory '/root/build'
#13 52.91 [ 61%] Processing OpenCL kernels (imgproc)
#13 52.95 make[2]: Leaving directory '/root/build'
#13 52.96 make[2]: Entering directory '/root/build'
#13 52.96 [ 63%] Building CXX object modules/imgproc/CMakeFiles/opencv_imgproc.dir/src/accum.cpp.o
#13 52.97 [ 63%] Building CXX object modules/imgproc/CMakeFiles/opencv_imgproc.dir/src/canny.cpp.o
#13 52.97 [ 63%] Building CXX object modules/imgproc/CMakeFiles/opencv_imgproc.dir/src/blend.cpp.o
#13 52.97 [ 63%] Building CXX object modules/imgproc/CMakeFiles/opencv_imgproc.dir/src/accum.dispatch.cpp.o
#13 52.97 [ 63%] Building CXX object modules/imgproc/CMakeFiles/opencv_imgproc.dir/src/approx.cpp.o
#13 52.97 [ 63%] Building CXX object modules/imgproc/CMakeFiles/opencv_imgproc.dir/src/clahe.cpp.o
#13 52.97 [ 63%] Building CXX object modules/imgproc/CMakeFiles/opencv_imgproc.dir/src/bilateral_filter.dispatch.cpp.o
#13 52.97 [ 63%] Building CXX object modules/imgproc/CMakeFiles/opencv_imgproc.dir/src/color.cpp.o
#13 52.97 [ 63%] Building CXX object modules/imgproc/CMakeFiles/opencv_imgproc.dir/src/color_hsv.dispatch.cpp.o
#13 52.97 [ 64%] Building CXX object modules/imgproc/CMakeFiles/opencv_imgproc.dir/src/color_lab.cpp.o
#13 52.97 [ 64%] Building CXX object modules/imgproc/CMakeFiles/opencv_imgproc.dir/src/color_rgb.dispatch.cpp.o
#13 52.97 [ 64%] Building CXX object modules/imgproc/CMakeFiles/opencv_imgproc.dir/src/color_yuv.dispatch.cpp.o
#13 52.97 [ 64%] Building CXX object modules/imgproc/CMakeFiles/opencv_imgproc.dir/src/colormap.cpp.o
#13 52.97 [ 64%] Building CXX object modules/imgproc/CMakeFiles/opencv_imgproc.dir/src/box_filter.dispatch.cpp.o
#13 52.97 [ 65%] Building CXX object modules/imgproc/CMakeFiles/opencv_imgproc.dir/src/contours.cpp.o
#13 52.98 [ 65%] Building CXX object modules/imgproc/CMakeFiles/opencv_imgproc.dir/src/connectedcomponents.cpp.o
#13 56.51 [ 65%] Building CXX object modules/imgproc/CMakeFiles/opencv_imgproc.dir/src/convhull.cpp.o
#13 56.64 [ 65%] Building CXX object modules/imgproc/CMakeFiles/opencv_imgproc.dir/src/corner.cpp.o
#13 56.95 [ 65%] Building CXX object modules/imgproc/CMakeFiles/opencv_imgproc.dir/src/cornersubpix.cpp.o
#13 57.09 [ 66%] Building CXX object modules/imgproc/CMakeFiles/opencv_imgproc.dir/src/demosaicing.cpp.o
#13 57.30 [ 66%] Building CXX object modules/imgproc/CMakeFiles/opencv_imgproc.dir/src/deriv.cpp.o
#13 57.37 [ 66%] Building CXX object modules/imgproc/CMakeFiles/opencv_imgproc.dir/src/distransform.cpp.o
#13 57.96 [ 66%] Building CXX object modules/imgproc/CMakeFiles/opencv_imgproc.dir/src/drawing.cpp.o
#13 58.25 [ 67%] Building CXX object modules/imgproc/CMakeFiles/opencv_imgproc.dir/src/emd.cpp.o
#13 58.30 [ 67%] Building CXX object modules/imgproc/CMakeFiles/opencv_imgproc.dir/src/featureselect.cpp.o
#13 58.55 [ 67%] Building CXX object modules/imgproc/CMakeFiles/opencv_imgproc.dir/src/filter.dispatch.cpp.o
#13 58.71 [ 67%] Building CXX object modules/imgproc/CMakeFiles/opencv_imgproc.dir/src/floodfill.cpp.o
#13 59.98 [ 68%] Building CXX object modules/imgproc/CMakeFiles/opencv_imgproc.dir/src/gabor.cpp.o
#13 60.55 [ 68%] Building CXX object modules/imgproc/CMakeFiles/opencv_imgproc.dir/src/generalized_hough.cpp.o
#13 60.85 [ 68%] Building CXX object modules/imgproc/CMakeFiles/opencv_imgproc.dir/src/geometry.cpp.o
#13 61.11 [ 68%] Building CXX object modules/imgproc/CMakeFiles/opencv_imgproc.dir/src/grabcut.cpp.o
#13 61.27 [ 69%] Building CXX object modules/imgproc/CMakeFiles/opencv_imgproc.dir/src/hershey_fonts.cpp.o
#13 61.30 [ 69%] Building CXX object modules/imgproc/CMakeFiles/opencv_imgproc.dir/src/histogram.cpp.o
#13 61.74 [ 69%] Building CXX object modules/imgproc/CMakeFiles/opencv_imgproc.dir/src/hough.cpp.o
#13 62.23 [ 69%] Building CXX object modules/imgproc/CMakeFiles/opencv_imgproc.dir/src/imgwarp.cpp.o
#13 62.58 [ 70%] Building CXX object modules/imgproc/CMakeFiles/opencv_imgproc.dir/src/intelligent_scissors.cpp.o
#13 63.11 [ 70%] Building CXX object modules/imgproc/CMakeFiles/opencv_imgproc.dir/src/intersection.cpp.o
#13 63.14 [ 70%] Building CXX object modules/imgproc/CMakeFiles/opencv_imgproc.dir/src/linefit.cpp.o
#13 63.44 [ 70%] Building CXX object modules/imgproc/CMakeFiles/opencv_imgproc.dir/src/lsd.cpp.o
#13 63.75 [ 71%] Building CXX object modules/imgproc/CMakeFiles/opencv_imgproc.dir/src/main.cpp.o
#13 64.48 [ 71%] Building CXX object modules/imgproc/CMakeFiles/opencv_imgproc.dir/src/matchcontours.cpp.o
#13 65.29 [ 71%] Building CXX object modules/imgproc/CMakeFiles/opencv_imgproc.dir/src/median_blur.dispatch.cpp.o
#13 65.39 [ 71%] Building CXX object modules/imgproc/CMakeFiles/opencv_imgproc.dir/src/min_enclosing_triangle.cpp.o
#13 66.17 [ 72%] Building CXX object modules/imgproc/CMakeFiles/opencv_imgproc.dir/src/moments.cpp.o
#13 66.73 [ 72%] Building CXX object modules/imgproc/CMakeFiles/opencv_imgproc.dir/src/morph.dispatch.cpp.o
#13 66.75 [ 72%] Building CXX object modules/imgproc/CMakeFiles/opencv_imgproc.dir/src/phasecorr.cpp.o
#13 67.31 [ 72%] Building CXX object modules/imgproc/CMakeFiles/opencv_imgproc.dir/src/pyramids.cpp.o
#13 67.42 [ 73%] Building CXX object modules/imgproc/CMakeFiles/opencv_imgproc.dir/src/resize.cpp.o
#13 67.73 [ 73%] Building CXX object modules/imgproc/CMakeFiles/opencv_imgproc.dir/src/rotcalipers.cpp.o
#13 67.74 [ 73%] Building CXX object modules/imgproc/CMakeFiles/opencv_imgproc.dir/src/samplers.cpp.o
#13 68.34 [ 73%] Building CXX object modules/imgproc/CMakeFiles/opencv_imgproc.dir/src/segmentation.cpp.o
#13 68.40 [ 74%] Building CXX object modules/imgproc/CMakeFiles/opencv_imgproc.dir/src/shapedescr.cpp.o
#13 69.82 [ 74%] Building CXX object modules/imgproc/CMakeFiles/opencv_imgproc.dir/src/smooth.dispatch.cpp.o
#13 69.88 [ 74%] Building CXX object modules/imgproc/CMakeFiles/opencv_imgproc.dir/src/spatialgradient.cpp.o
#13 70.20 [ 74%] Building CXX object modules/imgproc/CMakeFiles/opencv_imgproc.dir/src/stackblur.cpp.o
#13 70.65 [ 75%] Building CXX object modules/imgproc/CMakeFiles/opencv_imgproc.dir/src/subdivision2d.cpp.o
#13 71.24 [ 75%] Building CXX object modules/imgproc/CMakeFiles/opencv_imgproc.dir/src/sumpixels.dispatch.cpp.o
#13 71.60 [ 75%] Building CXX object modules/imgproc/CMakeFiles/opencv_imgproc.dir/src/tables.cpp.o
#13 71.75 [ 75%] Building CXX object modules/imgproc/CMakeFiles/opencv_imgproc.dir/src/templmatch.cpp.o
#13 72.67 [ 76%] Building CXX object modules/imgproc/CMakeFiles/opencv_imgproc.dir/src/thresh.cpp.o
#13 72.80 [ 76%] Building CXX object modules/imgproc/CMakeFiles/opencv_imgproc.dir/src/utils.cpp.o
#13 73.24 [ 76%] Building CXX object modules/imgproc/CMakeFiles/opencv_imgproc.dir/opencl_kernels_imgproc.cpp.o
#13 73.57 [ 76%] Building CXX object modules/imgproc/CMakeFiles/opencv_imgproc.dir/src/imgwarp.sse4_1.cpp.o
#13 74.05 [ 77%] Building CXX object modules/imgproc/CMakeFiles/opencv_imgproc.dir/src/resize.sse4_1.cpp.o
#13 74.64 [ 77%] Building CXX object modules/imgproc/CMakeFiles/opencv_imgproc.dir/accum.sse4_1.cpp.o
#13 75.11 [ 77%] Building CXX object modules/imgproc/CMakeFiles/opencv_imgproc.dir/box_filter.sse4_1.cpp.o
#13 75.53 [ 77%] Building CXX object modules/imgproc/CMakeFiles/opencv_imgproc.dir/filter.sse4_1.cpp.o
#13 75.63 [ 78%] Building CXX object modules/imgproc/CMakeFiles/opencv_imgproc.dir/color_hsv.sse4_1.cpp.o
#13 76.00 [ 78%] Building CXX object modules/imgproc/CMakeFiles/opencv_imgproc.dir/color_rgb.sse4_1.cpp.o
#13 76.11 [ 78%] Building CXX object modules/imgproc/CMakeFiles/opencv_imgproc.dir/color_yuv.sse4_1.cpp.o
#13 76.85 [ 78%] Building CXX object modules/imgproc/CMakeFiles/opencv_imgproc.dir/median_blur.sse4_1.cpp.o
#13 77.52 [ 79%] Building CXX object modules/imgproc/CMakeFiles/opencv_imgproc.dir/morph.sse4_1.cpp.o
#13 77.73 [ 79%] Building CXX object modules/imgproc/CMakeFiles/opencv_imgproc.dir/smooth.sse4_1.cpp.o
#13 78.75 [ 79%] Building CXX object modules/imgproc/CMakeFiles/opencv_imgproc.dir/src/corner.avx.cpp.o
#13 79.12 [ 79%] Building CXX object modules/imgproc/CMakeFiles/opencv_imgproc.dir/accum.avx.cpp.o
#13 79.21 [ 80%] Building CXX object modules/imgproc/CMakeFiles/opencv_imgproc.dir/src/imgwarp.avx2.cpp.o
#13 80.07 [ 80%] Building CXX object modules/imgproc/CMakeFiles/opencv_imgproc.dir/src/resize.avx2.cpp.o
#13 80.71 [ 80%] Building CXX object modules/imgproc/CMakeFiles/opencv_imgproc.dir/accum.avx2.cpp.o
#13 80.98 [ 80%] Building CXX object modules/imgproc/CMakeFiles/opencv_imgproc.dir/bilateral_filter.avx2.cpp.o
#13 81.14 [ 81%] Building CXX object modules/imgproc/CMakeFiles/opencv_imgproc.dir/box_filter.avx2.cpp.o
#13 81.92 [ 81%] Building CXX object modules/imgproc/CMakeFiles/opencv_imgproc.dir/filter.avx2.cpp.o
#13 81.94 [ 81%] Building CXX object modules/imgproc/CMakeFiles/opencv_imgproc.dir/color_hsv.avx2.cpp.o
#13 82.67 [ 81%] Building CXX object modules/imgproc/CMakeFiles/opencv_imgproc.dir/color_rgb.avx2.cpp.o
#13 83.62 [ 81%] Building CXX object modules/imgproc/CMakeFiles/opencv_imgproc.dir/color_yuv.avx2.cpp.o
#13 84.01 [ 82%] Building CXX object modules/imgproc/CMakeFiles/opencv_imgproc.dir/median_blur.avx2.cpp.o
#13 84.06 [ 82%] Building CXX object modules/imgproc/CMakeFiles/opencv_imgproc.dir/morph.avx2.cpp.o
#13 84.76 [ 82%] Building CXX object modules/imgproc/CMakeFiles/opencv_imgproc.dir/smooth.avx2.cpp.o
#13 85.83 [ 82%] Building CXX object modules/imgproc/CMakeFiles/opencv_imgproc.dir/sumpixels.avx2.cpp.o
#13 86.83 [ 83%] Building CXX object modules/imgproc/CMakeFiles/opencv_imgproc.dir/sumpixels.avx512_skx.cpp.o
#13 95.60 [ 83%] Linking CXX static library ../../lib/libopencv_imgproc.a
#13 95.77 make[2]: Leaving directory '/root/build'
#13 95.78 [ 83%] Built target opencv_imgproc
#13 95.78 make[2]: Entering directory '/root/build'
#13 95.78 make[2]: Entering directory '/root/build'
#13 95.79 [ 83%] Processing OpenCL kernels (video)
#13 95.79 make[2]: Leaving directory '/root/build'
#13 95.79 make[2]: Entering directory '/root/build'
#13 95.80 [ 83%] Building CXX object modules/imgcodecs/CMakeFiles/opencv_imgcodecs.dir/src/utils.cpp.o
#13 95.80 [ 83%] Building CXX object modules/imgcodecs/CMakeFiles/opencv_imgcodecs.dir/src/grfmt_avif.cpp.o
#13 95.80 [ 83%] Building CXX object modules/imgcodecs/CMakeFiles/opencv_imgcodecs.dir/src/grfmt_bmp.cpp.o
#13 95.80 [ 83%] Building CXX object modules/imgcodecs/CMakeFiles/opencv_imgcodecs.dir/src/loadsave.cpp.o
#13 95.80 [ 83%] Building CXX object modules/imgcodecs/CMakeFiles/opencv_imgcodecs.dir/src/grfmt_exr.cpp.o
#13 95.80 [ 83%] Building CXX object modules/imgcodecs/CMakeFiles/opencv_imgcodecs.dir/src/grfmt_gdal.cpp.o
#13 95.80 [ 84%] Building CXX object modules/imgcodecs/CMakeFiles/opencv_imgcodecs.dir/src/grfmt_gdcm.cpp.o
#13 95.80 [ 84%] Building CXX object modules/imgcodecs/CMakeFiles/opencv_imgcodecs.dir/src/grfmt_hdr.cpp.o
#13 95.80 [ 84%] Building CXX object modules/imgcodecs/CMakeFiles/opencv_imgcodecs.dir/src/grfmt_jpeg.cpp.o
#13 95.80 [ 84%] Building CXX object modules/imgcodecs/CMakeFiles/opencv_imgcodecs.dir/src/grfmt_jpeg2000.cpp.o
#13 95.80 [ 84%] Building CXX object modules/imgcodecs/CMakeFiles/opencv_imgcodecs.dir/src/grfmt_pam.cpp.o
#13 95.80 [ 85%] Building CXX object modules/imgcodecs/CMakeFiles/opencv_imgcodecs.dir/src/grfmt_base.cpp.o
#13 95.80 [ 85%] Building CXX object modules/imgcodecs/CMakeFiles/opencv_imgcodecs.dir/src/grfmt_pfm.cpp.o
#13 95.81 [ 85%] Building CXX object modules/imgcodecs/CMakeFiles/opencv_imgcodecs.dir/src/grfmt_png.cpp.o
#13 95.81 [ 86%] Building CXX object modules/imgcodecs/CMakeFiles/opencv_imgcodecs.dir/src/grfmt_jpeg2000_openjpeg.cpp.o
#13 95.82 make[2]: Leaving directory '/root/build'
#13 95.82 make[2]: Entering directory '/root/build'
#13 95.84 [ 86%] Building CXX object modules/video/CMakeFiles/opencv_video.dir/src/bgfg_KNN.cpp.o
#13 98.53 [ 87%] Building CXX object modules/imgcodecs/CMakeFiles/opencv_imgcodecs.dir/src/grfmt_pxm.cpp.o
#13 98.54 [ 87%] Building CXX object modules/imgcodecs/CMakeFiles/opencv_imgcodecs.dir/src/grfmt_spng.cpp.o
#13 98.54 [ 87%] Building CXX object modules/imgcodecs/CMakeFiles/opencv_imgcodecs.dir/src/grfmt_sunras.cpp.o
#13 98.56 [ 87%] Building CXX object modules/imgcodecs/CMakeFiles/opencv_imgcodecs.dir/src/grfmt_tiff.cpp.o
#13 98.68 [ 88%] Building CXX object modules/imgcodecs/CMakeFiles/opencv_imgcodecs.dir/src/grfmt_webp.cpp.o
#13 98.73 [ 88%] Building CXX object modules/imgcodecs/CMakeFiles/opencv_imgcodecs.dir/src/bitstrm.cpp.o
#13 98.78 [ 88%] Building CXX object modules/imgcodecs/CMakeFiles/opencv_imgcodecs.dir/src/rgbe.cpp.o
#13 98.86 [ 88%] Building CXX object modules/imgcodecs/CMakeFiles/opencv_imgcodecs.dir/src/exif.cpp.o
#13 98.97 [ 89%] Building CXX object modules/video/CMakeFiles/opencv_video.dir/src/bgfg_gaussmix2.cpp.o
#13 99.03 [ 89%] Building CXX object modules/video/CMakeFiles/opencv_video.dir/src/camshift.cpp.o
#13 99.08 [ 89%] Building CXX object modules/video/CMakeFiles/opencv_video.dir/src/dis_flow.cpp.o
#13 99.09 [ 89%] Building CXX object modules/video/CMakeFiles/opencv_video.dir/src/ecc.cpp.o
#13 99.58 [ 90%] Building CXX object modules/video/CMakeFiles/opencv_video.dir/src/kalman.cpp.o
#13 99.61 [ 90%] Building CXX object modules/video/CMakeFiles/opencv_video.dir/src/lkpyramid.cpp.o
#13 99.65 [ 90%] Building CXX object modules/video/CMakeFiles/opencv_video.dir/src/optflowgf.cpp.o
#13 99.99 [ 90%] Building CXX object modules/video/CMakeFiles/opencv_video.dir/src/optical_flow_io.cpp.o
#13 101.6 [ 91%] Building CXX object modules/video/CMakeFiles/opencv_video.dir/src/tracking/detail/tracker_feature.cpp.o
#13 101.7 [ 91%] Building CXX object modules/video/CMakeFiles/opencv_video.dir/src/tracking/detail/tracker_feature_set.cpp.o
#13 101.9 [ 91%] Building CXX object modules/video/CMakeFiles/opencv_video.dir/src/tracking/detail/tracker_mil_model.cpp.o
#13 102.1 [ 91%] Building CXX object modules/video/CMakeFiles/opencv_video.dir/src/tracking/detail/tracker_mil_state.cpp.o
#13 102.2 [ 92%] Building CXX object modules/video/CMakeFiles/opencv_video.dir/src/tracking/detail/tracker_model.cpp.o
#13 102.3 [ 92%] Building CXX object modules/video/CMakeFiles/opencv_video.dir/src/tracking/detail/tracker_sampler.cpp.o
#13 102.3 [ 92%] Building CXX object modules/video/CMakeFiles/opencv_video.dir/src/tracking/detail/tracker_sampler_algorithm.cpp.o
#13 102.5 [ 92%] Building CXX object modules/video/CMakeFiles/opencv_video.dir/src/tracking/detail/tracker_state_estimator.cpp.o
#13 102.9 [ 93%] Building CXX object modules/video/CMakeFiles/opencv_video.dir/src/tracking/detail/tracking_feature.cpp.o
#13 103.0 [ 93%] Building CXX object modules/video/CMakeFiles/opencv_video.dir/src/tracking/detail/tracking_online_mil.cpp.o
#13 103.0 [ 93%] Building CXX object modules/video/CMakeFiles/opencv_video.dir/src/tracking/tracker.cpp.o
#13 103.2 [ 93%] Building CXX object modules/video/CMakeFiles/opencv_video.dir/src/tracking/tracker_dasiamrpn.cpp.o
#13 103.5 [ 94%] Linking CXX static library ../../lib/libopencv_imgcodecs.a
#13 103.6 make[2]: Leaving directory '/root/build'
#13 103.6 [ 94%] Built target opencv_imgcodecs
#13 103.6 make[2]: Entering directory '/root/build'
#13 103.6 make[2]: Leaving directory '/root/build'
#13 103.7 make[2]: Entering directory '/root/build'
#13 103.7 [ 94%] Building CXX object modules/videoio/CMakeFiles/opencv_videoio.dir/src/videoio_registry.cpp.o
#13 103.9 [ 95%] Building CXX object modules/video/CMakeFiles/opencv_video.dir/src/tracking/tracker_goturn.cpp.o
#13 104.1 [ 95%] Building CXX object modules/video/CMakeFiles/opencv_video.dir/src/tracking/tracker_mil.cpp.o
#13 104.1 [ 95%] Building CXX object modules/video/CMakeFiles/opencv_video.dir/src/tracking/tracker_nano.cpp.o
#13 104.5 [ 95%] Building CXX object modules/video/CMakeFiles/opencv_video.dir/src/variational_refinement.cpp.o
#13 104.9 [ 96%] Building CXX object modules/video/CMakeFiles/opencv_video.dir/opencl_kernels_video.cpp.o
#13 105.4 [ 96%] Building CXX object modules/videoio/CMakeFiles/opencv_videoio.dir/src/videoio_c.cpp.o
#13 105.6 [ 97%] Building CXX object modules/videoio/CMakeFiles/opencv_videoio.dir/src/cap.cpp.o
#13 105.8 [ 97%] Building CXX object modules/videoio/CMakeFiles/opencv_videoio.dir/src/cap_images.cpp.o
#13 105.8 [ 97%] Building CXX object modules/videoio/CMakeFiles/opencv_videoio.dir/src/cap_mjpeg_encoder.cpp.o
#13 105.9 [ 97%] Building CXX object modules/videoio/CMakeFiles/opencv_videoio.dir/src/cap_mjpeg_decoder.cpp.o
#13 105.9 [ 98%] Building CXX object modules/videoio/CMakeFiles/opencv_videoio.dir/src/backend_plugin.cpp.o
#13 106.4 [ 98%] Building CXX object modules/videoio/CMakeFiles/opencv_videoio.dir/src/backend_static.cpp.o
#13 106.5 [ 98%] Building CXX object modules/videoio/CMakeFiles/opencv_videoio.dir/src/container_avi.cpp.o
#13 106.5 [ 98%] Building CXX object modules/videoio/CMakeFiles/opencv_videoio.dir/src/cap_ffmpeg.cpp.o
#13 108.8 [ 98%] Linking CXX static library ../../lib/libopencv_video.a
#13 108.9 make[2]: Leaving directory '/root/build'
#13 108.9 [ 98%] Built target opencv_video
#13 110.5 [100%] Linking CXX static library ../../lib/libopencv_videoio.a
#13 110.5 make[2]: Leaving directory '/root/build'
#13 110.5 [100%] Built target opencv_videoio
#13 110.5 make[1]: Leaving directory '/root/build'
#13 110.6 Install the project...
#13 110.6 -- Install configuration: "Release"
#13 110.6 -- Installing: /opt/opencv/share/licenses/opencv4/ippicv-readme.htm
#13 110.6 -- Installing: /opt/opencv/share/licenses/opencv4/ippicv-EULA.txt
#13 110.6 -- Installing: /opt/opencv/share/licenses/opencv4/ippicv-third-party-programs.txt
#13 110.6 -- Installing: /opt/opencv/lib/opencv4/3rdparty/libippicv.a
#13 110.7 -- Installing: /opt/opencv/share/licenses/opencv4/ippiw-support.txt
#13 110.7 -- Installing: /opt/opencv/share/licenses/opencv4/ippiw-third-party-programs.txt
#13 110.7 -- Installing: /opt/opencv/share/licenses/opencv4/ippiw-EULA.txt
#13 110.7 -- Installing: /opt/opencv/include/opencv4/opencv2/cvconfig.h
#13 110.7 -- Installing: /opt/opencv/include/opencv4/opencv2/opencv_modules.hpp
#13 110.7 -- Installing: /opt/opencv/lib/cmake/opencv4/OpenCVModules.cmake
#13 110.7 -- Installing: /opt/opencv/lib/cmake/opencv4/OpenCVModules-release.cmake
#13 110.7 -- Installing: /opt/opencv/lib/cmake/opencv4/OpenCVConfig-version.cmake
#13 110.7 -- Installing: /opt/opencv/lib/cmake/opencv4/OpenCVConfig.cmake
#13 110.7 -- Installing: /opt/opencv/bin/setup_vars_opencv4.sh
#13 110.7 -- Installing: /opt/opencv/share/opencv4/valgrind.supp
#13 110.7 -- Installing: /opt/opencv/share/opencv4/valgrind_3rdparty.supp
#13 110.7 -- Installing: /opt/opencv/lib/opencv4/3rdparty/libzlib.a
#13 110.7 -- Installing: /opt/opencv/share/licenses/opencv4/zlib-LICENSE
#13 110.7 -- Installing: /opt/opencv/lib/opencv4/3rdparty/liblibjpeg-turbo.a
#13 110.7 -- Installing: /opt/opencv/share/licenses/opencv4/libjpeg-turbo-README.md
#13 110.7 -- Installing: /opt/opencv/share/licenses/opencv4/libjpeg-turbo-LICENSE.md
#13 110.7 -- Installing: /opt/opencv/share/licenses/opencv4/libjpeg-turbo-README.ijg
#13 110.7 -- Installing: /opt/opencv/share/licenses/opencv4/libopenjp2-README.md
#13 110.7 -- Installing: /opt/opencv/share/licenses/opencv4/libopenjp2-LICENSE
#13 110.7 -- Installing: /opt/opencv/lib/opencv4/3rdparty/liblibopenjp2.a
#13 110.7 -- Installing: /opt/opencv/lib/opencv4/3rdparty/liblibpng.a
#13 110.7 -- Installing: /opt/opencv/share/licenses/opencv4/libpng-LICENSE
#13 110.7 -- Installing: /opt/opencv/share/licenses/opencv4/libpng-README
#13 110.7 -- Installing: /opt/opencv/lib/opencv4/3rdparty/libippiw.a
#13 110.7 -- Installing: /opt/opencv/share/licenses/opencv4/quirc-LICENSE
#13 110.7 -- Installing: /opt/opencv/include/opencv4/opencv2/opencv.hpp
#13 110.7 -- Installing: /opt/opencv/lib/libopencv_core.a
#13 110.7 -- Installing: /opt/opencv/include/opencv4/opencv2/core.hpp
#13 110.7 -- Installing: /opt/opencv/include/opencv4/opencv2/core/affine.hpp
#13 110.7 -- Installing: /opt/opencv/include/opencv4/opencv2/core/async.hpp
#13 110.7 -- Installing: /opt/opencv/include/opencv4/opencv2/core/base.hpp
#13 110.7 -- Installing: /opt/opencv/include/opencv4/opencv2/core/bindings_utils.hpp
#13 110.7 -- Installing: /opt/opencv/include/opencv4/opencv2/core/bufferpool.hpp
#13 110.7 -- Installing: /opt/opencv/include/opencv4/opencv2/core/check.hpp
#13 110.7 -- Installing: /opt/opencv/include/opencv4/opencv2/core/core.hpp
#13 110.7 -- Installing: /opt/opencv/include/opencv4/opencv2/core/core_c.h
#13 110.7 -- Installing: /opt/opencv/include/opencv4/opencv2/core/cuda.hpp
#13 110.7 -- Installing: /opt/opencv/include/opencv4/opencv2/core/cuda.inl.hpp
#13 110.7 -- Installing: /opt/opencv/include/opencv4/opencv2/core/cuda/block.hpp
#13 110.7 -- Installing: /opt/opencv/include/opencv4/opencv2/core/cuda/border_interpolate.hpp
#13 110.7 -- Installing: /opt/opencv/include/opencv4/opencv2/core/cuda/color.hpp
#13 110.7 -- Installing: /opt/opencv/include/opencv4/opencv2/core/cuda/common.hpp
#13 110.7 -- Installing: /opt/opencv/include/opencv4/opencv2/core/cuda/datamov_utils.hpp
#13 110.7 -- Installing: /opt/opencv/include/opencv4/opencv2/core/cuda/detail/color_detail.hpp
#13 110.7 -- Installing: /opt/opencv/include/opencv4/opencv2/core/cuda/detail/reduce.hpp
#13 110.7 -- Installing: /opt/opencv/include/opencv4/opencv2/core/cuda/detail/reduce_key_val.hpp
#13 110.7 -- Installing: /opt/opencv/include/opencv4/opencv2/core/cuda/detail/transform_detail.hpp
#13 110.7 -- Installing: /opt/opencv/include/opencv4/opencv2/core/cuda/detail/type_traits_detail.hpp
#13 110.7 -- Installing: /opt/opencv/include/opencv4/opencv2/core/cuda/detail/vec_distance_detail.hpp
#13 110.7 -- Installing: /opt/opencv/include/opencv4/opencv2/core/cuda/dynamic_smem.hpp
#13 110.7 -- Installing: /opt/opencv/include/opencv4/opencv2/core/cuda/emulation.hpp
#13 110.7 -- Installing: /opt/opencv/include/opencv4/opencv2/core/cuda/filters.hpp
#13 110.7 -- Installing: /opt/opencv/include/opencv4/opencv2/core/cuda/funcattrib.hpp
#13 110.7 -- Installing: /opt/opencv/include/opencv4/opencv2/core/cuda/functional.hpp
#13 110.7 -- Installing: /opt/opencv/include/opencv4/opencv2/core/cuda/limits.hpp
#13 110.7 -- Installing: /opt/opencv/include/opencv4/opencv2/core/cuda/reduce.hpp
#13 110.7 -- Installing: /opt/opencv/include/opencv4/opencv2/core/cuda/saturate_cast.hpp
#13 110.7 -- Installing: /opt/opencv/include/opencv4/opencv2/core/cuda/scan.hpp
#13 110.7 -- Installing: /opt/opencv/include/opencv4/opencv2/core/cuda/simd_functions.hpp
#13 110.7 -- Installing: /opt/opencv/include/opencv4/opencv2/core/cuda/transform.hpp
#13 110.7 -- Installing: /opt/opencv/include/opencv4/opencv2/core/cuda/type_traits.hpp
#13 110.7 -- Installing: /opt/opencv/include/opencv4/opencv2/core/cuda/utility.hpp
#13 110.7 -- Installing: /opt/opencv/include/opencv4/opencv2/core/cuda/vec_distance.hpp
#13 110.7 -- Installing: /opt/opencv/include/opencv4/opencv2/core/cuda/vec_math.hpp
#13 110.7 -- Installing: /opt/opencv/include/opencv4/opencv2/core/cuda/vec_traits.hpp
#13 110.7 -- Installing: /opt/opencv/include/opencv4/opencv2/core/cuda/warp.hpp
#13 110.7 -- Installing: /opt/opencv/include/opencv4/opencv2/core/cuda/warp_reduce.hpp
#13 110.7 -- Installing: /opt/opencv/include/opencv4/opencv2/core/cuda/warp_shuffle.hpp
#13 110.7 -- Installing: /opt/opencv/include/opencv4/opencv2/core/cuda_stream_accessor.hpp
#13 110.7 -- Installing: /opt/opencv/include/opencv4/opencv2/core/cuda_types.hpp
#13 110.7 -- Installing: /opt/opencv/include/opencv4/opencv2/core/cv_cpu_dispatch.h
#13 110.7 -- Installing: /opt/opencv/include/opencv4/opencv2/core/cv_cpu_helper.h
#13 110.7 -- Installing: /opt/opencv/include/opencv4/opencv2/core/cvdef.h
#13 110.7 -- Installing: /opt/opencv/include/opencv4/opencv2/core/cvstd.hpp
#13 110.7 -- Installing: /opt/opencv/include/opencv4/opencv2/core/cvstd.inl.hpp
#13 110.7 -- Installing: /opt/opencv/include/opencv4/opencv2/core/cvstd_wrapper.hpp
#13 110.7 -- Installing: /opt/opencv/include/opencv4/opencv2/core/detail/async_promise.hpp
#13 110.7 -- Installing: /opt/opencv/include/opencv4/opencv2/core/detail/dispatch_helper.impl.hpp
#13 110.7 -- Installing: /opt/opencv/include/opencv4/opencv2/core/detail/exception_ptr.hpp
#13 110.7 -- Installing: /opt/opencv/include/opencv4/opencv2/core/directx.hpp
#13 110.7 -- Installing: /opt/opencv/include/opencv4/opencv2/core/dualquaternion.hpp
#13 110.7 -- Installing: /opt/opencv/include/opencv4/opencv2/core/dualquaternion.inl.hpp
#13 110.7 -- Installing: /opt/opencv/include/opencv4/opencv2/core/eigen.hpp
#13 110.7 -- Installing: /opt/opencv/include/opencv4/opencv2/core/fast_math.hpp
#13 110.7 -- Installing: /opt/opencv/include/opencv4/opencv2/core/hal/hal.hpp
#13 110.7 -- Installing: /opt/opencv/include/opencv4/opencv2/core/hal/interface.h
#13 110.7 -- Installing: /opt/opencv/include/opencv4/opencv2/core/hal/intrin.hpp
#13 110.7 -- Installing: /opt/opencv/include/opencv4/opencv2/core/hal/intrin_avx.hpp
#13 110.7 -- Installing: /opt/opencv/include/opencv4/opencv2/core/hal/intrin_avx512.hpp
#13 110.7 -- Installing: /opt/opencv/include/opencv4/opencv2/core/hal/intrin_cpp.hpp
#13 110.7 -- Installing: /opt/opencv/include/opencv4/opencv2/core/hal/intrin_forward.hpp
#13 110.7 -- Installing: /opt/opencv/include/opencv4/opencv2/core/hal/intrin_lasx.hpp
#13 110.7 -- Installing: /opt/opencv/include/opencv4/opencv2/core/hal/intrin_msa.hpp
#13 110.7 -- Installing: /opt/opencv/include/opencv4/opencv2/core/hal/intrin_neon.hpp
#13 110.7 -- Installing: /opt/opencv/include/opencv4/opencv2/core/hal/intrin_rvv.hpp
#13 110.7 -- Installing: /opt/opencv/include/opencv4/opencv2/core/hal/intrin_rvv071.hpp
#13 110.7 -- Installing: /opt/opencv/include/opencv4/opencv2/core/hal/intrin_rvv_010_compat_non-policy.hpp
#13 110.7 -- Installing: /opt/opencv/include/opencv4/opencv2/core/hal/intrin_rvv_010_compat_overloaded-non-policy.hpp
#13 110.7 -- Installing: /opt/opencv/include/opencv4/opencv2/core/hal/intrin_rvv_compat_overloaded.hpp
#13 110.7 -- Installing: /opt/opencv/include/opencv4/opencv2/core/hal/intrin_rvv_scalable.hpp
#13 110.7 -- Installing: /opt/opencv/include/opencv4/opencv2/core/hal/intrin_sse.hpp
#13 110.7 -- Installing: /opt/opencv/include/opencv4/opencv2/core/hal/intrin_sse_em.hpp
#13 110.7 -- Installing: /opt/opencv/include/opencv4/opencv2/core/hal/intrin_vsx.hpp
#13 110.7 -- Installing: /opt/opencv/include/opencv4/opencv2/core/hal/intrin_wasm.hpp
#13 110.7 -- Installing: /opt/opencv/include/opencv4/opencv2/core/hal/msa_macros.h
#13 110.7 -- Installing: /opt/opencv/include/opencv4/opencv2/core/hal/simd_utils.impl.hpp
#13 110.7 -- Installing: /opt/opencv/include/opencv4/opencv2/core/mat.hpp
#13 110.7 -- Installing: /opt/opencv/include/opencv4/opencv2/core/mat.inl.hpp
#13 110.7 -- Installing: /opt/opencv/include/opencv4/opencv2/core/matx.hpp
#13 110.7 -- Installing: /opt/opencv/include/opencv4/opencv2/core/neon_utils.hpp
#13 110.7 -- Installing: /opt/opencv/include/opencv4/opencv2/core/ocl.hpp
#13 110.7 -- Installing: /opt/opencv/include/opencv4/opencv2/core/ocl_genbase.hpp
#13 110.7 -- Installing: /opt/opencv/include/opencv4/opencv2/core/opencl/ocl_defs.hpp
#13 110.7 -- Installing: /opt/opencv/include/opencv4/opencv2/core/opencl/opencl_info.hpp
#13 110.7 -- Installing: /opt/opencv/include/opencv4/opencv2/core/opencl/opencl_svm.hpp
#13 110.7 -- Installing: /opt/opencv/include/opencv4/opencv2/core/opencl/runtime/autogenerated/opencl_clblas.hpp
#13 110.7 -- Installing: /opt/opencv/include/opencv4/opencv2/core/opencl/runtime/autogenerated/opencl_clfft.hpp
#13 110.7 -- Installing: /opt/opencv/include/opencv4/opencv2/core/opencl/runtime/autogenerated/opencl_core.hpp
#13 110.7 -- Installing: /opt/opencv/include/opencv4/opencv2/core/opencl/runtime/autogenerated/opencl_core_wrappers.hpp
#13 110.7 -- Installing: /opt/opencv/include/opencv4/opencv2/core/opencl/runtime/autogenerated/opencl_gl.hpp
#13 110.7 -- Installing: /opt/opencv/include/opencv4/opencv2/core/opencl/runtime/autogenerated/opencl_gl_wrappers.hpp
#13 110.7 -- Installing: /opt/opencv/include/opencv4/opencv2/core/opencl/runtime/opencl_clblas.hpp
#13 110.7 -- Installing: /opt/opencv/include/opencv4/opencv2/core/opencl/runtime/opencl_clfft.hpp
#13 110.7 -- Installing: /opt/opencv/include/opencv4/opencv2/core/opencl/runtime/opencl_core.hpp
#13 110.7 -- Installing: /opt/opencv/include/opencv4/opencv2/core/opencl/runtime/opencl_core_wrappers.hpp
#13 110.7 -- Installing: /opt/opencv/include/opencv4/opencv2/core/opencl/runtime/opencl_gl.hpp
#13 110.7 -- Installing: /opt/opencv/include/opencv4/opencv2/core/opencl/runtime/opencl_gl_wrappers.hpp
#13 110.7 -- Installing: /opt/opencv/include/opencv4/opencv2/core/opencl/runtime/opencl_svm_20.hpp
#13 110.7 -- Installing: /opt/opencv/include/opencv4/opencv2/core/opencl/runtime/opencl_svm_definitions.hpp
#13 110.7 -- Installing: /opt/opencv/include/opencv4/opencv2/core/opencl/runtime/opencl_svm_hsa_extension.hpp
#13 110.7 -- Installing: /opt/opencv/include/opencv4/opencv2/core/opengl.hpp
#13 110.7 -- Installing: /opt/opencv/include/opencv4/opencv2/core/operations.hpp
#13 110.7 -- Installing: /opt/opencv/include/opencv4/opencv2/core/optim.hpp
#13 110.7 -- Installing: /opt/opencv/include/opencv4/opencv2/core/ovx.hpp
#13 110.7 -- Installing: /opt/opencv/include/opencv4/opencv2/core/parallel/backend/parallel_for.openmp.hpp
#13 110.7 -- Installing: /opt/opencv/include/opencv4/opencv2/core/parallel/backend/parallel_for.tbb.hpp
#13 110.7 -- Installing: /opt/opencv/include/opencv4/opencv2/core/parallel/parallel_backend.hpp
#13 110.7 -- Installing: /opt/opencv/include/opencv4/opencv2/core/persistence.hpp
#13 110.7 -- Installing: /opt/opencv/include/opencv4/opencv2/core/quaternion.hpp
#13 110.7 -- Installing: /opt/opencv/include/opencv4/opencv2/core/quaternion.inl.hpp
#13 110.7 -- Installing: /opt/opencv/include/opencv4/opencv2/core/saturate.hpp
#13 110.7 -- Installing: /opt/opencv/include/opencv4/opencv2/core/simd_intrinsics.hpp
#13 110.7 -- Installing: /opt/opencv/include/opencv4/opencv2/core/softfloat.hpp
#13 110.7 -- Installing: /opt/opencv/include/opencv4/opencv2/core/sse_utils.hpp
#13 110.7 -- Installing: /opt/opencv/include/opencv4/opencv2/core/traits.hpp
#13 110.7 -- Installing: /opt/opencv/include/opencv4/opencv2/core/types.hpp
#13 110.7 -- Installing: /opt/opencv/include/opencv4/opencv2/core/types_c.h
#13 110.7 -- Installing: /opt/opencv/include/opencv4/opencv2/core/utility.hpp
#13 110.7 -- Installing: /opt/opencv/include/opencv4/opencv2/core/utils/allocator_stats.hpp
#13 110.7 -- Installing: /opt/opencv/include/opencv4/opencv2/core/utils/allocator_stats.impl.hpp
#13 110.7 -- Installing: /opt/opencv/include/opencv4/opencv2/core/utils/filesystem.hpp
#13 110.7 -- Installing: /opt/opencv/include/opencv4/opencv2/core/utils/fp_control_utils.hpp
#13 110.7 -- Installing: /opt/opencv/include/opencv4/opencv2/core/utils/instrumentation.hpp
#13 110.7 -- Installing: /opt/opencv/include/opencv4/opencv2/core/utils/logger.defines.hpp
#13 110.7 -- Installing: /opt/opencv/include/opencv4/opencv2/core/utils/logger.hpp
#13 110.7 -- Installing: /opt/opencv/include/opencv4/opencv2/core/utils/logtag.hpp
#13 110.7 -- Installing: /opt/opencv/include/opencv4/opencv2/core/utils/tls.hpp
#13 110.7 -- Installing: /opt/opencv/include/opencv4/opencv2/core/utils/trace.hpp
#13 110.7 -- Installing: /opt/opencv/include/opencv4/opencv2/core/va_intel.hpp
#13 110.7 -- Installing: /opt/opencv/include/opencv4/opencv2/core/version.hpp
#13 110.7 -- Installing: /opt/opencv/include/opencv4/opencv2/core/vsx_utils.hpp
#13 110.7 -- Installing: /opt/opencv/share/licenses/opencv4/SoftFloat-COPYING.txt
#13 110.7 -- Installing: /opt/opencv/lib/libopencv_imgproc.a
#13 110.8 -- Installing: /opt/opencv/include/opencv4/opencv2/imgproc.hpp
#13 110.8 -- Installing: /opt/opencv/include/opencv4/opencv2/imgproc/bindings.hpp
#13 110.8 -- Installing: /opt/opencv/include/opencv4/opencv2/imgproc/detail/gcgraph.hpp
#13 110.8 -- Installing: /opt/opencv/include/opencv4/opencv2/imgproc/hal/hal.hpp
#13 110.8 -- Installing: /opt/opencv/include/opencv4/opencv2/imgproc/hal/interface.h
#13 110.8 -- Installing: /opt/opencv/include/opencv4/opencv2/imgproc/imgproc.hpp
#13 110.8 -- Installing: /opt/opencv/include/opencv4/opencv2/imgproc/imgproc_c.h
#13 110.8 -- Installing: /opt/opencv/include/opencv4/opencv2/imgproc/segmentation.hpp
#13 110.8 -- Installing: /opt/opencv/include/opencv4/opencv2/imgproc/types_c.h
#13 110.8 -- Installing: /opt/opencv/lib/libopencv_video.a
#13 110.8 -- Installing: /opt/opencv/include/opencv4/opencv2/video.hpp
#13 110.8 -- Installing: /opt/opencv/include/opencv4/opencv2/video/background_segm.hpp
#13 110.8 -- Installing: /opt/opencv/include/opencv4/opencv2/video/detail/tracking.detail.hpp
#13 110.8 -- Installing: /opt/opencv/include/opencv4/opencv2/video/legacy/constants_c.h
#13 110.8 -- Installing: /opt/opencv/include/opencv4/opencv2/video/tracking.hpp
#13 110.8 -- Installing: /opt/opencv/include/opencv4/opencv2/video/video.hpp
#13 110.8 -- Installing: /opt/opencv/lib/libopencv_imgcodecs.a
#13 110.8 -- Installing: /opt/opencv/include/opencv4/opencv2/imgcodecs.hpp
#13 110.8 -- Installing: /opt/opencv/include/opencv4/opencv2/imgcodecs/imgcodecs.hpp
#13 110.8 -- Installing: /opt/opencv/include/opencv4/opencv2/imgcodecs/imgcodecs_c.h
#13 110.8 -- Installing: /opt/opencv/include/opencv4/opencv2/imgcodecs/ios.h
#13 110.8 -- Installing: /opt/opencv/include/opencv4/opencv2/imgcodecs/legacy/constants_c.h
#13 110.8 -- Installing: /opt/opencv/include/opencv4/opencv2/imgcodecs/macosx.h
#13 110.8 -- Installing: /opt/opencv/lib/libopencv_videoio.a
#13 110.8 -- Installing: /opt/opencv/include/opencv4/opencv2/videoio.hpp
#13 110.8 -- Installing: /opt/opencv/include/opencv4/opencv2/videoio/cap_ios.h
#13 110.8 -- Installing: /opt/opencv/include/opencv4/opencv2/videoio/legacy/constants_c.h
#13 110.8 -- Installing: /opt/opencv/include/opencv4/opencv2/videoio/registry.hpp
#13 110.8 -- Installing: /opt/opencv/include/opencv4/opencv2/videoio/videoio.hpp
#13 110.8 -- Installing: /opt/opencv/include/opencv4/opencv2/videoio/videoio_c.h
#13 110.8 -- Installing: /opt/opencv/share/opencv4/haarcascades/haarcascade_eye.xml
#13 110.8 -- Installing: /opt/opencv/share/opencv4/haarcascades/haarcascade_eye_tree_eyeglasses.xml
#13 110.8 -- Installing: /opt/opencv/share/opencv4/haarcascades/haarcascade_frontalcatface.xml
#13 110.8 -- Installing: /opt/opencv/share/opencv4/haarcascades/haarcascade_frontalcatface_extended.xml
#13 110.8 -- Installing: /opt/opencv/share/opencv4/haarcascades/haarcascade_frontalface_alt.xml
#13 110.8 -- Installing: /opt/opencv/share/opencv4/haarcascades/haarcascade_frontalface_alt2.xml
#13 110.8 -- Installing: /opt/opencv/share/opencv4/haarcascades/haarcascade_frontalface_alt_tree.xml
#13 110.8 -- Installing: /opt/opencv/share/opencv4/haarcascades/haarcascade_frontalface_default.xml
#13 110.8 -- Installing: /opt/opencv/share/opencv4/haarcascades/haarcascade_fullbody.xml
#13 110.8 -- Installing: /opt/opencv/share/opencv4/haarcascades/haarcascade_lefteye_2splits.xml
#13 110.8 -- Installing: /opt/opencv/share/opencv4/haarcascades/haarcascade_license_plate_rus_16stages.xml
#13 110.8 -- Installing: /opt/opencv/share/opencv4/haarcascades/haarcascade_lowerbody.xml
#13 110.8 -- Installing: /opt/opencv/share/opencv4/haarcascades/haarcascade_profileface.xml
#13 110.8 -- Installing: /opt/opencv/share/opencv4/haarcascades/haarcascade_righteye_2splits.xml
#13 110.8 -- Installing: /opt/opencv/share/opencv4/haarcascades/haarcascade_russian_plate_number.xml
#13 110.8 -- Installing: /opt/opencv/share/opencv4/haarcascades/haarcascade_smile.xml
#13 110.8 -- Installing: /opt/opencv/share/opencv4/haarcascades/haarcascade_upperbody.xml
#13 110.8 -- Installing: /opt/opencv/share/opencv4/lbpcascades/lbpcascade_frontalcatface.xml
#13 110.8 -- Installing: /opt/opencv/share/opencv4/lbpcascades/lbpcascade_frontalface.xml
#13 110.8 -- Installing: /opt/opencv/share/opencv4/lbpcascades/lbpcascade_frontalface_improved.xml
#13 110.8 -- Installing: /opt/opencv/share/opencv4/lbpcascades/lbpcascade_profileface.xml
#13 110.8 -- Installing: /opt/opencv/share/opencv4/lbpcascades/lbpcascade_silverware.xml
#13 110.8 make: Leaving directory '/root/build'
#13 DONE 110.9s

#14 [test  3/11] RUN set -xeu &&     DEBIAN_FRONTEND=noninteractive apt-get install -y curl clang libclang-dev     cmake     libavcodec-dev libavformat-dev libavutil-dev libswscale-dev
#14 CACHED

#15 [test  4/11] RUN set -xeu &&     curl --proto '=https' --tlsv1.2 -sSf https://sh.rustup.rs | sh -s -- -y --profile=minimal
#15 CACHED

#16 [frontend 2/3] RUN set -xeu && 	git clone https://github.com/piotrpdev/oko.git /root/oko
#16 CACHED

#17 [frontend 3/3] RUN set -xeu && 	npm --prefix=/root/oko/frontend ci && 	npm --prefix=/root/oko/frontend run build && 	mkdir -p /root/oko/backend/static && 	cp -r /root/oko/frontend/dist/* /root/oko/backend/static/
#17 CACHED

#18 [test  5/11] COPY --from=backend /opt/opencv /opt/opencv
#18 DONE 0.3s

#19 [test  6/11] COPY --from=frontend /root/oko /root/oko
#19 DONE 4.4s

#20 [test  7/11] RUN set -xeu && 	ls /opt/opencv/lib && 	ls /opt/opencv/lib/opencv4/3rdparty && 	ls /usr/lib/x86_64-linux-gnu && 	ls /opt/opencv/include && 	ls /opt/opencv/include/opencv4 && 	ls /usr/include/x86_64-linux-gnu
#20 0.366 + ls /opt/opencv/lib
#20 0.367 cmake
#20 0.367 libopencv_core.a
#20 0.367 libopencv_imgcodecs.a
#20 0.367 libopencv_imgproc.a
#20 0.367 libopencv_video.a
#20 0.367 libopencv_videoio.a
#20 0.367 opencv4
#20 0.367 + ls /opt/opencv/lib/opencv4/3rdparty
#20 0.367 libippicv.a
#20 0.367 libippiw.a
#20 0.367 liblibjpeg-turbo.a
#20 0.367 liblibopenjp2.a
#20 0.367 liblibpng.a
#20 0.367 libzlib.a
#20 0.367 + ls /usr/lib/x86_64-linux-gnu
#20 0.368 Mcrt1.o
#20 0.368 Scrt1.o
#20 0.368 audit
#20 0.368 bfd-plugins
#20 0.368 crt1.o
#20 0.368 crti.o
#20 0.368 crtn.o
#20 0.368 dri
#20 0.368 e2fsprogs
#20 0.368 engines-3
#20 0.368 gconv
#20 0.368 gcrt1.o
#20 0.368 gdk-pixbuf-2.0
#20 0.368 gio
#20 0.368 glib-2.0
#20 0.368 grcrt1.o
#20 0.368 icu
#20 0.368 krb5
#20 0.368 ld-linux-x86-64.so.2
#20 0.368 ldscripts
#20 0.368 libBrokenLocale.a
#20 0.368 libBrokenLocale.so
#20 0.368 libBrokenLocale.so.1
#20 0.368 libLLVM-14.0.0.so.1
#20 0.368 libLLVM-14.so
#20 0.368 libLLVM-14.so.1
#20 0.368 libLLVM-15.so
#20 0.368 libLLVM-15.so.1
#20 0.368 libOpenCL.so.1
#20 0.368 libOpenCL.so.1.0.0
#20 0.368 libX11-xcb.so.1
#20 0.368 libX11-xcb.so.1.0.0
#20 0.368 libX11.so.6
#20 0.368 libX11.so.6.4.0
#20 0.368 libXau.so.6
#20 0.368 libXau.so.6.0.0
#20 0.368 libXdmcp.so.6
#20 0.368 libXdmcp.so.6.0.0
#20 0.368 libXext.so.6
#20 0.368 libXext.so.6.4.0
#20 0.368 libXfixes.so.3
#20 0.368 libXfixes.so.3.1.0
#20 0.368 libXpm.so.4
#20 0.368 libXpm.so.4.11.0
#20 0.368 libXrender.so.1
#20 0.368 libXrender.so.1.3.0
#20 0.368 libaacs.so.0
#20 0.368 libaacs.so.0.7.2
#20 0.368 libacl.so.1
#20 0.368 libacl.so.1.1.2301
#20 0.368 libanl.a
#20 0.368 libanl.so
#20 0.368 libanl.so.1
#20 0.368 libaom.so.3
#20 0.368 libaom.so.3.3.0
#20 0.368 libapt-pkg.so.6.0
#20 0.368 libapt-pkg.so.6.0.0
#20 0.368 libapt-private.so.0.0
#20 0.368 libapt-private.so.0.0.0
#20 0.368 libarchive.so.13
#20 0.368 libarchive.so.13.6.0
#20 0.368 libasan.so.6
#20 0.368 libasan.so.6.0.0
#20 0.368 libatomic.so.1
#20 0.368 libatomic.so.1.2.0
#20 0.368 libattr.so.1
#20 0.368 libattr.so.1.1.2501
#20 0.368 libaudit.so.1
#20 0.368 libaudit.so.1.0.0
#20 0.368 libavcodec.a
#20 0.368 libavcodec.so
#20 0.368 libavcodec.so.58
#20 0.368 libavcodec.so.58.134.100
#20 0.368 libavformat.a
#20 0.368 libavformat.so
#20 0.368 libavformat.so.58
#20 0.368 libavformat.so.58.76.100
#20 0.368 libavutil.a
#20 0.368 libavutil.so
#20 0.368 libavutil.so.56
#20 0.368 libavutil.so.56.70.100
#20 0.368 libbdplus.so.0
#20 0.368 libbdplus.so.0.2.0
#20 0.368 libbfd-2.38-system.so
#20 0.368 libblkid.so.1
#20 0.368 libblkid.so.1.1.0
#20 0.368 libbluray.so.2
#20 0.368 libbluray.so.2.4.1
#20 0.368 libbrotlicommon.so.1
#20 0.368 libbrotlicommon.so.1.0.9
#20 0.368 libbrotlidec.so.1
#20 0.368 libbrotlidec.so.1.0.9
#20 0.368 libbrotlienc.so.1
#20 0.368 libbrotlienc.so.1.0.9
#20 0.368 libbsd.so.0
#20 0.368 libbsd.so.0.11.5
#20 0.368 libbz2.so.1
#20 0.368 libbz2.so.1.0
#20 0.368 libbz2.so.1.0.4
#20 0.368 libc.a
#20 0.368 libc.so
#20 0.368 libc.so.6
#20 0.368 libc_malloc_debug.so
#20 0.368 libc_malloc_debug.so.0
#20 0.368 libc_nonshared.a
#20 0.368 libcairo-gobject.so.2
#20 0.368 libcairo-gobject.so.2.11600.0
#20 0.368 libcairo.so.2
#20 0.368 libcairo.so.2.11600.0
#20 0.368 libcap-ng.so.0
#20 0.368 libcap-ng.so.0.0.0
#20 0.368 libcap.so.2
#20 0.368 libcap.so.2.44
#20 0.368 libcc1.so.0
#20 0.368 libcc1.so.0.0.0
#20 0.368 libchromaprint.so.1
#20 0.368 libchromaprint.so.1.5.1
#20 0.368 libclang-14.so
#20 0.368 libclang-14.so.1
#20 0.368 libclang-14.so.13
#20 0.368 libclang-14.so.14.0.0
#20 0.368 libclang-cpp.so.14
#20 0.368 libcodec2.so.1.0
#20 0.368 libcom_err.so.2
#20 0.368 libcom_err.so.2.1
#20 0.368 libcrypt.a
#20 0.368 libcrypt.so
#20 0.368 libcrypt.so.1
#20 0.368 libcrypt.so.1.1.0
#20 0.368 libcrypto.so.3
#20 0.368 libctf-nobfd.so.0
#20 0.368 libctf-nobfd.so.0.0.0
#20 0.368 libctf.so.0
#20 0.368 libctf.so.0.0.0
#20 0.368 libcurl.so.4
#20 0.368 libcurl.so.4.7.0
#20 0.368 libcurses.a
#20 0.368 libcurses.so
#20 0.368 libdatrie.so.1
#20 0.368 libdatrie.so.1.4.0
#20 0.368 libdav1d.so.5
#20 0.368 libdav1d.so.5.1.1
#20 0.368 libdb-5.3.so
#20 0.368 libdebconfclient.so.0
#20 0.368 libdebconfclient.so.0.0.0
#20 0.368 libdeflate.so.0
#20 0.368 libdl.a
#20 0.368 libdl.so.2
#20 0.368 libdrm.so.2
#20 0.368 libdrm.so.2.4.0
#20 0.368 libdrm_amdgpu.so.1
#20 0.368 libdrm_amdgpu.so.1.0.0
#20 0.368 libdrm_intel.so.1
#20 0.368 libdrm_intel.so.1.0.0
#20 0.368 libdrm_nouveau.so.2
#20 0.368 libdrm_nouveau.so.2.0.0
#20 0.368 libdrm_radeon.so.1
#20 0.368 libdrm_radeon.so.1.0.1
#20 0.368 libe2p.so.2
#20 0.368 libe2p.so.2.3
#20 0.368 libedit.so.2
#20 0.368 libedit.so.2.0.68
#20 0.368 libelf-0.186.so
#20 0.368 libelf.so.1
#20 0.368 libexpat.so.1
#20 0.368 libexpat.so.1.8.7
#20 0.368 libexpatw.so.1
#20 0.368 libexpatw.so.1.8.7
#20 0.368 libext2fs.so.2
#20 0.368 libext2fs.so.2.4
#20 0.368 libffi.a
#20 0.368 libffi.so
#20 0.368 libffi.so.8
#20 0.368 libffi.so.8.1.0
#20 0.368 libffi_pic.a
#20 0.368 libfontconfig.so.1
#20 0.368 libfontconfig.so.1.12.0
#20 0.368 libform.a
#20 0.368 libform.so
#20 0.368 libform.so.6
#20 0.368 libform.so.6.3
#20 0.368 libformw.a
#20 0.368 libformw.so
#20 0.368 libformw.so.6
#20 0.368 libformw.so.6.3
#20 0.368 libfreetype.so.6
#20 0.368 libfreetype.so.6.18.1
#20 0.368 libfribidi.so.0
#20 0.368 libfribidi.so.0.4.0
#20 0.368 libg.a
#20 0.368 libgc.so.1
#20 0.368 libgc.so.1.4.4
#20 0.368 libgcc_s.so.1
#20 0.368 libgccpp.so.1
#20 0.368 libgccpp.so.1.4.1
#20 0.368 libgcrypt.so.20
#20 0.368 libgcrypt.so.20.3.4
#20 0.368 libgd.so.3
#20 0.368 libgd.so.3.0.8
#20 0.368 libgdk_pixbuf-2.0.so.0
#20 0.368 libgdk_pixbuf-2.0.so.0.4200.8
#20 0.368 libgio-2.0.so.0
#20 0.368 libgio-2.0.so.0.7200.4
#20 0.368 libglib-2.0.so.0
#20 0.368 libglib-2.0.so.0.7200.4
#20 0.368 libgme.so.0
#20 0.368 libgme.so.0.6.3
#20 0.368 libgmodule-2.0.so.0
#20 0.368 libgmodule-2.0.so.0.7200.4
#20 0.368 libgmp.so.10
#20 0.368 libgmp.so.10.4.1
#20 0.368 libgnutls.so.30
#20 0.368 libgnutls.so.30.31.0
#20 0.368 libgobject-2.0.so.0
#20 0.368 libgobject-2.0.so.0.7200.4
#20 0.368 libgomp.so.1
#20 0.368 libgomp.so.1.0.0
#20 0.368 libgpg-error.so.0
#20 0.368 libgpg-error.so.0.32.1
#20 0.368 libgraphite2.so.2.0.0
#20 0.368 libgraphite2.so.3
#20 0.368 libgraphite2.so.3.2.1
#20 0.368 libgsm.so.1
#20 0.368 libgsm.so.1.0.19
#20 0.368 libgssapi_krb5.so.2
#20 0.368 libgssapi_krb5.so.2.2
#20 0.368 libgthread-2.0.so.0
#20 0.368 libgthread-2.0.so.0.7200.4
#20 0.368 libharfbuzz.so.0
#20 0.368 libharfbuzz.so.0.20704.0
#20 0.368 libhistory.so.8
#20 0.368 libhistory.so.8.1
#20 0.368 libhogweed.so.6
#20 0.368 libhogweed.so.6.4
#20 0.368 libicudata.a
#20 0.368 libicudata.so
#20 0.368 libicudata.so.70
#20 0.368 libicudata.so.70.1
#20 0.368 libicui18n.a
#20 0.368 libicui18n.so
#20 0.368 libicui18n.so.70
#20 0.368 libicui18n.so.70.1
#20 0.368 libicuio.a
#20 0.368 libicuio.so
#20 0.368 libicuio.so.70
#20 0.368 libicuio.so.70.1
#20 0.368 libicutest.a
#20 0.368 libicutest.so
#20 0.368 libicutest.so.70
#20 0.368 libicutest.so.70.1
#20 0.368 libicutu.a
#20 0.368 libicutu.so
#20 0.368 libicutu.so.70
#20 0.368 libicutu.so.70.1
#20 0.368 libicuuc.a
#20 0.368 libicuuc.so
#20 0.369 libicuuc.so.70
#20 0.369 libicuuc.so.70.1
#20 0.369 libidn2.so.0
#20 0.369 libidn2.so.0.3.7
#20 0.369 libigdgmm.so.12
#20 0.369 libigdgmm.so.12.1.0
#20 0.369 libisl.so.23
#20 0.369 libisl.so.23.1.0
#20 0.369 libitm.so.1
#20 0.369 libitm.so.1.0.0
#20 0.369 libjbig.so.0
#20 0.369 libjpeg.so.8
#20 0.369 libjpeg.so.8.2.2
#20 0.369 libjsoncpp.so.1.9.5
#20 0.369 libjsoncpp.so.25
#20 0.369 libk5crypto.so.3
#20 0.369 libk5crypto.so.3.1
#20 0.369 libkeyutils.so.1
#20 0.369 libkeyutils.so.1.9
#20 0.369 libkrb5.so.3
#20 0.369 libkrb5.so.3.3
#20 0.369 libkrb5support.so.0
#20 0.369 libkrb5support.so.0.1
#20 0.369 liblber-2.5.so.0
#20 0.369 liblber-2.5.so.0.1.13
#20 0.369 libldap-2.5.so.0
#20 0.369 libldap-2.5.so.0.1.13
#20 0.369 liblsan.so.0
#20 0.369 liblsan.so.0.0.0
#20 0.369 liblz4.so.1
#20 0.369 liblz4.so.1.9.3
#20 0.369 liblzma.so.5
#20 0.369 liblzma.so.5.2.5
#20 0.369 libm-2.35.a
#20 0.369 libm.a
#20 0.369 libm.so
#20 0.369 libm.so.6
#20 0.369 libmcheck.a
#20 0.369 libmd.so.0
#20 0.369 libmd.so.0.0.5
#20 0.369 libmemusage.so
#20 0.369 libmenu.a
#20 0.369 libmenu.so
#20 0.369 libmenu.so.6
#20 0.369 libmenu.so.6.3
#20 0.369 libmenuw.a
#20 0.369 libmenuw.so
#20 0.369 libmenuw.so.6
#20 0.369 libmenuw.so.6.3
#20 0.369 libmfx-tracer.so.1
#20 0.369 libmfx-tracer.so.1.35
#20 0.369 libmfx.so.1
#20 0.369 libmfx.so.1.35
#20 0.369 libmfxhw64.so.1
#20 0.369 libmfxhw64.so.1.35
#20 0.369 libmount.so.1
#20 0.369 libmount.so.1.1.0
#20 0.369 libmp3lame.so.0
#20 0.369 libmp3lame.so.0.0.0
#20 0.369 libmpc.so.3
#20 0.369 libmpc.so.3.2.1
#20 0.369 libmpdec++.so.2.5.1
#20 0.369 libmpdec++.so.3
#20 0.369 libmpdec.so.2.5.1
#20 0.369 libmpdec.so.3
#20 0.369 libmpfr.so.6
#20 0.369 libmpfr.so.6.1.0
#20 0.369 libmpg123.so.0
#20 0.369 libmpg123.so.0.46.7
#20 0.369 libmvec.a
#20 0.369 libmvec.so
#20 0.369 libmvec.so.1
#20 0.369 libncurses++.a
#20 0.369 libncurses++w.a
#20 0.369 libncurses.a
#20 0.369 libncurses.so
#20 0.369 libncurses.so.6
#20 0.369 libncurses.so.6.3
#20 0.369 libncursesw.a
#20 0.369 libncursesw.so
#20 0.369 libncursesw.so.6
#20 0.369 libncursesw.so.6.3
#20 0.369 libnettle.so.8
#20 0.369 libnettle.so.8.4
#20 0.369 libnghttp2.so.14
#20 0.369 libnghttp2.so.14.20.1
#20 0.369 libnorm.so.1
#20 0.369 libnsl.a
#20 0.369 libnsl.so
#20 0.369 libnsl.so.1
#20 0.369 libnsl.so.2
#20 0.369 libnsl.so.2.0.1
#20 0.369 libnss_compat.so
#20 0.369 libnss_compat.so.2
#20 0.369 libnss_dns.so.2
#20 0.369 libnss_files.so.2
#20 0.369 libnss_hesiod.so
#20 0.369 libnss_hesiod.so.2
#20 0.369 libnuma.so.1
#20 0.369 libnuma.so.1.0.0
#20 0.369 libobjc.so.4
#20 0.369 libobjc.so.4.0.0
#20 0.369 libobjc_gc.so.4
#20 0.369 libobjc_gc.so.4.0.0
#20 0.369 libogg.so.0
#20 0.369 libogg.so.0.8.5
#20 0.369 libopcodes-2.38-system.so
#20 0.369 libopenjp2.so.2.4.0
#20 0.369 libopenjp2.so.7
#20 0.369 libopenmpt.so.0
#20 0.369 libopenmpt.so.0.3.3
#20 0.369 libopus.so.0
#20 0.369 libopus.so.0.8.0
#20 0.369 libp11-kit.so.0
#20 0.369 libp11-kit.so.0.3.0
#20 0.369 libpam.so.0
#20 0.369 libpam.so.0.85.1
#20 0.369 libpam_misc.so.0
#20 0.369 libpam_misc.so.0.82.1
#20 0.369 libpamc.so.0
#20 0.369 libpamc.so.0.82.1
#20 0.369 libpanel.a
#20 0.369 libpanel.so
#20 0.369 libpanel.so.6
#20 0.369 libpanel.so.6.3
#20 0.369 libpanelw.a
#20 0.369 libpanelw.so
#20 0.369 libpanelw.so.6
#20 0.369 libpanelw.so.6.3
#20 0.369 libpango-1.0.so.0
#20 0.369 libpango-1.0.so.0.5000.6
#20 0.369 libpangocairo-1.0.so.0
#20 0.369 libpangocairo-1.0.so.0.5000.6
#20 0.369 libpangoft2-1.0.so.0
#20 0.369 libpangoft2-1.0.so.0.5000.6
#20 0.369 libpciaccess.so.0
#20 0.369 libpciaccess.so.0.11.1
#20 0.369 libpcprofile.so
#20 0.369 libpcre.so.3
#20 0.369 libpcre.so.3.13.3
#20 0.369 libpcre2-8.so.0
#20 0.369 libpcre2-8.so.0.10.4
#20 0.369 libpcreposix.so.3
#20 0.369 libpcreposix.so.3.13.3
#20 0.369 libpfm.so.4
#20 0.369 libpfm.so.4.11.1
#20 0.369 libpgm-5.3.so.0
#20 0.369 libpgm-5.3.so.0.0.128
#20 0.369 libpipeline.so.1
#20 0.369 libpipeline.so.1.5.5
#20 0.369 libpixman-1.so.0
#20 0.369 libpixman-1.so.0.40.0
#20 0.369 libpng16.so.16
#20 0.369 libpng16.so.16.37.0
#20 0.369 libprocps.so.8
#20 0.369 libprocps.so.8.0.3
#20 0.369 libpsl.so.5
#20 0.369 libpsl.so.5.3.2
#20 0.369 libpthread.a
#20 0.369 libpthread.so.0
#20 0.369 libquadmath.so.0
#20 0.369 libquadmath.so.0.0.0
#20 0.369 librabbitmq.so.4
#20 0.369 librabbitmq.so.4.4.0
#20 0.369 libreadline.so.8
#20 0.369 libreadline.so.8.1
#20 0.369 libresolv.a
#20 0.369 libresolv.so
#20 0.369 libresolv.so.2
#20 0.369 librhash.so.0
#20 0.369 librsvg-2.so.2
#20 0.369 librsvg-2.so.2.48.0
#20 0.369 librt.a
#20 0.369 librt.so.1
#20 0.369 librtmp.so.1
#20 0.369 libsasl2.so.2
#20 0.369 libsasl2.so.2.0.25
#20 0.369 libseccomp.so.2
#20 0.369 libseccomp.so.2.5.3
#20 0.369 libselinux.so.1
#20 0.369 libsemanage.so.2
#20 0.369 libsepol.so.2
#20 0.369 libshine.so.3
#20 0.369 libshine.so.3.0.1
#20 0.369 libsmartcols.so.1
#20 0.369 libsmartcols.so.1.1.0
#20 0.369 libsnappy.so.1
#20 0.369 libsnappy.so.1.1.8
#20 0.369 libsodium.so.23
#20 0.369 libsodium.so.23.3.0
#20 0.369 libsoxr.so.0
#20 0.369 libsoxr.so.0.1.2
#20 0.369 libspeex.so.1
#20 0.369 libspeex.so.1.5.0
#20 0.369 libsqlite3.so.0
#20 0.369 libsqlite3.so.0.8.6
#20 0.369 libsrt-gnutls.so.1.4
#20 0.369 libsrt-gnutls.so.1.4.4
#20 0.369 libss.so.2
#20 0.369 libss.so.2.0
#20 0.369 libssh-gcrypt.so.4
#20 0.369 libssh-gcrypt.so.4.8.7
#20 0.369 libssh.so.4
#20 0.369 libssh.so.4.8.7
#20 0.369 libssl.so.3
#20 0.369 libstdc++.so.6
#20 0.369 libstdc++.so.6.0.30
#20 0.369 libswresample.a
#20 0.369 libswresample.so
#20 0.369 libswresample.so.3
#20 0.369 libswresample.so.3.9.100
#20 0.369 libswscale.a
#20 0.369 libswscale.so
#20 0.369 libswscale.so.5
#20 0.369 libswscale.so.5.9.100
#20 0.369 libsystemd.so.0
#20 0.369 libsystemd.so.0.32.0
#20 0.369 libtasn1.so.6
#20 0.369 libtasn1.so.6.6.2
#20 0.369 libtermcap.a
#20 0.369 libtermcap.so
#20 0.369 libthai.so.0
#20 0.369 libthai.so.0.3.1
#20 0.369 libtheora.so.0
#20 0.369 libtheora.so.0.3.10
#20 0.369 libtheoradec.so.1
#20 0.369 libtheoradec.so.1.1.4
#20 0.369 libtheoraenc.so.1
#20 0.369 libtheoraenc.so.1.1.2
#20 0.369 libthread_db.so
#20 0.369 libthread_db.so.1
#20 0.369 libtic.a
#20 0.369 libtic.so
#20 0.369 libtic.so.6
#20 0.369 libtic.so.6.3
#20 0.369 libtiff.so.5
#20 0.369 libtiff.so.5.7.0
#20 0.369 libtinfo.a
#20 0.369 libtinfo.so
#20 0.369 libtinfo.so.6
#20 0.369 libtinfo.so.6.3
#20 0.369 libtirpc.a
#20 0.369 libtirpc.so
#20 0.369 libtirpc.so.3
#20 0.369 libtirpc.so.3.0.0
#20 0.369 libtsan.so.0
#20 0.369 libtsan.so.0.0.0
#20 0.369 libtwolame.so.0
#20 0.369 libtwolame.so.0.0.0
#20 0.369 libubsan.so.1
#20 0.369 libubsan.so.1.0.0
#20 0.369 libudev.so.1
#20 0.369 libudev.so.1.7.2
#20 0.369 libudfread.so.0
#20 0.369 libudfread.so.0.1.0
#20 0.369 libunistring.so.2
#20 0.369 libunistring.so.2.2.0
#20 0.369 libutil.a
#20 0.369 libutil.so.1
#20 0.369 libuuid.so.1
#20 0.369 libuuid.so.1.3.0
#20 0.369 libuv.so.1
#20 0.369 libuv.so.1.0.0
#20 0.369 libva-drm.so.2
#20 0.369 libva-drm.so.2.1400.0
#20 0.369 libva-x11.so.2
#20 0.369 libva-x11.so.2.1400.0
#20 0.369 libva.so.2
#20 0.369 libva.so.2.1400.0
#20 0.369 libvdpau.so.1
#20 0.369 libvdpau.so.1.0.0
#20 0.369 libvorbis.so.0
#20 0.369 libvorbis.so.0.4.9
#20 0.369 libvorbisenc.so.2
#20 0.369 libvorbisenc.so.2.0.12
#20 0.369 libvorbisfile.so.3
#20 0.369 libvorbisfile.so.3.3.8
#20 0.369 libvpx.so.7
#20 0.369 libvpx.so.7.0
#20 0.369 libvpx.so.7.0.0
#20 0.369 libwebp.so.7
#20 0.369 libwebp.so.7.1.3
#20 0.369 libwebpmux.so.3
#20 0.369 libwebpmux.so.3.0.8
#20 0.369 libx264.so.163
#20 0.369 libx265.so.199
#20 0.369 libxcb-dri2.so.0
#20 0.369 libxcb-dri2.so.0.0.0
#20 0.369 libxcb-dri3.so.0
#20 0.369 libxcb-dri3.so.0.0.0
#20 0.369 libxcb-present.so.0
#20 0.369 libxcb-present.so.0.0.0
#20 0.369 libxcb-render.so.0
#20 0.369 libxcb-render.so.0.0.0
#20 0.369 libxcb-shm.so.0
#20 0.369 libxcb-shm.so.0.0.0
#20 0.369 libxcb-sync.so.1
#20 0.369 libxcb-sync.so.1.0.0
#20 0.369 libxcb-xfixes.so.0
#20 0.369 libxcb-xfixes.so.0.0.0
#20 0.369 libxcb.so.1
#20 0.369 libxcb.so.1.1.0
#20 0.369 libxml2.a
#20 0.369 libxml2.so
#20 0.369 libxml2.so.2
#20 0.369 libxml2.so.2.9.13
#20 0.369 libxshmfence.so.1
#20 0.369 libxshmfence.so.1.0.0
#20 0.369 libxvidcore.so.4
#20 0.369 libxvidcore.so.4.3
#20 0.369 libxxhash.so.0
#20 0.369 libxxhash.so.0.8.1
#20 0.369 libyaml-0.so.2
#20 0.369 libyaml-0.so.2.0.6
#20 0.369 libz.so.1
#20 0.369 libz.so.1.2.11
#20 0.369 libz3.so
#20 0.369 libz3.so.4
#20 0.369 libzmq.so.5
#20 0.369 libzmq.so.5.2.4
#20 0.369 libzstd.so.1
#20 0.369 libzstd.so.1.4.8
#20 0.369 libzvbi-chains.so.0
#20 0.369 libzvbi-chains.so.0.0.0
#20 0.369 libzvbi.so.0
#20 0.369 libzvbi.so.0.13.2
#20 0.369 mfx
#20 0.369 ossl-modules
#20 0.369 perl-base
#20 0.369 pkgconfig
#20 0.369 rcrt1.o
#20 0.369 sasl2
#20 0.369 security
#20 0.369 vdpau
#20 0.369 xml2Conf.sh
#20 0.369 + ls /opt/opencv/include
#20 0.369 opencv4
#20 0.369 + ls /opt/opencv/include/opencv4
#20 0.370 opencv2
#20 0.370 + ls /usr/include/x86_64-linux-gnu
#20 0.371 a.out.h
#20 0.371 asm
#20 0.371 bits
#20 0.371 c++
#20 0.371 ffi.h
#20 0.371 ffitarget.h
#20 0.371 fpu_control.h
#20 0.371 gnu
#20 0.371 ieee754.h
#20 0.371 libavcodec
#20 0.371 libavformat
#20 0.371 libavutil
#20 0.371 libswresample
#20 0.371 libswscale
#20 0.371 sys
#20 DONE 0.5s

#21 [test  8/11] RUN set -xeu && 	cd /root/oko/backend && 	cargo build
#21 0.793 + cd /root/oko/backend
#21 0.793 + cargo build
#21 0.856     Updating crates.io index
#21 3.392  Downloading crates ...
#21 3.721   Downloaded atoi v2.0.0
#21 3.780   Downloaded allocator-api2 v0.2.21
#21 3.797   Downloaded autocfg v1.4.0
#21 3.801   Downloaded argon2 v0.5.3
#21 3.803   Downloaded async-trait v0.1.83
#21 3.810   Downloaded ahash v0.8.11
#21 3.830   Downloaded equivalent v1.0.1
#21 3.845   Downloaded foreign-types v0.3.2
#21 3.848   Downloaded cfg-if v1.0.0
#21 3.853   Downloaded axum-core v0.4.5
#21 3.863   Downloaded foreign-types-shared v0.1.1
#21 3.877   Downloaded http-body v1.0.1
#21 3.879   Downloaded crossbeam-queue v0.3.11
#21 3.883   Downloaded futures-core v0.3.31
#21 3.886   Downloaded icu_provider_macros v1.5.0
#21 3.888   Downloaded fnv v1.0.7
#21 3.889   Downloaded either v1.13.0
#21 3.893   Downloaded httpdate v1.0.3
#21 3.895   Downloaded futures-executor v0.3.31
#21 3.897   Downloaded tower-layer v0.3.3
#21 3.899   Downloaded hex v0.4.3
#21 3.902   Downloaded generic-array v0.14.7
#21 3.905   Downloaded lazy_static v1.5.0
#21 3.908   Downloaded http-body-util v0.1.2
#21 3.910   Downloaded heck v0.5.0
#21 3.912   Downloaded glob v0.3.1
#21 3.915   Downloaded displaydoc v0.2.5
#21 3.921   Downloaded idna_adapter v1.2.0
#21 3.922   Downloaded same-file v1.0.6
#21 3.925   Downloaded openssl-macros v0.1.1
#21 3.927   Downloaded tower-service v0.3.3
#21 3.929   Downloaded icu_locid_transform v1.5.0
#21 3.934   Downloaded litemap v0.7.4
#21 3.938   Downloaded slab v0.4.9
#21 3.940   Downloaded rust-embed-impl v8.5.0
#21 3.942   Downloaded cookie v0.18.1
#21 3.946   Downloaded time-core v0.1.2
#21 3.948   Downloaded futures v0.3.31
#21 3.955   Downloaded rust-embed-utils v8.5.0
#21 3.957   Downloaded sha2 v0.10.8
#21 3.962   Downloaded tokio-macros v2.4.0
#21 3.964   Downloaded futures-intrusive v0.5.0
#21 3.974   Downloaded thiserror v2.0.6
#21 3.985   Downloaded rand_core v0.6.4
#21 3.988   Downloaded idna v1.0.3
#21 3.995   Downloaded sqlx-postgres v0.8.2
#21 4.008   Downloaded semver v1.0.23
#21 4.014   Downloaded thread_local v1.1.8
#21 4.017   Downloaded signal-hook-registry v1.4.2
#21 4.020   Downloaded serde_urlencoded v0.7.1
#21 4.024   Downloaded smallvec v1.13.2
#21 4.029   Downloaded syn v2.0.90
#21 4.049   Downloaded serde_path_to_error v0.1.16
#21 4.053   Downloaded zeroize v1.8.1
#21 4.057   Downloaded sqlx-sqlite v0.8.2
#21 4.067   Downloaded spin v0.9.8
#21 4.073   Downloaded rustversion v1.0.18
#21 4.081   Downloaded zerocopy-derive v0.7.35
#21 4.093   Downloaded walkdir v2.5.0
#21 4.098   Downloaded stable_deref_trait v1.2.0
#21 4.101   Downloaded tokio v1.42.0
#21 4.174   Downloaded rmp-serde v1.3.0
#21 4.178   Downloaded pkcs1 v0.7.5
#21 4.185   Downloaded parking_lot v0.12.3
#21 4.191   Downloaded tempfile v3.14.0
#21 4.198   Downloaded stringprep v0.1.5
#21 4.201   Downloaded scopeguard v1.2.0
#21 4.205   Downloaded sync_wrapper v1.0.2
#21 4.207   Downloaded thiserror-impl v1.0.69
#21 4.209   Downloaded thiserror v1.0.69
#21 4.217   Downloaded tungstenite v0.24.0
#21 4.223   Downloaded tracing-core v0.1.33
#21 4.228   Downloaded openssl-sys v0.9.104
#21 4.238   Downloaded rand v0.8.5
#21 4.246   Downloaded rsa v0.9.7
#21 4.258   Downloaded minimal-lexical v0.2.1
#21 4.266   Downloaded regex-automata v0.1.10
#21 4.274   Downloaded tower-http v0.6.2
#21 4.288   Downloaded zerocopy v0.7.35
#21 4.312   Downloaded unicode-normalization v0.1.24
#21 4.319   Downloaded tokio-util v0.7.13
#21 4.331   Downloaded regex v1.11.1
#21 4.353   Downloaded vcpkg v0.2.15
#21 4.415   Downloaded tracing-subscriber v0.3.19
#21 4.426   Downloaded openssl v0.10.68
#21 4.437   Downloaded opencv-binding-generator v0.93.0
#21 4.452   Downloaded regex-syntax v0.6.29
#21 4.462   Downloaded num-bigint-dig v0.8.4
#21 4.468   Downloaded regex-syntax v0.8.5
#21 4.478   Downloaded nom v7.1.3
#21 4.486   Downloaded rustix v0.38.42
#21 4.524   Downloaded mio v1.0.3
#21 4.532   Downloaded zerovec v0.10.4
#21 4.540   Downloaded url v2.5.4
#21 4.544   Downloaded tower v0.5.2
#21 4.559   Downloaded linux-raw-sys v0.4.14
#21 4.610   Downloaded memchr v2.7.4
#21 4.619   Downloaded unicode_categories v0.1.1
#21 4.622   Downloaded axum-embed v0.1.0
#21 4.631   Downloaded regex-automata v0.4.9
#21 4.654   Downloaded tracing v0.1.41
#21 4.659   Downloaded unicode-ident v1.0.14
#21 4.663   Downloaded unicode-bidi v0.3.17
#21 4.667   Downloaded synstructure v0.13.1
#21 4.669   Downloaded time-macros v0.2.19
#21 4.672   Downloaded thiserror-impl v2.0.6
#21 4.674   Downloaded subtle v2.6.1
#21 4.676   Downloaded serde v1.0.216
#21 4.680   Downloaded tokio-tungstenite v0.24.0
#21 4.683   Downloaded tokio-stream v0.1.17
#21 4.688   Downloaded tinyvec v1.8.0
#21 4.692   Downloaded tinystr v0.7.6
#21 4.695   Downloaded ryu v1.0.18
#21 4.700   Downloaded mime_guess v2.0.5
#21 4.702   Downloaded num-traits v0.2.19
#21 4.706   Downloaded log v0.4.22
#21 4.709   Downloaded yoke v0.7.5
#21 4.712   Downloaded unicode-properties v0.1.3
#21 4.715   Downloaded typenum v1.17.0
#21 4.719   Downloaded tracing-attributes v0.1.28
#21 4.723   Downloaded tower-sessions v0.13.0
#21 4.727   Downloaded quote v1.0.37
#21 4.731   Downloaded proc-macro2 v1.0.92
#21 4.735   Downloaded pkcs8 v0.10.2
#21 4.738   Downloaded pin-project-lite v0.2.15
#21 4.746   Downloaded rust-embed v8.5.0
#21 4.756   Downloaded pem-rfc7468 v0.7.0
#21 4.759   Downloaded password-hash v0.5.0
#21 4.762   Downloaded password-auth v1.0.0
#21 4.764   Downloaded parking_lot_core v0.9.10
#21 4.768   Downloaded once_cell v1.20.2
#21 4.773   Downloaded writeable v0.5.5
#21 4.777   Downloaded whoami v1.5.2
#21 4.781   Downloaded version_check v0.9.5
#21 4.784   Downloaded libc v0.2.168
#21 4.832   Downloaded rmp v0.8.14
#21 4.838   Downloaded native-tls v0.2.12
#21 4.842   Downloaded matchit v0.7.3
#21 4.845   Downloaded socket2 v0.5.8
#21 4.847   Downloaded time v0.3.37
#21 4.857   Downloaded powerfmt v0.2.0
#21 4.859   Downloaded utf-8 v0.7.6
#21 4.861   Downloaded sqlx-mysql v0.8.2
#21 4.869   Downloaded serde_derive v1.0.216
#21 4.873   Downloaded utf8_iter v1.0.4
#21 4.875   Downloaded lock_api v0.4.12
#21 4.877   Downloaded ppv-lite86 v0.2.20
#21 4.879   Downloaded percent-encoding v2.3.1
#21 4.881   Downloaded paste v1.0.15
#21 4.885   Downloaded num-integer v0.1.46
#21 4.888   Downloaded mime v0.3.17
#21 4.890   Downloaded zerovec-derive v0.10.3
#21 4.892   Downloaded yoke-derive v0.7.5
#21 4.894   Downloaded tower-sessions-sqlx-store v0.14.2
#21 4.896   Downloaded opencv v0.93.5
#21 4.944   Downloaded tower-sessions-core v0.13.0
#21 4.946   Downloaded parking v2.2.1
#21 4.948   Downloaded signature v2.2.0
#21 4.950   Downloaded sqlx-core v0.8.2
#21 4.961   Downloaded utf16_iter v1.0.5
#21 4.962   Downloaded tokio-native-tls v0.3.1
#21 4.965   Downloaded shlex v1.3.0
#21 4.967   Downloaded tinyvec_macros v0.1.1
#21 4.969   Downloaded icu_properties_data v1.5.0
#21 4.984   Downloaded chrono v0.4.39
#21 4.994   Downloaded sqlx-macros-core v0.8.2
#21 4.997   Downloaded sqlx-macros v0.8.2
#21 4.999   Downloaded sqlformat v0.2.6
#21 5.001   Downloaded spki v0.7.3
#21 5.004   Downloaded sharded-slab v0.1.7
#21 5.008   Downloaded sha1 v0.10.6
#21 5.011   Downloaded sqlx v0.8.2
#21 5.032   Downloaded serde_json v1.0.133
#21 5.042   Downloaded num-iter v0.1.45
#21 5.043   Downloaded md-5 v0.10.6
#21 5.046   Downloaded zerofrom-derive v0.1.5
#21 5.048   Downloaded hyper v1.5.1
#21 5.058   Downloaded hkdf v0.12.4
#21 5.061   Downloaded futures-util v0.3.31
#21 5.077   Downloaded axum v0.7.9
#21 5.087   Downloaded pkg-config v0.3.31
#21 5.090   Downloaded libm v0.2.11
#21 5.099   Downloaded hashbrown v0.15.2
#21 5.106   Downloaded hashbrown v0.14.5
#21 5.112   Downloaded rand_chacha v0.3.1
#21 5.114   Downloaded http v1.2.0
#21 5.118   Downloaded pin-utils v0.1.0
#21 5.120   Downloaded tower-cookies v0.10.0
#21 5.122   Downloaded icu_collections v1.5.0
#21 5.131   Downloaded cc v1.2.3
#21 5.136   Downloaded indexmap v2.7.0
#21 5.141   Downloaded hyper-util v0.1.10
#21 5.148   Downloaded der v0.7.9
#21 5.154   Downloaded openssl-probe v0.1.5
#21 5.156   Downloaded num-conv v0.1.0
#21 5.157   Downloaded tower-sessions-memory-store v0.13.0
#21 5.158   Downloaded base64 v0.22.1
#21 5.164   Downloaded matchers v0.1.0
#21 5.165   Downloaded icu_properties v1.5.1
#21 5.168   Downloaded icu_normalizer v1.5.0
#21 5.173   Downloaded hmac v0.12.1
#21 5.176   Downloaded flume v0.11.1
#21 5.180   Downloaded urlencoding v2.1.3
#21 5.182   Downloaded icu_normalizer_data v1.5.0
#21 5.185   Downloaded icu_locid_transform_data v1.5.0
#21 5.188   Downloaded icu_locid v1.5.0
#21 5.195   Downloaded bytes v1.9.0
#21 5.200   Downloaded unicase v2.8.0
#21 5.202   Downloaded icu_provider v1.5.0
#21 5.205   Downloaded zerofrom v0.1.5
#21 5.207   Downloaded write16 v1.0.0
#21 5.208   Downloaded event-listener v5.3.1
#21 5.211   Downloaded clang v2.0.0
#21 5.215   Downloaded jobserver v0.1.32
#21 5.218   Downloaded httparse v1.9.5
#21 5.221   Downloaded const-oid v0.9.6
#21 5.224   Downloaded blake2 v0.10.6
#21 5.227   Downloaded iana-time-zone v0.1.61
#21 5.230   Downloaded clang-sys v1.8.1
#21 5.233   Downloaded itoa v1.0.14
#21 5.236   Downloaded home v0.5.9
#21 5.237   Downloaded getrandom v0.2.15
#21 5.241   Downloaded futures-macro v0.3.31
#21 5.242   Downloaded bitflags v2.6.0
#21 5.247   Downloaded aho-corasick v1.1.3
#21 5.253   Downloaded http-range-header v0.4.2
#21 5.255   Downloaded hashlink v0.9.1
#21 5.257   Downloaded futures-channel v0.3.31
#21 5.261   Downloaded deranged v0.3.11
#21 5.262   Downloaded crossbeam-utils v0.8.20
#21 5.267   Downloaded futures-task v0.3.31
#21 5.269   Downloaded futures-sink v0.3.31
#21 5.270   Downloaded futures-io v0.3.31
#21 5.272   Downloaded dunce v1.0.5
#21 5.274   Downloaded form_urlencoded v1.2.1
#21 5.276   Downloaded errno v0.3.10
#21 5.279   Downloaded digest v0.10.7
#21 5.283   Downloaded crypto-common v0.1.6
#21 5.285   Downloaded concurrent-queue v2.5.0
#21 5.289   Downloaded base64ct v1.6.0
#21 5.294   Downloaded dotenvy v0.15.7
#21 5.299   Downloaded data-encoding v2.6.0
#21 5.302   Downloaded cpufeatures v0.2.16
#21 5.305   Downloaded byteorder v1.5.0
#21 5.308   Downloaded fastrand v2.3.0
#21 5.311   Downloaded crc v3.2.1
#21 5.316   Downloaded block-buffer v0.10.4
#21 5.318   Downloaded axum-login v0.16.0
#21 5.320   Downloaded crc-catalog v2.4.0
#21 5.324   Downloaded libsqlite3-sys v0.30.1
#21 5.926    Compiling proc-macro2 v1.0.92
#21 5.926    Compiling unicode-ident v1.0.14
#21 5.926    Compiling autocfg v1.4.0
#21 5.928    Compiling libc v0.2.168
#21 5.931    Compiling cfg-if v1.0.0
#21 5.931    Compiling version_check v0.9.5
#21 5.932    Compiling memchr v2.7.4
#21 5.934    Compiling futures-core v0.3.31
#21 5.936    Compiling pin-project-lite v0.2.15
#21 5.938    Compiling typenum v1.17.0
#21 5.939    Compiling itoa v1.0.14
#21 5.942    Compiling bytes v1.9.0
#21 5.946    Compiling once_cell v1.20.2
#21 5.950    Compiling pin-utils v0.1.0
#21 5.958    Compiling futures-io v0.3.31
#21 5.966    Compiling futures-task v0.3.31
#21 5.980    Compiling serde v1.0.216
#21 6.007    Compiling cpufeatures v0.2.16
#21 6.012    Compiling futures-sink v0.3.31
#21 6.047    Compiling stable_deref_trait v1.2.0
#21 6.057    Compiling percent-encoding v2.3.1
#21 6.080    Compiling scopeguard v1.2.0
#21 6.085    Compiling subtle v2.6.1
#21 6.095    Compiling byteorder v1.5.0
#21 6.114    Compiling litemap v0.7.4
#21 6.141    Compiling parking_lot_core v0.9.10
#21 6.146    Compiling writeable v0.5.5
#21 6.160    Compiling smallvec v1.13.2
#21 6.250    Compiling powerfmt v0.2.0
#21 6.261    Compiling icu_locid_transform_data v1.5.0
#21 6.289    Compiling log v0.4.22
#21 6.311    Compiling generic-array v0.14.7
#21 6.325    Compiling icu_properties_data v1.5.0
#21 6.354    Compiling num-conv v0.1.0
#21 6.401    Compiling time-core v0.1.2
#21 6.411    Compiling ryu v1.0.18
#21 6.440    Compiling thiserror v1.0.69
#21 6.478    Compiling fnv v1.0.7
#21 6.491    Compiling serde_json v1.0.133
#21 6.501    Compiling slab v0.4.9
#21 6.501    Compiling icu_normalizer_data v1.5.0
#21 6.519    Compiling time-macros v0.2.19
#21 6.534    Compiling utf8_iter v1.0.4
#21 6.547    Compiling write16 v1.0.0
#21 6.563    Compiling utf16_iter v1.0.5
#21 6.593    Compiling lock_api v0.4.12
#21 6.605    Compiling ahash v0.8.11
#21 6.622    Compiling tracing-core v0.1.33
#21 6.642    Compiling http v1.2.0
#21 6.666    Compiling form_urlencoded v1.2.1
#21 6.674    Compiling shlex v1.3.0
#21 6.700    Compiling crossbeam-utils v0.8.20
#21 6.870    Compiling num-traits v0.2.19
#21 6.931    Compiling futures-channel v0.3.31
#21 6.942    Compiling vcpkg v0.2.15
#21 6.952    Compiling paste v1.0.15
#21 7.019    Compiling pkg-config v0.3.31
#21 7.100    Compiling quote v1.0.37
#21 7.137    Compiling allocator-api2 v0.2.21
#21 7.159    Compiling tower-service v0.3.3
#21 7.240    Compiling rustversion v1.0.18
#21 7.269    Compiling tower-layer v0.3.3
#21 7.277    Compiling mime v0.3.17
#21 7.355    Compiling syn v2.0.90
#21 7.480    Compiling mio v1.0.3
#21 7.509    Compiling socket2 v0.5.8
#21 7.535    Compiling signal-hook-registry v1.4.2
#21 7.603    Compiling getrandom v0.2.15
#21 7.651    Compiling jobserver v0.1.32
#21 7.823    Compiling rand_core v0.6.4
#21 7.833    Compiling http-body v1.0.1
#21 7.966    Compiling cc v1.2.3
#21 8.057    Compiling sync_wrapper v1.0.2
#21 8.081    Compiling minimal-lexical v0.2.1
#21 8.101    Compiling concurrent-queue v2.5.0
#21 8.118    Compiling zerocopy v0.7.35
#21 8.130    Compiling parking v2.2.1
#21 8.148    Compiling crc-catalog v2.4.0
#21 8.206    Compiling unicode_categories v0.1.1
#21 8.207    Compiling hashbrown v0.15.2
#21 8.347    Compiling equivalent v1.0.1
#21 8.355    Compiling event-listener v5.3.1
#21 8.361    Compiling crc v3.2.1
#21 8.362    Compiling crossbeam-queue v0.3.11
#21 8.412    Compiling nom v7.1.3
#21 8.479    Compiling hex v0.4.3
#21 8.493    Compiling glob v0.3.1
#21 8.547    Compiling base64 v0.22.1
#21 8.600    Compiling crypto-common v0.1.6
#21 8.651    Compiling block-buffer v0.10.4
#21 8.700    Compiling httparse v1.9.5
#21 8.785    Compiling digest v0.10.7
#21 8.861    Compiling hashbrown v0.14.5
#21 8.880    Compiling parking_lot v0.12.3
#21 8.887    Compiling futures-util v0.3.31
#21 8.903    Compiling tokio v1.42.0
#21 8.971    Compiling clang-sys v1.8.1
#21 9.007    Compiling deranged v0.3.11
#21 9.041    Compiling sha2 v0.10.8
#21 9.061    Compiling indexmap v2.7.0
#21 9.115    Compiling rustix v0.38.42
#21 9.424    Compiling futures-intrusive v0.5.0
#21 9.494    Compiling spin v0.9.8
#21 9.718    Compiling atoi v2.0.0
#21 9.740    Compiling aho-corasick v1.1.3
#21 9.786    Compiling regex-syntax v0.8.5
#21 9.882    Compiling hashlink v0.9.1
#21 9.896    Compiling bitflags v2.6.0
#21 9.944    Compiling linux-raw-sys v0.4.14
#21 10.03    Compiling same-file v1.0.6
#21 10.07    Compiling flume v0.11.1
#21 10.09    Compiling cookie v0.18.1
#21 10.13    Compiling time v0.3.37
#21 10.15    Compiling httpdate v1.0.3
#21 10.24    Compiling walkdir v2.5.0
#21 10.25    Compiling semver v1.0.23
#21 10.38    Compiling unicase v2.8.0
#21 10.38    Compiling fastrand v2.3.0
#21 10.55    Compiling hmac v0.12.1
#21 10.56    Compiling sha1 v0.10.6
#21 10.68    Compiling mime_guess v2.0.5
#21 10.70    Compiling clang v2.0.0
#21 10.78    Compiling heck v0.5.0
#21 11.01    Compiling dotenvy v0.15.7
#21 11.04    Compiling data-encoding v2.6.0
#21 11.06    Compiling dunce v1.0.5
#21 11.07    Compiling utf-8 v0.7.6
#21 11.18    Compiling libsqlite3-sys v0.30.1
#21 11.25    Compiling rust-embed-utils v8.5.0
#21 11.30    Compiling base64ct v1.6.0
#21 11.55    Compiling sqlformat v0.2.6
#21 11.56    Compiling regex-syntax v0.6.29
#21 11.62    Compiling password-hash v0.5.0
#21 11.97    Compiling blake2 v0.10.6
#21 12.26    Compiling rmp v0.8.14
#21 12.48    Compiling thiserror v2.0.6
#21 12.53    Compiling iana-time-zone v0.1.61
#21 12.65    Compiling regex-automata v0.4.9
#21 12.75    Compiling matchit v0.7.3
#21 12.78    Compiling lazy_static v1.5.0
#21 12.87    Compiling sharded-slab v0.1.7
#21 12.94    Compiling chrono v0.4.39
#21 12.99    Compiling argon2 v0.5.3
#21 13.01    Compiling thread_local v1.1.8
#21 13.23    Compiling synstructure v0.13.1
#21 13.31    Compiling futures-executor v0.3.31
#21 13.42    Compiling tempfile v3.14.0
#21 13.52    Compiling urlencoding v2.1.3
#21 13.73    Compiling oko v0.1.2 (/root/oko/backend)
#21 13.89    Compiling http-range-header v0.4.2
#21 13.90    Compiling password-auth v1.0.0
#21 14.03    Compiling regex-automata v0.1.10
#21 14.66    Compiling serde_derive v1.0.216
#21 14.66    Compiling zerofrom-derive v0.1.5
#21 14.66    Compiling yoke-derive v0.7.5
#21 14.66    Compiling zerovec-derive v0.10.3
#21 14.71    Compiling futures-macro v0.3.31
#21 14.71    Compiling displaydoc v0.2.5
#21 14.74    Compiling zerocopy-derive v0.7.35
#21 14.75    Compiling icu_provider_macros v1.5.0
#21 14.81    Compiling tokio-macros v2.4.0
#21 15.44    Compiling thiserror-impl v1.0.69
#21 15.88    Compiling tracing-attributes v0.1.28
#21 16.19    Compiling async-trait v0.1.83
#21 16.19    Compiling tokio-stream v0.1.17
#21 16.48    Compiling regex v1.11.1
#21 16.71    Compiling rust-embed-impl v8.5.0
#21 16.96    Compiling opencv-binding-generator v0.93.0
#21 17.17    Compiling matchers v0.1.0
#21 17.17    Compiling zerofrom v0.1.5
#21 17.27    Compiling yoke v0.7.5
#21 17.28    Compiling ppv-lite86 v0.2.20
#21 17.45    Compiling thiserror-impl v2.0.6
#21 17.50    Compiling zerovec v0.10.4
#21 17.92    Compiling rand_chacha v0.3.1
#21 18.23    Compiling rand v0.8.5
#21 18.29    Compiling rust-embed v8.5.0
#21 18.56    Compiling tracing v0.1.41
#21 18.80    Compiling tracing-subscriber v0.3.19
#21 18.91    Compiling tinystr v0.7.6
#21 18.91    Compiling icu_collections v1.5.0
#21 19.06    Compiling icu_locid v1.5.0
#21 19.11    Compiling tungstenite v0.24.0
#21 19.68    Compiling icu_provider v1.5.0
#21 20.25    Compiling http-body-util v0.1.2
#21 20.25    Compiling futures v0.3.31
#21 20.26    Compiling icu_locid_transform v1.5.0
#21 20.46    Compiling axum-core v0.4.5
#21 21.18    Compiling icu_properties v1.5.1
#21 21.78    Compiling hyper v1.5.1
#21 21.78    Compiling tokio-tungstenite v0.24.0
#21 21.78    Compiling tower v0.5.2
#21 21.79    Compiling tokio-util v0.7.13
#21 22.30    Compiling either v1.13.0
#21 22.33    Compiling serde_urlencoded v0.7.1
#21 22.55    Compiling serde_path_to_error v0.1.16
#21 22.57    Compiling rmp-serde v1.3.0
#21 22.58    Compiling axum-embed v0.1.0
#21 26.40    Compiling opencv v0.93.5
#21 26.61    Compiling icu_normalizer v1.5.0
#21 26.86    Compiling tower-http v0.6.2
#21 27.26    Compiling idna_adapter v1.2.0
#21 27.33    Compiling idna v1.0.3
#21 27.51    Compiling hyper-util v0.1.10
#21 27.75    Compiling url v2.5.4
#21 27.86    Compiling axum v0.7.9
#21 28.46    Compiling sqlx-core v0.8.2
#21 29.14    Compiling tower-sessions-core v0.13.0
#21 29.47    Compiling tower-cookies v0.10.0
#21 29.68    Compiling tower-sessions-memory-store v0.13.0
#21 29.78    Compiling tower-sessions v0.13.0
#21 30.50    Compiling sqlx-sqlite v0.8.2
#21 31.31    Compiling axum-login v0.16.0
#21 31.91    Compiling sqlx-macros-core v0.8.2
#21 32.96    Compiling sqlx-macros v0.8.2
#21 34.70    Compiling sqlx v0.8.2
#21 34.78    Compiling tower-sessions-sqlx-store v0.14.2
#21 52.83     Finished `dev` profile [unoptimized + debuginfo] target(s) in 51.59s
#21 DONE 53.3s

#22 [test  9/11] RUN set -xeu &&     DEBIAN_FRONTEND=noninteractive apt-get install -y libasound2 libatk-bridge2.0-0 libatk1.0-0 	libatspi2.0-0 libcairo2 libcups2 libdbus-1-3 libdrm2 libgbm1 libglib2.0-0 libnspr4 libnss3 	libpango-1.0-0 libwayland-client0 libx11-6 libxcb1 libxcomposite1 libxdamage1 libxext6 	libxfixes3 libxkbcommon0 libxrandr2 	pkg-config libssl-dev
#22 0.344 + DEBIAN_FRONTEND=noninteractive apt-get install -y libasound2 libatk-bridge2.0-0 libatk1.0-0 libatspi2.0-0 libcairo2 libcups2 libdbus-1-3 libdrm2 libgbm1 libglib2.0-0 libnspr4 libnss3 libpango-1.0-0 libwayland-client0 libx11-6 libxcb1 libxcomposite1 libxdamage1 libxext6 libxfixes3 libxkbcommon0 libxrandr2 pkg-config libssl-dev
#22 0.392 Reading package lists...
#22 1.167 Building dependency tree...
#22 1.355 Reading state information...
#22 1.566 libcairo2 is already the newest version (1.16.0-5ubuntu2).
#22 1.566 libcairo2 set to manually installed.
#22 1.566 libxcb1 is already the newest version (1.14-3ubuntu3).
#22 1.566 libxcb1 set to manually installed.
#22 1.566 libxext6 is already the newest version (2:1.3.4-1build1).
#22 1.566 libxext6 set to manually installed.
#22 1.566 libxfixes3 is already the newest version (1:6.0.0-1).
#22 1.566 libxfixes3 set to manually installed.
#22 1.566 libdrm2 is already the newest version (2.4.113-2~ubuntu0.22.04.1).
#22 1.566 libdrm2 set to manually installed.
#22 1.566 libglib2.0-0 is already the newest version (2.72.4-0ubuntu2.4).
#22 1.566 libglib2.0-0 set to manually installed.
#22 1.566 libpango-1.0-0 is already the newest version (1.50.6+ds-2ubuntu1).
#22 1.566 libpango-1.0-0 set to manually installed.
#22 1.566 libx11-6 is already the newest version (2:1.7.5-1ubuntu0.3).
#22 1.566 libx11-6 set to manually installed.
#22 1.566 The following additional packages will be installed:
#22 1.566   alsa-topology-conf alsa-ucm-conf at-spi2-core bzip2 dbus dbus-user-session
#22 1.566   dconf-gsettings-backend dconf-service dmsetup gir1.2-glib-2.0
#22 1.566   gsettings-desktop-schemas libapparmor1 libargon2-1 libasound2-data
#22 1.566   libatk1.0-data libavahi-client3 libavahi-common-data libavahi-common3
#22 1.567   libcryptsetup12 libdconf1 libdevmapper1.02.1 libdpkg-perl
#22 1.567   libfile-fcntllock-perl libgdbm-compat4 libgdbm6 libgirepository-1.0-1
#22 1.567   libip4tc2 libjson-c5 libkmod2 liblocale-gettext-perl libnss-systemd
#22 1.567   libpam-systemd libperl5.34 libwayland-server0 libxcb-randr0 libxi6 libxtst6
#22 1.568   netbase networkd-dispatcher perl perl-modules-5.34 python3-dbus python3-gi
#22 1.568   session-migration systemd systemd-sysv systemd-timesyncd x11-common xkb-data
#22 1.568   xz-utils
#22 1.569 Suggested packages:
#22 1.569   bzip2-doc libasound2-plugins alsa-utils cups-common debian-keyring gnupg
#22 1.569   patch git bzr gdbm-l10n libssl-doc iw | wireless-tools perl-doc
#22 1.569   libterm-readline-gnu-perl | libterm-readline-perl-perl
#22 1.569   libtap-harness-archive-perl dpkg-dev python-dbus-doc systemd-container
#22 1.569   libfido2-1 libtss2-esys-3.0.2-0 libtss2-mu0 libtss2-rc0 policykit-1
#22 1.650 The following NEW packages will be installed:
#22 1.650   alsa-topology-conf alsa-ucm-conf at-spi2-core bzip2 dbus dbus-user-session
#22 1.650   dconf-gsettings-backend dconf-service dmsetup gir1.2-glib-2.0
#22 1.650   gsettings-desktop-schemas libapparmor1 libargon2-1 libasound2
#22 1.650   libasound2-data libatk-bridge2.0-0 libatk1.0-0 libatk1.0-data libatspi2.0-0
#22 1.650   libavahi-client3 libavahi-common-data libavahi-common3 libcryptsetup12
#22 1.650   libcups2 libdbus-1-3 libdconf1 libdevmapper1.02.1 libdpkg-perl
#22 1.650   libfile-fcntllock-perl libgbm1 libgdbm-compat4 libgdbm6
#22 1.650   libgirepository-1.0-1 libip4tc2 libjson-c5 libkmod2 liblocale-gettext-perl
#22 1.651   libnspr4 libnss-systemd libnss3 libpam-systemd libperl5.34 libssl-dev
#22 1.651   libwayland-client0 libwayland-server0 libxcb-randr0 libxcomposite1
#22 1.651   libxdamage1 libxi6 libxkbcommon0 libxrandr2 libxtst6 netbase
#22 1.651   networkd-dispatcher perl perl-modules-5.34 pkg-config python3-dbus
#22 1.652   python3-gi session-migration systemd systemd-sysv systemd-timesyncd
#22 1.652   x11-common xkb-data xz-utils
#22 1.921 0 upgraded, 66 newly installed, 0 to remove and 0 not upgraded.
#22 1.921 Need to get 20.8 MB of archives.
#22 1.921 After this operation, 103 MB of additional disk space will be used.
#22 1.921 Get:1 http://archive.ubuntu.com/ubuntu jammy/main amd64 liblocale-gettext-perl amd64 1.07-4build3 [17.1 kB]
#22 2.143 Get:2 http://archive.ubuntu.com/ubuntu jammy-updates/main amd64 libapparmor1 amd64 3.0.4-2ubuntu2.4 [39.7 kB]
#22 2.268 Get:3 http://archive.ubuntu.com/ubuntu jammy/main amd64 libargon2-1 amd64 0~20171227-0.3 [19.5 kB]
#22 2.314 Get:4 http://archive.ubuntu.com/ubuntu jammy/main amd64 libdevmapper1.02.1 amd64 2:1.02.175-2.1ubuntu4 [139 kB]
#22 2.491 Get:5 http://archive.ubuntu.com/ubuntu jammy-updates/main amd64 libjson-c5 amd64 0.15-3~ubuntu1.22.04.2 [33.5 kB]
#22 2.514 Get:6 http://archive.ubuntu.com/ubuntu jammy-updates/main amd64 libcryptsetup12 amd64 2:2.4.3-1ubuntu1.2 [211 kB]
#22 2.616 Get:7 http://archive.ubuntu.com/ubuntu jammy-updates/main amd64 libip4tc2 amd64 1.8.7-1ubuntu5.2 [19.9 kB]
#22 2.624 Get:8 http://archive.ubuntu.com/ubuntu jammy/main amd64 libkmod2 amd64 29-1ubuntu1 [48.0 kB]
#22 2.639 Get:9 http://archive.ubuntu.com/ubuntu jammy-updates/main amd64 systemd amd64 249.11-0ubuntu3.12 [4581 kB]
#22 3.117 Get:10 http://archive.ubuntu.com/ubuntu jammy-updates/main amd64 systemd-sysv amd64 249.11-0ubuntu3.12 [10.5 kB]
#22 3.118 Get:11 http://archive.ubuntu.com/ubuntu jammy-updates/main amd64 perl-modules-5.34 all 5.34.0-3ubuntu1.3 [2976 kB]
#22 3.199 Get:12 http://archive.ubuntu.com/ubuntu jammy/main amd64 libgdbm6 amd64 1.23-1 [33.9 kB]
#22 3.200 Get:13 http://archive.ubuntu.com/ubuntu jammy/main amd64 libgdbm-compat4 amd64 1.23-1 [6606 B]
#22 3.200 Get:14 http://archive.ubuntu.com/ubuntu jammy-updates/main amd64 libperl5.34 amd64 5.34.0-3ubuntu1.3 [4820 kB]
#22 3.328 Get:15 http://archive.ubuntu.com/ubuntu jammy-updates/main amd64 perl amd64 5.34.0-3ubuntu1.3 [232 kB]
#22 3.332 Get:16 http://archive.ubuntu.com/ubuntu jammy-updates/main amd64 libdbus-1-3 amd64 1.12.20-2ubuntu4.1 [189 kB]
#22 3.335 Get:17 http://archive.ubuntu.com/ubuntu jammy-updates/main amd64 dbus amd64 1.12.20-2ubuntu4.1 [158 kB]
#22 3.338 Get:18 http://archive.ubuntu.com/ubuntu jammy/main amd64 dmsetup amd64 2:1.02.175-2.1ubuntu4 [81.7 kB]
#22 3.339 Get:19 http://archive.ubuntu.com/ubuntu jammy/main amd64 libgirepository-1.0-1 amd64 1.72.0-1 [55.6 kB]
#22 3.340 Get:20 http://archive.ubuntu.com/ubuntu jammy/main amd64 gir1.2-glib-2.0 amd64 1.72.0-1 [164 kB]
#22 3.343 Get:21 http://archive.ubuntu.com/ubuntu jammy-updates/main amd64 libnss-systemd amd64 249.11-0ubuntu3.12 [133 kB]
#22 3.345 Get:22 http://archive.ubuntu.com/ubuntu jammy-updates/main amd64 libpam-systemd amd64 249.11-0ubuntu3.12 [203 kB]
#22 3.349 Get:23 http://archive.ubuntu.com/ubuntu jammy/main amd64 netbase all 6.3 [12.9 kB]
#22 3.441 Get:24 http://archive.ubuntu.com/ubuntu jammy/main amd64 python3-dbus amd64 1.2.18-3build1 [99.5 kB]
#22 3.448 Get:25 http://archive.ubuntu.com/ubuntu jammy-updates/main amd64 python3-gi amd64 3.42.1-0ubuntu1 [229 kB]
#22 3.452 Get:26 http://archive.ubuntu.com/ubuntu jammy-updates/main amd64 networkd-dispatcher all 2.1-2ubuntu0.22.04.2 [15.8 kB]
#22 3.453 Get:27 http://archive.ubuntu.com/ubuntu jammy-updates/main amd64 systemd-timesyncd amd64 249.11-0ubuntu3.12 [31.2 kB]
#22 3.455 Get:28 http://archive.ubuntu.com/ubuntu jammy/main amd64 xkb-data all 2.33-1 [394 kB]
#22 3.461 Get:29 http://archive.ubuntu.com/ubuntu jammy/main amd64 xz-utils amd64 5.2.5-2ubuntu1 [84.8 kB]
#22 3.463 Get:30 http://archive.ubuntu.com/ubuntu jammy/main amd64 alsa-topology-conf all 1.2.5.1-2 [15.5 kB]
#22 3.464 Get:31 http://archive.ubuntu.com/ubuntu jammy/main amd64 libasound2-data all 1.2.6.1-1ubuntu1 [19.1 kB]
#22 3.465 Get:32 http://archive.ubuntu.com/ubuntu jammy/main amd64 libasound2 amd64 1.2.6.1-1ubuntu1 [390 kB]
#22 3.472 Get:33 http://archive.ubuntu.com/ubuntu jammy-updates/main amd64 alsa-ucm-conf all 1.2.6.3-1ubuntu1.12 [43.5 kB]
#22 3.556 Get:34 http://archive.ubuntu.com/ubuntu jammy/main amd64 libxi6 amd64 2:1.8-1build1 [32.6 kB]
#22 3.562 Get:35 http://archive.ubuntu.com/ubuntu jammy/main amd64 libatspi2.0-0 amd64 2.44.0-3 [80.9 kB]
#22 3.564 Get:36 http://archive.ubuntu.com/ubuntu jammy/main amd64 x11-common all 1:7.7+23ubuntu2 [23.4 kB]
#22 3.568 Get:37 http://archive.ubuntu.com/ubuntu jammy/main amd64 libxtst6 amd64 2:1.2.3-1build4 [13.4 kB]
#22 3.574 Get:38 http://archive.ubuntu.com/ubuntu jammy-updates/main amd64 dbus-user-session amd64 1.12.20-2ubuntu4.1 [9442 B]
#22 3.581 Get:39 http://archive.ubuntu.com/ubuntu jammy/main amd64 libdconf1 amd64 0.40.0-3 [40.5 kB]
#22 3.581 Get:40 http://archive.ubuntu.com/ubuntu jammy/main amd64 dconf-service amd64 0.40.0-3 [28.5 kB]
#22 3.582 Get:41 http://archive.ubuntu.com/ubuntu jammy/main amd64 dconf-gsettings-backend amd64 0.40.0-3 [22.8 kB]
#22 3.586 Get:42 http://archive.ubuntu.com/ubuntu jammy/main amd64 session-migration amd64 0.3.6 [9774 B]
#22 3.586 Get:43 http://archive.ubuntu.com/ubuntu jammy/main amd64 gsettings-desktop-schemas all 42.0-1ubuntu1 [31.1 kB]
#22 3.672 Get:44 http://archive.ubuntu.com/ubuntu jammy/main amd64 at-spi2-core amd64 2.44.0-3 [54.4 kB]
#22 3.678 Get:45 http://archive.ubuntu.com/ubuntu jammy/main amd64 bzip2 amd64 1.0.8-5build1 [34.8 kB]
#22 3.678 Get:46 http://archive.ubuntu.com/ubuntu jammy/main amd64 libatk1.0-data all 2.36.0-3build1 [2824 B]
#22 3.683 Get:47 http://archive.ubuntu.com/ubuntu jammy/main amd64 libatk1.0-0 amd64 2.36.0-3build1 [51.9 kB]
#22 3.689 Get:48 http://archive.ubuntu.com/ubuntu jammy/main amd64 libatk-bridge2.0-0 amd64 2.38.0-3 [66.6 kB]
#22 3.696 Get:49 http://archive.ubuntu.com/ubuntu jammy-updates/main amd64 libavahi-common-data amd64 0.8-5ubuntu5.2 [23.8 kB]
#22 3.696 Get:50 http://archive.ubuntu.com/ubuntu jammy-updates/main amd64 libavahi-common3 amd64 0.8-5ubuntu5.2 [23.9 kB]
#22 3.702 Get:51 http://archive.ubuntu.com/ubuntu jammy-updates/main amd64 libavahi-client3 amd64 0.8-5ubuntu5.2 [28.0 kB]
#22 3.703 Get:52 http://archive.ubuntu.com/ubuntu jammy-updates/main amd64 libcups2 amd64 2.4.1op1-1ubuntu4.11 [263 kB]
#22 3.709 Get:53 http://archive.ubuntu.com/ubuntu jammy-updates/main amd64 libdpkg-perl all 1.21.1ubuntu2.3 [237 kB]
#22 3.789 Get:54 http://archive.ubuntu.com/ubuntu jammy/main amd64 libfile-fcntllock-perl amd64 0.22-3build7 [33.9 kB]
#22 3.795 Get:55 http://archive.ubuntu.com/ubuntu jammy-updates/main amd64 libwayland-server0 amd64 1.20.0-1ubuntu0.1 [34.3 kB]
#22 3.801 Get:56 http://archive.ubuntu.com/ubuntu jammy/main amd64 libxcb-randr0 amd64 1.14-3ubuntu3 [18.3 kB]
#22 3.801 Get:57 http://archive.ubuntu.com/ubuntu jammy-updates/main amd64 libgbm1 amd64 23.2.1-1ubuntu3.1~22.04.3 [33.5 kB]
#22 3.808 Get:58 http://archive.ubuntu.com/ubuntu jammy-updates/main amd64 libnspr4 amd64 2:4.35-0ubuntu0.22.04.1 [119 kB]
#22 3.811 Get:59 http://archive.ubuntu.com/ubuntu jammy-updates/main amd64 libnss3 amd64 2:3.98-0ubuntu0.22.04.2 [1347 kB]
#22 3.838 Get:60 http://archive.ubuntu.com/ubuntu jammy-updates/main amd64 libssl-dev amd64 3.0.2-0ubuntu1.18 [2375 kB]
#22 3.875 Get:61 http://archive.ubuntu.com/ubuntu jammy-updates/main amd64 libwayland-client0 amd64 1.20.0-1ubuntu0.1 [25.9 kB]
#22 3.875 Get:62 http://archive.ubuntu.com/ubuntu jammy/main amd64 libxcomposite1 amd64 1:0.4.5-1build2 [7192 B]
#22 3.875 Get:63 http://archive.ubuntu.com/ubuntu jammy/main amd64 libxdamage1 amd64 1:1.1.5-2build2 [7154 B]
#22 3.899 Get:64 http://archive.ubuntu.com/ubuntu jammy/main amd64 libxkbcommon0 amd64 1.4.0-1 [125 kB]
#22 3.906 Get:65 http://archive.ubuntu.com/ubuntu jammy/main amd64 libxrandr2 amd64 2:1.5.2-1build1 [20.4 kB]
#22 3.919 Get:66 http://archive.ubuntu.com/ubuntu jammy/main amd64 pkg-config amd64 0.29.2-1ubuntu3 [48.2 kB]
#22 4.050 debconf: delaying package configuration, since apt-utils is not installed
#22 4.089 Fetched 20.8 MB in 2s (9218 kB/s)
#22 4.122 Selecting previously unselected package liblocale-gettext-perl.
#22 4.122 (Reading database ... (Reading database ... 5%(Reading database ... 10%(Reading database ... 15%(Reading database ... 20%(Reading database ... 25%(Reading database ... 30%(Reading database ... 35%(Reading database ... 40%(Reading database ... 45%(Reading database ... 50%(Reading database ... 55%(Reading database ... 60%(Reading database ... 65%(Reading database ... 70%(Reading database ... 75%(Reading database ... 80%(Reading database ... 85%(Reading database ... 90%(Reading database ... 95%(Reading database ... 100%(Reading database ... 21846 files and directories currently installed.)
#22 4.134 Preparing to unpack .../0-liblocale-gettext-perl_1.07-4build3_amd64.deb ...
#22 4.143 Unpacking liblocale-gettext-perl (1.07-4build3) ...
#22 4.215 Selecting previously unselected package libapparmor1:amd64.
#22 4.218 Preparing to unpack .../1-libapparmor1_3.0.4-2ubuntu2.4_amd64.deb ...
#22 4.239 Unpacking libapparmor1:amd64 (3.0.4-2ubuntu2.4) ...
#22 4.315 Selecting previously unselected package libargon2-1:amd64.
#22 4.317 Preparing to unpack .../2-libargon2-1_0~20171227-0.3_amd64.deb ...
#22 4.328 Unpacking libargon2-1:amd64 (0~20171227-0.3) ...
#22 4.400 Selecting previously unselected package libdevmapper1.02.1:amd64.
#22 4.402 Preparing to unpack .../3-libdevmapper1.02.1_2%3a1.02.175-2.1ubuntu4_amd64.deb ...
#22 4.412 Unpacking libdevmapper1.02.1:amd64 (2:1.02.175-2.1ubuntu4) ...
#22 4.486 Selecting previously unselected package libjson-c5:amd64.
#22 4.488 Preparing to unpack .../4-libjson-c5_0.15-3~ubuntu1.22.04.2_amd64.deb ...
#22 4.497 Unpacking libjson-c5:amd64 (0.15-3~ubuntu1.22.04.2) ...
#22 4.567 Selecting previously unselected package libcryptsetup12:amd64.
#22 4.569 Preparing to unpack .../5-libcryptsetup12_2%3a2.4.3-1ubuntu1.2_amd64.deb ...
#22 4.578 Unpacking libcryptsetup12:amd64 (2:2.4.3-1ubuntu1.2) ...
#22 4.652 Selecting previously unselected package libip4tc2:amd64.
#22 4.654 Preparing to unpack .../6-libip4tc2_1.8.7-1ubuntu5.2_amd64.deb ...
#22 4.663 Unpacking libip4tc2:amd64 (1.8.7-1ubuntu5.2) ...
#22 4.734 Selecting previously unselected package libkmod2:amd64.
#22 4.736 Preparing to unpack .../7-libkmod2_29-1ubuntu1_amd64.deb ...
#22 4.745 Unpacking libkmod2:amd64 (29-1ubuntu1) ...
#22 4.832 Selecting previously unselected package systemd.
#22 4.834 Preparing to unpack .../8-systemd_249.11-0ubuntu3.12_amd64.deb ...
#22 4.855 Unpacking systemd (249.11-0ubuntu3.12) ...
#22 5.061 Setting up libapparmor1:amd64 (3.0.4-2ubuntu2.4) ...
#22 5.089 Setting up libargon2-1:amd64 (0~20171227-0.3) ...
#22 5.117 Setting up libdevmapper1.02.1:amd64 (2:1.02.175-2.1ubuntu4) ...
#22 5.146 Setting up libjson-c5:amd64 (0.15-3~ubuntu1.22.04.2) ...
#22 5.175 Setting up libcryptsetup12:amd64 (2:2.4.3-1ubuntu1.2) ...
#22 5.207 Setting up libip4tc2:amd64 (1.8.7-1ubuntu5.2) ...
#22 5.242 Setting up libkmod2:amd64 (29-1ubuntu1) ...
#22 5.269 Setting up systemd (249.11-0ubuntu3.12) ...
#22 5.369 Created symlink /etc/systemd/system/getty.target.wants/getty@tty1.service  /lib/systemd/system/getty@.service.
#22 5.371 Created symlink /etc/systemd/system/multi-user.target.wants/remote-fs.target  /lib/systemd/system/remote-fs.target.
#22 5.374 Created symlink /etc/systemd/system/dbus-org.freedesktop.resolve1.service  /lib/systemd/system/systemd-resolved.service.
#22 5.374 Created symlink /etc/systemd/system/multi-user.target.wants/systemd-resolved.service  /lib/systemd/system/systemd-resolved.service.
#22 5.379 ln: failed to create symbolic link '/etc/resolv.conf': Device or resource busy
#22 5.382 Created symlink /etc/systemd/system/sysinit.target.wants/systemd-pstore.service  /lib/systemd/system/systemd-pstore.service.
#22 5.388 Initializing machine ID from random generator.
#22 5.820 Selecting previously unselected package systemd-sysv.
#22 5.820 (Reading database ... (Reading database ... 5%(Reading database ... 10%(Reading database ... 15%(Reading database ... 20%(Reading database ... 25%(Reading database ... 30%(Reading database ... 35%(Reading database ... 40%(Reading database ... 45%(Reading database ... 50%(Reading database ... 55%(Reading database ... 60%(Reading database ... 65%(Reading database ... 70%(Reading database ... 75%(Reading database ... 80%(Reading database ... 85%(Reading database ... 90%(Reading database ... 95%(Reading database ... 100%(Reading database ... 22675 files and directories currently installed.)
#22 5.831 Preparing to unpack .../00-systemd-sysv_249.11-0ubuntu3.12_amd64.deb ...
#22 5.840 Unpacking systemd-sysv (249.11-0ubuntu3.12) ...
#22 5.896 Selecting previously unselected package perl-modules-5.34.
#22 5.898 Preparing to unpack .../01-perl-modules-5.34_5.34.0-3ubuntu1.3_all.deb ...
#22 5.908 Unpacking perl-modules-5.34 (5.34.0-3ubuntu1.3) ...
#22 6.212 Selecting previously unselected package libgdbm6:amd64.
#22 6.214 Preparing to unpack .../02-libgdbm6_1.23-1_amd64.deb ...
#22 6.223 Unpacking libgdbm6:amd64 (1.23-1) ...
#22 6.291 Selecting previously unselected package libgdbm-compat4:amd64.
#22 6.293 Preparing to unpack .../03-libgdbm-compat4_1.23-1_amd64.deb ...
#22 6.303 Unpacking libgdbm-compat4:amd64 (1.23-1) ...
#22 6.373 Selecting previously unselected package libperl5.34:amd64.
#22 6.375 Preparing to unpack .../04-libperl5.34_5.34.0-3ubuntu1.3_amd64.deb ...
#22 6.385 Unpacking libperl5.34:amd64 (5.34.0-3ubuntu1.3) ...
#22 6.609 Selecting previously unselected package perl.
#22 6.611 Preparing to unpack .../05-perl_5.34.0-3ubuntu1.3_amd64.deb ...
#22 6.624 Unpacking perl (5.34.0-3ubuntu1.3) ...
#22 6.700 Selecting previously unselected package libdbus-1-3:amd64.
#22 6.702 Preparing to unpack .../06-libdbus-1-3_1.12.20-2ubuntu4.1_amd64.deb ...
#22 6.711 Unpacking libdbus-1-3:amd64 (1.12.20-2ubuntu4.1) ...
#22 6.794 Selecting previously unselected package dbus.
#22 6.796 Preparing to unpack .../07-dbus_1.12.20-2ubuntu4.1_amd64.deb ...
#22 6.811 Unpacking dbus (1.12.20-2ubuntu4.1) ...
#22 6.895 Selecting previously unselected package dmsetup.
#22 6.898 Preparing to unpack .../08-dmsetup_2%3a1.02.175-2.1ubuntu4_amd64.deb ...
#22 6.908 Unpacking dmsetup (2:1.02.175-2.1ubuntu4) ...
#22 6.977 Selecting previously unselected package libgirepository-1.0-1:amd64.
#22 6.979 Preparing to unpack .../09-libgirepository-1.0-1_1.72.0-1_amd64.deb ...
#22 6.989 Unpacking libgirepository-1.0-1:amd64 (1.72.0-1) ...
#22 7.043 Selecting previously unselected package gir1.2-glib-2.0:amd64.
#22 7.045 Preparing to unpack .../10-gir1.2-glib-2.0_1.72.0-1_amd64.deb ...
#22 7.054 Unpacking gir1.2-glib-2.0:amd64 (1.72.0-1) ...
#22 7.130 Selecting previously unselected package libnss-systemd:amd64.
#22 7.132 Preparing to unpack .../11-libnss-systemd_249.11-0ubuntu3.12_amd64.deb ...
#22 7.141 Unpacking libnss-systemd:amd64 (249.11-0ubuntu3.12) ...
#22 7.206 Selecting previously unselected package libpam-systemd:amd64.
#22 7.208 Preparing to unpack .../12-libpam-systemd_249.11-0ubuntu3.12_amd64.deb ...
#22 7.217 Unpacking libpam-systemd:amd64 (249.11-0ubuntu3.12) ...
#22 7.290 Selecting previously unselected package netbase.
#22 7.292 Preparing to unpack .../13-netbase_6.3_all.deb ...
#22 7.306 Unpacking netbase (6.3) ...
#22 7.375 Selecting previously unselected package python3-dbus.
#22 7.377 Preparing to unpack .../14-python3-dbus_1.2.18-3build1_amd64.deb ...
#22 7.387 Unpacking python3-dbus (1.2.18-3build1) ...
#22 7.456 Selecting previously unselected package python3-gi.
#22 7.458 Preparing to unpack .../15-python3-gi_3.42.1-0ubuntu1_amd64.deb ...
#22 7.468 Unpacking python3-gi (3.42.1-0ubuntu1) ...
#22 7.558 Selecting previously unselected package networkd-dispatcher.
#22 7.560 Preparing to unpack .../16-networkd-dispatcher_2.1-2ubuntu0.22.04.2_all.deb ...
#22 7.569 Unpacking networkd-dispatcher (2.1-2ubuntu0.22.04.2) ...
#22 7.647 Selecting previously unselected package systemd-timesyncd.
#22 7.649 Preparing to unpack .../17-systemd-timesyncd_249.11-0ubuntu3.12_amd64.deb ...
#22 7.658 Unpacking systemd-timesyncd (249.11-0ubuntu3.12) ...
#22 7.725 Selecting previously unselected package xkb-data.
#22 7.727 Preparing to unpack .../18-xkb-data_2.33-1_all.deb ...
#22 7.737 Unpacking xkb-data (2.33-1) ...
#22 7.849 Selecting previously unselected package xz-utils.
#22 7.851 Preparing to unpack .../19-xz-utils_5.2.5-2ubuntu1_amd64.deb ...
#22 7.860 Unpacking xz-utils (5.2.5-2ubuntu1) ...
#22 7.919 Selecting previously unselected package alsa-topology-conf.
#22 7.922 Preparing to unpack .../20-alsa-topology-conf_1.2.5.1-2_all.deb ...
#22 7.931 Unpacking alsa-topology-conf (1.2.5.1-2) ...
#22 7.988 Selecting previously unselected package libasound2-data.
#22 7.990 Preparing to unpack .../21-libasound2-data_1.2.6.1-1ubuntu1_all.deb ...
#22 8.000 Unpacking libasound2-data (1.2.6.1-1ubuntu1) ...
#22 8.078 Selecting previously unselected package libasound2:amd64.
#22 8.080 Preparing to unpack .../22-libasound2_1.2.6.1-1ubuntu1_amd64.deb ...
#22 8.089 Unpacking libasound2:amd64 (1.2.6.1-1ubuntu1) ...
#22 8.148 Selecting previously unselected package alsa-ucm-conf.
#22 8.150 Preparing to unpack .../23-alsa-ucm-conf_1.2.6.3-1ubuntu1.12_all.deb ...
#22 8.159 Unpacking alsa-ucm-conf (1.2.6.3-1ubuntu1.12) ...
#22 8.295 Selecting previously unselected package libxi6:amd64.
#22 8.297 Preparing to unpack .../24-libxi6_2%3a1.8-1build1_amd64.deb ...
#22 8.306 Unpacking libxi6:amd64 (2:1.8-1build1) ...
#22 8.369 Selecting previously unselected package libatspi2.0-0:amd64.
#22 8.372 Preparing to unpack .../25-libatspi2.0-0_2.44.0-3_amd64.deb ...
#22 8.380 Unpacking libatspi2.0-0:amd64 (2.44.0-3) ...
#22 8.454 Selecting previously unselected package x11-common.
#22 8.457 Preparing to unpack .../26-x11-common_1%3a7.7+23ubuntu2_all.deb ...
#22 8.466 Unpacking x11-common (1:7.7+23ubuntu2) ...
#22 8.534 Selecting previously unselected package libxtst6:amd64.
#22 8.537 Preparing to unpack .../27-libxtst6_2%3a1.2.3-1build4_amd64.deb ...
#22 8.545 Unpacking libxtst6:amd64 (2:1.2.3-1build4) ...
#22 8.605 Selecting previously unselected package dbus-user-session.
#22 8.607 Preparing to unpack .../28-dbus-user-session_1.12.20-2ubuntu4.1_amd64.deb ...
#22 8.616 Unpacking dbus-user-session (1.12.20-2ubuntu4.1) ...
#22 8.685 Selecting previously unselected package libdconf1:amd64.
#22 8.687 Preparing to unpack .../29-libdconf1_0.40.0-3_amd64.deb ...
#22 8.696 Unpacking libdconf1:amd64 (0.40.0-3) ...
#22 8.752 Selecting previously unselected package dconf-service.
#22 8.754 Preparing to unpack .../30-dconf-service_0.40.0-3_amd64.deb ...
#22 8.764 Unpacking dconf-service (0.40.0-3) ...
#22 8.819 Selecting previously unselected package dconf-gsettings-backend:amd64.
#22 8.821 Preparing to unpack .../31-dconf-gsettings-backend_0.40.0-3_amd64.deb ...
#22 8.831 Unpacking dconf-gsettings-backend:amd64 (0.40.0-3) ...
#22 8.906 Selecting previously unselected package session-migration.
#22 8.909 Preparing to unpack .../32-session-migration_0.3.6_amd64.deb ...
#22 8.918 Unpacking session-migration (0.3.6) ...
#22 8.971 Selecting previously unselected package gsettings-desktop-schemas.
#22 8.973 Preparing to unpack .../33-gsettings-desktop-schemas_42.0-1ubuntu1_all.deb ...
#22 8.982 Unpacking gsettings-desktop-schemas (42.0-1ubuntu1) ...
#22 9.064 Selecting previously unselected package at-spi2-core.
#22 9.066 Preparing to unpack .../34-at-spi2-core_2.44.0-3_amd64.deb ...
#22 9.077 Unpacking at-spi2-core (2.44.0-3) ...
#22 9.135 Selecting previously unselected package bzip2.
#22 9.137 Preparing to unpack .../35-bzip2_1.0.8-5build1_amd64.deb ...
#22 9.146 Unpacking bzip2 (1.0.8-5build1) ...
#22 9.203 Selecting previously unselected package libatk1.0-data.
#22 9.205 Preparing to unpack .../36-libatk1.0-data_2.36.0-3build1_all.deb ...
#22 9.215 Unpacking libatk1.0-data (2.36.0-3build1) ...
#22 9.290 Selecting previously unselected package libatk1.0-0:amd64.
#22 9.292 Preparing to unpack .../37-libatk1.0-0_2.36.0-3build1_amd64.deb ...
#22 9.302 Unpacking libatk1.0-0:amd64 (2.36.0-3build1) ...
#22 9.374 Selecting previously unselected package libatk-bridge2.0-0:amd64.
#22 9.376 Preparing to unpack .../38-libatk-bridge2.0-0_2.38.0-3_amd64.deb ...
#22 9.386 Unpacking libatk-bridge2.0-0:amd64 (2.38.0-3) ...
#22 9.442 Selecting previously unselected package libavahi-common-data:amd64.
#22 9.445 Preparing to unpack .../39-libavahi-common-data_0.8-5ubuntu5.2_amd64.deb ...
#22 9.454 Unpacking libavahi-common-data:amd64 (0.8-5ubuntu5.2) ...
#22 9.526 Selecting previously unselected package libavahi-common3:amd64.
#22 9.529 Preparing to unpack .../40-libavahi-common3_0.8-5ubuntu5.2_amd64.deb ...
#22 9.539 Unpacking libavahi-common3:amd64 (0.8-5ubuntu5.2) ...
#22 9.611 Selecting previously unselected package libavahi-client3:amd64.
#22 9.614 Preparing to unpack .../41-libavahi-client3_0.8-5ubuntu5.2_amd64.deb ...
#22 9.622 Unpacking libavahi-client3:amd64 (0.8-5ubuntu5.2) ...
#22 9.696 Selecting previously unselected package libcups2:amd64.
#22 9.698 Preparing to unpack .../42-libcups2_2.4.1op1-1ubuntu4.11_amd64.deb ...
#22 9.708 Unpacking libcups2:amd64 (2.4.1op1-1ubuntu4.11) ...
#22 9.769 Selecting previously unselected package libdpkg-perl.
#22 9.772 Preparing to unpack .../43-libdpkg-perl_1.21.1ubuntu2.3_all.deb ...
#22 9.782 Unpacking libdpkg-perl (1.21.1ubuntu2.3) ...
#22 9.856 Selecting previously unselected package libfile-fcntllock-perl.
#22 9.859 Preparing to unpack .../44-libfile-fcntllock-perl_0.22-3build7_amd64.deb ...
#22 9.868 Unpacking libfile-fcntllock-perl (0.22-3build7) ...
#22 9.940 Selecting previously unselected package libwayland-server0:amd64.
#22 9.943 Preparing to unpack .../45-libwayland-server0_1.20.0-1ubuntu0.1_amd64.deb ...
#22 9.952 Unpacking libwayland-server0:amd64 (1.20.0-1ubuntu0.1) ...
#22 10.02 Selecting previously unselected package libxcb-randr0:amd64.
#22 10.03 Preparing to unpack .../46-libxcb-randr0_1.14-3ubuntu3_amd64.deb ...
#22 10.04 Unpacking libxcb-randr0:amd64 (1.14-3ubuntu3) ...
#22 10.11 Selecting previously unselected package libgbm1:amd64.
#22 10.11 Preparing to unpack .../47-libgbm1_23.2.1-1ubuntu3.1~22.04.3_amd64.deb ...
#22 10.12 Unpacking libgbm1:amd64 (23.2.1-1ubuntu3.1~22.04.3) ...
#22 10.19 Selecting previously unselected package libnspr4:amd64.
#22 10.19 Preparing to unpack .../48-libnspr4_2%3a4.35-0ubuntu0.22.04.1_amd64.deb ...
#22 10.20 Unpacking libnspr4:amd64 (2:4.35-0ubuntu0.22.04.1) ...
#22 10.26 Selecting previously unselected package libnss3:amd64.
#22 10.27 Preparing to unpack .../49-libnss3_2%3a3.98-0ubuntu0.22.04.2_amd64.deb ...
#22 10.28 Unpacking libnss3:amd64 (2:3.98-0ubuntu0.22.04.2) ...
#22 10.42 Selecting previously unselected package libssl-dev:amd64.
#22 10.42 Preparing to unpack .../50-libssl-dev_3.0.2-0ubuntu1.18_amd64.deb ...
#22 10.43 Unpacking libssl-dev:amd64 (3.0.2-0ubuntu1.18) ...
#22 10.55 Selecting previously unselected package libwayland-client0:amd64.
#22 10.56 Preparing to unpack .../51-libwayland-client0_1.20.0-1ubuntu0.1_amd64.deb ...
#22 10.57 Unpacking libwayland-client0:amd64 (1.20.0-1ubuntu0.1) ...
#22 10.63 Selecting previously unselected package libxcomposite1:amd64.
#22 10.63 Preparing to unpack .../52-libxcomposite1_1%3a0.4.5-1build2_amd64.deb ...
#22 10.64 Unpacking libxcomposite1:amd64 (1:0.4.5-1build2) ...
#22 10.71 Selecting previously unselected package libxdamage1:amd64.
#22 10.71 Preparing to unpack .../53-libxdamage1_1%3a1.1.5-2build2_amd64.deb ...
#22 10.72 Unpacking libxdamage1:amd64 (1:1.1.5-2build2) ...
#22 10.80 Selecting previously unselected package libxkbcommon0:amd64.
#22 10.80 Preparing to unpack .../54-libxkbcommon0_1.4.0-1_amd64.deb ...
#22 10.81 Unpacking libxkbcommon0:amd64 (1.4.0-1) ...
#22 10.88 Selecting previously unselected package libxrandr2:amd64.
#22 10.88 Preparing to unpack .../55-libxrandr2_2%3a1.5.2-1build1_amd64.deb ...
#22 10.89 Unpacking libxrandr2:amd64 (2:1.5.2-1build1) ...
#22 10.96 Selecting previously unselected package pkg-config.
#22 10.97 Preparing to unpack .../56-pkg-config_0.29.2-1ubuntu3_amd64.deb ...
#22 10.97 Unpacking pkg-config (0.29.2-1ubuntu3) ...
#22 11.05 Setting up libwayland-server0:amd64 (1.20.0-1ubuntu0.1) ...
#22 11.08 Setting up session-migration (0.3.6) ...
#22 11.18 Created symlink /etc/systemd/user/graphical-session-pre.target.wants/session-migration.service  /usr/lib/systemd/user/session-migration.service.
#22 11.19 Setting up systemd-sysv (249.11-0ubuntu3.12) ...
#22 11.22 Setting up libxdamage1:amd64 (1:1.1.5-2build2) ...
#22 11.25 Setting up libxi6:amd64 (2:1.8-1build1) ...
#22 11.28 Setting up x11-common (1:7.7+23ubuntu2) ...
#22 11.50 invoke-rc.d: could not determine current runlevel
#22 11.50 invoke-rc.d: policy-rc.d denied execution of start.
#22 11.51 Setting up libnss-systemd:amd64 (249.11-0ubuntu3.12) ...
#22 11.53 First installation detected...
#22 11.53 Checking NSS setup...
#22 11.54 Setting up xkb-data (2.33-1) ...
#22 11.58 Setting up perl-modules-5.34 (5.34.0-3ubuntu1.3) ...
#22 11.61 Setting up bzip2 (1.0.8-5build1) ...
#22 11.64 Setting up libdconf1:amd64 (0.40.0-3) ...
#22 11.67 Setting up libasound2-data (1.2.6.1-1ubuntu1) ...
#22 11.69 Setting up libnspr4:amd64 (2:4.35-0ubuntu0.22.04.1) ...
#22 11.72 Setting up libavahi-common-data:amd64 (0.8-5ubuntu5.2) ...
#22 11.75 Setting up libdbus-1-3:amd64 (1.12.20-2ubuntu4.1) ...
#22 11.78 Setting up dbus (1.12.20-2ubuntu4.1) ...
#22 11.97 Setting up xz-utils (5.2.5-2ubuntu1) ...
#22 12.00 update-alternatives: using /usr/bin/xz to provide /usr/bin/lzma (lzma) in auto mode
#22 12.00 update-alternatives: warning: skip creation of /usr/share/man/man1/lzma.1.gz because associated file /usr/share/man/man1/xz.1.gz (of link group lzma) doesn't exist
#22 12.00 update-alternatives: warning: skip creation of /usr/share/man/man1/unlzma.1.gz because associated file /usr/share/man/man1/unxz.1.gz (of link group lzma) doesn't exist
#22 12.00 update-alternatives: warning: skip creation of /usr/share/man/man1/lzcat.1.gz because associated file /usr/share/man/man1/xzcat.1.gz (of link group lzma) doesn't exist
#22 12.00 update-alternatives: warning: skip creation of /usr/share/man/man1/lzmore.1.gz because associated file /usr/share/man/man1/xzmore.1.gz (of link group lzma) doesn't exist
#22 12.00 update-alternatives: warning: skip creation of /usr/share/man/man1/lzless.1.gz because associated file /usr/share/man/man1/xzless.1.gz (of link group lzma) doesn't exist
#22 12.00 update-alternatives: warning: skip creation of /usr/share/man/man1/lzdiff.1.gz because associated file /usr/share/man/man1/xzdiff.1.gz (of link group lzma) doesn't exist
#22 12.00 update-alternatives: warning: skip creation of /usr/share/man/man1/lzcmp.1.gz because associated file /usr/share/man/man1/xzcmp.1.gz (of link group lzma) doesn't exist
#22 12.00 update-alternatives: warning: skip creation of /usr/share/man/man1/lzgrep.1.gz because associated file /usr/share/man/man1/xzgrep.1.gz (of link group lzma) doesn't exist
#22 12.00 update-alternatives: warning: skip creation of /usr/share/man/man1/lzegrep.1.gz because associated file /usr/share/man/man1/xzegrep.1.gz (of link group lzma) doesn't exist
#22 12.00 update-alternatives: warning: skip creation of /usr/share/man/man1/lzfgrep.1.gz because associated file /usr/share/man/man1/xzfgrep.1.gz (of link group lzma) doesn't exist
#22 12.02 Setting up libssl-dev:amd64 (3.0.2-0ubuntu1.18) ...
#22 12.04 Setting up systemd-timesyncd (249.11-0ubuntu3.12) ...
#22 12.31 Created symlink /etc/systemd/system/dbus-org.freedesktop.timesync1.service  /lib/systemd/system/systemd-timesyncd.service.
#22 12.31 Created symlink /etc/systemd/system/sysinit.target.wants/systemd-timesyncd.service  /lib/systemd/system/systemd-timesyncd.service.
#22 12.32 Setting up libxrandr2:amd64 (2:1.5.2-1build1) ...
#22 12.35 Setting up libatk1.0-data (2.36.0-3build1) ...
#22 12.38 Setting up alsa-topology-conf (1.2.5.1-2) ...
#22 12.40 Setting up dmsetup (2:1.02.175-2.1ubuntu4) ...
#22 12.43 Setting up libxcb-randr0:amd64 (1.14-3ubuntu3) ...
#22 12.46 Setting up libasound2:amd64 (1.2.6.1-1ubuntu1) ...
#22 12.49 Setting up libpam-systemd:amd64 (249.11-0ubuntu3.12) ...
#22 12.62 Setting up libgirepository-1.0-1:amd64 (1.72.0-1) ...
#22 12.65 Setting up netbase (6.3) ...
#22 12.71 Setting up libatk1.0-0:amd64 (2.36.0-3build1) ...
#22 12.74 Setting up libxcomposite1:amd64 (1:0.4.5-1build2) ...
#22 12.77 Setting up liblocale-gettext-perl (1.07-4build3) ...
#22 12.80 Setting up libgdbm6:amd64 (1.23-1) ...
#22 12.83 Setting up libxkbcommon0:amd64 (1.4.0-1) ...
#22 12.85 Setting up libwayland-client0:amd64 (1.20.0-1ubuntu0.1) ...
#22 12.88 Setting up python3-dbus (1.2.18-3build1) ...
#22 13.01 Setting up libgbm1:amd64 (23.2.1-1ubuntu3.1~22.04.3) ...
#22 13.04 Setting up alsa-ucm-conf (1.2.6.3-1ubuntu1.12) ...
#22 13.06 Setting up libxtst6:amd64 (2:1.2.3-1build4) ...
#22 13.09 Setting up libavahi-common3:amd64 (0.8-5ubuntu5.2) ...
#22 13.12 Setting up libnss3:amd64 (2:3.98-0ubuntu0.22.04.2) ...
#22 13.15 Setting up libatspi2.0-0:amd64 (2.44.0-3) ...
#22 13.18 Setting up libatk-bridge2.0-0:amd64 (2.38.0-3) ...
#22 13.20 Setting up dbus-user-session (1.12.20-2ubuntu4.1) ...
#22 13.24 Setting up libgdbm-compat4:amd64 (1.23-1) ...
#22 13.27 Setting up gir1.2-glib-2.0:amd64 (1.72.0-1) ...
#22 13.30 Setting up libavahi-client3:amd64 (0.8-5ubuntu5.2) ...
#22 13.33 Setting up libperl5.34:amd64 (5.34.0-3ubuntu1.3) ...
#22 13.36 Setting up dconf-service (0.40.0-3) ...
#22 13.40 Setting up perl (5.34.0-3ubuntu1.3) ...
#22 13.44 Setting up python3-gi (3.42.1-0ubuntu1) ...
#22 13.59 Setting up libdpkg-perl (1.21.1ubuntu2.3) ...
#22 13.62 Setting up libcups2:amd64 (2.4.1op1-1ubuntu4.11) ...
#22 13.64 Setting up networkd-dispatcher (2.1-2ubuntu0.22.04.2) ...
#22 13.76 Created symlink /etc/systemd/system/multi-user.target.wants/networkd-dispatcher.service  /lib/systemd/system/networkd-dispatcher.service.
#22 13.77 Setting up dconf-gsettings-backend:amd64 (0.40.0-3) ...
#22 13.80 Setting up libfile-fcntllock-perl (0.22-3build7) ...
#22 13.83 Setting up pkg-config (0.29.2-1ubuntu3) ...
#22 13.89 Setting up gsettings-desktop-schemas (42.0-1ubuntu1) ...
#22 13.92 Processing triggers for libglib2.0-0:amd64 (2.72.4-0ubuntu2.4) ...
#22 13.96 Processing triggers for libc-bin (2.35-0ubuntu3.8) ...
#22 13.99 Setting up at-spi2-core (2.44.0-3) ...
#22 DONE 14.2s

#23 [test 10/11] RUN set -xu && 	cd /root/oko/backend && 	cargo test; exit 0
#23 0.506 + cd /root/oko/backend
#23 0.506 + cargo test
#23 0.713  Downloading crates ...
#23 1.082   Downloaded adler2 v2.0.0
#23 1.116   Downloaded base64 v0.21.7
#23 1.122   Downloaded ident_case v1.0.1
#23 1.123   Downloaded base64 v0.13.1
#23 1.145   Downloaded sync_wrapper v0.1.2
#23 1.146   Downloaded strong v0.3.4
#23 1.149   Downloaded want v0.3.1
#23 1.157   Downloaded try-lock v0.2.5
#23 1.159   Downloaded darling_macro v0.13.4
#23 1.166   Downloaded hyper-tls v0.5.0
#23 1.168   Downloaded http-body v0.4.6
#23 1.171   Downloaded serde_with_macros v1.5.2
#23 1.172   Downloaded darling v0.13.4
#23 1.175   Downloaded strsim v0.10.0
#23 1.178   Downloaded dirs-sys v0.3.7
#23 1.179   Downloaded bzip2 v0.4.4
#23 1.186   Downloaded dirs v3.0.2
#23 1.189   Downloaded ipnet v2.10.1
#23 1.200   Downloaded rustls-pemfile v1.0.4
#23 1.204   Downloaded time v0.1.45
#23 1.206   Downloaded darling_core v0.13.4
#23 1.212   Downloaded zip v0.5.13
#23 1.218   Downloaded miniz_oxide v0.8.0
#23 1.221   Downloaded crc32fast v1.4.2
#23 1.234   Downloaded http v0.2.12
#23 1.242   Downloaded serde_with v1.14.0
#23 1.253   Downloaded itertools v0.10.5
#23 1.264   Downloaded flate2 v1.0.35
#23 1.271   Downloaded reqwest v0.11.27
#23 1.281   Downloaded h2 v0.3.26
#23 1.291   Downloaded hyper v0.14.31
#23 1.302   Downloaded syn v1.0.109
#23 1.314   Downloaded playwright v0.0.20
#23 1.335   Downloaded bzip2-sys v0.1.11+1.0.8
#23 1.351   Downloaded encoding_rs v0.8.35
#23 1.461    Compiling bitflags v2.6.0
#23 1.464    Compiling futures-util v0.3.31
#23 1.464    Compiling openssl-sys v0.9.104
#23 1.467    Compiling foreign-types-shared v0.1.1
#23 1.468    Compiling openssl v0.10.68
#23 1.469    Compiling openssl-macros v0.1.1
#23 1.470    Compiling native-tls v0.2.12
#23 1.474    Compiling openssl-probe v0.1.5
#23 1.481    Compiling idna v1.0.3
#23 1.486    Compiling rustix v0.38.42
#23 1.490    Compiling tokio-stream v0.1.17
#23 1.491    Compiling http v0.2.12
#23 1.496    Compiling syn v1.0.109
#23 1.496    Compiling linux-raw-sys v0.4.14
#23 1.503    Compiling flume v0.11.1
#23 1.542    Compiling foreign-types v0.3.2
#23 1.547    Compiling tokio-util v0.7.13
#23 1.594    Compiling fastrand v2.3.0
#23 1.689    Compiling try-lock v0.2.5
#23 1.718    Compiling ident_case v1.0.1
#23 1.794    Compiling want v0.3.1
#23 1.826    Compiling strsim v0.10.0
#23 1.841    Compiling bzip2-sys v0.1.11+1.0.8
#23 1.907    Compiling base64 v0.21.7
#23 1.938    Compiling encoding_rs v0.8.35
#23 1.947    Compiling adler2 v2.0.0
#23 1.954    Compiling sync_wrapper v0.1.2
#23 2.034    Compiling ipnet v2.10.1
#23 2.100    Compiling url v2.5.4
#23 2.216    Compiling miniz_oxide v0.8.0
#23 2.269    Compiling crc32fast v1.4.2
#23 2.501    Compiling rustls-pemfile v1.0.4
#23 2.552    Compiling time v0.1.45
#23 2.567    Compiling dirs-sys v0.3.7
#23 2.594    Compiling itertools v0.10.5
#23 2.760    Compiling dirs v3.0.2
#23 2.771    Compiling strong v0.3.4
#23 2.801    Compiling base64 v0.13.1
#23 2.851    Compiling http-body v0.4.6
#23 3.050    Compiling flate2 v1.0.35
#23 3.593    Compiling bzip2 v0.4.4
#23 3.701    Compiling zip v0.5.13
#23 4.257    Compiling tempfile v3.14.0
#23 4.767    Compiling sqlx-core v0.8.2
#23 4.767    Compiling futures-executor v0.3.31
#23 4.767    Compiling h2 v0.3.26
#23 4.825    Compiling http-body-util v0.1.2
#23 4.825    Compiling hyper v1.5.1
#23 4.825    Compiling tower v0.5.2
#23 4.937    Compiling futures v0.3.31
#23 5.038    Compiling axum-core v0.4.5
#23 5.209    Compiling tower-http v0.6.2
#23 5.279    Compiling darling_core v0.13.4
#23 5.609    Compiling hyper-util v0.1.10
#23 6.651    Compiling darling_macro v0.13.4
#23 6.694    Compiling tokio-native-tls v0.3.1
#23 6.695    Compiling tungstenite v0.24.0
#23 6.976    Compiling tower-sessions-core v0.13.0
#23 6.976    Compiling tower-cookies v0.10.0
#23 6.976    Compiling axum-embed v0.1.0
#23 7.233    Compiling sqlx-sqlite v0.8.2
#23 7.274    Compiling tokio-tungstenite v0.24.0
#23 7.379    Compiling darling v0.13.4
#23 7.428    Compiling serde_with_macros v1.5.2
#23 7.521    Compiling tower-sessions-memory-store v0.13.0
#23 7.547    Compiling axum v0.7.9
#23 7.547    Compiling ws-utils v0.0.0 (/root/oko/backend/utils/ws-utils)
#23 7.709    Compiling tower-sessions v0.13.0
#23 8.301    Compiling serde_with v1.14.0
#23 8.609    Compiling hyper v0.14.31
#23 8.961    Compiling sqlx-macros-core v0.8.2
#23 10.08    Compiling sqlx-macros v0.8.2
#23 10.98    Compiling axum-login v0.16.0
#23 10.99    Compiling hyper-tls v0.5.0
#23 11.09    Compiling reqwest v0.11.27
#23 11.72    Compiling sqlx v0.8.2
#23 11.79    Compiling tower-sessions-sqlx-store v0.14.2
#23 12.16    Compiling oko v0.1.2 (/root/oko/backend)
#23 12.48    Compiling playwright v0.0.20
#23 30.59     Finished `test` profile [unoptimized + debuginfo] target(s) in 29.83s
#23 30.66      Running unittests src/lib.rs (target/debug/deps/oko-07c82b928d3a393e)
#23 30.66 
#23 30.66 running 28 tests
#23 30.88 test db::camera::tests::get ... ok
#23 30.88 test db::camera::tests::get_using_ip ... ok
#23 30.89 test db::camera::tests::update ... ok
#23 30.90 test db::camera::tests::create ... ok
#23 30.90 test db::camera::tests::delete ... ok
#23 30.92 test db::camera_permission::tests::get ... ok
#23 30.92 test db::camera_permission::tests::list_for_camera_with_username ... ok
#23 30.93 test db::camera::tests::list_accessible_to_user ... ok
#23 30.93 test db::camera_permission::tests::list_for_camera ... ok
#23 30.93 test db::camera_setting::tests::get ... ok
#23 30.96 test db::camera_setting::tests::delete ... ok
#23 30.97 test db::camera_permission::tests::delete ... ok
#23 30.98 test db::camera_permission::tests::update ... ok
#23 30.98 test db::camera_setting::tests::update ... ok
#23 30.98 test db::camera_setting::tests::create ... ok
#23 30.98 test db::camera_permission::tests::create ... ok
#23 31.03 test db::user::tests::create_existing ... ok
#23 31.06 test db::user::tests::get_using_username ... ok
#23 31.06 test db::user::tests::get ... ok
#23 31.06 test db::user::tests::create ... ok
#23 31.07 test db::user::tests::delete ... ok
#23 31.07 test db::user::tests::to_redacted_clone ... ok
#23 31.11 test db::user::tests::update ... ok
#23 31.12 test db::video::tests::get ... ok
#23 31.14 test db::video::tests::list_for_camera ... ok
#23 31.15 test db::video::tests::create ... ok
#23 31.15 test db::video::tests::delete ... ok
#23 31.16 test db::video::tests::update ... ok
#23 31.16 
#23 31.16 test result: ok. 28 passed; 0 failed; 0 ignored; 0 measured; 0 filtered out; finished in 0.50s
#23 31.16 
#23 31.16      Running unittests src/main.rs (target/debug/deps/oko-13b09a8f75ca55e6)
#23 31.17 
#23 31.17 running 0 tests
#23 31.17 
#23 31.17 test result: ok. 0 passed; 0 failed; 0 ignored; 0 measured; 0 filtered out; finished in 0.00s
#23 31.17 
#23 31.17      Running tests/api.rs (target/debug/deps/api-6237c0663de291ee)
#23 31.17 
#23 31.17 running 0 tests
#23 31.17 
#23 31.17 test result: ok. 0 passed; 0 failed; 0 ignored; 0 measured; 0 filtered out; finished in 0.00s
#23 31.17 
#23 31.17      Running tests/app.rs (target/debug/deps/app-ea0acbeb6ae336a8)
#23 31.17 
#23 31.17 running 0 tests
#23 31.17 
#23 31.17 test result: ok. 0 passed; 0 failed; 0 ignored; 0 measured; 0 filtered out; finished in 0.00s
#23 31.17 
#23 31.17      Running tests/db.rs (target/debug/deps/db-cf395a4adede822c)
#23 31.17 
#23 31.17 running 2 tests
#23 31.36 test user_on_delete ... ok
#23 31.38 test camera_on_delete ... ok
#23 31.38 
#23 31.38 test result: ok. 2 passed; 0 failed; 0 ignored; 0 measured; 0 filtered out; finished in 0.21s
#23 31.38 
#23 31.38      Running tests/utils.rs (target/debug/deps/utils-746b119b2fa42b62)
#23 31.38 
#23 31.38 running 0 tests
#23 31.38 
#23 31.38 test result: ok. 0 passed; 0 failed; 0 ignored; 0 measured; 0 filtered out; finished in 0.00s
#23 31.38 
#23 31.38      Running tests/web.rs (target/debug/deps/web-30f027e0f8f401f7)
#23 31.43 
#23 31.43 running 10 tests
#23 38.29 
#23 42.65 test camera_user_permission_updates ... FAILED
#23 42.65 test home_feeds ... FAILED
#23 42.65 test login_and_logout ... FAILED
#23 42.65 test camera_add_remove ... FAILED
#23 42.65 test live_feed ... FAILED
#23 42.65 test home_redirect ... FAILED
#23 42.68 test download_video ... FAILED
#23 42.68 test record ... FAILED
#23 42.69 test multi_camera_record ... FAILED
#23 43.79 chromium v878941 downloaded to /root/.cache/ms-playwright/chromium-878941
#23 44.09 
#23 44.15 ffmpeg v1005 downloaded to /root/.cache/ms-playwright/ffmpeg-1005
#23 45.15 test camera_user_can_view ... ok
#23 45.15 
#23 45.15 failures:
#23 45.15 
#23 45.15 ---- camera_user_permission_updates stdout ----
#23 45.15 Error: InitializationError
#23 45.15 
#23 45.15 ---- home_feeds stdout ----
#23 45.15 Error: InitializationError
#23 45.15 
#23 45.15 ---- login_and_logout stdout ----
#23 45.15 Error: InitializationError
#23 45.15 
#23 45.15 ---- camera_add_remove stdout ----
#23 45.15 Error: InitializationError
#23 45.15 
#23 45.15 ---- live_feed stdout ----
#23 45.15 Error: InitializationError
#23 45.15 
#23 45.15 ---- home_redirect stdout ----
#23 45.15 Error: InitializationError
#23 45.15 
#23 45.15 ---- download_video stdout ----
#23 45.15 Error: InitializationError
#23 45.15 
#23 45.15 ---- record stdout ----
#23 45.15 Error: InitializationError
#23 45.15 
#23 45.15 ---- multi_camera_record stdout ----
#23 45.15 Error: InitializationError
#23 45.15 
#23 45.15 
#23 45.15 failures:
#23 45.15     camera_add_remove
#23 45.15     camera_user_permission_updates
#23 45.15     download_video
#23 45.15     home_feeds
#23 45.15     home_redirect
#23 45.15     live_feed
#23 45.15     login_and_logout
#23 45.15     multi_camera_record
#23 45.15     record
#23 45.15 
#23 45.15 test result: FAILED. 1 passed; 9 failed; 0 ignored; 0 measured; 0 filtered out; finished in 13.52s
#23 45.15 
#23 45.16 error: test failed, to rerun pass `--test web`
#23 45.19 + exit 0
#23 DONE 45.6s

#24 [test 11/11] RUN set -xeu && 	cd /root/oko/backend && 	cargo test
#24 0.324 + cd /root/oko/backend
#24 0.324 + cargo test
#24 0.691     Finished `test` profile [unoptimized + debuginfo] target(s) in 0.33s
#24 0.705      Running unittests src/lib.rs (target/debug/deps/oko-07c82b928d3a393e)
#24 0.708 
#24 0.708 running 28 tests
#24 0.922 test db::camera::tests::get_using_ip ... ok
#24 0.940 test db::camera::tests::get ... ok
#24 0.954 test db::camera::tests::update ... ok
#24 0.955 test db::camera::tests::delete ... ok
#24 0.975 test db::camera::tests::create ... ok
#24 0.992 test db::camera_permission::tests::list_for_camera ... ok
#24 0.992 test db::camera_setting::tests::get ... ok
#24 0.992 test db::camera_permission::tests::list_for_camera_with_username ... ok
#24 0.996 test db::camera::tests::list_accessible_to_user ... ok
#24 1.009 test db::camera_permission::tests::get ... ok
#24 1.017 test db::camera_permission::tests::create ... ok
#24 1.037 test db::camera_permission::tests::update ... ok
#24 1.039 test db::camera_setting::tests::delete ... ok
#24 1.053 test db::camera_setting::tests::update ... ok
#24 1.054 test db::camera_setting::tests::create ... ok
#24 1.054 test db::camera_permission::tests::delete ... ok
#24 1.078 test db::user::tests::create_existing ... ok
#24 1.097 test db::user::tests::create ... ok
#24 1.098 test db::user::tests::get ... ok
#24 1.114 test db::user::tests::get_using_username ... ok
#24 1.133 test db::user::tests::delete ... ok
#24 1.143 test db::user::tests::to_redacted_clone ... ok
#24 1.167 test db::user::tests::update ... ok
#24 1.168 test db::video::tests::get ... ok
#24 1.172 test db::video::tests::list_for_camera ... ok
#24 1.191 test db::video::tests::create ... ok
#24 1.191 test db::video::tests::delete ... ok
#24 1.205 test db::video::tests::update ... ok
#24 1.205 
#24 1.205 test result: ok. 28 passed; 0 failed; 0 ignored; 0 measured; 0 filtered out; finished in 0.50s
#24 1.205 
#24 1.206      Running unittests src/main.rs (target/debug/deps/oko-13b09a8f75ca55e6)
#24 1.209 
#24 1.209 running 0 tests
#24 1.209 
#24 1.209 test result: ok. 0 passed; 0 failed; 0 ignored; 0 measured; 0 filtered out; finished in 0.00s
#24 1.209 
#24 1.209      Running tests/api.rs (target/debug/deps/api-6237c0663de291ee)
#24 1.210 
#24 1.210 running 0 tests
#24 1.210 
#24 1.210 test result: ok. 0 passed; 0 failed; 0 ignored; 0 measured; 0 filtered out; finished in 0.00s
#24 1.210 
#24 1.211      Running tests/app.rs (target/debug/deps/app-ea0acbeb6ae336a8)
#24 1.212 
#24 1.212 running 0 tests
#24 1.212 
#24 1.212 test result: ok. 0 passed; 0 failed; 0 ignored; 0 measured; 0 filtered out; finished in 0.00s
#24 1.212 
#24 1.212      Running tests/db.rs (target/debug/deps/db-cf395a4adede822c)
#24 1.215 
#24 1.215 running 2 tests
#24 1.403 test user_on_delete ... ok
#24 1.424 test camera_on_delete ... ok
#24 1.424 
#24 1.424 test result: ok. 2 passed; 0 failed; 0 ignored; 0 measured; 0 filtered out; finished in 0.21s
#24 1.424 
#24 1.425      Running tests/utils.rs (target/debug/deps/utils-746b119b2fa42b62)
#24 1.427 
#24 1.427 running 0 tests
#24 1.427 
#24 1.427 test result: ok. 0 passed; 0 failed; 0 ignored; 0 measured; 0 filtered out; finished in 0.00s
#24 1.427 
#24 1.428      Running tests/web.rs (target/debug/deps/web-30f027e0f8f401f7)
#24 1.447 
#24 1.447 running 10 tests
#24 3.573 test camera_user_can_view ... ok
#24 3.719 test home_redirect ... ok
#24 3.794 test home_feeds ... ok
#24 3.884 test live_feed ... ok
#24 4.057 test camera_add_remove ... ok
#24 4.406 test record ... ok
#24 4.459 test multi_camera_record ... ok
#24 4.516 test login_and_logout ... ok
#24 5.237 test download_video ... ok
#24 5.249 test camera_user_permission_updates ... ok
#24 5.249 
#24 5.249 test result: ok. 10 passed; 0 failed; 0 ignored; 0 measured; 0 filtered out; finished in 3.80s
#24 5.249 
#24 5.263    Doc-tests oko
#24 5.488 
#24 5.488 running 0 tests
#24 5.488 
#24 5.488 test result: ok. 0 passed; 0 failed; 0 ignored; 0 measured; 0 filtered out; finished in 0.00s
#24 5.488 
#24 DONE 5.5s

#25 exporting to image
#25 exporting layers
#25 exporting layers 5.7s done
#25 writing image sha256:8b5e5cbc7b7a9ee11bc3d646f0d7c3ff144860d17add1553a54275f27da54a02 done
#25 DONE 5.7s
