#0 building with "default" instance using docker driver

#1 [internal] load build definition from ubuntu-22.04-opencv-full-build.Dockerfile
#1 transferring dockerfile: 4.59kB 0.2s done
#1 DONE 0.3s

#2 [internal] load metadata for docker.io/library/node:22.12
#2 ...

#3 [internal] load metadata for docker.io/library/ubuntu:22.04
#3 DONE 0.0s

#2 [internal] load metadata for docker.io/library/node:22.12
#2 DONE 0.7s

#4 [internal] load .dockerignore
#4 transferring context: 2B done
#4 DONE 0.1s

#5 [frontend 1/3] FROM docker.io/library/node:22.12@sha256:0e910f435308c36ea60b4cfd7b80208044d77a074d16b768a81901ce938a62dc
#5 DONE 0.0s

#6 [opencv_download 1/4] FROM docker.io/library/ubuntu:22.04
#6 DONE 0.0s

#7 [opencv_download 2/4] RUN set -xeu &&     apt-get update &&     DEBIAN_FRONTEND=noninteractive apt-get dist-upgrade -y &&     apt-get autoremove -y --purge &&     apt-get -y autoclean
#7 CACHED

#8 [backend 3/5] RUN set -xeu &&     DEBIAN_FRONTEND=noninteractive apt-get install -y clang libclang-dev cmake     libatlas-base-dev libceres-dev libeigen3-dev libva-dev     libavcodec-dev libavformat-dev libavutil-dev libswscale-dev
#8 CACHED

#9 [opencv_download 3/4] RUN set -xeu && 	DEBIAN_FRONTEND=noninteractive apt-get install -y curl
#9 CACHED

#10 [opencv_download 4/4] RUN set -xeu &&     mkdir -p /root/dist &&     curl -sSfL "https://github.com/opencv/opencv/archive/refs/tags/4.8.0.tar.gz" | tar xz -C /root/dist &&     curl -sSfL "https://github.com/opencv/opencv_contrib/archive/refs/tags/4.8.0.tar.gz" | tar xz -C /root/dist &&     sed -ri 's/Ptr<FarnebackOpticalFlow> cv::cuda::FarnebackOpticalFlow::create/Ptr<cv::cuda::FarnebackOpticalFlow> cv::cuda::FarnebackOpticalFlow::create/' "/root/dist/opencv_contrib-4.8.0/modules/cudaoptflow/src/farneback.cpp" # patch for version 4.8.0
#10 CACHED

#11 [backend 4/5] COPY --from=opencv_download /root/dist /root/dist
#11 CACHED

#12 [backend 5/5] RUN set -xeu &&     mkdir -p /root/build &&     cmake -B /root/build -S "/root/dist/opencv-4.8.0" -D OPENCV_EXTRA_MODULES_PATH="/root/dist/opencv_contrib-4.8.0/modules" -D CMAKE_INSTALL_PREFIX=/opt/opencv 		-D CMAKE_BUILD_TYPE=Release     	-D BUILD_SHARED_LIBS=OFF 		-D OPENCV_FORCE_3RDPARTY_BUILD=ON     	-D BUILD_PERF_TESTS=OFF     	-D BUILD_TESTS=OFF 		-D BUILD_opencv_apps=OFF 		-D BUILD_LIST=core,imgcodecs,imgproc,video,videoio     	-D WITH_TIFF=OFF     	-D WITH_OPENEXR=OFF 		-D WITH_FFMPEG=OFF 		-D WITH_GSTREAMER=OFF     	-D WITH_WEBP=OFF &&     make -C /root/build -j`nproc` install
#12 0.569 + mkdir -p /root/build
#12 0.570 + cmake -B /root/build -S /root/dist/opencv-4.8.0 -D OPENCV_EXTRA_MODULES_PATH=/root/dist/opencv_contrib-4.8.0/modules -D CMAKE_INSTALL_PREFIX=/opt/opencv -D CMAKE_BUILD_TYPE=Release -D BUILD_SHARED_LIBS=OFF -D OPENCV_FORCE_3RDPARTY_BUILD=ON -D BUILD_PERF_TESTS=OFF -D BUILD_TESTS=OFF -D BUILD_opencv_apps=OFF -D BUILD_LIST=core,imgcodecs,imgproc,video,videoio -D WITH_TIFF=OFF -D WITH_OPENEXR=OFF -D WITH_FFMPEG=OFF -D WITH_GSTREAMER=OFF -D WITH_WEBP=OFF
#12 0.679 -- The CXX compiler identification is Clang 14.0.0
#12 0.713 -- The C compiler identification is GNU 11.4.0
#12 0.720 -- Detecting CXX compiler ABI info
#12 0.821 -- Detecting CXX compiler ABI info - done
#12 0.825 -- Check for working CXX compiler: /usr/bin/c++ - skipped
#12 0.826 -- Detecting CXX compile features
#12 0.826 -- Detecting CXX compile features - done
#12 0.829 -- Detecting C compiler ABI info
#12 0.879 -- Detecting C compiler ABI info - done
#12 0.884 -- Check for working C compiler: /usr/bin/cc - skipped
#12 0.885 -- Detecting C compile features
#12 0.885 -- Detecting C compile features - done
#12 0.888 -- ocv_init_download: OpenCV source tree is not fetched as git repository. 3rdparty resources will be downloaded from github.com by default.
#12 0.889 -- Detected processor: x86_64
#12 0.903 -- Could NOT find PythonInterp (missing: PYTHON_EXECUTABLE) (Required is at least version "2.7")
#12 0.914 -- Found PythonInterp: /usr/bin/python3 (found suitable version "3.10.12", minimum required is "3.2") 
#12 0.920 -- Could NOT find PythonLibs (missing: PYTHON_LIBRARIES PYTHON_INCLUDE_DIRS) (Required is exact version "3.10.12")
#12 0.939 Traceback (most recent call last):
#12 0.939   File "<string>", line 1, in <module>
#12 0.939 ModuleNotFoundError: No module named 'numpy'
#12 0.943 -- Looking for ccache - not found
#12 0.943 -- Performing Test HAVE_CXX_FSIGNED_CHAR
#12 1.040 -- Performing Test HAVE_CXX_FSIGNED_CHAR - Success
#12 1.040 -- Performing Test HAVE_C_FSIGNED_CHAR
#12 1.089 -- Performing Test HAVE_C_FSIGNED_CHAR - Success
#12 1.090 -- Performing Test HAVE_CXX_W
#12 1.187 -- Performing Test HAVE_CXX_W - Success
#12 1.188 -- Performing Test HAVE_C_W
#12 1.237 -- Performing Test HAVE_C_W - Success
#12 1.237 -- Performing Test HAVE_CXX_WALL
#12 1.347 -- Performing Test HAVE_CXX_WALL - Success
#12 1.347 -- Performing Test HAVE_C_WALL
#12 1.396 -- Performing Test HAVE_C_WALL - Success
#12 1.396 -- Performing Test HAVE_CXX_WRETURN_TYPE
#12 1.499 -- Performing Test HAVE_CXX_WRETURN_TYPE - Success
#12 1.499 -- Performing Test HAVE_C_WRETURN_TYPE
#12 1.550 -- Performing Test HAVE_C_WRETURN_TYPE - Success
#12 1.550 -- Performing Test HAVE_CXX_WNON_VIRTUAL_DTOR
#12 1.653 -- Performing Test HAVE_CXX_WNON_VIRTUAL_DTOR - Success
#12 1.653 -- Performing Test HAVE_C_WNON_VIRTUAL_DTOR
#12 1.703 -- Performing Test HAVE_C_WNON_VIRTUAL_DTOR - Failed
#12 1.704 -- Performing Test HAVE_CXX_WADDRESS
#12 1.805 -- Performing Test HAVE_CXX_WADDRESS - Success
#12 1.805 -- Performing Test HAVE_C_WADDRESS
#12 1.854 -- Performing Test HAVE_C_WADDRESS - Success
#12 1.854 -- Performing Test HAVE_CXX_WSEQUENCE_POINT
#12 1.952 -- Performing Test HAVE_CXX_WSEQUENCE_POINT - Success
#12 1.952 -- Performing Test HAVE_C_WSEQUENCE_POINT
#12 2.001 -- Performing Test HAVE_C_WSEQUENCE_POINT - Success
#12 2.002 -- Performing Test HAVE_CXX_WFORMAT
#12 2.101 -- Performing Test HAVE_CXX_WFORMAT - Success
#12 2.101 -- Performing Test HAVE_C_WFORMAT
#12 2.150 -- Performing Test HAVE_C_WFORMAT - Success
#12 2.150 -- Performing Test HAVE_CXX_WFORMAT_SECURITY
#12 2.247 -- Performing Test HAVE_CXX_WFORMAT_SECURITY - Success
#12 2.247 -- Performing Test HAVE_C_WFORMAT_SECURITY
#12 2.297 -- Performing Test HAVE_C_WFORMAT_SECURITY - Success
#12 2.297 -- Performing Test HAVE_CXX_WMISSING_DECLARATIONS
#12 2.397 -- Performing Test HAVE_CXX_WMISSING_DECLARATIONS - Success
#12 2.397 -- Performing Test HAVE_C_WMISSING_DECLARATIONS
#12 2.446 -- Performing Test HAVE_C_WMISSING_DECLARATIONS - Success
#12 2.447 -- Performing Test HAVE_CXX_WMISSING_PROTOTYPES
#12 2.546 -- Performing Test HAVE_CXX_WMISSING_PROTOTYPES - Success
#12 2.547 -- Performing Test HAVE_C_WMISSING_PROTOTYPES
#12 2.596 -- Performing Test HAVE_C_WMISSING_PROTOTYPES - Success
#12 2.597 -- Performing Test HAVE_CXX_WSTRICT_PROTOTYPES
#12 2.698 -- Performing Test HAVE_CXX_WSTRICT_PROTOTYPES - Success
#12 2.698 -- Performing Test HAVE_C_WSTRICT_PROTOTYPES
#12 2.748 -- Performing Test HAVE_C_WSTRICT_PROTOTYPES - Success
#12 2.748 -- Performing Test HAVE_CXX_WUNDEF
#12 2.846 -- Performing Test HAVE_CXX_WUNDEF - Success
#12 2.847 -- Performing Test HAVE_C_WUNDEF
#12 2.895 -- Performing Test HAVE_C_WUNDEF - Success
#12 2.895 -- Performing Test HAVE_CXX_WINIT_SELF
#12 2.994 -- Performing Test HAVE_CXX_WINIT_SELF - Success
#12 2.995 -- Performing Test HAVE_C_WINIT_SELF
#12 3.047 -- Performing Test HAVE_C_WINIT_SELF - Success
#12 3.047 -- Performing Test HAVE_CXX_WPOINTER_ARITH
#12 3.152 -- Performing Test HAVE_CXX_WPOINTER_ARITH - Success
#12 3.153 -- Performing Test HAVE_C_WPOINTER_ARITH
#12 3.201 -- Performing Test HAVE_C_WPOINTER_ARITH - Success
#12 3.201 -- Performing Test HAVE_CXX_WSHADOW
#12 3.300 -- Performing Test HAVE_CXX_WSHADOW - Success
#12 3.300 -- Performing Test HAVE_C_WSHADOW
#12 3.349 -- Performing Test HAVE_C_WSHADOW - Success
#12 3.349 -- Performing Test HAVE_CXX_WSIGN_PROMO
#12 3.453 -- Performing Test HAVE_CXX_WSIGN_PROMO - Success
#12 3.453 -- Performing Test HAVE_C_WSIGN_PROMO
#12 3.502 -- Performing Test HAVE_C_WSIGN_PROMO - Failed
#12 3.502 -- Performing Test HAVE_CXX_WUNINITIALIZED
#12 3.601 -- Performing Test HAVE_CXX_WUNINITIALIZED - Success
#12 3.601 -- Performing Test HAVE_C_WUNINITIALIZED
#12 3.651 -- Performing Test HAVE_C_WUNINITIALIZED - Success
#12 3.651 -- Performing Test HAVE_CXX_WINCONSISTENT_MISSING_OVERRIDE
#12 3.751 -- Performing Test HAVE_CXX_WINCONSISTENT_MISSING_OVERRIDE - Success
#12 3.751 -- Performing Test HAVE_C_WINCONSISTENT_MISSING_OVERRIDE
#12 3.774 -- Performing Test HAVE_C_WINCONSISTENT_MISSING_OVERRIDE - Failed
#12 3.775 -- Performing Test HAVE_CXX_WNO_DELETE_NON_VIRTUAL_DTOR
#12 3.872 -- Performing Test HAVE_CXX_WNO_DELETE_NON_VIRTUAL_DTOR - Success
#12 3.872 -- Performing Test HAVE_C_WNO_DELETE_NON_VIRTUAL_DTOR
#12 3.920 -- Performing Test HAVE_C_WNO_DELETE_NON_VIRTUAL_DTOR - Failed
#12 3.920 -- Performing Test HAVE_CXX_WNO_UNNAMED_TYPE_TEMPLATE_ARGS
#12 4.022 -- Performing Test HAVE_CXX_WNO_UNNAMED_TYPE_TEMPLATE_ARGS - Success
#12 4.023 -- Performing Test HAVE_C_WNO_UNNAMED_TYPE_TEMPLATE_ARGS
#12 4.071 -- Performing Test HAVE_C_WNO_UNNAMED_TYPE_TEMPLATE_ARGS - Failed
#12 4.072 -- Performing Test HAVE_CXX_WNO_COMMENT
#12 4.169 -- Performing Test HAVE_CXX_WNO_COMMENT - Success
#12 4.169 -- Performing Test HAVE_C_WNO_COMMENT
#12 4.218 -- Performing Test HAVE_C_WNO_COMMENT - Success
#12 4.218 -- Performing Test HAVE_CXX_WNO_DEPRECATED_ENUM_ENUM_CONVERSION
#12 4.316 -- Performing Test HAVE_CXX_WNO_DEPRECATED_ENUM_ENUM_CONVERSION - Success
#12 4.317 -- Performing Test HAVE_C_WNO_DEPRECATED_ENUM_ENUM_CONVERSION
#12 4.366 -- Performing Test HAVE_C_WNO_DEPRECATED_ENUM_ENUM_CONVERSION - Failed
#12 4.366 -- Performing Test HAVE_CXX_WNO_DEPRECATED_ANON_ENUM_ENUM_CONVERSION
#12 4.467 -- Performing Test HAVE_CXX_WNO_DEPRECATED_ANON_ENUM_ENUM_CONVERSION - Success
#12 4.467 -- Performing Test HAVE_C_WNO_DEPRECATED_ANON_ENUM_ENUM_CONVERSION
#12 4.515 -- Performing Test HAVE_C_WNO_DEPRECATED_ANON_ENUM_ENUM_CONVERSION - Failed
#12 4.515 -- Performing Test HAVE_CXX_FDIAGNOSTICS_SHOW_OPTION
#12 4.615 -- Performing Test HAVE_CXX_FDIAGNOSTICS_SHOW_OPTION - Success
#12 4.615 -- Performing Test HAVE_C_FDIAGNOSTICS_SHOW_OPTION
#12 4.663 -- Performing Test HAVE_C_FDIAGNOSTICS_SHOW_OPTION - Success
#12 4.664 -- Performing Test HAVE_CXX_WNO_LONG_LONG
#12 4.765 -- Performing Test HAVE_CXX_WNO_LONG_LONG - Success
#12 4.765 -- Performing Test HAVE_C_WNO_LONG_LONG
#12 4.815 -- Performing Test HAVE_C_WNO_LONG_LONG - Success
#12 4.815 -- Performing Test HAVE_CXX_PTHREAD
#12 4.913 -- Performing Test HAVE_CXX_PTHREAD - Success
#12 4.913 -- Performing Test HAVE_C_PTHREAD
#12 4.963 -- Performing Test HAVE_C_PTHREAD - Success
#12 4.963 -- Performing Test HAVE_CXX_QUNUSED_ARGUMENTS
#12 5.062 -- Performing Test HAVE_CXX_QUNUSED_ARGUMENTS - Success
#12 5.062 -- Performing Test HAVE_C_QUNUSED_ARGUMENTS
#12 5.085 -- Performing Test HAVE_C_QUNUSED_ARGUMENTS - Failed
#12 5.086 -- Performing Test HAVE_CXX_FFUNCTION_SECTIONS
#12 5.181 -- Performing Test HAVE_CXX_FFUNCTION_SECTIONS - Success
#12 5.181 -- Performing Test HAVE_C_FFUNCTION_SECTIONS
#12 5.230 -- Performing Test HAVE_C_FFUNCTION_SECTIONS - Success
#12 5.231 -- Performing Test HAVE_CXX_FDATA_SECTIONS
#12 5.329 -- Performing Test HAVE_CXX_FDATA_SECTIONS - Success
#12 5.329 -- Performing Test HAVE_C_FDATA_SECTIONS
#12 5.378 -- Performing Test HAVE_C_FDATA_SECTIONS - Success
#12 5.381 -- Performing Test HAVE_CXX_MSSE (check file: cmake/checks/cpu_sse.cpp)
#12 5.517 -- Performing Test HAVE_CXX_MSSE - Success
#12 5.517 -- Performing Test HAVE_CXX_MSSE2 (check file: cmake/checks/cpu_sse2.cpp)
#12 5.648 -- Performing Test HAVE_CXX_MSSE2 - Success
#12 5.648 -- Performing Test HAVE_CXX_MSSE3 (check file: cmake/checks/cpu_sse3.cpp)
#12 5.778 -- Performing Test HAVE_CXX_MSSE3 - Success
#12 5.778 -- Performing Test HAVE_CXX_MSSSE3 (check file: cmake/checks/cpu_ssse3.cpp)
#12 5.907 -- Performing Test HAVE_CXX_MSSSE3 - Success
#12 5.907 -- Performing Test HAVE_CXX_MSSE4_1 (check file: cmake/checks/cpu_sse41.cpp)
#12 6.047 -- Performing Test HAVE_CXX_MSSE4_1 - Success
#12 6.047 -- Performing Test HAVE_CXX_MPOPCNT (check file: cmake/checks/cpu_popcnt.cpp)
#12 6.144 -- Performing Test HAVE_CXX_MPOPCNT - Success
#12 6.144 -- Performing Test HAVE_CXX_MSSE4_2 (check file: cmake/checks/cpu_sse42.cpp)
#12 6.275 -- Performing Test HAVE_CXX_MSSE4_2 - Success
#12 6.275 -- Performing Test HAVE_CXX_MF16C (check file: cmake/checks/cpu_fp16.cpp)
#12 6.614 -- Performing Test HAVE_CXX_MF16C - Success
#12 6.615 -- Performing Test HAVE_CXX_MFMA
#12 6.710 -- Performing Test HAVE_CXX_MFMA - Success
#12 6.711 -- Performing Test HAVE_CXX_MAVX (check file: cmake/checks/cpu_avx.cpp)
#12 7.047 -- Performing Test HAVE_CXX_MAVX - Success
#12 7.047 -- Performing Test HAVE_CXX_MAVX2 (check file: cmake/checks/cpu_avx2.cpp)
#12 7.381 -- Performing Test HAVE_CXX_MAVX2 - Success
#12 7.381 -- Performing Test HAVE_CXX_MAVX512F (check file: cmake/checks/cpu_avx512.cpp)
#12 7.729 -- Performing Test HAVE_CXX_MAVX512F - Success
#12 7.729 -- Performing Test HAVE_CXX_MAVX512F_MAVX512CD (check file: cmake/checks/cpu_avx512common.cpp)
#12 8.076 -- Performing Test HAVE_CXX_MAVX512F_MAVX512CD - Success
#12 8.078 -- Performing Test HAVE_CXX_MAVX512F_MAVX512CD_MAVX512VL_MAVX512BW_MAVX512DQ (check file: cmake/checks/cpu_avx512skx.cpp)
#12 8.416 -- Performing Test HAVE_CXX_MAVX512F_MAVX512CD_MAVX512VL_MAVX512BW_MAVX512DQ - Success
#12 8.418 -- Performing Test HAVE_CPU_BASELINE_FLAGS
#12 8.519 -- Performing Test HAVE_CPU_BASELINE_FLAGS - Success
#12 8.521 -- Performing Test HAVE_CPU_DISPATCH_FLAGS_SSE4_1
#12 8.618 -- Performing Test HAVE_CPU_DISPATCH_FLAGS_SSE4_1 - Success
#12 8.621 -- Performing Test HAVE_CPU_DISPATCH_FLAGS_SSE4_2
#12 8.719 -- Performing Test HAVE_CPU_DISPATCH_FLAGS_SSE4_2 - Success
#12 8.721 -- Performing Test HAVE_CPU_DISPATCH_FLAGS_FP16
#12 8.818 -- Performing Test HAVE_CPU_DISPATCH_FLAGS_FP16 - Success
#12 8.820 -- Performing Test HAVE_CPU_DISPATCH_FLAGS_AVX
#12 8.918 -- Performing Test HAVE_CPU_DISPATCH_FLAGS_AVX - Success
#12 8.920 -- Performing Test HAVE_CPU_DISPATCH_FLAGS_AVX2
#12 9.017 -- Performing Test HAVE_CPU_DISPATCH_FLAGS_AVX2 - Success
#12 9.020 -- Performing Test HAVE_CPU_DISPATCH_FLAGS_AVX512_SKX
#12 9.117 -- Performing Test HAVE_CPU_DISPATCH_FLAGS_AVX512_SKX - Success
#12 9.118 -- Performing Test HAVE_CXX_FVISIBILITY_HIDDEN
#12 9.214 -- Performing Test HAVE_CXX_FVISIBILITY_HIDDEN - Success
#12 9.214 -- Performing Test HAVE_C_FVISIBILITY_HIDDEN
#12 9.265 -- Performing Test HAVE_C_FVISIBILITY_HIDDEN - Success
#12 9.265 -- Performing Test HAVE_CXX_FVISIBILITY_INLINES_HIDDEN
#12 9.360 -- Performing Test HAVE_CXX_FVISIBILITY_INLINES_HIDDEN - Success
#12 9.361 -- Performing Test HAVE_C_FVISIBILITY_INLINES_HIDDEN
#12 9.414 -- Performing Test HAVE_C_FVISIBILITY_INLINES_HIDDEN - Failed
#12 9.414 -- Performing Test HAVE_LINK_AS_NEEDED
#12 9.498 -- Performing Test HAVE_LINK_AS_NEEDED - Success
#12 9.499 -- Performing Test HAVE_LINK_NO_UNDEFINED
#12 9.594 -- Performing Test HAVE_LINK_NO_UNDEFINED - Success
#12 9.602 -- Looking for pthread.h
#12 9.656 -- Looking for pthread.h - found
#12 9.657 -- Looking for posix_memalign
#12 9.714 -- Looking for posix_memalign - found
#12 9.714 -- Looking for malloc.h
#12 9.769 -- Looking for malloc.h - found
#12 9.769 -- Looking for memalign
#12 9.823 -- Looking for memalign - found
#12 9.829 -- Looking for fseeko
#12 9.879 -- Looking for fseeko - found
#12 9.880 -- Looking for unistd.h
#12 9.936 -- Looking for unistd.h - found
#12 9.937 -- Looking for sys/types.h
#12 9.989 -- Looking for sys/types.h - found
#12 9.990 -- Looking for stdint.h
#12 10.04 -- Looking for stdint.h - found
#12 10.04 -- Looking for stddef.h
#12 10.09 -- Looking for stddef.h - found
#12 10.09 -- Check size of off64_t
#12 10.11 -- Check size of off64_t - failed
#12 10.11 -- Performing Test HAVE_C_WNO_SHORTEN_64_TO_32
#12 10.16 -- Performing Test HAVE_C_WNO_SHORTEN_64_TO_32 - Failed
#12 10.16 -- Performing Test HAVE_C_WNO_ATTRIBUTES
#12 10.22 -- Performing Test HAVE_C_WNO_ATTRIBUTES - Success
#12 10.22 -- Performing Test HAVE_C_WNO_STRICT_PROTOTYPES
#12 10.27 -- Performing Test HAVE_C_WNO_STRICT_PROTOTYPES - Success
#12 10.27 -- Performing Test HAVE_C_WNO_MISSING_PROTOTYPES
#12 10.32 -- Performing Test HAVE_C_WNO_MISSING_PROTOTYPES - Success
#12 10.32 -- Performing Test HAVE_C_WNO_MISSING_DECLARATIONS
#12 10.37 -- Performing Test HAVE_C_WNO_MISSING_DECLARATIONS - Success
#12 10.37 -- Performing Test HAVE_C_WNO_SHIFT_NEGATIVE_VALUE
#12 10.42 -- Performing Test HAVE_C_WNO_SHIFT_NEGATIVE_VALUE - Success
#12 10.42 -- Performing Test HAVE_C_WNO_UNDEF
#12 10.47 -- Performing Test HAVE_C_WNO_UNDEF - Success
#12 10.47 -- Performing Test HAVE_C_WNO_IMPLICIT_FALLTHROUGH
#12 10.52 -- Performing Test HAVE_C_WNO_IMPLICIT_FALLTHROUGH - Success
#12 10.53 -- Performing Test HAVE_C_WNO_UNUSED_PARAMETER
#12 10.58 -- Performing Test HAVE_C_WNO_UNUSED_PARAMETER - Success
#12 10.58 -- Performing Test HAVE_C_WNO_SIGN_COMPARE
#12 10.63 -- Performing Test HAVE_C_WNO_SIGN_COMPARE - Success
#12 10.63 -- libjpeg-turbo: VERSION = 2.1.3, BUILD = opencv-4.8.0-libjpeg-turbo
#12 10.63 -- Check size of size_t
#12 10.68 -- Check size of size_t - done
#12 10.68 -- Check size of unsigned long
#12 10.74 -- Check size of unsigned long - done
#12 10.74 -- Performing Test HAVE_BUILTIN_CTZL
#12 10.79 -- Performing Test HAVE_BUILTIN_CTZL - Success
#12 10.79 -- Looking for include file locale.h
#12 10.84 -- Looking for include file locale.h - found
#12 10.84 -- Looking for include file stdlib.h
#12 10.89 -- Looking for include file stdlib.h - found
#12 10.89 -- Looking for include file sys/types.h
#12 10.95 -- Looking for include file sys/types.h - found
#12 10.95 -- Looking for a ASM_NASM compiler
#12 10.98 -- Looking for a ASM_NASM compiler - NOTFOUND
#12 10.98 -- libjpeg-turbo(SIMD): SIMD extensions disabled: could not find NASM compiler.  Performance will suffer.
#12 10.98 -- Could NOT find OpenJPEG (minimal suitable version: 2.0, recommended version >= 2.3.1). OpenJPEG will be built from sources
#12 10.98 -- Performing Test HAVE_C_WNO_IMPLICIT_CONST_INT_FLOAT_CONVERSION
#12 11.03 -- Performing Test HAVE_C_WNO_IMPLICIT_CONST_INT_FLOAT_CONVERSION - Failed
#12 11.03 -- Performing Test HAVE_C_WNO_UNUSED_BUT_SET_VARIABLE
#12 11.09 -- Performing Test HAVE_C_WNO_UNUSED_BUT_SET_VARIABLE - Success
#12 11.09 -- OpenJPEG: VERSION = 2.5.0, BUILD = opencv-4.8.0-openjp2-2.5.0
#12 11.09 -- Looking for string.h
#12 11.14 -- Looking for string.h - found
#12 11.14 -- Looking for memory.h
#12 11.19 -- Looking for memory.h - found
#12 11.19 -- Looking for stdio.h
#12 11.24 -- Looking for stdio.h - found
#12 11.24 -- Looking for math.h
#12 11.30 -- Looking for math.h - found
#12 11.30 -- Looking for float.h
#12 11.35 -- Looking for float.h - found
#12 11.35 -- Looking for time.h
#12 11.40 -- Looking for time.h - found
#12 11.40 -- Looking for stdarg.h
#12 11.45 -- Looking for stdarg.h - found
#12 11.45 -- Looking for ctype.h
#12 11.50 -- Looking for ctype.h - found
#12 11.50 -- Looking for assert.h
#12 11.55 -- Looking for assert.h - found
#12 11.55 -- Looking for stdint.h
#12 11.60 -- Looking for stdint.h - found
#12 11.60 -- Looking for inttypes.h
#12 11.65 -- Looking for inttypes.h - found
#12 11.65 -- Looking for strings.h
#12 11.71 -- Looking for strings.h - found
#12 11.71 -- Looking for sys/stat.h
#12 11.76 -- Looking for sys/stat.h - found
#12 11.76 -- Looking for unistd.h
#12 11.81 -- Looking for unistd.h - found
#12 11.81 -- Looking for include file malloc.h
#12 11.87 -- Looking for include file malloc.h - found
#12 11.87 -- Looking for _aligned_malloc
#12 11.89 -- Looking for _aligned_malloc - not found
#12 11.89 -- Looking for posix_memalign
#12 11.94 -- Looking for posix_memalign - found
#12 11.94 -- Looking for memalign
#12 12.00 -- Looking for memalign - found
#12 12.00 -- Performing Test HAVE_C_WNO_CAST_FUNCTION_TYPE
#12 12.05 -- Performing Test HAVE_C_WNO_CAST_FUNCTION_TYPE - Success
#12 12.05 -- Performing Test HAVE_C_WNO_SHADOW
#12 12.10 -- Performing Test HAVE_C_WNO_SHADOW - Success
#12 12.10 -- Performing Test HAVE_C_WNO_UNUSED_FUNCTION
#12 12.15 -- Performing Test HAVE_C_WNO_UNUSED_FUNCTION - Success
#12 12.26 -- OpenJPEG libraries will be built from sources: libopenjp2 (version "2.5.0")
#12 12.26 -- Performing Test HAVE_C_WNO_CAST_ALIGN
#12 12.31 -- Performing Test HAVE_C_WNO_CAST_ALIGN - Success
#12 12.31 -- Performing Test HAVE_C_WNO_MAYBE_UNINITIALIZED
#12 12.36 -- Performing Test HAVE_C_WNO_MAYBE_UNINITIALIZED - Success
#12 12.36 -- Performing Test HAVE_C_WNO_NULL_POINTER_SUBTRACTION
#12 12.41 -- Performing Test HAVE_C_WNO_NULL_POINTER_SUBTRACTION - Failed
#12 12.42 -- IPPICV: Downloading ippicv_2021.8_lnx_intel64_20230330_general.tgz from https://raw.githubusercontent.com/opencv/opencv_3rdparty/1224f78da6684df04397ac0f40c961ed37f79ccb/ippicv/ippicv_2021.8_lnx_intel64_20230330_general.tgz
#12 13.75 -- found Intel IPP (ICV version): 2021.8.0 [2021.8]
#12 13.75 -- at: /root/build/3rdparty/ippicv/ippicv_lnx/icv
#12 13.76 -- found Intel IPP Integration Wrappers sources: 2021.8.0
#12 13.76 -- at: /root/build/3rdparty/ippicv/ippicv_lnx/iw
#12 13.77 -- Could not find OpenBLAS include. Turning OpenBLAS_FOUND off
#12 13.77 -- Could not find OpenBLAS lib. Turning OpenBLAS_FOUND off
#12 13.78 -- Could NOT find Atlas (missing: Atlas_CLAPACK_INCLUDE_DIR) 
#12 13.78 -- Looking for sgemm_
#12 13.83 -- Looking for sgemm_ - not found
#12 13.83 -- Found Threads: TRUE  
#12 13.84 -- Looking for dgemm_
#12 13.91 -- Looking for dgemm_ - found
#12 13.91 -- Found BLAS: /usr/lib/x86_64-linux-gnu/libblas.so;/usr/lib/x86_64-linux-gnu/libf77blas.so;/usr/lib/x86_64-linux-gnu/libatlas.so  
#12 13.91 -- Looking for cheev_
#12 13.96 -- Looking for cheev_ - not found
#12 13.97 -- Looking for cheev_
#12 14.01 -- Looking for cheev_ - not found
#12 14.01 -- Looking for cheev_
#12 14.08 -- Looking for cheev_ - found
#12 14.08 -- Found LAPACK: /usr/lib/x86_64-linux-gnu/liblapack.so;/usr/lib/x86_64-linux-gnu/libblas.so;/usr/lib/x86_64-linux-gnu/libf77blas.so;/usr/lib/x86_64-linux-gnu/libatlas.so  
#12 14.08 -- Performing Test HAVE_CXX_WNO_DEPRECATED
#12 14.16 -- Performing Test HAVE_CXX_WNO_DEPRECATED - Success
#12 14.16 -- Performing Test HAVE_CXX_WNO_MISSING_PROTOTYPES
#12 14.25 -- Performing Test HAVE_CXX_WNO_MISSING_PROTOTYPES - Success
#12 14.25 -- Performing Test HAVE_CXX_WNO_MISSING_DECLARATIONS
#12 14.33 -- Performing Test HAVE_CXX_WNO_MISSING_DECLARATIONS - Success
#12 14.33 -- Performing Test HAVE_CXX_WNO_SHADOW
#12 14.42 -- Performing Test HAVE_CXX_WNO_SHADOW - Success
#12 14.42 -- Performing Test HAVE_CXX_WNO_UNUSED_PARAMETER
#12 14.50 -- Performing Test HAVE_CXX_WNO_UNUSED_PARAMETER - Success
#12 14.50 -- Performing Test HAVE_CXX_WNO_UNUSED_LOCAL_TYPEDEFS
#12 14.59 -- Performing Test HAVE_CXX_WNO_UNUSED_LOCAL_TYPEDEFS - Success
#12 14.59 -- Performing Test HAVE_CXX_WNO_SIGN_COMPARE
#12 14.67 -- Performing Test HAVE_CXX_WNO_SIGN_COMPARE - Success
#12 14.67 -- Performing Test HAVE_CXX_WNO_SIGN_PROMO
#12 14.75 -- Performing Test HAVE_CXX_WNO_SIGN_PROMO - Success
#12 14.75 -- Performing Test HAVE_CXX_WNO_UNDEF
#12 14.84 -- Performing Test HAVE_CXX_WNO_UNDEF - Success
#12 14.84 -- Performing Test HAVE_CXX_WNO_TAUTOLOGICAL_UNDEFINED_COMPARE
#12 14.92 -- Performing Test HAVE_CXX_WNO_TAUTOLOGICAL_UNDEFINED_COMPARE - Success
#12 14.92 -- Performing Test HAVE_CXX_WNO_IGNORED_QUALIFIERS
#12 15.00 -- Performing Test HAVE_CXX_WNO_IGNORED_QUALIFIERS - Success
#12 15.00 -- Performing Test HAVE_CXX_WNO_EXTRA
#12 15.09 -- Performing Test HAVE_CXX_WNO_EXTRA - Success
#12 15.09 -- Performing Test HAVE_CXX_WNO_UNUSED_FUNCTION
#12 15.17 -- Performing Test HAVE_CXX_WNO_UNUSED_FUNCTION - Success
#12 15.17 -- Performing Test HAVE_CXX_WNO_UNUSED_CONST_VARIABLE
#12 15.25 -- Performing Test HAVE_CXX_WNO_UNUSED_CONST_VARIABLE - Success
#12 15.25 -- Performing Test HAVE_CXX_WNO_SHORTEN_64_TO_32
#12 15.34 -- Performing Test HAVE_CXX_WNO_SHORTEN_64_TO_32 - Success
#12 15.34 -- Performing Test HAVE_CXX_WNO_INVALID_OFFSETOF
#12 15.42 -- Performing Test HAVE_CXX_WNO_INVALID_OFFSETOF - Success
#12 15.42 -- Performing Test HAVE_CXX_WNO_ENUM_COMPARE_SWITCH
#12 15.51 -- Performing Test HAVE_CXX_WNO_ENUM_COMPARE_SWITCH - Success
#12 15.51 -- Performing Test HAVE_CXX_WNO_SUGGEST_OVERRIDE
#12 15.60 -- Performing Test HAVE_CXX_WNO_SUGGEST_OVERRIDE - Success
#12 15.60 -- Performing Test HAVE_CXX_WNO_INCONSISTENT_MISSING_OVERRIDE
#12 15.69 -- Performing Test HAVE_CXX_WNO_INCONSISTENT_MISSING_OVERRIDE - Success
#12 15.69 -- Performing Test HAVE_CXX_WNO_IMPLICIT_FALLTHROUGH
#12 15.77 -- Performing Test HAVE_CXX_WNO_IMPLICIT_FALLTHROUGH - Success
#12 15.77 -- Performing Test HAVE_CXX_WNO_ARRAY_BOUNDS
#12 15.86 -- Performing Test HAVE_CXX_WNO_ARRAY_BOUNDS - Success
#12 15.86 -- Could NOT find Java (missing: Java_JAVA_EXECUTABLE Java_JAR_EXECUTABLE Java_JAVAC_EXECUTABLE Java_JAVAH_EXECUTABLE Java_JAVADOC_EXECUTABLE) 
#12 15.87 -- Could NOT find JNI (missing: JAVA_AWT_LIBRARY JAVA_JVM_LIBRARY JAVA_INCLUDE_PATH JAVA_INCLUDE_PATH2 JAVA_AWT_INCLUDE_PATH) 
#12 15.94 -- VTK is not found. Please set -DVTK_DIR in CMake to VTK build directory, or to VTK install subdirectory with VTKConfig.cmake file
#12 15.94 -- Performing Test HAVE_C_WNO_UNUSED_VARIABLE
#12 15.99 -- Performing Test HAVE_C_WNO_UNUSED_VARIABLE - Success
#12 15.99 -- Looking for dlerror in dl
#12 16.04 -- Looking for dlerror in dl - found
#12 16.08 -- ADE: Downloading v0.1.2a.zip from https://github.com/opencv/ade/archive/v0.1.2a.zip
#12 16.70 -- Checking for module 'gtk+-3.0'
#12 16.70 --   No package 'gtk+-3.0' found
#12 16.70 -- Checking for module 'gtk+-2.0'
#12 16.71 --   No package 'gtk+-2.0' found
#12 16.71 -- Checking for module 'gthread-2.0>=2.32'
#12 16.71 --   No package 'gthread-2.0' found
#12 16.81 -- Checking for module 'libdc1394-2'
#12 16.81 --   No package 'libdc1394-2' found
#12 16.89 -- Checking for module 'freetype2'
#12 16.90 --   No package 'freetype2' found
#12 16.90 -- Checking for module 'harfbuzz'
#12 16.90 --   No package 'harfbuzz' found
#12 16.90 -- freetype2:   NO
#12 16.90 -- harfbuzz:    NO
#12 16.93 -- Could NOT find HDF5 (missing: HDF5_LIBRARIES HDF5_INCLUDE_DIRS) (found version "")
#12 16.94 -- Julia not found. Not compiling Julia Bindings. 
#12 16.95 -- Module opencv_ovis disabled because OGRE3D was not found
#12 17.26 -- Checking SFM glog/gflags deps... TRUE
#12 17.27 -- Checking for module 'tesseract'
#12 17.27 --   No package 'tesseract' found
#12 17.27 -- Tesseract:   NO
#12 17.28 -- Using whitelist: opencv_core;opencv_imgcodecs;opencv_imgproc;opencv_video;opencv_videoio
#12 17.28 -- Module opencv_calib3d disabled by whitelist
#12 17.29 -- Module opencv_dnn disabled by whitelist
#12 17.29 -- Module opencv_features2d disabled by whitelist
#12 17.29 -- Module opencv_flann disabled by whitelist
#12 17.29 -- Module opencv_gapi disabled by whitelist
#12 17.29 -- Module opencv_highgui disabled by whitelist
#12 17.29 -- Module opencv_java_bindings_generator disabled by whitelist
#12 17.29 -- Module opencv_js_bindings_generator disabled by whitelist
#12 17.29 -- Module opencv_ml disabled by whitelist
#12 17.29 -- Module opencv_objc_bindings_generator disabled by whitelist
#12 17.29 -- Module opencv_objdetect disabled by whitelist
#12 17.29 -- Module opencv_photo disabled by whitelist
#12 17.29 -- Module opencv_python_bindings_generator disabled by whitelist
#12 17.29 -- Module opencv_python_tests disabled by whitelist
#12 17.29 -- Module opencv_stitching disabled by whitelist
#12 17.29 -- Module opencv_alphamat disabled by whitelist
#12 17.29 -- Module opencv_aruco disabled by whitelist
#12 17.29 -- Module opencv_bgsegm disabled by whitelist
#12 17.29 -- Module opencv_bioinspired disabled by whitelist
#12 17.29 -- Module opencv_ccalib disabled by whitelist
#12 17.29 -- Module opencv_datasets disabled by whitelist
#12 17.29 -- Module opencv_dnn_objdetect disabled by whitelist
#12 17.29 -- Module opencv_dnn_superres disabled by whitelist
#12 17.29 -- Module opencv_dpm disabled by whitelist
#12 17.29 -- Module opencv_face disabled by whitelist
#12 17.29 -- Module opencv_fuzzy disabled by whitelist
#12 17.29 -- Module opencv_hfs disabled by whitelist
#12 17.29 -- Module opencv_img_hash disabled by whitelist
#12 17.29 -- Module opencv_intensity_transform disabled by whitelist
#12 17.29 -- Module opencv_line_descriptor disabled by whitelist
#12 17.29 -- Module opencv_mcc disabled by whitelist
#12 17.29 -- Module opencv_optflow disabled by whitelist
#12 17.29 -- Module opencv_phase_unwrapping disabled by whitelist
#12 17.29 -- Module opencv_plot disabled by whitelist
#12 17.29 -- Module opencv_quality disabled by whitelist
#12 17.29 -- Module opencv_rapid disabled by whitelist
#12 17.29 -- Module opencv_reg disabled by whitelist
#12 17.29 -- Module opencv_rgbd disabled by whitelist
#12 17.29 -- Module opencv_saliency disabled by whitelist
#12 17.29 -- Module opencv_sfm disabled by whitelist
#12 17.29 -- Module opencv_shape disabled by whitelist
#12 17.29 -- Module opencv_stereo disabled by whitelist
#12 17.29 -- Module opencv_structured_light disabled by whitelist
#12 17.29 -- Module opencv_superres disabled by whitelist
#12 17.29 -- Module opencv_surface_matching disabled by whitelist
#12 17.29 -- Module opencv_text disabled by whitelist
#12 17.29 -- Module opencv_tracking disabled by whitelist
#12 17.29 -- Module opencv_videostab disabled by whitelist
#12 17.29 -- Module opencv_wechat_qrcode disabled by whitelist
#12 17.29 -- Module opencv_xfeatures2d disabled by whitelist
#12 17.29 -- Module opencv_ximgproc disabled by whitelist
#12 17.29 -- Module opencv_xobjdetect disabled by whitelist
#12 17.29 -- Module opencv_xphoto disabled by whitelist
#12 17.31 -- Allocator metrics storage type: 'long long'
#12 17.33 -- Excluding from source files list: modules/imgproc/src/imgwarp.lasx.cpp
#12 17.33 -- Excluding from source files list: modules/imgproc/src/resize.lasx.cpp
#12 17.35 -- Performing Test HAVE_CXX_WNO_DEPRECATED_DECLARATIONS
#12 17.43 -- Performing Test HAVE_CXX_WNO_DEPRECATED_DECLARATIONS - Success
#12 17.45 -- 
#12 17.45 -- General configuration for OpenCV 4.8.0 =====================================
#12 17.45 --   Version control:               unknown
#12 17.45 -- 
#12 17.45 --   Extra modules:
#12 17.45 --     Location (extra):            /root/dist/opencv_contrib-4.8.0/modules
#12 17.45 --     Version control (extra):     unknown
#12 17.45 -- 
#12 17.45 --   Platform:
#12 17.45 --     Timestamp:                   2024-12-27T17:29:24Z
#12 17.45 --     Host:                        Linux 5.15.167.4-microsoft-standard-WSL2 x86_64
#12 17.45 --     CMake:                       3.22.1
#12 17.45 --     CMake generator:             Unix Makefiles
#12 17.45 --     CMake build tool:            /usr/bin/gmake
#12 17.45 --     Configuration:               Release
#12 17.45 -- 
#12 17.45 --   CPU/HW features:
#12 17.45 --     Baseline:                    SSE SSE2 SSE3
#12 17.45 --       requested:                 SSE3
#12 17.45 --     Dispatched code generation:  SSE4_1 SSE4_2 FP16 AVX AVX2 AVX512_SKX
#12 17.45 --       requested:                 SSE4_1 SSE4_2 AVX FP16 AVX2 AVX512_SKX
#12 17.45 --       SSE4_1 (13 files):         + SSSE3 SSE4_1
#12 17.45 --       SSE4_2 (1 files):          + SSSE3 SSE4_1 POPCNT SSE4_2
#12 17.45 --       FP16 (0 files):            + SSSE3 SSE4_1 POPCNT SSE4_2 FP16 AVX
#12 17.45 --       AVX (3 files):             + SSSE3 SSE4_1 POPCNT SSE4_2 AVX
#12 17.45 --       AVX2 (25 files):           + SSSE3 SSE4_1 POPCNT SSE4_2 FP16 FMA3 AVX AVX2
#12 17.45 --       AVX512_SKX (2 files):      + SSSE3 SSE4_1 POPCNT SSE4_2 FP16 FMA3 AVX AVX2 AVX_512F AVX512_COMMON AVX512_SKX
#12 17.45 -- 
#12 17.45 --   C/C++:
#12 17.45 --     Built as dynamic libs?:      NO
#12 17.45 --     C++ standard:                11
#12 17.45 --     C++ Compiler:                /usr/bin/c++  (ver 14.0.0)
#12 17.45 --     C++ flags (Release):         -fsigned-char -W -Wall -Wreturn-type -Wnon-virtual-dtor -Waddress -Wsequence-point -Wformat -Wformat-security -Wmissing-declarations -Wmissing-prototypes -Wstrict-prototypes -Wundef -Winit-self -Wpointer-arith -Wshadow -Wsign-promo -Wuninitialized -Winconsistent-missing-override -Wno-delete-non-virtual-dtor -Wno-unnamed-type-template-args -Wno-comment -Wno-deprecated-enum-enum-conversion -Wno-deprecated-anon-enum-enum-conversion -fdiagnostics-show-option -Wno-long-long -pthread -Qunused-arguments -ffunction-sections -fdata-sections  -msse -msse2 -msse3 -fvisibility=hidden -fvisibility-inlines-hidden -O3 -DNDEBUG  -DNDEBUG
#12 17.45 --     C++ flags (Debug):           -fsigned-char -W -Wall -Wreturn-type -Wnon-virtual-dtor -Waddress -Wsequence-point -Wformat -Wformat-security -Wmissing-declarations -Wmissing-prototypes -Wstrict-prototypes -Wundef -Winit-self -Wpointer-arith -Wshadow -Wsign-promo -Wuninitialized -Winconsistent-missing-override -Wno-delete-non-virtual-dtor -Wno-unnamed-type-template-args -Wno-comment -Wno-deprecated-enum-enum-conversion -Wno-deprecated-anon-enum-enum-conversion -fdiagnostics-show-option -Wno-long-long -pthread -Qunused-arguments -ffunction-sections -fdata-sections  -msse -msse2 -msse3 -fvisibility=hidden -fvisibility-inlines-hidden -g  -O0 -DDEBUG -D_DEBUG
#12 17.45 --     C Compiler:                  /usr/bin/cc
#12 17.45 --     C flags (Release):           -fsigned-char -W -Wall -Wreturn-type -Waddress -Wsequence-point -Wformat -Wformat-security -Wmissing-declarations -Wmissing-prototypes -Wstrict-prototypes -Wundef -Winit-self -Wpointer-arith -Wshadow -Wuninitialized -Wno-comment -fdiagnostics-show-option -Wno-long-long -pthread -ffunction-sections -fdata-sections  -msse -msse2 -msse3 -fvisibility=hidden -O3 -DNDEBUG  -DNDEBUG
#12 17.45 --     C flags (Debug):             -fsigned-char -W -Wall -Wreturn-type -Waddress -Wsequence-point -Wformat -Wformat-security -Wmissing-declarations -Wmissing-prototypes -Wstrict-prototypes -Wundef -Winit-self -Wpointer-arith -Wshadow -Wuninitialized -Wno-comment -fdiagnostics-show-option -Wno-long-long -pthread -ffunction-sections -fdata-sections  -msse -msse2 -msse3 -fvisibility=hidden -g  -O0 -DDEBUG -D_DEBUG
#12 17.45 --     Linker flags (Release):      -Wl,--exclude-libs,libippicv.a -Wl,--exclude-libs,libippiw.a   -Wl,--gc-sections -Wl,--as-needed -Wl,--no-undefined  
#12 17.45 --     Linker flags (Debug):        -Wl,--exclude-libs,libippicv.a -Wl,--exclude-libs,libippiw.a   -Wl,--gc-sections -Wl,--as-needed -Wl,--no-undefined  
#12 17.45 --     ccache:                      NO
#12 17.45 --     Precompiled headers:         NO
#12 17.46 --     Extra dependencies:          va va-drm dl m pthread rt
#12 17.46 --     3rdparty dependencies:       ittnotify libjpeg-turbo libpng libopenjp2 zlib ippiw ippicv
#12 17.46 -- 
#12 17.46 --   OpenCV modules:
#12 17.46 --     To be built:                 core imgcodecs imgproc video videoio
#12 17.46 --     Disabled:                    world
#12 17.46 --     Disabled by dependency:      alphamat aruco bgsegm bioinspired calib3d ccalib datasets dnn dnn_objdetect dnn_superres dpm face features2d flann fuzzy gapi hfs highgui img_hash intensity_transform java_bindings_generator js_bindings_generator line_descriptor mcc ml objc_bindings_generator objdetect optflow phase_unwrapping photo plot python_bindings_generator python_tests quality rapid reg rgbd saliency sfm shape stereo stitching structured_light superres surface_matching text tracking videostab wechat_qrcode xfeatures2d ximgproc xobjdetect xphoto
#12 17.46 --     Unavailable:                 cudaarithm cudabgsegm cudacodec cudafeatures2d cudafilters cudaimgproc cudalegacy cudaobjdetect cudaoptflow cudastereo cudawarping cudev cvv freetype hdf java julia matlab ovis python2 python3 ts viz
#12 17.46 --     Applications:                -
#12 17.46 --     Documentation:               NO
#12 17.46 --     Non-free algorithms:         NO
#12 17.46 -- 
#12 17.46 --   GUI: 
#12 17.46 --     GTK+:                        NO
#12 17.46 --     VTK support:                 NO
#12 17.46 -- 
#12 17.46 --   Media I/O: 
#12 17.46 --     ZLib:                        build (ver 1.2.13)
#12 17.46 --     JPEG:                        build-libjpeg-turbo (ver 2.1.3-62)
#12 17.46 --       SIMD Support Request:      YES
#12 17.46 --       SIMD Support:              NO
#12 17.46 --     PNG:                         build (ver 1.6.37)
#12 17.46 --     JPEG 2000:                   build (ver 2.5.0)
#12 17.46 --     HDR:                         YES
#12 17.46 --     SUNRASTER:                   YES
#12 17.46 --     PXM:                         YES
#12 17.46 --     PFM:                         YES
#12 17.46 -- 
#12 17.46 --   Video I/O:
#12 17.46 --     DC1394:                      NO
#12 17.46 --     v4l/v4l2:                    YES (linux/videodev2.h)
#12 17.46 -- 
#12 17.46 --   Parallel framework:            pthreads
#12 17.46 -- 
#12 17.46 --   Trace:                         YES (with Intel ITT)
#12 17.46 -- 
#12 17.46 --   Other third-party libraries:
#12 17.46 --     Intel IPP:                   2021.8 [2021.8.0]
#12 17.46 --            at:                   /root/build/3rdparty/ippicv/ippicv_lnx/icv
#12 17.46 --     Intel IPP IW:                sources (2021.8.0)
#12 17.46 --               at:                /root/build/3rdparty/ippicv/ippicv_lnx/iw
#12 17.46 --     VA:                          YES
#12 17.46 --     Lapack:                      NO
#12 17.46 --     Eigen:                       YES (ver 3.4.0)
#12 17.46 --     Custom HAL:                  NO
#12 17.46 --     Protobuf:                    build (3.19.1)
#12 17.46 --     Flatbuffers:                 builtin/3rdparty (23.5.9)
#12 17.46 -- 
#12 17.46 --   OpenCL:                        YES (INTELVA)
#12 17.46 --     Include path:                /root/dist/opencv-4.8.0/3rdparty/include/opencl/1.2
#12 17.46 --     Link libraries:              Dynamic load
#12 17.46 -- 
#12 17.46 --   Python (for build):            /usr/bin/python3
#12 17.46 -- 
#12 17.46 --   Java:                          
#12 17.47 --     ant:                         NO
#12 17.47 --     Java:                        NO
#12 17.47 --     JNI:                         NO
#12 17.47 --     Java wrappers:               NO
#12 17.47 --     Java tests:                  NO
#12 17.47 -- 
#12 17.47 --   Install to:                    /opt/opencv
#12 17.47 -- -----------------------------------------------------------------
#12 17.47 -- 
#12 17.66 -- Configuring done
#12 17.81 -- Generating done
#12 17.82 -- Build files have been written to: /root/build
#12 17.85 + nproc
#12 17.85 + make -C /root/build -j16 install
#12 17.85 make: Entering directory '/root/build'
#12 17.87 make[1]: Entering directory '/root/build'
#12 17.87 make[2]: Entering directory '/root/build'
#12 17.87 make[2]: Entering directory '/root/build'
#12 17.87 make[2]: Entering directory '/root/build'
#12 17.87 make[2]: Entering directory '/root/build'
#12 17.87 make[2]: Entering directory '/root/build'
#12 17.87 make[2]: Entering directory '/root/build'
#12 17.87 make[2]: Entering directory '/root/build'
#12 17.87 make[2]: Entering directory '/root/build'
#12 17.88 make[2]: Leaving directory '/root/build'
#12 17.88 make[2]: Leaving directory '/root/build'
#12 17.88 make[2]: Leaving directory '/root/build'
#12 17.88 make[2]: Leaving directory '/root/build'
#12 17.88 make[2]: Leaving directory '/root/build'
#12 17.88 make[2]: Leaving directory '/root/build'
#12 17.88 make[2]: Leaving directory '/root/build'
#12 17.88 make[2]: Leaving directory '/root/build'
#12 17.88 make[2]: Entering directory '/root/build'
#12 17.88 make[2]: Entering directory '/root/build'
#12 17.88 make[2]: Entering directory '/root/build'
#12 17.88 make[2]: Entering directory '/root/build'
#12 17.88 make[2]: Entering directory '/root/build'
#12 17.89 [  0%] Building C object 3rdparty/libjpeg-turbo/CMakeFiles/jsimd.dir/src/jsimd_none.c.o
#12 17.89 [  0%] Building C object 3rdparty/openjpeg/openjp2/CMakeFiles/libopenjp2.dir/thread.c.o
#12 17.89 [  0%] Building C object 3rdparty/ittnotify/CMakeFiles/ittnotify.dir/src/ittnotify/ittnotify_static.c.o
#12 17.89 [  0%] Built target opencv_highgui_plugins
#12 17.89 [  0%] Built target opencv_videoio_plugins
#12 17.89 [  1%] Building C object 3rdparty/ittnotify/CMakeFiles/ittnotify.dir/src/ittnotify/jitprofiling.c.o
#12 17.89 [  1%] Built target opencv_dnn_plugins
#12 17.89 [  3%] Building C object 3rdparty/zlib/CMakeFiles/zlib.dir/compress.c.o
#12 17.89 [  3%] Building C object 3rdparty/openjpeg/openjp2/CMakeFiles/libopenjp2.dir/bio.c.o
#12 17.89 [  3%] Building C object 3rdparty/openjpeg/openjp2/CMakeFiles/libopenjp2.dir/cio.c.o
#12 17.89 [  4%] Building C object 3rdparty/ippiw/CMakeFiles/ippiw.dir/src/iw_core.c.o
#12 17.89 [  4%] Building C object 3rdparty/openjpeg/openjp2/CMakeFiles/libopenjp2.dir/dwt.c.o
#12 17.89 [  4%] Building C object 3rdparty/zlib/CMakeFiles/zlib.dir/crc32.c.o
#12 17.89 [  4%] Building C object 3rdparty/ippiw/CMakeFiles/ippiw.dir/src/iw_image.c.o
#12 17.89 [  4%] Building C object 3rdparty/zlib/CMakeFiles/zlib.dir/adler32.c.o
#12 17.89 [  4%] Building C object 3rdparty/openjpeg/openjp2/CMakeFiles/libopenjp2.dir/event.c.o
#12 17.89 [  4%] Building C object 3rdparty/zlib/CMakeFiles/zlib.dir/deflate.c.o
#12 17.89 [  4%] Building C object 3rdparty/ippiw/CMakeFiles/ippiw.dir/src/iw_image_color_convert_all.c.o
#12 17.90 [  4%] Building C object 3rdparty/zlib/CMakeFiles/zlib.dir/gzclose.c.o
#12 17.95 [  4%] Building C object 3rdparty/ippiw/CMakeFiles/ippiw.dir/src/iw_image_color_convert_rgbs.c.o
#12 17.96 [  4%] Building C object 3rdparty/zlib/CMakeFiles/zlib.dir/gzlib.c.o
#12 17.96 make[2]: Leaving directory '/root/build'
#12 17.97 [  4%] Building C object 3rdparty/openjpeg/openjp2/CMakeFiles/libopenjp2.dir/ht_dec.c.o
#12 17.97 [  4%] Built target jsimd
#12 17.98 [  5%] Building C object 3rdparty/openjpeg/openjp2/CMakeFiles/libopenjp2.dir/image.c.o
#12 17.98 [  6%] Building C object 3rdparty/zlib/CMakeFiles/zlib.dir/gzread.c.o
#12 17.98 [  6%] Building C object 3rdparty/zlib/CMakeFiles/zlib.dir/gzwrite.c.o
#12 17.99 [  6%] Building C object 3rdparty/ippiw/CMakeFiles/ippiw.dir/src/iw_image_filter_bilateral.c.o
#12 18.00 [  8%] Building C object 3rdparty/ippiw/CMakeFiles/ippiw.dir/src/iw_image_filter_box.c.o
#12 18.00 [  8%] Building C object 3rdparty/openjpeg/openjp2/CMakeFiles/libopenjp2.dir/invert.c.o
#12 18.05 [  8%] Building C object 3rdparty/openjpeg/openjp2/CMakeFiles/libopenjp2.dir/j2k.c.o
#12 18.07 [  8%] Building C object 3rdparty/zlib/CMakeFiles/zlib.dir/inflate.c.o
#12 18.07 [  8%] Building C object 3rdparty/openjpeg/openjp2/CMakeFiles/libopenjp2.dir/mct.c.o
#12 18.08 [  8%] Building C object 3rdparty/openjpeg/openjp2/CMakeFiles/libopenjp2.dir/jp2.c.o
#12 18.10 [  9%] Building C object 3rdparty/openjpeg/openjp2/CMakeFiles/libopenjp2.dir/mqc.c.o
#12 18.11 [  9%] Building C object 3rdparty/ippiw/CMakeFiles/ippiw.dir/src/iw_image_filter_canny.c.o
#12 18.13 [  9%] Building C object 3rdparty/zlib/CMakeFiles/zlib.dir/infback.c.o
#12 18.15 [  9%] Building C object 3rdparty/zlib/CMakeFiles/zlib.dir/inftrees.c.o
#12 18.16 [  9%] Building C object 3rdparty/ippiw/CMakeFiles/ippiw.dir/src/iw_image_filter_gaussian.c.o
#12 18.17 [  9%] Building C object 3rdparty/openjpeg/openjp2/CMakeFiles/libopenjp2.dir/openjpeg.c.o
#12 18.18 [ 10%] Building C object 3rdparty/zlib/CMakeFiles/zlib.dir/inffast.c.o
#12 18.23 [ 10%] Building C object 3rdparty/ippiw/CMakeFiles/ippiw.dir/src/iw_image_filter_general.c.o
#12 18.24 [ 10%] Building C object 3rdparty/openjpeg/openjp2/CMakeFiles/libopenjp2.dir/opj_clock.c.o
#12 18.27 [ 10%] Building C object 3rdparty/openjpeg/openjp2/CMakeFiles/libopenjp2.dir/pi.c.o
#12 18.30 [ 10%] Building C object 3rdparty/ippiw/CMakeFiles/ippiw.dir/src/iw_image_filter_laplacian.c.o
#12 18.30 [ 11%] Building C object 3rdparty/openjpeg/openjp2/CMakeFiles/libopenjp2.dir/t1.c.o
#12 18.32 [ 11%] Building C object 3rdparty/zlib/CMakeFiles/zlib.dir/trees.c.o
#12 18.36 [ 11%] Building C object 3rdparty/openjpeg/openjp2/CMakeFiles/libopenjp2.dir/t2.c.o
#12 18.36 [ 11%] Building C object 3rdparty/zlib/CMakeFiles/zlib.dir/uncompr.c.o
#12 18.37 [ 11%] Building C object 3rdparty/openjpeg/openjp2/CMakeFiles/libopenjp2.dir/tcd.c.o
#12 18.38 [ 12%] Building C object 3rdparty/ippiw/CMakeFiles/ippiw.dir/src/iw_image_filter_morphology.c.o
#12 18.41 [ 12%] Building C object 3rdparty/ippiw/CMakeFiles/ippiw.dir/src/iw_image_filter_scharr.c.o
#12 18.42 [ 12%] Building C object 3rdparty/openjpeg/openjp2/CMakeFiles/libopenjp2.dir/tgt.c.o
#12 18.43 [ 12%] Building C object 3rdparty/zlib/CMakeFiles/zlib.dir/zutil.c.o
#12 18.49 [ 12%] Building C object 3rdparty/openjpeg/openjp2/CMakeFiles/libopenjp2.dir/function_list.c.o
#12 18.53 [ 12%] Building C object 3rdparty/ippiw/CMakeFiles/ippiw.dir/src/iw_image_filter_sobel.c.o
#12 18.54 [ 12%] Linking C static library ../lib/libittnotify.a
#12 18.56 [ 13%] Building C object 3rdparty/openjpeg/openjp2/CMakeFiles/libopenjp2.dir/opj_malloc.c.o
#12 18.58 [ 13%] Building C object 3rdparty/openjpeg/openjp2/CMakeFiles/libopenjp2.dir/sparse_array.c.o
#12 18.60 [ 13%] Building C object 3rdparty/ippiw/CMakeFiles/ippiw.dir/src/iw_image_op_copy.c.o
#12 18.61 [ 13%] Building C object 3rdparty/ippiw/CMakeFiles/ippiw.dir/src/iw_image_op_copy_channel.c.o
#12 18.61 make[2]: Leaving directory '/root/build'
#12 18.63 [ 14%] Built target ittnotify
#12 18.63 [ 14%] Building C object 3rdparty/ippiw/CMakeFiles/ippiw.dir/src/iw_image_op_copy_make_border.c.o
#12 18.63 make[2]: Entering directory '/root/build'
#12 18.65 [ 14%] Building C object 3rdparty/ippiw/CMakeFiles/ippiw.dir/src/iw_image_op_copy_merge.c.o
#12 18.65 make[2]: Leaving directory '/root/build'
#12 18.65 make[2]: Entering directory '/root/build'
#12 18.67 [ 14%] Building C object 3rdparty/libjpeg-turbo/CMakeFiles/libjpeg-turbo.dir/src/jcapimin.c.o
#12 18.69 [ 14%] Building C object 3rdparty/ippiw/CMakeFiles/ippiw.dir/src/iw_image_op_copy_split.c.o
#12 18.70 [ 14%] Building C object 3rdparty/ippiw/CMakeFiles/ippiw.dir/src/iw_image_op_scale.c.o
#12 18.71 [ 16%] Building C object 3rdparty/ippiw/CMakeFiles/ippiw.dir/src/iw_image_op_set_channel.c.o
#12 18.71 [ 16%] Building C object 3rdparty/ippiw/CMakeFiles/ippiw.dir/src/iw_image_op_set.c.o
#12 18.75 [ 16%] Building C object 3rdparty/ippiw/CMakeFiles/ippiw.dir/src/iw_image_op_swap_channels.c.o
#12 18.76 [ 17%] Building C object 3rdparty/libjpeg-turbo/CMakeFiles/libjpeg-turbo.dir/src/jcapistd.c.o
#12 18.78 [ 17%] Building C object 3rdparty/libjpeg-turbo/CMakeFiles/libjpeg-turbo.dir/src/jccoefct.c.o
#12 18.78 [ 17%] Building C object 3rdparty/ippiw/CMakeFiles/ippiw.dir/src/iw_image_transform_mirror.c.o
#12 18.81 [ 17%] Building C object 3rdparty/ippiw/CMakeFiles/ippiw.dir/src/iw_image_transform_resize.c.o
#12 18.83 [ 18%] Linking C static library ../lib/libzlib.a
#12 18.84 [ 19%] Building C object 3rdparty/ippiw/CMakeFiles/ippiw.dir/src/iw_image_transform_rotate.c.o
#12 18.84 [ 19%] Building C object 3rdparty/ippiw/CMakeFiles/ippiw.dir/src/iw_image_transform_warpaffine.c.o
#12 18.85 [ 19%] Building C object 3rdparty/libjpeg-turbo/CMakeFiles/libjpeg-turbo.dir/src/jccolor.c.o
#12 18.87 [ 19%] Building C object 3rdparty/ippiw/CMakeFiles/ippiw.dir/src/iw_own.c.o
#12 18.89 [ 19%] Building C object 3rdparty/libjpeg-turbo/CMakeFiles/libjpeg-turbo.dir/src/jchuff.c.o
#12 18.90 make[2]: Leaving directory '/root/build'
#12 18.91 [ 19%] Building C object 3rdparty/libjpeg-turbo/CMakeFiles/libjpeg-turbo.dir/src/jcdctmgr.c.o
#12 18.91 [ 19%] Built target zlib
#12 18.92 [ 20%] Building C object 3rdparty/libjpeg-turbo/CMakeFiles/libjpeg-turbo.dir/src/jcicc.c.o
#12 18.92 [ 20%] Building C object 3rdparty/libjpeg-turbo/CMakeFiles/libjpeg-turbo.dir/src/jcinit.c.o
#12 18.95 [ 20%] Building C object 3rdparty/libjpeg-turbo/CMakeFiles/libjpeg-turbo.dir/src/jcmainct.c.o
#12 18.98 [ 20%] Building C object 3rdparty/libjpeg-turbo/CMakeFiles/libjpeg-turbo.dir/src/jcmarker.c.o
#12 18.99 [ 20%] Building C object 3rdparty/libjpeg-turbo/CMakeFiles/libjpeg-turbo.dir/src/jcmaster.c.o
#12 19.01 [ 21%] Building C object 3rdparty/libjpeg-turbo/CMakeFiles/libjpeg-turbo.dir/src/jcomapi.c.o
#12 19.02 [ 21%] Building C object 3rdparty/libjpeg-turbo/CMakeFiles/libjpeg-turbo.dir/src/jcparam.c.o
#12 19.02 [ 21%] Building C object 3rdparty/libjpeg-turbo/CMakeFiles/libjpeg-turbo.dir/src/jcphuff.c.o
#12 19.03 [ 21%] Building C object 3rdparty/libjpeg-turbo/CMakeFiles/libjpeg-turbo.dir/src/jcprepct.c.o
#12 19.07 [ 21%] Building C object 3rdparty/libjpeg-turbo/CMakeFiles/libjpeg-turbo.dir/src/jcsample.c.o
#12 19.10 [ 22%] Building C object 3rdparty/libjpeg-turbo/CMakeFiles/libjpeg-turbo.dir/src/jctrans.c.o
#12 19.13 [ 22%] Building C object 3rdparty/libjpeg-turbo/CMakeFiles/libjpeg-turbo.dir/src/jdapimin.c.o
#12 19.14 [ 22%] Linking C static library ../lib/libippiw.a
#12 19.17 [ 22%] Building C object 3rdparty/libjpeg-turbo/CMakeFiles/libjpeg-turbo.dir/src/jdapistd.c.o
#12 19.17 [ 22%] Building C object 3rdparty/libjpeg-turbo/CMakeFiles/libjpeg-turbo.dir/src/jdatadst.c.o
#12 19.23 make[2]: Entering directory '/root/build'
#12 19.23 make[2]: Leaving directory '/root/build'
#12 19.24 [ 24%] Building C object 3rdparty/libjpeg-turbo/CMakeFiles/libjpeg-turbo.dir/src/jdatasrc.c.o
#12 19.24 make[2]: Leaving directory '/root/build'
#12 19.24 [ 24%] Building C object 3rdparty/libjpeg-turbo/CMakeFiles/libjpeg-turbo.dir/src/jdcoefct.c.o
#12 19.24 make[2]: Entering directory '/root/build'
#12 19.25 [ 24%] Built target ippiw
#12 19.25 [ 24%] Building C object 3rdparty/libjpeg-turbo/CMakeFiles/libjpeg-turbo.dir/src/jdcolor.c.o
#12 19.25 make[2]: Entering directory '/root/build'
#12 19.26 [ 24%] Building C object 3rdparty/libpng/CMakeFiles/libpng.dir/png.c.o
#12 19.27 [ 24%] Processing OpenCL kernels (core)
#12 19.31 [ 24%] Building C object 3rdparty/libjpeg-turbo/CMakeFiles/libjpeg-turbo.dir/src/jddctmgr.c.o
#12 19.32 [ 24%] Building C object 3rdparty/libjpeg-turbo/CMakeFiles/libjpeg-turbo.dir/src/jdhuff.c.o
#12 19.33 [ 25%] Building C object 3rdparty/libjpeg-turbo/CMakeFiles/libjpeg-turbo.dir/src/jdicc.c.o
#12 19.33 make[2]: Leaving directory '/root/build'
#12 19.33 make[2]: Entering directory '/root/build'
#12 19.34 [ 25%] Building CXX object modules/core/CMakeFiles/opencv_core.dir/src/algorithm.cpp.o
#12 19.37 [ 25%] Building C object 3rdparty/libjpeg-turbo/CMakeFiles/libjpeg-turbo.dir/src/jdmainct.c.o
#12 19.37 [ 25%] Building C object 3rdparty/libjpeg-turbo/CMakeFiles/libjpeg-turbo.dir/src/jdinput.c.o
#12 19.38 [ 25%] Building C object 3rdparty/libjpeg-turbo/CMakeFiles/libjpeg-turbo.dir/src/jdmarker.c.o
#12 19.41 [ 25%] Building C object 3rdparty/libjpeg-turbo/CMakeFiles/libjpeg-turbo.dir/src/jdmaster.c.o
#12 19.47 [ 26%] Building C object 3rdparty/libjpeg-turbo/CMakeFiles/libjpeg-turbo.dir/src/jdmerge.c.o
#12 19.49 [ 26%] Building C object 3rdparty/libpng/CMakeFiles/libpng.dir/pngerror.c.o
#12 19.50 [ 26%] Building C object 3rdparty/libjpeg-turbo/CMakeFiles/libjpeg-turbo.dir/src/jdphuff.c.o
#12 19.51 [ 26%] Building C object 3rdparty/libjpeg-turbo/CMakeFiles/libjpeg-turbo.dir/src/jdpostct.c.o
#12 19.57 [ 26%] Building C object 3rdparty/libjpeg-turbo/CMakeFiles/libjpeg-turbo.dir/src/jdsample.c.o
#12 19.59 [ 27%] Building C object 3rdparty/libjpeg-turbo/CMakeFiles/libjpeg-turbo.dir/src/jdtrans.c.o
#12 19.66 [ 27%] Building C object 3rdparty/libjpeg-turbo/CMakeFiles/libjpeg-turbo.dir/src/jerror.c.o
#12 19.73 [ 28%] Building C object 3rdparty/libpng/CMakeFiles/libpng.dir/pngget.c.o
#12 19.73 [ 28%] Building C object 3rdparty/libjpeg-turbo/CMakeFiles/libjpeg-turbo.dir/src/jfdctflt.c.o
#12 19.73 [ 28%] Building C object 3rdparty/libjpeg-turbo/CMakeFiles/libjpeg-turbo.dir/src/jfdctfst.c.o
#12 19.74 [ 28%] Building C object 3rdparty/libjpeg-turbo/CMakeFiles/libjpeg-turbo.dir/src/jfdctint.c.o
#12 19.74 [ 29%] Building C object 3rdparty/libjpeg-turbo/CMakeFiles/libjpeg-turbo.dir/src/jidctflt.c.o
#12 19.78 [ 29%] Building C object 3rdparty/libjpeg-turbo/CMakeFiles/libjpeg-turbo.dir/src/jidctfst.c.o
#12 19.79 [ 29%] Building C object 3rdparty/libjpeg-turbo/CMakeFiles/libjpeg-turbo.dir/src/jidctint.c.o
#12 19.81 [ 29%] Building C object 3rdparty/libjpeg-turbo/CMakeFiles/libjpeg-turbo.dir/src/jidctred.c.o
#12 19.82 [ 29%] Building C object 3rdparty/libjpeg-turbo/CMakeFiles/libjpeg-turbo.dir/src/jquant1.c.o
#12 19.85 [ 31%] Building C object 3rdparty/libjpeg-turbo/CMakeFiles/libjpeg-turbo.dir/src/jquant2.c.o
#12 19.88 [ 31%] Building C object 3rdparty/libjpeg-turbo/CMakeFiles/libjpeg-turbo.dir/src/jutils.c.o
#12 19.89 [ 31%] Building C object 3rdparty/libjpeg-turbo/CMakeFiles/libjpeg-turbo.dir/src/jmemmgr.c.o
#12 19.93 [ 31%] Building C object 3rdparty/libjpeg-turbo/CMakeFiles/libjpeg-turbo.dir/src/jmemnobs.c.o
#12 19.96 [ 31%] Building C object 3rdparty/libjpeg-turbo/CMakeFiles/libjpeg-turbo.dir/src/jaricom.c.o
#12 20.00 [ 32%] Building C object 3rdparty/libjpeg-turbo/CMakeFiles/libjpeg-turbo.dir/src/jcarith.c.o
#12 20.00 [ 32%] Building C object 3rdparty/libjpeg-turbo/CMakeFiles/libjpeg-turbo.dir/src/jdarith.c.o
#12 20.00 [ 32%] Building C object 3rdparty/libpng/CMakeFiles/libpng.dir/pngmem.c.o
#12 20.07 [ 32%] Building C object 3rdparty/libpng/CMakeFiles/libpng.dir/pngpread.c.o
#12 20.10 [ 32%] Building C object 3rdparty/libpng/CMakeFiles/libpng.dir/pngread.c.o
#12 20.11 [ 32%] Building CXX object modules/core/CMakeFiles/opencv_core.dir/src/alloc.cpp.o
#12 20.12 [ 32%] Building C object 3rdparty/libpng/CMakeFiles/libpng.dir/pngrio.c.o
#12 20.13 [ 33%] Building C object 3rdparty/libpng/CMakeFiles/libpng.dir/pngrtran.c.o
#12 20.19 [ 33%] Building C object 3rdparty/libpng/CMakeFiles/libpng.dir/pngrutil.c.o
#12 20.22 [ 34%] Building CXX object modules/core/CMakeFiles/opencv_core.dir/src/arithm.cpp.o
#12 20.26 [ 34%] Building C object 3rdparty/libpng/CMakeFiles/libpng.dir/pngset.c.o
#12 20.26 [ 34%] Building C object 3rdparty/libpng/CMakeFiles/libpng.dir/pngtrans.c.o
#12 20.29 [ 35%] Building C object 3rdparty/libpng/CMakeFiles/libpng.dir/pngwio.c.o
#12 20.34 [ 35%] Building CXX object modules/core/CMakeFiles/opencv_core.dir/src/arithm.dispatch.cpp.o
#12 20.37 [ 35%] Building C object 3rdparty/libpng/CMakeFiles/libpng.dir/pngwrite.c.o
#12 20.38 [ 35%] Building C object 3rdparty/libpng/CMakeFiles/libpng.dir/pngwtran.c.o
#12 20.48 [ 35%] Building C object 3rdparty/libpng/CMakeFiles/libpng.dir/pngwutil.c.o
#12 20.55 [ 35%] Building C object 3rdparty/libpng/CMakeFiles/libpng.dir/intel/intel_init.c.o
#12 20.57 [ 36%] Building C object 3rdparty/libpng/CMakeFiles/libpng.dir/intel/filter_sse2_intrinsics.c.o
#12 20.58 [ 36%] Building CXX object modules/core/CMakeFiles/opencv_core.dir/src/array.cpp.o
#12 20.62 [ 36%] Building CXX object modules/core/CMakeFiles/opencv_core.dir/src/async.cpp.o
#12 20.64 [ 36%] Building CXX object modules/core/CMakeFiles/opencv_core.dir/src/batch_distance.cpp.o
#12 20.77 [ 37%] Building CXX object modules/core/CMakeFiles/opencv_core.dir/src/bindings_utils.cpp.o
#12 20.84 [ 37%] Building CXX object modules/core/CMakeFiles/opencv_core.dir/src/buffer_area.cpp.o
#12 20.97 [ 37%] Building CXX object modules/core/CMakeFiles/opencv_core.dir/src/channels.cpp.o
#12 21.06 [ 37%] Building CXX object modules/core/CMakeFiles/opencv_core.dir/src/check.cpp.o
#12 21.23 [ 37%] Building CXX object modules/core/CMakeFiles/opencv_core.dir/src/command_line_parser.cpp.o
#12 21.45 [ 39%] Building CXX object modules/core/CMakeFiles/opencv_core.dir/src/conjugate_gradient.cpp.o
#12 21.81 [ 39%] Linking C static library ../lib/liblibpng.a
#12 21.89 make[2]: Leaving directory '/root/build'
#12 21.90 [ 39%] Built target libpng
#12 21.91 [ 39%] Building CXX object modules/core/CMakeFiles/opencv_core.dir/src/convert.dispatch.cpp.o
#12 22.53 [ 39%] Building CXX object modules/core/CMakeFiles/opencv_core.dir/src/convert_c.cpp.o
#12 23.03 [ 39%] Building CXX object modules/core/CMakeFiles/opencv_core.dir/src/convert_scale.dispatch.cpp.o
#12 23.33 [ 39%] Linking C static library ../../lib/liblibopenjp2.a
#12 23.43 make[2]: Leaving directory '/root/build'
#12 23.44 [ 39%] Built target libopenjp2
#12 23.45 [ 40%] Building CXX object modules/core/CMakeFiles/opencv_core.dir/src/copy.cpp.o
#12 23.50 [ 40%] Building CXX object modules/core/CMakeFiles/opencv_core.dir/src/count_non_zero.dispatch.cpp.o
#12 23.90 [ 40%] Building CXX object modules/core/CMakeFiles/opencv_core.dir/src/cuda_gpu_mat.cpp.o
#12 24.03 [ 40%] Building CXX object modules/core/CMakeFiles/opencv_core.dir/src/cuda_gpu_mat_nd.cpp.o
#12 24.27 [ 40%] Building CXX object modules/core/CMakeFiles/opencv_core.dir/src/cuda_host_mem.cpp.o
#12 24.41 [ 41%] Building CXX object modules/core/CMakeFiles/opencv_core.dir/src/cuda_info.cpp.o
#12 24.60 [ 41%] Building CXX object modules/core/CMakeFiles/opencv_core.dir/src/cuda_stream.cpp.o
#12 24.63 [ 41%] Building CXX object modules/core/CMakeFiles/opencv_core.dir/src/datastructs.cpp.o
#12 24.86 [ 41%] Building CXX object modules/core/CMakeFiles/opencv_core.dir/src/directx.cpp.o
#12 24.94 [ 41%] Building CXX object modules/core/CMakeFiles/opencv_core.dir/src/downhill_simplex.cpp.o
#12 25.32 [ 42%] Building CXX object modules/core/CMakeFiles/opencv_core.dir/src/dxt.cpp.o
#12 25.58 [ 42%] Linking C static library ../lib/liblibjpeg-turbo.a
#12 25.67 make[2]: Leaving directory '/root/build'
#12 25.68 [ 42%] Built target libjpeg-turbo
#12 25.69 [ 42%] Building CXX object modules/core/CMakeFiles/opencv_core.dir/src/gl_core_3_1.cpp.o
#12 25.81 [ 42%] Building CXX object modules/core/CMakeFiles/opencv_core.dir/src/glob.cpp.o
#12 26.97 [ 42%] Building CXX object modules/core/CMakeFiles/opencv_core.dir/src/hal_internal.cpp.o
#12 26.98 [ 42%] Building CXX object modules/core/CMakeFiles/opencv_core.dir/src/has_non_zero.dispatch.cpp.o
#12 27.11 [ 43%] Building CXX object modules/core/CMakeFiles/opencv_core.dir/src/kmeans.cpp.o
#12 27.26 [ 43%] Building CXX object modules/core/CMakeFiles/opencv_core.dir/src/lapack.cpp.o
#12 27.35 [ 43%] Building CXX object modules/core/CMakeFiles/opencv_core.dir/src/lda.cpp.o
#12 27.39 [ 43%] Building CXX object modules/core/CMakeFiles/opencv_core.dir/src/logger.cpp.o
#12 27.56 [ 44%] Building CXX object modules/core/CMakeFiles/opencv_core.dir/src/lpsolver.cpp.o
#12 27.75 [ 44%] Building CXX object modules/core/CMakeFiles/opencv_core.dir/src/lut.cpp.o
#12 27.80 [ 44%] Building CXX object modules/core/CMakeFiles/opencv_core.dir/src/mathfuncs.cpp.o
#12 28.02 [ 44%] Building CXX object modules/core/CMakeFiles/opencv_core.dir/src/mathfuncs_core.dispatch.cpp.o
#12 28.37 [ 44%] Building CXX object modules/core/CMakeFiles/opencv_core.dir/src/matmul.dispatch.cpp.o
#12 28.85 [ 45%] Building CXX object modules/core/CMakeFiles/opencv_core.dir/src/matrix.cpp.o
#12 29.37 [ 45%] Building CXX object modules/core/CMakeFiles/opencv_core.dir/src/matrix_c.cpp.o
#12 29.42 [ 45%] Building CXX object modules/core/CMakeFiles/opencv_core.dir/src/matrix_decomp.cpp.o
#12 30.11 [ 45%] Building CXX object modules/core/CMakeFiles/opencv_core.dir/src/matrix_expressions.cpp.o
#12 30.37 [ 45%] Building CXX object modules/core/CMakeFiles/opencv_core.dir/src/matrix_iterator.cpp.o
#12 30.84 [ 47%] Building CXX object modules/core/CMakeFiles/opencv_core.dir/src/matrix_operations.cpp.o
#12 30.92 [ 47%] Building CXX object modules/core/CMakeFiles/opencv_core.dir/src/matrix_sparse.cpp.o
#12 31.08 [ 47%] Building CXX object modules/core/CMakeFiles/opencv_core.dir/src/matrix_transform.cpp.o
#12 31.15 [ 47%] Building CXX object modules/core/CMakeFiles/opencv_core.dir/src/matrix_wrap.cpp.o
#12 31.33 [ 48%] Building CXX object modules/core/CMakeFiles/opencv_core.dir/src/mean.dispatch.cpp.o
#12 31.83 [ 48%] Building CXX object modules/core/CMakeFiles/opencv_core.dir/src/merge.dispatch.cpp.o
#12 31.96 [ 48%] Building CXX object modules/core/CMakeFiles/opencv_core.dir/src/minmax.cpp.o
#12 32.62 [ 48%] Building CXX object modules/core/CMakeFiles/opencv_core.dir/src/norm.cpp.o
#12 32.71 [ 48%] Building CXX object modules/core/CMakeFiles/opencv_core.dir/src/ocl.cpp.o
#12 33.04 [ 49%] Building CXX object modules/core/CMakeFiles/opencv_core.dir/src/opencl/runtime/opencl_clblas.cpp.o
#12 33.31 [ 49%] Building CXX object modules/core/CMakeFiles/opencv_core.dir/src/opencl/runtime/opencl_clfft.cpp.o
#12 33.75 [ 49%] Building CXX object modules/core/CMakeFiles/opencv_core.dir/src/opencl/runtime/opencl_core.cpp.o
#12 33.78 [ 49%] Building CXX object modules/core/CMakeFiles/opencv_core.dir/src/opengl.cpp.o
#12 34.76 [ 49%] Building CXX object modules/core/CMakeFiles/opencv_core.dir/src/out.cpp.o
#12 36.17 [ 50%] Building CXX object modules/core/CMakeFiles/opencv_core.dir/src/ovx.cpp.o
#12 36.24 [ 50%] Building CXX object modules/core/CMakeFiles/opencv_core.dir/src/parallel.cpp.o
#12 36.25 [ 50%] Building CXX object modules/core/CMakeFiles/opencv_core.dir/src/parallel/parallel.cpp.o
#12 36.32 [ 50%] Building CXX object modules/core/CMakeFiles/opencv_core.dir/src/parallel/parallel_openmp.cpp.o
#12 36.42 [ 50%] Building CXX object modules/core/CMakeFiles/opencv_core.dir/src/parallel/parallel_tbb.cpp.o
#12 36.64 [ 51%] Building CXX object modules/core/CMakeFiles/opencv_core.dir/src/parallel_impl.cpp.o
#12 36.98 [ 51%] Building CXX object modules/core/CMakeFiles/opencv_core.dir/src/pca.cpp.o
#12 37.15 [ 51%] Building CXX object modules/core/CMakeFiles/opencv_core.dir/src/persistence.cpp.o
#12 37.16 [ 51%] Building CXX object modules/core/CMakeFiles/opencv_core.dir/src/persistence_base64_encoding.cpp.o
#12 37.60 [ 52%] Building CXX object modules/core/CMakeFiles/opencv_core.dir/src/persistence_json.cpp.o
#12 37.97 [ 52%] Building CXX object modules/core/CMakeFiles/opencv_core.dir/src/persistence_types.cpp.o
#12 38.74 [ 52%] Building CXX object modules/core/CMakeFiles/opencv_core.dir/src/persistence_xml.cpp.o
#12 39.12 [ 52%] Building CXX object modules/core/CMakeFiles/opencv_core.dir/src/persistence_yml.cpp.o
#12 39.14 [ 52%] Building CXX object modules/core/CMakeFiles/opencv_core.dir/src/rand.cpp.o
#12 39.41 [ 54%] Building CXX object modules/core/CMakeFiles/opencv_core.dir/src/softfloat.cpp.o
#12 39.70 [ 54%] Building CXX object modules/core/CMakeFiles/opencv_core.dir/src/split.dispatch.cpp.o
#12 40.09 [ 54%] Building CXX object modules/core/CMakeFiles/opencv_core.dir/src/stat.dispatch.cpp.o
#12 40.23 [ 54%] Building CXX object modules/core/CMakeFiles/opencv_core.dir/src/stat_c.cpp.o
#12 40.49 [ 54%] Building CXX object modules/core/CMakeFiles/opencv_core.dir/src/stl.cpp.o
#12 40.66 [ 55%] Building CXX object modules/core/CMakeFiles/opencv_core.dir/src/sum.dispatch.cpp.o
#12 40.99 [ 55%] Building CXX object modules/core/CMakeFiles/opencv_core.dir/src/system.cpp.o
#12 41.44 [ 55%] Building CXX object modules/core/CMakeFiles/opencv_core.dir/src/tables.cpp.o
#12 41.55 [ 55%] Building CXX object modules/core/CMakeFiles/opencv_core.dir/src/trace.cpp.o
#12 42.38 [ 55%] Building CXX object modules/core/CMakeFiles/opencv_core.dir/src/types.cpp.o
#12 42.71 [ 56%] Building CXX object modules/core/CMakeFiles/opencv_core.dir/src/umatrix.cpp.o
#12 43.08 [ 56%] Building CXX object modules/core/CMakeFiles/opencv_core.dir/src/utils/datafile.cpp.o
#12 43.24 [ 56%] Building CXX object modules/core/CMakeFiles/opencv_core.dir/src/utils/filesystem.cpp.o
#12 43.25 [ 56%] Building CXX object modules/core/CMakeFiles/opencv_core.dir/src/utils/logtagconfigparser.cpp.o
#12 43.47 [ 57%] Building CXX object modules/core/CMakeFiles/opencv_core.dir/src/utils/logtagmanager.cpp.o
#12 43.61 [ 57%] Building CXX object modules/core/CMakeFiles/opencv_core.dir/src/utils/samples.cpp.o
#12 43.69 [ 57%] Building CXX object modules/core/CMakeFiles/opencv_core.dir/src/va_intel.cpp.o
#12 43.93 [ 57%] Building CXX object modules/core/CMakeFiles/opencv_core.dir/opencl_kernels_core.cpp.o
#12 44.46 [ 57%] Building CXX object modules/core/CMakeFiles/opencv_core.dir/arithm.sse4_1.cpp.o
#12 44.56 [ 58%] Building CXX object modules/core/CMakeFiles/opencv_core.dir/matmul.sse4_1.cpp.o
#12 44.72 [ 58%] Building CXX object modules/core/CMakeFiles/opencv_core.dir/stat.sse4_2.cpp.o
#12 44.78 [ 58%] Building CXX object modules/core/CMakeFiles/opencv_core.dir/mathfuncs_core.avx.cpp.o
#12 45.18 [ 58%] Building CXX object modules/core/CMakeFiles/opencv_core.dir/mathfuncs_core.avx2.cpp.o
#12 45.46 [ 58%] Building CXX object modules/core/CMakeFiles/opencv_core.dir/stat.avx2.cpp.o
#12 45.87 [ 59%] Building CXX object modules/core/CMakeFiles/opencv_core.dir/arithm.avx2.cpp.o
#12 46.23 [ 59%] Building CXX object modules/core/CMakeFiles/opencv_core.dir/convert.avx2.cpp.o
#12 46.72 [ 59%] Building CXX object modules/core/CMakeFiles/opencv_core.dir/convert_scale.avx2.cpp.o
#12 46.78 [ 59%] Building CXX object modules/core/CMakeFiles/opencv_core.dir/count_non_zero.avx2.cpp.o
#12 46.98 [ 60%] Building CXX object modules/core/CMakeFiles/opencv_core.dir/has_non_zero.avx2.cpp.o
#12 46.99 [ 60%] Building CXX object modules/core/CMakeFiles/opencv_core.dir/matmul.avx2.cpp.o
#12 47.19 [ 60%] Building CXX object modules/core/CMakeFiles/opencv_core.dir/mean.avx2.cpp.o
#12 47.82 [ 60%] Building CXX object modules/core/CMakeFiles/opencv_core.dir/merge.avx2.cpp.o
#12 47.84 [ 60%] Building CXX object modules/core/CMakeFiles/opencv_core.dir/split.avx2.cpp.o
#12 48.03 [ 62%] Building CXX object modules/core/CMakeFiles/opencv_core.dir/sum.avx2.cpp.o
#12 48.61 [ 62%] Building CXX object modules/core/CMakeFiles/opencv_core.dir/matmul.avx512_skx.cpp.o
#12 54.36 [ 62%] Linking CXX static library ../../lib/libopencv_core.a
#12 54.51 make[2]: Leaving directory '/root/build'
#12 54.52 [ 62%] Built target opencv_core
#12 54.52 make[2]: Entering directory '/root/build'
#12 54.53 [ 62%] Processing OpenCL kernels (imgproc)
#12 54.57 make[2]: Leaving directory '/root/build'
#12 54.57 make[2]: Entering directory '/root/build'
#12 54.58 [ 63%] Building CXX object modules/imgproc/CMakeFiles/opencv_imgproc.dir/src/accum.dispatch.cpp.o
#12 54.58 [ 63%] Building CXX object modules/imgproc/CMakeFiles/opencv_imgproc.dir/src/accum.cpp.o
#12 54.58 [ 63%] Building CXX object modules/imgproc/CMakeFiles/opencv_imgproc.dir/src/approx.cpp.o
#12 54.58 [ 63%] Building CXX object modules/imgproc/CMakeFiles/opencv_imgproc.dir/src/bilateral_filter.dispatch.cpp.o
#12 54.58 [ 63%] Building CXX object modules/imgproc/CMakeFiles/opencv_imgproc.dir/src/blend.cpp.o
#12 54.58 [ 63%] Building CXX object modules/imgproc/CMakeFiles/opencv_imgproc.dir/src/color.cpp.o
#12 54.58 [ 63%] Building CXX object modules/imgproc/CMakeFiles/opencv_imgproc.dir/src/clahe.cpp.o
#12 54.58 [ 64%] Building CXX object modules/imgproc/CMakeFiles/opencv_imgproc.dir/src/box_filter.dispatch.cpp.o
#12 54.58 [ 64%] Building CXX object modules/imgproc/CMakeFiles/opencv_imgproc.dir/src/canny.cpp.o
#12 54.58 [ 64%] Building CXX object modules/imgproc/CMakeFiles/opencv_imgproc.dir/src/color_hsv.dispatch.cpp.o
#12 54.58 [ 65%] Building CXX object modules/imgproc/CMakeFiles/opencv_imgproc.dir/src/color_lab.cpp.o
#12 54.58 [ 65%] Building CXX object modules/imgproc/CMakeFiles/opencv_imgproc.dir/src/color_rgb.dispatch.cpp.o
#12 54.58 [ 65%] Building CXX object modules/imgproc/CMakeFiles/opencv_imgproc.dir/src/colormap.cpp.o
#12 54.59 [ 65%] Building CXX object modules/imgproc/CMakeFiles/opencv_imgproc.dir/src/color_yuv.dispatch.cpp.o
#12 54.59 [ 65%] Building CXX object modules/imgproc/CMakeFiles/opencv_imgproc.dir/src/connectedcomponents.cpp.o
#12 54.60 [ 66%] Building CXX object modules/imgproc/CMakeFiles/opencv_imgproc.dir/src/contours.cpp.o
#12 58.09 [ 66%] Building CXX object modules/imgproc/CMakeFiles/opencv_imgproc.dir/src/convhull.cpp.o
#12 58.13 [ 66%] Building CXX object modules/imgproc/CMakeFiles/opencv_imgproc.dir/src/corner.cpp.o
#12 58.22 [ 66%] Building CXX object modules/imgproc/CMakeFiles/opencv_imgproc.dir/src/cornersubpix.cpp.o
#12 58.28 [ 67%] Building CXX object modules/imgproc/CMakeFiles/opencv_imgproc.dir/src/demosaicing.cpp.o
#12 58.62 [ 67%] Building CXX object modules/imgproc/CMakeFiles/opencv_imgproc.dir/src/deriv.cpp.o
#12 59.06 [ 67%] Building CXX object modules/imgproc/CMakeFiles/opencv_imgproc.dir/src/distransform.cpp.o
#12 59.30 [ 67%] Building CXX object modules/imgproc/CMakeFiles/opencv_imgproc.dir/src/drawing.cpp.o
#12 59.93 [ 67%] Building CXX object modules/imgproc/CMakeFiles/opencv_imgproc.dir/src/emd.cpp.o
#12 60.01 [ 68%] Building CXX object modules/imgproc/CMakeFiles/opencv_imgproc.dir/src/featureselect.cpp.o
#12 60.18 [ 68%] Building CXX object modules/imgproc/CMakeFiles/opencv_imgproc.dir/src/filter.dispatch.cpp.o
#12 60.24 [ 68%] Building CXX object modules/imgproc/CMakeFiles/opencv_imgproc.dir/src/floodfill.cpp.o
#12 61.29 [ 68%] Building CXX object modules/imgproc/CMakeFiles/opencv_imgproc.dir/src/gabor.cpp.o
#12 61.37 [ 68%] Building CXX object modules/imgproc/CMakeFiles/opencv_imgproc.dir/src/generalized_hough.cpp.o
#12 61.86 [ 70%] Building CXX object modules/imgproc/CMakeFiles/opencv_imgproc.dir/src/geometry.cpp.o
#12 62.30 [ 70%] Building CXX object modules/imgproc/CMakeFiles/opencv_imgproc.dir/src/grabcut.cpp.o
#12 62.32 [ 70%] Building CXX object modules/imgproc/CMakeFiles/opencv_imgproc.dir/src/hershey_fonts.cpp.o
#12 62.41 [ 70%] Building CXX object modules/imgproc/CMakeFiles/opencv_imgproc.dir/src/histogram.cpp.o
#12 62.62 [ 71%] Building CXX object modules/imgproc/CMakeFiles/opencv_imgproc.dir/src/hough.cpp.o
#12 63.02 [ 71%] Building CXX object modules/imgproc/CMakeFiles/opencv_imgproc.dir/src/imgwarp.cpp.o
#12 63.16 [ 71%] Building CXX object modules/imgproc/CMakeFiles/opencv_imgproc.dir/src/intelligent_scissors.cpp.o
#12 63.22 [ 71%] Building CXX object modules/imgproc/CMakeFiles/opencv_imgproc.dir/src/intersection.cpp.o
#12 63.62 [ 71%] Building CXX object modules/imgproc/CMakeFiles/opencv_imgproc.dir/src/linefit.cpp.o
#12 63.98 [ 72%] Building CXX object modules/imgproc/CMakeFiles/opencv_imgproc.dir/src/main.cpp.o
#12 63.98 [ 72%] Building CXX object modules/imgproc/CMakeFiles/opencv_imgproc.dir/src/lsd.cpp.o
#12 64.89 [ 72%] Building CXX object modules/imgproc/CMakeFiles/opencv_imgproc.dir/src/matchcontours.cpp.o
#12 64.91 [ 72%] Building CXX object modules/imgproc/CMakeFiles/opencv_imgproc.dir/src/median_blur.dispatch.cpp.o
#12 65.07 [ 72%] Building CXX object modules/imgproc/CMakeFiles/opencv_imgproc.dir/src/min_enclosing_triangle.cpp.o
#12 66.11 [ 73%] Building CXX object modules/imgproc/CMakeFiles/opencv_imgproc.dir/src/moments.cpp.o
#12 66.46 [ 73%] Building CXX object modules/imgproc/CMakeFiles/opencv_imgproc.dir/src/morph.dispatch.cpp.o
#12 66.57 [ 73%] Building CXX object modules/imgproc/CMakeFiles/opencv_imgproc.dir/src/phasecorr.cpp.o
#12 66.64 [ 73%] Building CXX object modules/imgproc/CMakeFiles/opencv_imgproc.dir/src/pyramids.cpp.o
#12 66.69 [ 73%] Building CXX object modules/imgproc/CMakeFiles/opencv_imgproc.dir/src/resize.cpp.o
#12 66.75 [ 74%] Building CXX object modules/imgproc/CMakeFiles/opencv_imgproc.dir/src/rotcalipers.cpp.o
#12 67.18 [ 74%] Building CXX object modules/imgproc/CMakeFiles/opencv_imgproc.dir/src/samplers.cpp.o
#12 67.76 [ 74%] Building CXX object modules/imgproc/CMakeFiles/opencv_imgproc.dir/src/segmentation.cpp.o
#12 68.07 [ 74%] Building CXX object modules/imgproc/CMakeFiles/opencv_imgproc.dir/src/shapedescr.cpp.o
#12 68.50 [ 75%] Building CXX object modules/imgproc/CMakeFiles/opencv_imgproc.dir/src/smooth.dispatch.cpp.o
#12 69.25 [ 75%] Building CXX object modules/imgproc/CMakeFiles/opencv_imgproc.dir/src/spatialgradient.cpp.o
#12 69.40 [ 75%] Building CXX object modules/imgproc/CMakeFiles/opencv_imgproc.dir/src/stackblur.cpp.o
#12 69.58 [ 75%] Building CXX object modules/imgproc/CMakeFiles/opencv_imgproc.dir/src/subdivision2d.cpp.o
#12 69.85 [ 75%] Building CXX object modules/imgproc/CMakeFiles/opencv_imgproc.dir/src/sumpixels.dispatch.cpp.o
#12 69.85 [ 77%] Building CXX object modules/imgproc/CMakeFiles/opencv_imgproc.dir/src/tables.cpp.o
#12 70.54 [ 77%] Building CXX object modules/imgproc/CMakeFiles/opencv_imgproc.dir/src/templmatch.cpp.o
#12 70.61 [ 77%] Building CXX object modules/imgproc/CMakeFiles/opencv_imgproc.dir/src/thresh.cpp.o
#12 71.08 [ 77%] Building CXX object modules/imgproc/CMakeFiles/opencv_imgproc.dir/src/utils.cpp.o
#12 71.94 [ 77%] Building CXX object modules/imgproc/CMakeFiles/opencv_imgproc.dir/opencl_kernels_imgproc.cpp.o
#12 72.16 [ 78%] Building CXX object modules/imgproc/CMakeFiles/opencv_imgproc.dir/src/imgwarp.sse4_1.cpp.o
#12 72.54 [ 78%] Building CXX object modules/imgproc/CMakeFiles/opencv_imgproc.dir/src/resize.sse4_1.cpp.o
#12 72.79 [ 78%] Building CXX object modules/imgproc/CMakeFiles/opencv_imgproc.dir/accum.sse4_1.cpp.o
#12 72.93 [ 78%] Building CXX object modules/imgproc/CMakeFiles/opencv_imgproc.dir/box_filter.sse4_1.cpp.o
#12 73.12 [ 78%] Building CXX object modules/imgproc/CMakeFiles/opencv_imgproc.dir/filter.sse4_1.cpp.o
#12 73.17 [ 79%] Building CXX object modules/imgproc/CMakeFiles/opencv_imgproc.dir/color_hsv.sse4_1.cpp.o
#12 73.65 [ 79%] Building CXX object modules/imgproc/CMakeFiles/opencv_imgproc.dir/color_rgb.sse4_1.cpp.o
#12 74.11 [ 79%] Building CXX object modules/imgproc/CMakeFiles/opencv_imgproc.dir/color_yuv.sse4_1.cpp.o
#12 74.34 [ 79%] Building CXX object modules/imgproc/CMakeFiles/opencv_imgproc.dir/median_blur.sse4_1.cpp.o
#12 75.16 [ 80%] Building CXX object modules/imgproc/CMakeFiles/opencv_imgproc.dir/morph.sse4_1.cpp.o
#12 75.32 [ 80%] Building CXX object modules/imgproc/CMakeFiles/opencv_imgproc.dir/smooth.sse4_1.cpp.o
#12 75.49 [ 80%] Building CXX object modules/imgproc/CMakeFiles/opencv_imgproc.dir/src/corner.avx.cpp.o
#12 75.74 [ 80%] Building CXX object modules/imgproc/CMakeFiles/opencv_imgproc.dir/accum.avx.cpp.o
#12 75.78 [ 80%] Building CXX object modules/imgproc/CMakeFiles/opencv_imgproc.dir/src/imgwarp.avx2.cpp.o
#12 76.98 [ 81%] Building CXX object modules/imgproc/CMakeFiles/opencv_imgproc.dir/src/resize.avx2.cpp.o
#12 77.46 [ 81%] Building CXX object modules/imgproc/CMakeFiles/opencv_imgproc.dir/accum.avx2.cpp.o
#12 77.65 [ 81%] Building CXX object modules/imgproc/CMakeFiles/opencv_imgproc.dir/bilateral_filter.avx2.cpp.o
#12 77.70 [ 81%] Building CXX object modules/imgproc/CMakeFiles/opencv_imgproc.dir/box_filter.avx2.cpp.o
#12 78.25 [ 81%] Building CXX object modules/imgproc/CMakeFiles/opencv_imgproc.dir/filter.avx2.cpp.o
#12 78.26 [ 82%] Building CXX object modules/imgproc/CMakeFiles/opencv_imgproc.dir/color_hsv.avx2.cpp.o
#12 78.87 [ 82%] Building CXX object modules/imgproc/CMakeFiles/opencv_imgproc.dir/color_rgb.avx2.cpp.o
#12 79.60 [ 82%] Building CXX object modules/imgproc/CMakeFiles/opencv_imgproc.dir/color_yuv.avx2.cpp.o
#12 79.96 [ 82%] Building CXX object modules/imgproc/CMakeFiles/opencv_imgproc.dir/median_blur.avx2.cpp.o
#12 80.13 [ 83%] Building CXX object modules/imgproc/CMakeFiles/opencv_imgproc.dir/morph.avx2.cpp.o
#12 80.24 [ 83%] Building CXX object modules/imgproc/CMakeFiles/opencv_imgproc.dir/smooth.avx2.cpp.o
#12 80.34 [ 83%] Building CXX object modules/imgproc/CMakeFiles/opencv_imgproc.dir/sumpixels.avx2.cpp.o
#12 81.52 [ 83%] Building CXX object modules/imgproc/CMakeFiles/opencv_imgproc.dir/sumpixels.avx512_skx.cpp.o
#12 89.17 [ 83%] Linking CXX static library ../../lib/libopencv_imgproc.a
#12 89.34 make[2]: Leaving directory '/root/build'
#12 89.35 [ 83%] Built target opencv_imgproc
#12 89.35 make[2]: Entering directory '/root/build'
#12 89.35 make[2]: Entering directory '/root/build'
#12 89.35 [ 85%] Processing OpenCL kernels (video)
#12 89.35 make[2]: Leaving directory '/root/build'
#12 89.35 make[2]: Entering directory '/root/build'
#12 89.36 [ 86%] Building CXX object modules/imgcodecs/CMakeFiles/opencv_imgcodecs.dir/src/utils.cpp.o
#12 89.36 [ 86%] Building CXX object modules/imgcodecs/CMakeFiles/opencv_imgcodecs.dir/src/grfmt_avif.cpp.o
#12 89.36 [ 86%] Building CXX object modules/imgcodecs/CMakeFiles/opencv_imgcodecs.dir/src/loadsave.cpp.o
#12 89.36 [ 86%] Building CXX object modules/imgcodecs/CMakeFiles/opencv_imgcodecs.dir/src/grfmt_base.cpp.o
#12 89.36 [ 86%] Building CXX object modules/imgcodecs/CMakeFiles/opencv_imgcodecs.dir/src/grfmt_exr.cpp.o
#12 89.36 [ 86%] Building CXX object modules/imgcodecs/CMakeFiles/opencv_imgcodecs.dir/src/grfmt_gdal.cpp.o
#12 89.36 [ 87%] Building CXX object modules/imgcodecs/CMakeFiles/opencv_imgcodecs.dir/src/grfmt_gdcm.cpp.o
#12 89.36 [ 87%] Building CXX object modules/imgcodecs/CMakeFiles/opencv_imgcodecs.dir/src/grfmt_bmp.cpp.o
#12 89.36 [ 87%] Building CXX object modules/imgcodecs/CMakeFiles/opencv_imgcodecs.dir/src/grfmt_jpeg2000.cpp.o
#12 89.36 [ 87%] Building CXX object modules/imgcodecs/CMakeFiles/opencv_imgcodecs.dir/src/grfmt_hdr.cpp.o
#12 89.36 [ 88%] Building CXX object modules/imgcodecs/CMakeFiles/opencv_imgcodecs.dir/src/grfmt_jpeg.cpp.o
#12 89.36 [ 88%] Building CXX object modules/imgcodecs/CMakeFiles/opencv_imgcodecs.dir/src/grfmt_jpeg2000_openjpeg.cpp.o
#12 89.36 [ 88%] Building CXX object modules/imgcodecs/CMakeFiles/opencv_imgcodecs.dir/src/grfmt_pam.cpp.o
#12 89.36 [ 88%] Building CXX object modules/imgcodecs/CMakeFiles/opencv_imgcodecs.dir/src/grfmt_pfm.cpp.o
#12 89.37 [ 88%] Building CXX object modules/imgcodecs/CMakeFiles/opencv_imgcodecs.dir/src/grfmt_png.cpp.o
#12 89.39 make[2]: Leaving directory '/root/build'
#12 89.39 make[2]: Entering directory '/root/build'
#12 89.40 [ 88%] Building CXX object modules/video/CMakeFiles/opencv_video.dir/src/bgfg_KNN.cpp.o
#12 92.07 [ 88%] Building CXX object modules/imgcodecs/CMakeFiles/opencv_imgcodecs.dir/src/grfmt_pxm.cpp.o
#12 92.09 [ 89%] Building CXX object modules/imgcodecs/CMakeFiles/opencv_imgcodecs.dir/src/grfmt_spng.cpp.o
#12 92.11 [ 89%] Building CXX object modules/imgcodecs/CMakeFiles/opencv_imgcodecs.dir/src/grfmt_sunras.cpp.o
#12 92.14 [ 89%] Building CXX object modules/imgcodecs/CMakeFiles/opencv_imgcodecs.dir/src/grfmt_tiff.cpp.o
#12 92.17 [ 89%] Building CXX object modules/imgcodecs/CMakeFiles/opencv_imgcodecs.dir/src/grfmt_webp.cpp.o
#12 92.21 [ 89%] Building CXX object modules/imgcodecs/CMakeFiles/opencv_imgcodecs.dir/src/bitstrm.cpp.o
#12 92.33 [ 90%] Building CXX object modules/imgcodecs/CMakeFiles/opencv_imgcodecs.dir/src/rgbe.cpp.o
#12 92.48 [ 90%] Building CXX object modules/imgcodecs/CMakeFiles/opencv_imgcodecs.dir/src/exif.cpp.o
#12 92.51 [ 90%] Building CXX object modules/video/CMakeFiles/opencv_video.dir/src/bgfg_gaussmix2.cpp.o
#12 92.55 [ 90%] Building CXX object modules/video/CMakeFiles/opencv_video.dir/src/camshift.cpp.o
#12 92.64 [ 90%] Building CXX object modules/video/CMakeFiles/opencv_video.dir/src/dis_flow.cpp.o
#12 92.65 [ 91%] Building CXX object modules/video/CMakeFiles/opencv_video.dir/src/ecc.cpp.o
#12 92.73 [ 91%] Building CXX object modules/video/CMakeFiles/opencv_video.dir/src/kalman.cpp.o
#12 92.74 [ 91%] Building CXX object modules/video/CMakeFiles/opencv_video.dir/src/lkpyramid.cpp.o
#12 92.80 [ 91%] Building CXX object modules/video/CMakeFiles/opencv_video.dir/src/optflowgf.cpp.o
#12 93.51 [ 91%] Building CXX object modules/video/CMakeFiles/opencv_video.dir/src/optical_flow_io.cpp.o
#12 94.59 [ 93%] Building CXX object modules/video/CMakeFiles/opencv_video.dir/src/tracking/detail/tracker_feature.cpp.o
#12 94.74 [ 93%] Building CXX object modules/video/CMakeFiles/opencv_video.dir/src/tracking/detail/tracker_feature_set.cpp.o
#12 94.92 [ 93%] Building CXX object modules/video/CMakeFiles/opencv_video.dir/src/tracking/detail/tracker_mil_model.cpp.o
#12 95.07 [ 93%] Building CXX object modules/video/CMakeFiles/opencv_video.dir/src/tracking/detail/tracker_mil_state.cpp.o
#12 95.15 [ 94%] Building CXX object modules/video/CMakeFiles/opencv_video.dir/src/tracking/detail/tracker_model.cpp.o
#12 95.18 [ 94%] Building CXX object modules/video/CMakeFiles/opencv_video.dir/src/tracking/detail/tracker_sampler.cpp.o
#12 95.25 [ 94%] Building CXX object modules/video/CMakeFiles/opencv_video.dir/src/tracking/detail/tracker_sampler_algorithm.cpp.o
#12 95.41 [ 94%] Building CXX object modules/video/CMakeFiles/opencv_video.dir/src/tracking/detail/tracker_state_estimator.cpp.o
#12 95.50 [ 94%] Building CXX object modules/video/CMakeFiles/opencv_video.dir/src/tracking/detail/tracking_feature.cpp.o
#12 95.78 [ 94%] Linking CXX static library ../../lib/libopencv_imgcodecs.a
#12 95.84 [ 95%] Building CXX object modules/video/CMakeFiles/opencv_video.dir/src/tracking/detail/tracking_online_mil.cpp.o
#12 95.89 make[2]: Leaving directory '/root/build'
#12 95.90 [ 95%] Built target opencv_imgcodecs
#12 95.90 make[2]: Entering directory '/root/build'
#12 95.91 make[2]: Leaving directory '/root/build'
#12 95.91 make[2]: Entering directory '/root/build'
#12 95.92 [ 96%] Building CXX object modules/videoio/CMakeFiles/opencv_videoio.dir/src/videoio_registry.cpp.o
#12 96.18 [ 96%] Building CXX object modules/video/CMakeFiles/opencv_video.dir/src/tracking/tracker.cpp.o
#12 96.35 [ 96%] Building CXX object modules/video/CMakeFiles/opencv_video.dir/src/tracking/tracker_dasiamrpn.cpp.o
#12 96.70 [ 96%] Building CXX object modules/video/CMakeFiles/opencv_video.dir/src/tracking/tracker_goturn.cpp.o
#12 97.18 [ 96%] Building CXX object modules/video/CMakeFiles/opencv_video.dir/src/tracking/tracker_mil.cpp.o
#12 97.27 [ 97%] Building CXX object modules/video/CMakeFiles/opencv_video.dir/src/tracking/tracker_nano.cpp.o
#12 97.32 [ 97%] Building CXX object modules/video/CMakeFiles/opencv_video.dir/src/variational_refinement.cpp.o
#12 97.62 [ 97%] Building CXX object modules/video/CMakeFiles/opencv_video.dir/opencl_kernels_video.cpp.o
#12 97.92 [ 97%] Building CXX object modules/videoio/CMakeFiles/opencv_videoio.dir/src/videoio_c.cpp.o
#12 98.00 [ 97%] Building CXX object modules/videoio/CMakeFiles/opencv_videoio.dir/src/cap.cpp.o
#12 98.03 [ 97%] Building CXX object modules/videoio/CMakeFiles/opencv_videoio.dir/src/cap_images.cpp.o
#12 98.15 [ 97%] Building CXX object modules/videoio/CMakeFiles/opencv_videoio.dir/src/cap_mjpeg_encoder.cpp.o
#12 98.18 [ 98%] Building CXX object modules/videoio/CMakeFiles/opencv_videoio.dir/src/cap_mjpeg_decoder.cpp.o
#12 98.32 [ 98%] Building CXX object modules/videoio/CMakeFiles/opencv_videoio.dir/src/backend_plugin.cpp.o
#12 98.78 [ 98%] Building CXX object modules/videoio/CMakeFiles/opencv_videoio.dir/src/backend_static.cpp.o
#12 98.83 [ 98%] Building CXX object modules/videoio/CMakeFiles/opencv_videoio.dir/src/container_avi.cpp.o
#12 98.98 [ 98%] Building CXX object modules/videoio/CMakeFiles/opencv_videoio.dir/src/cap_v4l.cpp.o
#12 99.12 [100%] Building CXX object modules/videoio/CMakeFiles/opencv_videoio.dir/src/cap_obsensor_capture.cpp.o
#12 99.31 [100%] Building CXX object modules/videoio/CMakeFiles/opencv_videoio.dir/src/cap_obsensor/obsensor_uvc_stream_channel.cpp.o
#12 99.44 [100%] Building CXX object modules/videoio/CMakeFiles/opencv_videoio.dir/src/cap_obsensor/obsensor_stream_channel_v4l2.cpp.o
#12 101.3 [100%] Linking CXX static library ../../lib/libopencv_video.a
#12 101.4 make[2]: Leaving directory '/root/build'
#12 101.4 [100%] Built target opencv_video
#12 102.5 [100%] Linking CXX static library ../../lib/libopencv_videoio.a
#12 102.6 make[2]: Leaving directory '/root/build'
#12 102.6 [100%] Built target opencv_videoio
#12 102.6 make[1]: Leaving directory '/root/build'
#12 102.6 Install the project...
#12 102.6 -- Install configuration: "Release"
#12 102.6 -- Installing: /opt/opencv/share/licenses/opencv4/ippicv-readme.htm
#12 102.6 -- Installing: /opt/opencv/share/licenses/opencv4/ippicv-EULA.txt
#12 102.6 -- Installing: /opt/opencv/share/licenses/opencv4/ippicv-third-party-programs.txt
#12 102.6 -- Installing: /opt/opencv/lib/opencv4/3rdparty/libippicv.a
#12 102.7 -- Installing: /opt/opencv/share/licenses/opencv4/ippiw-support.txt
#12 102.7 -- Installing: /opt/opencv/share/licenses/opencv4/ippiw-third-party-programs.txt
#12 102.7 -- Installing: /opt/opencv/share/licenses/opencv4/ippiw-EULA.txt
#12 102.7 -- Installing: /opt/opencv/share/licenses/opencv4/flatbuffers-LICENSE.txt
#12 102.7 -- Installing: /opt/opencv/share/licenses/opencv4/opencl-headers-LICENSE.txt
#12 102.7 -- Installing: /opt/opencv/share/licenses/opencv4/ade-LICENSE
#12 102.7 -- Installing: /opt/opencv/include/opencv4/opencv2/cvconfig.h
#12 102.7 -- Installing: /opt/opencv/include/opencv4/opencv2/opencv_modules.hpp
#12 102.7 -- Installing: /opt/opencv/lib/cmake/opencv4/OpenCVModules.cmake
#12 102.7 -- Installing: /opt/opencv/lib/cmake/opencv4/OpenCVModules-release.cmake
#12 102.7 -- Installing: /opt/opencv/lib/cmake/opencv4/OpenCVConfig-version.cmake
#12 102.7 -- Installing: /opt/opencv/lib/cmake/opencv4/OpenCVConfig.cmake
#12 102.7 -- Installing: /opt/opencv/bin/setup_vars_opencv4.sh
#12 102.7 -- Installing: /opt/opencv/share/opencv4/valgrind.supp
#12 102.7 -- Installing: /opt/opencv/share/opencv4/valgrind_3rdparty.supp
#12 102.7 -- Installing: /opt/opencv/lib/opencv4/3rdparty/libzlib.a
#12 102.7 -- Installing: /opt/opencv/share/licenses/opencv4/zlib-LICENSE
#12 102.7 -- Installing: /opt/opencv/lib/opencv4/3rdparty/liblibjpeg-turbo.a
#12 102.7 -- Installing: /opt/opencv/share/licenses/opencv4/libjpeg-turbo-README.md
#12 102.7 -- Installing: /opt/opencv/share/licenses/opencv4/libjpeg-turbo-LICENSE.md
#12 102.7 -- Installing: /opt/opencv/share/licenses/opencv4/libjpeg-turbo-README.ijg
#12 102.7 -- Installing: /opt/opencv/share/licenses/opencv4/libopenjp2-README.md
#12 102.7 -- Installing: /opt/opencv/share/licenses/opencv4/libopenjp2-LICENSE
#12 102.7 -- Installing: /opt/opencv/lib/opencv4/3rdparty/liblibopenjp2.a
#12 102.7 -- Installing: /opt/opencv/lib/opencv4/3rdparty/liblibpng.a
#12 102.7 -- Installing: /opt/opencv/share/licenses/opencv4/libpng-LICENSE
#12 102.7 -- Installing: /opt/opencv/share/licenses/opencv4/libpng-README
#12 102.7 -- Installing: /opt/opencv/lib/opencv4/3rdparty/libippiw.a
#12 102.7 -- Installing: /opt/opencv/share/licenses/opencv4/protobuf-LICENSE
#12 102.7 -- Installing: /opt/opencv/share/licenses/opencv4/protobuf-README.md
#12 102.7 -- Installing: /opt/opencv/share/licenses/opencv4/quirc-LICENSE
#12 102.7 -- Installing: /opt/opencv/lib/opencv4/3rdparty/libittnotify.a
#12 102.7 -- Installing: /opt/opencv/share/licenses/opencv4/ittnotify-LICENSE.BSD
#12 102.7 -- Installing: /opt/opencv/share/licenses/opencv4/ittnotify-LICENSE.GPL
#12 102.8 -- Installing: /opt/opencv/include/opencv4/opencv2/opencv.hpp
#12 102.8 -- Installing: /opt/opencv/lib/libopencv_core.a
#12 102.8 -- Installing: /opt/opencv/include/opencv4/opencv2/core.hpp
#12 102.8 -- Installing: /opt/opencv/include/opencv4/opencv2/core/affine.hpp
#12 102.8 -- Installing: /opt/opencv/include/opencv4/opencv2/core/async.hpp
#12 102.8 -- Installing: /opt/opencv/include/opencv4/opencv2/core/base.hpp
#12 102.8 -- Installing: /opt/opencv/include/opencv4/opencv2/core/bindings_utils.hpp
#12 102.8 -- Installing: /opt/opencv/include/opencv4/opencv2/core/bufferpool.hpp
#12 102.8 -- Installing: /opt/opencv/include/opencv4/opencv2/core/check.hpp
#12 102.8 -- Installing: /opt/opencv/include/opencv4/opencv2/core/core.hpp
#12 102.8 -- Installing: /opt/opencv/include/opencv4/opencv2/core/core_c.h
#12 102.8 -- Installing: /opt/opencv/include/opencv4/opencv2/core/cuda.hpp
#12 102.8 -- Installing: /opt/opencv/include/opencv4/opencv2/core/cuda.inl.hpp
#12 102.8 -- Installing: /opt/opencv/include/opencv4/opencv2/core/cuda/block.hpp
#12 102.8 -- Installing: /opt/opencv/include/opencv4/opencv2/core/cuda/border_interpolate.hpp
#12 102.8 -- Installing: /opt/opencv/include/opencv4/opencv2/core/cuda/color.hpp
#12 102.8 -- Installing: /opt/opencv/include/opencv4/opencv2/core/cuda/common.hpp
#12 102.8 -- Installing: /opt/opencv/include/opencv4/opencv2/core/cuda/datamov_utils.hpp
#12 102.8 -- Installing: /opt/opencv/include/opencv4/opencv2/core/cuda/detail/color_detail.hpp
#12 102.8 -- Installing: /opt/opencv/include/opencv4/opencv2/core/cuda/detail/reduce.hpp
#12 102.8 -- Installing: /opt/opencv/include/opencv4/opencv2/core/cuda/detail/reduce_key_val.hpp
#12 102.8 -- Installing: /opt/opencv/include/opencv4/opencv2/core/cuda/detail/transform_detail.hpp
#12 102.8 -- Installing: /opt/opencv/include/opencv4/opencv2/core/cuda/detail/type_traits_detail.hpp
#12 102.8 -- Installing: /opt/opencv/include/opencv4/opencv2/core/cuda/detail/vec_distance_detail.hpp
#12 102.8 -- Installing: /opt/opencv/include/opencv4/opencv2/core/cuda/dynamic_smem.hpp
#12 102.8 -- Installing: /opt/opencv/include/opencv4/opencv2/core/cuda/emulation.hpp
#12 102.8 -- Installing: /opt/opencv/include/opencv4/opencv2/core/cuda/filters.hpp
#12 102.8 -- Installing: /opt/opencv/include/opencv4/opencv2/core/cuda/funcattrib.hpp
#12 102.8 -- Installing: /opt/opencv/include/opencv4/opencv2/core/cuda/functional.hpp
#12 102.8 -- Installing: /opt/opencv/include/opencv4/opencv2/core/cuda/limits.hpp
#12 102.8 -- Installing: /opt/opencv/include/opencv4/opencv2/core/cuda/reduce.hpp
#12 102.8 -- Installing: /opt/opencv/include/opencv4/opencv2/core/cuda/saturate_cast.hpp
#12 102.8 -- Installing: /opt/opencv/include/opencv4/opencv2/core/cuda/scan.hpp
#12 102.8 -- Installing: /opt/opencv/include/opencv4/opencv2/core/cuda/simd_functions.hpp
#12 102.8 -- Installing: /opt/opencv/include/opencv4/opencv2/core/cuda/transform.hpp
#12 102.8 -- Installing: /opt/opencv/include/opencv4/opencv2/core/cuda/type_traits.hpp
#12 102.8 -- Installing: /opt/opencv/include/opencv4/opencv2/core/cuda/utility.hpp
#12 102.8 -- Installing: /opt/opencv/include/opencv4/opencv2/core/cuda/vec_distance.hpp
#12 102.8 -- Installing: /opt/opencv/include/opencv4/opencv2/core/cuda/vec_math.hpp
#12 102.8 -- Installing: /opt/opencv/include/opencv4/opencv2/core/cuda/vec_traits.hpp
#12 102.8 -- Installing: /opt/opencv/include/opencv4/opencv2/core/cuda/warp.hpp
#12 102.8 -- Installing: /opt/opencv/include/opencv4/opencv2/core/cuda/warp_reduce.hpp
#12 102.8 -- Installing: /opt/opencv/include/opencv4/opencv2/core/cuda/warp_shuffle.hpp
#12 102.8 -- Installing: /opt/opencv/include/opencv4/opencv2/core/cuda_stream_accessor.hpp
#12 102.8 -- Installing: /opt/opencv/include/opencv4/opencv2/core/cuda_types.hpp
#12 102.8 -- Installing: /opt/opencv/include/opencv4/opencv2/core/cv_cpu_dispatch.h
#12 102.8 -- Installing: /opt/opencv/include/opencv4/opencv2/core/cv_cpu_helper.h
#12 102.8 -- Installing: /opt/opencv/include/opencv4/opencv2/core/cvdef.h
#12 102.8 -- Installing: /opt/opencv/include/opencv4/opencv2/core/cvstd.hpp
#12 102.8 -- Installing: /opt/opencv/include/opencv4/opencv2/core/cvstd.inl.hpp
#12 102.8 -- Installing: /opt/opencv/include/opencv4/opencv2/core/cvstd_wrapper.hpp
#12 102.8 -- Installing: /opt/opencv/include/opencv4/opencv2/core/detail/async_promise.hpp
#12 102.8 -- Installing: /opt/opencv/include/opencv4/opencv2/core/detail/dispatch_helper.impl.hpp
#12 102.8 -- Installing: /opt/opencv/include/opencv4/opencv2/core/detail/exception_ptr.hpp
#12 102.8 -- Installing: /opt/opencv/include/opencv4/opencv2/core/directx.hpp
#12 102.8 -- Installing: /opt/opencv/include/opencv4/opencv2/core/dualquaternion.hpp
#12 102.8 -- Installing: /opt/opencv/include/opencv4/opencv2/core/dualquaternion.inl.hpp
#12 102.8 -- Installing: /opt/opencv/include/opencv4/opencv2/core/eigen.hpp
#12 102.8 -- Installing: /opt/opencv/include/opencv4/opencv2/core/fast_math.hpp
#12 102.8 -- Installing: /opt/opencv/include/opencv4/opencv2/core/hal/hal.hpp
#12 102.8 -- Installing: /opt/opencv/include/opencv4/opencv2/core/hal/interface.h
#12 102.8 -- Installing: /opt/opencv/include/opencv4/opencv2/core/hal/intrin.hpp
#12 102.8 -- Installing: /opt/opencv/include/opencv4/opencv2/core/hal/intrin_avx.hpp
#12 102.8 -- Installing: /opt/opencv/include/opencv4/opencv2/core/hal/intrin_avx512.hpp
#12 102.8 -- Installing: /opt/opencv/include/opencv4/opencv2/core/hal/intrin_cpp.hpp
#12 102.8 -- Installing: /opt/opencv/include/opencv4/opencv2/core/hal/intrin_forward.hpp
#12 102.8 -- Installing: /opt/opencv/include/opencv4/opencv2/core/hal/intrin_lasx.hpp
#12 102.8 -- Installing: /opt/opencv/include/opencv4/opencv2/core/hal/intrin_msa.hpp
#12 102.8 -- Installing: /opt/opencv/include/opencv4/opencv2/core/hal/intrin_neon.hpp
#12 102.8 -- Installing: /opt/opencv/include/opencv4/opencv2/core/hal/intrin_rvv.hpp
#12 102.8 -- Installing: /opt/opencv/include/opencv4/opencv2/core/hal/intrin_rvv071.hpp
#12 102.8 -- Installing: /opt/opencv/include/opencv4/opencv2/core/hal/intrin_rvv_010_compat_non-policy.hpp
#12 102.8 -- Installing: /opt/opencv/include/opencv4/opencv2/core/hal/intrin_rvv_010_compat_overloaded-non-policy.hpp
#12 102.8 -- Installing: /opt/opencv/include/opencv4/opencv2/core/hal/intrin_rvv_compat_overloaded.hpp
#12 102.8 -- Installing: /opt/opencv/include/opencv4/opencv2/core/hal/intrin_rvv_scalable.hpp
#12 102.8 -- Installing: /opt/opencv/include/opencv4/opencv2/core/hal/intrin_sse.hpp
#12 102.8 -- Installing: /opt/opencv/include/opencv4/opencv2/core/hal/intrin_sse_em.hpp
#12 102.8 -- Installing: /opt/opencv/include/opencv4/opencv2/core/hal/intrin_vsx.hpp
#12 102.8 -- Installing: /opt/opencv/include/opencv4/opencv2/core/hal/intrin_wasm.hpp
#12 102.8 -- Installing: /opt/opencv/include/opencv4/opencv2/core/hal/msa_macros.h
#12 102.8 -- Installing: /opt/opencv/include/opencv4/opencv2/core/hal/simd_utils.impl.hpp
#12 102.8 -- Installing: /opt/opencv/include/opencv4/opencv2/core/mat.hpp
#12 102.8 -- Installing: /opt/opencv/include/opencv4/opencv2/core/mat.inl.hpp
#12 102.8 -- Installing: /opt/opencv/include/opencv4/opencv2/core/matx.hpp
#12 102.8 -- Installing: /opt/opencv/include/opencv4/opencv2/core/neon_utils.hpp
#12 102.8 -- Installing: /opt/opencv/include/opencv4/opencv2/core/ocl.hpp
#12 102.8 -- Installing: /opt/opencv/include/opencv4/opencv2/core/ocl_genbase.hpp
#12 102.8 -- Installing: /opt/opencv/include/opencv4/opencv2/core/opencl/ocl_defs.hpp
#12 102.8 -- Installing: /opt/opencv/include/opencv4/opencv2/core/opencl/opencl_info.hpp
#12 102.8 -- Installing: /opt/opencv/include/opencv4/opencv2/core/opencl/opencl_svm.hpp
#12 102.8 -- Installing: /opt/opencv/include/opencv4/opencv2/core/opencl/runtime/autogenerated/opencl_clblas.hpp
#12 102.8 -- Installing: /opt/opencv/include/opencv4/opencv2/core/opencl/runtime/autogenerated/opencl_clfft.hpp
#12 102.8 -- Installing: /opt/opencv/include/opencv4/opencv2/core/opencl/runtime/autogenerated/opencl_core.hpp
#12 102.8 -- Installing: /opt/opencv/include/opencv4/opencv2/core/opencl/runtime/autogenerated/opencl_core_wrappers.hpp
#12 102.8 -- Installing: /opt/opencv/include/opencv4/opencv2/core/opencl/runtime/autogenerated/opencl_gl.hpp
#12 102.8 -- Installing: /opt/opencv/include/opencv4/opencv2/core/opencl/runtime/autogenerated/opencl_gl_wrappers.hpp
#12 102.8 -- Installing: /opt/opencv/include/opencv4/opencv2/core/opencl/runtime/opencl_clblas.hpp
#12 102.8 -- Installing: /opt/opencv/include/opencv4/opencv2/core/opencl/runtime/opencl_clfft.hpp
#12 102.8 -- Installing: /opt/opencv/include/opencv4/opencv2/core/opencl/runtime/opencl_core.hpp
#12 102.8 -- Installing: /opt/opencv/include/opencv4/opencv2/core/opencl/runtime/opencl_core_wrappers.hpp
#12 102.8 -- Installing: /opt/opencv/include/opencv4/opencv2/core/opencl/runtime/opencl_gl.hpp
#12 102.8 -- Installing: /opt/opencv/include/opencv4/opencv2/core/opencl/runtime/opencl_gl_wrappers.hpp
#12 102.8 -- Installing: /opt/opencv/include/opencv4/opencv2/core/opencl/runtime/opencl_svm_20.hpp
#12 102.8 -- Installing: /opt/opencv/include/opencv4/opencv2/core/opencl/runtime/opencl_svm_definitions.hpp
#12 102.8 -- Installing: /opt/opencv/include/opencv4/opencv2/core/opencl/runtime/opencl_svm_hsa_extension.hpp
#12 102.8 -- Installing: /opt/opencv/include/opencv4/opencv2/core/opengl.hpp
#12 102.8 -- Installing: /opt/opencv/include/opencv4/opencv2/core/operations.hpp
#12 102.8 -- Installing: /opt/opencv/include/opencv4/opencv2/core/optim.hpp
#12 102.8 -- Installing: /opt/opencv/include/opencv4/opencv2/core/ovx.hpp
#12 102.8 -- Installing: /opt/opencv/include/opencv4/opencv2/core/parallel/backend/parallel_for.openmp.hpp
#12 102.8 -- Installing: /opt/opencv/include/opencv4/opencv2/core/parallel/backend/parallel_for.tbb.hpp
#12 102.8 -- Installing: /opt/opencv/include/opencv4/opencv2/core/parallel/parallel_backend.hpp
#12 102.8 -- Installing: /opt/opencv/include/opencv4/opencv2/core/persistence.hpp
#12 102.8 -- Installing: /opt/opencv/include/opencv4/opencv2/core/quaternion.hpp
#12 102.8 -- Installing: /opt/opencv/include/opencv4/opencv2/core/quaternion.inl.hpp
#12 102.8 -- Installing: /opt/opencv/include/opencv4/opencv2/core/saturate.hpp
#12 102.8 -- Installing: /opt/opencv/include/opencv4/opencv2/core/simd_intrinsics.hpp
#12 102.8 -- Installing: /opt/opencv/include/opencv4/opencv2/core/softfloat.hpp
#12 102.8 -- Installing: /opt/opencv/include/opencv4/opencv2/core/sse_utils.hpp
#12 102.8 -- Installing: /opt/opencv/include/opencv4/opencv2/core/traits.hpp
#12 102.8 -- Installing: /opt/opencv/include/opencv4/opencv2/core/types.hpp
#12 102.8 -- Installing: /opt/opencv/include/opencv4/opencv2/core/types_c.h
#12 102.8 -- Installing: /opt/opencv/include/opencv4/opencv2/core/utility.hpp
#12 102.8 -- Installing: /opt/opencv/include/opencv4/opencv2/core/utils/allocator_stats.hpp
#12 102.8 -- Installing: /opt/opencv/include/opencv4/opencv2/core/utils/allocator_stats.impl.hpp
#12 102.8 -- Installing: /opt/opencv/include/opencv4/opencv2/core/utils/filesystem.hpp
#12 102.8 -- Installing: /opt/opencv/include/opencv4/opencv2/core/utils/fp_control_utils.hpp
#12 102.8 -- Installing: /opt/opencv/include/opencv4/opencv2/core/utils/instrumentation.hpp
#12 102.8 -- Installing: /opt/opencv/include/opencv4/opencv2/core/utils/logger.defines.hpp
#12 102.8 -- Installing: /opt/opencv/include/opencv4/opencv2/core/utils/logger.hpp
#12 102.8 -- Installing: /opt/opencv/include/opencv4/opencv2/core/utils/logtag.hpp
#12 102.8 -- Installing: /opt/opencv/include/opencv4/opencv2/core/utils/tls.hpp
#12 102.8 -- Installing: /opt/opencv/include/opencv4/opencv2/core/utils/trace.hpp
#12 102.8 -- Installing: /opt/opencv/include/opencv4/opencv2/core/va_intel.hpp
#12 102.8 -- Installing: /opt/opencv/include/opencv4/opencv2/core/version.hpp
#12 102.8 -- Installing: /opt/opencv/include/opencv4/opencv2/core/vsx_utils.hpp
#12 102.8 -- Installing: /opt/opencv/share/licenses/opencv4/SoftFloat-COPYING.txt
#12 102.8 -- Installing: /opt/opencv/lib/libopencv_imgproc.a
#12 102.8 -- Installing: /opt/opencv/include/opencv4/opencv2/imgproc.hpp
#12 102.8 -- Installing: /opt/opencv/include/opencv4/opencv2/imgproc/bindings.hpp
#12 102.8 -- Installing: /opt/opencv/include/opencv4/opencv2/imgproc/detail/gcgraph.hpp
#12 102.8 -- Installing: /opt/opencv/include/opencv4/opencv2/imgproc/hal/hal.hpp
#12 102.8 -- Installing: /opt/opencv/include/opencv4/opencv2/imgproc/hal/interface.h
#12 102.8 -- Installing: /opt/opencv/include/opencv4/opencv2/imgproc/imgproc.hpp
#12 102.8 -- Installing: /opt/opencv/include/opencv4/opencv2/imgproc/imgproc_c.h
#12 102.8 -- Installing: /opt/opencv/include/opencv4/opencv2/imgproc/segmentation.hpp
#12 102.8 -- Installing: /opt/opencv/include/opencv4/opencv2/imgproc/types_c.h
#12 102.8 -- Installing: /opt/opencv/lib/libopencv_video.a
#12 102.8 -- Installing: /opt/opencv/include/opencv4/opencv2/video.hpp
#12 102.8 -- Installing: /opt/opencv/include/opencv4/opencv2/video/background_segm.hpp
#12 102.8 -- Installing: /opt/opencv/include/opencv4/opencv2/video/detail/tracking.detail.hpp
#12 102.8 -- Installing: /opt/opencv/include/opencv4/opencv2/video/legacy/constants_c.h
#12 102.8 -- Installing: /opt/opencv/include/opencv4/opencv2/video/tracking.hpp
#12 102.8 -- Installing: /opt/opencv/include/opencv4/opencv2/video/video.hpp
#12 102.8 -- Installing: /opt/opencv/lib/libopencv_imgcodecs.a
#12 102.8 -- Installing: /opt/opencv/include/opencv4/opencv2/imgcodecs.hpp
#12 102.8 -- Installing: /opt/opencv/include/opencv4/opencv2/imgcodecs/imgcodecs.hpp
#12 102.8 -- Installing: /opt/opencv/include/opencv4/opencv2/imgcodecs/imgcodecs_c.h
#12 102.8 -- Installing: /opt/opencv/include/opencv4/opencv2/imgcodecs/ios.h
#12 102.8 -- Installing: /opt/opencv/include/opencv4/opencv2/imgcodecs/legacy/constants_c.h
#12 102.8 -- Installing: /opt/opencv/include/opencv4/opencv2/imgcodecs/macosx.h
#12 102.8 -- Installing: /opt/opencv/lib/libopencv_videoio.a
#12 102.8 -- Installing: /opt/opencv/include/opencv4/opencv2/videoio.hpp
#12 102.8 -- Installing: /opt/opencv/include/opencv4/opencv2/videoio/cap_ios.h
#12 102.8 -- Installing: /opt/opencv/include/opencv4/opencv2/videoio/legacy/constants_c.h
#12 102.8 -- Installing: /opt/opencv/include/opencv4/opencv2/videoio/registry.hpp
#12 102.8 -- Installing: /opt/opencv/include/opencv4/opencv2/videoio/videoio.hpp
#12 102.8 -- Installing: /opt/opencv/include/opencv4/opencv2/videoio/videoio_c.h
#12 102.8 -- Installing: /opt/opencv/share/opencv4/haarcascades/haarcascade_eye.xml
#12 102.8 -- Installing: /opt/opencv/share/opencv4/haarcascades/haarcascade_eye_tree_eyeglasses.xml
#12 102.8 -- Installing: /opt/opencv/share/opencv4/haarcascades/haarcascade_frontalcatface.xml
#12 102.8 -- Installing: /opt/opencv/share/opencv4/haarcascades/haarcascade_frontalcatface_extended.xml
#12 102.8 -- Installing: /opt/opencv/share/opencv4/haarcascades/haarcascade_frontalface_alt.xml
#12 102.8 -- Installing: /opt/opencv/share/opencv4/haarcascades/haarcascade_frontalface_alt2.xml
#12 102.8 -- Installing: /opt/opencv/share/opencv4/haarcascades/haarcascade_frontalface_alt_tree.xml
#12 102.9 -- Installing: /opt/opencv/share/opencv4/haarcascades/haarcascade_frontalface_default.xml
#12 102.9 -- Installing: /opt/opencv/share/opencv4/haarcascades/haarcascade_fullbody.xml
#12 102.9 -- Installing: /opt/opencv/share/opencv4/haarcascades/haarcascade_lefteye_2splits.xml
#12 102.9 -- Installing: /opt/opencv/share/opencv4/haarcascades/haarcascade_license_plate_rus_16stages.xml
#12 102.9 -- Installing: /opt/opencv/share/opencv4/haarcascades/haarcascade_lowerbody.xml
#12 102.9 -- Installing: /opt/opencv/share/opencv4/haarcascades/haarcascade_profileface.xml
#12 102.9 -- Installing: /opt/opencv/share/opencv4/haarcascades/haarcascade_righteye_2splits.xml
#12 102.9 -- Installing: /opt/opencv/share/opencv4/haarcascades/haarcascade_russian_plate_number.xml
#12 102.9 -- Installing: /opt/opencv/share/opencv4/haarcascades/haarcascade_smile.xml
#12 102.9 -- Installing: /opt/opencv/share/opencv4/haarcascades/haarcascade_upperbody.xml
#12 102.9 -- Installing: /opt/opencv/share/opencv4/lbpcascades/lbpcascade_frontalcatface.xml
#12 102.9 -- Installing: /opt/opencv/share/opencv4/lbpcascades/lbpcascade_frontalface.xml
#12 102.9 -- Installing: /opt/opencv/share/opencv4/lbpcascades/lbpcascade_frontalface_improved.xml
#12 102.9 -- Installing: /opt/opencv/share/opencv4/lbpcascades/lbpcascade_profileface.xml
#12 102.9 -- Installing: /opt/opencv/share/opencv4/lbpcascades/lbpcascade_silverware.xml
#12 102.9 make: Leaving directory '/root/build'
#12 DONE 103.1s

#13 [test  3/11] RUN set -xeu &&     DEBIAN_FRONTEND=noninteractive apt-get install -y curl clang libclang-dev     cmake     libavcodec-dev libavformat-dev libavutil-dev libswscale-dev
#13 CACHED

#14 [test  4/11] RUN set -xeu &&     curl --proto '=https' --tlsv1.2 -sSf https://sh.rustup.rs | sh -s -- -y --profile=minimal
#14 CACHED

#15 [frontend 2/3] RUN set -xeu && 	git clone https://github.com/piotrpdev/oko.git /root/oko
#15 CACHED

#16 [frontend 3/3] RUN set -xeu && 	npm --prefix=/root/oko/frontend ci && 	npm --prefix=/root/oko/frontend run build && 	mkdir -p /root/oko/backend/static && 	cp -r /root/oko/frontend/dist/* /root/oko/backend/static/
#16 CACHED

#17 [test  5/11] COPY --from=backend /opt/opencv /opt/opencv
#17 DONE 0.6s

#18 [test  6/11] COPY --from=frontend /root/oko /root/oko
#18 DONE 5.5s

#19 [test  7/11] RUN set -xeu && 	ls /opt/opencv/lib && 	ls /opt/opencv/lib/opencv4/3rdparty && 	ls /usr/lib/x86_64-linux-gnu && 	ls /opt/opencv/include && 	ls /opt/opencv/include/opencv4 && 	ls /usr/include/x86_64-linux-gnu
#19 0.327 + ls /opt/opencv/lib
#19 0.328 cmake
#19 0.328 libopencv_core.a
#19 0.328 libopencv_imgcodecs.a
#19 0.328 libopencv_imgproc.a
#19 0.328 libopencv_video.a
#19 0.328 libopencv_videoio.a
#19 0.328 opencv4
#19 0.328 + ls /opt/opencv/lib/opencv4/3rdparty
#19 0.329 libippicv.a
#19 0.329 libippiw.a
#19 0.329 libittnotify.a
#19 0.329 liblibjpeg-turbo.a
#19 0.329 liblibopenjp2.a
#19 0.329 liblibpng.a
#19 0.329 libzlib.a
#19 0.329 + ls /usr/lib/x86_64-linux-gnu
#19 0.330 Mcrt1.o
#19 0.330 Scrt1.o
#19 0.330 audit
#19 0.330 bfd-plugins
#19 0.330 crt1.o
#19 0.330 crti.o
#19 0.330 crtn.o
#19 0.330 dri
#19 0.330 e2fsprogs
#19 0.330 engines-3
#19 0.330 gconv
#19 0.330 gcrt1.o
#19 0.330 gdk-pixbuf-2.0
#19 0.330 gio
#19 0.330 glib-2.0
#19 0.330 grcrt1.o
#19 0.330 icu
#19 0.330 krb5
#19 0.330 ld-linux-x86-64.so.2
#19 0.330 ldscripts
#19 0.330 libBrokenLocale.a
#19 0.330 libBrokenLocale.so
#19 0.330 libBrokenLocale.so.1
#19 0.330 libLLVM-14.0.0.so.1
#19 0.330 libLLVM-14.so
#19 0.330 libLLVM-14.so.1
#19 0.330 libLLVM-15.so
#19 0.330 libLLVM-15.so.1
#19 0.330 libOpenCL.so.1
#19 0.330 libOpenCL.so.1.0.0
#19 0.330 libX11-xcb.so.1
#19 0.330 libX11-xcb.so.1.0.0
#19 0.330 libX11.so.6
#19 0.330 libX11.so.6.4.0
#19 0.330 libXau.so.6
#19 0.330 libXau.so.6.0.0
#19 0.330 libXdmcp.so.6
#19 0.330 libXdmcp.so.6.0.0
#19 0.330 libXext.so.6
#19 0.330 libXext.so.6.4.0
#19 0.330 libXfixes.so.3
#19 0.330 libXfixes.so.3.1.0
#19 0.330 libXpm.so.4
#19 0.330 libXpm.so.4.11.0
#19 0.330 libXrender.so.1
#19 0.330 libXrender.so.1.3.0
#19 0.330 libaacs.so.0
#19 0.330 libaacs.so.0.7.2
#19 0.330 libacl.so.1
#19 0.330 libacl.so.1.1.2301
#19 0.330 libanl.a
#19 0.330 libanl.so
#19 0.330 libanl.so.1
#19 0.330 libaom.so.3
#19 0.330 libaom.so.3.3.0
#19 0.330 libapt-pkg.so.6.0
#19 0.330 libapt-pkg.so.6.0.0
#19 0.330 libapt-private.so.0.0
#19 0.330 libapt-private.so.0.0.0
#19 0.330 libarchive.so.13
#19 0.330 libarchive.so.13.6.0
#19 0.330 libasan.so.6
#19 0.330 libasan.so.6.0.0
#19 0.330 libatomic.so.1
#19 0.330 libatomic.so.1.2.0
#19 0.330 libattr.so.1
#19 0.330 libattr.so.1.1.2501
#19 0.330 libaudit.so.1
#19 0.330 libaudit.so.1.0.0
#19 0.330 libavcodec.a
#19 0.330 libavcodec.so
#19 0.330 libavcodec.so.58
#19 0.330 libavcodec.so.58.134.100
#19 0.330 libavformat.a
#19 0.330 libavformat.so
#19 0.330 libavformat.so.58
#19 0.330 libavformat.so.58.76.100
#19 0.330 libavutil.a
#19 0.330 libavutil.so
#19 0.330 libavutil.so.56
#19 0.330 libavutil.so.56.70.100
#19 0.330 libbdplus.so.0
#19 0.330 libbdplus.so.0.2.0
#19 0.330 libbfd-2.38-system.so
#19 0.330 libblkid.so.1
#19 0.330 libblkid.so.1.1.0
#19 0.330 libbluray.so.2
#19 0.330 libbluray.so.2.4.1
#19 0.330 libbrotlicommon.so.1
#19 0.330 libbrotlicommon.so.1.0.9
#19 0.330 libbrotlidec.so.1
#19 0.330 libbrotlidec.so.1.0.9
#19 0.330 libbrotlienc.so.1
#19 0.330 libbrotlienc.so.1.0.9
#19 0.330 libbsd.so.0
#19 0.330 libbsd.so.0.11.5
#19 0.330 libbz2.so.1
#19 0.330 libbz2.so.1.0
#19 0.330 libbz2.so.1.0.4
#19 0.330 libc.a
#19 0.330 libc.so
#19 0.330 libc.so.6
#19 0.330 libc_malloc_debug.so
#19 0.330 libc_malloc_debug.so.0
#19 0.330 libc_nonshared.a
#19 0.330 libcairo-gobject.so.2
#19 0.330 libcairo-gobject.so.2.11600.0
#19 0.330 libcairo.so.2
#19 0.330 libcairo.so.2.11600.0
#19 0.330 libcap-ng.so.0
#19 0.330 libcap-ng.so.0.0.0
#19 0.330 libcap.so.2
#19 0.330 libcap.so.2.44
#19 0.330 libcc1.so.0
#19 0.330 libcc1.so.0.0.0
#19 0.330 libchromaprint.so.1
#19 0.330 libchromaprint.so.1.5.1
#19 0.330 libclang-14.so
#19 0.330 libclang-14.so.1
#19 0.330 libclang-14.so.13
#19 0.330 libclang-14.so.14.0.0
#19 0.330 libclang-cpp.so.14
#19 0.330 libcodec2.so.1.0
#19 0.330 libcom_err.so.2
#19 0.330 libcom_err.so.2.1
#19 0.330 libcrypt.a
#19 0.330 libcrypt.so
#19 0.330 libcrypt.so.1
#19 0.330 libcrypt.so.1.1.0
#19 0.330 libcrypto.so.3
#19 0.330 libctf-nobfd.so.0
#19 0.330 libctf-nobfd.so.0.0.0
#19 0.330 libctf.so.0
#19 0.330 libctf.so.0.0.0
#19 0.330 libcurl.so.4
#19 0.330 libcurl.so.4.7.0
#19 0.330 libcurses.a
#19 0.330 libcurses.so
#19 0.330 libdatrie.so.1
#19 0.330 libdatrie.so.1.4.0
#19 0.330 libdav1d.so.5
#19 0.330 libdav1d.so.5.1.1
#19 0.330 libdb-5.3.so
#19 0.330 libdebconfclient.so.0
#19 0.330 libdebconfclient.so.0.0.0
#19 0.330 libdeflate.so.0
#19 0.330 libdl.a
#19 0.330 libdl.so.2
#19 0.330 libdrm.so.2
#19 0.330 libdrm.so.2.4.0
#19 0.330 libdrm_amdgpu.so.1
#19 0.330 libdrm_amdgpu.so.1.0.0
#19 0.330 libdrm_intel.so.1
#19 0.330 libdrm_intel.so.1.0.0
#19 0.330 libdrm_nouveau.so.2
#19 0.330 libdrm_nouveau.so.2.0.0
#19 0.330 libdrm_radeon.so.1
#19 0.330 libdrm_radeon.so.1.0.1
#19 0.330 libe2p.so.2
#19 0.330 libe2p.so.2.3
#19 0.330 libedit.so.2
#19 0.330 libedit.so.2.0.68
#19 0.330 libelf-0.186.so
#19 0.330 libelf.so.1
#19 0.330 libexpat.so.1
#19 0.330 libexpat.so.1.8.7
#19 0.330 libexpatw.so.1
#19 0.330 libexpatw.so.1.8.7
#19 0.330 libext2fs.so.2
#19 0.330 libext2fs.so.2.4
#19 0.330 libffi.a
#19 0.330 libffi.so
#19 0.330 libffi.so.8
#19 0.330 libffi.so.8.1.0
#19 0.330 libffi_pic.a
#19 0.330 libfontconfig.so.1
#19 0.330 libfontconfig.so.1.12.0
#19 0.330 libform.a
#19 0.330 libform.so
#19 0.330 libform.so.6
#19 0.330 libform.so.6.3
#19 0.330 libformw.a
#19 0.330 libformw.so
#19 0.330 libformw.so.6
#19 0.330 libformw.so.6.3
#19 0.330 libfreetype.so.6
#19 0.330 libfreetype.so.6.18.1
#19 0.330 libfribidi.so.0
#19 0.330 libfribidi.so.0.4.0
#19 0.330 libg.a
#19 0.330 libgc.so.1
#19 0.330 libgc.so.1.4.4
#19 0.330 libgcc_s.so.1
#19 0.330 libgccpp.so.1
#19 0.330 libgccpp.so.1.4.1
#19 0.330 libgcrypt.so.20
#19 0.330 libgcrypt.so.20.3.4
#19 0.330 libgd.so.3
#19 0.330 libgd.so.3.0.8
#19 0.330 libgdk_pixbuf-2.0.so.0
#19 0.330 libgdk_pixbuf-2.0.so.0.4200.8
#19 0.330 libgio-2.0.so.0
#19 0.330 libgio-2.0.so.0.7200.4
#19 0.330 libglib-2.0.so.0
#19 0.330 libglib-2.0.so.0.7200.4
#19 0.330 libgme.so.0
#19 0.330 libgme.so.0.6.3
#19 0.330 libgmodule-2.0.so.0
#19 0.330 libgmodule-2.0.so.0.7200.4
#19 0.330 libgmp.so.10
#19 0.330 libgmp.so.10.4.1
#19 0.330 libgnutls.so.30
#19 0.330 libgnutls.so.30.31.0
#19 0.330 libgobject-2.0.so.0
#19 0.330 libgobject-2.0.so.0.7200.4
#19 0.330 libgomp.so.1
#19 0.330 libgomp.so.1.0.0
#19 0.330 libgpg-error.so.0
#19 0.330 libgpg-error.so.0.32.1
#19 0.330 libgraphite2.so.2.0.0
#19 0.330 libgraphite2.so.3
#19 0.330 libgraphite2.so.3.2.1
#19 0.330 libgsm.so.1
#19 0.330 libgsm.so.1.0.19
#19 0.330 libgssapi_krb5.so.2
#19 0.330 libgssapi_krb5.so.2.2
#19 0.330 libgthread-2.0.so.0
#19 0.330 libgthread-2.0.so.0.7200.4
#19 0.330 libharfbuzz.so.0
#19 0.330 libharfbuzz.so.0.20704.0
#19 0.330 libhistory.so.8
#19 0.330 libhistory.so.8.1
#19 0.330 libhogweed.so.6
#19 0.330 libhogweed.so.6.4
#19 0.330 libicudata.a
#19 0.330 libicudata.so
#19 0.330 libicudata.so.70
#19 0.330 libicudata.so.70.1
#19 0.330 libicui18n.a
#19 0.330 libicui18n.so
#19 0.330 libicui18n.so.70
#19 0.330 libicui18n.so.70.1
#19 0.330 libicuio.a
#19 0.330 libicuio.so
#19 0.330 libicuio.so.70
#19 0.330 libicuio.so.70.1
#19 0.330 libicutest.a
#19 0.330 libicutest.so
#19 0.330 libicutest.so.70
#19 0.330 libicutest.so.70.1
#19 0.330 libicutu.a
#19 0.330 libicutu.so
#19 0.330 libicutu.so.70
#19 0.330 libicutu.so.70.1
#19 0.330 libicuuc.a
#19 0.330 libicuuc.so
#19 0.330 libicuuc.so.70
#19 0.330 libicuuc.so.70.1
#19 0.330 libidn2.so.0
#19 0.330 libidn2.so.0.3.7
#19 0.330 libigdgmm.so.12
#19 0.330 libigdgmm.so.12.1.0
#19 0.330 libisl.so.23
#19 0.330 libisl.so.23.1.0
#19 0.330 libitm.so.1
#19 0.330 libitm.so.1.0.0
#19 0.330 libjbig.so.0
#19 0.330 libjpeg.so.8
#19 0.330 libjpeg.so.8.2.2
#19 0.330 libjsoncpp.so.1.9.5
#19 0.330 libjsoncpp.so.25
#19 0.330 libk5crypto.so.3
#19 0.330 libk5crypto.so.3.1
#19 0.330 libkeyutils.so.1
#19 0.330 libkeyutils.so.1.9
#19 0.330 libkrb5.so.3
#19 0.330 libkrb5.so.3.3
#19 0.330 libkrb5support.so.0
#19 0.330 libkrb5support.so.0.1
#19 0.330 liblber-2.5.so.0
#19 0.330 liblber-2.5.so.0.1.13
#19 0.330 libldap-2.5.so.0
#19 0.330 libldap-2.5.so.0.1.13
#19 0.330 liblsan.so.0
#19 0.330 liblsan.so.0.0.0
#19 0.330 liblz4.so.1
#19 0.330 liblz4.so.1.9.3
#19 0.330 liblzma.so.5
#19 0.330 liblzma.so.5.2.5
#19 0.330 libm-2.35.a
#19 0.330 libm.a
#19 0.330 libm.so
#19 0.330 libm.so.6
#19 0.330 libmcheck.a
#19 0.330 libmd.so.0
#19 0.330 libmd.so.0.0.5
#19 0.330 libmemusage.so
#19 0.330 libmenu.a
#19 0.330 libmenu.so
#19 0.330 libmenu.so.6
#19 0.330 libmenu.so.6.3
#19 0.330 libmenuw.a
#19 0.330 libmenuw.so
#19 0.330 libmenuw.so.6
#19 0.330 libmenuw.so.6.3
#19 0.330 libmfx-tracer.so.1
#19 0.330 libmfx-tracer.so.1.35
#19 0.330 libmfx.so.1
#19 0.330 libmfx.so.1.35
#19 0.330 libmfxhw64.so.1
#19 0.330 libmfxhw64.so.1.35
#19 0.330 libmount.so.1
#19 0.330 libmount.so.1.1.0
#19 0.330 libmp3lame.so.0
#19 0.330 libmp3lame.so.0.0.0
#19 0.330 libmpc.so.3
#19 0.330 libmpc.so.3.2.1
#19 0.330 libmpdec++.so.2.5.1
#19 0.330 libmpdec++.so.3
#19 0.330 libmpdec.so.2.5.1
#19 0.330 libmpdec.so.3
#19 0.330 libmpfr.so.6
#19 0.330 libmpfr.so.6.1.0
#19 0.330 libmpg123.so.0
#19 0.330 libmpg123.so.0.46.7
#19 0.330 libmvec.a
#19 0.330 libmvec.so
#19 0.330 libmvec.so.1
#19 0.330 libncurses++.a
#19 0.330 libncurses++w.a
#19 0.330 libncurses.a
#19 0.330 libncurses.so
#19 0.330 libncurses.so.6
#19 0.330 libncurses.so.6.3
#19 0.330 libncursesw.a
#19 0.330 libncursesw.so
#19 0.330 libncursesw.so.6
#19 0.330 libncursesw.so.6.3
#19 0.330 libnettle.so.8
#19 0.330 libnettle.so.8.4
#19 0.330 libnghttp2.so.14
#19 0.330 libnghttp2.so.14.20.1
#19 0.330 libnorm.so.1
#19 0.330 libnsl.a
#19 0.330 libnsl.so
#19 0.330 libnsl.so.1
#19 0.330 libnsl.so.2
#19 0.330 libnsl.so.2.0.1
#19 0.330 libnss_compat.so
#19 0.330 libnss_compat.so.2
#19 0.330 libnss_dns.so.2
#19 0.330 libnss_files.so.2
#19 0.330 libnss_hesiod.so
#19 0.330 libnss_hesiod.so.2
#19 0.330 libnuma.so.1
#19 0.330 libnuma.so.1.0.0
#19 0.330 libobjc.so.4
#19 0.330 libobjc.so.4.0.0
#19 0.330 libobjc_gc.so.4
#19 0.330 libobjc_gc.so.4.0.0
#19 0.330 libogg.so.0
#19 0.330 libogg.so.0.8.5
#19 0.330 libopcodes-2.38-system.so
#19 0.330 libopenjp2.so.2.4.0
#19 0.330 libopenjp2.so.7
#19 0.330 libopenmpt.so.0
#19 0.330 libopenmpt.so.0.3.3
#19 0.330 libopus.so.0
#19 0.330 libopus.so.0.8.0
#19 0.330 libp11-kit.so.0
#19 0.330 libp11-kit.so.0.3.0
#19 0.330 libpam.so.0
#19 0.330 libpam.so.0.85.1
#19 0.330 libpam_misc.so.0
#19 0.330 libpam_misc.so.0.82.1
#19 0.330 libpamc.so.0
#19 0.330 libpamc.so.0.82.1
#19 0.330 libpanel.a
#19 0.330 libpanel.so
#19 0.330 libpanel.so.6
#19 0.330 libpanel.so.6.3
#19 0.330 libpanelw.a
#19 0.330 libpanelw.so
#19 0.330 libpanelw.so.6
#19 0.330 libpanelw.so.6.3
#19 0.330 libpango-1.0.so.0
#19 0.330 libpango-1.0.so.0.5000.6
#19 0.330 libpangocairo-1.0.so.0
#19 0.330 libpangocairo-1.0.so.0.5000.6
#19 0.330 libpangoft2-1.0.so.0
#19 0.330 libpangoft2-1.0.so.0.5000.6
#19 0.330 libpciaccess.so.0
#19 0.330 libpciaccess.so.0.11.1
#19 0.330 libpcprofile.so
#19 0.330 libpcre.so.3
#19 0.330 libpcre.so.3.13.3
#19 0.330 libpcre2-8.so.0
#19 0.330 libpcre2-8.so.0.10.4
#19 0.330 libpcreposix.so.3
#19 0.330 libpcreposix.so.3.13.3
#19 0.330 libpfm.so.4
#19 0.330 libpfm.so.4.11.1
#19 0.330 libpgm-5.3.so.0
#19 0.330 libpgm-5.3.so.0.0.128
#19 0.330 libpipeline.so.1
#19 0.330 libpipeline.so.1.5.5
#19 0.330 libpixman-1.so.0
#19 0.330 libpixman-1.so.0.40.0
#19 0.330 libpng16.so.16
#19 0.330 libpng16.so.16.37.0
#19 0.330 libprocps.so.8
#19 0.330 libprocps.so.8.0.3
#19 0.330 libpsl.so.5
#19 0.330 libpsl.so.5.3.2
#19 0.330 libpthread.a
#19 0.330 libpthread.so.0
#19 0.330 libquadmath.so.0
#19 0.330 libquadmath.so.0.0.0
#19 0.330 librabbitmq.so.4
#19 0.330 librabbitmq.so.4.4.0
#19 0.330 libreadline.so.8
#19 0.330 libreadline.so.8.1
#19 0.330 libresolv.a
#19 0.330 libresolv.so
#19 0.330 libresolv.so.2
#19 0.330 librhash.so.0
#19 0.330 librsvg-2.so.2
#19 0.330 librsvg-2.so.2.48.0
#19 0.330 librt.a
#19 0.330 librt.so.1
#19 0.330 librtmp.so.1
#19 0.330 libsasl2.so.2
#19 0.330 libsasl2.so.2.0.25
#19 0.330 libseccomp.so.2
#19 0.330 libseccomp.so.2.5.3
#19 0.330 libselinux.so.1
#19 0.330 libsemanage.so.2
#19 0.330 libsepol.so.2
#19 0.330 libshine.so.3
#19 0.330 libshine.so.3.0.1
#19 0.330 libsmartcols.so.1
#19 0.330 libsmartcols.so.1.1.0
#19 0.330 libsnappy.so.1
#19 0.330 libsnappy.so.1.1.8
#19 0.330 libsodium.so.23
#19 0.330 libsodium.so.23.3.0
#19 0.330 libsoxr.so.0
#19 0.330 libsoxr.so.0.1.2
#19 0.330 libspeex.so.1
#19 0.330 libspeex.so.1.5.0
#19 0.330 libsqlite3.so.0
#19 0.330 libsqlite3.so.0.8.6
#19 0.330 libsrt-gnutls.so.1.4
#19 0.330 libsrt-gnutls.so.1.4.4
#19 0.330 libss.so.2
#19 0.330 libss.so.2.0
#19 0.330 libssh-gcrypt.so.4
#19 0.330 libssh-gcrypt.so.4.8.7
#19 0.330 libssh.so.4
#19 0.330 libssh.so.4.8.7
#19 0.330 libssl.so.3
#19 0.330 libstdc++.so.6
#19 0.330 libstdc++.so.6.0.30
#19 0.330 libswresample.a
#19 0.330 libswresample.so
#19 0.330 libswresample.so.3
#19 0.330 libswresample.so.3.9.100
#19 0.330 libswscale.a
#19 0.330 libswscale.so
#19 0.330 libswscale.so.5
#19 0.330 libswscale.so.5.9.100
#19 0.330 libsystemd.so.0
#19 0.330 libsystemd.so.0.32.0
#19 0.330 libtasn1.so.6
#19 0.330 libtasn1.so.6.6.2
#19 0.330 libtermcap.a
#19 0.330 libtermcap.so
#19 0.330 libthai.so.0
#19 0.330 libthai.so.0.3.1
#19 0.330 libtheora.so.0
#19 0.330 libtheora.so.0.3.10
#19 0.330 libtheoradec.so.1
#19 0.330 libtheoradec.so.1.1.4
#19 0.330 libtheoraenc.so.1
#19 0.330 libtheoraenc.so.1.1.2
#19 0.330 libthread_db.so
#19 0.330 libthread_db.so.1
#19 0.330 libtic.a
#19 0.330 libtic.so
#19 0.330 libtic.so.6
#19 0.330 libtic.so.6.3
#19 0.330 libtiff.so.5
#19 0.330 libtiff.so.5.7.0
#19 0.330 libtinfo.a
#19 0.330 libtinfo.so
#19 0.330 libtinfo.so.6
#19 0.330 libtinfo.so.6.3
#19 0.330 libtirpc.a
#19 0.330 libtirpc.so
#19 0.330 libtirpc.so.3
#19 0.330 libtirpc.so.3.0.0
#19 0.330 libtsan.so.0
#19 0.330 libtsan.so.0.0.0
#19 0.330 libtwolame.so.0
#19 0.330 libtwolame.so.0.0.0
#19 0.330 libubsan.so.1
#19 0.330 libubsan.so.1.0.0
#19 0.330 libudev.so.1
#19 0.330 libudev.so.1.7.2
#19 0.330 libudfread.so.0
#19 0.330 libudfread.so.0.1.0
#19 0.330 libunistring.so.2
#19 0.330 libunistring.so.2.2.0
#19 0.330 libutil.a
#19 0.330 libutil.so.1
#19 0.330 libuuid.so.1
#19 0.330 libuuid.so.1.3.0
#19 0.330 libuv.so.1
#19 0.330 libuv.so.1.0.0
#19 0.330 libva-drm.so.2
#19 0.330 libva-drm.so.2.1400.0
#19 0.330 libva-x11.so.2
#19 0.330 libva-x11.so.2.1400.0
#19 0.330 libva.so.2
#19 0.330 libva.so.2.1400.0
#19 0.330 libvdpau.so.1
#19 0.330 libvdpau.so.1.0.0
#19 0.330 libvorbis.so.0
#19 0.330 libvorbis.so.0.4.9
#19 0.330 libvorbisenc.so.2
#19 0.330 libvorbisenc.so.2.0.12
#19 0.330 libvorbisfile.so.3
#19 0.330 libvorbisfile.so.3.3.8
#19 0.330 libvpx.so.7
#19 0.330 libvpx.so.7.0
#19 0.330 libvpx.so.7.0.0
#19 0.330 libwebp.so.7
#19 0.330 libwebp.so.7.1.3
#19 0.330 libwebpmux.so.3
#19 0.330 libwebpmux.so.3.0.8
#19 0.330 libx264.so.163
#19 0.330 libx265.so.199
#19 0.330 libxcb-dri2.so.0
#19 0.330 libxcb-dri2.so.0.0.0
#19 0.330 libxcb-dri3.so.0
#19 0.330 libxcb-dri3.so.0.0.0
#19 0.330 libxcb-present.so.0
#19 0.330 libxcb-present.so.0.0.0
#19 0.330 libxcb-render.so.0
#19 0.330 libxcb-render.so.0.0.0
#19 0.330 libxcb-shm.so.0
#19 0.330 libxcb-shm.so.0.0.0
#19 0.330 libxcb-sync.so.1
#19 0.330 libxcb-sync.so.1.0.0
#19 0.330 libxcb-xfixes.so.0
#19 0.330 libxcb-xfixes.so.0.0.0
#19 0.330 libxcb.so.1
#19 0.330 libxcb.so.1.1.0
#19 0.330 libxml2.a
#19 0.330 libxml2.so
#19 0.330 libxml2.so.2
#19 0.330 libxml2.so.2.9.13
#19 0.330 libxshmfence.so.1
#19 0.330 libxshmfence.so.1.0.0
#19 0.330 libxvidcore.so.4
#19 0.330 libxvidcore.so.4.3
#19 0.330 libxxhash.so.0
#19 0.330 libxxhash.so.0.8.1
#19 0.330 libyaml-0.so.2
#19 0.330 libyaml-0.so.2.0.6
#19 0.330 libz.so.1
#19 0.330 libz.so.1.2.11
#19 0.330 libz3.so
#19 0.330 libz3.so.4
#19 0.330 libzmq.so.5
#19 0.330 libzmq.so.5.2.4
#19 0.330 libzstd.so.1
#19 0.330 libzstd.so.1.4.8
#19 0.330 libzvbi-chains.so.0
#19 0.330 libzvbi-chains.so.0.0.0
#19 0.330 libzvbi.so.0
#19 0.330 libzvbi.so.0.13.2
#19 0.330 mfx
#19 0.330 ossl-modules
#19 0.330 perl-base
#19 0.330 pkgconfig
#19 0.330 rcrt1.o
#19 0.330 sasl2
#19 0.330 security
#19 0.330 vdpau
#19 0.330 xml2Conf.sh
#19 0.330 + ls /opt/opencv/include
#19 0.331 opencv4
#19 0.331 + ls /opt/opencv/include/opencv4
#19 0.332 opencv2
#19 0.332 + ls /usr/include/x86_64-linux-gnu
#19 0.332 a.out.h
#19 0.332 asm
#19 0.332 bits
#19 0.332 c++
#19 0.332 ffi.h
#19 0.332 ffitarget.h
#19 0.332 fpu_control.h
#19 0.332 gnu
#19 0.332 ieee754.h
#19 0.332 libavcodec
#19 0.332 libavformat
#19 0.332 libavutil
#19 0.332 libswresample
#19 0.332 libswscale
#19 0.332 sys
#19 DONE 0.4s

#20 [test  8/11] RUN set -xeu && 	cd /root/oko/backend && 	cargo build
#20 0.444 + cd /root/oko/backend
#20 0.444 + cargo build
#20 0.505     Updating crates.io index
#20 2.583  Downloading crates ...
#20 2.897   Downloaded icu_provider_macros v1.5.0
#20 2.899   Downloaded foreign-types-shared v0.1.1
#20 2.910   Downloaded foreign-types v0.3.2
#20 2.928   Downloaded equivalent v1.0.1
#20 2.932   Downloaded tower-sessions-memory-store v0.13.0
#20 2.937   Downloaded tower-service v0.3.3
#20 2.938   Downloaded tower-layer v0.3.3
#20 2.947   Downloaded http-body v1.0.1
#20 2.961   Downloaded axum-login v0.16.0
#20 2.964   Downloaded tokio-macros v2.4.0
#20 2.966   Downloaded axum-core v0.4.5
#20 2.969   Downloaded atoi v2.0.0
#20 2.973   Downloaded autocfg v1.4.0
#20 2.977   Downloaded hex v0.4.3
#20 2.981   Downloaded idna_adapter v1.2.0
#20 2.983   Downloaded fastrand v2.3.0
#20 2.986   Downloaded dunce v1.0.5
#20 2.987   Downloaded digest v0.10.7
#20 2.990   Downloaded crossbeam-queue v0.3.11
#20 2.991   Downloaded cfg-if v1.0.0
#20 2.993   Downloaded matchers v0.1.0
#20 2.995   Downloaded httpdate v1.0.3
#20 2.997   Downloaded lazy_static v1.5.0
#20 3.001   Downloaded itoa v1.0.14
#20 3.003   Downloaded futures-sink v0.3.31
#20 3.005   Downloaded futures-core v0.3.31
#20 3.008   Downloaded rust-embed-impl v8.5.0
#20 3.010   Downloaded zerofrom v0.1.5
#20 3.011   Downloaded jobserver v0.1.32
#20 3.015   Downloaded home v0.5.9
#20 3.017   Downloaded hashlink v0.9.1
#20 3.020   Downloaded openssl-probe v0.1.5
#20 3.023   Downloaded openssl-macros v0.1.1
#20 3.024   Downloaded litemap v0.7.4
#20 3.030   Downloaded icu_normalizer v1.5.0
#20 3.038   Downloaded icu_provider v1.5.0
#20 3.045   Downloaded icu_properties v1.5.1
#20 3.050   Downloaded write16 v1.0.0
#20 3.054   Downloaded tinyvec_macros v0.1.1
#20 3.056   Downloaded tower-sessions-core v0.13.0
#20 3.059   Downloaded rust-embed-utils v8.5.0
#20 3.063   Downloaded thiserror v2.0.6
#20 3.072   Downloaded md-5 v0.10.6
#20 3.075   Downloaded version_check v0.9.5
#20 3.078   Downloaded hashbrown v0.15.2
#20 3.086   Downloaded time-core v0.1.2
#20 3.088   Downloaded serde_urlencoded v0.7.1
#20 3.092   Downloaded serde_path_to_error v0.1.16
#20 3.097   Downloaded sha1 v0.10.6
#20 3.103   Downloaded sync_wrapper v1.0.2
#20 3.106   Downloaded subtle v2.6.1
#20 3.109   Downloaded synstructure v0.13.1
#20 3.111   Downloaded paste v1.0.15
#20 3.116   Downloaded percent-encoding v2.3.1
#20 3.117   Downloaded parking v2.2.1
#20 3.119   Downloaded icu_properties_data v1.5.0
#20 3.133   Downloaded rand_core v0.6.4
#20 3.136   Downloaded syn v2.0.90
#20 3.155   Downloaded signal-hook-registry v1.4.2
#20 3.158   Downloaded thiserror v1.0.69
#20 3.166   Downloaded stable_deref_trait v1.2.0
#20 3.168   Downloaded rustix v0.38.42
#20 3.206   Downloaded sqlx-sqlite v0.8.2
#20 3.212   Downloaded rmp v0.8.14
#20 3.218   Downloaded sqlx-postgres v0.8.2
#20 3.228   Downloaded thiserror-impl v1.0.69
#20 3.230   Downloaded pkcs8 v0.10.2
#20 3.234   Downloaded pin-project-lite v0.2.15
#20 3.243   Downloaded log v0.4.22
#20 3.247   Downloaded libc v0.2.168
#20 3.291   Downloaded thiserror-impl v2.0.6
#20 3.294   Downloaded openssl-sys v0.9.104
#20 3.300   Downloaded tungstenite v0.24.0
#20 3.305   Downloaded rand v0.8.5
#20 3.309   Downloaded rsa v0.9.7
#20 3.317   Downloaded unicode_categories v0.1.1
#20 3.319   Downloaded minimal-lexical v0.2.1
#20 3.326   Downloaded memchr v2.7.4
#20 3.335   Downloaded url v2.5.4
#20 3.340   Downloaded tower v0.5.2
#20 3.357   Downloaded sqlx-core v0.8.2
#20 3.369   Downloaded time v0.3.37
#20 3.380   Downloaded zerocopy v0.7.35
#20 3.403   Downloaded tower-http v0.6.2
#20 3.427   Downloaded sqlx v0.8.2
#20 3.450   Downloaded tracing-subscriber v0.3.19
#20 3.461   Downloaded vcpkg v0.2.15
#20 3.524   Downloaded num-bigint-dig v0.8.4
#20 3.530   Downloaded nom v7.1.3
#20 3.538   Downloaded regex-syntax v0.6.29
#20 3.546   Downloaded regex v1.11.1
#20 3.567   Downloaded openssl v0.10.68
#20 3.581   Downloaded mio v1.0.3
#20 3.595   Downloaded regex-syntax v0.8.5
#20 3.608   Downloaded zerovec v0.10.4
#20 3.616   Downloaded unicode-normalization v0.1.24
#20 3.622   Downloaded regex-automata v0.1.10
#20 3.631   Downloaded opencv-binding-generator v0.93.0
#20 3.647   Downloaded tokio-util v0.7.13
#20 3.657   Downloaded tracing v0.1.41
#20 3.664   Downloaded unicode-properties v0.1.3
#20 3.668   Downloaded unicode-bidi v0.3.17
#20 3.672   Downloaded typenum v1.17.0
#20 3.676   Downloaded tracing-core v0.1.33
#20 3.681   Downloaded sqlx-macros-core v0.8.2
#20 3.684   Downloaded smallvec v1.13.2
#20 3.688   Downloaded rmp-serde v1.3.0
#20 3.691   Downloaded proc-macro2 v1.0.92
#20 3.696   Downloaded regex-automata v0.4.9
#20 3.717   Downloaded parking_lot v0.12.3
#20 3.720   Downloaded num-traits v0.2.19
#20 3.723   Downloaded unicode-ident v1.0.14
#20 3.728   Downloaded tracing-attributes v0.1.28
#20 3.731   Downloaded num-iter v0.1.45
#20 3.733   Downloaded tokio v1.42.0
#20 3.786   Downloaded zerocopy-derive v0.7.35
#20 3.792   Downloaded quote v1.0.37
#20 3.796   Downloaded pkcs1 v0.7.5
#20 3.800   Downloaded password-hash v0.5.0
#20 3.803   Downloaded parking_lot_core v0.9.10
#20 3.806   Downloaded once_cell v1.20.2
#20 3.810   Downloaded native-tls v0.2.12
#20 3.813   Downloaded mime_guess v2.0.5
#20 3.815   Downloaded rust-embed v8.5.0
#20 3.825   Downloaded mime v0.3.17
#20 3.827   Downloaded matchit v0.7.3
#20 3.830   Downloaded sqlformat v0.2.6
#20 3.832   Downloaded sqlx-mysql v0.8.2
#20 3.840   Downloaded yoke v0.7.5
#20 3.843   Downloaded walkdir v2.5.0
#20 3.846   Downloaded tower-sessions v0.13.0
#20 3.849   Downloaded linux-raw-sys v0.4.14
#20 3.900   Downloaded stringprep v0.1.5
#20 3.903   Downloaded thread_local v1.1.8
#20 3.905   Downloaded tempfile v3.14.0
#20 3.910   Downloaded tower-sessions-sqlx-store v0.14.2
#20 3.912   Downloaded shlex v1.3.0
#20 3.914   Downloaded sqlx-macros v0.8.2
#20 3.915   Downloaded rand_chacha v0.3.1
#20 3.917   Downloaded pem-rfc7468 v0.7.0
#20 3.920   Downloaded zerovec-derive v0.10.3
#20 3.922   Downloaded whoami v1.5.2
#20 3.925   Downloaded utf16_iter v1.0.5
#20 3.927   Downloaded tower-cookies v0.10.0
#20 3.929   Downloaded pkg-config v0.3.31
#20 3.932   Downloaded password-auth v1.0.0
#20 3.933   Downloaded powerfmt v0.2.0
#20 3.934   Downloaded pin-utils v0.1.0
#20 3.936   Downloaded num-integer v0.1.46
#20 3.939   Downloaded chrono v0.4.39
#20 3.947   Downloaded ppv-lite86 v0.2.20
#20 3.949   Downloaded sha2 v0.10.8
#20 3.953   Downloaded serde_derive v1.0.216
#20 3.956   Downloaded serde v1.0.216
#20 3.960   Downloaded semver v1.0.23
#20 3.963   Downloaded tinyvec v1.8.0
#20 3.967   Downloaded spin v0.9.8
#20 3.971   Downloaded socket2 v0.5.8
#20 3.974   Downloaded time-macros v0.2.19
#20 3.977   Downloaded spki v0.7.3
#20 3.980   Downloaded hkdf v0.12.4
#20 3.984   Downloaded opencv v0.93.5
#20 4.030   Downloaded axum-embed v0.1.0
#20 4.039   Downloaded futures-util v0.3.31
#20 4.054   Downloaded scopeguard v1.2.0
#20 4.056   Downloaded same-file v1.0.6
#20 4.058   Downloaded rustversion v1.0.18
#20 4.061   Downloaded signature v2.2.0
#20 4.063   Downloaded serde_json v1.0.133
#20 4.072   Downloaded aho-corasick v1.1.3
#20 4.079   Downloaded tinystr v0.7.6
#20 4.082   Downloaded slab v0.4.9
#20 4.084   Downloaded hashbrown v0.14.5
#20 4.090   Downloaded axum v0.7.9
#20 4.101   Downloaded hyper v1.5.1
#20 4.110   Downloaded yoke-derive v0.7.5
#20 4.111   Downloaded writeable v0.5.5
#20 4.114   Downloaded utf-8 v0.7.6
#20 4.116   Downloaded idna v1.0.3
#20 4.120   Downloaded libm v0.2.11
#20 4.129   Downloaded http v1.2.0
#20 4.134   Downloaded flume v0.11.1
#20 4.138   Downloaded cc v1.2.3
#20 4.143   Downloaded sharded-slab v0.1.7
#20 4.147   Downloaded zeroize v1.8.1
#20 4.149   Downloaded zerofrom-derive v0.1.5
#20 4.150   Downloaded utf8_iter v1.0.4
#20 4.152   Downloaded unicase v2.8.0
#20 4.154   Downloaded der v0.7.9
#20 4.160   Downloaded hyper-util v0.1.10
#20 4.167   Downloaded futures-intrusive v0.5.0
#20 4.173   Downloaded base64 v0.22.1
#20 4.178   Downloaded indexmap v2.7.0
#20 4.184   Downloaded bitflags v2.6.0
#20 4.189   Downloaded ryu v1.0.18
#20 4.194   Downloaded tokio-tungstenite v0.24.0
#20 4.197   Downloaded tokio-stream v0.1.17
#20 4.203   Downloaded tokio-native-tls v0.3.1
#20 4.206   Downloaded lock_api v0.4.12
#20 4.208   Downloaded icu_collections v1.5.0
#20 4.217   Downloaded urlencoding v2.1.3
#20 4.218   Downloaded clang v2.0.0
#20 4.222   Downloaded icu_normalizer_data v1.5.0
#20 4.225   Downloaded icu_locid v1.5.0
#20 4.232   Downloaded event-listener v5.3.1
#20 4.235   Downloaded cookie v0.18.1
#20 4.239   Downloaded bytes v1.9.0
#20 4.244   Downloaded blake2 v0.10.6
#20 4.248   Downloaded allocator-api2 v0.2.21
#20 4.251   Downloaded icu_locid_transform_data v1.5.0
#20 4.253   Downloaded hmac v0.12.1
#20 4.256   Downloaded futures v0.3.31
#20 4.261   Downloaded crossbeam-utils v0.8.20
#20 4.265   Downloaded const-oid v0.9.6
#20 4.267   Downloaded clang-sys v1.8.1
#20 4.270   Downloaded ahash v0.8.11
#20 4.273   Downloaded getrandom v0.2.15
#20 4.277   Downloaded iana-time-zone v0.1.61
#20 4.280   Downloaded icu_locid_transform v1.5.0
#20 4.283   Downloaded num-conv v0.1.0
#20 4.284   Downloaded futures-channel v0.3.31
#20 4.286   Downloaded displaydoc v0.2.5
#20 4.291   Downloaded glob v0.3.1
#20 4.293   Downloaded generic-array v0.14.7
#20 4.295   Downloaded futures-io v0.3.31
#20 4.297   Downloaded base64ct v1.6.0
#20 4.301   Downloaded httparse v1.9.5
#20 4.305   Downloaded argon2 v0.5.3
#20 4.308   Downloaded either v1.13.0
#20 4.310   Downloaded async-trait v0.1.83
#20 4.315   Downloaded form_urlencoded v1.2.1
#20 4.317   Downloaded byteorder v1.5.0
#20 4.319   Downloaded crc-catalog v2.4.0
#20 4.322   Downloaded block-buffer v0.10.4
#20 4.324   Downloaded futures-task v0.3.31
#20 4.325   Downloaded concurrent-queue v2.5.0
#20 4.328   Downloaded http-range-header v0.4.2
#20 4.329   Downloaded http-body-util v0.1.2
#20 4.332   Downloaded heck v0.5.0
#20 4.334   Downloaded futures-macro v0.3.31
#20 4.335   Downloaded errno v0.3.10
#20 4.337   Downloaded deranged v0.3.11
#20 4.339   Downloaded data-encoding v2.6.0
#20 4.341   Downloaded crc v3.2.1
#20 4.346   Downloaded cpufeatures v0.2.16
#20 4.348   Downloaded futures-executor v0.3.31
#20 4.350   Downloaded fnv v1.0.7
#20 4.351   Downloaded dotenvy v0.15.7
#20 4.356   Downloaded crypto-common v0.1.6
#20 4.358   Downloaded libsqlite3-sys v0.30.1
#20 4.572    Compiling proc-macro2 v1.0.92
#20 4.572    Compiling unicode-ident v1.0.14
#20 4.572    Compiling autocfg v1.4.0
#20 4.572    Compiling libc v0.2.168
#20 4.572    Compiling cfg-if v1.0.0
#20 4.574    Compiling version_check v0.9.5
#20 4.576    Compiling memchr v2.7.4
#20 4.578    Compiling futures-core v0.3.31
#20 4.578    Compiling pin-project-lite v0.2.15
#20 4.579    Compiling typenum v1.17.0
#20 4.582    Compiling itoa v1.0.14
#20 4.584    Compiling bytes v1.9.0
#20 4.586    Compiling once_cell v1.20.2
#20 4.588    Compiling pin-utils v0.1.0
#20 4.592    Compiling futures-task v0.3.31
#20 4.592    Compiling futures-io v0.3.31
#20 4.632    Compiling cpufeatures v0.2.16
#20 4.643    Compiling serde v1.0.216
#20 4.649    Compiling futures-sink v0.3.31
#20 4.671    Compiling stable_deref_trait v1.2.0
#20 4.681    Compiling percent-encoding v2.3.1
#20 4.712    Compiling scopeguard v1.2.0
#20 4.733    Compiling subtle v2.6.1
#20 4.737    Compiling byteorder v1.5.0
#20 4.744    Compiling writeable v0.5.5
#20 4.768    Compiling litemap v0.7.4
#20 4.777    Compiling parking_lot_core v0.9.10
#20 4.849    Compiling smallvec v1.13.2
#20 4.866    Compiling powerfmt v0.2.0
#20 4.869    Compiling icu_locid_transform_data v1.5.0
#20 4.916    Compiling log v0.4.22
#20 4.923    Compiling thiserror v1.0.69
#20 4.988    Compiling generic-array v0.14.7
#20 5.001    Compiling num-conv v0.1.0
#20 5.007    Compiling ryu v1.0.18
#20 5.037    Compiling fnv v1.0.7
#20 5.068    Compiling icu_properties_data v1.5.0
#20 5.073    Compiling slab v0.4.9
#20 5.091    Compiling time-core v0.1.2
#20 5.100    Compiling write16 v1.0.0
#20 5.111    Compiling serde_json v1.0.133
#20 5.132    Compiling utf8_iter v1.0.4
#20 5.139    Compiling http v1.2.0
#20 5.145    Compiling icu_normalizer_data v1.5.0
#20 5.168    Compiling utf16_iter v1.0.5
#20 5.200    Compiling time-macros v0.2.19
#20 5.220    Compiling lock_api v0.4.12
#20 5.249    Compiling ahash v0.8.11
#20 5.255    Compiling tracing-core v0.1.33
#20 5.281    Compiling form_urlencoded v1.2.1
#20 5.290    Compiling shlex v1.3.0
#20 5.317    Compiling crossbeam-utils v0.8.20
#20 5.373    Compiling num-traits v0.2.19
#20 5.467    Compiling futures-channel v0.3.31
#20 5.506    Compiling pkg-config v0.3.31
#20 5.588    Compiling tower-service v0.3.3
#20 5.595    Compiling allocator-api2 v0.2.21
#20 5.605    Compiling vcpkg v0.2.15
#20 5.638    Compiling paste v1.0.15
#20 5.682    Compiling rustversion v1.0.18
#20 5.710    Compiling quote v1.0.37
#20 5.756    Compiling mime v0.3.17
#20 5.830    Compiling tower-layer v0.3.3
#20 5.989    Compiling syn v2.0.90
#20 5.996    Compiling socket2 v0.5.8
#20 6.016    Compiling mio v1.0.3
#20 6.031    Compiling signal-hook-registry v1.4.2
#20 6.040    Compiling getrandom v0.2.15
#20 6.096    Compiling jobserver v0.1.32
#20 6.218    Compiling rand_core v0.6.4
#20 6.241    Compiling http-body v1.0.1
#20 6.368    Compiling cc v1.2.3
#20 6.473    Compiling minimal-lexical v0.2.1
#20 6.513    Compiling sync_wrapper v1.0.2
#20 6.567    Compiling concurrent-queue v2.5.0
#20 6.634    Compiling parking v2.2.1
#20 6.648    Compiling hashbrown v0.15.2
#20 6.661    Compiling zerocopy v0.7.35
#20 6.858    Compiling nom v7.1.3
#20 6.886    Compiling unicode_categories v0.1.1
#20 6.897    Compiling crc-catalog v2.4.0
#20 6.897    Compiling equivalent v1.0.1
#20 6.908    Compiling event-listener v5.3.1
#20 6.951    Compiling crossbeam-queue v0.3.11
#20 6.960    Compiling crc v3.2.1
#20 7.005    Compiling httparse v1.9.5
#20 7.073    Compiling base64 v0.22.1
#20 7.093    Compiling crypto-common v0.1.6
#20 7.118    Compiling block-buffer v0.10.4
#20 7.128    Compiling glob v0.3.1
#20 7.205    Compiling hex v0.4.3
#20 7.250    Compiling digest v0.10.7
#20 7.386    Compiling hashbrown v0.14.5
#20 7.389    Compiling parking_lot v0.12.3
#20 7.462    Compiling sha2 v0.10.8
#20 7.485    Compiling indexmap v2.7.0
#20 7.503    Compiling futures-util v0.3.31
#20 7.520    Compiling tokio v1.42.0
#20 7.546    Compiling deranged v0.3.11
#20 7.561    Compiling rustix v0.38.42
#20 7.607    Compiling clang-sys v1.8.1
#20 7.991    Compiling futures-intrusive v0.5.0
#20 8.185    Compiling spin v0.9.8
#20 8.197    Compiling aho-corasick v1.1.3
#20 8.222    Compiling linux-raw-sys v0.4.14
#20 8.268    Compiling hashlink v0.9.1
#20 8.373    Compiling atoi v2.0.0
#20 8.395    Compiling regex-syntax v0.8.5
#20 8.412    Compiling same-file v1.0.6
#20 8.444    Compiling bitflags v2.6.0
#20 8.460    Compiling flume v0.11.1
#20 8.504    Compiling cookie v0.18.1
#20 8.568    Compiling time v0.3.37
#20 8.593    Compiling walkdir v2.5.0
#20 8.656    Compiling httpdate v1.0.3
#20 8.668    Compiling semver v1.0.23
#20 8.700    Compiling unicase v2.8.0
#20 8.810    Compiling fastrand v2.3.0
#20 8.862    Compiling hmac v0.12.1
#20 8.960    Compiling mime_guess v2.0.5
#20 8.969    Compiling sha1 v0.10.6
#20 9.050    Compiling heck v0.5.0
#20 9.070    Compiling libsqlite3-sys v0.30.1
#20 9.112    Compiling clang v2.0.0
#20 9.129    Compiling data-encoding v2.6.0
#20 9.141    Compiling utf-8 v0.7.6
#20 9.266    Compiling dunce v1.0.5
#20 9.296    Compiling dotenvy v0.15.7
#20 9.326    Compiling rust-embed-utils v8.5.0
#20 9.565    Compiling sqlformat v0.2.6
#20 9.686    Compiling base64ct v1.6.0
#20 9.687    Compiling regex-syntax v0.6.29
#20 10.24    Compiling password-hash v0.5.0
#20 10.30    Compiling blake2 v0.10.6
#20 10.89    Compiling rmp v0.8.14
#20 10.93    Compiling thiserror v2.0.6
#20 10.96    Compiling iana-time-zone v0.1.61
#20 10.98    Compiling matchit v0.7.3
#20 11.22    Compiling lazy_static v1.5.0
#20 11.31    Compiling sharded-slab v0.1.7
#20 11.33    Compiling chrono v0.4.39
#20 11.35    Compiling argon2 v0.5.3
#20 11.38    Compiling thread_local v1.1.8
#20 11.39    Compiling urlencoding v2.1.3
#20 11.57    Compiling regex-automata v0.4.9
#20 11.65    Compiling tempfile v3.14.0
#20 11.66    Compiling http-range-header v0.4.2
#20 12.05    Compiling oko v0.1.2 (/root/oko/backend)
#20 12.15    Compiling futures-executor v0.3.31
#20 12.15    Compiling password-auth v1.0.0
#20 12.30    Compiling synstructure v0.13.1
#20 12.47    Compiling regex-automata v0.1.10
#20 13.32    Compiling serde_derive v1.0.216
#20 13.32    Compiling zerofrom-derive v0.1.5
#20 13.32    Compiling yoke-derive v0.7.5
#20 13.32    Compiling zerovec-derive v0.10.3
#20 13.33    Compiling futures-macro v0.3.31
#20 13.33    Compiling displaydoc v0.2.5
#20 13.33    Compiling zerocopy-derive v0.7.35
#20 13.37    Compiling icu_provider_macros v1.5.0
#20 13.45    Compiling tokio-macros v2.4.0
#20 13.76    Compiling thiserror-impl v1.0.69
#20 14.43    Compiling tracing-attributes v0.1.28
#20 14.64    Compiling async-trait v0.1.83
#20 14.79    Compiling tokio-stream v0.1.17
#20 15.38    Compiling regex v1.11.1
#20 15.54    Compiling rust-embed-impl v8.5.0
#20 15.65    Compiling matchers v0.1.0
#20 15.73    Compiling zerofrom v0.1.5
#20 15.77    Compiling thiserror-impl v2.0.6
#20 15.84    Compiling ppv-lite86 v0.2.20
#20 15.86    Compiling yoke v0.7.5
#20 16.05    Compiling zerovec v0.10.4
#20 16.17    Compiling opencv-binding-generator v0.93.0
#20 16.32    Compiling rand_chacha v0.3.1
#20 16.61    Compiling rand v0.8.5
#20 16.90    Compiling tracing v0.1.41
#20 16.92    Compiling rust-embed v8.5.0
#20 17.14    Compiling tracing-subscriber v0.3.19
#20 17.30    Compiling tinystr v0.7.6
#20 17.30    Compiling icu_collections v1.5.0
#20 17.42    Compiling icu_locid v1.5.0
#20 17.44    Compiling tungstenite v0.24.0
#20 17.93    Compiling icu_provider v1.5.0
#20 18.26    Compiling icu_locid_transform v1.5.0
#20 18.44    Compiling http-body-util v0.1.2
#20 18.44    Compiling futures v0.3.31
#20 18.64    Compiling axum-core v0.4.5
#20 18.92    Compiling icu_properties v1.5.1
#20 19.93    Compiling opencv v0.93.5
#20 19.95    Compiling hyper v1.5.1
#20 19.95    Compiling tokio-tungstenite v0.24.0
#20 19.95    Compiling tower v0.5.2
#20 19.95    Compiling tokio-util v0.7.13
#20 20.40    Compiling tower-http v0.6.2
#20 20.51    Compiling either v1.13.0
#20 20.51    Compiling serde_urlencoded v0.7.1
#20 20.77    Compiling serde_path_to_error v0.1.16
#20 20.77    Compiling rmp-serde v1.3.0
#20 20.86    Compiling icu_normalizer v1.5.0
#20 21.03    Compiling hyper-util v0.1.10
#20 21.27    Compiling axum-embed v0.1.0
#20 21.53    Compiling idna_adapter v1.2.0
#20 21.62    Compiling idna v1.0.3
#20 21.89    Compiling axum v0.7.9
#20 21.98    Compiling url v2.5.4
#20 22.44    Compiling sqlx-core v0.8.2
#20 23.15    Compiling tower-sessions-core v0.13.0
#20 23.44    Compiling tower-cookies v0.10.0
#20 23.67    Compiling tower-sessions-memory-store v0.13.0
#20 23.77    Compiling tower-sessions v0.13.0
#20 24.40    Compiling sqlx-sqlite v0.8.2
#20 25.20    Compiling axum-login v0.16.0
#20 25.85    Compiling sqlx-macros-core v0.8.2
#20 26.79    Compiling sqlx-macros v0.8.2
#20 28.51    Compiling sqlx v0.8.2
#20 28.58    Compiling tower-sessions-sqlx-store v0.14.2
#20 46.53     Finished `dev` profile [unoptimized + debuginfo] target(s) in 45.68s
#20 DONE 47.1s

#21 [test  9/11] RUN set -xeu &&     DEBIAN_FRONTEND=noninteractive apt-get install -y libasound2 libatk-bridge2.0-0 libatk1.0-0 	libatspi2.0-0 libcairo2 libcups2 libdbus-1-3 libdrm2 libgbm1 libglib2.0-0 libnspr4 libnss3 	libpango-1.0-0 libwayland-client0 libx11-6 libxcb1 libxcomposite1 libxdamage1 libxext6 	libxfixes3 libxkbcommon0 libxrandr2 	pkg-config libssl-dev
#21 0.341 + DEBIAN_FRONTEND=noninteractive apt-get install -y libasound2 libatk-bridge2.0-0 libatk1.0-0 libatspi2.0-0 libcairo2 libcups2 libdbus-1-3 libdrm2 libgbm1 libglib2.0-0 libnspr4 libnss3 libpango-1.0-0 libwayland-client0 libx11-6 libxcb1 libxcomposite1 libxdamage1 libxext6 libxfixes3 libxkbcommon0 libxrandr2 pkg-config libssl-dev
#21 0.381 Reading package lists...
#21 1.237 Building dependency tree...
#21 1.422 Reading state information...
#21 1.605 libcairo2 is already the newest version (1.16.0-5ubuntu2).
#21 1.605 libcairo2 set to manually installed.
#21 1.605 libxcb1 is already the newest version (1.14-3ubuntu3).
#21 1.605 libxcb1 set to manually installed.
#21 1.605 libxext6 is already the newest version (2:1.3.4-1build1).
#21 1.605 libxext6 set to manually installed.
#21 1.605 libxfixes3 is already the newest version (1:6.0.0-1).
#21 1.605 libxfixes3 set to manually installed.
#21 1.605 libdrm2 is already the newest version (2.4.113-2~ubuntu0.22.04.1).
#21 1.605 libdrm2 set to manually installed.
#21 1.605 libglib2.0-0 is already the newest version (2.72.4-0ubuntu2.4).
#21 1.605 libglib2.0-0 set to manually installed.
#21 1.605 libpango-1.0-0 is already the newest version (1.50.6+ds-2ubuntu1).
#21 1.605 libpango-1.0-0 set to manually installed.
#21 1.605 libx11-6 is already the newest version (2:1.7.5-1ubuntu0.3).
#21 1.605 libx11-6 set to manually installed.
#21 1.605 The following additional packages will be installed:
#21 1.605   alsa-topology-conf alsa-ucm-conf at-spi2-core bzip2 dbus dbus-user-session
#21 1.605   dconf-gsettings-backend dconf-service dmsetup gir1.2-glib-2.0
#21 1.605   gsettings-desktop-schemas libapparmor1 libargon2-1 libasound2-data
#21 1.605   libatk1.0-data libavahi-client3 libavahi-common-data libavahi-common3
#21 1.605   libcryptsetup12 libdconf1 libdevmapper1.02.1 libdpkg-perl
#21 1.605   libfile-fcntllock-perl libgdbm-compat4 libgdbm6 libgirepository-1.0-1
#21 1.605   libip4tc2 libjson-c5 libkmod2 liblocale-gettext-perl libnss-systemd
#21 1.605   libpam-systemd libperl5.34 libwayland-server0 libxcb-randr0 libxi6 libxtst6
#21 1.606   netbase networkd-dispatcher perl perl-modules-5.34 python3-dbus python3-gi
#21 1.606   session-migration systemd systemd-sysv systemd-timesyncd x11-common xkb-data
#21 1.606   xz-utils
#21 1.607 Suggested packages:
#21 1.607   bzip2-doc libasound2-plugins alsa-utils cups-common debian-keyring gnupg
#21 1.607   patch git bzr gdbm-l10n libssl-doc iw | wireless-tools perl-doc
#21 1.607   libterm-readline-gnu-perl | libterm-readline-perl-perl
#21 1.607   libtap-harness-archive-perl dpkg-dev python-dbus-doc systemd-container
#21 1.607   libfido2-1 libtss2-esys-3.0.2-0 libtss2-mu0 libtss2-rc0 policykit-1
#21 1.688 The following NEW packages will be installed:
#21 1.688   alsa-topology-conf alsa-ucm-conf at-spi2-core bzip2 dbus dbus-user-session
#21 1.688   dconf-gsettings-backend dconf-service dmsetup gir1.2-glib-2.0
#21 1.688   gsettings-desktop-schemas libapparmor1 libargon2-1 libasound2
#21 1.688   libasound2-data libatk-bridge2.0-0 libatk1.0-0 libatk1.0-data libatspi2.0-0
#21 1.688   libavahi-client3 libavahi-common-data libavahi-common3 libcryptsetup12
#21 1.688   libcups2 libdbus-1-3 libdconf1 libdevmapper1.02.1 libdpkg-perl
#21 1.688   libfile-fcntllock-perl libgbm1 libgdbm-compat4 libgdbm6
#21 1.688   libgirepository-1.0-1 libip4tc2 libjson-c5 libkmod2 liblocale-gettext-perl
#21 1.688   libnspr4 libnss-systemd libnss3 libpam-systemd libperl5.34 libssl-dev
#21 1.688   libwayland-client0 libwayland-server0 libxcb-randr0 libxcomposite1
#21 1.689   libxdamage1 libxi6 libxkbcommon0 libxrandr2 libxtst6 netbase
#21 1.689   networkd-dispatcher perl perl-modules-5.34 pkg-config python3-dbus
#21 1.689   python3-gi session-migration systemd systemd-sysv systemd-timesyncd
#21 1.689   x11-common xkb-data xz-utils
#21 1.812 0 upgraded, 66 newly installed, 0 to remove and 0 not upgraded.
#21 1.812 Need to get 20.8 MB of archives.
#21 1.812 After this operation, 103 MB of additional disk space will be used.
#21 1.812 Get:1 http://archive.ubuntu.com/ubuntu jammy/main amd64 liblocale-gettext-perl amd64 1.07-4build3 [17.1 kB]
#21 1.877 Get:2 http://archive.ubuntu.com/ubuntu jammy-updates/main amd64 libapparmor1 amd64 3.0.4-2ubuntu2.4 [39.7 kB]
#21 1.906 Get:3 http://archive.ubuntu.com/ubuntu jammy/main amd64 libargon2-1 amd64 0~20171227-0.3 [19.5 kB]
#21 1.926 Get:4 http://archive.ubuntu.com/ubuntu jammy/main amd64 libdevmapper1.02.1 amd64 2:1.02.175-2.1ubuntu4 [139 kB]
#21 1.977 Get:5 http://archive.ubuntu.com/ubuntu jammy-updates/main amd64 libjson-c5 amd64 0.15-3~ubuntu1.22.04.2 [33.5 kB]
#21 1.983 Get:6 http://archive.ubuntu.com/ubuntu jammy-updates/main amd64 libcryptsetup12 amd64 2:2.4.3-1ubuntu1.2 [211 kB]
#21 2.012 Get:7 http://archive.ubuntu.com/ubuntu jammy-updates/main amd64 libip4tc2 amd64 1.8.7-1ubuntu5.2 [19.9 kB]
#21 2.014 Get:8 http://archive.ubuntu.com/ubuntu jammy/main amd64 libkmod2 amd64 29-1ubuntu1 [48.0 kB]
#21 2.018 Get:9 http://archive.ubuntu.com/ubuntu jammy-updates/main amd64 systemd amd64 249.11-0ubuntu3.12 [4581 kB]
#21 2.167 Get:10 http://archive.ubuntu.com/ubuntu jammy-updates/main amd64 systemd-sysv amd64 249.11-0ubuntu3.12 [10.5 kB]
#21 2.167 Get:11 http://archive.ubuntu.com/ubuntu jammy-updates/main amd64 perl-modules-5.34 all 5.34.0-3ubuntu1.3 [2976 kB]
#21 2.216 Get:12 http://archive.ubuntu.com/ubuntu jammy/main amd64 libgdbm6 amd64 1.23-1 [33.9 kB]
#21 2.217 Get:13 http://archive.ubuntu.com/ubuntu jammy/main amd64 libgdbm-compat4 amd64 1.23-1 [6606 B]
#21 2.217 Get:14 http://archive.ubuntu.com/ubuntu jammy-updates/main amd64 libperl5.34 amd64 5.34.0-3ubuntu1.3 [4820 kB]
#21 2.301 Get:15 http://archive.ubuntu.com/ubuntu jammy-updates/main amd64 perl amd64 5.34.0-3ubuntu1.3 [232 kB]
#21 2.305 Get:16 http://archive.ubuntu.com/ubuntu jammy-updates/main amd64 libdbus-1-3 amd64 1.12.20-2ubuntu4.1 [189 kB]
#21 2.308 Get:17 http://archive.ubuntu.com/ubuntu jammy-updates/main amd64 dbus amd64 1.12.20-2ubuntu4.1 [158 kB]
#21 2.311 Get:18 http://archive.ubuntu.com/ubuntu jammy/main amd64 dmsetup amd64 2:1.02.175-2.1ubuntu4 [81.7 kB]
#21 2.313 Get:19 http://archive.ubuntu.com/ubuntu jammy/main amd64 libgirepository-1.0-1 amd64 1.72.0-1 [55.6 kB]
#21 2.314 Get:20 http://archive.ubuntu.com/ubuntu jammy/main amd64 gir1.2-glib-2.0 amd64 1.72.0-1 [164 kB]
#21 2.318 Get:21 http://archive.ubuntu.com/ubuntu jammy-updates/main amd64 libnss-systemd amd64 249.11-0ubuntu3.12 [133 kB]
#21 2.320 Get:22 http://archive.ubuntu.com/ubuntu jammy-updates/main amd64 libpam-systemd amd64 249.11-0ubuntu3.12 [203 kB]
#21 2.323 Get:23 http://archive.ubuntu.com/ubuntu jammy/main amd64 netbase all 6.3 [12.9 kB]
#21 2.335 Get:24 http://archive.ubuntu.com/ubuntu jammy/main amd64 python3-dbus amd64 1.2.18-3build1 [99.5 kB]
#21 2.336 Get:25 http://archive.ubuntu.com/ubuntu jammy-updates/main amd64 python3-gi amd64 3.42.1-0ubuntu1 [229 kB]
#21 2.341 Get:26 http://archive.ubuntu.com/ubuntu jammy-updates/main amd64 networkd-dispatcher all 2.1-2ubuntu0.22.04.2 [15.8 kB]
#21 2.346 Get:27 http://archive.ubuntu.com/ubuntu jammy-updates/main amd64 systemd-timesyncd amd64 249.11-0ubuntu3.12 [31.2 kB]
#21 2.347 Get:28 http://archive.ubuntu.com/ubuntu jammy/main amd64 xkb-data all 2.33-1 [394 kB]
#21 2.355 Get:29 http://archive.ubuntu.com/ubuntu jammy/main amd64 xz-utils amd64 5.2.5-2ubuntu1 [84.8 kB]
#21 2.356 Get:30 http://archive.ubuntu.com/ubuntu jammy/main amd64 alsa-topology-conf all 1.2.5.1-2 [15.5 kB]
#21 2.357 Get:31 http://archive.ubuntu.com/ubuntu jammy/main amd64 libasound2-data all 1.2.6.1-1ubuntu1 [19.1 kB]
#21 2.358 Get:32 http://archive.ubuntu.com/ubuntu jammy/main amd64 libasound2 amd64 1.2.6.1-1ubuntu1 [390 kB]
#21 2.363 Get:33 http://archive.ubuntu.com/ubuntu jammy-updates/main amd64 alsa-ucm-conf all 1.2.6.3-1ubuntu1.12 [43.5 kB]
#21 2.372 Get:34 http://archive.ubuntu.com/ubuntu jammy/main amd64 libxi6 amd64 2:1.8-1build1 [32.6 kB]
#21 2.373 Get:35 http://archive.ubuntu.com/ubuntu jammy/main amd64 libatspi2.0-0 amd64 2.44.0-3 [80.9 kB]
#21 2.378 Get:36 http://archive.ubuntu.com/ubuntu jammy/main amd64 x11-common all 1:7.7+23ubuntu2 [23.4 kB]
#21 2.378 Get:37 http://archive.ubuntu.com/ubuntu jammy/main amd64 libxtst6 amd64 2:1.2.3-1build4 [13.4 kB]
#21 2.391 Get:38 http://archive.ubuntu.com/ubuntu jammy-updates/main amd64 dbus-user-session amd64 1.12.20-2ubuntu4.1 [9442 B]
#21 2.392 Get:39 http://archive.ubuntu.com/ubuntu jammy/main amd64 libdconf1 amd64 0.40.0-3 [40.5 kB]
#21 2.393 Get:40 http://archive.ubuntu.com/ubuntu jammy/main amd64 dconf-service amd64 0.40.0-3 [28.5 kB]
#21 2.393 Get:41 http://archive.ubuntu.com/ubuntu jammy/main amd64 dconf-gsettings-backend amd64 0.40.0-3 [22.8 kB]
#21 2.396 Get:42 http://archive.ubuntu.com/ubuntu jammy/main amd64 session-migration amd64 0.3.6 [9774 B]
#21 2.397 Get:43 http://archive.ubuntu.com/ubuntu jammy/main amd64 gsettings-desktop-schemas all 42.0-1ubuntu1 [31.1 kB]
#21 2.408 Get:44 http://archive.ubuntu.com/ubuntu jammy/main amd64 at-spi2-core amd64 2.44.0-3 [54.4 kB]
#21 2.409 Get:45 http://archive.ubuntu.com/ubuntu jammy/main amd64 bzip2 amd64 1.0.8-5build1 [34.8 kB]
#21 2.410 Get:46 http://archive.ubuntu.com/ubuntu jammy/main amd64 libatk1.0-data all 2.36.0-3build1 [2824 B]
#21 2.410 Get:47 http://archive.ubuntu.com/ubuntu jammy/main amd64 libatk1.0-0 amd64 2.36.0-3build1 [51.9 kB]
#21 2.426 Get:48 http://archive.ubuntu.com/ubuntu jammy/main amd64 libatk-bridge2.0-0 amd64 2.38.0-3 [66.6 kB]
#21 2.427 Get:49 http://archive.ubuntu.com/ubuntu jammy-updates/main amd64 libavahi-common-data amd64 0.8-5ubuntu5.2 [23.8 kB]
#21 2.428 Get:50 http://archive.ubuntu.com/ubuntu jammy-updates/main amd64 libavahi-common3 amd64 0.8-5ubuntu5.2 [23.9 kB]
#21 2.430 Get:51 http://archive.ubuntu.com/ubuntu jammy-updates/main amd64 libavahi-client3 amd64 0.8-5ubuntu5.2 [28.0 kB]
#21 2.431 Get:52 http://archive.ubuntu.com/ubuntu jammy-updates/main amd64 libcups2 amd64 2.4.1op1-1ubuntu4.11 [263 kB]
#21 2.436 Get:53 http://archive.ubuntu.com/ubuntu jammy-updates/main amd64 libdpkg-perl all 1.21.1ubuntu2.3 [237 kB]
#21 2.442 Get:54 http://archive.ubuntu.com/ubuntu jammy/main amd64 libfile-fcntllock-perl amd64 0.22-3build7 [33.9 kB]
#21 2.443 Get:55 http://archive.ubuntu.com/ubuntu jammy-updates/main amd64 libwayland-server0 amd64 1.20.0-1ubuntu0.1 [34.3 kB]
#21 2.444 Get:56 http://archive.ubuntu.com/ubuntu jammy/main amd64 libxcb-randr0 amd64 1.14-3ubuntu3 [18.3 kB]
#21 2.444 Get:57 http://archive.ubuntu.com/ubuntu jammy-updates/main amd64 libgbm1 amd64 23.2.1-1ubuntu3.1~22.04.3 [33.5 kB]
#21 2.460 Get:58 http://archive.ubuntu.com/ubuntu jammy-updates/main amd64 libnspr4 amd64 2:4.35-0ubuntu0.22.04.1 [119 kB]
#21 2.462 Get:59 http://archive.ubuntu.com/ubuntu jammy-updates/main amd64 libnss3 amd64 2:3.98-0ubuntu0.22.04.2 [1347 kB]
#21 2.485 Get:60 http://archive.ubuntu.com/ubuntu jammy-updates/main amd64 libssl-dev amd64 3.0.2-0ubuntu1.18 [2375 kB]
#21 2.520 Get:61 http://archive.ubuntu.com/ubuntu jammy-updates/main amd64 libwayland-client0 amd64 1.20.0-1ubuntu0.1 [25.9 kB]
#21 2.521 Get:62 http://archive.ubuntu.com/ubuntu jammy/main amd64 libxcomposite1 amd64 1:0.4.5-1build2 [7192 B]
#21 2.522 Get:63 http://archive.ubuntu.com/ubuntu jammy/main amd64 libxdamage1 amd64 1:1.1.5-2build2 [7154 B]
#21 2.522 Get:64 http://archive.ubuntu.com/ubuntu jammy/main amd64 libxkbcommon0 amd64 1.4.0-1 [125 kB]
#21 2.524 Get:65 http://archive.ubuntu.com/ubuntu jammy/main amd64 libxrandr2 amd64 2:1.5.2-1build1 [20.4 kB]
#21 2.524 Get:66 http://archive.ubuntu.com/ubuntu jammy/main amd64 pkg-config amd64 0.29.2-1ubuntu3 [48.2 kB]
#21 2.663 debconf: delaying package configuration, since apt-utils is not installed
#21 2.703 Fetched 20.8 MB in 1s (25.2 MB/s)
#21 2.736 Selecting previously unselected package liblocale-gettext-perl.
#21 2.736 (Reading database ... (Reading database ... 5%(Reading database ... 10%(Reading database ... 15%(Reading database ... 20%(Reading database ... 25%(Reading database ... 30%(Reading database ... 35%(Reading database ... 40%(Reading database ... 45%(Reading database ... 50%(Reading database ... 55%(Reading database ... 60%(Reading database ... 65%(Reading database ... 70%(Reading database ... 75%(Reading database ... 80%(Reading database ... 85%(Reading database ... 90%(Reading database ... 95%(Reading database ... 100%(Reading database ... 21846 files and directories currently installed.)
#21 2.767 Preparing to unpack .../0-liblocale-gettext-perl_1.07-4build3_amd64.deb ...
#21 2.777 Unpacking liblocale-gettext-perl (1.07-4build3) ...
#21 2.851 Selecting previously unselected package libapparmor1:amd64.
#21 2.853 Preparing to unpack .../1-libapparmor1_3.0.4-2ubuntu2.4_amd64.deb ...
#21 2.871 Unpacking libapparmor1:amd64 (3.0.4-2ubuntu2.4) ...
#21 2.941 Selecting previously unselected package libargon2-1:amd64.
#21 2.943 Preparing to unpack .../2-libargon2-1_0~20171227-0.3_amd64.deb ...
#21 2.952 Unpacking libargon2-1:amd64 (0~20171227-0.3) ...
#21 3.022 Selecting previously unselected package libdevmapper1.02.1:amd64.
#21 3.024 Preparing to unpack .../3-libdevmapper1.02.1_2%3a1.02.175-2.1ubuntu4_amd64.deb ...
#21 3.034 Unpacking libdevmapper1.02.1:amd64 (2:1.02.175-2.1ubuntu4) ...
#21 3.104 Selecting previously unselected package libjson-c5:amd64.
#21 3.106 Preparing to unpack .../4-libjson-c5_0.15-3~ubuntu1.22.04.2_amd64.deb ...
#21 3.116 Unpacking libjson-c5:amd64 (0.15-3~ubuntu1.22.04.2) ...
#21 3.185 Selecting previously unselected package libcryptsetup12:amd64.
#21 3.187 Preparing to unpack .../5-libcryptsetup12_2%3a2.4.3-1ubuntu1.2_amd64.deb ...
#21 3.197 Unpacking libcryptsetup12:amd64 (2:2.4.3-1ubuntu1.2) ...
#21 3.271 Selecting previously unselected package libip4tc2:amd64.
#21 3.273 Preparing to unpack .../6-libip4tc2_1.8.7-1ubuntu5.2_amd64.deb ...
#21 3.283 Unpacking libip4tc2:amd64 (1.8.7-1ubuntu5.2) ...
#21 3.355 Selecting previously unselected package libkmod2:amd64.
#21 3.358 Preparing to unpack .../7-libkmod2_29-1ubuntu1_amd64.deb ...
#21 3.368 Unpacking libkmod2:amd64 (29-1ubuntu1) ...
#21 3.453 Selecting previously unselected package systemd.
#21 3.454 Preparing to unpack .../8-systemd_249.11-0ubuntu3.12_amd64.deb ...
#21 3.474 Unpacking systemd (249.11-0ubuntu3.12) ...
#21 3.693 Setting up libapparmor1:amd64 (3.0.4-2ubuntu2.4) ...
#21 3.722 Setting up libargon2-1:amd64 (0~20171227-0.3) ...
#21 3.750 Setting up libdevmapper1.02.1:amd64 (2:1.02.175-2.1ubuntu4) ...
#21 3.778 Setting up libjson-c5:amd64 (0.15-3~ubuntu1.22.04.2) ...
#21 3.806 Setting up libcryptsetup12:amd64 (2:2.4.3-1ubuntu1.2) ...
#21 3.834 Setting up libip4tc2:amd64 (1.8.7-1ubuntu5.2) ...
#21 3.863 Setting up libkmod2:amd64 (29-1ubuntu1) ...
#21 3.891 Setting up systemd (249.11-0ubuntu3.12) ...
#21 3.989 Created symlink /etc/systemd/system/getty.target.wants/getty@tty1.service  /lib/systemd/system/getty@.service.
#21 3.992 Created symlink /etc/systemd/system/multi-user.target.wants/remote-fs.target  /lib/systemd/system/remote-fs.target.
#21 3.994 Created symlink /etc/systemd/system/dbus-org.freedesktop.resolve1.service  /lib/systemd/system/systemd-resolved.service.
#21 3.994 Created symlink /etc/systemd/system/multi-user.target.wants/systemd-resolved.service  /lib/systemd/system/systemd-resolved.service.
#21 4.001 ln: failed to create symbolic link '/etc/resolv.conf': Device or resource busy
#21 4.004 Created symlink /etc/systemd/system/sysinit.target.wants/systemd-pstore.service  /lib/systemd/system/systemd-pstore.service.
#21 4.010 Initializing machine ID from random generator.
#21 4.450 Selecting previously unselected package systemd-sysv.
#21 4.450 (Reading database ... (Reading database ... 5%(Reading database ... 10%(Reading database ... 15%(Reading database ... 20%(Reading database ... 25%(Reading database ... 30%(Reading database ... 35%(Reading database ... 40%(Reading database ... 45%(Reading database ... 50%(Reading database ... 55%(Reading database ... 60%(Reading database ... 65%(Reading database ... 70%(Reading database ... 75%(Reading database ... 80%(Reading database ... 85%(Reading database ... 90%(Reading database ... 95%(Reading database ... 100%(Reading database ... 22675 files and directories currently installed.)
#21 4.461 Preparing to unpack .../00-systemd-sysv_249.11-0ubuntu3.12_amd64.deb ...
#21 4.470 Unpacking systemd-sysv (249.11-0ubuntu3.12) ...
#21 4.527 Selecting previously unselected package perl-modules-5.34.
#21 4.529 Preparing to unpack .../01-perl-modules-5.34_5.34.0-3ubuntu1.3_all.deb ...
#21 4.539 Unpacking perl-modules-5.34 (5.34.0-3ubuntu1.3) ...
#21 4.852 Selecting previously unselected package libgdbm6:amd64.
#21 4.854 Preparing to unpack .../02-libgdbm6_1.23-1_amd64.deb ...
#21 4.863 Unpacking libgdbm6:amd64 (1.23-1) ...
#21 4.933 Selecting previously unselected package libgdbm-compat4:amd64.
#21 4.935 Preparing to unpack .../03-libgdbm-compat4_1.23-1_amd64.deb ...
#21 4.945 Unpacking libgdbm-compat4:amd64 (1.23-1) ...
#21 5.015 Selecting previously unselected package libperl5.34:amd64.
#21 5.017 Preparing to unpack .../04-libperl5.34_5.34.0-3ubuntu1.3_amd64.deb ...
#21 5.027 Unpacking libperl5.34:amd64 (5.34.0-3ubuntu1.3) ...
#21 5.282 Selecting previously unselected package perl.
#21 5.285 Preparing to unpack .../05-perl_5.34.0-3ubuntu1.3_amd64.deb ...
#21 5.299 Unpacking perl (5.34.0-3ubuntu1.3) ...
#21 5.378 Selecting previously unselected package libdbus-1-3:amd64.
#21 5.382 Preparing to unpack .../06-libdbus-1-3_1.12.20-2ubuntu4.1_amd64.deb ...
#21 5.392 Unpacking libdbus-1-3:amd64 (1.12.20-2ubuntu4.1) ...
#21 5.483 Selecting previously unselected package dbus.
#21 5.486 Preparing to unpack .../07-dbus_1.12.20-2ubuntu4.1_amd64.deb ...
#21 5.502 Unpacking dbus (1.12.20-2ubuntu4.1) ...
#21 5.587 Selecting previously unselected package dmsetup.
#21 5.589 Preparing to unpack .../08-dmsetup_2%3a1.02.175-2.1ubuntu4_amd64.deb ...
#21 5.598 Unpacking dmsetup (2:1.02.175-2.1ubuntu4) ...
#21 5.674 Selecting previously unselected package libgirepository-1.0-1:amd64.
#21 5.676 Preparing to unpack .../09-libgirepository-1.0-1_1.72.0-1_amd64.deb ...
#21 5.686 Unpacking libgirepository-1.0-1:amd64 (1.72.0-1) ...
#21 5.743 Selecting previously unselected package gir1.2-glib-2.0:amd64.
#21 5.745 Preparing to unpack .../10-gir1.2-glib-2.0_1.72.0-1_amd64.deb ...
#21 5.755 Unpacking gir1.2-glib-2.0:amd64 (1.72.0-1) ...
#21 5.831 Selecting previously unselected package libnss-systemd:amd64.
#21 5.834 Preparing to unpack .../11-libnss-systemd_249.11-0ubuntu3.12_amd64.deb ...
#21 5.843 Unpacking libnss-systemd:amd64 (249.11-0ubuntu3.12) ...
#21 5.912 Selecting previously unselected package libpam-systemd:amd64.
#21 5.914 Preparing to unpack .../12-libpam-systemd_249.11-0ubuntu3.12_amd64.deb ...
#21 5.923 Unpacking libpam-systemd:amd64 (249.11-0ubuntu3.12) ...
#21 5.995 Selecting previously unselected package netbase.
#21 5.998 Preparing to unpack .../13-netbase_6.3_all.deb ...
#21 6.007 Unpacking netbase (6.3) ...
#21 6.072 Selecting previously unselected package python3-dbus.
#21 6.074 Preparing to unpack .../14-python3-dbus_1.2.18-3build1_amd64.deb ...
#21 6.083 Unpacking python3-dbus (1.2.18-3build1) ...
#21 6.155 Selecting previously unselected package python3-gi.
#21 6.157 Preparing to unpack .../15-python3-gi_3.42.1-0ubuntu1_amd64.deb ...
#21 6.166 Unpacking python3-gi (3.42.1-0ubuntu1) ...
#21 6.249 Selecting previously unselected package networkd-dispatcher.
#21 6.251 Preparing to unpack .../16-networkd-dispatcher_2.1-2ubuntu0.22.04.2_all.deb ...
#21 6.260 Unpacking networkd-dispatcher (2.1-2ubuntu0.22.04.2) ...
#21 6.340 Selecting previously unselected package systemd-timesyncd.
#21 6.342 Preparing to unpack .../17-systemd-timesyncd_249.11-0ubuntu3.12_amd64.deb ...
#21 6.352 Unpacking systemd-timesyncd (249.11-0ubuntu3.12) ...
#21 6.410 Selecting previously unselected package xkb-data.
#21 6.412 Preparing to unpack .../18-xkb-data_2.33-1_all.deb ...
#21 6.421 Unpacking xkb-data (2.33-1) ...
#21 6.537 Selecting previously unselected package xz-utils.
#21 6.539 Preparing to unpack .../19-xz-utils_5.2.5-2ubuntu1_amd64.deb ...
#21 6.550 Unpacking xz-utils (5.2.5-2ubuntu1) ...
#21 6.610 Selecting previously unselected package alsa-topology-conf.
#21 6.612 Preparing to unpack .../20-alsa-topology-conf_1.2.5.1-2_all.deb ...
#21 6.621 Unpacking alsa-topology-conf (1.2.5.1-2) ...
#21 6.683 Selecting previously unselected package libasound2-data.
#21 6.685 Preparing to unpack .../21-libasound2-data_1.2.6.1-1ubuntu1_all.deb ...
#21 6.694 Unpacking libasound2-data (1.2.6.1-1ubuntu1) ...
#21 6.774 Selecting previously unselected package libasound2:amd64.
#21 6.776 Preparing to unpack .../22-libasound2_1.2.6.1-1ubuntu1_amd64.deb ...
#21 6.786 Unpacking libasound2:amd64 (1.2.6.1-1ubuntu1) ...
#21 6.845 Selecting previously unselected package alsa-ucm-conf.
#21 6.847 Preparing to unpack .../23-alsa-ucm-conf_1.2.6.3-1ubuntu1.12_all.deb ...
#21 6.857 Unpacking alsa-ucm-conf (1.2.6.3-1ubuntu1.12) ...
#21 7.004 Selecting previously unselected package libxi6:amd64.
#21 7.006 Preparing to unpack .../24-libxi6_2%3a1.8-1build1_amd64.deb ...
#21 7.015 Unpacking libxi6:amd64 (2:1.8-1build1) ...
#21 7.080 Selecting previously unselected package libatspi2.0-0:amd64.
#21 7.082 Preparing to unpack .../25-libatspi2.0-0_2.44.0-3_amd64.deb ...
#21 7.092 Unpacking libatspi2.0-0:amd64 (2.44.0-3) ...
#21 7.166 Selecting previously unselected package x11-common.
#21 7.168 Preparing to unpack .../26-x11-common_1%3a7.7+23ubuntu2_all.deb ...
#21 7.178 Unpacking x11-common (1:7.7+23ubuntu2) ...
#21 7.245 Selecting previously unselected package libxtst6:amd64.
#21 7.247 Preparing to unpack .../27-libxtst6_2%3a1.2.3-1build4_amd64.deb ...
#21 7.257 Unpacking libxtst6:amd64 (2:1.2.3-1build4) ...
#21 7.317 Selecting previously unselected package dbus-user-session.
#21 7.319 Preparing to unpack .../28-dbus-user-session_1.12.20-2ubuntu4.1_amd64.deb ...
#21 7.330 Unpacking dbus-user-session (1.12.20-2ubuntu4.1) ...
#21 7.402 Selecting previously unselected package libdconf1:amd64.
#21 7.404 Preparing to unpack .../29-libdconf1_0.40.0-3_amd64.deb ...
#21 7.413 Unpacking libdconf1:amd64 (0.40.0-3) ...
#21 7.470 Selecting previously unselected package dconf-service.
#21 7.472 Preparing to unpack .../30-dconf-service_0.40.0-3_amd64.deb ...
#21 7.482 Unpacking dconf-service (0.40.0-3) ...
#21 7.539 Selecting previously unselected package dconf-gsettings-backend:amd64.
#21 7.541 Preparing to unpack .../31-dconf-gsettings-backend_0.40.0-3_amd64.deb ...
#21 7.550 Unpacking dconf-gsettings-backend:amd64 (0.40.0-3) ...
#21 7.626 Selecting previously unselected package session-migration.
#21 7.628 Preparing to unpack .../32-session-migration_0.3.6_amd64.deb ...
#21 7.637 Unpacking session-migration (0.3.6) ...
#21 7.693 Selecting previously unselected package gsettings-desktop-schemas.
#21 7.695 Preparing to unpack .../33-gsettings-desktop-schemas_42.0-1ubuntu1_all.deb ...
#21 7.706 Unpacking gsettings-desktop-schemas (42.0-1ubuntu1) ...
#21 7.793 Selecting previously unselected package at-spi2-core.
#21 7.795 Preparing to unpack .../34-at-spi2-core_2.44.0-3_amd64.deb ...
#21 7.805 Unpacking at-spi2-core (2.44.0-3) ...
#21 7.865 Selecting previously unselected package bzip2.
#21 7.868 Preparing to unpack .../35-bzip2_1.0.8-5build1_amd64.deb ...
#21 7.877 Unpacking bzip2 (1.0.8-5build1) ...
#21 7.935 Selecting previously unselected package libatk1.0-data.
#21 7.937 Preparing to unpack .../36-libatk1.0-data_2.36.0-3build1_all.deb ...
#21 7.946 Unpacking libatk1.0-data (2.36.0-3build1) ...
#21 8.016 Selecting previously unselected package libatk1.0-0:amd64.
#21 8.018 Preparing to unpack .../37-libatk1.0-0_2.36.0-3build1_amd64.deb ...
#21 8.027 Unpacking libatk1.0-0:amd64 (2.36.0-3build1) ...
#21 8.098 Selecting previously unselected package libatk-bridge2.0-0:amd64.
#21 8.100 Preparing to unpack .../38-libatk-bridge2.0-0_2.38.0-3_amd64.deb ...
#21 8.109 Unpacking libatk-bridge2.0-0:amd64 (2.38.0-3) ...
#21 8.167 Selecting previously unselected package libavahi-common-data:amd64.
#21 8.169 Preparing to unpack .../39-libavahi-common-data_0.8-5ubuntu5.2_amd64.deb ...
#21 8.179 Unpacking libavahi-common-data:amd64 (0.8-5ubuntu5.2) ...
#21 8.250 Selecting previously unselected package libavahi-common3:amd64.
#21 8.252 Preparing to unpack .../40-libavahi-common3_0.8-5ubuntu5.2_amd64.deb ...
#21 8.262 Unpacking libavahi-common3:amd64 (0.8-5ubuntu5.2) ...
#21 8.331 Selecting previously unselected package libavahi-client3:amd64.
#21 8.333 Preparing to unpack .../41-libavahi-client3_0.8-5ubuntu5.2_amd64.deb ...
#21 8.343 Unpacking libavahi-client3:amd64 (0.8-5ubuntu5.2) ...
#21 8.413 Selecting previously unselected package libcups2:amd64.
#21 8.415 Preparing to unpack .../42-libcups2_2.4.1op1-1ubuntu4.11_amd64.deb ...
#21 8.425 Unpacking libcups2:amd64 (2.4.1op1-1ubuntu4.11) ...
#21 8.490 Selecting previously unselected package libdpkg-perl.
#21 8.492 Preparing to unpack .../43-libdpkg-perl_1.21.1ubuntu2.3_all.deb ...
#21 8.502 Unpacking libdpkg-perl (1.21.1ubuntu2.3) ...
#21 8.571 Selecting previously unselected package libfile-fcntllock-perl.
#21 8.573 Preparing to unpack .../44-libfile-fcntllock-perl_0.22-3build7_amd64.deb ...
#21 8.582 Unpacking libfile-fcntllock-perl (0.22-3build7) ...
#21 8.654 Selecting previously unselected package libwayland-server0:amd64.
#21 8.656 Preparing to unpack .../45-libwayland-server0_1.20.0-1ubuntu0.1_amd64.deb ...
#21 8.665 Unpacking libwayland-server0:amd64 (1.20.0-1ubuntu0.1) ...
#21 8.735 Selecting previously unselected package libxcb-randr0:amd64.
#21 8.737 Preparing to unpack .../46-libxcb-randr0_1.14-3ubuntu3_amd64.deb ...
#21 8.746 Unpacking libxcb-randr0:amd64 (1.14-3ubuntu3) ...
#21 8.815 Selecting previously unselected package libgbm1:amd64.
#21 8.817 Preparing to unpack .../47-libgbm1_23.2.1-1ubuntu3.1~22.04.3_amd64.deb ...
#21 8.826 Unpacking libgbm1:amd64 (23.2.1-1ubuntu3.1~22.04.3) ...
#21 8.893 Selecting previously unselected package libnspr4:amd64.
#21 8.895 Preparing to unpack .../48-libnspr4_2%3a4.35-0ubuntu0.22.04.1_amd64.deb ...
#21 8.905 Unpacking libnspr4:amd64 (2:4.35-0ubuntu0.22.04.1) ...
#21 8.970 Selecting previously unselected package libnss3:amd64.
#21 8.973 Preparing to unpack .../49-libnss3_2%3a3.98-0ubuntu0.22.04.2_amd64.deb ...
#21 8.983 Unpacking libnss3:amd64 (2:3.98-0ubuntu0.22.04.2) ...
#21 9.126 Selecting previously unselected package libssl-dev:amd64.
#21 9.128 Preparing to unpack .../50-libssl-dev_3.0.2-0ubuntu1.18_amd64.deb ...
#21 9.137 Unpacking libssl-dev:amd64 (3.0.2-0ubuntu1.18) ...
#21 9.256 Selecting previously unselected package libwayland-client0:amd64.
#21 9.258 Preparing to unpack .../51-libwayland-client0_1.20.0-1ubuntu0.1_amd64.deb ...
#21 9.268 Unpacking libwayland-client0:amd64 (1.20.0-1ubuntu0.1) ...
#21 9.334 Selecting previously unselected package libxcomposite1:amd64.
#21 9.336 Preparing to unpack .../52-libxcomposite1_1%3a0.4.5-1build2_amd64.deb ...
#21 9.345 Unpacking libxcomposite1:amd64 (1:0.4.5-1build2) ...
#21 9.411 Selecting previously unselected package libxdamage1:amd64.
#21 9.414 Preparing to unpack .../53-libxdamage1_1%3a1.1.5-2build2_amd64.deb ...
#21 9.424 Unpacking libxdamage1:amd64 (1:1.1.5-2build2) ...
#21 9.497 Selecting previously unselected package libxkbcommon0:amd64.
#21 9.499 Preparing to unpack .../54-libxkbcommon0_1.4.0-1_amd64.deb ...
#21 9.508 Unpacking libxkbcommon0:amd64 (1.4.0-1) ...
#21 9.580 Selecting previously unselected package libxrandr2:amd64.
#21 9.583 Preparing to unpack .../55-libxrandr2_2%3a1.5.2-1build1_amd64.deb ...
#21 9.592 Unpacking libxrandr2:amd64 (2:1.5.2-1build1) ...
#21 9.663 Selecting previously unselected package pkg-config.
#21 9.666 Preparing to unpack .../56-pkg-config_0.29.2-1ubuntu3_amd64.deb ...
#21 9.675 Unpacking pkg-config (0.29.2-1ubuntu3) ...
#21 9.748 Setting up libwayland-server0:amd64 (1.20.0-1ubuntu0.1) ...
#21 9.776 Setting up session-migration (0.3.6) ...
#21 9.885 Created symlink /etc/systemd/user/graphical-session-pre.target.wants/session-migration.service  /usr/lib/systemd/user/session-migration.service.
#21 9.897 Setting up systemd-sysv (249.11-0ubuntu3.12) ...
#21 9.927 Setting up libxdamage1:amd64 (1:1.1.5-2build2) ...
#21 9.954 Setting up libxi6:amd64 (2:1.8-1build1) ...
#21 9.982 Setting up x11-common (1:7.7+23ubuntu2) ...
#21 10.20 invoke-rc.d: could not determine current runlevel
#21 10.20 invoke-rc.d: policy-rc.d denied execution of start.
#21 10.21 Setting up libnss-systemd:amd64 (249.11-0ubuntu3.12) ...
#21 10.23 First installation detected...
#21 10.23 Checking NSS setup...
#21 10.24 Setting up xkb-data (2.33-1) ...
#21 10.27 Setting up perl-modules-5.34 (5.34.0-3ubuntu1.3) ...
#21 10.30 Setting up bzip2 (1.0.8-5build1) ...
#21 10.33 Setting up libdconf1:amd64 (0.40.0-3) ...
#21 10.36 Setting up libasound2-data (1.2.6.1-1ubuntu1) ...
#21 10.38 Setting up libnspr4:amd64 (2:4.35-0ubuntu0.22.04.1) ...
#21 10.41 Setting up libavahi-common-data:amd64 (0.8-5ubuntu5.2) ...
#21 10.44 Setting up libdbus-1-3:amd64 (1.12.20-2ubuntu4.1) ...
#21 10.47 Setting up dbus (1.12.20-2ubuntu4.1) ...
#21 10.66 Setting up xz-utils (5.2.5-2ubuntu1) ...
#21 10.69 update-alternatives: using /usr/bin/xz to provide /usr/bin/lzma (lzma) in auto mode
#21 10.69 update-alternatives: warning: skip creation of /usr/share/man/man1/lzma.1.gz because associated file /usr/share/man/man1/xz.1.gz (of link group lzma) doesn't exist
#21 10.69 update-alternatives: warning: skip creation of /usr/share/man/man1/unlzma.1.gz because associated file /usr/share/man/man1/unxz.1.gz (of link group lzma) doesn't exist
#21 10.69 update-alternatives: warning: skip creation of /usr/share/man/man1/lzcat.1.gz because associated file /usr/share/man/man1/xzcat.1.gz (of link group lzma) doesn't exist
#21 10.69 update-alternatives: warning: skip creation of /usr/share/man/man1/lzmore.1.gz because associated file /usr/share/man/man1/xzmore.1.gz (of link group lzma) doesn't exist
#21 10.69 update-alternatives: warning: skip creation of /usr/share/man/man1/lzless.1.gz because associated file /usr/share/man/man1/xzless.1.gz (of link group lzma) doesn't exist
#21 10.69 update-alternatives: warning: skip creation of /usr/share/man/man1/lzdiff.1.gz because associated file /usr/share/man/man1/xzdiff.1.gz (of link group lzma) doesn't exist
#21 10.69 update-alternatives: warning: skip creation of /usr/share/man/man1/lzcmp.1.gz because associated file /usr/share/man/man1/xzcmp.1.gz (of link group lzma) doesn't exist
#21 10.69 update-alternatives: warning: skip creation of /usr/share/man/man1/lzgrep.1.gz because associated file /usr/share/man/man1/xzgrep.1.gz (of link group lzma) doesn't exist
#21 10.69 update-alternatives: warning: skip creation of /usr/share/man/man1/lzegrep.1.gz because associated file /usr/share/man/man1/xzegrep.1.gz (of link group lzma) doesn't exist
#21 10.69 update-alternatives: warning: skip creation of /usr/share/man/man1/lzfgrep.1.gz because associated file /usr/share/man/man1/xzfgrep.1.gz (of link group lzma) doesn't exist
#21 10.70 Setting up libssl-dev:amd64 (3.0.2-0ubuntu1.18) ...
#21 10.73 Setting up systemd-timesyncd (249.11-0ubuntu3.12) ...
#21 10.99 Created symlink /etc/systemd/system/dbus-org.freedesktop.timesync1.service  /lib/systemd/system/systemd-timesyncd.service.
#21 10.99 Created symlink /etc/systemd/system/sysinit.target.wants/systemd-timesyncd.service  /lib/systemd/system/systemd-timesyncd.service.
#21 11.00 Setting up libxrandr2:amd64 (2:1.5.2-1build1) ...
#21 11.03 Setting up libatk1.0-data (2.36.0-3build1) ...
#21 11.06 Setting up alsa-topology-conf (1.2.5.1-2) ...
#21 11.09 Setting up dmsetup (2:1.02.175-2.1ubuntu4) ...
#21 11.12 Setting up libxcb-randr0:amd64 (1.14-3ubuntu3) ...
#21 11.15 Setting up libasound2:amd64 (1.2.6.1-1ubuntu1) ...
#21 11.17 Setting up libpam-systemd:amd64 (249.11-0ubuntu3.12) ...
#21 11.30 Setting up libgirepository-1.0-1:amd64 (1.72.0-1) ...
#21 11.33 Setting up netbase (6.3) ...
#21 11.39 Setting up libatk1.0-0:amd64 (2.36.0-3build1) ...
#21 11.42 Setting up libxcomposite1:amd64 (1:0.4.5-1build2) ...
#21 11.45 Setting up liblocale-gettext-perl (1.07-4build3) ...
#21 11.48 Setting up libgdbm6:amd64 (1.23-1) ...
#21 11.50 Setting up libxkbcommon0:amd64 (1.4.0-1) ...
#21 11.53 Setting up libwayland-client0:amd64 (1.20.0-1ubuntu0.1) ...
#21 11.56 Setting up python3-dbus (1.2.18-3build1) ...
#21 11.74 Setting up libgbm1:amd64 (23.2.1-1ubuntu3.1~22.04.3) ...
#21 11.76 Setting up alsa-ucm-conf (1.2.6.3-1ubuntu1.12) ...
#21 11.79 Setting up libxtst6:amd64 (2:1.2.3-1build4) ...
#21 11.82 Setting up libavahi-common3:amd64 (0.8-5ubuntu5.2) ...
#21 11.85 Setting up libnss3:amd64 (2:3.98-0ubuntu0.22.04.2) ...
#21 11.88 Setting up libatspi2.0-0:amd64 (2.44.0-3) ...
#21 11.90 Setting up libatk-bridge2.0-0:amd64 (2.38.0-3) ...
#21 11.93 Setting up dbus-user-session (1.12.20-2ubuntu4.1) ...
#21 11.97 Setting up libgdbm-compat4:amd64 (1.23-1) ...
#21 12.00 Setting up gir1.2-glib-2.0:amd64 (1.72.0-1) ...
#21 12.03 Setting up libavahi-client3:amd64 (0.8-5ubuntu5.2) ...
#21 12.06 Setting up libperl5.34:amd64 (5.34.0-3ubuntu1.3) ...
#21 12.08 Setting up dconf-service (0.40.0-3) ...
#21 12.11 Setting up perl (5.34.0-3ubuntu1.3) ...
#21 12.15 Setting up python3-gi (3.42.1-0ubuntu1) ...
#21 12.30 Setting up libdpkg-perl (1.21.1ubuntu2.3) ...
#21 12.33 Setting up libcups2:amd64 (2.4.1op1-1ubuntu4.11) ...
#21 12.35 Setting up networkd-dispatcher (2.1-2ubuntu0.22.04.2) ...
#21 12.47 Created symlink /etc/systemd/system/multi-user.target.wants/networkd-dispatcher.service  /lib/systemd/system/networkd-dispatcher.service.
#21 12.48 Setting up dconf-gsettings-backend:amd64 (0.40.0-3) ...
#21 12.51 Setting up libfile-fcntllock-perl (0.22-3build7) ...
#21 12.53 Setting up pkg-config (0.29.2-1ubuntu3) ...
#21 12.59 Setting up gsettings-desktop-schemas (42.0-1ubuntu1) ...
#21 12.62 Processing triggers for libglib2.0-0:amd64 (2.72.4-0ubuntu2.4) ...
#21 12.66 Processing triggers for libc-bin (2.35-0ubuntu3.8) ...
#21 12.70 Setting up at-spi2-core (2.44.0-3) ...
#21 DONE 12.9s

#22 [test 10/11] RUN set -xu && 	cd /root/oko/backend && 	cargo test; exit 0
#22 0.399 + cd /root/oko/backend
#22 0.399 + cargo test
#22 0.588  Downloading crates ...
#22 0.907   Downloaded darling v0.13.4
#22 0.914   Downloaded adler2 v2.0.0
#22 0.946   Downloaded dirs-sys v0.3.7
#22 0.953   Downloaded darling_core v0.13.4
#22 0.988   Downloaded ident_case v1.0.1
#22 0.995   Downloaded want v0.3.1
#22 0.997   Downloaded try-lock v0.2.5
#22 1.005   Downloaded sync_wrapper v0.1.2
#22 1.006   Downloaded darling_macro v0.13.4
#22 1.007   Downloaded strong v0.3.4
#22 1.009   Downloaded bzip2 v0.4.4
#22 1.017   Downloaded hyper-tls v0.5.0
#22 1.023   Downloaded serde_with_macros v1.5.2
#22 1.031   Downloaded http-body v0.4.6
#22 1.035   Downloaded strsim v0.10.0
#22 1.040   Downloaded dirs v3.0.2
#22 1.042   Downloaded rustls-pemfile v1.0.4
#22 1.052   Downloaded ipnet v2.10.1
#22 1.058   Downloaded crc32fast v1.4.2
#22 1.064   Downloaded time v0.1.45
#22 1.067   Downloaded zip v0.5.13
#22 1.073   Downloaded miniz_oxide v0.8.0
#22 1.077   Downloaded base64 v0.13.1
#22 1.082   Downloaded base64 v0.21.7
#22 1.091   Downloaded http v0.2.12
#22 1.096   Downloaded flate2 v1.0.35
#22 1.103   Downloaded serde_with v1.14.0
#22 1.110   Downloaded itertools v0.10.5
#22 1.120   Downloaded h2 v0.3.26
#22 1.129   Downloaded reqwest v0.11.27
#22 1.139   Downloaded hyper v0.14.31
#22 1.150   Downloaded syn v1.0.109
#22 1.163   Downloaded playwright v0.0.20
#22 1.180   Downloaded bzip2-sys v0.1.11+1.0.8
#22 1.193   Downloaded encoding_rs v0.8.35
#22 1.295    Compiling bitflags v2.6.0
#22 1.298    Compiling futures-util v0.3.31
#22 1.298    Compiling openssl-sys v0.9.104
#22 1.301    Compiling foreign-types-shared v0.1.1
#22 1.302    Compiling openssl v0.10.68
#22 1.303    Compiling openssl-macros v0.1.1
#22 1.303    Compiling native-tls v0.2.12
#22 1.307    Compiling openssl-probe v0.1.5
#22 1.313    Compiling idna v1.0.3
#22 1.318    Compiling rustix v0.38.42
#22 1.319    Compiling tokio-stream v0.1.17
#22 1.319    Compiling http v0.2.12
#22 1.324    Compiling syn v1.0.109
#22 1.327    Compiling linux-raw-sys v0.4.14
#22 1.332    Compiling flume v0.11.1
#22 1.349    Compiling foreign-types v0.3.2
#22 1.374    Compiling tokio-util v0.7.13
#22 1.400    Compiling fastrand v2.3.0
#22 1.471    Compiling try-lock v0.2.5
#22 1.511    Compiling ident_case v1.0.1
#22 1.569    Compiling want v0.3.1
#22 1.595    Compiling strsim v0.10.0
#22 1.614    Compiling bzip2-sys v0.1.11+1.0.8
#22 1.660    Compiling base64 v0.21.7
#22 1.712    Compiling encoding_rs v0.8.35
#22 1.749    Compiling sync_wrapper v0.1.2
#22 1.757    Compiling ipnet v2.10.1
#22 1.791    Compiling url v2.5.4
#22 1.940    Compiling adler2 v2.0.0
#22 1.946    Compiling crc32fast v1.4.2
#22 2.039    Compiling rustls-pemfile v1.0.4
#22 2.083    Compiling miniz_oxide v0.8.0
#22 2.158    Compiling time v0.1.45
#22 2.159    Compiling dirs-sys v0.3.7
#22 2.232    Compiling itertools v0.10.5
#22 2.271    Compiling strong v0.3.4
#22 2.290    Compiling base64 v0.13.1
#22 2.410    Compiling http-body v0.4.6
#22 2.423    Compiling dirs v3.0.2
#22 2.663    Compiling flate2 v1.0.35
#22 2.974    Compiling bzip2 v0.4.4
#22 3.074    Compiling zip v0.5.13
#22 3.676    Compiling tempfile v3.14.0
#22 4.151    Compiling http-body-util v0.1.2
#22 4.151    Compiling futures-executor v0.3.31
#22 4.151    Compiling hyper v1.5.1
#22 4.151    Compiling tower v0.5.2
#22 4.179    Compiling sqlx-core v0.8.2
#22 4.179    Compiling h2 v0.3.26
#22 4.252    Compiling futures v0.3.31
#22 4.375    Compiling axum-core v0.4.5
#22 4.555    Compiling tower-http v0.6.2
#22 4.760    Compiling darling_core v0.13.4
#22 4.931    Compiling hyper-util v0.1.10
#22 6.087    Compiling darling_macro v0.13.4
#22 6.145    Compiling tower-sessions-core v0.13.0
#22 6.145    Compiling tower-cookies v0.10.0
#22 6.145    Compiling axum-embed v0.1.0
#22 6.294    Compiling tokio-native-tls v0.3.1
#22 6.294    Compiling tungstenite v0.24.0
#22 6.589    Compiling sqlx-sqlite v0.8.2
#22 6.724    Compiling tower-sessions-memory-store v0.13.0
#22 6.808    Compiling darling v0.13.4
#22 6.834    Compiling tower-sessions v0.13.0
#22 6.839    Compiling serde_with_macros v1.5.2
#22 6.934    Compiling tokio-tungstenite v0.24.0
#22 7.162    Compiling axum v0.7.9
#22 7.162    Compiling ws-utils v0.0.0 (/root/oko/backend/utils/ws-utils)
#22 7.717    Compiling serde_with v1.14.0
#22 8.074    Compiling hyper v0.14.31
#22 8.319    Compiling sqlx-macros-core v0.8.2
#22 9.410    Compiling sqlx-macros v0.8.2
#22 10.66    Compiling hyper-tls v0.5.0
#22 10.67    Compiling axum-login v0.16.0
#22 10.75    Compiling reqwest v0.11.27
#22 11.30    Compiling sqlx v0.8.2
#22 11.36    Compiling tower-sessions-sqlx-store v0.14.2
#22 11.74    Compiling oko v0.1.2 (/root/oko/backend)
#22 12.26    Compiling playwright v0.0.20
#22 29.92     Finished `test` profile [unoptimized + debuginfo] target(s) in 29.29s
#22 30.00      Running unittests src/lib.rs (target/debug/deps/oko-07c82b928d3a393e)
#22 30.01 
#22 30.01 running 28 tests
#22 30.23 test db::camera::tests::get ... ok
#22 30.25 test db::camera::tests::get_using_ip ... ok
#22 30.29 test db::camera::tests::create ... ok
#22 30.29 test db::camera::tests::delete ... ok
#22 30.29 test db::camera::tests::update ... ok
#22 30.32 test db::camera_permission::tests::get ... ok
#22 30.32 test db::camera::tests::list_accessible_to_user ... ok
#22 30.33 test db::camera_permission::tests::list_for_camera_with_username ... ok
#22 30.33 test db::camera_setting::tests::get ... ok
#22 30.33 test db::camera_permission::tests::list_for_camera ... ok
#22 30.34 test db::camera_permission::tests::update ... ok
#22 30.35 test db::camera_permission::tests::delete ... ok
#22 30.36 test db::camera_setting::tests::delete ... ok
#22 30.37 test db::camera_setting::tests::update ... ok
#22 30.37 test db::camera_permission::tests::create ... ok
#22 30.37 test db::camera_setting::tests::create ... ok
#22 30.40 test db::user::tests::create_existing ... ok
#22 30.42 test db::user::tests::create ... ok
#22 30.44 test db::user::tests::get_using_username ... ok
#22 30.44 test db::user::tests::get ... ok
#22 30.46 test db::user::tests::to_redacted_clone ... ok
#22 30.47 test db::user::tests::delete ... ok
#22 30.49 test db::user::tests::update ... ok
#22 30.50 test db::video::tests::get ... ok
#22 30.51 test db::video::tests::list_for_camera ... ok
#22 30.52 test db::video::tests::create ... ok
#22 30.52 test db::video::tests::delete ... ok
#22 30.54 test db::video::tests::update ... ok
#22 30.54 
#22 30.54 test result: ok. 28 passed; 0 failed; 0 ignored; 0 measured; 0 filtered out; finished in 0.53s
#22 30.54 
#22 30.54      Running unittests src/main.rs (target/debug/deps/oko-13b09a8f75ca55e6)
#22 30.54 
#22 30.54 running 0 tests
#22 30.54 
#22 30.54 test result: ok. 0 passed; 0 failed; 0 ignored; 0 measured; 0 filtered out; finished in 0.00s
#22 30.54 
#22 30.54      Running tests/api.rs (target/debug/deps/api-6237c0663de291ee)
#22 30.54 
#22 30.54 running 0 tests
#22 30.54 
#22 30.54 test result: ok. 0 passed; 0 failed; 0 ignored; 0 measured; 0 filtered out; finished in 0.00s
#22 30.54 
#22 30.55      Running tests/app.rs (target/debug/deps/app-ea0acbeb6ae336a8)
#22 30.55 
#22 30.55 running 0 tests
#22 30.55 
#22 30.55 test result: ok. 0 passed; 0 failed; 0 ignored; 0 measured; 0 filtered out; finished in 0.00s
#22 30.55 
#22 30.55      Running tests/db.rs (target/debug/deps/db-cf395a4adede822c)
#22 30.55 
#22 30.55 running 2 tests
#22 30.74 test user_on_delete ... ok
#22 30.76 test camera_on_delete ... ok
#22 30.76 
#22 30.76 test result: ok. 2 passed; 0 failed; 0 ignored; 0 measured; 0 filtered out; finished in 0.21s
#22 30.76 
#22 30.76      Running tests/utils.rs (target/debug/deps/utils-746b119b2fa42b62)
#22 30.76 
#22 30.76 running 0 tests
#22 30.76 
#22 30.76 test result: ok. 0 passed; 0 failed; 0 ignored; 0 measured; 0 filtered out; finished in 0.00s
#22 30.76 
#22 30.76      Running tests/web.rs (target/debug/deps/web-30f027e0f8f401f7)
#22 30.76 
#22 30.76 running 10 tests
#22 30.97 test home_feeds ... FAILED
#22 37.25 
#22 42.17 test camera_add_remove ... FAILED
#22 42.17 test login_and_logout ... FAILED
#22 42.17 test home_redirect ... FAILED
#22 42.17 test camera_user_permission_updates ... FAILED
#22 42.17 test live_feed ... FAILED
#22 42.19 test multi_camera_record ... FAILED
#22 42.19 test download_video ... FAILED
#22 42.20 test record ... FAILED
#22 43.41 chromium v878941 downloaded to /root/.cache/ms-playwright/chromium-878941
#22 43.72 
#22 43.78 ffmpeg v1005 downloaded to /root/.cache/ms-playwright/ffmpeg-1005
#22 44.82 test camera_user_can_view ... ok
#22 44.82 
#22 44.82 failures:
#22 44.82 
#22 44.82 ---- home_feeds stdout ----
#22 44.82 Error: Io(Os { code: 2, kind: NotFound, message: "No such file or directory" })
#22 44.82 
#22 44.82 ---- camera_add_remove stdout ----
#22 44.82 Error: InitializationError
#22 44.82 
#22 44.82 ---- login_and_logout stdout ----
#22 44.82 Error: InitializationError
#22 44.82 
#22 44.82 ---- home_redirect stdout ----
#22 44.82 Error: InitializationError
#22 44.82 
#22 44.82 ---- camera_user_permission_updates stdout ----
#22 44.82 Error: InitializationError
#22 44.82 
#22 44.82 ---- live_feed stdout ----
#22 44.82 Error: InitializationError
#22 44.82 
#22 44.82 ---- multi_camera_record stdout ----
#22 44.82 Error: InitializationError
#22 44.82 
#22 44.82 ---- download_video stdout ----
#22 44.82 Error: InitializationError
#22 44.82 
#22 44.82 ---- record stdout ----
#22 44.82 Error: InitializationError
#22 44.82 
#22 44.82 
#22 44.82 failures:
#22 44.82     camera_add_remove
#22 44.82     camera_user_permission_updates
#22 44.82     download_video
#22 44.82     home_feeds
#22 44.82     home_redirect
#22 44.82     live_feed
#22 44.82     login_and_logout
#22 44.82     multi_camera_record
#22 44.82     record
#22 44.82 
#22 44.82 test result: FAILED. 1 passed; 9 failed; 0 ignored; 0 measured; 0 filtered out; finished in 13.87s
#22 44.82 
#22 44.83 error: test failed, to rerun pass `--test web`
#22 44.86 + exit 0
#22 DONE 45.2s

#23 [test 11/11] RUN set -xeu && 	cd /root/oko/backend && 	cargo test
#23 0.323 + cd /root/oko/backend
#23 0.324 + cargo test
#23 0.677     Finished `test` profile [unoptimized + debuginfo] target(s) in 0.31s
#23 0.693      Running unittests src/lib.rs (target/debug/deps/oko-07c82b928d3a393e)
#23 0.696 
#23 0.696 running 28 tests
#23 0.941 test db::camera::tests::get ... ok
#23 0.941 test db::camera::tests::get_using_ip ... ok
#23 0.968 test db::camera::tests::delete ... ok
#23 0.972 test db::camera::tests::update ... ok
#23 0.973 test db::camera::tests::create ... ok
#23 1.011 test db::camera_permission::tests::get ... ok
#23 1.013 test db::camera_permission::tests::list_for_camera ... ok
#23 1.013 test db::camera::tests::list_accessible_to_user ... ok
#23 1.014 test db::camera_permission::tests::list_for_camera_with_username ... ok
#23 1.020 test db::camera_setting::tests::get ... ok
#23 1.029 test db::camera_permission::tests::update ... ok
#23 1.029 test db::camera_permission::tests::create ... ok
#23 1.048 test db::camera_setting::tests::update ... ok
#23 1.049 test db::camera_permission::tests::delete ... ok
#23 1.054 test db::camera_setting::tests::create ... ok
#23 1.054 test db::camera_setting::tests::delete ... ok
#23 1.097 test db::user::tests::create_existing ... ok
#23 1.136 test db::user::tests::create ... ok
#23 1.145 test db::user::tests::get_using_username ... ok
#23 1.150 test db::user::tests::get ... ok
#23 1.178 test db::user::tests::to_redacted_clone ... ok
#23 1.187 test db::user::tests::delete ... ok
#23 1.212 test db::user::tests::update ... ok
#23 1.213 test db::video::tests::get ... ok
#23 1.213 test db::video::tests::list_for_camera ... ok
#23 1.235 test db::video::tests::delete ... ok
#23 1.239 test db::video::tests::create ... ok
#23 1.244 test db::video::tests::update ... ok
#23 1.244 
#23 1.244 test result: ok. 28 passed; 0 failed; 0 ignored; 0 measured; 0 filtered out; finished in 0.55s
#23 1.244 
#23 1.245      Running unittests src/main.rs (target/debug/deps/oko-13b09a8f75ca55e6)
#23 1.248 
#23 1.248 running 0 tests
#23 1.248 
#23 1.248 test result: ok. 0 passed; 0 failed; 0 ignored; 0 measured; 0 filtered out; finished in 0.00s
#23 1.248 
#23 1.248      Running tests/api.rs (target/debug/deps/api-6237c0663de291ee)
#23 1.250 
#23 1.250 running 0 tests
#23 1.250 
#23 1.250 test result: ok. 0 passed; 0 failed; 0 ignored; 0 measured; 0 filtered out; finished in 0.00s
#23 1.250 
#23 1.250      Running tests/app.rs (target/debug/deps/app-ea0acbeb6ae336a8)
#23 1.251 
#23 1.251 running 0 tests
#23 1.252 
#23 1.252 test result: ok. 0 passed; 0 failed; 0 ignored; 0 measured; 0 filtered out; finished in 0.00s
#23 1.252 
#23 1.252      Running tests/db.rs (target/debug/deps/db-cf395a4adede822c)
#23 1.254 
#23 1.254 running 2 tests
#23 1.446 test user_on_delete ... ok
#23 1.468 test camera_on_delete ... ok
#23 1.468 
#23 1.468 test result: ok. 2 passed; 0 failed; 0 ignored; 0 measured; 0 filtered out; finished in 0.21s
#23 1.468 
#23 1.469      Running tests/utils.rs (target/debug/deps/utils-746b119b2fa42b62)
#23 1.471 
#23 1.471 running 0 tests
#23 1.471 
#23 1.471 test result: ok. 0 passed; 0 failed; 0 ignored; 0 measured; 0 filtered out; finished in 0.00s
#23 1.471 
#23 1.471      Running tests/web.rs (target/debug/deps/web-30f027e0f8f401f7)
#23 1.474 
#23 1.474 running 10 tests
#23 2.653 test home_redirect ... ok
#23 3.482 test camera_user_can_view ... ok
#23 3.937 test camera_add_remove ... ok
#23 4.204 test camera_user_permission_updates ... ok
#23 4.376 test record ... FAILED
#23 4.430 test login_and_logout ... ok
#23 5.287 test multi_camera_record ... FAILED
#23 5.370 test download_video ... FAILED
#23 5.821 test live_feed ... ok
#23 7.286 test home_feeds ... ok
#23 7.286 
#23 7.286 failures:
#23 7.286 
#23 7.286 ---- record stdout ----
#23 7.286 thread 'record' panicked at tests/web.rs:261:5:
#23 7.286 assertion `left == right` failed
#23 7.286   left: 0
#23 7.286  right: 1
#23 7.286 note: run with `RUST_BACKTRACE=1` environment variable to display a backtrace
#23 7.286 
#23 7.286 ---- multi_camera_record stdout ----
#23 7.286 thread 'multi_camera_record' panicked at tests/web.rs:540:5:
#23 7.286 assertion `left == right` failed
#23 7.286   left: 0
#23 7.286  right: 2
#23 7.286 
#23 7.286 ---- download_video stdout ----
#23 7.286 thread 'download_video' panicked at tests/web.rs:333:5:
#23 7.286 assertion `left == right` failed
#23 7.286   left: 0
#23 7.286  right: 1
#23 7.286 
#23 7.286 
#23 7.286 failures:
#23 7.286     download_video
#23 7.286     multi_camera_record
#23 7.286     record
#23 7.286 
#23 7.286 test result: FAILED. 7 passed; 3 failed; 0 ignored; 0 measured; 0 filtered out; finished in 5.81s
#23 7.287 
#23 7.294 error: test failed, to rerun pass `--test web`
#23 ERROR: process "/bin/sh -c set -xeu && \tcd /root/oko/backend && \tcargo test" did not complete successfully: exit code: 101
------
 > [test 11/11] RUN set -xeu && 	cd /root/oko/backend && 	cargo test:
3.937 test camera_add_remove ... ok
4.204 test camera_user_permission_updates ... ok
4.376 test record ... FAILED
4.430 test login_and_logout ... ok
5.287 test multi_camera_record ... FAILED
5.370 test download_video ... FAILED
5.821 test live_feed ... ok
. 7 passed; 3 failed; 0 ignored; 0 measured; 0 filtered out; finished in 5.81s
7.287 
7.294 error: test failed, to rerun pass `--test web`
------
ubuntu-22.04-opencv-full-build.Dockerfile:121
--------------------
 120 |     
 121 | >>> RUN set -xeu && \
 122 | >>> 	cd /root/oko/backend && \
 123 | >>> 	cargo test
 124 |     
--------------------
ERROR: failed to solve: process "/bin/sh -c set -xeu && \tcd /root/oko/backend && \tcargo test" did not complete successfully: exit code: 101
