#0 building with "default" instance using docker driver

#1 [internal] load build definition from ubuntu-22.04-opencv-full-build.Dockerfile
#1 transferring dockerfile: 6.98kB done
#1 DONE 0.0s

#2 [internal] load metadata for docker.io/library/ubuntu:22.04
#2 DONE 0.0s

#3 [auth] library/node:pull token for registry-1.docker.io
#3 DONE 0.0s

#4 [internal] load metadata for docker.io/library/node:22.12
#4 DONE 1.0s

#5 [internal] load .dockerignore
#5 transferring context: 2B done
#5 DONE 0.0s

#6 [frontend 1/3] FROM docker.io/library/node:22.12@sha256:0e910f435308c36ea60b4cfd7b80208044d77a074d16b768a81901ce938a62dc
#6 DONE 0.0s

#7 [opencv_download 1/4] FROM docker.io/library/ubuntu:22.04
#7 DONE 0.0s

#8 [opencv_download 3/4] RUN set -xeu && 	DEBIAN_FRONTEND=noninteractive apt-get install -y curl
#8 CACHED

#9 [opencv_download 2/4] RUN set -xeu &&     apt-get update &&     DEBIAN_FRONTEND=noninteractive apt-get dist-upgrade -y &&     apt-get autoremove -y --purge &&     apt-get -y autoclean
#9 CACHED

#10 [opencv_download 4/4] RUN set -xeu &&     mkdir -p /root/dist &&     curl -sSfL "https://github.com/opencv/opencv/archive/refs/tags/4.8.0.tar.gz" | tar xz -C /root/dist &&     curl -sSfL "https://github.com/opencv/opencv_contrib/archive/refs/tags/4.8.0.tar.gz" | tar xz -C /root/dist &&     sed -ri 's/Ptr<FarnebackOpticalFlow> cv::cuda::FarnebackOpticalFlow::create/Ptr<cv::cuda::FarnebackOpticalFlow> cv::cuda::FarnebackOpticalFlow::create/' "/root/dist/opencv_contrib-4.8.0/modules/cudaoptflow/src/farneback.cpp" # patch for version 4.8.0
#10 CACHED

#11 [backend 3/5] RUN set -xeu &&     DEBIAN_FRONTEND=noninteractive apt-get install -y clang libclang-dev cmake     libatlas-base-dev libceres-dev libeigen3-dev libva-dev     libavcodec-dev libavformat-dev libavutil-dev libswscale-dev
#11 CACHED

#12 [backend 4/5] COPY --from=opencv_download /root/dist /root/dist
#12 CACHED

#13 [backend 5/5] RUN set -xeu &&     mkdir -p /root/build &&     cmake -B /root/build -S "/root/dist/opencv-4.8.0" -D OPENCV_EXTRA_MODULES_PATH="/root/dist/opencv_contrib-4.8.0/modules" -D CMAKE_INSTALL_PREFIX=/opt/opencv     	-D BUILD_CUDA_STUBS=OFF     	-D BUILD_DOCS=OFF     	-D BUILD_EXAMPLES=OFF     	-D BUILD_IPP_IW=ON     	-D BUILD_ITT=OFF     	-D BUILD_JASPER=ON     	-D BUILD_JAVA=OFF     	-D BUILD_JPEG=ON     	-D BUILD_OPENEXR=OFF     	-D BUILD_PERF_TESTS=OFF     	-D BUILD_PNG=ON     	-D BUILD_PROTOBUF=OFF     	-D BUILD_SHARED_LIBS=OFF     	-D BUILD_TBB=OFF     	-D BUILD_TESTS=OFF     	-D BUILD_TIFF=OFF     	-D BUILD_WEBP=OFF     	-D BUILD_WITH_DYNAMIC_IPP=OFF     	-D BUILD_ZLIB=ON 		-D BUILD_LIST=core,imgcodecs,imgproc,video,videoio     	-D CMAKE_BUILD_TYPE=Release     	-D ENABLE_CONFIG_VERIFICATION=OFF     	-D CV_ENABLE_INTRINSICS=ON     	-D ENABLE_PIC=ON     	-D INSTALL_CREATE_DISTRIB=OFF     	-D INSTALL_PYTHON_EXAMPLES=OFF     	-D INSTALL_C_EXAMPLES=OFF     	-D INSTALL_TESTS=OFF     	-D OPENCV_ENABLE_NONFREE=ON     	-D OPENCV_FORCE_3RDPARTY_BUILD=ON     	-D OPENCV_GENERATE_PKGCONFIG=OFF     	-D PROTOBUF_UPDATE_FILES=OFF 		-D OPENCV_DNN_OPENCL=OFF 		-D OPENCV_DNN_TFLITE=OFF 		-D OPENCV_TEST_DNN_TFLITE=OFF     	-D WITH_1394=OFF     	-D WITH_ADE=OFF     	-D WITH_ARAVIS=OFF     	-D WITH_CLP=OFF     	-D WITH_CUBLAS=OFF     	-D WITH_CUDA=OFF     	-D WITH_CUFFT=OFF     	-D WITH_EIGEN=ON     	-D WITH_FFMPEG=ON 		-D WITH_FLATBUFFERS=OFF 		-D WITH_FREETYPE=OFF     	-D WITH_GDAL=OFF     	-D WITH_GDCM=OFF     	-D WITH_GIGEAPI=OFF     	-D WITH_GPHOTO2=OFF     	-D WITH_GSTREAMER=OFF     	-D WITH_GSTREAMER_0_10=OFF     	-D WITH_GTK=OFF     	-D WITH_GTK_2_X=OFF     	-D WITH_HALIDE=OFF     	-D WITH_IMGCODEC_HDcR=OFF 		-D WITH_IMGCODEC_HDR=OFF     	-D WITH_IMGCODEC_PXM=OFF 		-D WITH_IMGCODEC_PFM=OFF     	-D WITH_IMGCODEC_SUNRASTER=OFF     	-D WITH_INF_ENGINE=OFF     	-D WITH_IPP=ON     	-D WITH_ITT=OFF     	-D WITH_JASPER=ON     	-D WITH_JPEG=ON     	-D WITH_LAPACK=OFF     	-D WITH_LIBV4L=OFF     	-D WITH_MATLAB=OFF     	-D WITH_MFX=OFF     	-D WITH_NVCUVID=OFF     	-D WITH_OPENCL=OFF     	-D WITH_OPENCLAMDBLAS=OFF     	-D WITH_OPENCLAMDFFT=OFF     	-D WITH_OPENCL_SVM=OFF     	-D WITH_OPENEXR=OFF     	-D WITH_OPENGL=OFF     	-D WITH_OPENMP=OFF     	-D WITH_OPENNI2=OFF     	-D WITH_OPENNI=OFF     	-D WITH_OPENVX=OFF 		-D WITH_OBSENSOR=OFF     	-D WITH_PNG=ON     	-D WITH_PROTOBUF=OFF     	-D WITH_PTHREADS_PF=ON     	-D WITH_PVAPI=OFF 		-D WITH_TESSERACT=OFF     	-D WITH_QT=OFF     	-D WITH_QUIRC=OFF     	-D WITH_TBB=OFF     	-D WITH_TIFF=OFF     	-D WITH_UNICAP=OFF     	-D WITH_V4L=OFF     	-D WITH_VA=ON     	-D WITH_VA_INTEL=ON     	-D WITH_VTK=OFF     	-D WITH_WEBP=OFF     	-D WITH_XIMEA=OFF     	-D WITH_XINE=OFF &&     make -C /root/build -j`nproc` install
#13 0.295 + mkdir -p /root/build
#13 0.297 + cmake -B /root/build -S /root/dist/opencv-4.8.0 -D OPENCV_EXTRA_MODULES_PATH=/root/dist/opencv_contrib-4.8.0/modules -D CMAKE_INSTALL_PREFIX=/opt/opencv -D BUILD_CUDA_STUBS=OFF -D BUILD_DOCS=OFF -D BUILD_EXAMPLES=OFF -D BUILD_IPP_IW=ON -D BUILD_ITT=OFF -D BUILD_JASPER=ON -D BUILD_JAVA=OFF -D BUILD_JPEG=ON -D BUILD_OPENEXR=OFF -D BUILD_PERF_TESTS=OFF -D BUILD_PNG=ON -D BUILD_PROTOBUF=OFF -D BUILD_SHARED_LIBS=OFF -D BUILD_TBB=OFF -D BUILD_TESTS=OFF -D BUILD_TIFF=OFF -D BUILD_WEBP=OFF -D BUILD_WITH_DYNAMIC_IPP=OFF -D BUILD_ZLIB=ON -D BUILD_LIST=core,imgcodecs,imgproc,video,videoio -D CMAKE_BUILD_TYPE=Release -D ENABLE_CONFIG_VERIFICATION=OFF -D CV_ENABLE_INTRINSICS=ON -D ENABLE_PIC=ON -D INSTALL_CREATE_DISTRIB=OFF -D INSTALL_PYTHON_EXAMPLES=OFF -D INSTALL_C_EXAMPLES=OFF -D INSTALL_TESTS=OFF -D OPENCV_ENABLE_NONFREE=ON -D OPENCV_FORCE_3RDPARTY_BUILD=ON -D OPENCV_GENERATE_PKGCONFIG=OFF -D PROTOBUF_UPDATE_FILES=OFF -D OPENCV_DNN_OPENCL=OFF -D OPENCV_DNN_TFLITE=OFF -D OPENCV_TEST_DNN_TFLITE=OFF -D WITH_1394=OFF -D WITH_ADE=OFF -D WITH_ARAVIS=OFF -D WITH_CLP=OFF -D WITH_CUBLAS=OFF -D WITH_CUDA=OFF -D WITH_CUFFT=OFF -D WITH_EIGEN=ON -D WITH_FFMPEG=ON -D WITH_FLATBUFFERS=OFF -D WITH_FREETYPE=OFF -D WITH_GDAL=OFF -D WITH_GDCM=OFF -D WITH_GIGEAPI=OFF -D WITH_GPHOTO2=OFF -D WITH_GSTREAMER=OFF -D WITH_GSTREAMER_0_10=OFF -D WITH_GTK=OFF -D WITH_GTK_2_X=OFF -D WITH_HALIDE=OFF -D WITH_IMGCODEC_HDcR=OFF -D WITH_IMGCODEC_HDR=OFF -D WITH_IMGCODEC_PXM=OFF -D WITH_IMGCODEC_PFM=OFF -D WITH_IMGCODEC_SUNRASTER=OFF -D WITH_INF_ENGINE=OFF -D WITH_IPP=ON -D WITH_ITT=OFF -D WITH_JASPER=ON -D WITH_JPEG=ON -D WITH_LAPACK=OFF -D WITH_LIBV4L=OFF -D WITH_MATLAB=OFF -D WITH_MFX=OFF -D WITH_NVCUVID=OFF -D WITH_OPENCL=OFF -D WITH_OPENCLAMDBLAS=OFF -D WITH_OPENCLAMDFFT=OFF -D WITH_OPENCL_SVM=OFF -D WITH_OPENEXR=OFF -D WITH_OPENGL=OFF -D WITH_OPENMP=OFF -D WITH_OPENNI2=OFF -D WITH_OPENNI=OFF -D WITH_OPENVX=OFF -D WITH_OBSENSOR=OFF -D WITH_PNG=ON -D WITH_PROTOBUF=OFF -D WITH_PTHREADS_PF=ON -D WITH_PVAPI=OFF -D WITH_TESSERACT=OFF -D WITH_QT=OFF -D WITH_QUIRC=OFF -D WITH_TBB=OFF -D WITH_TIFF=OFF -D WITH_UNICAP=OFF -D WITH_V4L=OFF -D WITH_VA=ON -D WITH_VA_INTEL=ON -D WITH_VTK=OFF -D WITH_WEBP=OFF -D WITH_XIMEA=OFF -D WITH_XINE=OFF
#13 0.404 -- The CXX compiler identification is Clang 14.0.0
#13 0.441 -- The C compiler identification is GNU 11.4.0
#13 0.449 -- Detecting CXX compiler ABI info
#13 0.559 -- Detecting CXX compiler ABI info - done
#13 0.563 -- Check for working CXX compiler: /usr/bin/c++ - skipped
#13 0.563 -- Detecting CXX compile features
#13 0.564 -- Detecting CXX compile features - done
#13 0.566 -- Detecting C compiler ABI info
#13 0.615 -- Detecting C compiler ABI info - done
#13 0.621 -- Check for working C compiler: /usr/bin/cc - skipped
#13 0.621 -- Detecting C compile features
#13 0.621 -- Detecting C compile features - done
#13 0.624 -- ocv_init_download: OpenCV source tree is not fetched as git repository. 3rdparty resources will be downloaded from github.com by default.
#13 0.624 -- Detected processor: x86_64
#13 0.640 -- Could NOT find PythonInterp (missing: PYTHON_EXECUTABLE) (Required is at least version "2.7")
#13 0.651 -- Found PythonInterp: /usr/bin/python3 (found suitable version "3.10.12", minimum required is "3.2") 
#13 0.658 -- Could NOT find PythonLibs (missing: PYTHON_LIBRARIES PYTHON_INCLUDE_DIRS) (Required is exact version "3.10.12")
#13 0.676 Traceback (most recent call last):
#13 0.676   File "<string>", line 1, in <module>
#13 0.676 ModuleNotFoundError: No module named 'numpy'
#13 0.681 -- Looking for ccache - not found
#13 0.681 -- Performing Test HAVE_CXX_FSIGNED_CHAR
#13 0.788 -- Performing Test HAVE_CXX_FSIGNED_CHAR - Success
#13 0.788 -- Performing Test HAVE_C_FSIGNED_CHAR
#13 0.841 -- Performing Test HAVE_C_FSIGNED_CHAR - Success
#13 0.841 -- Performing Test HAVE_CXX_W
#13 0.956 -- Performing Test HAVE_CXX_W - Success
#13 0.956 -- Performing Test HAVE_C_W
#13 1.006 -- Performing Test HAVE_C_W - Success
#13 1.006 -- Performing Test HAVE_CXX_WALL
#13 1.106 -- Performing Test HAVE_CXX_WALL - Success
#13 1.106 -- Performing Test HAVE_C_WALL
#13 1.153 -- Performing Test HAVE_C_WALL - Success
#13 1.153 -- Performing Test HAVE_CXX_WRETURN_TYPE
#13 1.245 -- Performing Test HAVE_CXX_WRETURN_TYPE - Success
#13 1.245 -- Performing Test HAVE_C_WRETURN_TYPE
#13 1.292 -- Performing Test HAVE_C_WRETURN_TYPE - Success
#13 1.292 -- Performing Test HAVE_CXX_WNON_VIRTUAL_DTOR
#13 1.384 -- Performing Test HAVE_CXX_WNON_VIRTUAL_DTOR - Success
#13 1.384 -- Performing Test HAVE_C_WNON_VIRTUAL_DTOR
#13 1.431 -- Performing Test HAVE_C_WNON_VIRTUAL_DTOR - Failed
#13 1.431 -- Performing Test HAVE_CXX_WADDRESS
#13 1.525 -- Performing Test HAVE_CXX_WADDRESS - Success
#13 1.526 -- Performing Test HAVE_C_WADDRESS
#13 1.572 -- Performing Test HAVE_C_WADDRESS - Success
#13 1.573 -- Performing Test HAVE_CXX_WSEQUENCE_POINT
#13 1.665 -- Performing Test HAVE_CXX_WSEQUENCE_POINT - Success
#13 1.666 -- Performing Test HAVE_C_WSEQUENCE_POINT
#13 1.711 -- Performing Test HAVE_C_WSEQUENCE_POINT - Success
#13 1.712 -- Performing Test HAVE_CXX_WFORMAT
#13 1.804 -- Performing Test HAVE_CXX_WFORMAT - Success
#13 1.805 -- Performing Test HAVE_C_WFORMAT
#13 1.853 -- Performing Test HAVE_C_WFORMAT - Success
#13 1.853 -- Performing Test HAVE_CXX_WFORMAT_SECURITY
#13 1.956 -- Performing Test HAVE_CXX_WFORMAT_SECURITY - Success
#13 1.956 -- Performing Test HAVE_C_WFORMAT_SECURITY
#13 2.012 -- Performing Test HAVE_C_WFORMAT_SECURITY - Success
#13 2.013 -- Performing Test HAVE_CXX_WMISSING_DECLARATIONS
#13 2.111 -- Performing Test HAVE_CXX_WMISSING_DECLARATIONS - Success
#13 2.111 -- Performing Test HAVE_C_WMISSING_DECLARATIONS
#13 2.159 -- Performing Test HAVE_C_WMISSING_DECLARATIONS - Success
#13 2.159 -- Performing Test HAVE_CXX_WMISSING_PROTOTYPES
#13 2.261 -- Performing Test HAVE_CXX_WMISSING_PROTOTYPES - Success
#13 2.261 -- Performing Test HAVE_C_WMISSING_PROTOTYPES
#13 2.311 -- Performing Test HAVE_C_WMISSING_PROTOTYPES - Success
#13 2.311 -- Performing Test HAVE_CXX_WSTRICT_PROTOTYPES
#13 2.421 -- Performing Test HAVE_CXX_WSTRICT_PROTOTYPES - Success
#13 2.421 -- Performing Test HAVE_C_WSTRICT_PROTOTYPES
#13 2.473 -- Performing Test HAVE_C_WSTRICT_PROTOTYPES - Success
#13 2.473 -- Performing Test HAVE_CXX_WUNDEF
#13 2.577 -- Performing Test HAVE_CXX_WUNDEF - Success
#13 2.577 -- Performing Test HAVE_C_WUNDEF
#13 2.626 -- Performing Test HAVE_C_WUNDEF - Success
#13 2.627 -- Performing Test HAVE_CXX_WINIT_SELF
#13 2.728 -- Performing Test HAVE_CXX_WINIT_SELF - Success
#13 2.728 -- Performing Test HAVE_C_WINIT_SELF
#13 2.779 -- Performing Test HAVE_C_WINIT_SELF - Success
#13 2.779 -- Performing Test HAVE_CXX_WPOINTER_ARITH
#13 2.877 -- Performing Test HAVE_CXX_WPOINTER_ARITH - Success
#13 2.878 -- Performing Test HAVE_C_WPOINTER_ARITH
#13 2.926 -- Performing Test HAVE_C_WPOINTER_ARITH - Success
#13 2.927 -- Performing Test HAVE_CXX_WSHADOW
#13 3.035 -- Performing Test HAVE_CXX_WSHADOW - Success
#13 3.036 -- Performing Test HAVE_C_WSHADOW
#13 3.086 -- Performing Test HAVE_C_WSHADOW - Success
#13 3.086 -- Performing Test HAVE_CXX_WSIGN_PROMO
#13 3.189 -- Performing Test HAVE_CXX_WSIGN_PROMO - Success
#13 3.190 -- Performing Test HAVE_C_WSIGN_PROMO
#13 3.239 -- Performing Test HAVE_C_WSIGN_PROMO - Failed
#13 3.239 -- Performing Test HAVE_CXX_WUNINITIALIZED
#13 3.335 -- Performing Test HAVE_CXX_WUNINITIALIZED - Success
#13 3.335 -- Performing Test HAVE_C_WUNINITIALIZED
#13 3.382 -- Performing Test HAVE_C_WUNINITIALIZED - Success
#13 3.383 -- Performing Test HAVE_CXX_WINCONSISTENT_MISSING_OVERRIDE
#13 3.479 -- Performing Test HAVE_CXX_WINCONSISTENT_MISSING_OVERRIDE - Success
#13 3.479 -- Performing Test HAVE_C_WINCONSISTENT_MISSING_OVERRIDE
#13 3.504 -- Performing Test HAVE_C_WINCONSISTENT_MISSING_OVERRIDE - Failed
#13 3.504 -- Performing Test HAVE_CXX_WNO_DELETE_NON_VIRTUAL_DTOR
#13 3.607 -- Performing Test HAVE_CXX_WNO_DELETE_NON_VIRTUAL_DTOR - Success
#13 3.607 -- Performing Test HAVE_C_WNO_DELETE_NON_VIRTUAL_DTOR
#13 3.657 -- Performing Test HAVE_C_WNO_DELETE_NON_VIRTUAL_DTOR - Failed
#13 3.657 -- Performing Test HAVE_CXX_WNO_UNNAMED_TYPE_TEMPLATE_ARGS
#13 3.755 -- Performing Test HAVE_CXX_WNO_UNNAMED_TYPE_TEMPLATE_ARGS - Success
#13 3.756 -- Performing Test HAVE_C_WNO_UNNAMED_TYPE_TEMPLATE_ARGS
#13 3.804 -- Performing Test HAVE_C_WNO_UNNAMED_TYPE_TEMPLATE_ARGS - Failed
#13 3.805 -- Performing Test HAVE_CXX_WNO_COMMENT
#13 3.899 -- Performing Test HAVE_CXX_WNO_COMMENT - Success
#13 3.899 -- Performing Test HAVE_C_WNO_COMMENT
#13 3.946 -- Performing Test HAVE_C_WNO_COMMENT - Success
#13 3.946 -- Performing Test HAVE_CXX_WNO_DEPRECATED_ENUM_ENUM_CONVERSION
#13 4.041 -- Performing Test HAVE_CXX_WNO_DEPRECATED_ENUM_ENUM_CONVERSION - Success
#13 4.041 -- Performing Test HAVE_C_WNO_DEPRECATED_ENUM_ENUM_CONVERSION
#13 4.088 -- Performing Test HAVE_C_WNO_DEPRECATED_ENUM_ENUM_CONVERSION - Failed
#13 4.088 -- Performing Test HAVE_CXX_WNO_DEPRECATED_ANON_ENUM_ENUM_CONVERSION
#13 4.193 -- Performing Test HAVE_CXX_WNO_DEPRECATED_ANON_ENUM_ENUM_CONVERSION - Success
#13 4.193 -- Performing Test HAVE_C_WNO_DEPRECATED_ANON_ENUM_ENUM_CONVERSION
#13 4.243 -- Performing Test HAVE_C_WNO_DEPRECATED_ANON_ENUM_ENUM_CONVERSION - Failed
#13 4.243 -- Performing Test HAVE_CXX_FDIAGNOSTICS_SHOW_OPTION
#13 4.348 -- Performing Test HAVE_CXX_FDIAGNOSTICS_SHOW_OPTION - Success
#13 4.348 -- Performing Test HAVE_C_FDIAGNOSTICS_SHOW_OPTION
#13 4.397 -- Performing Test HAVE_C_FDIAGNOSTICS_SHOW_OPTION - Success
#13 4.398 -- Performing Test HAVE_CXX_WNO_LONG_LONG
#13 4.504 -- Performing Test HAVE_CXX_WNO_LONG_LONG - Success
#13 4.504 -- Performing Test HAVE_C_WNO_LONG_LONG
#13 4.554 -- Performing Test HAVE_C_WNO_LONG_LONG - Success
#13 4.555 -- Performing Test HAVE_CXX_PTHREAD
#13 4.653 -- Performing Test HAVE_CXX_PTHREAD - Success
#13 4.653 -- Performing Test HAVE_C_PTHREAD
#13 4.701 -- Performing Test HAVE_C_PTHREAD - Success
#13 4.701 -- Performing Test HAVE_CXX_QUNUSED_ARGUMENTS
#13 4.797 -- Performing Test HAVE_CXX_QUNUSED_ARGUMENTS - Success
#13 4.797 -- Performing Test HAVE_C_QUNUSED_ARGUMENTS
#13 4.816 -- Performing Test HAVE_C_QUNUSED_ARGUMENTS - Failed
#13 4.816 -- Performing Test HAVE_CXX_FFUNCTION_SECTIONS
#13 4.909 -- Performing Test HAVE_CXX_FFUNCTION_SECTIONS - Success
#13 4.909 -- Performing Test HAVE_C_FFUNCTION_SECTIONS
#13 4.957 -- Performing Test HAVE_C_FFUNCTION_SECTIONS - Success
#13 4.957 -- Performing Test HAVE_CXX_FDATA_SECTIONS
#13 5.052 -- Performing Test HAVE_CXX_FDATA_SECTIONS - Success
#13 5.053 -- Performing Test HAVE_C_FDATA_SECTIONS
#13 5.101 -- Performing Test HAVE_C_FDATA_SECTIONS - Success
#13 5.104 -- Performing Test HAVE_CXX_MSSE (check file: cmake/checks/cpu_sse.cpp)
#13 5.226 -- Performing Test HAVE_CXX_MSSE - Success
#13 5.227 -- Performing Test HAVE_CXX_MSSE2 (check file: cmake/checks/cpu_sse2.cpp)
#13 5.349 -- Performing Test HAVE_CXX_MSSE2 - Success
#13 5.349 -- Performing Test HAVE_CXX_MSSE3 (check file: cmake/checks/cpu_sse3.cpp)
#13 5.475 -- Performing Test HAVE_CXX_MSSE3 - Success
#13 5.476 -- Performing Test HAVE_CXX_MSSSE3 (check file: cmake/checks/cpu_ssse3.cpp)
#13 5.604 -- Performing Test HAVE_CXX_MSSSE3 - Success
#13 5.605 -- Performing Test HAVE_CXX_MSSE4_1 (check file: cmake/checks/cpu_sse41.cpp)
#13 5.735 -- Performing Test HAVE_CXX_MSSE4_1 - Success
#13 5.735 -- Performing Test HAVE_CXX_MPOPCNT (check file: cmake/checks/cpu_popcnt.cpp)
#13 5.831 -- Performing Test HAVE_CXX_MPOPCNT - Success
#13 5.831 -- Performing Test HAVE_CXX_MSSE4_2 (check file: cmake/checks/cpu_sse42.cpp)
#13 5.965 -- Performing Test HAVE_CXX_MSSE4_2 - Success
#13 5.966 -- Performing Test HAVE_CXX_MF16C (check file: cmake/checks/cpu_fp16.cpp)
#13 6.307 -- Performing Test HAVE_CXX_MF16C - Success
#13 6.308 -- Performing Test HAVE_CXX_MFMA
#13 6.401 -- Performing Test HAVE_CXX_MFMA - Success
#13 6.402 -- Performing Test HAVE_CXX_MAVX (check file: cmake/checks/cpu_avx.cpp)
#13 6.750 -- Performing Test HAVE_CXX_MAVX - Success
#13 6.751 -- Performing Test HAVE_CXX_MAVX2 (check file: cmake/checks/cpu_avx2.cpp)
#13 7.103 -- Performing Test HAVE_CXX_MAVX2 - Success
#13 7.103 -- Performing Test HAVE_CXX_MAVX512F (check file: cmake/checks/cpu_avx512.cpp)
#13 7.440 -- Performing Test HAVE_CXX_MAVX512F - Success
#13 7.440 -- Performing Test HAVE_CXX_MAVX512F_MAVX512CD (check file: cmake/checks/cpu_avx512common.cpp)
#13 7.770 -- Performing Test HAVE_CXX_MAVX512F_MAVX512CD - Success
#13 7.771 -- Performing Test HAVE_CXX_MAVX512F_MAVX512CD_MAVX512VL_MAVX512BW_MAVX512DQ (check file: cmake/checks/cpu_avx512skx.cpp)
#13 8.116 -- Performing Test HAVE_CXX_MAVX512F_MAVX512CD_MAVX512VL_MAVX512BW_MAVX512DQ - Success
#13 8.118 -- Performing Test HAVE_CPU_BASELINE_FLAGS
#13 8.211 -- Performing Test HAVE_CPU_BASELINE_FLAGS - Success
#13 8.213 -- Performing Test HAVE_CPU_DISPATCH_FLAGS_SSE4_1
#13 8.307 -- Performing Test HAVE_CPU_DISPATCH_FLAGS_SSE4_1 - Success
#13 8.309 -- Performing Test HAVE_CPU_DISPATCH_FLAGS_SSE4_2
#13 8.405 -- Performing Test HAVE_CPU_DISPATCH_FLAGS_SSE4_2 - Success
#13 8.407 -- Performing Test HAVE_CPU_DISPATCH_FLAGS_FP16
#13 8.502 -- Performing Test HAVE_CPU_DISPATCH_FLAGS_FP16 - Success
#13 8.504 -- Performing Test HAVE_CPU_DISPATCH_FLAGS_AVX
#13 8.602 -- Performing Test HAVE_CPU_DISPATCH_FLAGS_AVX - Success
#13 8.605 -- Performing Test HAVE_CPU_DISPATCH_FLAGS_AVX2
#13 8.738 -- Performing Test HAVE_CPU_DISPATCH_FLAGS_AVX2 - Success
#13 8.740 -- Performing Test HAVE_CPU_DISPATCH_FLAGS_AVX512_SKX
#13 9.105 -- Performing Test HAVE_CPU_DISPATCH_FLAGS_AVX512_SKX - Success
#13 9.106 -- Performing Test HAVE_CXX_FVISIBILITY_HIDDEN
#13 9.226 -- Performing Test HAVE_CXX_FVISIBILITY_HIDDEN - Success
#13 9.226 -- Performing Test HAVE_C_FVISIBILITY_HIDDEN
#13 9.278 -- Performing Test HAVE_C_FVISIBILITY_HIDDEN - Success
#13 9.278 -- Performing Test HAVE_CXX_FVISIBILITY_INLINES_HIDDEN
#13 9.382 -- Performing Test HAVE_CXX_FVISIBILITY_INLINES_HIDDEN - Success
#13 9.383 -- Performing Test HAVE_C_FVISIBILITY_INLINES_HIDDEN
#13 9.435 -- Performing Test HAVE_C_FVISIBILITY_INLINES_HIDDEN - Failed
#13 9.435 -- Performing Test HAVE_LINK_AS_NEEDED
#13 9.521 -- Performing Test HAVE_LINK_AS_NEEDED - Success
#13 9.522 -- Performing Test HAVE_LINK_NO_UNDEFINED
#13 9.621 -- Performing Test HAVE_LINK_NO_UNDEFINED - Success
#13 9.626 -- Looking for pthread.h
#13 9.679 -- Looking for pthread.h - found
#13 9.679 -- Looking for posix_memalign
#13 9.733 -- Looking for posix_memalign - found
#13 9.734 -- Looking for malloc.h
#13 9.786 -- Looking for malloc.h - found
#13 9.787 -- Looking for memalign
#13 9.840 -- Looking for memalign - found
#13 9.845 -- Looking for fseeko
#13 9.896 -- Looking for fseeko - found
#13 9.896 -- Looking for unistd.h
#13 9.951 -- Looking for unistd.h - found
#13 9.952 -- Looking for sys/types.h
#13 10.01 -- Looking for sys/types.h - found
#13 10.01 -- Looking for stdint.h
#13 10.06 -- Looking for stdint.h - found
#13 10.06 -- Looking for stddef.h
#13 10.11 -- Looking for stddef.h - found
#13 10.11 -- Check size of off64_t
#13 10.14 -- Check size of off64_t - failed
#13 10.14 -- Performing Test HAVE_C_WNO_SHORTEN_64_TO_32
#13 10.19 -- Performing Test HAVE_C_WNO_SHORTEN_64_TO_32 - Failed
#13 10.19 -- Performing Test HAVE_C_WNO_ATTRIBUTES
#13 10.24 -- Performing Test HAVE_C_WNO_ATTRIBUTES - Success
#13 10.24 -- Performing Test HAVE_C_WNO_STRICT_PROTOTYPES
#13 10.30 -- Performing Test HAVE_C_WNO_STRICT_PROTOTYPES - Success
#13 10.30 -- Performing Test HAVE_C_WNO_MISSING_PROTOTYPES
#13 10.35 -- Performing Test HAVE_C_WNO_MISSING_PROTOTYPES - Success
#13 10.35 -- Performing Test HAVE_C_WNO_MISSING_DECLARATIONS
#13 10.40 -- Performing Test HAVE_C_WNO_MISSING_DECLARATIONS - Success
#13 10.40 -- Performing Test HAVE_C_WNO_SHIFT_NEGATIVE_VALUE
#13 10.46 -- Performing Test HAVE_C_WNO_SHIFT_NEGATIVE_VALUE - Success
#13 10.46 -- Performing Test HAVE_C_WNO_UNDEF
#13 10.51 -- Performing Test HAVE_C_WNO_UNDEF - Success
#13 10.51 -- Performing Test HAVE_C_WNO_IMPLICIT_FALLTHROUGH
#13 10.57 -- Performing Test HAVE_C_WNO_IMPLICIT_FALLTHROUGH - Success
#13 10.57 -- Performing Test HAVE_C_WNO_UNUSED_PARAMETER
#13 10.62 -- Performing Test HAVE_C_WNO_UNUSED_PARAMETER - Success
#13 10.62 -- Performing Test HAVE_C_WNO_SIGN_COMPARE
#13 10.68 -- Performing Test HAVE_C_WNO_SIGN_COMPARE - Success
#13 10.68 -- libjpeg-turbo: VERSION = 2.1.3, BUILD = opencv-4.8.0-libjpeg-turbo
#13 10.68 -- Check size of size_t
#13 10.74 -- Check size of size_t - done
#13 10.74 -- Check size of unsigned long
#13 10.81 -- Check size of unsigned long - done
#13 10.81 -- Performing Test HAVE_BUILTIN_CTZL
#13 10.86 -- Performing Test HAVE_BUILTIN_CTZL - Success
#13 10.86 -- Looking for include file locale.h
#13 10.92 -- Looking for include file locale.h - found
#13 10.92 -- Looking for include file stdlib.h
#13 10.97 -- Looking for include file stdlib.h - found
#13 10.98 -- Looking for include file sys/types.h
#13 11.03 -- Looking for include file sys/types.h - found
#13 11.03 -- Looking for a ASM_NASM compiler
#13 11.06 -- Looking for a ASM_NASM compiler - NOTFOUND
#13 11.06 -- libjpeg-turbo(SIMD): SIMD extensions disabled: could not find NASM compiler.  Performance will suffer.
#13 11.06 -- Could NOT find OpenJPEG (minimal suitable version: 2.0, recommended version >= 2.3.1). OpenJPEG will be built from sources
#13 11.06 -- Performing Test HAVE_C_WNO_IMPLICIT_CONST_INT_FLOAT_CONVERSION
#13 11.12 -- Performing Test HAVE_C_WNO_IMPLICIT_CONST_INT_FLOAT_CONVERSION - Failed
#13 11.12 -- Performing Test HAVE_C_WNO_UNUSED_BUT_SET_VARIABLE
#13 11.17 -- Performing Test HAVE_C_WNO_UNUSED_BUT_SET_VARIABLE - Success
#13 11.17 -- OpenJPEG: VERSION = 2.5.0, BUILD = opencv-4.8.0-openjp2-2.5.0
#13 11.17 -- Looking for string.h
#13 11.23 -- Looking for string.h - found
#13 11.23 -- Looking for memory.h
#13 11.28 -- Looking for memory.h - found
#13 11.28 -- Looking for stdio.h
#13 11.34 -- Looking for stdio.h - found
#13 11.34 -- Looking for math.h
#13 11.40 -- Looking for math.h - found
#13 11.40 -- Looking for float.h
#13 11.45 -- Looking for float.h - found
#13 11.45 -- Looking for time.h
#13 11.50 -- Looking for time.h - found
#13 11.50 -- Looking for stdarg.h
#13 11.55 -- Looking for stdarg.h - found
#13 11.55 -- Looking for ctype.h
#13 11.61 -- Looking for ctype.h - found
#13 11.61 -- Looking for assert.h
#13 11.66 -- Looking for assert.h - found
#13 11.66 -- Looking for stdint.h
#13 11.72 -- Looking for stdint.h - found
#13 11.72 -- Looking for inttypes.h
#13 11.77 -- Looking for inttypes.h - found
#13 11.77 -- Looking for strings.h
#13 11.82 -- Looking for strings.h - found
#13 11.82 -- Looking for sys/stat.h
#13 11.88 -- Looking for sys/stat.h - found
#13 11.88 -- Looking for unistd.h
#13 11.94 -- Looking for unistd.h - found
#13 11.94 -- Looking for include file malloc.h
#13 11.99 -- Looking for include file malloc.h - found
#13 11.99 -- Looking for _aligned_malloc
#13 12.02 -- Looking for _aligned_malloc - not found
#13 12.02 -- Looking for posix_memalign
#13 12.08 -- Looking for posix_memalign - found
#13 12.08 -- Looking for memalign
#13 12.14 -- Looking for memalign - found
#13 12.14 -- Performing Test HAVE_C_WNO_CAST_FUNCTION_TYPE
#13 12.19 -- Performing Test HAVE_C_WNO_CAST_FUNCTION_TYPE - Success
#13 12.19 -- Performing Test HAVE_C_WNO_SHADOW
#13 12.24 -- Performing Test HAVE_C_WNO_SHADOW - Success
#13 12.24 -- Performing Test HAVE_C_WNO_UNUSED_FUNCTION
#13 12.30 -- Performing Test HAVE_C_WNO_UNUSED_FUNCTION - Success
#13 12.42 -- OpenJPEG libraries will be built from sources: libopenjp2 (version "2.5.0")
#13 12.42 -- Performing Test HAVE_C_WNO_CAST_ALIGN
#13 12.48 -- Performing Test HAVE_C_WNO_CAST_ALIGN - Success
#13 12.48 -- Performing Test HAVE_C_WNO_MAYBE_UNINITIALIZED
#13 12.54 -- Performing Test HAVE_C_WNO_MAYBE_UNINITIALIZED - Success
#13 12.54 -- Performing Test HAVE_C_WNO_NULL_POINTER_SUBTRACTION
#13 12.59 -- Performing Test HAVE_C_WNO_NULL_POINTER_SUBTRACTION - Failed
#13 12.60 -- IPPICV: Downloading ippicv_2021.8_lnx_intel64_20230330_general.tgz from https://raw.githubusercontent.com/opencv/opencv_3rdparty/1224f78da6684df04397ac0f40c961ed37f79ccb/ippicv/ippicv_2021.8_lnx_intel64_20230330_general.tgz
#13 13.97 -- found Intel IPP (ICV version): 2021.8.0 [2021.8]
#13 13.97 -- at: /root/build/3rdparty/ippicv/ippicv_lnx/icv
#13 13.97 -- found Intel IPP Integration Wrappers sources: 2021.8.0
#13 13.97 -- at: /root/build/3rdparty/ippicv/ippicv_lnx/iw
#13 14.02 -- Checking for modules 'libavcodec;libavformat;libavutil;libswscale'
#13 14.03 --   Found libavcodec, version 58.134.100
#13 14.04 --   Found libavformat, version 58.76.100
#13 14.05 --   Found libavutil, version 56.70.100
#13 14.05 --   Found libswscale, version 5.9.100
#13 14.08 -- Checking for module 'libavresample'
#13 14.08 --   No package 'libavresample' found
#13 14.37 -- Performing Test HAVE_CXX_WNO_UNDEF
#13 14.52 -- Performing Test HAVE_CXX_WNO_UNDEF - Success
#13 14.53 -- Performing Test HAVE_CXX_WNO_INCONSISTENT_MISSING_OVERRIDE
#13 14.62 -- Performing Test HAVE_CXX_WNO_INCONSISTENT_MISSING_OVERRIDE - Success
#13 14.62 -- Checking for module 'freetype2'
#13 14.62 --   No package 'freetype2' found
#13 14.63 -- Checking for module 'harfbuzz'
#13 14.63 --   No package 'harfbuzz' found
#13 14.63 -- freetype2:   NO
#13 14.63 -- harfbuzz:    NO
#13 14.66 -- Could NOT find HDF5 (missing: HDF5_LIBRARIES HDF5_INCLUDE_DIRS) (found version "")
#13 14.67 -- Julia not found. Not compiling Julia Bindings. 
#13 14.68 -- Module opencv_ovis disabled because OGRE3D was not found
#13 14.97 -- Checking SFM glog/gflags deps... TRUE
#13 14.99 -- Using whitelist: opencv_core;opencv_imgcodecs;opencv_imgproc;opencv_video;opencv_videoio
#13 14.99 -- Module opencv_calib3d disabled by whitelist
#13 14.99 -- Module opencv_dnn disabled by whitelist
#13 14.99 -- Module opencv_features2d disabled by whitelist
#13 14.99 -- Module opencv_flann disabled by whitelist
#13 14.99 -- Module opencv_highgui disabled by whitelist
#13 14.99 -- Module opencv_java_bindings_generator disabled by whitelist
#13 14.99 -- Module opencv_js_bindings_generator disabled by whitelist
#13 14.99 -- Module opencv_ml disabled by whitelist
#13 14.99 -- Module opencv_objc_bindings_generator disabled by whitelist
#13 14.99 -- Module opencv_objdetect disabled by whitelist
#13 14.99 -- Module opencv_photo disabled by whitelist
#13 14.99 -- Module opencv_python_bindings_generator disabled by whitelist
#13 14.99 -- Module opencv_python_tests disabled by whitelist
#13 14.99 -- Module opencv_stitching disabled by whitelist
#13 14.99 -- Module opencv_alphamat disabled by whitelist
#13 14.99 -- Module opencv_aruco disabled by whitelist
#13 14.99 -- Module opencv_bgsegm disabled by whitelist
#13 14.99 -- Module opencv_bioinspired disabled by whitelist
#13 14.99 -- Module opencv_ccalib disabled by whitelist
#13 14.99 -- Module opencv_datasets disabled by whitelist
#13 14.99 -- Module opencv_dnn_objdetect disabled by whitelist
#13 14.99 -- Module opencv_dnn_superres disabled by whitelist
#13 14.99 -- Module opencv_dpm disabled by whitelist
#13 14.99 -- Module opencv_face disabled by whitelist
#13 14.99 -- Module opencv_fuzzy disabled by whitelist
#13 14.99 -- Module opencv_hfs disabled by whitelist
#13 14.99 -- Module opencv_img_hash disabled by whitelist
#13 14.99 -- Module opencv_intensity_transform disabled by whitelist
#13 14.99 -- Module opencv_line_descriptor disabled by whitelist
#13 14.99 -- Module opencv_mcc disabled by whitelist
#13 14.99 -- Module opencv_optflow disabled by whitelist
#13 14.99 -- Module opencv_phase_unwrapping disabled by whitelist
#13 15.00 -- Module opencv_plot disabled by whitelist
#13 15.00 -- Module opencv_quality disabled by whitelist
#13 15.00 -- Module opencv_rapid disabled by whitelist
#13 15.00 -- Module opencv_reg disabled by whitelist
#13 15.00 -- Module opencv_rgbd disabled by whitelist
#13 15.00 -- Module opencv_saliency disabled by whitelist
#13 15.00 -- Module opencv_sfm disabled by whitelist
#13 15.00 -- Module opencv_shape disabled by whitelist
#13 15.00 -- Module opencv_stereo disabled by whitelist
#13 15.00 -- Module opencv_structured_light disabled by whitelist
#13 15.00 -- Module opencv_superres disabled by whitelist
#13 15.00 -- Module opencv_surface_matching disabled by whitelist
#13 15.00 -- Module opencv_text disabled by whitelist
#13 15.00 -- Module opencv_tracking disabled by whitelist
#13 15.00 -- Module opencv_videostab disabled by whitelist
#13 15.00 -- Module opencv_wechat_qrcode disabled by whitelist
#13 15.00 -- Module opencv_xfeatures2d disabled by whitelist
#13 15.00 -- Module opencv_ximgproc disabled by whitelist
#13 15.00 -- Module opencv_xobjdetect disabled by whitelist
#13 15.00 -- Module opencv_xphoto disabled by whitelist
#13 15.02 -- Allocator metrics storage type: 'long long'
#13 15.03 -- Excluding from source files list: modules/imgproc/src/imgwarp.lasx.cpp
#13 15.03 -- Excluding from source files list: modules/imgproc/src/resize.lasx.cpp
#13 15.05 -- Performing Test HAVE_CXX_WNO_DEPRECATED_DECLARATIONS
#13 15.14 -- Performing Test HAVE_CXX_WNO_DEPRECATED_DECLARATIONS - Success
#13 15.16 -- 
#13 15.16 -- General configuration for OpenCV 4.8.0 =====================================
#13 15.16 --   Version control:               unknown
#13 15.16 -- 
#13 15.16 --   Extra modules:
#13 15.16 --     Location (extra):            /root/dist/opencv_contrib-4.8.0/modules
#13 15.16 --     Version control (extra):     unknown
#13 15.16 -- 
#13 15.16 --   Platform:
#13 15.16 --     Timestamp:                   2024-12-27T14:55:08Z
#13 15.16 --     Host:                        Linux 5.15.167.4-microsoft-standard-WSL2 x86_64
#13 15.16 --     CMake:                       3.22.1
#13 15.16 --     CMake generator:             Unix Makefiles
#13 15.16 --     CMake build tool:            /usr/bin/gmake
#13 15.16 --     Configuration:               Release
#13 15.16 -- 
#13 15.16 --   CPU/HW features:
#13 15.16 --     Baseline:                    SSE SSE2 SSE3
#13 15.16 --       requested:                 SSE3
#13 15.16 --     Dispatched code generation:  SSE4_1 SSE4_2 FP16 AVX AVX2 AVX512_SKX
#13 15.16 --       requested:                 SSE4_1 SSE4_2 AVX FP16 AVX2 AVX512_SKX
#13 15.16 --       SSE4_1 (13 files):         + SSSE3 SSE4_1
#13 15.17 --       SSE4_2 (1 files):          + SSSE3 SSE4_1 POPCNT SSE4_2
#13 15.17 --       FP16 (0 files):            + SSSE3 SSE4_1 POPCNT SSE4_2 FP16 AVX
#13 15.17 --       AVX (3 files):             + SSSE3 SSE4_1 POPCNT SSE4_2 AVX
#13 15.17 --       AVX2 (25 files):           + SSSE3 SSE4_1 POPCNT SSE4_2 FP16 FMA3 AVX AVX2
#13 15.17 --       AVX512_SKX (2 files):      + SSSE3 SSE4_1 POPCNT SSE4_2 FP16 FMA3 AVX AVX2 AVX_512F AVX512_COMMON AVX512_SKX
#13 15.17 -- 
#13 15.17 --   C/C++:
#13 15.17 --     Built as dynamic libs?:      NO
#13 15.17 --     C++ standard:                11
#13 15.17 --     C++ Compiler:                /usr/bin/c++  (ver 14.0.0)
#13 15.17 --     C++ flags (Release):         -fsigned-char -W -Wall -Wreturn-type -Wnon-virtual-dtor -Waddress -Wsequence-point -Wformat -Wformat-security -Wmissing-declarations -Wmissing-prototypes -Wstrict-prototypes -Wundef -Winit-self -Wpointer-arith -Wshadow -Wsign-promo -Wuninitialized -Winconsistent-missing-override -Wno-delete-non-virtual-dtor -Wno-unnamed-type-template-args -Wno-comment -Wno-deprecated-enum-enum-conversion -Wno-deprecated-anon-enum-enum-conversion -fdiagnostics-show-option -Wno-long-long -pthread -Qunused-arguments -ffunction-sections -fdata-sections  -msse -msse2 -msse3 -fvisibility=hidden -fvisibility-inlines-hidden -O3 -DNDEBUG  -DNDEBUG
#13 15.17 --     C++ flags (Debug):           -fsigned-char -W -Wall -Wreturn-type -Wnon-virtual-dtor -Waddress -Wsequence-point -Wformat -Wformat-security -Wmissing-declarations -Wmissing-prototypes -Wstrict-prototypes -Wundef -Winit-self -Wpointer-arith -Wshadow -Wsign-promo -Wuninitialized -Winconsistent-missing-override -Wno-delete-non-virtual-dtor -Wno-unnamed-type-template-args -Wno-comment -Wno-deprecated-enum-enum-conversion -Wno-deprecated-anon-enum-enum-conversion -fdiagnostics-show-option -Wno-long-long -pthread -Qunused-arguments -ffunction-sections -fdata-sections  -msse -msse2 -msse3 -fvisibility=hidden -fvisibility-inlines-hidden -g  -O0 -DDEBUG -D_DEBUG
#13 15.17 --     C Compiler:                  /usr/bin/cc
#13 15.17 --     C flags (Release):           -fsigned-char -W -Wall -Wreturn-type -Waddress -Wsequence-point -Wformat -Wformat-security -Wmissing-declarations -Wmissing-prototypes -Wstrict-prototypes -Wundef -Winit-self -Wpointer-arith -Wshadow -Wuninitialized -Wno-comment -fdiagnostics-show-option -Wno-long-long -pthread -ffunction-sections -fdata-sections  -msse -msse2 -msse3 -fvisibility=hidden -O3 -DNDEBUG  -DNDEBUG
#13 15.17 --     C flags (Debug):             -fsigned-char -W -Wall -Wreturn-type -Waddress -Wsequence-point -Wformat -Wformat-security -Wmissing-declarations -Wmissing-prototypes -Wstrict-prototypes -Wundef -Winit-self -Wpointer-arith -Wshadow -Wuninitialized -Wno-comment -fdiagnostics-show-option -Wno-long-long -pthread -ffunction-sections -fdata-sections  -msse -msse2 -msse3 -fvisibility=hidden -g  -O0 -DDEBUG -D_DEBUG
#13 15.17 --     Linker flags (Release):      -Wl,--exclude-libs,libippicv.a -Wl,--exclude-libs,libippiw.a   -Wl,--gc-sections -Wl,--as-needed -Wl,--no-undefined  
#13 15.17 --     Linker flags (Debug):        -Wl,--exclude-libs,libippicv.a -Wl,--exclude-libs,libippiw.a   -Wl,--gc-sections -Wl,--as-needed -Wl,--no-undefined  
#13 15.17 --     ccache:                      NO
#13 15.17 --     Precompiled headers:         NO
#13 15.17 --     Extra dependencies:          va va-drm dl m pthread rt
#13 15.17 --     3rdparty dependencies:       libjpeg-turbo libpng libopenjp2 zlib ippiw ippicv
#13 15.17 -- 
#13 15.17 --   OpenCV modules:
#13 15.17 --     To be built:                 core imgcodecs imgproc video videoio
#13 15.17 --     Disabled:                    world
#13 15.17 --     Disabled by dependency:      alphamat aruco bgsegm bioinspired calib3d ccalib datasets dnn dnn_objdetect dnn_superres dpm face features2d flann fuzzy hfs highgui img_hash intensity_transform java_bindings_generator js_bindings_generator line_descriptor mcc ml objc_bindings_generator objdetect optflow phase_unwrapping photo plot python_bindings_generator python_tests quality rapid reg rgbd saliency sfm shape stereo stitching structured_light superres surface_matching text tracking videostab wechat_qrcode xfeatures2d ximgproc xobjdetect xphoto
#13 15.17 --     Unavailable:                 cudaarithm cudabgsegm cudacodec cudafeatures2d cudafilters cudaimgproc cudalegacy cudaobjdetect cudaoptflow cudastereo cudawarping cudev cvv freetype gapi hdf java julia matlab ovis python2 python3 ts viz
#13 15.17 --     Applications:                apps
#13 15.17 --     Documentation:               NO
#13 15.17 --     Non-free algorithms:         YES
#13 15.17 -- 
#13 15.17 --   GUI: 
#13 15.17 -- 
#13 15.17 --   Media I/O: 
#13 15.17 --     ZLib:                        build (ver 1.2.13)
#13 15.17 --     JPEG:                        build-libjpeg-turbo (ver 2.1.3-62)
#13 15.18 --       SIMD Support Request:      YES
#13 15.18 --       SIMD Support:              NO
#13 15.18 --     PNG:                         build (ver 1.6.37)
#13 15.18 --     JPEG 2000:                   build (ver 2.5.0)
#13 15.18 --     HDR:                         NO
#13 15.18 --     SUNRASTER:                   NO
#13 15.18 --     PXM:                         NO
#13 15.18 --     PFM:                         NO
#13 15.18 -- 
#13 15.18 --   Video I/O:
#13 15.18 --     FFMPEG:                      YES
#13 15.18 --       avcodec:                   YES (58.134.100)
#13 15.18 --       avformat:                  YES (58.76.100)
#13 15.18 --       avutil:                    YES (56.70.100)
#13 15.18 --       swscale:                   YES (5.9.100)
#13 15.18 --       avresample:                NO
#13 15.18 -- 
#13 15.18 --   Parallel framework:            pthreads
#13 15.18 -- 
#13 15.18 --   Trace:                         YES (built-in)
#13 15.18 -- 
#13 15.18 --   Other third-party libraries:
#13 15.18 --     Intel IPP:                   2021.8 [2021.8.0]
#13 15.18 --            at:                   /root/build/3rdparty/ippicv/ippicv_lnx/icv
#13 15.18 --     Intel IPP IW:                sources (2021.8.0)
#13 15.18 --               at:                /root/build/3rdparty/ippicv/ippicv_lnx/iw
#13 15.18 --     VA:                          YES
#13 15.18 --     Eigen:                       YES (ver 3.4.0)
#13 15.18 --     Custom HAL:                  NO
#13 15.18 -- 
#13 15.18 --   Python (for build):            /usr/bin/python3
#13 15.18 -- 
#13 15.18 --   Install to:                    /opt/opencv
#13 15.18 -- -----------------------------------------------------------------
#13 15.18 -- 
#13 15.35 -- Configuring done
#13 15.49 -- Generating done
#13 15.51 -- Build files have been written to: /root/build
#13 15.53 + nproc
#13 15.53 + make -C /root/build -j16 install
#13 15.54 make: Entering directory '/root/build'
#13 15.55 make[1]: Entering directory '/root/build'
#13 15.55 make[2]: Entering directory '/root/build'
#13 15.55 make[2]: Entering directory '/root/build'
#13 15.55 make[2]: Entering directory '/root/build'
#13 15.55 make[2]: Entering directory '/root/build'
#13 15.55 make[2]: Entering directory '/root/build'
#13 15.56 make[2]: Entering directory '/root/build'
#13 15.56 make[2]: Entering directory '/root/build'
#13 15.56 make[2]: Leaving directory '/root/build'
#13 15.56 make[2]: Leaving directory '/root/build'
#13 15.56 make[2]: Leaving directory '/root/build'
#13 15.56 make[2]: Leaving directory '/root/build'
#13 15.56 make[2]: Leaving directory '/root/build'
#13 15.56 make[2]: Leaving directory '/root/build'
#13 15.56 make[2]: Leaving directory '/root/build'
#13 15.56 make[2]: Entering directory '/root/build'
#13 15.56 make[2]: Entering directory '/root/build'
#13 15.56 make[2]: Entering directory '/root/build'
#13 15.56 make[2]: Entering directory '/root/build'
#13 15.57 [  0%] Building C object 3rdparty/ippiw/CMakeFiles/ippiw.dir/src/iw_core.c.o
#13 15.57 [  0%] Building C object 3rdparty/openjpeg/openjp2/CMakeFiles/libopenjp2.dir/bio.c.o
#13 15.57 [  0%] Building C object 3rdparty/openjpeg/openjp2/CMakeFiles/libopenjp2.dir/thread.c.o
#13 15.57 [  0%] Built target opencv_highgui_plugins
#13 15.57 [  0%] Built target opencv_dnn_plugins
#13 15.57 [  0%] Building C object 3rdparty/openjpeg/openjp2/CMakeFiles/libopenjp2.dir/cio.c.o
#13 15.57 [  1%] Building C object 3rdparty/ippiw/CMakeFiles/ippiw.dir/src/iw_image.c.o
#13 15.57 [  0%] Built target opencv_videoio_plugins
#13 15.57 [  1%] Building C object 3rdparty/libjpeg-turbo/CMakeFiles/jsimd.dir/src/jsimd_none.c.o
#13 15.57 [  2%] Building C object 3rdparty/zlib/CMakeFiles/zlib.dir/deflate.c.o
#13 15.57 [  2%] Building C object 3rdparty/zlib/CMakeFiles/zlib.dir/compress.c.o
#13 15.57 [  2%] Building C object 3rdparty/zlib/CMakeFiles/zlib.dir/adler32.c.o
#13 15.57 [  0%] Building C object 3rdparty/zlib/CMakeFiles/zlib.dir/crc32.c.o
#13 15.57 [  2%] Building C object 3rdparty/zlib/CMakeFiles/zlib.dir/gzclose.c.o
#13 15.58 [  2%] Building C object 3rdparty/zlib/CMakeFiles/zlib.dir/gzlib.c.o
#13 15.58 [  3%] Building C object 3rdparty/zlib/CMakeFiles/zlib.dir/gzread.c.o
#13 15.58 [  3%] Building C object 3rdparty/ippiw/CMakeFiles/ippiw.dir/src/iw_image_color_convert_all.c.o
#13 15.58 [  3%] Building C object 3rdparty/openjpeg/openjp2/CMakeFiles/libopenjp2.dir/dwt.c.o
#13 15.58 [  4%] Building C object 3rdparty/zlib/CMakeFiles/zlib.dir/gzwrite.c.o
#13 15.63 [  4%] Building C object 3rdparty/openjpeg/openjp2/CMakeFiles/libopenjp2.dir/event.c.o
#13 15.64 [  4%] Building C object 3rdparty/zlib/CMakeFiles/zlib.dir/inflate.c.o
#13 15.66 make[2]: Leaving directory '/root/build'
#13 15.67 [  4%] Built target jsimd
#13 15.68 make[2]: Entering directory '/root/build'
#13 15.68 [  4%] Building C object 3rdparty/zlib/CMakeFiles/zlib.dir/infback.c.o
#13 15.68 [  4%] Building C object 3rdparty/ippiw/CMakeFiles/ippiw.dir/src/iw_image_color_convert_rgbs.c.o
#13 15.69 make[2]: Leaving directory '/root/build'
#13 15.69 make[2]: Entering directory '/root/build'
#13 15.71 [  4%] Building C object 3rdparty/libjpeg-turbo/CMakeFiles/libjpeg-turbo.dir/src/jcapimin.c.o
#13 15.71 [  4%] Building C object 3rdparty/zlib/CMakeFiles/zlib.dir/inftrees.c.o
#13 15.71 [  5%] Building C object 3rdparty/openjpeg/openjp2/CMakeFiles/libopenjp2.dir/ht_dec.c.o
#13 15.71 [  5%] Building C object 3rdparty/ippiw/CMakeFiles/ippiw.dir/src/iw_image_filter_bilateral.c.o
#13 15.73 [  6%] Building C object 3rdparty/zlib/CMakeFiles/zlib.dir/inffast.c.o
#13 15.76 [  6%] Building C object 3rdparty/openjpeg/openjp2/CMakeFiles/libopenjp2.dir/image.c.o
#13 15.76 [  6%] Building C object 3rdparty/zlib/CMakeFiles/zlib.dir/trees.c.o
#13 15.77 [  6%] Building C object 3rdparty/zlib/CMakeFiles/zlib.dir/uncompr.c.o
#13 15.77 [  7%] Building C object 3rdparty/openjpeg/openjp2/CMakeFiles/libopenjp2.dir/invert.c.o
#13 15.79 [  7%] Building C object 3rdparty/zlib/CMakeFiles/zlib.dir/zutil.c.o
#13 15.79 [  7%] Building C object 3rdparty/ippiw/CMakeFiles/ippiw.dir/src/iw_image_filter_box.c.o
#13 15.80 [  7%] Building C object 3rdparty/libjpeg-turbo/CMakeFiles/libjpeg-turbo.dir/src/jcapistd.c.o
#13 15.83 [  7%] Building C object 3rdparty/libjpeg-turbo/CMakeFiles/libjpeg-turbo.dir/src/jccoefct.c.o
#13 15.85 [  7%] Building C object 3rdparty/ippiw/CMakeFiles/ippiw.dir/src/iw_image_filter_canny.c.o
#13 15.85 [  7%] Building C object 3rdparty/ippiw/CMakeFiles/ippiw.dir/src/iw_image_filter_gaussian.c.o
#13 15.88 [  8%] Building C object 3rdparty/libjpeg-turbo/CMakeFiles/libjpeg-turbo.dir/src/jccolor.c.o
#13 15.89 [  8%] Building C object 3rdparty/libjpeg-turbo/CMakeFiles/libjpeg-turbo.dir/src/jcdctmgr.c.o
#13 15.89 [  8%] Building C object 3rdparty/openjpeg/openjp2/CMakeFiles/libopenjp2.dir/j2k.c.o
#13 15.92 [  8%] Building C object 3rdparty/openjpeg/openjp2/CMakeFiles/libopenjp2.dir/jp2.c.o
#13 15.93 [  8%] Building C object 3rdparty/libjpeg-turbo/CMakeFiles/libjpeg-turbo.dir/src/jchuff.c.o
#13 15.96 [  9%] Building C object 3rdparty/ippiw/CMakeFiles/ippiw.dir/src/iw_image_filter_general.c.o
#13 15.97 [  9%] Building C object 3rdparty/ippiw/CMakeFiles/ippiw.dir/src/iw_image_filter_laplacian.c.o
#13 15.99 [  9%] Building C object 3rdparty/libjpeg-turbo/CMakeFiles/libjpeg-turbo.dir/src/jcicc.c.o
#13 15.99 [  9%] Building C object 3rdparty/ippiw/CMakeFiles/ippiw.dir/src/iw_image_filter_morphology.c.o
#13 16.00 [ 10%] Building C object 3rdparty/libjpeg-turbo/CMakeFiles/libjpeg-turbo.dir/src/jcinit.c.o
#13 16.05 [ 10%] Building C object 3rdparty/libjpeg-turbo/CMakeFiles/libjpeg-turbo.dir/src/jcmarker.c.o
#13 16.05 [ 10%] Building C object 3rdparty/libjpeg-turbo/CMakeFiles/libjpeg-turbo.dir/src/jcmainct.c.o
#13 16.08 [ 11%] Building C object 3rdparty/ippiw/CMakeFiles/ippiw.dir/src/iw_image_filter_scharr.c.o
#13 16.08 [ 11%] Building C object 3rdparty/ippiw/CMakeFiles/ippiw.dir/src/iw_image_filter_sobel.c.o
#13 16.12 [ 11%] Building C object 3rdparty/ippiw/CMakeFiles/ippiw.dir/src/iw_image_op_copy.c.o
#13 16.12 [ 11%] Building C object 3rdparty/libjpeg-turbo/CMakeFiles/libjpeg-turbo.dir/src/jcmaster.c.o
#13 16.13 [ 12%] Building C object 3rdparty/libjpeg-turbo/CMakeFiles/libjpeg-turbo.dir/src/jcomapi.c.o
#13 16.16 [ 12%] Building C object 3rdparty/libjpeg-turbo/CMakeFiles/libjpeg-turbo.dir/src/jcparam.c.o
#13 16.18 [ 12%] Building C object 3rdparty/libjpeg-turbo/CMakeFiles/libjpeg-turbo.dir/src/jcphuff.c.o
#13 16.21 [ 12%] Building C object 3rdparty/ippiw/CMakeFiles/ippiw.dir/src/iw_image_op_copy_channel.c.o
#13 16.21 [ 12%] Building C object 3rdparty/ippiw/CMakeFiles/ippiw.dir/src/iw_image_op_copy_make_border.c.o
#13 16.23 [ 13%] Building C object 3rdparty/ippiw/CMakeFiles/ippiw.dir/src/iw_image_op_copy_merge.c.o
#13 16.24 [ 13%] Building C object 3rdparty/ippiw/CMakeFiles/ippiw.dir/src/iw_image_op_copy_split.c.o
#13 16.29 [ 13%] Building C object 3rdparty/libjpeg-turbo/CMakeFiles/libjpeg-turbo.dir/src/jcprepct.c.o
#13 16.31 [ 13%] Building C object 3rdparty/ippiw/CMakeFiles/ippiw.dir/src/iw_image_op_scale.c.o
#13 16.33 [ 14%] Building C object 3rdparty/libjpeg-turbo/CMakeFiles/libjpeg-turbo.dir/src/jcsample.c.o
#13 16.36 [ 14%] Building C object 3rdparty/ippiw/CMakeFiles/ippiw.dir/src/iw_image_op_set.c.o
#13 16.37 [ 14%] Building C object 3rdparty/libjpeg-turbo/CMakeFiles/libjpeg-turbo.dir/src/jctrans.c.o
#13 16.38 [ 15%] Linking C static library ../lib/libzlib.a
#13 16.39 [ 15%] Building C object 3rdparty/libjpeg-turbo/CMakeFiles/libjpeg-turbo.dir/src/jdapimin.c.o
#13 16.39 [ 15%] Building C object 3rdparty/libjpeg-turbo/CMakeFiles/libjpeg-turbo.dir/src/jdapistd.c.o
#13 16.40 [ 16%] Building C object 3rdparty/ippiw/CMakeFiles/ippiw.dir/src/iw_image_op_set_channel.c.o
#13 16.44 [ 17%] Building C object 3rdparty/libjpeg-turbo/CMakeFiles/libjpeg-turbo.dir/src/jdatadst.c.o
#13 16.46 [ 17%] Building C object 3rdparty/ippiw/CMakeFiles/ippiw.dir/src/iw_image_op_swap_channels.c.o
#13 16.47 make[2]: Leaving directory '/root/build'
#13 16.47 [ 17%] Building C object 3rdparty/openjpeg/openjp2/CMakeFiles/libopenjp2.dir/mct.c.o
#13 16.47 [ 17%] Built target zlib
#13 16.48 make[2]: Entering directory '/root/build'
#13 16.49 [ 17%] Building C object 3rdparty/libjpeg-turbo/CMakeFiles/libjpeg-turbo.dir/src/jdatasrc.c.o
#13 16.49 make[2]: Leaving directory '/root/build'
#13 16.49 make[2]: Entering directory '/root/build'
#13 16.51 [ 17%] Building C object 3rdparty/libjpeg-turbo/CMakeFiles/libjpeg-turbo.dir/src/jdcoefct.c.o
#13 16.51 [ 17%] Building C object 3rdparty/libpng/CMakeFiles/libpng.dir/png.c.o
#13 16.52 [ 18%] Building C object 3rdparty/ippiw/CMakeFiles/ippiw.dir/src/iw_image_transform_mirror.c.o
#13 16.52 [ 18%] Building C object 3rdparty/libpng/CMakeFiles/libpng.dir/pngerror.c.o
#13 16.55 [ 18%] Building C object 3rdparty/libjpeg-turbo/CMakeFiles/libjpeg-turbo.dir/src/jdcolor.c.o
#13 16.55 [ 18%] Building C object 3rdparty/ippiw/CMakeFiles/ippiw.dir/src/iw_image_transform_resize.c.o
#13 16.57 [ 19%] Building C object 3rdparty/libjpeg-turbo/CMakeFiles/libjpeg-turbo.dir/src/jddctmgr.c.o
#13 16.59 [ 19%] Building C object 3rdparty/libjpeg-turbo/CMakeFiles/libjpeg-turbo.dir/src/jdhuff.c.o
#13 16.59 [ 19%] Building C object 3rdparty/libpng/CMakeFiles/libpng.dir/pngget.c.o
#13 16.64 [ 20%] Building C object 3rdparty/ippiw/CMakeFiles/ippiw.dir/src/iw_image_transform_rotate.c.o
#13 16.67 [ 20%] Building C object 3rdparty/ippiw/CMakeFiles/ippiw.dir/src/iw_image_transform_warpaffine.c.o
#13 16.68 [ 21%] Building C object 3rdparty/openjpeg/openjp2/CMakeFiles/libopenjp2.dir/mqc.c.o
#13 16.71 [ 21%] Building C object 3rdparty/ippiw/CMakeFiles/ippiw.dir/src/iw_own.c.o
#13 16.72 [ 21%] Building C object 3rdparty/libjpeg-turbo/CMakeFiles/libjpeg-turbo.dir/src/jdicc.c.o
#13 16.72 [ 21%] Building C object 3rdparty/libjpeg-turbo/CMakeFiles/libjpeg-turbo.dir/src/jdinput.c.o
#13 16.76 [ 21%] Building C object 3rdparty/libpng/CMakeFiles/libpng.dir/pngmem.c.o
#13 16.79 [ 21%] Building C object 3rdparty/libpng/CMakeFiles/libpng.dir/pngpread.c.o
#13 16.81 [ 22%] Building C object 3rdparty/libjpeg-turbo/CMakeFiles/libjpeg-turbo.dir/src/jdmainct.c.o
#13 16.82 [ 22%] Building C object 3rdparty/openjpeg/openjp2/CMakeFiles/libopenjp2.dir/openjpeg.c.o
#13 16.85 [ 22%] Building C object 3rdparty/openjpeg/openjp2/CMakeFiles/libopenjp2.dir/opj_clock.c.o
#13 16.86 [ 22%] Building C object 3rdparty/libjpeg-turbo/CMakeFiles/libjpeg-turbo.dir/src/jdmarker.c.o
#13 16.87 [ 23%] Building C object 3rdparty/libpng/CMakeFiles/libpng.dir/pngread.c.o
#13 16.89 [ 23%] Building C object 3rdparty/libpng/CMakeFiles/libpng.dir/pngrio.c.o
#13 16.91 [ 23%] Building C object 3rdparty/openjpeg/openjp2/CMakeFiles/libopenjp2.dir/pi.c.o
#13 16.92 [ 23%] Linking C static library ../lib/libippiw.a
#13 16.97 [ 23%] Building C object 3rdparty/libjpeg-turbo/CMakeFiles/libjpeg-turbo.dir/src/jdmaster.c.o
#13 16.97 [ 23%] Building C object 3rdparty/libpng/CMakeFiles/libpng.dir/pngrtran.c.o
#13 17.00 make[2]: Leaving directory '/root/build'
#13 17.01 [ 23%] Built target ippiw
#13 17.02 make[2]: Entering directory '/root/build'
#13 17.02 [ 24%] Building C object 3rdparty/openjpeg/openjp2/CMakeFiles/libopenjp2.dir/t1.c.o
#13 17.03 [ 24%] Processing OpenCL kernels (core)
#13 17.06 [ 24%] Building C object 3rdparty/libjpeg-turbo/CMakeFiles/libjpeg-turbo.dir/src/jdmerge.c.o
#13 17.08 make[2]: Leaving directory '/root/build'
#13 17.08 make[2]: Entering directory '/root/build'
#13 17.09 [ 24%] Building CXX object modules/core/CMakeFiles/opencv_core.dir/src/algorithm.cpp.o
#13 17.10 [ 25%] Building C object 3rdparty/libjpeg-turbo/CMakeFiles/libjpeg-turbo.dir/src/jdphuff.c.o
#13 17.10 [ 25%] Building C object 3rdparty/libpng/CMakeFiles/libpng.dir/pngrutil.c.o
#13 17.12 [ 25%] Building C object 3rdparty/libjpeg-turbo/CMakeFiles/libjpeg-turbo.dir/src/jdpostct.c.o
#13 17.21 [ 25%] Building C object 3rdparty/libjpeg-turbo/CMakeFiles/libjpeg-turbo.dir/src/jdsample.c.o
#13 17.24 [ 25%] Building C object 3rdparty/libjpeg-turbo/CMakeFiles/libjpeg-turbo.dir/src/jdtrans.c.o
#13 17.31 [ 26%] Building C object 3rdparty/libjpeg-turbo/CMakeFiles/libjpeg-turbo.dir/src/jerror.c.o
#13 17.33 [ 26%] Building C object 3rdparty/libjpeg-turbo/CMakeFiles/libjpeg-turbo.dir/src/jfdctflt.c.o
#13 17.38 [ 26%] Building C object 3rdparty/libjpeg-turbo/CMakeFiles/libjpeg-turbo.dir/src/jfdctfst.c.o
#13 17.38 [ 26%] Building C object 3rdparty/libjpeg-turbo/CMakeFiles/libjpeg-turbo.dir/src/jfdctint.c.o
#13 17.42 [ 27%] Building C object 3rdparty/libjpeg-turbo/CMakeFiles/libjpeg-turbo.dir/src/jidctflt.c.o
#13 17.44 [ 27%] Building C object 3rdparty/libjpeg-turbo/CMakeFiles/libjpeg-turbo.dir/src/jidctfst.c.o
#13 17.47 [ 27%] Building C object 3rdparty/libjpeg-turbo/CMakeFiles/libjpeg-turbo.dir/src/jidctint.c.o
#13 17.48 [ 28%] Building C object 3rdparty/libpng/CMakeFiles/libpng.dir/pngset.c.o
#13 17.50 [ 28%] Building C object 3rdparty/libjpeg-turbo/CMakeFiles/libjpeg-turbo.dir/src/jidctred.c.o
#13 17.52 [ 29%] Building C object 3rdparty/libjpeg-turbo/CMakeFiles/libjpeg-turbo.dir/src/jquant1.c.o
#13 17.55 [ 29%] Building C object 3rdparty/libjpeg-turbo/CMakeFiles/libjpeg-turbo.dir/src/jquant2.c.o
#13 17.55 [ 29%] Building C object 3rdparty/openjpeg/openjp2/CMakeFiles/libopenjp2.dir/t2.c.o
#13 17.57 [ 29%] Building C object 3rdparty/libjpeg-turbo/CMakeFiles/libjpeg-turbo.dir/src/jutils.c.o
#13 17.62 [ 29%] Building C object 3rdparty/libjpeg-turbo/CMakeFiles/libjpeg-turbo.dir/src/jmemmgr.c.o
#13 17.63 [ 30%] Building C object 3rdparty/libjpeg-turbo/CMakeFiles/libjpeg-turbo.dir/src/jmemnobs.c.o
#13 17.69 [ 30%] Building C object 3rdparty/libjpeg-turbo/CMakeFiles/libjpeg-turbo.dir/src/jaricom.c.o
#13 17.77 [ 30%] Building C object 3rdparty/libjpeg-turbo/CMakeFiles/libjpeg-turbo.dir/src/jcarith.c.o
#13 17.80 [ 30%] Building C object 3rdparty/libpng/CMakeFiles/libpng.dir/pngtrans.c.o
#13 17.82 [ 30%] Building C object 3rdparty/libjpeg-turbo/CMakeFiles/libjpeg-turbo.dir/src/jdarith.c.o
#13 17.88 [ 30%] Building C object 3rdparty/libpng/CMakeFiles/libpng.dir/pngwio.c.o
#13 17.88 [ 30%] Building C object 3rdparty/libpng/CMakeFiles/libpng.dir/pngwrite.c.o
#13 17.95 [ 31%] Building C object 3rdparty/libpng/CMakeFiles/libpng.dir/pngwtran.c.o
#13 17.99 [ 31%] Building C object 3rdparty/libpng/CMakeFiles/libpng.dir/pngwutil.c.o
#13 18.02 [ 31%] Building C object 3rdparty/openjpeg/openjp2/CMakeFiles/libopenjp2.dir/tcd.c.o
#13 18.03 [ 31%] Building C object 3rdparty/openjpeg/openjp2/CMakeFiles/libopenjp2.dir/tgt.c.o
#13 18.11 [ 32%] Building C object 3rdparty/openjpeg/openjp2/CMakeFiles/libopenjp2.dir/function_list.c.o
#13 18.14 [ 32%] Building C object 3rdparty/libpng/CMakeFiles/libpng.dir/intel/intel_init.c.o
#13 18.17 [ 32%] Building C object 3rdparty/openjpeg/openjp2/CMakeFiles/libopenjp2.dir/opj_malloc.c.o
#13 18.19 [ 32%] Building C object 3rdparty/openjpeg/openjp2/CMakeFiles/libopenjp2.dir/sparse_array.c.o
#13 18.19 [ 32%] Building C object 3rdparty/libpng/CMakeFiles/libpng.dir/intel/filter_sse2_intrinsics.c.o
#13 18.20 [ 32%] Building CXX object modules/core/CMakeFiles/opencv_core.dir/src/alloc.cpp.o
#13 18.21 [ 33%] Building CXX object modules/core/CMakeFiles/opencv_core.dir/src/arithm.cpp.o
#13 18.23 [ 33%] Building CXX object modules/core/CMakeFiles/opencv_core.dir/src/arithm.dispatch.cpp.o
#13 18.25 [ 33%] Building CXX object modules/core/CMakeFiles/opencv_core.dir/src/array.cpp.o
#13 18.28 [ 33%] Building CXX object modules/core/CMakeFiles/opencv_core.dir/src/async.cpp.o
#13 18.36 [ 34%] Building CXX object modules/core/CMakeFiles/opencv_core.dir/src/batch_distance.cpp.o
#13 18.36 [ 34%] Building CXX object modules/core/CMakeFiles/opencv_core.dir/src/bindings_utils.cpp.o
#13 18.41 [ 34%] Building CXX object modules/core/CMakeFiles/opencv_core.dir/src/buffer_area.cpp.o
#13 18.51 [ 34%] Building CXX object modules/core/CMakeFiles/opencv_core.dir/src/channels.cpp.o
#13 18.69 [ 35%] Building CXX object modules/core/CMakeFiles/opencv_core.dir/src/check.cpp.o
#13 18.82 [ 35%] Building CXX object modules/core/CMakeFiles/opencv_core.dir/src/command_line_parser.cpp.o
#13 19.05 [ 36%] Linking C static library ../lib/liblibpng.a
#13 19.13 make[2]: Leaving directory '/root/build'
#13 19.14 [ 36%] Built target libpng
#13 19.16 [ 36%] Building CXX object modules/core/CMakeFiles/opencv_core.dir/src/conjugate_gradient.cpp.o
#13 19.17 [ 36%] Building CXX object modules/core/CMakeFiles/opencv_core.dir/src/convert.dispatch.cpp.o
#13 20.19 [ 37%] Building CXX object modules/core/CMakeFiles/opencv_core.dir/src/convert_c.cpp.o
#13 21.18 [ 37%] Building CXX object modules/core/CMakeFiles/opencv_core.dir/src/convert_scale.dispatch.cpp.o
#13 21.64 [ 37%] Building CXX object modules/core/CMakeFiles/opencv_core.dir/src/copy.cpp.o
#13 22.03 [ 37%] Building CXX object modules/core/CMakeFiles/opencv_core.dir/src/count_non_zero.dispatch.cpp.o
#13 22.12 [ 38%] Building CXX object modules/core/CMakeFiles/opencv_core.dir/src/cuda_gpu_mat.cpp.o
#13 22.23 [ 38%] Building CXX object modules/core/CMakeFiles/opencv_core.dir/src/cuda_gpu_mat_nd.cpp.o
#13 22.30 [ 38%] Building CXX object modules/core/CMakeFiles/opencv_core.dir/src/cuda_host_mem.cpp.o
#13 22.50 [ 38%] Building CXX object modules/core/CMakeFiles/opencv_core.dir/src/cuda_info.cpp.o
#13 22.59 [ 39%] Building CXX object modules/core/CMakeFiles/opencv_core.dir/src/cuda_stream.cpp.o
#13 22.67 [ 39%] Linking C static library ../../lib/liblibopenjp2.a
#13 22.76 make[2]: Leaving directory '/root/build'
#13 22.77 [ 39%] Built target libopenjp2
#13 22.78 [ 39%] Building CXX object modules/core/CMakeFiles/opencv_core.dir/src/datastructs.cpp.o
#13 23.00 [ 39%] Building CXX object modules/core/CMakeFiles/opencv_core.dir/src/directx.cpp.o
#13 23.07 [ 39%] Building CXX object modules/core/CMakeFiles/opencv_core.dir/src/downhill_simplex.cpp.o
#13 23.37 [ 40%] Linking C static library ../lib/liblibjpeg-turbo.a
#13 23.44 [ 41%] Building CXX object modules/core/CMakeFiles/opencv_core.dir/src/dxt.cpp.o
#13 23.47 make[2]: Leaving directory '/root/build'
#13 23.48 [ 41%] Built target libjpeg-turbo
#13 23.49 [ 41%] Building CXX object modules/core/CMakeFiles/opencv_core.dir/src/gl_core_3_1.cpp.o
#13 23.50 [ 41%] Building CXX object modules/core/CMakeFiles/opencv_core.dir/src/glob.cpp.o
#13 24.81 [ 41%] Building CXX object modules/core/CMakeFiles/opencv_core.dir/src/hal_internal.cpp.o
#13 25.36 [ 42%] Building CXX object modules/core/CMakeFiles/opencv_core.dir/src/has_non_zero.dispatch.cpp.o
#13 25.46 [ 42%] Building CXX object modules/core/CMakeFiles/opencv_core.dir/src/kmeans.cpp.o
#13 25.56 [ 42%] Building CXX object modules/core/CMakeFiles/opencv_core.dir/src/lapack.cpp.o
#13 25.60 [ 42%] Building CXX object modules/core/CMakeFiles/opencv_core.dir/src/lda.cpp.o
#13 25.70 [ 43%] Building CXX object modules/core/CMakeFiles/opencv_core.dir/src/logger.cpp.o
#13 25.89 [ 43%] Building CXX object modules/core/CMakeFiles/opencv_core.dir/src/lpsolver.cpp.o
#13 26.08 [ 43%] Building CXX object modules/core/CMakeFiles/opencv_core.dir/src/lut.cpp.o
#13 26.28 [ 43%] Building CXX object modules/core/CMakeFiles/opencv_core.dir/src/mathfuncs.cpp.o
#13 26.34 [ 44%] Building CXX object modules/core/CMakeFiles/opencv_core.dir/src/mathfuncs_core.dispatch.cpp.o
#13 26.69 [ 44%] Building CXX object modules/core/CMakeFiles/opencv_core.dir/src/matmul.dispatch.cpp.o
#13 26.88 [ 44%] Building CXX object modules/core/CMakeFiles/opencv_core.dir/src/matrix.cpp.o
#13 27.08 [ 44%] Building CXX object modules/core/CMakeFiles/opencv_core.dir/src/matrix_c.cpp.o
#13 27.62 [ 45%] Building CXX object modules/core/CMakeFiles/opencv_core.dir/src/matrix_decomp.cpp.o
#13 27.81 [ 45%] Building CXX object modules/core/CMakeFiles/opencv_core.dir/src/matrix_expressions.cpp.o
#13 28.51 [ 45%] Building CXX object modules/core/CMakeFiles/opencv_core.dir/src/matrix_iterator.cpp.o
#13 29.12 [ 45%] Building CXX object modules/core/CMakeFiles/opencv_core.dir/src/matrix_operations.cpp.o
#13 29.21 [ 46%] Building CXX object modules/core/CMakeFiles/opencv_core.dir/src/matrix_sparse.cpp.o
#13 29.37 [ 46%] Building CXX object modules/core/CMakeFiles/opencv_core.dir/src/matrix_transform.cpp.o
#13 29.73 [ 46%] Building CXX object modules/core/CMakeFiles/opencv_core.dir/src/matrix_wrap.cpp.o
#13 29.88 [ 46%] Building CXX object modules/core/CMakeFiles/opencv_core.dir/src/mean.dispatch.cpp.o
#13 30.14 [ 47%] Building CXX object modules/core/CMakeFiles/opencv_core.dir/src/merge.dispatch.cpp.o
#13 30.59 [ 47%] Building CXX object modules/core/CMakeFiles/opencv_core.dir/src/minmax.cpp.o
#13 30.59 [ 47%] Building CXX object modules/core/CMakeFiles/opencv_core.dir/src/norm.cpp.o
#13 30.66 [ 47%] Building CXX object modules/core/CMakeFiles/opencv_core.dir/src/ocl.cpp.o
#13 30.76 [ 48%] Building CXX object modules/core/CMakeFiles/opencv_core.dir/src/opencl/runtime/opencl_clblas.cpp.o
#13 31.01 [ 48%] Building CXX object modules/core/CMakeFiles/opencv_core.dir/src/opencl/runtime/opencl_clfft.cpp.o
#13 31.62 [ 48%] Building CXX object modules/core/CMakeFiles/opencv_core.dir/src/opencl/runtime/opencl_core.cpp.o
#13 31.76 [ 48%] Building CXX object modules/core/CMakeFiles/opencv_core.dir/src/opengl.cpp.o
#13 32.35 [ 49%] Building CXX object modules/core/CMakeFiles/opencv_core.dir/src/out.cpp.o
#13 33.81 [ 49%] Building CXX object modules/core/CMakeFiles/opencv_core.dir/src/ovx.cpp.o
#13 33.86 [ 49%] Building CXX object modules/core/CMakeFiles/opencv_core.dir/src/parallel.cpp.o
#13 33.88 [ 49%] Building CXX object modules/core/CMakeFiles/opencv_core.dir/src/parallel/parallel.cpp.o
#13 33.99 [ 50%] Building CXX object modules/core/CMakeFiles/opencv_core.dir/src/parallel/parallel_openmp.cpp.o
#13 34.43 [ 50%] Building CXX object modules/core/CMakeFiles/opencv_core.dir/src/parallel/parallel_tbb.cpp.o
#13 34.54 [ 50%] Building CXX object modules/core/CMakeFiles/opencv_core.dir/src/parallel_impl.cpp.o
#13 34.75 [ 50%] Building CXX object modules/core/CMakeFiles/opencv_core.dir/src/pca.cpp.o
#13 34.78 [ 51%] Building CXX object modules/core/CMakeFiles/opencv_core.dir/src/persistence.cpp.o
#13 35.01 [ 51%] Building CXX object modules/core/CMakeFiles/opencv_core.dir/src/persistence_base64_encoding.cpp.o
#13 35.44 [ 51%] Building CXX object modules/core/CMakeFiles/opencv_core.dir/src/persistence_json.cpp.o
#13 35.80 [ 51%] Building CXX object modules/core/CMakeFiles/opencv_core.dir/src/persistence_types.cpp.o
#13 35.83 [ 52%] Building CXX object modules/core/CMakeFiles/opencv_core.dir/src/persistence_xml.cpp.o
#13 36.37 [ 52%] Building CXX object modules/core/CMakeFiles/opencv_core.dir/src/persistence_yml.cpp.o
#13 36.96 [ 52%] Building CXX object modules/core/CMakeFiles/opencv_core.dir/src/rand.cpp.o
#13 37.17 [ 52%] Building CXX object modules/core/CMakeFiles/opencv_core.dir/src/softfloat.cpp.o
#13 37.38 [ 53%] Building CXX object modules/core/CMakeFiles/opencv_core.dir/src/split.dispatch.cpp.o
#13 37.63 [ 53%] Building CXX object modules/core/CMakeFiles/opencv_core.dir/src/stat.dispatch.cpp.o
#13 38.24 [ 53%] Building CXX object modules/core/CMakeFiles/opencv_core.dir/src/stat_c.cpp.o
#13 38.51 [ 53%] Building CXX object modules/core/CMakeFiles/opencv_core.dir/src/stl.cpp.o
#13 38.83 [ 54%] Building CXX object modules/core/CMakeFiles/opencv_core.dir/src/sum.dispatch.cpp.o
#13 39.01 [ 54%] Building CXX object modules/core/CMakeFiles/opencv_core.dir/src/system.cpp.o
#13 39.91 [ 54%] Building CXX object modules/core/CMakeFiles/opencv_core.dir/src/tables.cpp.o
#13 40.00 [ 54%] Building CXX object modules/core/CMakeFiles/opencv_core.dir/src/trace.cpp.o
#13 40.28 [ 54%] Building CXX object modules/core/CMakeFiles/opencv_core.dir/src/types.cpp.o
#13 40.54 [ 55%] Building CXX object modules/core/CMakeFiles/opencv_core.dir/src/umatrix.cpp.o
#13 40.61 [ 55%] Building CXX object modules/core/CMakeFiles/opencv_core.dir/src/utils/datafile.cpp.o
#13 41.42 [ 55%] Building CXX object modules/core/CMakeFiles/opencv_core.dir/src/utils/filesystem.cpp.o
#13 41.49 [ 55%] Building CXX object modules/core/CMakeFiles/opencv_core.dir/src/utils/logtagconfigparser.cpp.o
#13 41.76 [ 56%] Building CXX object modules/core/CMakeFiles/opencv_core.dir/src/utils/logtagmanager.cpp.o
#13 41.77 [ 56%] Building CXX object modules/core/CMakeFiles/opencv_core.dir/src/utils/samples.cpp.o
#13 41.90 [ 56%] Building CXX object modules/core/CMakeFiles/opencv_core.dir/src/va_intel.cpp.o
#13 42.05 [ 56%] Building CXX object modules/core/CMakeFiles/opencv_core.dir/opencl_kernels_core.cpp.o
#13 42.21 [ 57%] Building CXX object modules/core/CMakeFiles/opencv_core.dir/arithm.sse4_1.cpp.o
#13 42.75 [ 57%] Building CXX object modules/core/CMakeFiles/opencv_core.dir/matmul.sse4_1.cpp.o
#13 43.10 [ 57%] Building CXX object modules/core/CMakeFiles/opencv_core.dir/stat.sse4_2.cpp.o
#13 43.13 [ 57%] Building CXX object modules/core/CMakeFiles/opencv_core.dir/mathfuncs_core.avx.cpp.o
#13 43.32 [ 58%] Building CXX object modules/core/CMakeFiles/opencv_core.dir/mathfuncs_core.avx2.cpp.o
#13 43.65 [ 58%] Building CXX object modules/core/CMakeFiles/opencv_core.dir/stat.avx2.cpp.o
#13 44.18 [ 58%] Building CXX object modules/core/CMakeFiles/opencv_core.dir/arithm.avx2.cpp.o
#13 44.21 [ 58%] Building CXX object modules/core/CMakeFiles/opencv_core.dir/convert.avx2.cpp.o
#13 44.41 [ 59%] Building CXX object modules/core/CMakeFiles/opencv_core.dir/convert_scale.avx2.cpp.o
#13 45.19 [ 59%] Building CXX object modules/core/CMakeFiles/opencv_core.dir/count_non_zero.avx2.cpp.o
#13 45.22 [ 59%] Building CXX object modules/core/CMakeFiles/opencv_core.dir/has_non_zero.avx2.cpp.o
#13 45.25 [ 59%] Building CXX object modules/core/CMakeFiles/opencv_core.dir/matmul.avx2.cpp.o
#13 45.54 [ 60%] Building CXX object modules/core/CMakeFiles/opencv_core.dir/mean.avx2.cpp.o
#13 45.75 [ 60%] Building CXX object modules/core/CMakeFiles/opencv_core.dir/merge.avx2.cpp.o
#13 46.52 [ 60%] Building CXX object modules/core/CMakeFiles/opencv_core.dir/split.avx2.cpp.o
#13 46.60 [ 60%] Building CXX object modules/core/CMakeFiles/opencv_core.dir/sum.avx2.cpp.o
#13 47.33 [ 61%] Building CXX object modules/core/CMakeFiles/opencv_core.dir/matmul.avx512_skx.cpp.o
#13 53.37 [ 61%] Linking CXX static library ../../lib/libopencv_core.a
#13 53.52 make[2]: Leaving directory '/root/build'
#13 53.52 [ 61%] Built target opencv_core
#13 53.52 make[2]: Entering directory '/root/build'
#13 53.52 make[2]: Entering directory '/root/build'
#13 53.53 [ 61%] Processing OpenCL kernels (imgproc)
#13 53.53 make[2]: Leaving directory '/root/build'
#13 53.53 make[2]: Entering directory '/root/build'
#13 53.54 [ 62%] Building CXX object apps/version/CMakeFiles/opencv_version.dir/opencv_version.cpp.o
#13 53.58 make[2]: Leaving directory '/root/build'
#13 53.58 make[2]: Entering directory '/root/build'
#13 53.58 [ 64%] Building CXX object modules/imgproc/CMakeFiles/opencv_imgproc.dir/src/box_filter.dispatch.cpp.o
#13 53.58 [ 64%] Building CXX object modules/imgproc/CMakeFiles/opencv_imgproc.dir/src/bilateral_filter.dispatch.cpp.o
#13 53.58 [ 64%] Building CXX object modules/imgproc/CMakeFiles/opencv_imgproc.dir/src/accum.dispatch.cpp.o
#13 53.58 [ 64%] Building CXX object modules/imgproc/CMakeFiles/opencv_imgproc.dir/src/blend.cpp.o
#13 53.58 [ 64%] Building CXX object modules/imgproc/CMakeFiles/opencv_imgproc.dir/src/accum.cpp.o
#13 53.59 [ 64%] Building CXX object modules/imgproc/CMakeFiles/opencv_imgproc.dir/src/color.cpp.o
#13 53.59 [ 64%] Building CXX object modules/imgproc/CMakeFiles/opencv_imgproc.dir/src/canny.cpp.o
#13 53.59 [ 64%] Building CXX object modules/imgproc/CMakeFiles/opencv_imgproc.dir/src/clahe.cpp.o
#13 53.59 [ 64%] Building CXX object modules/imgproc/CMakeFiles/opencv_imgproc.dir/src/color_lab.cpp.o
#13 53.59 [ 64%] Building CXX object modules/imgproc/CMakeFiles/opencv_imgproc.dir/src/color_rgb.dispatch.cpp.o
#13 53.59 [ 64%] Building CXX object modules/imgproc/CMakeFiles/opencv_imgproc.dir/src/approx.cpp.o
#13 53.59 [ 65%] Building CXX object modules/imgproc/CMakeFiles/opencv_imgproc.dir/src/color_hsv.dispatch.cpp.o
#13 53.59 [ 65%] Building CXX object modules/imgproc/CMakeFiles/opencv_imgproc.dir/src/color_yuv.dispatch.cpp.o
#13 53.59 [ 66%] Building CXX object modules/imgproc/CMakeFiles/opencv_imgproc.dir/src/colormap.cpp.o
#13 53.60 [ 66%] Building CXX object modules/imgproc/CMakeFiles/opencv_imgproc.dir/src/connectedcomponents.cpp.o
#13 55.30 [ 66%] Linking CXX executable ../../bin/opencv_version
#13 56.10 make[2]: Leaving directory '/root/build'
#13 56.11 [ 66%] Built target opencv_version
#13 56.13 [ 66%] Building CXX object modules/imgproc/CMakeFiles/opencv_imgproc.dir/src/contours.cpp.o
#13 56.37 [ 66%] Building CXX object modules/imgproc/CMakeFiles/opencv_imgproc.dir/src/convhull.cpp.o
#13 56.84 [ 67%] Building CXX object modules/imgproc/CMakeFiles/opencv_imgproc.dir/src/corner.cpp.o
#13 56.86 [ 67%] Building CXX object modules/imgproc/CMakeFiles/opencv_imgproc.dir/src/cornersubpix.cpp.o
#13 57.01 [ 67%] Building CXX object modules/imgproc/CMakeFiles/opencv_imgproc.dir/src/demosaicing.cpp.o
#13 57.03 [ 67%] Building CXX object modules/imgproc/CMakeFiles/opencv_imgproc.dir/src/deriv.cpp.o
#13 58.08 [ 68%] Building CXX object modules/imgproc/CMakeFiles/opencv_imgproc.dir/src/distransform.cpp.o
#13 58.12 [ 68%] Building CXX object modules/imgproc/CMakeFiles/opencv_imgproc.dir/src/drawing.cpp.o
#13 58.17 [ 68%] Building CXX object modules/imgproc/CMakeFiles/opencv_imgproc.dir/src/emd.cpp.o
#13 58.35 [ 68%] Building CXX object modules/imgproc/CMakeFiles/opencv_imgproc.dir/src/featureselect.cpp.o
#13 58.69 [ 69%] Building CXX object modules/imgproc/CMakeFiles/opencv_imgproc.dir/src/filter.dispatch.cpp.o
#13 59.83 [ 69%] Building CXX object modules/imgproc/CMakeFiles/opencv_imgproc.dir/src/floodfill.cpp.o
#13 59.92 [ 69%] Building CXX object modules/imgproc/CMakeFiles/opencv_imgproc.dir/src/gabor.cpp.o
#13 59.98 [ 69%] Building CXX object modules/imgproc/CMakeFiles/opencv_imgproc.dir/src/generalized_hough.cpp.o
#13 60.46 [ 70%] Building CXX object modules/imgproc/CMakeFiles/opencv_imgproc.dir/src/geometry.cpp.o
#13 60.54 [ 70%] Building CXX object modules/imgproc/CMakeFiles/opencv_imgproc.dir/src/grabcut.cpp.o
#13 60.56 [ 70%] Building CXX object modules/imgproc/CMakeFiles/opencv_imgproc.dir/src/hershey_fonts.cpp.o
#13 60.69 [ 70%] Building CXX object modules/imgproc/CMakeFiles/opencv_imgproc.dir/src/histogram.cpp.o
#13 61.31 [ 71%] Building CXX object modules/imgproc/CMakeFiles/opencv_imgproc.dir/src/hough.cpp.o
#13 61.36 [ 71%] Building CXX object modules/imgproc/CMakeFiles/opencv_imgproc.dir/src/imgwarp.cpp.o
#13 61.62 [ 71%] Building CXX object modules/imgproc/CMakeFiles/opencv_imgproc.dir/src/intelligent_scissors.cpp.o
#13 61.71 [ 71%] Building CXX object modules/imgproc/CMakeFiles/opencv_imgproc.dir/src/intersection.cpp.o
#13 61.76 [ 72%] Building CXX object modules/imgproc/CMakeFiles/opencv_imgproc.dir/src/linefit.cpp.o
#13 61.80 [ 72%] Building CXX object modules/imgproc/CMakeFiles/opencv_imgproc.dir/src/lsd.cpp.o
#13 62.75 [ 72%] Building CXX object modules/imgproc/CMakeFiles/opencv_imgproc.dir/src/main.cpp.o
#13 63.17 [ 72%] Building CXX object modules/imgproc/CMakeFiles/opencv_imgproc.dir/src/matchcontours.cpp.o
#13 63.36 [ 73%] Building CXX object modules/imgproc/CMakeFiles/opencv_imgproc.dir/src/median_blur.dispatch.cpp.o
#13 63.55 [ 73%] Building CXX object modules/imgproc/CMakeFiles/opencv_imgproc.dir/src/min_enclosing_triangle.cpp.o
#13 64.44 [ 73%] Building CXX object modules/imgproc/CMakeFiles/opencv_imgproc.dir/src/moments.cpp.o
#13 64.45 [ 73%] Building CXX object modules/imgproc/CMakeFiles/opencv_imgproc.dir/src/morph.dispatch.cpp.o
#13 64.86 [ 74%] Building CXX object modules/imgproc/CMakeFiles/opencv_imgproc.dir/src/phasecorr.cpp.o
#13 64.89 [ 74%] Building CXX object modules/imgproc/CMakeFiles/opencv_imgproc.dir/src/pyramids.cpp.o
#13 65.25 [ 74%] Building CXX object modules/imgproc/CMakeFiles/opencv_imgproc.dir/src/resize.cpp.o
#13 65.60 [ 74%] Building CXX object modules/imgproc/CMakeFiles/opencv_imgproc.dir/src/rotcalipers.cpp.o
#13 65.85 [ 74%] Building CXX object modules/imgproc/CMakeFiles/opencv_imgproc.dir/src/samplers.cpp.o
#13 66.05 [ 75%] Building CXX object modules/imgproc/CMakeFiles/opencv_imgproc.dir/src/segmentation.cpp.o
#13 66.48 [ 75%] Building CXX object modules/imgproc/CMakeFiles/opencv_imgproc.dir/src/shapedescr.cpp.o
#13 67.33 [ 75%] Building CXX object modules/imgproc/CMakeFiles/opencv_imgproc.dir/src/smooth.dispatch.cpp.o
#13 67.55 [ 75%] Building CXX object modules/imgproc/CMakeFiles/opencv_imgproc.dir/src/spatialgradient.cpp.o
#13 67.96 [ 76%] Building CXX object modules/imgproc/CMakeFiles/opencv_imgproc.dir/src/stackblur.cpp.o
#13 68.42 [ 76%] Building CXX object modules/imgproc/CMakeFiles/opencv_imgproc.dir/src/subdivision2d.cpp.o
#13 68.44 [ 76%] Building CXX object modules/imgproc/CMakeFiles/opencv_imgproc.dir/src/sumpixels.dispatch.cpp.o
#13 68.73 [ 76%] Building CXX object modules/imgproc/CMakeFiles/opencv_imgproc.dir/src/tables.cpp.o
#13 69.60 [ 77%] Building CXX object modules/imgproc/CMakeFiles/opencv_imgproc.dir/src/templmatch.cpp.o
#13 69.67 [ 77%] Building CXX object modules/imgproc/CMakeFiles/opencv_imgproc.dir/src/thresh.cpp.o
#13 69.75 [ 77%] Building CXX object modules/imgproc/CMakeFiles/opencv_imgproc.dir/src/utils.cpp.o
#13 70.56 [ 77%] Building CXX object modules/imgproc/CMakeFiles/opencv_imgproc.dir/opencl_kernels_imgproc.cpp.o
#13 71.17 [ 78%] Building CXX object modules/imgproc/CMakeFiles/opencv_imgproc.dir/src/imgwarp.sse4_1.cpp.o
#13 71.76 [ 78%] Building CXX object modules/imgproc/CMakeFiles/opencv_imgproc.dir/src/resize.sse4_1.cpp.o
#13 71.79 [ 78%] Building CXX object modules/imgproc/CMakeFiles/opencv_imgproc.dir/accum.sse4_1.cpp.o
#13 71.80 [ 78%] Building CXX object modules/imgproc/CMakeFiles/opencv_imgproc.dir/box_filter.sse4_1.cpp.o
#13 71.92 [ 79%] Building CXX object modules/imgproc/CMakeFiles/opencv_imgproc.dir/filter.sse4_1.cpp.o
#13 72.41 [ 79%] Building CXX object modules/imgproc/CMakeFiles/opencv_imgproc.dir/color_hsv.sse4_1.cpp.o
#13 72.51 [ 79%] Building CXX object modules/imgproc/CMakeFiles/opencv_imgproc.dir/color_rgb.sse4_1.cpp.o
#13 73.07 [ 79%] Building CXX object modules/imgproc/CMakeFiles/opencv_imgproc.dir/color_yuv.sse4_1.cpp.o
#13 73.11 [ 80%] Building CXX object modules/imgproc/CMakeFiles/opencv_imgproc.dir/median_blur.sse4_1.cpp.o
#13 74.41 [ 80%] Building CXX object modules/imgproc/CMakeFiles/opencv_imgproc.dir/morph.sse4_1.cpp.o
#13 74.46 [ 80%] Building CXX object modules/imgproc/CMakeFiles/opencv_imgproc.dir/smooth.sse4_1.cpp.o
#13 74.55 [ 80%] Building CXX object modules/imgproc/CMakeFiles/opencv_imgproc.dir/src/corner.avx.cpp.o
#13 74.94 [ 81%] Building CXX object modules/imgproc/CMakeFiles/opencv_imgproc.dir/accum.avx.cpp.o
#13 75.00 [ 81%] Building CXX object modules/imgproc/CMakeFiles/opencv_imgproc.dir/src/imgwarp.avx2.cpp.o
#13 76.23 [ 81%] Building CXX object modules/imgproc/CMakeFiles/opencv_imgproc.dir/src/resize.avx2.cpp.o
#13 76.59 [ 81%] Building CXX object modules/imgproc/CMakeFiles/opencv_imgproc.dir/accum.avx2.cpp.o
#13 76.82 [ 82%] Building CXX object modules/imgproc/CMakeFiles/opencv_imgproc.dir/bilateral_filter.avx2.cpp.o
#13 76.85 [ 82%] Building CXX object modules/imgproc/CMakeFiles/opencv_imgproc.dir/box_filter.avx2.cpp.o
#13 77.36 [ 82%] Building CXX object modules/imgproc/CMakeFiles/opencv_imgproc.dir/filter.avx2.cpp.o
#13 78.14 [ 82%] Building CXX object modules/imgproc/CMakeFiles/opencv_imgproc.dir/color_hsv.avx2.cpp.o
#13 78.20 [ 83%] Building CXX object modules/imgproc/CMakeFiles/opencv_imgproc.dir/color_rgb.avx2.cpp.o
#13 78.60 [ 83%] Building CXX object modules/imgproc/CMakeFiles/opencv_imgproc.dir/color_yuv.avx2.cpp.o
#13 78.94 [ 83%] Building CXX object modules/imgproc/CMakeFiles/opencv_imgproc.dir/median_blur.avx2.cpp.o
#13 79.30 [ 83%] Building CXX object modules/imgproc/CMakeFiles/opencv_imgproc.dir/morph.avx2.cpp.o
#13 79.63 [ 84%] Building CXX object modules/imgproc/CMakeFiles/opencv_imgproc.dir/smooth.avx2.cpp.o
#13 79.70 [ 84%] Building CXX object modules/imgproc/CMakeFiles/opencv_imgproc.dir/sumpixels.avx2.cpp.o
#13 81.27 [ 84%] Building CXX object modules/imgproc/CMakeFiles/opencv_imgproc.dir/sumpixels.avx512_skx.cpp.o
#13 89.00 [ 84%] Linking CXX static library ../../lib/libopencv_imgproc.a
#13 89.17 make[2]: Leaving directory '/root/build'
#13 89.18 [ 84%] Built target opencv_imgproc
#13 89.18 make[2]: Entering directory '/root/build'
#13 89.18 make[2]: Entering directory '/root/build'
#13 89.19 [ 84%] Processing OpenCL kernels (video)
#13 89.19 make[2]: Leaving directory '/root/build'
#13 89.19 make[2]: Entering directory '/root/build'
#13 89.20 [ 84%] Building CXX object modules/imgcodecs/CMakeFiles/opencv_imgcodecs.dir/src/loadsave.cpp.o
#13 89.20 [ 84%] Building CXX object modules/imgcodecs/CMakeFiles/opencv_imgcodecs.dir/src/grfmt_bmp.cpp.o
#13 89.20 [ 84%] Building CXX object modules/imgcodecs/CMakeFiles/opencv_imgcodecs.dir/src/grfmt_gdcm.cpp.o
#13 89.20 [ 84%] Building CXX object modules/imgcodecs/CMakeFiles/opencv_imgcodecs.dir/src/grfmt_jpeg.cpp.o
#13 89.20 [ 84%] Building CXX object modules/imgcodecs/CMakeFiles/opencv_imgcodecs.dir/src/utils.cpp.o
#13 89.20 [ 85%] Building CXX object modules/imgcodecs/CMakeFiles/opencv_imgcodecs.dir/src/grfmt_avif.cpp.o
#13 89.20 [ 86%] Building CXX object modules/imgcodecs/CMakeFiles/opencv_imgcodecs.dir/src/grfmt_gdal.cpp.o
#13 89.20 [ 86%] Building CXX object modules/imgcodecs/CMakeFiles/opencv_imgcodecs.dir/src/grfmt_base.cpp.o
#13 89.20 [ 86%] Building CXX object modules/imgcodecs/CMakeFiles/opencv_imgcodecs.dir/src/grfmt_exr.cpp.o
#13 89.21 [ 86%] Building CXX object modules/imgcodecs/CMakeFiles/opencv_imgcodecs.dir/src/grfmt_jpeg2000_openjpeg.cpp.o
#13 89.21 [ 86%] Building CXX object modules/imgcodecs/CMakeFiles/opencv_imgcodecs.dir/src/grfmt_hdr.cpp.o
#13 89.21 [ 86%] Building CXX object modules/imgcodecs/CMakeFiles/opencv_imgcodecs.dir/src/grfmt_pfm.cpp.o
#13 89.21 [ 86%] Building CXX object modules/imgcodecs/CMakeFiles/opencv_imgcodecs.dir/src/grfmt_pam.cpp.o
#13 89.22 [ 87%] Building CXX object modules/imgcodecs/CMakeFiles/opencv_imgcodecs.dir/src/grfmt_png.cpp.o
#13 89.23 make[2]: Leaving directory '/root/build'
#13 89.23 [ 88%] Building CXX object modules/imgcodecs/CMakeFiles/opencv_imgcodecs.dir/src/grfmt_jpeg2000.cpp.o
#13 89.23 make[2]: Entering directory '/root/build'
#13 89.24 [ 88%] Building CXX object modules/video/CMakeFiles/opencv_video.dir/src/bgfg_KNN.cpp.o
#13 91.96 [ 88%] Building CXX object modules/imgcodecs/CMakeFiles/opencv_imgcodecs.dir/src/grfmt_pxm.cpp.o
#13 91.99 [ 88%] Building CXX object modules/imgcodecs/CMakeFiles/opencv_imgcodecs.dir/src/grfmt_spng.cpp.o
#13 92.01 [ 88%] Building CXX object modules/imgcodecs/CMakeFiles/opencv_imgcodecs.dir/src/grfmt_sunras.cpp.o
#13 92.04 [ 89%] Building CXX object modules/imgcodecs/CMakeFiles/opencv_imgcodecs.dir/src/grfmt_tiff.cpp.o
#13 92.07 [ 89%] Building CXX object modules/imgcodecs/CMakeFiles/opencv_imgcodecs.dir/src/grfmt_webp.cpp.o
#13 92.13 [ 89%] Building CXX object modules/imgcodecs/CMakeFiles/opencv_imgcodecs.dir/src/bitstrm.cpp.o
#13 92.18 [ 89%] Building CXX object modules/imgcodecs/CMakeFiles/opencv_imgcodecs.dir/src/rgbe.cpp.o
#13 92.19 [ 90%] Building CXX object modules/imgcodecs/CMakeFiles/opencv_imgcodecs.dir/src/exif.cpp.o
#13 92.28 [ 91%] Building CXX object modules/video/CMakeFiles/opencv_video.dir/src/bgfg_gaussmix2.cpp.o
#13 92.32 [ 91%] Building CXX object modules/video/CMakeFiles/opencv_video.dir/src/camshift.cpp.o
#13 92.34 [ 91%] Building CXX object modules/video/CMakeFiles/opencv_video.dir/src/dis_flow.cpp.o
#13 92.45 [ 91%] Building CXX object modules/video/CMakeFiles/opencv_video.dir/src/ecc.cpp.o
#13 92.63 [ 92%] Building CXX object modules/video/CMakeFiles/opencv_video.dir/src/kalman.cpp.o
#13 92.67 [ 92%] Building CXX object modules/video/CMakeFiles/opencv_video.dir/src/lkpyramid.cpp.o
#13 92.75 [ 92%] Building CXX object modules/video/CMakeFiles/opencv_video.dir/src/optflowgf.cpp.o
#13 93.34 [ 92%] Building CXX object modules/video/CMakeFiles/opencv_video.dir/src/optical_flow_io.cpp.o
#13 94.40 [ 93%] Building CXX object modules/video/CMakeFiles/opencv_video.dir/src/tracking/detail/tracker_feature.cpp.o
#13 94.63 [ 93%] Building CXX object modules/video/CMakeFiles/opencv_video.dir/src/tracking/detail/tracker_feature_set.cpp.o
#13 94.63 [ 93%] Building CXX object modules/video/CMakeFiles/opencv_video.dir/src/tracking/detail/tracker_mil_model.cpp.o
#13 94.71 [ 93%] Building CXX object modules/video/CMakeFiles/opencv_video.dir/src/tracking/detail/tracker_mil_state.cpp.o
#13 94.76 [ 94%] Building CXX object modules/video/CMakeFiles/opencv_video.dir/src/tracking/detail/tracker_model.cpp.o
#13 95.07 [ 94%] Building CXX object modules/video/CMakeFiles/opencv_video.dir/src/tracking/detail/tracker_sampler.cpp.o
#13 95.09 [ 94%] Building CXX object modules/video/CMakeFiles/opencv_video.dir/src/tracking/detail/tracker_sampler_algorithm.cpp.o
#13 95.19 [ 94%] Building CXX object modules/video/CMakeFiles/opencv_video.dir/src/tracking/detail/tracker_state_estimator.cpp.o
#13 95.43 [ 95%] Building CXX object modules/video/CMakeFiles/opencv_video.dir/src/tracking/detail/tracking_feature.cpp.o
#13 95.64 [ 95%] Building CXX object modules/video/CMakeFiles/opencv_video.dir/src/tracking/detail/tracking_online_mil.cpp.o
#13 95.71 [ 95%] Linking CXX static library ../../lib/libopencv_imgcodecs.a
#13 95.80 make[2]: Leaving directory '/root/build'
#13 95.81 [ 95%] Built target opencv_imgcodecs
#13 95.82 [ 95%] Building CXX object modules/video/CMakeFiles/opencv_video.dir/src/tracking/tracker.cpp.o
#13 95.92 [ 95%] Building CXX object modules/video/CMakeFiles/opencv_video.dir/src/tracking/tracker_dasiamrpn.cpp.o
#13 96.14 [ 96%] Building CXX object modules/video/CMakeFiles/opencv_video.dir/src/tracking/tracker_goturn.cpp.o
#13 96.25 [ 96%] Building CXX object modules/video/CMakeFiles/opencv_video.dir/src/tracking/tracker_mil.cpp.o
#13 96.62 [ 96%] Building CXX object modules/video/CMakeFiles/opencv_video.dir/src/tracking/tracker_nano.cpp.o
#13 96.62 make[2]: Entering directory '/root/build'
#13 96.66 make[2]: Leaving directory '/root/build'
#13 96.66 make[2]: Entering directory '/root/build'
#13 96.67 [ 96%] Building CXX object modules/videoio/CMakeFiles/opencv_videoio.dir/src/videoio_registry.cpp.o
#13 97.09 [ 96%] Building CXX object modules/video/CMakeFiles/opencv_video.dir/src/variational_refinement.cpp.o
#13 97.42 [ 97%] Building CXX object modules/video/CMakeFiles/opencv_video.dir/opencl_kernels_video.cpp.o
#13 97.55 [ 97%] Building CXX object modules/videoio/CMakeFiles/opencv_videoio.dir/src/videoio_c.cpp.o
#13 97.61 [ 98%] Building CXX object modules/videoio/CMakeFiles/opencv_videoio.dir/src/cap.cpp.o
#13 97.81 [ 98%] Building CXX object modules/videoio/CMakeFiles/opencv_videoio.dir/src/cap_images.cpp.o
#13 97.81 [ 98%] Building CXX object modules/videoio/CMakeFiles/opencv_videoio.dir/src/cap_mjpeg_encoder.cpp.o
#13 97.86 [ 98%] Building CXX object modules/videoio/CMakeFiles/opencv_videoio.dir/src/cap_mjpeg_decoder.cpp.o
#13 97.93 [ 99%] Building CXX object modules/videoio/CMakeFiles/opencv_videoio.dir/src/backend_plugin.cpp.o
#13 98.48 [ 99%] Building CXX object modules/videoio/CMakeFiles/opencv_videoio.dir/src/backend_static.cpp.o
#13 98.54 [ 99%] Building CXX object modules/videoio/CMakeFiles/opencv_videoio.dir/src/container_avi.cpp.o
#13 98.59 [ 99%] Building CXX object modules/videoio/CMakeFiles/opencv_videoio.dir/src/cap_ffmpeg.cpp.o
#13 101.0 [ 99%] Linking CXX static library ../../lib/libopencv_video.a
#13 101.0 make[2]: Leaving directory '/root/build'
#13 101.0 [ 99%] Built target opencv_video
#13 102.3 [100%] Linking CXX static library ../../lib/libopencv_videoio.a
#13 102.4 make[2]: Leaving directory '/root/build'
#13 102.4 [100%] Built target opencv_videoio
#13 102.4 make[1]: Leaving directory '/root/build'
#13 102.4 Install the project...
#13 102.4 -- Install configuration: "Release"
#13 102.4 -- Installing: /opt/opencv/share/licenses/opencv4/ippicv-readme.htm
#13 102.4 -- Installing: /opt/opencv/share/licenses/opencv4/ippicv-EULA.txt
#13 102.4 -- Installing: /opt/opencv/share/licenses/opencv4/ippicv-third-party-programs.txt
#13 102.4 -- Installing: /opt/opencv/lib/opencv4/3rdparty/libippicv.a
#13 102.5 -- Installing: /opt/opencv/share/licenses/opencv4/ippiw-support.txt
#13 102.5 -- Installing: /opt/opencv/share/licenses/opencv4/ippiw-third-party-programs.txt
#13 102.5 -- Installing: /opt/opencv/share/licenses/opencv4/ippiw-EULA.txt
#13 102.5 -- Installing: /opt/opencv/include/opencv4/opencv2/cvconfig.h
#13 102.5 -- Installing: /opt/opencv/include/opencv4/opencv2/opencv_modules.hpp
#13 102.5 -- Installing: /opt/opencv/lib/cmake/opencv4/OpenCVModules.cmake
#13 102.5 -- Installing: /opt/opencv/lib/cmake/opencv4/OpenCVModules-release.cmake
#13 102.5 -- Installing: /opt/opencv/lib/cmake/opencv4/OpenCVConfig-version.cmake
#13 102.5 -- Installing: /opt/opencv/lib/cmake/opencv4/OpenCVConfig.cmake
#13 102.5 -- Installing: /opt/opencv/bin/setup_vars_opencv4.sh
#13 102.5 -- Installing: /opt/opencv/share/opencv4/valgrind.supp
#13 102.5 -- Installing: /opt/opencv/share/opencv4/valgrind_3rdparty.supp
#13 102.5 -- Installing: /opt/opencv/lib/opencv4/3rdparty/libzlib.a
#13 102.5 -- Installing: /opt/opencv/share/licenses/opencv4/zlib-LICENSE
#13 102.5 -- Installing: /opt/opencv/lib/opencv4/3rdparty/liblibjpeg-turbo.a
#13 102.5 -- Installing: /opt/opencv/share/licenses/opencv4/libjpeg-turbo-README.md
#13 102.5 -- Installing: /opt/opencv/share/licenses/opencv4/libjpeg-turbo-LICENSE.md
#13 102.5 -- Installing: /opt/opencv/share/licenses/opencv4/libjpeg-turbo-README.ijg
#13 102.5 -- Installing: /opt/opencv/share/licenses/opencv4/libopenjp2-README.md
#13 102.5 -- Installing: /opt/opencv/share/licenses/opencv4/libopenjp2-LICENSE
#13 102.5 -- Installing: /opt/opencv/lib/opencv4/3rdparty/liblibopenjp2.a
#13 102.5 -- Installing: /opt/opencv/lib/opencv4/3rdparty/liblibpng.a
#13 102.5 -- Installing: /opt/opencv/share/licenses/opencv4/libpng-LICENSE
#13 102.5 -- Installing: /opt/opencv/share/licenses/opencv4/libpng-README
#13 102.5 -- Installing: /opt/opencv/lib/opencv4/3rdparty/libippiw.a
#13 102.5 -- Installing: /opt/opencv/include/opencv4/opencv2/opencv.hpp
#13 102.5 -- Installing: /opt/opencv/lib/libopencv_core.a
#13 102.6 -- Installing: /opt/opencv/include/opencv4/opencv2/core.hpp
#13 102.6 -- Installing: /opt/opencv/include/opencv4/opencv2/core/affine.hpp
#13 102.6 -- Installing: /opt/opencv/include/opencv4/opencv2/core/async.hpp
#13 102.6 -- Installing: /opt/opencv/include/opencv4/opencv2/core/base.hpp
#13 102.6 -- Installing: /opt/opencv/include/opencv4/opencv2/core/bindings_utils.hpp
#13 102.6 -- Installing: /opt/opencv/include/opencv4/opencv2/core/bufferpool.hpp
#13 102.6 -- Installing: /opt/opencv/include/opencv4/opencv2/core/check.hpp
#13 102.6 -- Installing: /opt/opencv/include/opencv4/opencv2/core/core.hpp
#13 102.6 -- Installing: /opt/opencv/include/opencv4/opencv2/core/core_c.h
#13 102.6 -- Installing: /opt/opencv/include/opencv4/opencv2/core/cuda.hpp
#13 102.6 -- Installing: /opt/opencv/include/opencv4/opencv2/core/cuda.inl.hpp
#13 102.6 -- Installing: /opt/opencv/include/opencv4/opencv2/core/cuda/block.hpp
#13 102.6 -- Installing: /opt/opencv/include/opencv4/opencv2/core/cuda/border_interpolate.hpp
#13 102.6 -- Installing: /opt/opencv/include/opencv4/opencv2/core/cuda/color.hpp
#13 102.6 -- Installing: /opt/opencv/include/opencv4/opencv2/core/cuda/common.hpp
#13 102.6 -- Installing: /opt/opencv/include/opencv4/opencv2/core/cuda/datamov_utils.hpp
#13 102.6 -- Installing: /opt/opencv/include/opencv4/opencv2/core/cuda/detail/color_detail.hpp
#13 102.6 -- Installing: /opt/opencv/include/opencv4/opencv2/core/cuda/detail/reduce.hpp
#13 102.6 -- Installing: /opt/opencv/include/opencv4/opencv2/core/cuda/detail/reduce_key_val.hpp
#13 102.6 -- Installing: /opt/opencv/include/opencv4/opencv2/core/cuda/detail/transform_detail.hpp
#13 102.6 -- Installing: /opt/opencv/include/opencv4/opencv2/core/cuda/detail/type_traits_detail.hpp
#13 102.6 -- Installing: /opt/opencv/include/opencv4/opencv2/core/cuda/detail/vec_distance_detail.hpp
#13 102.6 -- Installing: /opt/opencv/include/opencv4/opencv2/core/cuda/dynamic_smem.hpp
#13 102.6 -- Installing: /opt/opencv/include/opencv4/opencv2/core/cuda/emulation.hpp
#13 102.6 -- Installing: /opt/opencv/include/opencv4/opencv2/core/cuda/filters.hpp
#13 102.6 -- Installing: /opt/opencv/include/opencv4/opencv2/core/cuda/funcattrib.hpp
#13 102.6 -- Installing: /opt/opencv/include/opencv4/opencv2/core/cuda/functional.hpp
#13 102.6 -- Installing: /opt/opencv/include/opencv4/opencv2/core/cuda/limits.hpp
#13 102.6 -- Installing: /opt/opencv/include/opencv4/opencv2/core/cuda/reduce.hpp
#13 102.6 -- Installing: /opt/opencv/include/opencv4/opencv2/core/cuda/saturate_cast.hpp
#13 102.6 -- Installing: /opt/opencv/include/opencv4/opencv2/core/cuda/scan.hpp
#13 102.6 -- Installing: /opt/opencv/include/opencv4/opencv2/core/cuda/simd_functions.hpp
#13 102.6 -- Installing: /opt/opencv/include/opencv4/opencv2/core/cuda/transform.hpp
#13 102.6 -- Installing: /opt/opencv/include/opencv4/opencv2/core/cuda/type_traits.hpp
#13 102.6 -- Installing: /opt/opencv/include/opencv4/opencv2/core/cuda/utility.hpp
#13 102.6 -- Installing: /opt/opencv/include/opencv4/opencv2/core/cuda/vec_distance.hpp
#13 102.6 -- Installing: /opt/opencv/include/opencv4/opencv2/core/cuda/vec_math.hpp
#13 102.6 -- Installing: /opt/opencv/include/opencv4/opencv2/core/cuda/vec_traits.hpp
#13 102.6 -- Installing: /opt/opencv/include/opencv4/opencv2/core/cuda/warp.hpp
#13 102.6 -- Installing: /opt/opencv/include/opencv4/opencv2/core/cuda/warp_reduce.hpp
#13 102.6 -- Installing: /opt/opencv/include/opencv4/opencv2/core/cuda/warp_shuffle.hpp
#13 102.6 -- Installing: /opt/opencv/include/opencv4/opencv2/core/cuda_stream_accessor.hpp
#13 102.6 -- Installing: /opt/opencv/include/opencv4/opencv2/core/cuda_types.hpp
#13 102.6 -- Installing: /opt/opencv/include/opencv4/opencv2/core/cv_cpu_dispatch.h
#13 102.6 -- Installing: /opt/opencv/include/opencv4/opencv2/core/cv_cpu_helper.h
#13 102.6 -- Installing: /opt/opencv/include/opencv4/opencv2/core/cvdef.h
#13 102.6 -- Installing: /opt/opencv/include/opencv4/opencv2/core/cvstd.hpp
#13 102.6 -- Installing: /opt/opencv/include/opencv4/opencv2/core/cvstd.inl.hpp
#13 102.6 -- Installing: /opt/opencv/include/opencv4/opencv2/core/cvstd_wrapper.hpp
#13 102.6 -- Installing: /opt/opencv/include/opencv4/opencv2/core/detail/async_promise.hpp
#13 102.6 -- Installing: /opt/opencv/include/opencv4/opencv2/core/detail/dispatch_helper.impl.hpp
#13 102.6 -- Installing: /opt/opencv/include/opencv4/opencv2/core/detail/exception_ptr.hpp
#13 102.6 -- Installing: /opt/opencv/include/opencv4/opencv2/core/directx.hpp
#13 102.6 -- Installing: /opt/opencv/include/opencv4/opencv2/core/dualquaternion.hpp
#13 102.6 -- Installing: /opt/opencv/include/opencv4/opencv2/core/dualquaternion.inl.hpp
#13 102.6 -- Installing: /opt/opencv/include/opencv4/opencv2/core/eigen.hpp
#13 102.6 -- Installing: /opt/opencv/include/opencv4/opencv2/core/fast_math.hpp
#13 102.6 -- Installing: /opt/opencv/include/opencv4/opencv2/core/hal/hal.hpp
#13 102.6 -- Installing: /opt/opencv/include/opencv4/opencv2/core/hal/interface.h
#13 102.6 -- Installing: /opt/opencv/include/opencv4/opencv2/core/hal/intrin.hpp
#13 102.6 -- Installing: /opt/opencv/include/opencv4/opencv2/core/hal/intrin_avx.hpp
#13 102.6 -- Installing: /opt/opencv/include/opencv4/opencv2/core/hal/intrin_avx512.hpp
#13 102.6 -- Installing: /opt/opencv/include/opencv4/opencv2/core/hal/intrin_cpp.hpp
#13 102.6 -- Installing: /opt/opencv/include/opencv4/opencv2/core/hal/intrin_forward.hpp
#13 102.6 -- Installing: /opt/opencv/include/opencv4/opencv2/core/hal/intrin_lasx.hpp
#13 102.6 -- Installing: /opt/opencv/include/opencv4/opencv2/core/hal/intrin_msa.hpp
#13 102.6 -- Installing: /opt/opencv/include/opencv4/opencv2/core/hal/intrin_neon.hpp
#13 102.6 -- Installing: /opt/opencv/include/opencv4/opencv2/core/hal/intrin_rvv.hpp
#13 102.6 -- Installing: /opt/opencv/include/opencv4/opencv2/core/hal/intrin_rvv071.hpp
#13 102.6 -- Installing: /opt/opencv/include/opencv4/opencv2/core/hal/intrin_rvv_010_compat_non-policy.hpp
#13 102.6 -- Installing: /opt/opencv/include/opencv4/opencv2/core/hal/intrin_rvv_010_compat_overloaded-non-policy.hpp
#13 102.6 -- Installing: /opt/opencv/include/opencv4/opencv2/core/hal/intrin_rvv_compat_overloaded.hpp
#13 102.6 -- Installing: /opt/opencv/include/opencv4/opencv2/core/hal/intrin_rvv_scalable.hpp
#13 102.6 -- Installing: /opt/opencv/include/opencv4/opencv2/core/hal/intrin_sse.hpp
#13 102.6 -- Installing: /opt/opencv/include/opencv4/opencv2/core/hal/intrin_sse_em.hpp
#13 102.6 -- Installing: /opt/opencv/include/opencv4/opencv2/core/hal/intrin_vsx.hpp
#13 102.6 -- Installing: /opt/opencv/include/opencv4/opencv2/core/hal/intrin_wasm.hpp
#13 102.6 -- Installing: /opt/opencv/include/opencv4/opencv2/core/hal/msa_macros.h
#13 102.6 -- Installing: /opt/opencv/include/opencv4/opencv2/core/hal/simd_utils.impl.hpp
#13 102.6 -- Installing: /opt/opencv/include/opencv4/opencv2/core/mat.hpp
#13 102.6 -- Installing: /opt/opencv/include/opencv4/opencv2/core/mat.inl.hpp
#13 102.6 -- Installing: /opt/opencv/include/opencv4/opencv2/core/matx.hpp
#13 102.6 -- Installing: /opt/opencv/include/opencv4/opencv2/core/neon_utils.hpp
#13 102.6 -- Installing: /opt/opencv/include/opencv4/opencv2/core/ocl.hpp
#13 102.6 -- Installing: /opt/opencv/include/opencv4/opencv2/core/ocl_genbase.hpp
#13 102.6 -- Installing: /opt/opencv/include/opencv4/opencv2/core/opencl/ocl_defs.hpp
#13 102.6 -- Installing: /opt/opencv/include/opencv4/opencv2/core/opencl/opencl_info.hpp
#13 102.6 -- Installing: /opt/opencv/include/opencv4/opencv2/core/opencl/opencl_svm.hpp
#13 102.6 -- Installing: /opt/opencv/include/opencv4/opencv2/core/opencl/runtime/autogenerated/opencl_clblas.hpp
#13 102.6 -- Installing: /opt/opencv/include/opencv4/opencv2/core/opencl/runtime/autogenerated/opencl_clfft.hpp
#13 102.6 -- Installing: /opt/opencv/include/opencv4/opencv2/core/opencl/runtime/autogenerated/opencl_core.hpp
#13 102.6 -- Installing: /opt/opencv/include/opencv4/opencv2/core/opencl/runtime/autogenerated/opencl_core_wrappers.hpp
#13 102.6 -- Installing: /opt/opencv/include/opencv4/opencv2/core/opencl/runtime/autogenerated/opencl_gl.hpp
#13 102.6 -- Installing: /opt/opencv/include/opencv4/opencv2/core/opencl/runtime/autogenerated/opencl_gl_wrappers.hpp
#13 102.6 -- Installing: /opt/opencv/include/opencv4/opencv2/core/opencl/runtime/opencl_clblas.hpp
#13 102.6 -- Installing: /opt/opencv/include/opencv4/opencv2/core/opencl/runtime/opencl_clfft.hpp
#13 102.6 -- Installing: /opt/opencv/include/opencv4/opencv2/core/opencl/runtime/opencl_core.hpp
#13 102.6 -- Installing: /opt/opencv/include/opencv4/opencv2/core/opencl/runtime/opencl_core_wrappers.hpp
#13 102.6 -- Installing: /opt/opencv/include/opencv4/opencv2/core/opencl/runtime/opencl_gl.hpp
#13 102.6 -- Installing: /opt/opencv/include/opencv4/opencv2/core/opencl/runtime/opencl_gl_wrappers.hpp
#13 102.6 -- Installing: /opt/opencv/include/opencv4/opencv2/core/opencl/runtime/opencl_svm_20.hpp
#13 102.6 -- Installing: /opt/opencv/include/opencv4/opencv2/core/opencl/runtime/opencl_svm_definitions.hpp
#13 102.6 -- Installing: /opt/opencv/include/opencv4/opencv2/core/opencl/runtime/opencl_svm_hsa_extension.hpp
#13 102.6 -- Installing: /opt/opencv/include/opencv4/opencv2/core/opengl.hpp
#13 102.6 -- Installing: /opt/opencv/include/opencv4/opencv2/core/operations.hpp
#13 102.6 -- Installing: /opt/opencv/include/opencv4/opencv2/core/optim.hpp
#13 102.6 -- Installing: /opt/opencv/include/opencv4/opencv2/core/ovx.hpp
#13 102.6 -- Installing: /opt/opencv/include/opencv4/opencv2/core/parallel/backend/parallel_for.openmp.hpp
#13 102.6 -- Installing: /opt/opencv/include/opencv4/opencv2/core/parallel/backend/parallel_for.tbb.hpp
#13 102.6 -- Installing: /opt/opencv/include/opencv4/opencv2/core/parallel/parallel_backend.hpp
#13 102.6 -- Installing: /opt/opencv/include/opencv4/opencv2/core/persistence.hpp
#13 102.6 -- Installing: /opt/opencv/include/opencv4/opencv2/core/quaternion.hpp
#13 102.6 -- Installing: /opt/opencv/include/opencv4/opencv2/core/quaternion.inl.hpp
#13 102.6 -- Installing: /opt/opencv/include/opencv4/opencv2/core/saturate.hpp
#13 102.6 -- Installing: /opt/opencv/include/opencv4/opencv2/core/simd_intrinsics.hpp
#13 102.6 -- Installing: /opt/opencv/include/opencv4/opencv2/core/softfloat.hpp
#13 102.6 -- Installing: /opt/opencv/include/opencv4/opencv2/core/sse_utils.hpp
#13 102.6 -- Installing: /opt/opencv/include/opencv4/opencv2/core/traits.hpp
#13 102.6 -- Installing: /opt/opencv/include/opencv4/opencv2/core/types.hpp
#13 102.6 -- Installing: /opt/opencv/include/opencv4/opencv2/core/types_c.h
#13 102.6 -- Installing: /opt/opencv/include/opencv4/opencv2/core/utility.hpp
#13 102.6 -- Installing: /opt/opencv/include/opencv4/opencv2/core/utils/allocator_stats.hpp
#13 102.6 -- Installing: /opt/opencv/include/opencv4/opencv2/core/utils/allocator_stats.impl.hpp
#13 102.6 -- Installing: /opt/opencv/include/opencv4/opencv2/core/utils/filesystem.hpp
#13 102.6 -- Installing: /opt/opencv/include/opencv4/opencv2/core/utils/fp_control_utils.hpp
#13 102.6 -- Installing: /opt/opencv/include/opencv4/opencv2/core/utils/instrumentation.hpp
#13 102.6 -- Installing: /opt/opencv/include/opencv4/opencv2/core/utils/logger.defines.hpp
#13 102.6 -- Installing: /opt/opencv/include/opencv4/opencv2/core/utils/logger.hpp
#13 102.6 -- Installing: /opt/opencv/include/opencv4/opencv2/core/utils/logtag.hpp
#13 102.6 -- Installing: /opt/opencv/include/opencv4/opencv2/core/utils/tls.hpp
#13 102.6 -- Installing: /opt/opencv/include/opencv4/opencv2/core/utils/trace.hpp
#13 102.6 -- Installing: /opt/opencv/include/opencv4/opencv2/core/va_intel.hpp
#13 102.6 -- Installing: /opt/opencv/include/opencv4/opencv2/core/version.hpp
#13 102.6 -- Installing: /opt/opencv/include/opencv4/opencv2/core/vsx_utils.hpp
#13 102.6 -- Installing: /opt/opencv/share/licenses/opencv4/SoftFloat-COPYING.txt
#13 102.6 -- Installing: /opt/opencv/lib/libopencv_imgproc.a
#13 102.6 -- Installing: /opt/opencv/include/opencv4/opencv2/imgproc.hpp
#13 102.6 -- Installing: /opt/opencv/include/opencv4/opencv2/imgproc/bindings.hpp
#13 102.6 -- Installing: /opt/opencv/include/opencv4/opencv2/imgproc/detail/gcgraph.hpp
#13 102.6 -- Installing: /opt/opencv/include/opencv4/opencv2/imgproc/hal/hal.hpp
#13 102.6 -- Installing: /opt/opencv/include/opencv4/opencv2/imgproc/hal/interface.h
#13 102.6 -- Installing: /opt/opencv/include/opencv4/opencv2/imgproc/imgproc.hpp
#13 102.6 -- Installing: /opt/opencv/include/opencv4/opencv2/imgproc/imgproc_c.h
#13 102.6 -- Installing: /opt/opencv/include/opencv4/opencv2/imgproc/segmentation.hpp
#13 102.6 -- Installing: /opt/opencv/include/opencv4/opencv2/imgproc/types_c.h
#13 102.6 -- Installing: /opt/opencv/lib/libopencv_video.a
#13 102.6 -- Installing: /opt/opencv/include/opencv4/opencv2/video.hpp
#13 102.6 -- Installing: /opt/opencv/include/opencv4/opencv2/video/background_segm.hpp
#13 102.6 -- Installing: /opt/opencv/include/opencv4/opencv2/video/detail/tracking.detail.hpp
#13 102.6 -- Installing: /opt/opencv/include/opencv4/opencv2/video/legacy/constants_c.h
#13 102.6 -- Installing: /opt/opencv/include/opencv4/opencv2/video/tracking.hpp
#13 102.6 -- Installing: /opt/opencv/include/opencv4/opencv2/video/video.hpp
#13 102.6 -- Installing: /opt/opencv/lib/libopencv_imgcodecs.a
#13 102.6 -- Installing: /opt/opencv/include/opencv4/opencv2/imgcodecs.hpp
#13 102.6 -- Installing: /opt/opencv/include/opencv4/opencv2/imgcodecs/imgcodecs.hpp
#13 102.6 -- Installing: /opt/opencv/include/opencv4/opencv2/imgcodecs/imgcodecs_c.h
#13 102.6 -- Installing: /opt/opencv/include/opencv4/opencv2/imgcodecs/ios.h
#13 102.6 -- Installing: /opt/opencv/include/opencv4/opencv2/imgcodecs/legacy/constants_c.h
#13 102.6 -- Installing: /opt/opencv/include/opencv4/opencv2/imgcodecs/macosx.h
#13 102.6 -- Installing: /opt/opencv/lib/libopencv_videoio.a
#13 102.6 -- Installing: /opt/opencv/include/opencv4/opencv2/videoio.hpp
#13 102.6 -- Installing: /opt/opencv/include/opencv4/opencv2/videoio/cap_ios.h
#13 102.6 -- Installing: /opt/opencv/include/opencv4/opencv2/videoio/legacy/constants_c.h
#13 102.6 -- Installing: /opt/opencv/include/opencv4/opencv2/videoio/registry.hpp
#13 102.6 -- Installing: /opt/opencv/include/opencv4/opencv2/videoio/videoio.hpp
#13 102.6 -- Installing: /opt/opencv/include/opencv4/opencv2/videoio/videoio_c.h
#13 102.6 -- Installing: /opt/opencv/share/opencv4/haarcascades/haarcascade_eye.xml
#13 102.6 -- Installing: /opt/opencv/share/opencv4/haarcascades/haarcascade_eye_tree_eyeglasses.xml
#13 102.6 -- Installing: /opt/opencv/share/opencv4/haarcascades/haarcascade_frontalcatface.xml
#13 102.6 -- Installing: /opt/opencv/share/opencv4/haarcascades/haarcascade_frontalcatface_extended.xml
#13 102.6 -- Installing: /opt/opencv/share/opencv4/haarcascades/haarcascade_frontalface_alt.xml
#13 102.7 -- Installing: /opt/opencv/share/opencv4/haarcascades/haarcascade_frontalface_alt2.xml
#13 102.7 -- Installing: /opt/opencv/share/opencv4/haarcascades/haarcascade_frontalface_alt_tree.xml
#13 102.7 -- Installing: /opt/opencv/share/opencv4/haarcascades/haarcascade_frontalface_default.xml
#13 102.7 -- Installing: /opt/opencv/share/opencv4/haarcascades/haarcascade_fullbody.xml
#13 102.7 -- Installing: /opt/opencv/share/opencv4/haarcascades/haarcascade_lefteye_2splits.xml
#13 102.7 -- Installing: /opt/opencv/share/opencv4/haarcascades/haarcascade_license_plate_rus_16stages.xml
#13 102.7 -- Installing: /opt/opencv/share/opencv4/haarcascades/haarcascade_lowerbody.xml
#13 102.7 -- Installing: /opt/opencv/share/opencv4/haarcascades/haarcascade_profileface.xml
#13 102.7 -- Installing: /opt/opencv/share/opencv4/haarcascades/haarcascade_righteye_2splits.xml
#13 102.7 -- Installing: /opt/opencv/share/opencv4/haarcascades/haarcascade_russian_plate_number.xml
#13 102.7 -- Installing: /opt/opencv/share/opencv4/haarcascades/haarcascade_smile.xml
#13 102.7 -- Installing: /opt/opencv/share/opencv4/haarcascades/haarcascade_upperbody.xml
#13 102.7 -- Installing: /opt/opencv/share/opencv4/lbpcascades/lbpcascade_frontalcatface.xml
#13 102.7 -- Installing: /opt/opencv/share/opencv4/lbpcascades/lbpcascade_frontalface.xml
#13 102.7 -- Installing: /opt/opencv/share/opencv4/lbpcascades/lbpcascade_frontalface_improved.xml
#13 102.7 -- Installing: /opt/opencv/share/opencv4/lbpcascades/lbpcascade_profileface.xml
#13 102.7 -- Installing: /opt/opencv/share/opencv4/lbpcascades/lbpcascade_silverware.xml
#13 102.7 -- Installing: /opt/opencv/bin/opencv_version
#13 102.7 -- Set runtime path of "/opt/opencv/bin/opencv_version" to "/opt/opencv/lib"
#13 102.7 make: Leaving directory '/root/build'
#13 DONE 103.1s

#14 [test  3/11] RUN set -xeu &&     DEBIAN_FRONTEND=noninteractive apt-get install -y curl clang libclang-dev     cmake     libavcodec-dev libavformat-dev libavutil-dev libswscale-dev
#14 CACHED

#15 [frontend 2/3] RUN set -xeu && 	git clone https://github.com/piotrpdev/oko.git /root/oko
#15 CACHED

#16 [test  4/11] RUN set -xeu &&     curl --proto '=https' --tlsv1.2 -sSf https://sh.rustup.rs | sh -s -- -y --profile=minimal
#16 CACHED

#17 [frontend 3/3] RUN set -xeu && 	npm --prefix=/root/oko/frontend ci && 	npm --prefix=/root/oko/frontend run build && 	mkdir -p /root/oko/backend/static && 	cp -r /root/oko/frontend/dist/* /root/oko/backend/static/
#17 CACHED

#18 [test  5/11] COPY --from=backend /opt/opencv /opt/opencv
#18 DONE 0.8s

#19 [test  6/11] COPY --from=frontend /root/oko /root/oko
#19 DONE 5.3s

#20 [test  7/11] RUN set -xeu && 	ls /opt/opencv/lib && 	ls /opt/opencv/lib/opencv4/3rdparty && 	ls /usr/lib/x86_64-linux-gnu && 	ls /opt/opencv/include && 	ls /opt/opencv/include/opencv4 && 	ls /usr/include/x86_64-linux-gnu
#20 0.692 + ls /opt/opencv/lib
#20 0.693 cmake
#20 0.693 libopencv_core.a
#20 0.693 libopencv_imgcodecs.a
#20 0.693 libopencv_imgproc.a
#20 0.693 libopencv_video.a
#20 0.693 libopencv_videoio.a
#20 0.693 opencv4
#20 0.693 + ls /opt/opencv/lib/opencv4/3rdparty
#20 0.693 libippicv.a
#20 0.693 libippiw.a
#20 0.693 liblibjpeg-turbo.a
#20 0.693 liblibopenjp2.a
#20 0.693 liblibpng.a
#20 0.693 libzlib.a
#20 0.694 + ls /usr/lib/x86_64-linux-gnu
#20 0.695 Mcrt1.o
#20 0.695 Scrt1.o
#20 0.695 audit
#20 0.695 bfd-plugins
#20 0.695 crt1.o
#20 0.695 crti.o
#20 0.695 crtn.o
#20 0.695 dri
#20 0.695 e2fsprogs
#20 0.695 engines-3
#20 0.695 gconv
#20 0.695 gcrt1.o
#20 0.695 gdk-pixbuf-2.0
#20 0.695 gio
#20 0.695 glib-2.0
#20 0.695 grcrt1.o
#20 0.695 icu
#20 0.695 krb5
#20 0.695 ld-linux-x86-64.so.2
#20 0.695 ldscripts
#20 0.695 libBrokenLocale.a
#20 0.695 libBrokenLocale.so
#20 0.695 libBrokenLocale.so.1
#20 0.695 libLLVM-14.0.0.so.1
#20 0.695 libLLVM-14.so
#20 0.695 libLLVM-14.so.1
#20 0.695 libLLVM-15.so
#20 0.695 libLLVM-15.so.1
#20 0.695 libOpenCL.so.1
#20 0.695 libOpenCL.so.1.0.0
#20 0.695 libX11-xcb.so.1
#20 0.695 libX11-xcb.so.1.0.0
#20 0.695 libX11.so.6
#20 0.695 libX11.so.6.4.0
#20 0.695 libXau.so.6
#20 0.695 libXau.so.6.0.0
#20 0.695 libXdmcp.so.6
#20 0.695 libXdmcp.so.6.0.0
#20 0.695 libXext.so.6
#20 0.695 libXext.so.6.4.0
#20 0.695 libXfixes.so.3
#20 0.695 libXfixes.so.3.1.0
#20 0.695 libXpm.so.4
#20 0.695 libXpm.so.4.11.0
#20 0.695 libXrender.so.1
#20 0.695 libXrender.so.1.3.0
#20 0.695 libaacs.so.0
#20 0.695 libaacs.so.0.7.2
#20 0.695 libacl.so.1
#20 0.695 libacl.so.1.1.2301
#20 0.695 libanl.a
#20 0.695 libanl.so
#20 0.695 libanl.so.1
#20 0.695 libaom.so.3
#20 0.695 libaom.so.3.3.0
#20 0.695 libapt-pkg.so.6.0
#20 0.695 libapt-pkg.so.6.0.0
#20 0.695 libapt-private.so.0.0
#20 0.695 libapt-private.so.0.0.0
#20 0.695 libarchive.so.13
#20 0.695 libarchive.so.13.6.0
#20 0.695 libasan.so.6
#20 0.695 libasan.so.6.0.0
#20 0.695 libatomic.so.1
#20 0.695 libatomic.so.1.2.0
#20 0.695 libattr.so.1
#20 0.695 libattr.so.1.1.2501
#20 0.695 libaudit.so.1
#20 0.695 libaudit.so.1.0.0
#20 0.695 libavcodec.a
#20 0.695 libavcodec.so
#20 0.695 libavcodec.so.58
#20 0.695 libavcodec.so.58.134.100
#20 0.695 libavformat.a
#20 0.695 libavformat.so
#20 0.695 libavformat.so.58
#20 0.695 libavformat.so.58.76.100
#20 0.695 libavutil.a
#20 0.695 libavutil.so
#20 0.695 libavutil.so.56
#20 0.695 libavutil.so.56.70.100
#20 0.695 libbdplus.so.0
#20 0.695 libbdplus.so.0.2.0
#20 0.695 libbfd-2.38-system.so
#20 0.695 libblkid.so.1
#20 0.695 libblkid.so.1.1.0
#20 0.695 libbluray.so.2
#20 0.695 libbluray.so.2.4.1
#20 0.695 libbrotlicommon.so.1
#20 0.695 libbrotlicommon.so.1.0.9
#20 0.695 libbrotlidec.so.1
#20 0.695 libbrotlidec.so.1.0.9
#20 0.695 libbrotlienc.so.1
#20 0.695 libbrotlienc.so.1.0.9
#20 0.695 libbsd.so.0
#20 0.695 libbsd.so.0.11.5
#20 0.695 libbz2.so.1
#20 0.695 libbz2.so.1.0
#20 0.695 libbz2.so.1.0.4
#20 0.695 libc.a
#20 0.695 libc.so
#20 0.695 libc.so.6
#20 0.695 libc_malloc_debug.so
#20 0.695 libc_malloc_debug.so.0
#20 0.695 libc_nonshared.a
#20 0.695 libcairo-gobject.so.2
#20 0.695 libcairo-gobject.so.2.11600.0
#20 0.695 libcairo.so.2
#20 0.695 libcairo.so.2.11600.0
#20 0.695 libcap-ng.so.0
#20 0.695 libcap-ng.so.0.0.0
#20 0.695 libcap.so.2
#20 0.695 libcap.so.2.44
#20 0.695 libcc1.so.0
#20 0.695 libcc1.so.0.0.0
#20 0.695 libchromaprint.so.1
#20 0.695 libchromaprint.so.1.5.1
#20 0.695 libclang-14.so
#20 0.695 libclang-14.so.1
#20 0.695 libclang-14.so.13
#20 0.695 libclang-14.so.14.0.0
#20 0.695 libclang-cpp.so.14
#20 0.695 libcodec2.so.1.0
#20 0.695 libcom_err.so.2
#20 0.695 libcom_err.so.2.1
#20 0.695 libcrypt.a
#20 0.695 libcrypt.so
#20 0.695 libcrypt.so.1
#20 0.695 libcrypt.so.1.1.0
#20 0.695 libcrypto.so.3
#20 0.695 libctf-nobfd.so.0
#20 0.695 libctf-nobfd.so.0.0.0
#20 0.695 libctf.so.0
#20 0.695 libctf.so.0.0.0
#20 0.695 libcurl.so.4
#20 0.695 libcurl.so.4.7.0
#20 0.695 libcurses.a
#20 0.695 libcurses.so
#20 0.695 libdatrie.so.1
#20 0.695 libdatrie.so.1.4.0
#20 0.695 libdav1d.so.5
#20 0.695 libdav1d.so.5.1.1
#20 0.695 libdb-5.3.so
#20 0.695 libdebconfclient.so.0
#20 0.695 libdebconfclient.so.0.0.0
#20 0.695 libdeflate.so.0
#20 0.695 libdl.a
#20 0.695 libdl.so.2
#20 0.695 libdrm.so.2
#20 0.695 libdrm.so.2.4.0
#20 0.695 libdrm_amdgpu.so.1
#20 0.695 libdrm_amdgpu.so.1.0.0
#20 0.695 libdrm_intel.so.1
#20 0.695 libdrm_intel.so.1.0.0
#20 0.695 libdrm_nouveau.so.2
#20 0.695 libdrm_nouveau.so.2.0.0
#20 0.695 libdrm_radeon.so.1
#20 0.695 libdrm_radeon.so.1.0.1
#20 0.695 libe2p.so.2
#20 0.695 libe2p.so.2.3
#20 0.695 libedit.so.2
#20 0.695 libedit.so.2.0.68
#20 0.695 libelf-0.186.so
#20 0.695 libelf.so.1
#20 0.695 libexpat.so.1
#20 0.695 libexpat.so.1.8.7
#20 0.695 libexpatw.so.1
#20 0.695 libexpatw.so.1.8.7
#20 0.695 libext2fs.so.2
#20 0.695 libext2fs.so.2.4
#20 0.695 libffi.a
#20 0.695 libffi.so
#20 0.695 libffi.so.8
#20 0.695 libffi.so.8.1.0
#20 0.695 libffi_pic.a
#20 0.695 libfontconfig.so.1
#20 0.695 libfontconfig.so.1.12.0
#20 0.695 libform.a
#20 0.695 libform.so
#20 0.695 libform.so.6
#20 0.695 libform.so.6.3
#20 0.695 libformw.a
#20 0.695 libformw.so
#20 0.695 libformw.so.6
#20 0.695 libformw.so.6.3
#20 0.695 libfreetype.so.6
#20 0.695 libfreetype.so.6.18.1
#20 0.695 libfribidi.so.0
#20 0.695 libfribidi.so.0.4.0
#20 0.695 libg.a
#20 0.695 libgc.so.1
#20 0.695 libgc.so.1.4.4
#20 0.695 libgcc_s.so.1
#20 0.695 libgccpp.so.1
#20 0.695 libgccpp.so.1.4.1
#20 0.695 libgcrypt.so.20
#20 0.695 libgcrypt.so.20.3.4
#20 0.695 libgd.so.3
#20 0.695 libgd.so.3.0.8
#20 0.695 libgdk_pixbuf-2.0.so.0
#20 0.695 libgdk_pixbuf-2.0.so.0.4200.8
#20 0.695 libgio-2.0.so.0
#20 0.695 libgio-2.0.so.0.7200.4
#20 0.695 libglib-2.0.so.0
#20 0.695 libglib-2.0.so.0.7200.4
#20 0.695 libgme.so.0
#20 0.695 libgme.so.0.6.3
#20 0.695 libgmodule-2.0.so.0
#20 0.695 libgmodule-2.0.so.0.7200.4
#20 0.695 libgmp.so.10
#20 0.695 libgmp.so.10.4.1
#20 0.695 libgnutls.so.30
#20 0.695 libgnutls.so.30.31.0
#20 0.695 libgobject-2.0.so.0
#20 0.695 libgobject-2.0.so.0.7200.4
#20 0.695 libgomp.so.1
#20 0.695 libgomp.so.1.0.0
#20 0.695 libgpg-error.so.0
#20 0.695 libgpg-error.so.0.32.1
#20 0.695 libgraphite2.so.2.0.0
#20 0.695 libgraphite2.so.3
#20 0.695 libgraphite2.so.3.2.1
#20 0.695 libgsm.so.1
#20 0.695 libgsm.so.1.0.19
#20 0.695 libgssapi_krb5.so.2
#20 0.695 libgssapi_krb5.so.2.2
#20 0.695 libgthread-2.0.so.0
#20 0.695 libgthread-2.0.so.0.7200.4
#20 0.695 libharfbuzz.so.0
#20 0.695 libharfbuzz.so.0.20704.0
#20 0.695 libhistory.so.8
#20 0.695 libhistory.so.8.1
#20 0.695 libhogweed.so.6
#20 0.695 libhogweed.so.6.4
#20 0.695 libicudata.a
#20 0.695 libicudata.so
#20 0.695 libicudata.so.70
#20 0.695 libicudata.so.70.1
#20 0.695 libicui18n.a
#20 0.695 libicui18n.so
#20 0.695 libicui18n.so.70
#20 0.695 libicui18n.so.70.1
#20 0.695 libicuio.a
#20 0.695 libicuio.so
#20 0.695 libicuio.so.70
#20 0.695 libicuio.so.70.1
#20 0.695 libicutest.a
#20 0.695 libicutest.so
#20 0.695 libicutest.so.70
#20 0.695 libicutest.so.70.1
#20 0.695 libicutu.a
#20 0.695 libicutu.so
#20 0.695 libicutu.so.70
#20 0.695 libicutu.so.70.1
#20 0.695 libicuuc.a
#20 0.695 libicuuc.so
#20 0.695 libicuuc.so.70
#20 0.695 libicuuc.so.70.1
#20 0.695 libidn2.so.0
#20 0.695 libidn2.so.0.3.7
#20 0.695 libigdgmm.so.12
#20 0.695 libigdgmm.so.12.1.0
#20 0.695 libisl.so.23
#20 0.695 libisl.so.23.1.0
#20 0.695 libitm.so.1
#20 0.695 libitm.so.1.0.0
#20 0.695 libjbig.so.0
#20 0.695 libjpeg.so.8
#20 0.695 libjpeg.so.8.2.2
#20 0.695 libjsoncpp.so.1.9.5
#20 0.695 libjsoncpp.so.25
#20 0.695 libk5crypto.so.3
#20 0.695 libk5crypto.so.3.1
#20 0.695 libkeyutils.so.1
#20 0.695 libkeyutils.so.1.9
#20 0.695 libkrb5.so.3
#20 0.695 libkrb5.so.3.3
#20 0.695 libkrb5support.so.0
#20 0.695 libkrb5support.so.0.1
#20 0.695 liblber-2.5.so.0
#20 0.695 liblber-2.5.so.0.1.13
#20 0.695 libldap-2.5.so.0
#20 0.695 libldap-2.5.so.0.1.13
#20 0.695 liblsan.so.0
#20 0.695 liblsan.so.0.0.0
#20 0.695 liblz4.so.1
#20 0.695 liblz4.so.1.9.3
#20 0.695 liblzma.so.5
#20 0.695 liblzma.so.5.2.5
#20 0.695 libm-2.35.a
#20 0.695 libm.a
#20 0.695 libm.so
#20 0.695 libm.so.6
#20 0.695 libmcheck.a
#20 0.695 libmd.so.0
#20 0.695 libmd.so.0.0.5
#20 0.695 libmemusage.so
#20 0.695 libmenu.a
#20 0.695 libmenu.so
#20 0.695 libmenu.so.6
#20 0.695 libmenu.so.6.3
#20 0.695 libmenuw.a
#20 0.695 libmenuw.so
#20 0.695 libmenuw.so.6
#20 0.695 libmenuw.so.6.3
#20 0.695 libmfx-tracer.so.1
#20 0.695 libmfx-tracer.so.1.35
#20 0.695 libmfx.so.1
#20 0.695 libmfx.so.1.35
#20 0.695 libmfxhw64.so.1
#20 0.695 libmfxhw64.so.1.35
#20 0.695 libmount.so.1
#20 0.695 libmount.so.1.1.0
#20 0.695 libmp3lame.so.0
#20 0.695 libmp3lame.so.0.0.0
#20 0.695 libmpc.so.3
#20 0.695 libmpc.so.3.2.1
#20 0.695 libmpdec++.so.2.5.1
#20 0.695 libmpdec++.so.3
#20 0.695 libmpdec.so.2.5.1
#20 0.695 libmpdec.so.3
#20 0.695 libmpfr.so.6
#20 0.695 libmpfr.so.6.1.0
#20 0.695 libmpg123.so.0
#20 0.695 libmpg123.so.0.46.7
#20 0.695 libmvec.a
#20 0.695 libmvec.so
#20 0.695 libmvec.so.1
#20 0.695 libncurses++.a
#20 0.695 libncurses++w.a
#20 0.695 libncurses.a
#20 0.695 libncurses.so
#20 0.695 libncurses.so.6
#20 0.695 libncurses.so.6.3
#20 0.695 libncursesw.a
#20 0.695 libncursesw.so
#20 0.695 libncursesw.so.6
#20 0.695 libncursesw.so.6.3
#20 0.695 libnettle.so.8
#20 0.695 libnettle.so.8.4
#20 0.695 libnghttp2.so.14
#20 0.695 libnghttp2.so.14.20.1
#20 0.695 libnorm.so.1
#20 0.695 libnsl.a
#20 0.695 libnsl.so
#20 0.695 libnsl.so.1
#20 0.695 libnsl.so.2
#20 0.695 libnsl.so.2.0.1
#20 0.695 libnss_compat.so
#20 0.695 libnss_compat.so.2
#20 0.695 libnss_dns.so.2
#20 0.695 libnss_files.so.2
#20 0.695 libnss_hesiod.so
#20 0.695 libnss_hesiod.so.2
#20 0.695 libnuma.so.1
#20 0.695 libnuma.so.1.0.0
#20 0.695 libobjc.so.4
#20 0.695 libobjc.so.4.0.0
#20 0.695 libobjc_gc.so.4
#20 0.695 libobjc_gc.so.4.0.0
#20 0.695 libogg.so.0
#20 0.695 libogg.so.0.8.5
#20 0.695 libopcodes-2.38-system.so
#20 0.695 libopenjp2.so.2.4.0
#20 0.695 libopenjp2.so.7
#20 0.695 libopenmpt.so.0
#20 0.695 libopenmpt.so.0.3.3
#20 0.695 libopus.so.0
#20 0.695 libopus.so.0.8.0
#20 0.695 libp11-kit.so.0
#20 0.695 libp11-kit.so.0.3.0
#20 0.695 libpam.so.0
#20 0.695 libpam.so.0.85.1
#20 0.695 libpam_misc.so.0
#20 0.695 libpam_misc.so.0.82.1
#20 0.695 libpamc.so.0
#20 0.695 libpamc.so.0.82.1
#20 0.695 libpanel.a
#20 0.695 libpanel.so
#20 0.695 libpanel.so.6
#20 0.695 libpanel.so.6.3
#20 0.695 libpanelw.a
#20 0.695 libpanelw.so
#20 0.695 libpanelw.so.6
#20 0.695 libpanelw.so.6.3
#20 0.695 libpango-1.0.so.0
#20 0.695 libpango-1.0.so.0.5000.6
#20 0.695 libpangocairo-1.0.so.0
#20 0.695 libpangocairo-1.0.so.0.5000.6
#20 0.695 libpangoft2-1.0.so.0
#20 0.695 libpangoft2-1.0.so.0.5000.6
#20 0.695 libpciaccess.so.0
#20 0.695 libpciaccess.so.0.11.1
#20 0.695 libpcprofile.so
#20 0.695 libpcre.so.3
#20 0.695 libpcre.so.3.13.3
#20 0.695 libpcre2-8.so.0
#20 0.695 libpcre2-8.so.0.10.4
#20 0.695 libpcreposix.so.3
#20 0.695 libpcreposix.so.3.13.3
#20 0.695 libpfm.so.4
#20 0.695 libpfm.so.4.11.1
#20 0.695 libpgm-5.3.so.0
#20 0.695 libpgm-5.3.so.0.0.128
#20 0.695 libpipeline.so.1
#20 0.695 libpipeline.so.1.5.5
#20 0.695 libpixman-1.so.0
#20 0.695 libpixman-1.so.0.40.0
#20 0.695 libpng16.so.16
#20 0.695 libpng16.so.16.37.0
#20 0.695 libprocps.so.8
#20 0.695 libprocps.so.8.0.3
#20 0.695 libpsl.so.5
#20 0.695 libpsl.so.5.3.2
#20 0.695 libpthread.a
#20 0.695 libpthread.so.0
#20 0.695 libquadmath.so.0
#20 0.695 libquadmath.so.0.0.0
#20 0.695 librabbitmq.so.4
#20 0.695 librabbitmq.so.4.4.0
#20 0.695 libreadline.so.8
#20 0.695 libreadline.so.8.1
#20 0.695 libresolv.a
#20 0.695 libresolv.so
#20 0.695 libresolv.so.2
#20 0.695 librhash.so.0
#20 0.695 librsvg-2.so.2
#20 0.695 librsvg-2.so.2.48.0
#20 0.695 librt.a
#20 0.695 librt.so.1
#20 0.695 librtmp.so.1
#20 0.695 libsasl2.so.2
#20 0.695 libsasl2.so.2.0.25
#20 0.695 libseccomp.so.2
#20 0.695 libseccomp.so.2.5.3
#20 0.695 libselinux.so.1
#20 0.695 libsemanage.so.2
#20 0.695 libsepol.so.2
#20 0.695 libshine.so.3
#20 0.695 libshine.so.3.0.1
#20 0.695 libsmartcols.so.1
#20 0.695 libsmartcols.so.1.1.0
#20 0.695 libsnappy.so.1
#20 0.695 libsnappy.so.1.1.8
#20 0.695 libsodium.so.23
#20 0.695 libsodium.so.23.3.0
#20 0.695 libsoxr.so.0
#20 0.695 libsoxr.so.0.1.2
#20 0.695 libspeex.so.1
#20 0.695 libspeex.so.1.5.0
#20 0.695 libsqlite3.so.0
#20 0.695 libsqlite3.so.0.8.6
#20 0.695 libsrt-gnutls.so.1.4
#20 0.695 libsrt-gnutls.so.1.4.4
#20 0.695 libss.so.2
#20 0.695 libss.so.2.0
#20 0.695 libssh-gcrypt.so.4
#20 0.695 libssh-gcrypt.so.4.8.7
#20 0.695 libssh.so.4
#20 0.695 libssh.so.4.8.7
#20 0.695 libssl.so.3
#20 0.695 libstdc++.so.6
#20 0.695 libstdc++.so.6.0.30
#20 0.695 libswresample.a
#20 0.695 libswresample.so
#20 0.695 libswresample.so.3
#20 0.695 libswresample.so.3.9.100
#20 0.695 libswscale.a
#20 0.695 libswscale.so
#20 0.695 libswscale.so.5
#20 0.695 libswscale.so.5.9.100
#20 0.695 libsystemd.so.0
#20 0.695 libsystemd.so.0.32.0
#20 0.695 libtasn1.so.6
#20 0.695 libtasn1.so.6.6.2
#20 0.695 libtermcap.a
#20 0.695 libtermcap.so
#20 0.695 libthai.so.0
#20 0.695 libthai.so.0.3.1
#20 0.695 libtheora.so.0
#20 0.695 libtheora.so.0.3.10
#20 0.695 libtheoradec.so.1
#20 0.695 libtheoradec.so.1.1.4
#20 0.695 libtheoraenc.so.1
#20 0.695 libtheoraenc.so.1.1.2
#20 0.695 libthread_db.so
#20 0.695 libthread_db.so.1
#20 0.695 libtic.a
#20 0.695 libtic.so
#20 0.695 libtic.so.6
#20 0.695 libtic.so.6.3
#20 0.695 libtiff.so.5
#20 0.695 libtiff.so.5.7.0
#20 0.695 libtinfo.a
#20 0.695 libtinfo.so
#20 0.695 libtinfo.so.6
#20 0.695 libtinfo.so.6.3
#20 0.695 libtirpc.a
#20 0.695 libtirpc.so
#20 0.695 libtirpc.so.3
#20 0.695 libtirpc.so.3.0.0
#20 0.695 libtsan.so.0
#20 0.695 libtsan.so.0.0.0
#20 0.695 libtwolame.so.0
#20 0.695 libtwolame.so.0.0.0
#20 0.695 libubsan.so.1
#20 0.695 libubsan.so.1.0.0
#20 0.695 libudev.so.1
#20 0.695 libudev.so.1.7.2
#20 0.695 libudfread.so.0
#20 0.695 libudfread.so.0.1.0
#20 0.695 libunistring.so.2
#20 0.695 libunistring.so.2.2.0
#20 0.695 libutil.a
#20 0.695 libutil.so.1
#20 0.695 libuuid.so.1
#20 0.695 libuuid.so.1.3.0
#20 0.695 libuv.so.1
#20 0.695 libuv.so.1.0.0
#20 0.695 libva-drm.so.2
#20 0.695 libva-drm.so.2.1400.0
#20 0.695 libva-x11.so.2
#20 0.695 libva-x11.so.2.1400.0
#20 0.695 libva.so.2
#20 0.695 libva.so.2.1400.0
#20 0.695 libvdpau.so.1
#20 0.695 libvdpau.so.1.0.0
#20 0.695 libvorbis.so.0
#20 0.695 libvorbis.so.0.4.9
#20 0.695 libvorbisenc.so.2
#20 0.695 libvorbisenc.so.2.0.12
#20 0.695 libvorbisfile.so.3
#20 0.695 libvorbisfile.so.3.3.8
#20 0.695 libvpx.so.7
#20 0.695 libvpx.so.7.0
#20 0.695 libvpx.so.7.0.0
#20 0.695 libwebp.so.7
#20 0.695 libwebp.so.7.1.3
#20 0.695 libwebpmux.so.3
#20 0.695 libwebpmux.so.3.0.8
#20 0.695 libx264.so.163
#20 0.695 libx265.so.199
#20 0.695 libxcb-dri2.so.0
#20 0.695 libxcb-dri2.so.0.0.0
#20 0.695 libxcb-dri3.so.0
#20 0.695 libxcb-dri3.so.0.0.0
#20 0.695 libxcb-present.so.0
#20 0.695 libxcb-present.so.0.0.0
#20 0.695 libxcb-render.so.0
#20 0.695 libxcb-render.so.0.0.0
#20 0.695 libxcb-shm.so.0
#20 0.695 libxcb-shm.so.0.0.0
#20 0.695 libxcb-sync.so.1
#20 0.695 libxcb-sync.so.1.0.0
#20 0.695 libxcb-xfixes.so.0
#20 0.695 libxcb-xfixes.so.0.0.0
#20 0.695 libxcb.so.1
#20 0.695 libxcb.so.1.1.0
#20 0.695 libxml2.a
#20 0.695 libxml2.so
#20 0.695 libxml2.so.2
#20 0.695 libxml2.so.2.9.13
#20 0.695 libxshmfence.so.1
#20 0.695 libxshmfence.so.1.0.0
#20 0.695 libxvidcore.so.4
#20 0.695 libxvidcore.so.4.3
#20 0.695 libxxhash.so.0
#20 0.695 libxxhash.so.0.8.1
#20 0.695 libyaml-0.so.2
#20 0.695 libyaml-0.so.2.0.6
#20 0.695 libz.so.1
#20 0.695 libz.so.1.2.11
#20 0.695 libz3.so
#20 0.695 libz3.so.4
#20 0.695 libzmq.so.5
#20 0.695 libzmq.so.5.2.4
#20 0.695 libzstd.so.1
#20 0.695 libzstd.so.1.4.8
#20 0.695 libzvbi-chains.so.0
#20 0.695 libzvbi-chains.so.0.0.0
#20 0.695 libzvbi.so.0
#20 0.695 libzvbi.so.0.13.2
#20 0.695 mfx
#20 0.695 ossl-modules
#20 0.695 perl-base
#20 0.695 pkgconfig
#20 0.695 rcrt1.o
#20 0.695 sasl2
#20 0.695 security
#20 0.695 vdpau
#20 0.695 xml2Conf.sh
#20 0.695 + ls /opt/opencv/include
#20 0.696 opencv4
#20 0.696 + ls /opt/opencv/include/opencv4
#20 0.696 opencv2
#20 0.696 + ls /usr/include/x86_64-linux-gnu
#20 0.697 a.out.h
#20 0.697 asm
#20 0.697 bits
#20 0.697 c++
#20 0.697 ffi.h
#20 0.697 ffitarget.h
#20 0.697 fpu_control.h
#20 0.697 gnu
#20 0.697 ieee754.h
#20 0.697 libavcodec
#20 0.697 libavformat
#20 0.697 libavutil
#20 0.697 libswresample
#20 0.697 libswscale
#20 0.697 sys
#20 DONE 0.8s

#21 [test  8/11] RUN set -xeu && 	cd /root/oko/backend && 	cargo build
#21 0.506 + cd /root/oko/backend
#21 0.506 + cargo build
#21 0.574     Updating crates.io index
#21 2.386  Downloading crates ...
#21 2.786   Downloaded http-body v1.0.1
#21 2.804   Downloaded icu_provider_macros v1.5.0
#21 2.810   Downloaded foreign-types-shared v0.1.1
#21 2.812   Downloaded foreign-types v0.3.2
#21 2.834   Downloaded equivalent v1.0.1
#21 2.837   Downloaded cfg-if v1.0.0
#21 2.839   Downloaded byteorder v1.5.0
#21 2.842   Downloaded autocfg v1.4.0
#21 2.846   Downloaded tower-service v0.3.3
#21 2.848   Downloaded fnv v1.0.7
#21 2.849   Downloaded futures-sink v0.3.31
#21 2.851   Downloaded idna_adapter v1.2.0
#21 2.853   Downloaded futures-core v0.3.31
#21 2.856   Downloaded matchers v0.1.0
#21 2.858   Downloaded fastrand v2.3.0
#21 2.861   Downloaded either v1.13.0
#21 2.863   Downloaded dunce v1.0.5
#21 2.865   Downloaded form_urlencoded v1.2.1
#21 2.866   Downloaded httpdate v1.0.3
#21 2.868   Downloaded data-encoding v2.6.0
#21 2.870   Downloaded http-range-header v0.4.2
#21 2.872   Downloaded hex v0.4.3
#21 2.874   Downloaded deranged v0.3.11
#21 2.877   Downloaded lazy_static v1.5.0
#21 2.879   Downloaded futures-task v0.3.31
#21 2.882   Downloaded rust-embed-impl v8.5.0
#21 2.885   Downloaded itoa v1.0.14
#21 2.888   Downloaded unicase v2.8.0
#21 2.891   Downloaded concurrent-queue v2.5.0
#21 2.895   Downloaded openssl-macros v0.1.1
#21 2.897   Downloaded clang-sys v1.8.1
#21 2.903   Downloaded same-file v1.0.6
#21 2.906 warning: spurious network error (3 tries remaining): failed to get successful HTTP response from `https://static.crates.io/crates/regex-syntax/0.6.29/download` (151.101.38.137), got 502
#21 2.906 body:
#21 2.906 I/O error
#21 2.906   Downloaded bitflags v2.6.0
#21 2.912   Downloaded icu_normalizer v1.5.0
#21 2.919   Downloaded sha2 v0.10.8
#21 2.925   Downloaded indexmap v2.7.0
#21 2.933   Downloaded tinyvec_macros v0.1.1
#21 2.935   Downloaded thiserror v1.0.69
#21 2.946   Downloaded tempfile v3.14.0
#21 2.952   Downloaded sqlx-macros v0.8.2
#21 2.955   Downloaded idna v1.0.3
#21 2.962   Downloaded semver v1.0.23
#21 2.967   Downloaded sqlx-macros-core v0.8.2
#21 2.970   Downloaded subtle v2.6.1
#21 2.973   Downloaded sqlx-mysql v0.8.2
#21 2.984   Downloaded serde_derive v1.0.216
#21 2.988   Downloaded slab v0.4.9
#21 2.990   Downloaded thiserror-impl v1.0.69
#21 2.993   Downloaded thiserror v2.0.6
#21 3.001   Downloaded sharded-slab v0.1.7
#21 3.007   Downloaded serde_path_to_error v0.1.16
#21 3.010   Downloaded syn v2.0.90
#21 3.026   Downloaded spki v0.7.3
#21 3.030   Downloaded synstructure v0.13.1
#21 3.033   Downloaded time-macros v0.2.19
#21 3.038   Downloaded ryu v1.0.18
#21 3.044   Downloaded thread_local v1.1.8
#21 3.047   Downloaded socket2 v0.5.8
#21 3.050   Downloaded spin v0.9.8
#21 3.056   Downloaded zerocopy-derive v0.7.35
#21 3.062   Downloaded log v0.4.22
#21 3.067   Downloaded serde_urlencoded v0.7.1
#21 3.071   Downloaded whoami v1.5.2
#21 3.075   Downloaded rustix v0.38.42
#21 3.116   Downloaded rmp-serde v1.3.0
#21 3.120   Downloaded thiserror-impl v2.0.6
#21 3.124   Downloaded unicode-bidi v0.3.17
#21 3.128   Downloaded url v2.5.4
#21 3.133   Downloaded typenum v1.17.0
#21 3.139   Downloaded unicode_categories v0.1.1
#21 3.142   Downloaded tungstenite v0.24.0
#21 3.150   Downloaded rsa v0.9.7
#21 3.159   Downloaded sha1 v0.10.6
#21 3.162   Downloaded unicode-normalization v0.1.24
#21 3.168   Downloaded tower v0.5.2
#21 3.185   Downloaded opencv-binding-generator v0.93.0
#21 3.199   Downloaded regex-automata v0.1.10
#21 3.210   Downloaded zerovec v0.10.4
#21 3.220   Downloaded zerocopy v0.7.35
#21 3.243   Downloaded tracing-subscriber v0.3.19
#21 3.255   Downloaded nom v7.1.3
#21 3.265   Downloaded vcpkg v0.2.15
#21 3.328   Downloaded regex v1.11.1
#21 3.346   Downloaded num-bigint-dig v0.8.4
#21 3.353   Downloaded openssl v0.10.68
#21 3.365   Downloaded tokio-util v0.7.13
#21 3.374   Downloaded memchr v2.7.4
#21 3.383   Downloaded mio v1.0.3
#21 3.391   Downloaded regex-syntax v0.8.5
#21 3.400   Downloaded minimal-lexical v0.2.1
#21 3.406   Downloaded tracing-core v0.1.33
#21 3.409   Downloaded tracing-attributes v0.1.28
#21 3.412   Downloaded tracing v0.1.41
#21 3.418   Downloaded proc-macro2 v1.0.92
#21 3.421   Downloaded pem-rfc7468 v0.7.0
#21 3.424   Downloaded parking_lot v0.12.3
#21 3.427   Downloaded openssl-sys v0.9.104
#21 3.433   Downloaded num-traits v0.2.19
#21 3.436   Downloaded unicode-properties v0.1.3
#21 3.439   Downloaded unicode-ident v1.0.14
#21 3.443   Downloaded libc v0.2.168
#21 3.482   Downloaded walkdir v2.5.0
#21 3.486   Downloaded pkg-config v0.3.31
#21 3.488   Downloaded regex-automata v0.4.9
#21 3.511   Downloaded native-tls v0.2.12
#21 3.514   Downloaded zerofrom-derive v0.1.5
#21 3.516   Downloaded yoke v0.7.5
#21 3.519   Downloaded pkcs1 v0.7.5
#21 3.523   Downloaded password-hash v0.5.0
#21 3.525   Downloaded once_cell v1.20.2
#21 3.529   Downloaded time-core v0.1.2
#21 3.531   Downloaded time v0.3.37
#21 3.541   Downloaded rmp v0.8.14
#21 3.547   Downloaded tokio v1.42.0
#21 3.601   Downloaded quote v1.0.37
#21 3.606   Downloaded pkcs8 v0.10.2
#21 3.611   Downloaded linux-raw-sys v0.4.14
#21 3.661   Downloaded rust-embed v8.5.0
#21 3.671   Downloaded pin-project-lite v0.2.15
#21 3.680   Downloaded parking_lot_core v0.9.10
#21 3.683   Downloaded mime_guess v2.0.5
#21 3.686   Downloaded tower-sessions v0.13.0
#21 3.689   Downloaded tokio-tungstenite v0.24.0
#21 3.692   Downloaded tokio-macros v2.4.0
#21 3.694   Downloaded sync_wrapper v1.0.2
#21 3.695   Downloaded rust-embed-utils v8.5.0
#21 3.697   Downloaded ppv-lite86 v0.2.20
#21 3.699   Downloaded mime v0.3.17
#21 3.701   Downloaded matchit v0.7.3
#21 3.704   Downloaded zerovec-derive v0.10.3
#21 3.706   Downloaded writeable v0.5.5
#21 3.708   Downloaded utf-8 v0.7.6
#21 3.710   Downloaded scopeguard v1.2.0
#21 3.712   Downloaded pin-utils v0.1.0
#21 3.714   Downloaded rustversion v1.0.18
#21 3.717   Downloaded signal-hook-registry v1.4.2
#21 3.719   Downloaded shlex v1.3.0
#21 3.721   Downloaded sqlx-core v0.8.2
#21 3.731   Downloaded parking v2.2.1
#21 3.732   Downloaded sqlx-postgres v0.8.2
#21 3.741   Downloaded axum-embed v0.1.0
#21 3.750   Downloaded sqlx v0.8.2
#21 3.769   Downloaded icu_properties_data v1.5.0
#21 3.781   Downloaded chrono v0.4.39
#21 3.790   Downloaded serde v1.0.216
#21 3.794   Downloaded sqlx-sqlite v0.8.2
#21 3.800   Downloaded powerfmt v0.2.0
#21 3.801   Downloaded paste v1.0.15
#21 3.806   Downloaded password-auth v1.0.0
#21 3.810   Downloaded num-integer v0.1.46
#21 3.814   Downloaded serde_json v1.0.133
#21 3.824   Downloaded rand_core v0.6.4
#21 3.826   Downloaded num-iter v0.1.45
#21 3.829   Downloaded aho-corasick v1.1.3
#21 3.837   Downloaded stable_deref_trait v1.2.0
#21 3.838   Downloaded opencv v0.93.5
#21 3.886   Downloaded hkdf v0.12.4
#21 3.889   Downloaded hashbrown v0.15.2
#21 3.896   Downloaded futures-util v0.3.31
#21 3.912   Downloaded signature v2.2.0
#21 3.914   Downloaded tinyvec v1.8.0
#21 3.918   Downloaded axum v0.7.9
#21 3.928   Downloaded hyper v1.5.1
#21 3.937   Downloaded tinystr v0.7.6
#21 3.940   Downloaded percent-encoding v2.3.1
#21 3.941   Downloaded utf16_iter v1.0.5
#21 3.943   Downloaded tokio-stream v0.1.17
#21 3.949   Downloaded lock_api v0.4.12
#21 3.951   Downloaded libm v0.2.11
#21 3.961   Downloaded hashbrown v0.14.5
#21 3.968   Downloaded zeroize v1.8.1
#21 3.970   Downloaded yoke-derive v0.7.5
#21 3.972   Downloaded version_check v0.9.5
#21 3.974   Downloaded utf8_iter v1.0.4
#21 3.975   Downloaded tower-sessions-core v0.13.0
#21 3.976   Downloaded tower-cookies v0.10.0
#21 3.979   Downloaded bytes v1.9.0
#21 3.984   Downloaded http v1.2.0
#21 3.989   Downloaded flume v0.11.1
#21 3.994   Downloaded stringprep v0.1.5
#21 3.996   Downloaded sqlformat v0.2.6
#21 3.998   Downloaded smallvec v1.13.2
#21 4.002   Downloaded rand_chacha v0.3.1
#21 4.003   Downloaded openssl-probe v0.1.5
#21 4.005   Downloaded md-5 v0.10.6
#21 4.008   Downloaded zerofrom v0.1.5
#21 4.009   Downloaded write16 v1.0.0
#21 4.010   Downloaded cc v1.2.3
#21 4.015   Downloaded icu_collections v1.5.0
#21 4.024   Downloaded futures-intrusive v0.5.0
#21 4.030   Downloaded der v0.7.9
#21 4.037   Downloaded base64 v0.22.1
#21 4.043   Downloaded tower-sessions-memory-store v0.13.0
#21 4.044   Downloaded tower-layer v0.3.3
#21 4.045   Downloaded icu_properties v1.5.1
#21 4.048   Downloaded cookie v0.18.1
#21 4.052   Downloaded const-oid v0.9.6
#21 4.054   Downloaded blake2 v0.10.6
#21 4.058   Downloaded allocator-api2 v0.2.21
#21 4.062   Downloaded icu_locid v1.5.0
#21 4.070   Downloaded hyper-util v0.1.10
#21 4.076   Downloaded clang v2.0.0
#21 4.080 warning: spurious network error (3 tries remaining): failed to get successful HTTP response from `https://static.crates.io/crates/rand/0.8.5/download` (151.101.38.137), got 502
#21 4.080 body:
#21 4.080 I/O error
#21 4.080   Downloaded num-conv v0.1.0
#21 4.082 warning: spurious network error (3 tries remaining): failed to get successful HTTP response from `https://static.crates.io/crates/tower-http/0.6.2/download` (151.101.38.137), got 502
#21 4.082 body:
#21 4.082 I/O error
#21 4.082   Downloaded icu_normalizer_data v1.5.0
#21 4.085   Downloaded hmac v0.12.1
#21 4.088   Downloaded icu_provider v1.5.0
#21 4.092   Downloaded icu_locid_transform_data v1.5.0
#21 4.094   Downloaded iana-time-zone v0.1.61
#21 4.097   Downloaded futures v0.3.31
#21 4.103   Downloaded event-listener v5.3.1
#21 4.106   Downloaded crossbeam-utils v0.8.20
#21 4.109   Downloaded ahash v0.8.11
#21 4.112   Downloaded urlencoding v2.1.3
#21 4.114   Downloaded litemap v0.7.4
#21 4.118   Downloaded icu_locid_transform v1.5.0
#21 4.122   Downloaded getrandom v0.2.15
#21 4.126   Downloaded tower-sessions-sqlx-store v0.14.2
#21 4.128   Downloaded jobserver v0.1.32
#21 4.132   Downloaded home v0.5.9
#21 4.134   Downloaded heck v0.5.0
#21 4.136   Downloaded hashlink v0.9.1
#21 4.139   Downloaded futures-channel v0.3.31
#21 4.142   Downloaded displaydoc v0.2.5
#21 4.146   Downloaded httparse v1.9.5
#21 4.150   Downloaded glob v0.3.1
#21 4.152   Downloaded async-trait v0.1.83
#21 4.157   Downloaded argon2 v0.5.3
#21 4.159   Downloaded tokio-native-tls v0.3.1
#21 4.162   Downloaded base64ct v1.6.0
#21 4.165   Downloaded http-body-util v0.1.2
#21 4.168   Downloaded generic-array v0.14.7
#21 4.169   Downloaded futures-macro v0.3.31
#21 4.171   Downloaded futures-io v0.3.31
#21 4.172   Downloaded futures-executor v0.3.31
#21 4.174   Downloaded dotenvy v0.15.7
#21 4.178   Downloaded digest v0.10.7
#21 4.180   Downloaded crossbeam-queue v0.3.11
#21 4.182   Downloaded cpufeatures v0.2.16
#21 4.184   Downloaded errno v0.3.10
#21 4.186   Downloaded crypto-common v0.1.6
#21 4.188   Downloaded crc-catalog v2.4.0
#21 4.189   Downloaded crc v3.2.1
#21 4.194   Downloaded axum-login v0.16.0
#21 4.195   Downloaded axum-core v0.4.5
#21 4.198   Downloaded atoi v2.0.0
#21 4.200   Downloaded block-buffer v0.10.4
#21 4.203   Downloaded libsqlite3-sys v0.30.1
#21 4.440   Downloaded regex-syntax v0.6.29
#21 5.138   Downloaded rand v0.8.5
#21 5.423   Downloaded tower-http v0.6.2
#21 5.568    Compiling proc-macro2 v1.0.92
#21 5.568    Compiling unicode-ident v1.0.14
#21 5.568    Compiling autocfg v1.4.0
#21 5.568    Compiling libc v0.2.168
#21 5.568    Compiling cfg-if v1.0.0
#21 5.571    Compiling version_check v0.9.5
#21 5.573    Compiling memchr v2.7.4
#21 5.578    Compiling futures-core v0.3.31
#21 5.580    Compiling pin-project-lite v0.2.15
#21 5.582    Compiling typenum v1.17.0
#21 5.585    Compiling itoa v1.0.14
#21 5.589    Compiling bytes v1.9.0
#21 5.595    Compiling pin-utils v0.1.0
#21 5.596    Compiling once_cell v1.20.2
#21 5.596    Compiling futures-task v0.3.31
#21 5.598    Compiling futures-io v0.3.31
#21 5.641    Compiling serde v1.0.216
#21 5.652    Compiling cpufeatures v0.2.16
#21 5.662    Compiling stable_deref_trait v1.2.0
#21 5.682    Compiling futures-sink v0.3.31
#21 5.721    Compiling scopeguard v1.2.0
#21 5.740    Compiling percent-encoding v2.3.1
#21 5.749    Compiling byteorder v1.5.0
#21 5.759    Compiling subtle v2.6.1
#21 5.790    Compiling litemap v0.7.4
#21 5.823    Compiling parking_lot_core v0.9.10
#21 5.845    Compiling writeable v0.5.5
#21 5.913    Compiling smallvec v1.13.2
#21 5.931    Compiling powerfmt v0.2.0
#21 5.948    Compiling icu_locid_transform_data v1.5.0
#21 6.031    Compiling log v0.4.22
#21 6.038    Compiling time-core v0.1.2
#21 6.041    Compiling generic-array v0.14.7
#21 6.062    Compiling fnv v1.0.7
#21 6.123    Compiling ryu v1.0.18
#21 6.149    Compiling num-conv v0.1.0
#21 6.166    Compiling icu_properties_data v1.5.0
#21 6.171    Compiling thiserror v1.0.69
#21 6.201    Compiling write16 v1.0.0
#21 6.215    Compiling utf8_iter v1.0.4
#21 6.216    Compiling slab v0.4.9
#21 6.231    Compiling serde_json v1.0.133
#21 6.280    Compiling icu_normalizer_data v1.5.0
#21 6.307    Compiling utf16_iter v1.0.5
#21 6.315    Compiling time-macros v0.2.19
#21 6.330    Compiling http v1.2.0
#21 6.357    Compiling lock_api v0.4.12
#21 6.365    Compiling ahash v0.8.11
#21 6.389    Compiling tracing-core v0.1.33
#21 6.395    Compiling form_urlencoded v1.2.1
#21 6.447    Compiling shlex v1.3.0
#21 6.490    Compiling crossbeam-utils v0.8.20
#21 6.695    Compiling num-traits v0.2.19
#21 6.738    Compiling futures-channel v0.3.31
#21 6.798    Compiling pkg-config v0.3.31
#21 6.828    Compiling tower-service v0.3.3
#21 6.846    Compiling allocator-api2 v0.2.21
#21 6.867    Compiling quote v1.0.37
#21 6.911    Compiling paste v1.0.15
#21 6.932    Compiling vcpkg v0.2.15
#21 7.091    Compiling rustversion v1.0.18
#21 7.147    Compiling syn v2.0.90
#21 7.162    Compiling mime v0.3.17
#21 7.303    Compiling tower-layer v0.3.3
#21 7.393    Compiling socket2 v0.5.8
#21 7.427    Compiling mio v1.0.3
#21 7.452    Compiling signal-hook-registry v1.4.2
#21 7.559    Compiling getrandom v0.2.15
#21 7.560    Compiling jobserver v0.1.32
#21 7.631    Compiling http-body v1.0.1
#21 7.708    Compiling rand_core v0.6.4
#21 7.788    Compiling minimal-lexical v0.2.1
#21 7.969    Compiling cc v1.2.3
#21 8.002    Compiling sync_wrapper v1.0.2
#21 8.055    Compiling concurrent-queue v2.5.0
#21 8.061    Compiling nom v7.1.3
#21 8.073    Compiling crc-catalog v2.4.0
#21 8.111    Compiling zerocopy v0.7.35
#21 8.128    Compiling parking v2.2.1
#21 8.160    Compiling unicode_categories v0.1.1
#21 8.219    Compiling hashbrown v0.15.2
#21 8.348    Compiling equivalent v1.0.1
#21 8.351    Compiling event-listener v5.3.1
#21 8.363    Compiling crc v3.2.1
#21 8.368    Compiling crossbeam-queue v0.3.11
#21 8.418    Compiling crypto-common v0.1.6
#21 8.427    Compiling block-buffer v0.10.4
#21 8.446    Compiling httparse v1.9.5
#21 8.450    Compiling glob v0.3.1
#21 8.510    Compiling base64 v0.22.1
#21 8.535    Compiling digest v0.10.7
#21 8.616    Compiling hex v0.4.3
#21 8.740    Compiling sha2 v0.10.8
#21 8.785    Compiling parking_lot v0.12.3
#21 8.827    Compiling futures-util v0.3.31
#21 8.908    Compiling hashbrown v0.14.5
#21 8.944    Compiling tokio v1.42.0
#21 8.955    Compiling clang-sys v1.8.1
#21 9.023    Compiling deranged v0.3.11
#21 9.057    Compiling indexmap v2.7.0
#21 9.058    Compiling rustix v0.38.42
#21 9.100    Compiling futures-intrusive v0.5.0
#21 9.410    Compiling spin v0.9.8
#21 9.461    Compiling aho-corasick v1.1.3
#21 9.619    Compiling linux-raw-sys v0.4.14
#21 9.637    Compiling bitflags v2.6.0
#21 9.662    Compiling same-file v1.0.6
#21 9.772    Compiling hashlink v0.9.1
#21 9.808    Compiling atoi v2.0.0
#21 9.816    Compiling regex-syntax v0.8.5
#21 9.836    Compiling walkdir v2.5.0
#21 9.882    Compiling time v0.3.37
#21 9.918    Compiling flume v0.11.1
#21 9.928    Compiling cookie v0.18.1
#21 9.957    Compiling semver v1.0.23
#21 10.09    Compiling httpdate v1.0.3
#21 10.20    Compiling unicase v2.8.0
#21 10.22    Compiling fastrand v2.3.0
#21 10.32    Compiling sha1 v0.10.6
#21 10.33    Compiling hmac v0.12.1
#21 10.41    Compiling utf-8 v0.7.6
#21 10.45    Compiling mime_guess v2.0.5
#21 10.46    Compiling dunce v1.0.5
#21 10.48    Compiling data-encoding v2.6.0
#21 10.49    Compiling libsqlite3-sys v0.30.1
#21 10.49    Compiling clang v2.0.0
#21 10.53    Compiling heck v0.5.0
#21 10.60    Compiling sqlformat v0.2.6
#21 10.60    Compiling dotenvy v0.15.7
#21 10.81    Compiling rust-embed-utils v8.5.0
#21 10.83    Compiling regex-syntax v0.6.29
#21 11.04    Compiling base64ct v1.6.0
#21 11.35    Compiling password-hash v0.5.0
#21 11.39    Compiling blake2 v0.10.6
#21 11.98    Compiling rmp v0.8.14
#21 11.99    Compiling thiserror v2.0.6
#21 12.00    Compiling iana-time-zone v0.1.61
#21 12.05    Compiling lazy_static v1.5.0
#21 12.13    Compiling matchit v0.7.3
#21 12.15    Compiling chrono v0.4.39
#21 12.25    Compiling regex-automata v0.4.9
#21 12.36    Compiling sharded-slab v0.1.7
#21 12.40    Compiling argon2 v0.5.3
#21 12.42    Compiling thread_local v1.1.8
#21 12.59    Compiling synstructure v0.13.1
#21 12.70    Compiling futures-executor v0.3.31
#21 12.71    Compiling tempfile v3.14.0
#21 12.89    Compiling urlencoding v2.1.3
#21 13.00    Compiling oko v0.1.2 (/root/oko/backend)
#21 13.15    Compiling regex-automata v0.1.10
#21 13.20    Compiling http-range-header v0.4.2
#21 13.30    Compiling password-auth v1.0.0
#21 13.97    Compiling serde_derive v1.0.216
#21 13.97    Compiling zerofrom-derive v0.1.5
#21 13.98    Compiling yoke-derive v0.7.5
#21 14.01    Compiling zerovec-derive v0.10.3
#21 14.03    Compiling futures-macro v0.3.31
#21 14.08    Compiling displaydoc v0.2.5
#21 14.10    Compiling zerocopy-derive v0.7.35
#21 14.12    Compiling icu_provider_macros v1.5.0
#21 14.18    Compiling tokio-macros v2.4.0
#21 14.22    Compiling thiserror-impl v1.0.69
#21 15.09    Compiling tracing-attributes v0.1.28
#21 15.13    Compiling async-trait v0.1.83
#21 15.37    Compiling tokio-stream v0.1.17
#21 15.74    Compiling regex v1.11.1
#21 15.86    Compiling rust-embed-impl v8.5.0
#21 16.04    Compiling matchers v0.1.0
#21 16.16    Compiling thiserror-impl v2.0.6
#21 16.17    Compiling zerofrom v0.1.5
#21 16.29    Compiling yoke v0.7.5
#21 16.32    Compiling opencv-binding-generator v0.93.0
#21 16.49    Compiling ppv-lite86 v0.2.20
#21 16.52    Compiling zerovec v0.10.4
#21 17.03    Compiling rand_chacha v0.3.1
#21 17.22    Compiling rust-embed v8.5.0
#21 17.30    Compiling rand v0.8.5
#21 17.46    Compiling tracing v0.1.41
#21 17.63    Compiling tracing-subscriber v0.3.19
#21 17.82    Compiling tinystr v0.7.6
#21 17.82    Compiling icu_collections v1.5.0
#21 17.96    Compiling icu_locid v1.5.0
#21 18.00    Compiling tungstenite v0.24.0
#21 18.47    Compiling icu_provider v1.5.0
#21 18.81    Compiling icu_locid_transform v1.5.0
#21 18.85    Compiling http-body-util v0.1.2
#21 18.85    Compiling futures v0.3.31
#21 19.06    Compiling axum-core v0.4.5
#21 19.42    Compiling icu_properties v1.5.1
#21 20.31    Compiling opencv v0.93.5
#21 20.47    Compiling hyper v1.5.1
#21 20.47    Compiling tower v0.5.2
#21 20.47    Compiling tokio-tungstenite v0.24.0
#21 20.47    Compiling tokio-util v0.7.13
#21 21.05    Compiling tower-http v0.6.2
#21 21.08    Compiling serde_urlencoded v0.7.1
#21 21.22    Compiling either v1.13.0
#21 21.68    Compiling hyper-util v0.1.10
#21 21.76    Compiling serde_path_to_error v0.1.16
#21 21.88    Compiling icu_normalizer v1.5.0
#21 22.01    Compiling rmp-serde v1.3.0
#21 22.01    Compiling axum-embed v0.1.0
#21 22.53    Compiling axum v0.7.9
#21 22.62    Compiling idna_adapter v1.2.0
#21 22.71    Compiling idna v1.0.3
#21 23.10    Compiling url v2.5.4
#21 23.48    Compiling sqlx-core v0.8.2
#21 24.07    Compiling tower-sessions-core v0.13.0
#21 24.40    Compiling tower-cookies v0.10.0
#21 24.58    Compiling tower-sessions-memory-store v0.13.0
#21 24.67    Compiling tower-sessions v0.13.0
#21 25.52    Compiling sqlx-sqlite v0.8.2
#21 26.10    Compiling axum-login v0.16.0
#21 26.93    Compiling sqlx-macros-core v0.8.2
#21 27.96    Compiling sqlx-macros v0.8.2
#21 29.65    Compiling sqlx v0.8.2
#21 29.73    Compiling tower-sessions-sqlx-store v0.14.2
#21 48.18     Finished `dev` profile [unoptimized + debuginfo] target(s) in 47.41s
#21 DONE 48.4s

#22 [test  9/11] RUN set -xeu &&     DEBIAN_FRONTEND=noninteractive apt-get install -y libasound2 libatk-bridge2.0-0 libatk1.0-0 	libatspi2.0-0 libcairo2 libcups2 libdbus-1-3 libdrm2 libgbm1 libglib2.0-0 libnspr4 libnss3 	libpango-1.0-0 libwayland-client0 libx11-6 libxcb1 libxcomposite1 libxdamage1 libxext6 	libxfixes3 libxkbcommon0 libxrandr2 	pkg-config libssl-dev
#22 0.424 + DEBIAN_FRONTEND=noninteractive apt-get install -y libasound2 libatk-bridge2.0-0 libatk1.0-0 libatspi2.0-0 libcairo2 libcups2 libdbus-1-3 libdrm2 libgbm1 libglib2.0-0 libnspr4 libnss3 libpango-1.0-0 libwayland-client0 libx11-6 libxcb1 libxcomposite1 libxdamage1 libxext6 libxfixes3 libxkbcommon0 libxrandr2 pkg-config libssl-dev
#22 0.473 Reading package lists...
#22 1.473 Building dependency tree...
#22 1.658 Reading state information...
#22 1.828 libcairo2 is already the newest version (1.16.0-5ubuntu2).
#22 1.828 libcairo2 set to manually installed.
#22 1.828 libxcb1 is already the newest version (1.14-3ubuntu3).
#22 1.828 libxcb1 set to manually installed.
#22 1.828 libxext6 is already the newest version (2:1.3.4-1build1).
#22 1.828 libxext6 set to manually installed.
#22 1.828 libxfixes3 is already the newest version (1:6.0.0-1).
#22 1.828 libxfixes3 set to manually installed.
#22 1.828 libdrm2 is already the newest version (2.4.113-2~ubuntu0.22.04.1).
#22 1.828 libdrm2 set to manually installed.
#22 1.828 libglib2.0-0 is already the newest version (2.72.4-0ubuntu2.4).
#22 1.828 libglib2.0-0 set to manually installed.
#22 1.828 libpango-1.0-0 is already the newest version (1.50.6+ds-2ubuntu1).
#22 1.828 libpango-1.0-0 set to manually installed.
#22 1.828 libx11-6 is already the newest version (2:1.7.5-1ubuntu0.3).
#22 1.828 libx11-6 set to manually installed.
#22 1.828 The following additional packages will be installed:
#22 1.828   alsa-topology-conf alsa-ucm-conf at-spi2-core bzip2 dbus dbus-user-session
#22 1.828   dconf-gsettings-backend dconf-service dmsetup gir1.2-glib-2.0
#22 1.828   gsettings-desktop-schemas libapparmor1 libargon2-1 libasound2-data
#22 1.828   libatk1.0-data libavahi-client3 libavahi-common-data libavahi-common3
#22 1.828   libcryptsetup12 libdconf1 libdevmapper1.02.1 libdpkg-perl
#22 1.829   libfile-fcntllock-perl libgdbm-compat4 libgdbm6 libgirepository-1.0-1
#22 1.829   libip4tc2 libjson-c5 libkmod2 liblocale-gettext-perl libnss-systemd
#22 1.829   libpam-systemd libperl5.34 libwayland-server0 libxcb-randr0 libxi6 libxtst6
#22 1.830   netbase networkd-dispatcher perl perl-modules-5.34 python3-dbus python3-gi
#22 1.830   session-migration systemd systemd-sysv systemd-timesyncd x11-common xkb-data
#22 1.830   xz-utils
#22 1.831 Suggested packages:
#22 1.831   bzip2-doc libasound2-plugins alsa-utils cups-common debian-keyring gnupg
#22 1.831   patch git bzr gdbm-l10n libssl-doc iw | wireless-tools perl-doc
#22 1.831   libterm-readline-gnu-perl | libterm-readline-perl-perl
#22 1.831   libtap-harness-archive-perl dpkg-dev python-dbus-doc systemd-container
#22 1.831   libfido2-1 libtss2-esys-3.0.2-0 libtss2-mu0 libtss2-rc0 policykit-1
#22 1.906 The following NEW packages will be installed:
#22 1.906   alsa-topology-conf alsa-ucm-conf at-spi2-core bzip2 dbus dbus-user-session
#22 1.906   dconf-gsettings-backend dconf-service dmsetup gir1.2-glib-2.0
#22 1.906   gsettings-desktop-schemas libapparmor1 libargon2-1 libasound2
#22 1.906   libasound2-data libatk-bridge2.0-0 libatk1.0-0 libatk1.0-data libatspi2.0-0
#22 1.906   libavahi-client3 libavahi-common-data libavahi-common3 libcryptsetup12
#22 1.907   libcups2 libdbus-1-3 libdconf1 libdevmapper1.02.1 libdpkg-perl
#22 1.907   libfile-fcntllock-perl libgbm1 libgdbm-compat4 libgdbm6
#22 1.907   libgirepository-1.0-1 libip4tc2 libjson-c5 libkmod2 liblocale-gettext-perl
#22 1.907   libnspr4 libnss-systemd libnss3 libpam-systemd libperl5.34 libssl-dev
#22 1.907   libwayland-client0 libwayland-server0 libxcb-randr0 libxcomposite1
#22 1.907   libxdamage1 libxi6 libxkbcommon0 libxrandr2 libxtst6 netbase
#22 1.908   networkd-dispatcher perl perl-modules-5.34 pkg-config python3-dbus
#22 1.908   python3-gi session-migration systemd systemd-sysv systemd-timesyncd
#22 1.908   x11-common xkb-data xz-utils
#22 2.138 0 upgraded, 66 newly installed, 0 to remove and 0 not upgraded.
#22 2.138 Need to get 20.8 MB of archives.
#22 2.138 After this operation, 103 MB of additional disk space will be used.
#22 2.138 Get:1 http://archive.ubuntu.com/ubuntu jammy/main amd64 liblocale-gettext-perl amd64 1.07-4build3 [17.1 kB]
#22 2.369 Get:2 http://archive.ubuntu.com/ubuntu jammy-updates/main amd64 libapparmor1 amd64 3.0.4-2ubuntu2.4 [39.7 kB]
#22 2.493 Get:3 http://archive.ubuntu.com/ubuntu jammy/main amd64 libargon2-1 amd64 0~20171227-0.3 [19.5 kB]
#22 2.535 Get:4 http://archive.ubuntu.com/ubuntu jammy/main amd64 libdevmapper1.02.1 amd64 2:1.02.175-2.1ubuntu4 [139 kB]
#22 2.720 Get:5 http://archive.ubuntu.com/ubuntu jammy-updates/main amd64 libjson-c5 amd64 0.15-3~ubuntu1.22.04.2 [33.5 kB]
#22 2.741 Get:6 http://archive.ubuntu.com/ubuntu jammy-updates/main amd64 libcryptsetup12 amd64 2:2.4.3-1ubuntu1.2 [211 kB]
#22 2.848 Get:7 http://archive.ubuntu.com/ubuntu jammy-updates/main amd64 libip4tc2 amd64 1.8.7-1ubuntu5.2 [19.9 kB]
#22 2.855 Get:8 http://archive.ubuntu.com/ubuntu jammy/main amd64 libkmod2 amd64 29-1ubuntu1 [48.0 kB]
#22 2.870 Get:9 http://archive.ubuntu.com/ubuntu jammy-updates/main amd64 systemd amd64 249.11-0ubuntu3.12 [4581 kB]
#22 3.369 Get:10 http://archive.ubuntu.com/ubuntu jammy-updates/main amd64 systemd-sysv amd64 249.11-0ubuntu3.12 [10.5 kB]
#22 3.370 Get:11 http://archive.ubuntu.com/ubuntu jammy-updates/main amd64 perl-modules-5.34 all 5.34.0-3ubuntu1.3 [2976 kB]
#22 3.449 Get:12 http://archive.ubuntu.com/ubuntu jammy/main amd64 libgdbm6 amd64 1.23-1 [33.9 kB]
#22 3.449 Get:13 http://archive.ubuntu.com/ubuntu jammy/main amd64 libgdbm-compat4 amd64 1.23-1 [6606 B]
#22 3.449 Get:14 http://archive.ubuntu.com/ubuntu jammy-updates/main amd64 libperl5.34 amd64 5.34.0-3ubuntu1.3 [4820 kB]
#22 3.576 Get:15 http://archive.ubuntu.com/ubuntu jammy-updates/main amd64 perl amd64 5.34.0-3ubuntu1.3 [232 kB]
#22 3.579 Get:16 http://archive.ubuntu.com/ubuntu jammy-updates/main amd64 libdbus-1-3 amd64 1.12.20-2ubuntu4.1 [189 kB]
#22 3.582 Get:17 http://archive.ubuntu.com/ubuntu jammy-updates/main amd64 dbus amd64 1.12.20-2ubuntu4.1 [158 kB]
#22 3.585 Get:18 http://archive.ubuntu.com/ubuntu jammy/main amd64 dmsetup amd64 2:1.02.175-2.1ubuntu4 [81.7 kB]
#22 3.587 Get:19 http://archive.ubuntu.com/ubuntu jammy/main amd64 libgirepository-1.0-1 amd64 1.72.0-1 [55.6 kB]
#22 3.588 Get:20 http://archive.ubuntu.com/ubuntu jammy/main amd64 gir1.2-glib-2.0 amd64 1.72.0-1 [164 kB]
#22 3.591 Get:21 http://archive.ubuntu.com/ubuntu jammy-updates/main amd64 libnss-systemd amd64 249.11-0ubuntu3.12 [133 kB]
#22 3.593 Get:22 http://archive.ubuntu.com/ubuntu jammy-updates/main amd64 libpam-systemd amd64 249.11-0ubuntu3.12 [203 kB]
#22 3.597 Get:23 http://archive.ubuntu.com/ubuntu jammy/main amd64 netbase all 6.3 [12.9 kB]
#22 3.697 Get:24 http://archive.ubuntu.com/ubuntu jammy/main amd64 python3-dbus amd64 1.2.18-3build1 [99.5 kB]
#22 3.699 Get:25 http://archive.ubuntu.com/ubuntu jammy-updates/main amd64 python3-gi amd64 3.42.1-0ubuntu1 [229 kB]
#22 3.705 Get:26 http://archive.ubuntu.com/ubuntu jammy-updates/main amd64 networkd-dispatcher all 2.1-2ubuntu0.22.04.2 [15.8 kB]
#22 3.706 Get:27 http://archive.ubuntu.com/ubuntu jammy-updates/main amd64 systemd-timesyncd amd64 249.11-0ubuntu3.12 [31.2 kB]
#22 3.707 Get:28 http://archive.ubuntu.com/ubuntu jammy/main amd64 xkb-data all 2.33-1 [394 kB]
#22 3.713 Get:29 http://archive.ubuntu.com/ubuntu jammy/main amd64 xz-utils amd64 5.2.5-2ubuntu1 [84.8 kB]
#22 3.715 Get:30 http://archive.ubuntu.com/ubuntu jammy/main amd64 alsa-topology-conf all 1.2.5.1-2 [15.5 kB]
#22 3.716 Get:31 http://archive.ubuntu.com/ubuntu jammy/main amd64 libasound2-data all 1.2.6.1-1ubuntu1 [19.1 kB]
#22 3.716 Get:32 http://archive.ubuntu.com/ubuntu jammy/main amd64 libasound2 amd64 1.2.6.1-1ubuntu1 [390 kB]
#22 3.724 Get:33 http://archive.ubuntu.com/ubuntu jammy-updates/main amd64 alsa-ucm-conf all 1.2.6.3-1ubuntu1.12 [43.5 kB]
#22 3.809 Get:34 http://archive.ubuntu.com/ubuntu jammy/main amd64 libxi6 amd64 2:1.8-1build1 [32.6 kB]
#22 3.816 Get:35 http://archive.ubuntu.com/ubuntu jammy/main amd64 libatspi2.0-0 amd64 2.44.0-3 [80.9 kB]
#22 3.817 Get:36 http://archive.ubuntu.com/ubuntu jammy/main amd64 x11-common all 1:7.7+23ubuntu2 [23.4 kB]
#22 3.821 Get:37 http://archive.ubuntu.com/ubuntu jammy/main amd64 libxtst6 amd64 2:1.2.3-1build4 [13.4 kB]
#22 3.821 Get:38 http://archive.ubuntu.com/ubuntu jammy-updates/main amd64 dbus-user-session amd64 1.12.20-2ubuntu4.1 [9442 B]
#22 3.828 Get:39 http://archive.ubuntu.com/ubuntu jammy/main amd64 libdconf1 amd64 0.40.0-3 [40.5 kB]
#22 3.835 Get:40 http://archive.ubuntu.com/ubuntu jammy/main amd64 dconf-service amd64 0.40.0-3 [28.5 kB]
#22 3.835 Get:41 http://archive.ubuntu.com/ubuntu jammy/main amd64 dconf-gsettings-backend amd64 0.40.0-3 [22.8 kB]
#22 3.839 Get:42 http://archive.ubuntu.com/ubuntu jammy/main amd64 session-migration amd64 0.3.6 [9774 B]
#22 3.841 Get:43 http://archive.ubuntu.com/ubuntu jammy/main amd64 gsettings-desktop-schemas all 42.0-1ubuntu1 [31.1 kB]
#22 3.924 Get:44 http://archive.ubuntu.com/ubuntu jammy/main amd64 at-spi2-core amd64 2.44.0-3 [54.4 kB]
#22 3.932 Get:45 http://archive.ubuntu.com/ubuntu jammy/main amd64 bzip2 amd64 1.0.8-5build1 [34.8 kB]
#22 3.939 Get:46 http://archive.ubuntu.com/ubuntu jammy/main amd64 libatk1.0-data all 2.36.0-3build1 [2824 B]
#22 3.941 Get:47 http://archive.ubuntu.com/ubuntu jammy/main amd64 libatk1.0-0 amd64 2.36.0-3build1 [51.9 kB]
#22 3.946 Get:48 http://archive.ubuntu.com/ubuntu jammy/main amd64 libatk-bridge2.0-0 amd64 2.38.0-3 [66.6 kB]
#22 3.951 Get:49 http://archive.ubuntu.com/ubuntu jammy-updates/main amd64 libavahi-common-data amd64 0.8-5ubuntu5.2 [23.8 kB]
#22 3.952 Get:50 http://archive.ubuntu.com/ubuntu jammy-updates/main amd64 libavahi-common3 amd64 0.8-5ubuntu5.2 [23.9 kB]
#22 3.953 Get:51 http://archive.ubuntu.com/ubuntu jammy-updates/main amd64 libavahi-client3 amd64 0.8-5ubuntu5.2 [28.0 kB]
#22 3.959 Get:52 http://archive.ubuntu.com/ubuntu jammy-updates/main amd64 libcups2 amd64 2.4.1op1-1ubuntu4.11 [263 kB]
#22 3.964 Get:53 http://archive.ubuntu.com/ubuntu jammy-updates/main amd64 libdpkg-perl all 1.21.1ubuntu2.3 [237 kB]
#22 4.041 Get:54 http://archive.ubuntu.com/ubuntu jammy/main amd64 libfile-fcntllock-perl amd64 0.22-3build7 [33.9 kB]
#22 4.054 Get:55 http://archive.ubuntu.com/ubuntu jammy-updates/main amd64 libwayland-server0 amd64 1.20.0-1ubuntu0.1 [34.3 kB]
#22 4.070 Get:56 http://archive.ubuntu.com/ubuntu jammy/main amd64 libxcb-randr0 amd64 1.14-3ubuntu3 [18.3 kB]
#22 4.080 Get:57 http://archive.ubuntu.com/ubuntu jammy-updates/main amd64 libgbm1 amd64 23.2.1-1ubuntu3.1~22.04.3 [33.5 kB]
#22 4.080 Get:58 http://archive.ubuntu.com/ubuntu jammy-updates/main amd64 libnspr4 amd64 2:4.35-0ubuntu0.22.04.1 [119 kB]
#22 4.083 Get:59 http://archive.ubuntu.com/ubuntu jammy-updates/main amd64 libnss3 amd64 2:3.98-0ubuntu0.22.04.2 [1347 kB]
#22 4.106 Get:60 http://archive.ubuntu.com/ubuntu jammy-updates/main amd64 libssl-dev amd64 3.0.2-0ubuntu1.18 [2375 kB]
#22 4.145 Get:61 http://archive.ubuntu.com/ubuntu jammy-updates/main amd64 libwayland-client0 amd64 1.20.0-1ubuntu0.1 [25.9 kB]
#22 4.145 Get:62 http://archive.ubuntu.com/ubuntu jammy/main amd64 libxcomposite1 amd64 1:0.4.5-1build2 [7192 B]
#22 4.146 Get:63 http://archive.ubuntu.com/ubuntu jammy/main amd64 libxdamage1 amd64 1:1.1.5-2build2 [7154 B]
#22 4.153 Get:64 http://archive.ubuntu.com/ubuntu jammy/main amd64 libxkbcommon0 amd64 1.4.0-1 [125 kB]
#22 4.171 Get:65 http://archive.ubuntu.com/ubuntu jammy/main amd64 libxrandr2 amd64 2:1.5.2-1build1 [20.4 kB]
#22 4.184 Get:66 http://archive.ubuntu.com/ubuntu jammy/main amd64 pkg-config amd64 0.29.2-1ubuntu3 [48.2 kB]
#22 4.304 debconf: delaying package configuration, since apt-utils is not installed
#22 4.340 Fetched 20.8 MB in 2s (9169 kB/s)
#22 4.369 Selecting previously unselected package liblocale-gettext-perl.
#22 4.369 (Reading database ... (Reading database ... 5%(Reading database ... 10%(Reading database ... 15%(Reading database ... 20%(Reading database ... 25%(Reading database ... 30%(Reading database ... 35%(Reading database ... 40%(Reading database ... 45%(Reading database ... 50%(Reading database ... 55%(Reading database ... 60%(Reading database ... 65%(Reading database ... 70%(Reading database ... 75%(Reading database ... 80%(Reading database ... 85%(Reading database ... 90%(Reading database ... 95%(Reading database ... 100%(Reading database ... 21846 files and directories currently installed.)
#22 4.380 Preparing to unpack .../0-liblocale-gettext-perl_1.07-4build3_amd64.deb ...
#22 4.390 Unpacking liblocale-gettext-perl (1.07-4build3) ...
#22 4.465 Selecting previously unselected package libapparmor1:amd64.
#22 4.468 Preparing to unpack .../1-libapparmor1_3.0.4-2ubuntu2.4_amd64.deb ...
#22 4.488 Unpacking libapparmor1:amd64 (3.0.4-2ubuntu2.4) ...
#22 4.559 Selecting previously unselected package libargon2-1:amd64.
#22 4.561 Preparing to unpack .../2-libargon2-1_0~20171227-0.3_amd64.deb ...
#22 4.571 Unpacking libargon2-1:amd64 (0~20171227-0.3) ...
#22 4.643 Selecting previously unselected package libdevmapper1.02.1:amd64.
#22 4.645 Preparing to unpack .../3-libdevmapper1.02.1_2%3a1.02.175-2.1ubuntu4_amd64.deb ...
#22 4.656 Unpacking libdevmapper1.02.1:amd64 (2:1.02.175-2.1ubuntu4) ...
#22 4.728 Selecting previously unselected package libjson-c5:amd64.
#22 4.730 Preparing to unpack .../4-libjson-c5_0.15-3~ubuntu1.22.04.2_amd64.deb ...
#22 4.740 Unpacking libjson-c5:amd64 (0.15-3~ubuntu1.22.04.2) ...
#22 4.811 Selecting previously unselected package libcryptsetup12:amd64.
#22 4.812 Preparing to unpack .../5-libcryptsetup12_2%3a2.4.3-1ubuntu1.2_amd64.deb ...
#22 4.822 Unpacking libcryptsetup12:amd64 (2:2.4.3-1ubuntu1.2) ...
#22 4.904 Selecting previously unselected package libip4tc2:amd64.
#22 4.906 Preparing to unpack .../6-libip4tc2_1.8.7-1ubuntu5.2_amd64.deb ...
#22 4.916 Unpacking libip4tc2:amd64 (1.8.7-1ubuntu5.2) ...
#22 4.987 Selecting previously unselected package libkmod2:amd64.
#22 4.989 Preparing to unpack .../7-libkmod2_29-1ubuntu1_amd64.deb ...
#22 4.998 Unpacking libkmod2:amd64 (29-1ubuntu1) ...
#22 5.088 Selecting previously unselected package systemd.
#22 5.090 Preparing to unpack .../8-systemd_249.11-0ubuntu3.12_amd64.deb ...
#22 5.109 Unpacking systemd (249.11-0ubuntu3.12) ...
#22 5.329 Setting up libapparmor1:amd64 (3.0.4-2ubuntu2.4) ...
#22 5.357 Setting up libargon2-1:amd64 (0~20171227-0.3) ...
#22 5.385 Setting up libdevmapper1.02.1:amd64 (2:1.02.175-2.1ubuntu4) ...
#22 5.414 Setting up libjson-c5:amd64 (0.15-3~ubuntu1.22.04.2) ...
#22 5.443 Setting up libcryptsetup12:amd64 (2:2.4.3-1ubuntu1.2) ...
#22 5.471 Setting up libip4tc2:amd64 (1.8.7-1ubuntu5.2) ...
#22 5.499 Setting up libkmod2:amd64 (29-1ubuntu1) ...
#22 5.527 Setting up systemd (249.11-0ubuntu3.12) ...
#22 5.625 Created symlink /etc/systemd/system/getty.target.wants/getty@tty1.service  /lib/systemd/system/getty@.service.
#22 5.627 Created symlink /etc/systemd/system/multi-user.target.wants/remote-fs.target  /lib/systemd/system/remote-fs.target.
#22 5.629 Created symlink /etc/systemd/system/dbus-org.freedesktop.resolve1.service  /lib/systemd/system/systemd-resolved.service.
#22 5.629 Created symlink /etc/systemd/system/multi-user.target.wants/systemd-resolved.service  /lib/systemd/system/systemd-resolved.service.
#22 5.633 ln: failed to create symbolic link '/etc/resolv.conf': Device or resource busy
#22 5.636 Created symlink /etc/systemd/system/sysinit.target.wants/systemd-pstore.service  /lib/systemd/system/systemd-pstore.service.
#22 5.640 Initializing machine ID from random generator.
#22 6.069 Selecting previously unselected package systemd-sysv.
#22 6.069 (Reading database ... (Reading database ... 5%(Reading database ... 10%(Reading database ... 15%(Reading database ... 20%(Reading database ... 25%(Reading database ... 30%(Reading database ... 35%(Reading database ... 40%(Reading database ... 45%(Reading database ... 50%(Reading database ... 55%(Reading database ... 60%(Reading database ... 65%(Reading database ... 70%(Reading database ... 75%(Reading database ... 80%(Reading database ... 85%(Reading database ... 90%(Reading database ... 95%(Reading database ... 100%(Reading database ... 22675 files and directories currently installed.)
#22 6.080 Preparing to unpack .../00-systemd-sysv_249.11-0ubuntu3.12_amd64.deb ...
#22 6.090 Unpacking systemd-sysv (249.11-0ubuntu3.12) ...
#22 6.144 Selecting previously unselected package perl-modules-5.34.
#22 6.146 Preparing to unpack .../01-perl-modules-5.34_5.34.0-3ubuntu1.3_all.deb ...
#22 6.156 Unpacking perl-modules-5.34 (5.34.0-3ubuntu1.3) ...
#22 6.510 Selecting previously unselected package libgdbm6:amd64.
#22 6.512 Preparing to unpack .../02-libgdbm6_1.23-1_amd64.deb ...
#22 6.521 Unpacking libgdbm6:amd64 (1.23-1) ...
#22 6.591 Selecting previously unselected package libgdbm-compat4:amd64.
#22 6.594 Preparing to unpack .../03-libgdbm-compat4_1.23-1_amd64.deb ...
#22 6.603 Unpacking libgdbm-compat4:amd64 (1.23-1) ...
#22 6.675 Selecting previously unselected package libperl5.34:amd64.
#22 6.677 Preparing to unpack .../04-libperl5.34_5.34.0-3ubuntu1.3_amd64.deb ...
#22 6.687 Unpacking libperl5.34:amd64 (5.34.0-3ubuntu1.3) ...
#22 6.942 Selecting previously unselected package perl.
#22 6.945 Preparing to unpack .../05-perl_5.34.0-3ubuntu1.3_amd64.deb ...
#22 6.958 Unpacking perl (5.34.0-3ubuntu1.3) ...
#22 7.039 Selecting previously unselected package libdbus-1-3:amd64.
#22 7.041 Preparing to unpack .../06-libdbus-1-3_1.12.20-2ubuntu4.1_amd64.deb ...
#22 7.051 Unpacking libdbus-1-3:amd64 (1.12.20-2ubuntu4.1) ...
#22 7.139 Selecting previously unselected package dbus.
#22 7.141 Preparing to unpack .../07-dbus_1.12.20-2ubuntu4.1_amd64.deb ...
#22 7.157 Unpacking dbus (1.12.20-2ubuntu4.1) ...
#22 7.242 Selecting previously unselected package dmsetup.
#22 7.245 Preparing to unpack .../08-dmsetup_2%3a1.02.175-2.1ubuntu4_amd64.deb ...
#22 7.253 Unpacking dmsetup (2:1.02.175-2.1ubuntu4) ...
#22 7.328 Selecting previously unselected package libgirepository-1.0-1:amd64.
#22 7.330 Preparing to unpack .../09-libgirepository-1.0-1_1.72.0-1_amd64.deb ...
#22 7.339 Unpacking libgirepository-1.0-1:amd64 (1.72.0-1) ...
#22 7.396 Selecting previously unselected package gir1.2-glib-2.0:amd64.
#22 7.398 Preparing to unpack .../10-gir1.2-glib-2.0_1.72.0-1_amd64.deb ...
#22 7.408 Unpacking gir1.2-glib-2.0:amd64 (1.72.0-1) ...
#22 7.485 Selecting previously unselected package libnss-systemd:amd64.
#22 7.487 Preparing to unpack .../11-libnss-systemd_249.11-0ubuntu3.12_amd64.deb ...
#22 7.497 Unpacking libnss-systemd:amd64 (249.11-0ubuntu3.12) ...
#22 7.564 Selecting previously unselected package libpam-systemd:amd64.
#22 7.566 Preparing to unpack .../12-libpam-systemd_249.11-0ubuntu3.12_amd64.deb ...
#22 7.576 Unpacking libpam-systemd:amd64 (249.11-0ubuntu3.12) ...
#22 7.650 Selecting previously unselected package netbase.
#22 7.652 Preparing to unpack .../13-netbase_6.3_all.deb ...
#22 7.662 Unpacking netbase (6.3) ...
#22 7.728 Selecting previously unselected package python3-dbus.
#22 7.730 Preparing to unpack .../14-python3-dbus_1.2.18-3build1_amd64.deb ...
#22 7.740 Unpacking python3-dbus (1.2.18-3build1) ...
#22 7.812 Selecting previously unselected package python3-gi.
#22 7.814 Preparing to unpack .../15-python3-gi_3.42.1-0ubuntu1_amd64.deb ...
#22 7.824 Unpacking python3-gi (3.42.1-0ubuntu1) ...
#22 7.908 Selecting previously unselected package networkd-dispatcher.
#22 7.910 Preparing to unpack .../16-networkd-dispatcher_2.1-2ubuntu0.22.04.2_all.deb ...
#22 7.920 Unpacking networkd-dispatcher (2.1-2ubuntu0.22.04.2) ...
#22 8.004 Selecting previously unselected package systemd-timesyncd.
#22 8.006 Preparing to unpack .../17-systemd-timesyncd_249.11-0ubuntu3.12_amd64.deb ...
#22 8.016 Unpacking systemd-timesyncd (249.11-0ubuntu3.12) ...
#22 8.076 Selecting previously unselected package xkb-data.
#22 8.078 Preparing to unpack .../18-xkb-data_2.33-1_all.deb ...
#22 8.087 Unpacking xkb-data (2.33-1) ...
#22 8.208 Selecting previously unselected package xz-utils.
#22 8.210 Preparing to unpack .../19-xz-utils_5.2.5-2ubuntu1_amd64.deb ...
#22 8.219 Unpacking xz-utils (5.2.5-2ubuntu1) ...
#22 8.277 Selecting previously unselected package alsa-topology-conf.
#22 8.279 Preparing to unpack .../20-alsa-topology-conf_1.2.5.1-2_all.deb ...
#22 8.289 Unpacking alsa-topology-conf (1.2.5.1-2) ...
#22 8.343 Selecting previously unselected package libasound2-data.
#22 8.345 Preparing to unpack .../21-libasound2-data_1.2.6.1-1ubuntu1_all.deb ...
#22 8.355 Unpacking libasound2-data (1.2.6.1-1ubuntu1) ...
#22 8.436 Selecting previously unselected package libasound2:amd64.
#22 8.438 Preparing to unpack .../22-libasound2_1.2.6.1-1ubuntu1_amd64.deb ...
#22 8.447 Unpacking libasound2:amd64 (1.2.6.1-1ubuntu1) ...
#22 8.505 Selecting previously unselected package alsa-ucm-conf.
#22 8.508 Preparing to unpack .../23-alsa-ucm-conf_1.2.6.3-1ubuntu1.12_all.deb ...
#22 8.518 Unpacking alsa-ucm-conf (1.2.6.3-1ubuntu1.12) ...
#22 8.660 Selecting previously unselected package libxi6:amd64.
#22 8.662 Preparing to unpack .../24-libxi6_2%3a1.8-1build1_amd64.deb ...
#22 8.672 Unpacking libxi6:amd64 (2:1.8-1build1) ...
#22 8.738 Selecting previously unselected package libatspi2.0-0:amd64.
#22 8.740 Preparing to unpack .../25-libatspi2.0-0_2.44.0-3_amd64.deb ...
#22 8.750 Unpacking libatspi2.0-0:amd64 (2.44.0-3) ...
#22 8.825 Selecting previously unselected package x11-common.
#22 8.827 Preparing to unpack .../26-x11-common_1%3a7.7+23ubuntu2_all.deb ...
#22 8.838 Unpacking x11-common (1:7.7+23ubuntu2) ...
#22 8.907 Selecting previously unselected package libxtst6:amd64.
#22 8.909 Preparing to unpack .../27-libxtst6_2%3a1.2.3-1build4_amd64.deb ...
#22 8.919 Unpacking libxtst6:amd64 (2:1.2.3-1build4) ...
#22 8.979 Selecting previously unselected package dbus-user-session.
#22 8.981 Preparing to unpack .../28-dbus-user-session_1.12.20-2ubuntu4.1_amd64.deb ...
#22 8.990 Unpacking dbus-user-session (1.12.20-2ubuntu4.1) ...
#22 9.061 Selecting previously unselected package libdconf1:amd64.
#22 9.063 Preparing to unpack .../29-libdconf1_0.40.0-3_amd64.deb ...
#22 9.072 Unpacking libdconf1:amd64 (0.40.0-3) ...
#22 9.134 Selecting previously unselected package dconf-service.
#22 9.136 Preparing to unpack .../30-dconf-service_0.40.0-3_amd64.deb ...
#22 9.146 Unpacking dconf-service (0.40.0-3) ...
#22 9.201 Selecting previously unselected package dconf-gsettings-backend:amd64.
#22 9.204 Preparing to unpack .../31-dconf-gsettings-backend_0.40.0-3_amd64.deb ...
#22 9.212 Unpacking dconf-gsettings-backend:amd64 (0.40.0-3) ...
#22 9.286 Selecting previously unselected package session-migration.
#22 9.288 Preparing to unpack .../32-session-migration_0.3.6_amd64.deb ...
#22 9.298 Unpacking session-migration (0.3.6) ...
#22 9.355 Selecting previously unselected package gsettings-desktop-schemas.
#22 9.357 Preparing to unpack .../33-gsettings-desktop-schemas_42.0-1ubuntu1_all.deb ...
#22 9.365 Unpacking gsettings-desktop-schemas (42.0-1ubuntu1) ...
#22 9.448 Selecting previously unselected package at-spi2-core.
#22 9.451 Preparing to unpack .../34-at-spi2-core_2.44.0-3_amd64.deb ...
#22 9.460 Unpacking at-spi2-core (2.44.0-3) ...
#22 9.519 Selecting previously unselected package bzip2.
#22 9.521 Preparing to unpack .../35-bzip2_1.0.8-5build1_amd64.deb ...
#22 9.529 Unpacking bzip2 (1.0.8-5build1) ...
#22 9.587 Selecting previously unselected package libatk1.0-data.
#22 9.589 Preparing to unpack .../36-libatk1.0-data_2.36.0-3build1_all.deb ...
#22 9.599 Unpacking libatk1.0-data (2.36.0-3build1) ...
#22 9.667 Selecting previously unselected package libatk1.0-0:amd64.
#22 9.669 Preparing to unpack .../37-libatk1.0-0_2.36.0-3build1_amd64.deb ...
#22 9.679 Unpacking libatk1.0-0:amd64 (2.36.0-3build1) ...
#22 9.751 Selecting previously unselected package libatk-bridge2.0-0:amd64.
#22 9.753 Preparing to unpack .../38-libatk-bridge2.0-0_2.38.0-3_amd64.deb ...
#22 9.763 Unpacking libatk-bridge2.0-0:amd64 (2.38.0-3) ...
#22 9.820 Selecting previously unselected package libavahi-common-data:amd64.
#22 9.822 Preparing to unpack .../39-libavahi-common-data_0.8-5ubuntu5.2_amd64.deb ...
#22 9.831 Unpacking libavahi-common-data:amd64 (0.8-5ubuntu5.2) ...
#22 9.902 Selecting previously unselected package libavahi-common3:amd64.
#22 9.904 Preparing to unpack .../40-libavahi-common3_0.8-5ubuntu5.2_amd64.deb ...
#22 9.914 Unpacking libavahi-common3:amd64 (0.8-5ubuntu5.2) ...
#22 9.984 Selecting previously unselected package libavahi-client3:amd64.
#22 9.986 Preparing to unpack .../41-libavahi-client3_0.8-5ubuntu5.2_amd64.deb ...
#22 9.995 Unpacking libavahi-client3:amd64 (0.8-5ubuntu5.2) ...
#22 10.07 Selecting previously unselected package libcups2:amd64.
#22 10.07 Preparing to unpack .../42-libcups2_2.4.1op1-1ubuntu4.11_amd64.deb ...
#22 10.08 Unpacking libcups2:amd64 (2.4.1op1-1ubuntu4.11) ...
#22 10.14 Selecting previously unselected package libdpkg-perl.
#22 10.14 Preparing to unpack .../43-libdpkg-perl_1.21.1ubuntu2.3_all.deb ...
#22 10.15 Unpacking libdpkg-perl (1.21.1ubuntu2.3) ...
#22 10.22 Selecting previously unselected package libfile-fcntllock-perl.
#22 10.22 Preparing to unpack .../44-libfile-fcntllock-perl_0.22-3build7_amd64.deb ...
#22 10.23 Unpacking libfile-fcntllock-perl (0.22-3build7) ...
#22 10.30 Selecting previously unselected package libwayland-server0:amd64.
#22 10.30 Preparing to unpack .../45-libwayland-server0_1.20.0-1ubuntu0.1_amd64.deb ...
#22 10.31 Unpacking libwayland-server0:amd64 (1.20.0-1ubuntu0.1) ...
#22 10.38 Selecting previously unselected package libxcb-randr0:amd64.
#22 10.38 Preparing to unpack .../46-libxcb-randr0_1.14-3ubuntu3_amd64.deb ...
#22 10.39 Unpacking libxcb-randr0:amd64 (1.14-3ubuntu3) ...
#22 10.46 Selecting previously unselected package libgbm1:amd64.
#22 10.46 Preparing to unpack .../47-libgbm1_23.2.1-1ubuntu3.1~22.04.3_amd64.deb ...
#22 10.47 Unpacking libgbm1:amd64 (23.2.1-1ubuntu3.1~22.04.3) ...
#22 10.54 Selecting previously unselected package libnspr4:amd64.
#22 10.54 Preparing to unpack .../48-libnspr4_2%3a4.35-0ubuntu0.22.04.1_amd64.deb ...
#22 10.55 Unpacking libnspr4:amd64 (2:4.35-0ubuntu0.22.04.1) ...
#22 10.62 Selecting previously unselected package libnss3:amd64.
#22 10.62 Preparing to unpack .../49-libnss3_2%3a3.98-0ubuntu0.22.04.2_amd64.deb ...
#22 10.63 Unpacking libnss3:amd64 (2:3.98-0ubuntu0.22.04.2) ...
#22 10.77 Selecting previously unselected package libssl-dev:amd64.
#22 10.77 Preparing to unpack .../50-libssl-dev_3.0.2-0ubuntu1.18_amd64.deb ...
#22 10.78 Unpacking libssl-dev:amd64 (3.0.2-0ubuntu1.18) ...
#22 10.90 Selecting previously unselected package libwayland-client0:amd64.
#22 10.91 Preparing to unpack .../51-libwayland-client0_1.20.0-1ubuntu0.1_amd64.deb ...
#22 10.92 Unpacking libwayland-client0:amd64 (1.20.0-1ubuntu0.1) ...
#22 10.98 Selecting previously unselected package libxcomposite1:amd64.
#22 10.98 Preparing to unpack .../52-libxcomposite1_1%3a0.4.5-1build2_amd64.deb ...
#22 10.99 Unpacking libxcomposite1:amd64 (1:0.4.5-1build2) ...
#22 11.06 Selecting previously unselected package libxdamage1:amd64.
#22 11.06 Preparing to unpack .../53-libxdamage1_1%3a1.1.5-2build2_amd64.deb ...
#22 11.07 Unpacking libxdamage1:amd64 (1:1.1.5-2build2) ...
#22 11.13 Selecting previously unselected package libxkbcommon0:amd64.
#22 11.14 Preparing to unpack .../54-libxkbcommon0_1.4.0-1_amd64.deb ...
#22 11.14 Unpacking libxkbcommon0:amd64 (1.4.0-1) ...
#22 11.21 Selecting previously unselected package libxrandr2:amd64.
#22 11.22 Preparing to unpack .../55-libxrandr2_2%3a1.5.2-1build1_amd64.deb ...
#22 11.23 Unpacking libxrandr2:amd64 (2:1.5.2-1build1) ...
#22 11.29 Selecting previously unselected package pkg-config.
#22 11.30 Preparing to unpack .../56-pkg-config_0.29.2-1ubuntu3_amd64.deb ...
#22 11.31 Unpacking pkg-config (0.29.2-1ubuntu3) ...
#22 11.38 Setting up libwayland-server0:amd64 (1.20.0-1ubuntu0.1) ...
#22 11.40 Setting up session-migration (0.3.6) ...
#22 11.50 Created symlink /etc/systemd/user/graphical-session-pre.target.wants/session-migration.service  /usr/lib/systemd/user/session-migration.service.
#22 11.52 Setting up systemd-sysv (249.11-0ubuntu3.12) ...
#22 11.55 Setting up libxdamage1:amd64 (1:1.1.5-2build2) ...
#22 11.57 Setting up libxi6:amd64 (2:1.8-1build1) ...
#22 11.60 Setting up x11-common (1:7.7+23ubuntu2) ...
#22 11.81 invoke-rc.d: could not determine current runlevel
#22 11.81 invoke-rc.d: policy-rc.d denied execution of start.
#22 11.82 Setting up libnss-systemd:amd64 (249.11-0ubuntu3.12) ...
#22 11.84 First installation detected...
#22 11.84 Checking NSS setup...
#22 11.85 Setting up xkb-data (2.33-1) ...
#22 11.88 Setting up perl-modules-5.34 (5.34.0-3ubuntu1.3) ...
#22 11.91 Setting up bzip2 (1.0.8-5build1) ...
#22 11.94 Setting up libdconf1:amd64 (0.40.0-3) ...
#22 11.96 Setting up libasound2-data (1.2.6.1-1ubuntu1) ...
#22 11.99 Setting up libnspr4:amd64 (2:4.35-0ubuntu0.22.04.1) ...
#22 12.02 Setting up libavahi-common-data:amd64 (0.8-5ubuntu5.2) ...
#22 12.05 Setting up libdbus-1-3:amd64 (1.12.20-2ubuntu4.1) ...
#22 12.07 Setting up dbus (1.12.20-2ubuntu4.1) ...
#22 12.26 Setting up xz-utils (5.2.5-2ubuntu1) ...
#22 12.29 update-alternatives: using /usr/bin/xz to provide /usr/bin/lzma (lzma) in auto mode
#22 12.29 update-alternatives: warning: skip creation of /usr/share/man/man1/lzma.1.gz because associated file /usr/share/man/man1/xz.1.gz (of link group lzma) doesn't exist
#22 12.29 update-alternatives: warning: skip creation of /usr/share/man/man1/unlzma.1.gz because associated file /usr/share/man/man1/unxz.1.gz (of link group lzma) doesn't exist
#22 12.29 update-alternatives: warning: skip creation of /usr/share/man/man1/lzcat.1.gz because associated file /usr/share/man/man1/xzcat.1.gz (of link group lzma) doesn't exist
#22 12.29 update-alternatives: warning: skip creation of /usr/share/man/man1/lzmore.1.gz because associated file /usr/share/man/man1/xzmore.1.gz (of link group lzma) doesn't exist
#22 12.29 update-alternatives: warning: skip creation of /usr/share/man/man1/lzless.1.gz because associated file /usr/share/man/man1/xzless.1.gz (of link group lzma) doesn't exist
#22 12.29 update-alternatives: warning: skip creation of /usr/share/man/man1/lzdiff.1.gz because associated file /usr/share/man/man1/xzdiff.1.gz (of link group lzma) doesn't exist
#22 12.29 update-alternatives: warning: skip creation of /usr/share/man/man1/lzcmp.1.gz because associated file /usr/share/man/man1/xzcmp.1.gz (of link group lzma) doesn't exist
#22 12.29 update-alternatives: warning: skip creation of /usr/share/man/man1/lzgrep.1.gz because associated file /usr/share/man/man1/xzgrep.1.gz (of link group lzma) doesn't exist
#22 12.29 update-alternatives: warning: skip creation of /usr/share/man/man1/lzegrep.1.gz because associated file /usr/share/man/man1/xzegrep.1.gz (of link group lzma) doesn't exist
#22 12.29 update-alternatives: warning: skip creation of /usr/share/man/man1/lzfgrep.1.gz because associated file /usr/share/man/man1/xzfgrep.1.gz (of link group lzma) doesn't exist
#22 12.31 Setting up libssl-dev:amd64 (3.0.2-0ubuntu1.18) ...
#22 12.33 Setting up systemd-timesyncd (249.11-0ubuntu3.12) ...
#22 12.58 Created symlink /etc/systemd/system/dbus-org.freedesktop.timesync1.service  /lib/systemd/system/systemd-timesyncd.service.
#22 12.58 Created symlink /etc/systemd/system/sysinit.target.wants/systemd-timesyncd.service  /lib/systemd/system/systemd-timesyncd.service.
#22 12.59 Setting up libxrandr2:amd64 (2:1.5.2-1build1) ...
#22 12.62 Setting up libatk1.0-data (2.36.0-3build1) ...
#22 12.65 Setting up alsa-topology-conf (1.2.5.1-2) ...
#22 12.68 Setting up dmsetup (2:1.02.175-2.1ubuntu4) ...
#22 12.70 Setting up libxcb-randr0:amd64 (1.14-3ubuntu3) ...
#22 12.73 Setting up libasound2:amd64 (1.2.6.1-1ubuntu1) ...
#22 12.76 Setting up libpam-systemd:amd64 (249.11-0ubuntu3.12) ...
#22 12.88 Setting up libgirepository-1.0-1:amd64 (1.72.0-1) ...
#22 12.90 Setting up netbase (6.3) ...
#22 12.97 Setting up libatk1.0-0:amd64 (2.36.0-3build1) ...
#22 13.00 Setting up libxcomposite1:amd64 (1:0.4.5-1build2) ...
#22 13.02 Setting up liblocale-gettext-perl (1.07-4build3) ...
#22 13.05 Setting up libgdbm6:amd64 (1.23-1) ...
#22 13.08 Setting up libxkbcommon0:amd64 (1.4.0-1) ...
#22 13.11 Setting up libwayland-client0:amd64 (1.20.0-1ubuntu0.1) ...
#22 13.13 Setting up python3-dbus (1.2.18-3build1) ...
#22 13.26 Setting up libgbm1:amd64 (23.2.1-1ubuntu3.1~22.04.3) ...
#22 13.29 Setting up alsa-ucm-conf (1.2.6.3-1ubuntu1.12) ...
#22 13.32 Setting up libxtst6:amd64 (2:1.2.3-1build4) ...
#22 13.35 Setting up libavahi-common3:amd64 (0.8-5ubuntu5.2) ...
#22 13.38 Setting up libnss3:amd64 (2:3.98-0ubuntu0.22.04.2) ...
#22 13.41 Setting up libatspi2.0-0:amd64 (2.44.0-3) ...
#22 13.43 Setting up libatk-bridge2.0-0:amd64 (2.38.0-3) ...
#22 13.46 Setting up dbus-user-session (1.12.20-2ubuntu4.1) ...
#22 13.50 Setting up libgdbm-compat4:amd64 (1.23-1) ...
#22 13.53 Setting up gir1.2-glib-2.0:amd64 (1.72.0-1) ...
#22 13.55 Setting up libavahi-client3:amd64 (0.8-5ubuntu5.2) ...
#22 13.58 Setting up libperl5.34:amd64 (5.34.0-3ubuntu1.3) ...
#22 13.61 Setting up dconf-service (0.40.0-3) ...
#22 13.63 Setting up perl (5.34.0-3ubuntu1.3) ...
#22 13.68 Setting up python3-gi (3.42.1-0ubuntu1) ...
#22 13.82 Setting up libdpkg-perl (1.21.1ubuntu2.3) ...
#22 13.84 Setting up libcups2:amd64 (2.4.1op1-1ubuntu4.11) ...
#22 13.87 Setting up networkd-dispatcher (2.1-2ubuntu0.22.04.2) ...
#22 13.99 Created symlink /etc/systemd/system/multi-user.target.wants/networkd-dispatcher.service  /lib/systemd/system/networkd-dispatcher.service.
#22 14.00 Setting up dconf-gsettings-backend:amd64 (0.40.0-3) ...
#22 14.03 Setting up libfile-fcntllock-perl (0.22-3build7) ...
#22 14.05 Setting up pkg-config (0.29.2-1ubuntu3) ...
#22 14.11 Setting up gsettings-desktop-schemas (42.0-1ubuntu1) ...
#22 14.14 Processing triggers for libglib2.0-0:amd64 (2.72.4-0ubuntu2.4) ...
#22 14.18 Processing triggers for libc-bin (2.35-0ubuntu3.8) ...
#22 14.22 Setting up at-spi2-core (2.44.0-3) ...
#22 DONE 14.4s

#23 [test 10/11] RUN set -xu && 	cd /root/oko/backend && 	cargo test; exit 0
#23 0.408 + cd /root/oko/backend
#23 0.408 + cargo test
#23 0.600  Downloading crates ...
#23 0.920   Downloaded bzip2 v0.4.4
#23 0.999   Downloaded dirs v3.0.2
#23 1.003   Downloaded http v0.2.12
#23 1.010   Downloaded http-body v0.4.6
#23 1.014   Downloaded h2 v0.3.26
#23 1.032   Downloaded darling_macro v0.13.4
#23 1.034   Downloaded ident_case v1.0.1
#23 1.036   Downloaded crc32fast v1.4.2
#23 1.042   Downloaded adler2 v2.0.0
#23 1.047   Downloaded darling v0.13.4
#23 1.051   Downloaded ipnet v2.10.1
#23 1.054   Downloaded rustls-pemfile v1.0.4
#23 1.058   Downloaded miniz_oxide v0.8.0
#23 1.062   Downloaded want v0.3.1
#23 1.065   Downloaded itertools v0.10.5
#23 1.075   Downloaded syn v1.0.109
#23 1.093   Downloaded serde_with v1.14.0
#23 1.100   Downloaded zip v0.5.13
#23 1.105   Downloaded time v0.1.45
#23 1.107   Downloaded strsim v0.10.0
#23 1.109   Downloaded strong v0.3.4
#23 1.112   Downloaded playwright v0.0.20
#23 1.127   Downloaded dirs-sys v0.3.7
#23 1.128   Downloaded bzip2-sys v0.1.11+1.0.8
#23 1.140   Downloaded reqwest v0.11.27
#23 1.150   Downloaded hyper v0.14.31
#23 1.161   Downloaded serde_with_macros v1.5.2
#23 1.162   Downloaded try-lock v0.2.5
#23 1.164   Downloaded sync_wrapper v0.1.2
#23 1.165   Downloaded hyper-tls v0.5.0
#23 1.167   Downloaded base64 v0.21.7
#23 1.172   Downloaded base64 v0.13.1
#23 1.177   Downloaded flate2 v1.0.35
#23 1.186   Downloaded darling_core v0.13.4
#23 1.194   Downloaded encoding_rs v0.8.35
#23 1.299    Compiling bitflags v2.6.0
#23 1.301    Compiling futures-util v0.3.31
#23 1.301    Compiling openssl-sys v0.9.104
#23 1.304    Compiling openssl v0.10.68
#23 1.304    Compiling foreign-types-shared v0.1.1
#23 1.304    Compiling openssl-macros v0.1.1
#23 1.306    Compiling native-tls v0.2.12
#23 1.310    Compiling openssl-probe v0.1.5
#23 1.314    Compiling idna v1.0.3
#23 1.318    Compiling rustix v0.38.42
#23 1.318    Compiling tokio-stream v0.1.17
#23 1.327    Compiling http v0.2.12
#23 1.328    Compiling linux-raw-sys v0.4.14
#23 1.332    Compiling syn v1.0.109
#23 1.339    Compiling flume v0.11.1
#23 1.387    Compiling foreign-types v0.3.2
#23 1.393    Compiling tokio-util v0.7.13
#23 1.469    Compiling try-lock v0.2.5
#23 1.519    Compiling fastrand v2.3.0
#23 1.552    Compiling want v0.3.1
#23 1.566    Compiling ident_case v1.0.1
#23 1.606    Compiling strsim v0.10.0
#23 1.651    Compiling bzip2-sys v0.1.11+1.0.8
#23 1.666    Compiling base64 v0.21.7
#23 1.730    Compiling encoding_rs v0.8.35
#23 1.736    Compiling ipnet v2.10.1
#23 1.796    Compiling url v2.5.4
#23 1.941    Compiling adler2 v2.0.0
#23 1.994    Compiling sync_wrapper v0.1.2
#23 2.068    Compiling rustls-pemfile v1.0.4
#23 2.073    Compiling miniz_oxide v0.8.0
#23 2.122    Compiling crc32fast v1.4.2
#23 2.168    Compiling dirs-sys v0.3.7
#23 2.235    Compiling time v0.1.45
#23 2.248    Compiling itertools v0.10.5
#23 2.252    Compiling strong v0.3.4
#23 2.312    Compiling dirs v3.0.2
#23 2.330    Compiling base64 v0.13.1
#23 2.438    Compiling http-body v0.4.6
#23 2.640    Compiling flate2 v1.0.35
#23 2.952    Compiling bzip2 v0.4.4
#23 3.047    Compiling zip v0.5.13
#23 3.627    Compiling tempfile v3.14.0
#23 4.019    Compiling sqlx-core v0.8.2
#23 4.019    Compiling futures-executor v0.3.31
#23 4.019    Compiling h2 v0.3.26
#23 4.052    Compiling http-body-util v0.1.2
#23 4.052    Compiling hyper v1.5.1
#23 4.052    Compiling tower v0.5.2
#23 4.154    Compiling futures v0.3.31
#23 4.261    Compiling axum-core v0.4.5
#23 4.453    Compiling tower-http v0.6.2
#23 4.701    Compiling darling_core v0.13.4
#23 4.760    Compiling hyper-util v0.1.10
#23 5.954    Compiling tokio-native-tls v0.3.1
#23 5.954    Compiling tungstenite v0.24.0
#23 5.988    Compiling darling_macro v0.13.4
#23 6.120    Compiling tower-sessions-core v0.13.0
#23 6.120    Compiling tower-cookies v0.10.0
#23 6.120    Compiling axum-embed v0.1.0
#23 6.351    Compiling sqlx-sqlite v0.8.2
#23 6.566    Compiling tokio-tungstenite v0.24.0
#23 6.613    Compiling tower-sessions-memory-store v0.13.0
#23 6.728    Compiling darling v0.13.4
#23 6.745    Compiling tower-sessions v0.13.0
#23 6.773    Compiling serde_with_macros v1.5.2
#23 6.852    Compiling axum v0.7.9
#23 6.853    Compiling ws-utils v0.0.0 (/root/oko/backend/utils/ws-utils)
#23 7.611    Compiling serde_with v1.14.0
#23 7.699    Compiling hyper v0.14.31
#23 8.081    Compiling sqlx-macros-core v0.8.2
#23 9.109    Compiling sqlx-macros v0.8.2
#23 9.963    Compiling axum-login v0.16.0
#23 10.09    Compiling hyper-tls v0.5.0
#23 10.19    Compiling reqwest v0.11.27
#23 10.74    Compiling sqlx v0.8.2
#23 10.80    Compiling tower-sessions-sqlx-store v0.14.2
#23 11.18    Compiling oko v0.1.2 (/root/oko/backend)
#23 11.57    Compiling playwright v0.0.20
#23 29.36     Finished `test` profile [unoptimized + debuginfo] target(s) in 28.69s
#23 29.43      Running unittests src/lib.rs (target/debug/deps/oko-07c82b928d3a393e)
#23 29.44 
#23 29.44 running 28 tests
#23 29.67 test db::camera::tests::get ... ok
#23 29.68 test db::camera::tests::delete ... ok
#23 29.68 test db::camera::tests::get_using_ip ... ok
#23 29.72 test db::camera::tests::update ... ok
#23 29.72 test db::camera::tests::create ... ok
#23 29.75 test db::camera::tests::list_accessible_to_user ... ok
#23 29.76 test db::camera_permission::tests::list_for_camera_with_username ... ok
#23 29.76 test db::camera_setting::tests::get ... ok
#23 29.76 test db::camera_permission::tests::get ... ok
#23 29.76 test db::camera_permission::tests::list_for_camera ... ok
#23 29.77 test db::camera_permission::tests::update ... ok
#23 29.78 test db::camera_setting::tests::delete ... ok
#23 29.79 test db::camera_permission::tests::create ... ok
#23 29.79 test db::camera_permission::tests::delete ... ok
#23 29.80 test db::camera_setting::tests::update ... ok
#23 29.80 test db::camera_setting::tests::create ... ok
#23 29.83 test db::user::tests::create_existing ... ok
#23 29.85 test db::user::tests::create ... ok
#23 29.86 test db::user::tests::get ... ok
#23 29.86 test db::user::tests::get_using_username ... ok
#23 29.87 test db::user::tests::delete ... ok
#23 29.88 test db::user::tests::to_redacted_clone ... ok
#23 29.91 test db::user::tests::update ... ok
#23 29.93 test db::video::tests::list_for_camera ... ok
#23 29.93 test db::video::tests::get ... ok
#23 29.95 test db::video::tests::create ... ok
#23 29.95 test db::video::tests::delete ... ok
#23 29.96 test db::video::tests::update ... ok
#23 29.96 
#23 29.96 test result: ok. 28 passed; 0 failed; 0 ignored; 0 measured; 0 filtered out; finished in 0.52s
#23 29.96 
#23 29.96      Running unittests src/main.rs (target/debug/deps/oko-13b09a8f75ca55e6)
#23 29.96 
#23 29.96 running 0 tests
#23 29.96 
#23 29.96 test result: ok. 0 passed; 0 failed; 0 ignored; 0 measured; 0 filtered out; finished in 0.00s
#23 29.96 
#23 29.96      Running tests/api.rs (target/debug/deps/api-6237c0663de291ee)
#23 29.97 
#23 29.97 running 0 tests
#23 29.97 
#23 29.97 test result: ok. 0 passed; 0 failed; 0 ignored; 0 measured; 0 filtered out; finished in 0.00s
#23 29.97 
#23 29.97      Running tests/app.rs (target/debug/deps/app-ea0acbeb6ae336a8)
#23 29.97 
#23 29.97 running 0 tests
#23 29.97 
#23 29.97 test result: ok. 0 passed; 0 failed; 0 ignored; 0 measured; 0 filtered out; finished in 0.00s
#23 29.97 
#23 29.97      Running tests/db.rs (target/debug/deps/db-cf395a4adede822c)
#23 29.97 
#23 29.97 running 2 tests
#23 30.11 test user_on_delete ... ok
#23 30.14 test camera_on_delete ... ok
#23 30.14 
#23 30.14 test result: ok. 2 passed; 0 failed; 0 ignored; 0 measured; 0 filtered out; finished in 0.17s
#23 30.14 
#23 30.14      Running tests/utils.rs (target/debug/deps/utils-746b119b2fa42b62)
#23 30.14 
#23 30.14 running 0 tests
#23 30.14 
#23 30.14 test result: ok. 0 passed; 0 failed; 0 ignored; 0 measured; 0 filtered out; finished in 0.00s
#23 30.14 
#23 30.14      Running tests/web.rs (target/debug/deps/web-30f027e0f8f401f7)
#23 30.18 
#23 30.18 running 10 tests
#23 37.59 
#23 41.41 test camera_user_can_view ... FAILED
#23 41.41 test login_and_logout ... FAILED
#23 41.41 test home_feeds ... FAILED
#23 41.41 test camera_add_remove ... FAILED
#23 41.41 test camera_user_permission_updates ... FAILED
#23 41.41 test home_redirect ... FAILED
#23 41.43 test record ... FAILED
#23 41.44 test multi_camera_record ... FAILED
#23 41.45 test download_video ... FAILED
#23 42.42 chromium v878941 downloaded to /root/.cache/ms-playwright/chromium-878941
#23 42.72 
#23 42.78 ffmpeg v1005 downloaded to /root/.cache/ms-playwright/ffmpeg-1005
#23 43.96 test live_feed ... ok
#23 43.96 
#23 43.96 failures:
#23 43.96 
#23 43.96 ---- camera_user_can_view stdout ----
#23 43.96 Error: InitializationError
#23 43.96 
#23 43.96 ---- login_and_logout stdout ----
#23 43.96 Error: InitializationError
#23 43.96 
#23 43.96 ---- home_feeds stdout ----
#23 43.96 Error: InitializationError
#23 43.96 
#23 43.96 ---- camera_add_remove stdout ----
#23 43.96 Error: InitializationError
#23 43.96 
#23 43.96 ---- camera_user_permission_updates stdout ----
#23 43.96 Error: InitializationError
#23 43.96 
#23 43.96 ---- home_redirect stdout ----
#23 43.96 Error: InitializationError
#23 43.96 
#23 43.96 ---- record stdout ----
#23 43.96 Error: InitializationError
#23 43.96 
#23 43.96 ---- multi_camera_record stdout ----
#23 43.96 Error: InitializationError
#23 43.96 
#23 43.96 ---- download_video stdout ----
#23 43.96 Error: InitializationError
#23 43.96 
#23 43.96 
#23 43.96 failures:
#23 43.96     camera_add_remove
#23 43.96     camera_user_can_view
#23 43.96     camera_user_permission_updates
#23 43.96     download_video
#23 43.96     home_feeds
#23 43.96     home_redirect
#23 43.96     login_and_logout
#23 43.96     multi_camera_record
#23 43.96     record
#23 43.96 
#23 43.96 test result: FAILED. 1 passed; 9 failed; 0 ignored; 0 measured; 0 filtered out; finished in 13.78s
#23 43.96 
#23 43.97 error: test failed, to rerun pass `--test web`
#23 44.00 + exit 0
#23 DONE 44.4s

#24 [test 11/11] RUN set -xeu && 	cd /root/oko/backend && 	cargo test
#24 0.341 + cd /root/oko/backend
#24 0.341 + cargo test
#24 0.716     Finished `test` profile [unoptimized + debuginfo] target(s) in 0.33s
#24 0.729      Running unittests src/lib.rs (target/debug/deps/oko-07c82b928d3a393e)
#24 0.732 
#24 0.732 running 28 tests
#24 0.922 test db::camera::tests::get ... ok
#24 0.928 test db::camera::tests::get_using_ip ... ok
#24 0.960 test db::camera::tests::update ... ok
#24 0.961 test db::camera::tests::create ... ok
#24 0.961 test db::camera::tests::delete ... ok
#24 1.002 test db::camera::tests::list_accessible_to_user ... ok
#24 1.002 test db::camera_setting::tests::get ... ok
#24 1.003 test db::camera_permission::tests::list_for_camera ... ok
#24 1.003 test db::camera_permission::tests::get ... ok
#24 1.003 test db::camera_permission::tests::list_for_camera_with_username ... ok
#24 1.022 test db::camera_setting::tests::create ... ok
#24 1.032 test db::camera_setting::tests::update ... ok
#24 1.032 test db::camera_permission::tests::update ... ok
#24 1.033 test db::camera_permission::tests::create ... ok
#24 1.033 test db::camera_permission::tests::delete ... ok
#24 1.033 test db::camera_setting::tests::delete ... ok
#24 1.057 test db::user::tests::create_existing ... ok
#24 1.091 test db::user::tests::create ... ok
#24 1.096 test db::user::tests::get ... ok
#24 1.096 test db::user::tests::get_using_username ... ok
#24 1.127 test db::user::tests::delete ... ok
#24 1.132 test db::user::tests::to_redacted_clone ... ok
#24 1.159 test db::user::tests::update ... ok
#24 1.160 test db::video::tests::get ... ok
#24 1.169 test db::video::tests::list_for_camera ... ok
#24 1.185 test db::video::tests::create ... ok
#24 1.185 test db::video::tests::delete ... ok
#24 1.202 test db::video::tests::update ... ok
#24 1.202 
#24 1.202 test result: ok. 28 passed; 0 failed; 0 ignored; 0 measured; 0 filtered out; finished in 0.47s
#24 1.202 
#24 1.204      Running unittests src/main.rs (target/debug/deps/oko-13b09a8f75ca55e6)
#24 1.207 
#24 1.207 running 0 tests
#24 1.207 
#24 1.207 test result: ok. 0 passed; 0 failed; 0 ignored; 0 measured; 0 filtered out; finished in 0.00s
#24 1.207 
#24 1.208      Running tests/api.rs (target/debug/deps/api-6237c0663de291ee)
#24 1.209 
#24 1.209 running 0 tests
#24 1.210 
#24 1.210 test result: ok. 0 passed; 0 failed; 0 ignored; 0 measured; 0 filtered out; finished in 0.00s
#24 1.210 
#24 1.210      Running tests/app.rs (target/debug/deps/app-ea0acbeb6ae336a8)
#24 1.211 
#24 1.211 running 0 tests
#24 1.211 
#24 1.211 test result: ok. 0 passed; 0 failed; 0 ignored; 0 measured; 0 filtered out; finished in 0.00s
#24 1.211 
#24 1.212      Running tests/db.rs (target/debug/deps/db-cf395a4adede822c)
#24 1.214 
#24 1.214 running 2 tests
#24 1.395 test user_on_delete ... ok
#24 1.413 test camera_on_delete ... ok
#24 1.413 
#24 1.413 test result: ok. 2 passed; 0 failed; 0 ignored; 0 measured; 0 filtered out; finished in 0.20s
#24 1.413 
#24 1.414      Running tests/utils.rs (target/debug/deps/utils-746b119b2fa42b62)
#24 1.416 
#24 1.416 running 0 tests
#24 1.416 
#24 1.416 test result: ok. 0 passed; 0 failed; 0 ignored; 0 measured; 0 filtered out; finished in 0.00s
#24 1.416 
#24 1.416      Running tests/web.rs (target/debug/deps/web-30f027e0f8f401f7)
#24 1.435 
#24 1.435 running 10 tests
#24 2.605 test home_redirect ... ok
#24 3.464 test camera_user_can_view ... ok
#24 3.975 test camera_add_remove ... ok
#24 4.466 test login_and_logout ... ok
#24 4.575 test multi_camera_record ... ok
#24 5.362 test download_video ... ok
#24 5.489 test record ... ok
#24 5.991 test live_feed ... ok
#24 7.409 test home_feeds ... ok
#24 10.13 test camera_user_permission_updates ... ok
#24 10.13 
#24 10.13 test result: ok. 10 passed; 0 failed; 0 ignored; 0 measured; 0 filtered out; finished in 8.46s
#24 10.13 
#24 10.14    Doc-tests oko
#24 10.37 
#24 10.37 running 0 tests
#24 10.37 
#24 10.37 test result: ok. 0 passed; 0 failed; 0 ignored; 0 measured; 0 filtered out; finished in 0.00s
#24 10.37 
#24 DONE 10.4s

#25 exporting to image
#25 exporting layers
#25 exporting layers 5.7s done
#25 writing image sha256:12f87b24deb3e5d15a302bd4903213a6197e5f1fdf32f4fb7c601d44593e0e40 done
#25 DONE 5.7s
