#0 building with "default" instance using docker driver

#1 [internal] load build definition from ubuntu-22.04-opencv-full-build.Dockerfile
#1 transferring dockerfile: 5.04kB done
#1 DONE 0.0s

#2 [internal] load metadata for docker.io/library/ubuntu:22.04
#2 DONE 0.0s

#3 [internal] load metadata for docker.io/library/node:22.12
#3 ...

#4 [auth] library/node:pull token for registry-1.docker.io
#4 DONE 0.0s

#3 [internal] load metadata for docker.io/library/node:22.12
#3 DONE 1.1s

#5 [internal] load .dockerignore
#5 transferring context: 2B done
#5 DONE 0.0s

#6 [frontend 1/3] FROM docker.io/library/node:22.12@sha256:0e910f435308c36ea60b4cfd7b80208044d77a074d16b768a81901ce938a62dc
#6 DONE 0.0s

#7 [opencv_download 1/4] FROM docker.io/library/ubuntu:22.04
#7 DONE 0.0s

#8 [opencv_download 3/4] RUN set -xeu && 	DEBIAN_FRONTEND=noninteractive apt-get install -y curl
#8 CACHED

#9 [opencv_download 4/4] RUN set -xeu &&     mkdir -p /root/dist &&     curl -sSfL "https://github.com/opencv/opencv/archive/refs/tags/4.8.0.tar.gz" | tar xz -C /root/dist &&     curl -sSfL "https://github.com/opencv/opencv_contrib/archive/refs/tags/4.8.0.tar.gz" | tar xz -C /root/dist &&     sed -ri 's/Ptr<FarnebackOpticalFlow> cv::cuda::FarnebackOpticalFlow::create/Ptr<cv::cuda::FarnebackOpticalFlow> cv::cuda::FarnebackOpticalFlow::create/' "/root/dist/opencv_contrib-4.8.0/modules/cudaoptflow/src/farneback.cpp" # patch for version 4.8.0
#9 CACHED

#10 [opencv_download 2/4] RUN set -xeu &&     apt-get update &&     DEBIAN_FRONTEND=noninteractive apt-get dist-upgrade -y &&     apt-get autoremove -y --purge &&     apt-get -y autoclean
#10 CACHED

#11 [backend 3/5] RUN set -xeu &&     DEBIAN_FRONTEND=noninteractive apt-get install -y clang libclang-dev cmake     libatlas-base-dev libceres-dev libeigen3-dev libva-dev     libavcodec-dev libavformat-dev libavutil-dev libswscale-dev
#11 CACHED

#12 [backend 4/5] COPY --from=opencv_download /root/dist /root/dist
#12 CACHED

#13 [backend 5/5] RUN set -xeu &&     mkdir -p /root/build &&     cmake -B /root/build -S "/root/dist/opencv-4.8.0" -D OPENCV_EXTRA_MODULES_PATH="/root/dist/opencv_contrib-4.8.0/modules" -D CMAKE_INSTALL_PREFIX=/opt/opencv 		-D CMAKE_BUILD_TYPE=Release     	-D BUILD_SHARED_LIBS=OFF 		-D OPENCV_FORCE_3RDPARTY_BUILD=ON     	-D BUILD_PERF_TESTS=OFF     	-D BUILD_TESTS=OFF 		-D BUILD_opencv_apps=OFF 		-D BUILD_LIST=core,imgcodecs,imgproc,video,videoio     	-D WITH_1394=OFF 		-D WITH_FLATBUFFERS=OFF     	-D WITH_GSTREAMER=OFF     	-D WITH_GTK=OFF 		-D WITH_IMGCODEC_HDR=OFF     	-D WITH_IMGCODEC_PXM=OFF 		-D WITH_IMGCODEC_PFM=OFF     	-D WITH_IMGCODEC_SUNRASTER=OFF     	-D WITH_ITT=OFF     	-D WITH_LAPACK=OFF     	-D WITH_OPENCL=OFF     	-D WITH_OPENCLAMDBLAS=OFF     	-D WITH_OPENCLAMDFFT=OFF     	-D WITH_OPENEXR=OFF 		-D WITH_OBSENSOR=OFF     	-D WITH_PROTOBUF=OFF     	-D WITH_TIFF=OFF     	-D WITH_V4L=OFF     	-D WITH_VTK=OFF     	-D WITH_WEBP=OFF &&     make -C /root/build -j`nproc` install
#13 0.390 + mkdir -p /root/build
#13 0.399 + cmake -B /root/build -S /root/dist/opencv-4.8.0 -D OPENCV_EXTRA_MODULES_PATH=/root/dist/opencv_contrib-4.8.0/modules -D CMAKE_INSTALL_PREFIX=/opt/opencv -D CMAKE_BUILD_TYPE=Release -D BUILD_SHARED_LIBS=OFF -D OPENCV_FORCE_3RDPARTY_BUILD=ON -D BUILD_PERF_TESTS=OFF -D BUILD_TESTS=OFF -D BUILD_opencv_apps=OFF -D BUILD_LIST=core,imgcodecs,imgproc,video,videoio -D WITH_1394=OFF -D WITH_FLATBUFFERS=OFF -D WITH_GSTREAMER=OFF -D WITH_GTK=OFF -D WITH_IMGCODEC_HDR=OFF -D WITH_IMGCODEC_PXM=OFF -D WITH_IMGCODEC_PFM=OFF -D WITH_IMGCODEC_SUNRASTER=OFF -D WITH_ITT=OFF -D WITH_LAPACK=OFF -D WITH_OPENCL=OFF -D WITH_OPENCLAMDBLAS=OFF -D WITH_OPENCLAMDFFT=OFF -D WITH_OPENEXR=OFF -D WITH_OBSENSOR=OFF -D WITH_PROTOBUF=OFF -D WITH_TIFF=OFF -D WITH_V4L=OFF -D WITH_VTK=OFF -D WITH_WEBP=OFF
#13 1.167 -- The CXX compiler identification is Clang 14.0.0
#13 1.299 -- The C compiler identification is GNU 11.4.0
#13 1.312 -- Detecting CXX compiler ABI info
#13 1.428 -- Detecting CXX compiler ABI info - done
#13 1.432 -- Check for working CXX compiler: /usr/bin/c++ - skipped
#13 1.434 -- Detecting CXX compile features
#13 1.434 -- Detecting CXX compile features - done
#13 1.438 -- Detecting C compiler ABI info
#13 1.494 -- Detecting C compiler ABI info - done
#13 1.500 -- Check for working C compiler: /usr/bin/cc - skipped
#13 1.500 -- Detecting C compile features
#13 1.500 -- Detecting C compile features - done
#13 1.505 -- ocv_init_download: OpenCV source tree is not fetched as git repository. 3rdparty resources will be downloaded from github.com by default.
#13 1.506 -- Detected processor: x86_64
#13 1.525 -- Could NOT find PythonInterp (missing: PYTHON_EXECUTABLE) (Required is at least version "2.7")
#13 1.569 -- Found PythonInterp: /usr/bin/python3 (found suitable version "3.10.12", minimum required is "3.2") 
#13 1.585 -- Could NOT find PythonLibs (missing: PYTHON_LIBRARIES PYTHON_INCLUDE_DIRS) (Required is exact version "3.10.12")
#13 1.606 Traceback (most recent call last):
#13 1.606   File "<string>", line 1, in <module>
#13 1.607 ModuleNotFoundError: No module named 'numpy'
#13 1.612 -- Looking for ccache - not found
#13 1.612 -- Performing Test HAVE_CXX_FSIGNED_CHAR
#13 1.722 -- Performing Test HAVE_CXX_FSIGNED_CHAR - Success
#13 1.722 -- Performing Test HAVE_C_FSIGNED_CHAR
#13 1.789 -- Performing Test HAVE_C_FSIGNED_CHAR - Success
#13 1.790 -- Performing Test HAVE_CXX_W
#13 1.884 -- Performing Test HAVE_CXX_W - Success
#13 1.884 -- Performing Test HAVE_C_W
#13 1.931 -- Performing Test HAVE_C_W - Success
#13 1.931 -- Performing Test HAVE_CXX_WALL
#13 2.026 -- Performing Test HAVE_CXX_WALL - Success
#13 2.026 -- Performing Test HAVE_C_WALL
#13 2.074 -- Performing Test HAVE_C_WALL - Success
#13 2.075 -- Performing Test HAVE_CXX_WRETURN_TYPE
#13 2.166 -- Performing Test HAVE_CXX_WRETURN_TYPE - Success
#13 2.166 -- Performing Test HAVE_C_WRETURN_TYPE
#13 2.215 -- Performing Test HAVE_C_WRETURN_TYPE - Success
#13 2.215 -- Performing Test HAVE_CXX_WNON_VIRTUAL_DTOR
#13 2.309 -- Performing Test HAVE_CXX_WNON_VIRTUAL_DTOR - Success
#13 2.309 -- Performing Test HAVE_C_WNON_VIRTUAL_DTOR
#13 2.357 -- Performing Test HAVE_C_WNON_VIRTUAL_DTOR - Failed
#13 2.357 -- Performing Test HAVE_CXX_WADDRESS
#13 2.451 -- Performing Test HAVE_CXX_WADDRESS - Success
#13 2.451 -- Performing Test HAVE_C_WADDRESS
#13 2.499 -- Performing Test HAVE_C_WADDRESS - Success
#13 2.499 -- Performing Test HAVE_CXX_WSEQUENCE_POINT
#13 2.589 -- Performing Test HAVE_CXX_WSEQUENCE_POINT - Success
#13 2.589 -- Performing Test HAVE_C_WSEQUENCE_POINT
#13 2.636 -- Performing Test HAVE_C_WSEQUENCE_POINT - Success
#13 2.636 -- Performing Test HAVE_CXX_WFORMAT
#13 2.730 -- Performing Test HAVE_CXX_WFORMAT - Success
#13 2.731 -- Performing Test HAVE_C_WFORMAT
#13 2.778 -- Performing Test HAVE_C_WFORMAT - Success
#13 2.778 -- Performing Test HAVE_CXX_WFORMAT_SECURITY
#13 2.872 -- Performing Test HAVE_CXX_WFORMAT_SECURITY - Success
#13 2.873 -- Performing Test HAVE_C_WFORMAT_SECURITY
#13 2.921 -- Performing Test HAVE_C_WFORMAT_SECURITY - Success
#13 2.921 -- Performing Test HAVE_CXX_WMISSING_DECLARATIONS
#13 3.013 -- Performing Test HAVE_CXX_WMISSING_DECLARATIONS - Success
#13 3.013 -- Performing Test HAVE_C_WMISSING_DECLARATIONS
#13 3.060 -- Performing Test HAVE_C_WMISSING_DECLARATIONS - Success
#13 3.061 -- Performing Test HAVE_CXX_WMISSING_PROTOTYPES
#13 3.156 -- Performing Test HAVE_CXX_WMISSING_PROTOTYPES - Success
#13 3.156 -- Performing Test HAVE_C_WMISSING_PROTOTYPES
#13 3.203 -- Performing Test HAVE_C_WMISSING_PROTOTYPES - Success
#13 3.203 -- Performing Test HAVE_CXX_WSTRICT_PROTOTYPES
#13 3.293 -- Performing Test HAVE_CXX_WSTRICT_PROTOTYPES - Success
#13 3.294 -- Performing Test HAVE_C_WSTRICT_PROTOTYPES
#13 3.341 -- Performing Test HAVE_C_WSTRICT_PROTOTYPES - Success
#13 3.342 -- Performing Test HAVE_CXX_WUNDEF
#13 3.434 -- Performing Test HAVE_CXX_WUNDEF - Success
#13 3.435 -- Performing Test HAVE_C_WUNDEF
#13 3.482 -- Performing Test HAVE_C_WUNDEF - Success
#13 3.483 -- Performing Test HAVE_CXX_WINIT_SELF
#13 3.574 -- Performing Test HAVE_CXX_WINIT_SELF - Success
#13 3.574 -- Performing Test HAVE_C_WINIT_SELF
#13 3.621 -- Performing Test HAVE_C_WINIT_SELF - Success
#13 3.621 -- Performing Test HAVE_CXX_WPOINTER_ARITH
#13 3.713 -- Performing Test HAVE_CXX_WPOINTER_ARITH - Success
#13 3.713 -- Performing Test HAVE_C_WPOINTER_ARITH
#13 3.760 -- Performing Test HAVE_C_WPOINTER_ARITH - Success
#13 3.760 -- Performing Test HAVE_CXX_WSHADOW
#13 3.852 -- Performing Test HAVE_CXX_WSHADOW - Success
#13 3.852 -- Performing Test HAVE_C_WSHADOW
#13 3.900 -- Performing Test HAVE_C_WSHADOW - Success
#13 3.900 -- Performing Test HAVE_CXX_WSIGN_PROMO
#13 3.991 -- Performing Test HAVE_CXX_WSIGN_PROMO - Success
#13 3.992 -- Performing Test HAVE_C_WSIGN_PROMO
#13 4.038 -- Performing Test HAVE_C_WSIGN_PROMO - Failed
#13 4.038 -- Performing Test HAVE_CXX_WUNINITIALIZED
#13 4.129 -- Performing Test HAVE_CXX_WUNINITIALIZED - Success
#13 4.129 -- Performing Test HAVE_C_WUNINITIALIZED
#13 4.176 -- Performing Test HAVE_C_WUNINITIALIZED - Success
#13 4.176 -- Performing Test HAVE_CXX_WINCONSISTENT_MISSING_OVERRIDE
#13 4.268 -- Performing Test HAVE_CXX_WINCONSISTENT_MISSING_OVERRIDE - Success
#13 4.268 -- Performing Test HAVE_C_WINCONSISTENT_MISSING_OVERRIDE
#13 4.291 -- Performing Test HAVE_C_WINCONSISTENT_MISSING_OVERRIDE - Failed
#13 4.292 -- Performing Test HAVE_CXX_WNO_DELETE_NON_VIRTUAL_DTOR
#13 4.390 -- Performing Test HAVE_CXX_WNO_DELETE_NON_VIRTUAL_DTOR - Success
#13 4.390 -- Performing Test HAVE_C_WNO_DELETE_NON_VIRTUAL_DTOR
#13 4.449 -- Performing Test HAVE_C_WNO_DELETE_NON_VIRTUAL_DTOR - Failed
#13 4.450 -- Performing Test HAVE_CXX_WNO_UNNAMED_TYPE_TEMPLATE_ARGS
#13 4.553 -- Performing Test HAVE_CXX_WNO_UNNAMED_TYPE_TEMPLATE_ARGS - Success
#13 4.553 -- Performing Test HAVE_C_WNO_UNNAMED_TYPE_TEMPLATE_ARGS
#13 4.604 -- Performing Test HAVE_C_WNO_UNNAMED_TYPE_TEMPLATE_ARGS - Failed
#13 4.604 -- Performing Test HAVE_CXX_WNO_COMMENT
#13 4.704 -- Performing Test HAVE_CXX_WNO_COMMENT - Success
#13 4.704 -- Performing Test HAVE_C_WNO_COMMENT
#13 4.754 -- Performing Test HAVE_C_WNO_COMMENT - Success
#13 4.754 -- Performing Test HAVE_CXX_WNO_DEPRECATED_ENUM_ENUM_CONVERSION
#13 4.859 -- Performing Test HAVE_CXX_WNO_DEPRECATED_ENUM_ENUM_CONVERSION - Success
#13 4.860 -- Performing Test HAVE_C_WNO_DEPRECATED_ENUM_ENUM_CONVERSION
#13 4.918 -- Performing Test HAVE_C_WNO_DEPRECATED_ENUM_ENUM_CONVERSION - Failed
#13 4.918 -- Performing Test HAVE_CXX_WNO_DEPRECATED_ANON_ENUM_ENUM_CONVERSION
#13 5.020 -- Performing Test HAVE_CXX_WNO_DEPRECATED_ANON_ENUM_ENUM_CONVERSION - Success
#13 5.020 -- Performing Test HAVE_C_WNO_DEPRECATED_ANON_ENUM_ENUM_CONVERSION
#13 5.072 -- Performing Test HAVE_C_WNO_DEPRECATED_ANON_ENUM_ENUM_CONVERSION - Failed
#13 5.072 -- Performing Test HAVE_CXX_FDIAGNOSTICS_SHOW_OPTION
#13 5.181 -- Performing Test HAVE_CXX_FDIAGNOSTICS_SHOW_OPTION - Success
#13 5.182 -- Performing Test HAVE_C_FDIAGNOSTICS_SHOW_OPTION
#13 5.237 -- Performing Test HAVE_C_FDIAGNOSTICS_SHOW_OPTION - Success
#13 5.237 -- Performing Test HAVE_CXX_WNO_LONG_LONG
#13 5.346 -- Performing Test HAVE_CXX_WNO_LONG_LONG - Success
#13 5.346 -- Performing Test HAVE_C_WNO_LONG_LONG
#13 5.397 -- Performing Test HAVE_C_WNO_LONG_LONG - Success
#13 5.398 -- Performing Test HAVE_CXX_PTHREAD
#13 5.497 -- Performing Test HAVE_CXX_PTHREAD - Success
#13 5.497 -- Performing Test HAVE_C_PTHREAD
#13 5.548 -- Performing Test HAVE_C_PTHREAD - Success
#13 5.548 -- Performing Test HAVE_CXX_QUNUSED_ARGUMENTS
#13 5.646 -- Performing Test HAVE_CXX_QUNUSED_ARGUMENTS - Success
#13 5.647 -- Performing Test HAVE_C_QUNUSED_ARGUMENTS
#13 5.667 -- Performing Test HAVE_C_QUNUSED_ARGUMENTS - Failed
#13 5.668 -- Performing Test HAVE_CXX_FFUNCTION_SECTIONS
#13 5.764 -- Performing Test HAVE_CXX_FFUNCTION_SECTIONS - Success
#13 5.764 -- Performing Test HAVE_C_FFUNCTION_SECTIONS
#13 5.817 -- Performing Test HAVE_C_FFUNCTION_SECTIONS - Success
#13 5.817 -- Performing Test HAVE_CXX_FDATA_SECTIONS
#13 5.916 -- Performing Test HAVE_CXX_FDATA_SECTIONS - Success
#13 5.916 -- Performing Test HAVE_C_FDATA_SECTIONS
#13 5.967 -- Performing Test HAVE_C_FDATA_SECTIONS - Success
#13 5.971 -- Performing Test HAVE_CXX_MSSE (check file: cmake/checks/cpu_sse.cpp)
#13 6.129 -- Performing Test HAVE_CXX_MSSE - Success
#13 6.130 -- Performing Test HAVE_CXX_MSSE2 (check file: cmake/checks/cpu_sse2.cpp)
#13 6.462 -- Performing Test HAVE_CXX_MSSE2 - Success
#13 6.463 -- Performing Test HAVE_CXX_MSSE3 (check file: cmake/checks/cpu_sse3.cpp)
#13 6.597 -- Performing Test HAVE_CXX_MSSE3 - Success
#13 6.598 -- Performing Test HAVE_CXX_MSSSE3 (check file: cmake/checks/cpu_ssse3.cpp)
#13 6.731 -- Performing Test HAVE_CXX_MSSSE3 - Success
#13 6.731 -- Performing Test HAVE_CXX_MSSE4_1 (check file: cmake/checks/cpu_sse41.cpp)
#13 6.862 -- Performing Test HAVE_CXX_MSSE4_1 - Success
#13 6.863 -- Performing Test HAVE_CXX_MPOPCNT (check file: cmake/checks/cpu_popcnt.cpp)
#13 6.956 -- Performing Test HAVE_CXX_MPOPCNT - Success
#13 6.957 -- Performing Test HAVE_CXX_MSSE4_2 (check file: cmake/checks/cpu_sse42.cpp)
#13 7.086 -- Performing Test HAVE_CXX_MSSE4_2 - Success
#13 7.086 -- Performing Test HAVE_CXX_MF16C (check file: cmake/checks/cpu_fp16.cpp)
#13 7.529 -- Performing Test HAVE_CXX_MF16C - Success
#13 7.530 -- Performing Test HAVE_CXX_MFMA
#13 7.645 -- Performing Test HAVE_CXX_MFMA - Success
#13 7.646 -- Performing Test HAVE_CXX_MAVX (check file: cmake/checks/cpu_avx.cpp)
#13 8.008 -- Performing Test HAVE_CXX_MAVX - Success
#13 8.009 -- Performing Test HAVE_CXX_MAVX2 (check file: cmake/checks/cpu_avx2.cpp)
#13 8.379 -- Performing Test HAVE_CXX_MAVX2 - Success
#13 8.380 -- Performing Test HAVE_CXX_MAVX512F (check file: cmake/checks/cpu_avx512.cpp)
#13 8.736 -- Performing Test HAVE_CXX_MAVX512F - Success
#13 8.736 -- Performing Test HAVE_CXX_MAVX512F_MAVX512CD (check file: cmake/checks/cpu_avx512common.cpp)
#13 9.105 -- Performing Test HAVE_CXX_MAVX512F_MAVX512CD - Success
#13 9.106 -- Performing Test HAVE_CXX_MAVX512F_MAVX512CD_MAVX512VL_MAVX512BW_MAVX512DQ (check file: cmake/checks/cpu_avx512skx.cpp)
#13 9.461 -- Performing Test HAVE_CXX_MAVX512F_MAVX512CD_MAVX512VL_MAVX512BW_MAVX512DQ - Success
#13 9.463 -- Performing Test HAVE_CPU_BASELINE_FLAGS
#13 9.570 -- Performing Test HAVE_CPU_BASELINE_FLAGS - Success
#13 9.572 -- Performing Test HAVE_CPU_DISPATCH_FLAGS_SSE4_1
#13 9.682 -- Performing Test HAVE_CPU_DISPATCH_FLAGS_SSE4_1 - Success
#13 9.685 -- Performing Test HAVE_CPU_DISPATCH_FLAGS_SSE4_2
#13 9.796 -- Performing Test HAVE_CPU_DISPATCH_FLAGS_SSE4_2 - Success
#13 9.798 -- Performing Test HAVE_CPU_DISPATCH_FLAGS_FP16
#13 9.900 -- Performing Test HAVE_CPU_DISPATCH_FLAGS_FP16 - Success
#13 9.903 -- Performing Test HAVE_CPU_DISPATCH_FLAGS_AVX
#13 10.00 -- Performing Test HAVE_CPU_DISPATCH_FLAGS_AVX - Success
#13 10.01 -- Performing Test HAVE_CPU_DISPATCH_FLAGS_AVX2
#13 10.11 -- Performing Test HAVE_CPU_DISPATCH_FLAGS_AVX2 - Success
#13 10.11 -- Performing Test HAVE_CPU_DISPATCH_FLAGS_AVX512_SKX
#13 10.22 -- Performing Test HAVE_CPU_DISPATCH_FLAGS_AVX512_SKX - Success
#13 10.22 -- Performing Test HAVE_CXX_FVISIBILITY_HIDDEN
#13 10.32 -- Performing Test HAVE_CXX_FVISIBILITY_HIDDEN - Success
#13 10.32 -- Performing Test HAVE_C_FVISIBILITY_HIDDEN
#13 10.38 -- Performing Test HAVE_C_FVISIBILITY_HIDDEN - Success
#13 10.38 -- Performing Test HAVE_CXX_FVISIBILITY_INLINES_HIDDEN
#13 10.47 -- Performing Test HAVE_CXX_FVISIBILITY_INLINES_HIDDEN - Success
#13 10.47 -- Performing Test HAVE_C_FVISIBILITY_INLINES_HIDDEN
#13 10.53 -- Performing Test HAVE_C_FVISIBILITY_INLINES_HIDDEN - Failed
#13 10.53 -- Performing Test HAVE_LINK_AS_NEEDED
#13 10.62 -- Performing Test HAVE_LINK_AS_NEEDED - Success
#13 10.62 -- Performing Test HAVE_LINK_NO_UNDEFINED
#13 10.75 -- Performing Test HAVE_LINK_NO_UNDEFINED - Success
#13 10.76 -- Looking for pthread.h
#13 10.83 -- Looking for pthread.h - found
#13 10.83 -- Looking for posix_memalign
#13 10.90 -- Looking for posix_memalign - found
#13 10.91 -- Looking for malloc.h
#13 10.97 -- Looking for malloc.h - found
#13 10.97 -- Looking for memalign
#13 11.03 -- Looking for memalign - found
#13 11.04 -- Looking for fseeko
#13 11.10 -- Looking for fseeko - found
#13 11.10 -- Looking for unistd.h
#13 11.18 -- Looking for unistd.h - found
#13 11.18 -- Looking for sys/types.h
#13 11.24 -- Looking for sys/types.h - found
#13 11.24 -- Looking for stdint.h
#13 11.30 -- Looking for stdint.h - found
#13 11.30 -- Looking for stddef.h
#13 11.36 -- Looking for stddef.h - found
#13 11.36 -- Check size of off64_t
#13 11.39 -- Check size of off64_t - failed
#13 11.39 -- Performing Test HAVE_C_WNO_SHORTEN_64_TO_32
#13 11.44 -- Performing Test HAVE_C_WNO_SHORTEN_64_TO_32 - Failed
#13 11.44 -- Performing Test HAVE_C_WNO_ATTRIBUTES
#13 11.50 -- Performing Test HAVE_C_WNO_ATTRIBUTES - Success
#13 11.50 -- Performing Test HAVE_C_WNO_STRICT_PROTOTYPES
#13 11.56 -- Performing Test HAVE_C_WNO_STRICT_PROTOTYPES - Success
#13 11.56 -- Performing Test HAVE_C_WNO_MISSING_PROTOTYPES
#13 11.62 -- Performing Test HAVE_C_WNO_MISSING_PROTOTYPES - Success
#13 11.62 -- Performing Test HAVE_C_WNO_MISSING_DECLARATIONS
#13 11.67 -- Performing Test HAVE_C_WNO_MISSING_DECLARATIONS - Success
#13 11.67 -- Performing Test HAVE_C_WNO_SHIFT_NEGATIVE_VALUE
#13 11.72 -- Performing Test HAVE_C_WNO_SHIFT_NEGATIVE_VALUE - Success
#13 11.72 -- Performing Test HAVE_C_WNO_UNDEF
#13 11.78 -- Performing Test HAVE_C_WNO_UNDEF - Success
#13 11.78 -- Performing Test HAVE_C_WNO_IMPLICIT_FALLTHROUGH
#13 11.83 -- Performing Test HAVE_C_WNO_IMPLICIT_FALLTHROUGH - Success
#13 11.83 -- Performing Test HAVE_C_WNO_UNUSED_PARAMETER
#13 11.88 -- Performing Test HAVE_C_WNO_UNUSED_PARAMETER - Success
#13 11.88 -- Performing Test HAVE_C_WNO_SIGN_COMPARE
#13 11.94 -- Performing Test HAVE_C_WNO_SIGN_COMPARE - Success
#13 11.94 -- libjpeg-turbo: VERSION = 2.1.3, BUILD = opencv-4.8.0-libjpeg-turbo
#13 11.94 -- Check size of size_t
#13 11.99 -- Check size of size_t - done
#13 11.99 -- Check size of unsigned long
#13 12.05 -- Check size of unsigned long - done
#13 12.05 -- Performing Test HAVE_BUILTIN_CTZL
#13 12.10 -- Performing Test HAVE_BUILTIN_CTZL - Success
#13 12.10 -- Looking for include file locale.h
#13 12.16 -- Looking for include file locale.h - found
#13 12.16 -- Looking for include file stdlib.h
#13 12.21 -- Looking for include file stdlib.h - found
#13 12.21 -- Looking for include file sys/types.h
#13 12.27 -- Looking for include file sys/types.h - found
#13 12.27 -- Looking for a ASM_NASM compiler
#13 12.31 -- Looking for a ASM_NASM compiler - NOTFOUND
#13 12.31 -- libjpeg-turbo(SIMD): SIMD extensions disabled: could not find NASM compiler.  Performance will suffer.
#13 12.31 -- Could NOT find OpenJPEG (minimal suitable version: 2.0, recommended version >= 2.3.1). OpenJPEG will be built from sources
#13 12.31 -- Performing Test HAVE_C_WNO_IMPLICIT_CONST_INT_FLOAT_CONVERSION
#13 12.36 -- Performing Test HAVE_C_WNO_IMPLICIT_CONST_INT_FLOAT_CONVERSION - Failed
#13 12.36 -- Performing Test HAVE_C_WNO_UNUSED_BUT_SET_VARIABLE
#13 12.41 -- Performing Test HAVE_C_WNO_UNUSED_BUT_SET_VARIABLE - Success
#13 12.41 -- OpenJPEG: VERSION = 2.5.0, BUILD = opencv-4.8.0-openjp2-2.5.0
#13 12.41 -- Looking for string.h
#13 12.46 -- Looking for string.h - found
#13 12.46 -- Looking for memory.h
#13 12.52 -- Looking for memory.h - found
#13 12.52 -- Looking for stdio.h
#13 12.57 -- Looking for stdio.h - found
#13 12.57 -- Looking for math.h
#13 12.63 -- Looking for math.h - found
#13 12.63 -- Looking for float.h
#13 12.69 -- Looking for float.h - found
#13 12.69 -- Looking for time.h
#13 12.74 -- Looking for time.h - found
#13 12.74 -- Looking for stdarg.h
#13 12.79 -- Looking for stdarg.h - found
#13 12.79 -- Looking for ctype.h
#13 12.85 -- Looking for ctype.h - found
#13 12.85 -- Looking for assert.h
#13 12.90 -- Looking for assert.h - found
#13 12.90 -- Looking for stdint.h
#13 12.96 -- Looking for stdint.h - found
#13 12.96 -- Looking for inttypes.h
#13 13.01 -- Looking for inttypes.h - found
#13 13.01 -- Looking for strings.h
#13 13.07 -- Looking for strings.h - found
#13 13.07 -- Looking for sys/stat.h
#13 13.12 -- Looking for sys/stat.h - found
#13 13.12 -- Looking for unistd.h
#13 13.18 -- Looking for unistd.h - found
#13 13.18 -- Looking for include file malloc.h
#13 13.23 -- Looking for include file malloc.h - found
#13 13.24 -- Looking for _aligned_malloc
#13 13.26 -- Looking for _aligned_malloc - not found
#13 13.26 -- Looking for posix_memalign
#13 13.32 -- Looking for posix_memalign - found
#13 13.32 -- Looking for memalign
#13 13.37 -- Looking for memalign - found
#13 13.37 -- Performing Test HAVE_C_WNO_CAST_FUNCTION_TYPE
#13 13.43 -- Performing Test HAVE_C_WNO_CAST_FUNCTION_TYPE - Success
#13 13.43 -- Performing Test HAVE_C_WNO_SHADOW
#13 13.48 -- Performing Test HAVE_C_WNO_SHADOW - Success
#13 13.48 -- Performing Test HAVE_C_WNO_UNUSED_FUNCTION
#13 13.53 -- Performing Test HAVE_C_WNO_UNUSED_FUNCTION - Success
#13 13.64 -- OpenJPEG libraries will be built from sources: libopenjp2 (version "2.5.0")
#13 13.65 -- Performing Test HAVE_C_WNO_CAST_ALIGN
#13 13.70 -- Performing Test HAVE_C_WNO_CAST_ALIGN - Success
#13 13.70 -- Performing Test HAVE_C_WNO_MAYBE_UNINITIALIZED
#13 13.75 -- Performing Test HAVE_C_WNO_MAYBE_UNINITIALIZED - Success
#13 13.75 -- Performing Test HAVE_C_WNO_NULL_POINTER_SUBTRACTION
#13 13.80 -- Performing Test HAVE_C_WNO_NULL_POINTER_SUBTRACTION - Failed
#13 13.81 -- IPPICV: Downloading ippicv_2021.8_lnx_intel64_20230330_general.tgz from https://raw.githubusercontent.com/opencv/opencv_3rdparty/1224f78da6684df04397ac0f40c961ed37f79ccb/ippicv/ippicv_2021.8_lnx_intel64_20230330_general.tgz
#13 15.21 -- found Intel IPP (ICV version): 2021.8.0 [2021.8]
#13 15.21 -- at: /root/build/3rdparty/ippicv/ippicv_lnx/icv
#13 15.21 -- found Intel IPP Integration Wrappers sources: 2021.8.0
#13 15.21 -- at: /root/build/3rdparty/ippicv/ippicv_lnx/iw
#13 15.23 -- Could NOT find Java (missing: Java_JAVA_EXECUTABLE Java_JAR_EXECUTABLE Java_JAVAC_EXECUTABLE Java_JAVAH_EXECUTABLE Java_JAVADOC_EXECUTABLE) 
#13 15.24 -- Could NOT find JNI (missing: JAVA_AWT_LIBRARY JAVA_JVM_LIBRARY JAVA_INCLUDE_PATH JAVA_INCLUDE_PATH2 JAVA_AWT_INCLUDE_PATH) 
#13 15.24 -- Performing Test HAVE_C_WNO_UNUSED_VARIABLE
#13 15.30 -- Performing Test HAVE_C_WNO_UNUSED_VARIABLE - Success
#13 15.35 -- ADE: Downloading v0.1.2a.zip from https://github.com/opencv/ade/archive/v0.1.2a.zip
#13 16.03 -- Checking for modules 'libavcodec;libavformat;libavutil;libswscale'
#13 16.05 --   Found libavcodec, version 58.134.100
#13 16.06 --   Found libavformat, version 58.76.100
#13 16.06 --   Found libavutil, version 56.70.100
#13 16.07 --   Found libswscale, version 5.9.100
#13 16.09 -- Checking for module 'libavresample'
#13 16.10 --   No package 'libavresample' found
#13 16.53 -- Performing Test HAVE_CXX_WNO_UNDEF
#13 16.61 -- Performing Test HAVE_CXX_WNO_UNDEF - Success
#13 16.63 -- Performing Test HAVE_CXX_WNO_INCONSISTENT_MISSING_OVERRIDE
#13 16.72 -- Performing Test HAVE_CXX_WNO_INCONSISTENT_MISSING_OVERRIDE - Success
#13 16.73 -- Checking for module 'freetype2'
#13 16.73 --   No package 'freetype2' found
#13 16.73 -- Checking for module 'harfbuzz'
#13 16.73 --   No package 'harfbuzz' found
#13 16.73 -- freetype2:   NO
#13 16.73 -- harfbuzz:    NO
#13 16.77 -- Could NOT find HDF5 (missing: HDF5_LIBRARIES HDF5_INCLUDE_DIRS) (found version "")
#13 16.78 -- Julia not found. Not compiling Julia Bindings. 
#13 16.80 -- Module opencv_ovis disabled because OGRE3D was not found
#13 17.16 -- Checking SFM glog/gflags deps... TRUE
#13 17.18 -- Checking for module 'tesseract'
#13 17.18 --   No package 'tesseract' found
#13 17.18 -- Tesseract:   NO
#13 17.20 -- Using whitelist: opencv_core;opencv_imgcodecs;opencv_imgproc;opencv_video;opencv_videoio
#13 17.20 -- Module opencv_calib3d disabled by whitelist
#13 17.20 -- Module opencv_dnn disabled by whitelist
#13 17.20 -- Module opencv_features2d disabled by whitelist
#13 17.20 -- Module opencv_flann disabled by whitelist
#13 17.20 -- Module opencv_gapi disabled by whitelist
#13 17.20 -- Module opencv_highgui disabled by whitelist
#13 17.20 -- Module opencv_java_bindings_generator disabled by whitelist
#13 17.20 -- Module opencv_js_bindings_generator disabled by whitelist
#13 17.20 -- Module opencv_ml disabled by whitelist
#13 17.20 -- Module opencv_objc_bindings_generator disabled by whitelist
#13 17.20 -- Module opencv_objdetect disabled by whitelist
#13 17.21 -- Module opencv_photo disabled by whitelist
#13 17.21 -- Module opencv_python_bindings_generator disabled by whitelist
#13 17.21 -- Module opencv_python_tests disabled by whitelist
#13 17.21 -- Module opencv_stitching disabled by whitelist
#13 17.21 -- Module opencv_alphamat disabled by whitelist
#13 17.21 -- Module opencv_aruco disabled by whitelist
#13 17.21 -- Module opencv_bgsegm disabled by whitelist
#13 17.21 -- Module opencv_bioinspired disabled by whitelist
#13 17.21 -- Module opencv_ccalib disabled by whitelist
#13 17.21 -- Module opencv_datasets disabled by whitelist
#13 17.21 -- Module opencv_dnn_objdetect disabled by whitelist
#13 17.21 -- Module opencv_dnn_superres disabled by whitelist
#13 17.21 -- Module opencv_dpm disabled by whitelist
#13 17.21 -- Module opencv_face disabled by whitelist
#13 17.21 -- Module opencv_fuzzy disabled by whitelist
#13 17.21 -- Module opencv_hfs disabled by whitelist
#13 17.21 -- Module opencv_img_hash disabled by whitelist
#13 17.21 -- Module opencv_intensity_transform disabled by whitelist
#13 17.21 -- Module opencv_line_descriptor disabled by whitelist
#13 17.21 -- Module opencv_mcc disabled by whitelist
#13 17.21 -- Module opencv_optflow disabled by whitelist
#13 17.21 -- Module opencv_phase_unwrapping disabled by whitelist
#13 17.21 -- Module opencv_plot disabled by whitelist
#13 17.21 -- Module opencv_quality disabled by whitelist
#13 17.21 -- Module opencv_rapid disabled by whitelist
#13 17.21 -- Module opencv_reg disabled by whitelist
#13 17.21 -- Module opencv_rgbd disabled by whitelist
#13 17.21 -- Module opencv_saliency disabled by whitelist
#13 17.21 -- Module opencv_sfm disabled by whitelist
#13 17.21 -- Module opencv_shape disabled by whitelist
#13 17.21 -- Module opencv_stereo disabled by whitelist
#13 17.21 -- Module opencv_structured_light disabled by whitelist
#13 17.21 -- Module opencv_superres disabled by whitelist
#13 17.21 -- Module opencv_surface_matching disabled by whitelist
#13 17.21 -- Module opencv_text disabled by whitelist
#13 17.21 -- Module opencv_tracking disabled by whitelist
#13 17.21 -- Module opencv_videostab disabled by whitelist
#13 17.21 -- Module opencv_wechat_qrcode disabled by whitelist
#13 17.21 -- Module opencv_xfeatures2d disabled by whitelist
#13 17.21 -- Module opencv_ximgproc disabled by whitelist
#13 17.21 -- Module opencv_xobjdetect disabled by whitelist
#13 17.21 -- Module opencv_xphoto disabled by whitelist
#13 17.24 -- Allocator metrics storage type: 'long long'
#13 17.26 -- Excluding from source files list: modules/imgproc/src/imgwarp.lasx.cpp
#13 17.26 -- Excluding from source files list: modules/imgproc/src/resize.lasx.cpp
#13 17.28 -- Performing Test HAVE_CXX_WNO_DEPRECATED_DECLARATIONS
#13 17.37 -- Performing Test HAVE_CXX_WNO_DEPRECATED_DECLARATIONS - Success
#13 17.39 -- 
#13 17.39 -- General configuration for OpenCV 4.8.0 =====================================
#13 17.39 --   Version control:               unknown
#13 17.39 -- 
#13 17.39 --   Extra modules:
#13 17.39 --     Location (extra):            /root/dist/opencv_contrib-4.8.0/modules
#13 17.39 --     Version control (extra):     unknown
#13 17.39 -- 
#13 17.39 --   Platform:
#13 17.39 --     Timestamp:                   2024-12-27T16:18:48Z
#13 17.39 --     Host:                        Linux 5.15.167.4-microsoft-standard-WSL2 x86_64
#13 17.39 --     CMake:                       3.22.1
#13 17.39 --     CMake generator:             Unix Makefiles
#13 17.39 --     CMake build tool:            /usr/bin/gmake
#13 17.39 --     Configuration:               Release
#13 17.39 -- 
#13 17.39 --   CPU/HW features:
#13 17.39 --     Baseline:                    SSE SSE2 SSE3
#13 17.39 --       requested:                 SSE3
#13 17.39 --     Dispatched code generation:  SSE4_1 SSE4_2 FP16 AVX AVX2 AVX512_SKX
#13 17.39 --       requested:                 SSE4_1 SSE4_2 AVX FP16 AVX2 AVX512_SKX
#13 17.39 --       SSE4_1 (13 files):         + SSSE3 SSE4_1
#13 17.40 --       SSE4_2 (1 files):          + SSSE3 SSE4_1 POPCNT SSE4_2
#13 17.40 --       FP16 (0 files):            + SSSE3 SSE4_1 POPCNT SSE4_2 FP16 AVX
#13 17.40 --       AVX (3 files):             + SSSE3 SSE4_1 POPCNT SSE4_2 AVX
#13 17.40 --       AVX2 (25 files):           + SSSE3 SSE4_1 POPCNT SSE4_2 FP16 FMA3 AVX AVX2
#13 17.40 --       AVX512_SKX (2 files):      + SSSE3 SSE4_1 POPCNT SSE4_2 FP16 FMA3 AVX AVX2 AVX_512F AVX512_COMMON AVX512_SKX
#13 17.40 -- 
#13 17.40 --   C/C++:
#13 17.40 --     Built as dynamic libs?:      NO
#13 17.40 --     C++ standard:                11
#13 17.40 --     C++ Compiler:                /usr/bin/c++  (ver 14.0.0)
#13 17.40 --     C++ flags (Release):         -fsigned-char -W -Wall -Wreturn-type -Wnon-virtual-dtor -Waddress -Wsequence-point -Wformat -Wformat-security -Wmissing-declarations -Wmissing-prototypes -Wstrict-prototypes -Wundef -Winit-self -Wpointer-arith -Wshadow -Wsign-promo -Wuninitialized -Winconsistent-missing-override -Wno-delete-non-virtual-dtor -Wno-unnamed-type-template-args -Wno-comment -Wno-deprecated-enum-enum-conversion -Wno-deprecated-anon-enum-enum-conversion -fdiagnostics-show-option -Wno-long-long -pthread -Qunused-arguments -ffunction-sections -fdata-sections  -msse -msse2 -msse3 -fvisibility=hidden -fvisibility-inlines-hidden -O3 -DNDEBUG  -DNDEBUG
#13 17.40 --     C++ flags (Debug):           -fsigned-char -W -Wall -Wreturn-type -Wnon-virtual-dtor -Waddress -Wsequence-point -Wformat -Wformat-security -Wmissing-declarations -Wmissing-prototypes -Wstrict-prototypes -Wundef -Winit-self -Wpointer-arith -Wshadow -Wsign-promo -Wuninitialized -Winconsistent-missing-override -Wno-delete-non-virtual-dtor -Wno-unnamed-type-template-args -Wno-comment -Wno-deprecated-enum-enum-conversion -Wno-deprecated-anon-enum-enum-conversion -fdiagnostics-show-option -Wno-long-long -pthread -Qunused-arguments -ffunction-sections -fdata-sections  -msse -msse2 -msse3 -fvisibility=hidden -fvisibility-inlines-hidden -g  -O0 -DDEBUG -D_DEBUG
#13 17.40 --     C Compiler:                  /usr/bin/cc
#13 17.40 --     C flags (Release):           -fsigned-char -W -Wall -Wreturn-type -Waddress -Wsequence-point -Wformat -Wformat-security -Wmissing-declarations -Wmissing-prototypes -Wstrict-prototypes -Wundef -Winit-self -Wpointer-arith -Wshadow -Wuninitialized -Wno-comment -fdiagnostics-show-option -Wno-long-long -pthread -ffunction-sections -fdata-sections  -msse -msse2 -msse3 -fvisibility=hidden -O3 -DNDEBUG  -DNDEBUG
#13 17.40 --     C flags (Debug):             -fsigned-char -W -Wall -Wreturn-type -Waddress -Wsequence-point -Wformat -Wformat-security -Wmissing-declarations -Wmissing-prototypes -Wstrict-prototypes -Wundef -Winit-self -Wpointer-arith -Wshadow -Wuninitialized -Wno-comment -fdiagnostics-show-option -Wno-long-long -pthread -ffunction-sections -fdata-sections  -msse -msse2 -msse3 -fvisibility=hidden -g  -O0 -DDEBUG -D_DEBUG
#13 17.40 --     Linker flags (Release):      -Wl,--exclude-libs,libippicv.a -Wl,--exclude-libs,libippiw.a   -Wl,--gc-sections -Wl,--as-needed -Wl,--no-undefined  
#13 17.40 --     Linker flags (Debug):        -Wl,--exclude-libs,libippicv.a -Wl,--exclude-libs,libippiw.a   -Wl,--gc-sections -Wl,--as-needed -Wl,--no-undefined  
#13 17.40 --     ccache:                      NO
#13 17.40 --     Precompiled headers:         NO
#13 17.40 --     Extra dependencies:          va va-drm dl m pthread rt
#13 17.40 --     3rdparty dependencies:       libjpeg-turbo libpng libopenjp2 zlib ippiw ippicv
#13 17.40 -- 
#13 17.40 --   OpenCV modules:
#13 17.40 --     To be built:                 core imgcodecs imgproc video videoio
#13 17.40 --     Disabled:                    world
#13 17.40 --     Disabled by dependency:      alphamat aruco bgsegm bioinspired calib3d ccalib datasets dnn dnn_objdetect dnn_superres dpm face features2d flann fuzzy gapi hfs highgui img_hash intensity_transform java_bindings_generator js_bindings_generator line_descriptor mcc ml objc_bindings_generator objdetect optflow phase_unwrapping photo plot python_bindings_generator python_tests quality rapid reg rgbd saliency sfm shape stereo stitching structured_light superres surface_matching text tracking videostab wechat_qrcode xfeatures2d ximgproc xobjdetect xphoto
#13 17.40 --     Unavailable:                 cudaarithm cudabgsegm cudacodec cudafeatures2d cudafilters cudaimgproc cudalegacy cudaobjdetect cudaoptflow cudastereo cudawarping cudev cvv freetype hdf java julia matlab ovis python2 python3 ts viz
#13 17.40 --     Applications:                -
#13 17.40 --     Documentation:               NO
#13 17.40 --     Non-free algorithms:         NO
#13 17.40 -- 
#13 17.40 --   GUI: 
#13 17.40 -- 
#13 17.40 --   Media I/O: 
#13 17.40 --     ZLib:                        build (ver 1.2.13)
#13 17.40 --     JPEG:                        build-libjpeg-turbo (ver 2.1.3-62)
#13 17.40 --       SIMD Support Request:      YES
#13 17.40 --       SIMD Support:              NO
#13 17.40 --     PNG:                         build (ver 1.6.37)
#13 17.40 --     JPEG 2000:                   build (ver 2.5.0)
#13 17.40 --     HDR:                         NO
#13 17.40 --     SUNRASTER:                   NO
#13 17.40 --     PXM:                         NO
#13 17.40 --     PFM:                         NO
#13 17.40 -- 
#13 17.40 --   Video I/O:
#13 17.40 --     FFMPEG:                      YES
#13 17.40 --       avcodec:                   YES (58.134.100)
#13 17.41 --       avformat:                  YES (58.76.100)
#13 17.41 --       avutil:                    YES (56.70.100)
#13 17.41 --       swscale:                   YES (5.9.100)
#13 17.41 --       avresample:                NO
#13 17.41 -- 
#13 17.41 --   Parallel framework:            pthreads
#13 17.41 -- 
#13 17.41 --   Trace:                         YES (built-in)
#13 17.41 -- 
#13 17.41 --   Other third-party libraries:
#13 17.41 --     Intel IPP:                   2021.8 [2021.8.0]
#13 17.41 --            at:                   /root/build/3rdparty/ippicv/ippicv_lnx/icv
#13 17.41 --     Intel IPP IW:                sources (2021.8.0)
#13 17.41 --               at:                /root/build/3rdparty/ippicv/ippicv_lnx/iw
#13 17.41 --     VA:                          YES
#13 17.41 --     Eigen:                       YES (ver 3.4.0)
#13 17.41 --     Custom HAL:                  NO
#13 17.41 -- 
#13 17.41 --   Python (for build):            /usr/bin/python3
#13 17.41 -- 
#13 17.41 --   Java:                          
#13 17.41 --     ant:                         NO
#13 17.41 --     Java:                        NO
#13 17.41 --     JNI:                         NO
#13 17.41 --     Java wrappers:               NO
#13 17.41 --     Java tests:                  NO
#13 17.41 -- 
#13 17.41 --   Install to:                    /opt/opencv
#13 17.41 -- -----------------------------------------------------------------
#13 17.41 -- 
#13 17.60 -- Configuring done
#13 17.76 -- Generating done
#13 17.77 -- Build files have been written to: /root/build
#13 17.80 + nproc
#13 17.80 + make -C /root/build -j16 install
#13 17.80 make: Entering directory '/root/build'
#13 17.82 make[1]: Entering directory '/root/build'
#13 17.82 make[2]: Entering directory '/root/build'
#13 17.82 make[2]: Entering directory '/root/build'
#13 17.82 make[2]: Entering directory '/root/build'
#13 17.82 make[2]: Entering directory '/root/build'
#13 17.82 make[2]: Entering directory '/root/build'
#13 17.82 make[2]: Entering directory '/root/build'
#13 17.82 make[2]: Entering directory '/root/build'
#13 17.83 make[2]: Leaving directory '/root/build'
#13 17.83 make[2]: Leaving directory '/root/build'
#13 17.83 make[2]: Leaving directory '/root/build'
#13 17.83 make[2]: Leaving directory '/root/build'
#13 17.83 make[2]: Leaving directory '/root/build'
#13 17.83 make[2]: Leaving directory '/root/build'
#13 17.83 make[2]: Entering directory '/root/build'
#13 17.83 make[2]: Entering directory '/root/build'
#13 17.83 make[2]: Entering directory '/root/build'
#13 17.83 make[2]: Leaving directory '/root/build'
#13 17.84 make[2]: Entering directory '/root/build'
#13 17.84 [  0%] Building C object 3rdparty/zlib/CMakeFiles/zlib.dir/compress.c.o
#13 17.84 [  0%] Built target opencv_highgui_plugins
#13 17.84 [  0%] Built target opencv_videoio_plugins
#13 17.84 [  0%] Built target opencv_dnn_plugins
#13 17.84 [  0%] Building C object 3rdparty/openjpeg/openjp2/CMakeFiles/libopenjp2.dir/bio.c.o
#13 17.84 [  1%] Building C object 3rdparty/libjpeg-turbo/CMakeFiles/jsimd.dir/src/jsimd_none.c.o
#13 17.84 [  1%] Building C object 3rdparty/openjpeg/openjp2/CMakeFiles/libopenjp2.dir/thread.c.o
#13 17.84 [  1%] Building C object 3rdparty/openjpeg/openjp2/CMakeFiles/libopenjp2.dir/dwt.c.o
#13 17.84 [  1%] Building C object 3rdparty/zlib/CMakeFiles/zlib.dir/adler32.c.o
#13 17.84 [  1%] Building C object 3rdparty/zlib/CMakeFiles/zlib.dir/crc32.c.o
#13 17.84 [  1%] Building C object 3rdparty/zlib/CMakeFiles/zlib.dir/gzlib.c.o
#13 17.84 [  2%] Building C object 3rdparty/openjpeg/openjp2/CMakeFiles/libopenjp2.dir/cio.c.o
#13 17.84 [  2%] Building C object 3rdparty/openjpeg/openjp2/CMakeFiles/libopenjp2.dir/event.c.o
#13 17.84 [  2%] Building C object 3rdparty/zlib/CMakeFiles/zlib.dir/gzclose.c.o
#13 17.85 [  3%] Building C object 3rdparty/openjpeg/openjp2/CMakeFiles/libopenjp2.dir/ht_dec.c.o
#13 17.85 [  3%] Building C object 3rdparty/ippiw/CMakeFiles/ippiw.dir/src/iw_core.c.o
#13 17.85 [  3%] Building C object 3rdparty/zlib/CMakeFiles/zlib.dir/deflate.c.o
#13 17.85 [  3%] Building C object 3rdparty/ippiw/CMakeFiles/ippiw.dir/src/iw_image.c.o
#13 17.85 [  3%] Building C object 3rdparty/ippiw/CMakeFiles/ippiw.dir/src/iw_image_color_convert_all.c.o
#13 17.90 [  3%] Building C object 3rdparty/zlib/CMakeFiles/zlib.dir/gzread.c.o
#13 17.93 [  4%] Building C object 3rdparty/zlib/CMakeFiles/zlib.dir/gzwrite.c.o
#13 17.94 make[2]: Leaving directory '/root/build'
#13 17.94 [  4%] Building C object 3rdparty/zlib/CMakeFiles/zlib.dir/inflate.c.o
#13 17.95 [  4%] Built target jsimd
#13 17.95 [  5%] Building C object 3rdparty/openjpeg/openjp2/CMakeFiles/libopenjp2.dir/image.c.o
#13 17.96 [  5%] Building C object 3rdparty/openjpeg/openjp2/CMakeFiles/libopenjp2.dir/invert.c.o
#13 17.96 [  6%] Building C object 3rdparty/ippiw/CMakeFiles/ippiw.dir/src/iw_image_color_convert_rgbs.c.o
#13 17.96 [  6%] Building C object 3rdparty/openjpeg/openjp2/CMakeFiles/libopenjp2.dir/j2k.c.o
#13 17.97 [  6%] Building C object 3rdparty/ippiw/CMakeFiles/ippiw.dir/src/iw_image_filter_bilateral.c.o
#13 17.99 [  6%] Building C object 3rdparty/zlib/CMakeFiles/zlib.dir/infback.c.o
#13 18.03 [  6%] Building C object 3rdparty/openjpeg/openjp2/CMakeFiles/libopenjp2.dir/jp2.c.o
#13 18.04 [  6%] Building C object 3rdparty/openjpeg/openjp2/CMakeFiles/libopenjp2.dir/mct.c.o
#13 18.05 [  6%] Building C object 3rdparty/zlib/CMakeFiles/zlib.dir/inftrees.c.o
#13 18.07 [  6%] Building C object 3rdparty/ippiw/CMakeFiles/ippiw.dir/src/iw_image_filter_box.c.o
#13 18.08 [  7%] Building C object 3rdparty/openjpeg/openjp2/CMakeFiles/libopenjp2.dir/mqc.c.o
#13 18.09 [  8%] Building C object 3rdparty/zlib/CMakeFiles/zlib.dir/inffast.c.o
#13 18.10 [  8%] Building C object 3rdparty/zlib/CMakeFiles/zlib.dir/trees.c.o
#13 18.13 [  8%] Building C object 3rdparty/zlib/CMakeFiles/zlib.dir/uncompr.c.o
#13 18.15 [  8%] Building C object 3rdparty/openjpeg/openjp2/CMakeFiles/libopenjp2.dir/openjpeg.c.o
#13 18.20 [  8%] Building C object 3rdparty/zlib/CMakeFiles/zlib.dir/zutil.c.o
#13 18.22 [  8%] Building C object 3rdparty/ippiw/CMakeFiles/ippiw.dir/src/iw_image_filter_canny.c.o
#13 18.23 [  8%] Building C object 3rdparty/openjpeg/openjp2/CMakeFiles/libopenjp2.dir/opj_clock.c.o
#13 18.23 [  9%] Building C object 3rdparty/ippiw/CMakeFiles/ippiw.dir/src/iw_image_filter_gaussian.c.o
#13 18.26 [  9%] Building C object 3rdparty/ippiw/CMakeFiles/ippiw.dir/src/iw_image_filter_general.c.o
#13 18.27 [  9%] Building C object 3rdparty/openjpeg/openjp2/CMakeFiles/libopenjp2.dir/pi.c.o
#13 18.28 [ 10%] Building C object 3rdparty/openjpeg/openjp2/CMakeFiles/libopenjp2.dir/t1.c.o
#13 18.30 [ 10%] Building C object 3rdparty/ippiw/CMakeFiles/ippiw.dir/src/iw_image_filter_laplacian.c.o
#13 18.30 [ 10%] Building C object 3rdparty/openjpeg/openjp2/CMakeFiles/libopenjp2.dir/t2.c.o
#13 18.32 [ 10%] Building C object 3rdparty/openjpeg/openjp2/CMakeFiles/libopenjp2.dir/tcd.c.o
#13 18.34 [ 10%] Building C object 3rdparty/ippiw/CMakeFiles/ippiw.dir/src/iw_image_filter_morphology.c.o
#13 18.36 [ 10%] Building C object 3rdparty/openjpeg/openjp2/CMakeFiles/libopenjp2.dir/tgt.c.o
#13 18.40 [ 11%] Building C object 3rdparty/ippiw/CMakeFiles/ippiw.dir/src/iw_image_filter_scharr.c.o
#13 18.42 [ 11%] Building C object 3rdparty/ippiw/CMakeFiles/ippiw.dir/src/iw_image_filter_sobel.c.o
#13 18.44 [ 11%] Building C object 3rdparty/ippiw/CMakeFiles/ippiw.dir/src/iw_image_op_copy.c.o
#13 18.50 [ 11%] Building C object 3rdparty/ippiw/CMakeFiles/ippiw.dir/src/iw_image_op_copy_channel.c.o
#13 18.51 [ 12%] Building C object 3rdparty/openjpeg/openjp2/CMakeFiles/libopenjp2.dir/function_list.c.o
#13 18.51 [ 13%] Building C object 3rdparty/ippiw/CMakeFiles/ippiw.dir/src/iw_image_op_copy_make_border.c.o
#13 18.54 [ 13%] Building C object 3rdparty/ippiw/CMakeFiles/ippiw.dir/src/iw_image_op_copy_merge.c.o
#13 18.54 [ 13%] Building C object 3rdparty/ippiw/CMakeFiles/ippiw.dir/src/iw_image_op_copy_split.c.o
#13 18.55 [ 13%] Building C object 3rdparty/ippiw/CMakeFiles/ippiw.dir/src/iw_image_op_scale.c.o
#13 18.57 make[2]: Entering directory '/root/build'
#13 18.57 [ 13%] Building C object 3rdparty/openjpeg/openjp2/CMakeFiles/libopenjp2.dir/opj_malloc.c.o
#13 18.58 make[2]: Leaving directory '/root/build'
#13 18.58 make[2]: Entering directory '/root/build'
#13 18.59 [ 13%] Building C object 3rdparty/openjpeg/openjp2/CMakeFiles/libopenjp2.dir/sparse_array.c.o
#13 18.59 [ 13%] Building C object 3rdparty/libjpeg-turbo/CMakeFiles/libjpeg-turbo.dir/src/jcapimin.c.o
#13 18.62 [ 13%] Building C object 3rdparty/ippiw/CMakeFiles/ippiw.dir/src/iw_image_op_set.c.o
#13 18.66 [ 14%] Building C object 3rdparty/ippiw/CMakeFiles/ippiw.dir/src/iw_image_op_set_channel.c.o
#13 18.66 [ 14%] Building C object 3rdparty/ippiw/CMakeFiles/ippiw.dir/src/iw_image_op_swap_channels.c.o
#13 18.67 [ 15%] Linking C static library ../lib/libzlib.a
#13 18.67 [ 15%] Building C object 3rdparty/ippiw/CMakeFiles/ippiw.dir/src/iw_image_transform_mirror.c.o
#13 18.69 [ 15%] Building C object 3rdparty/libjpeg-turbo/CMakeFiles/libjpeg-turbo.dir/src/jcapistd.c.o
#13 18.70 [ 15%] Building C object 3rdparty/ippiw/CMakeFiles/ippiw.dir/src/iw_image_transform_resize.c.o
#13 18.74 [ 16%] Building C object 3rdparty/ippiw/CMakeFiles/ippiw.dir/src/iw_image_transform_rotate.c.o
#13 18.77 [ 16%] Building C object 3rdparty/libjpeg-turbo/CMakeFiles/libjpeg-turbo.dir/src/jccoefct.c.o
#13 18.77 make[2]: Leaving directory '/root/build'
#13 18.78 [ 16%] Building C object 3rdparty/ippiw/CMakeFiles/ippiw.dir/src/iw_image_transform_warpaffine.c.o
#13 18.79 [ 16%] Building C object 3rdparty/ippiw/CMakeFiles/ippiw.dir/src/iw_own.c.o
#13 18.79 [ 16%] Built target zlib
#13 18.80 [ 17%] Building C object 3rdparty/libjpeg-turbo/CMakeFiles/libjpeg-turbo.dir/src/jccolor.c.o
#13 18.80 make[2]: Entering directory '/root/build'
#13 18.80 [ 17%] Building C object 3rdparty/libjpeg-turbo/CMakeFiles/libjpeg-turbo.dir/src/jcdctmgr.c.o
#13 18.81 make[2]: Leaving directory '/root/build'
#13 18.82 make[2]: Entering directory '/root/build'
#13 18.83 [ 18%] Building C object 3rdparty/libpng/CMakeFiles/libpng.dir/png.c.o
#13 18.84 [ 18%] Building C object 3rdparty/libjpeg-turbo/CMakeFiles/libjpeg-turbo.dir/src/jchuff.c.o
#13 18.93 [ 18%] Building C object 3rdparty/libpng/CMakeFiles/libpng.dir/pngerror.c.o
#13 18.94 [ 18%] Building C object 3rdparty/libjpeg-turbo/CMakeFiles/libjpeg-turbo.dir/src/jcicc.c.o
#13 18.96 [ 18%] Building C object 3rdparty/libjpeg-turbo/CMakeFiles/libjpeg-turbo.dir/src/jcinit.c.o
#13 18.96 [ 18%] Building C object 3rdparty/libpng/CMakeFiles/libpng.dir/pngget.c.o
#13 18.96 [ 20%] Building C object 3rdparty/libjpeg-turbo/CMakeFiles/libjpeg-turbo.dir/src/jcmainct.c.o
#13 18.99 [ 20%] Building C object 3rdparty/libjpeg-turbo/CMakeFiles/libjpeg-turbo.dir/src/jcmarker.c.o
#13 18.99 [ 20%] Building C object 3rdparty/libjpeg-turbo/CMakeFiles/libjpeg-turbo.dir/src/jcmaster.c.o
#13 19.00 [ 20%] Linking C static library ../lib/libippiw.a
#13 19.02 [ 20%] Building C object 3rdparty/libjpeg-turbo/CMakeFiles/libjpeg-turbo.dir/src/jcomapi.c.o
#13 19.03 [ 21%] Building C object 3rdparty/libjpeg-turbo/CMakeFiles/libjpeg-turbo.dir/src/jcparam.c.o
#13 19.03 [ 21%] Building C object 3rdparty/libjpeg-turbo/CMakeFiles/libjpeg-turbo.dir/src/jcphuff.c.o
#13 19.09 make[2]: Leaving directory '/root/build'
#13 19.10 [ 21%] Building C object 3rdparty/libjpeg-turbo/CMakeFiles/libjpeg-turbo.dir/src/jcprepct.c.o
#13 19.11 [ 21%] Built target ippiw
#13 19.11 make[2]: Entering directory '/root/build'
#13 19.13 [ 21%] Processing OpenCL kernels (core)
#13 19.18 [ 21%] Building C object 3rdparty/libjpeg-turbo/CMakeFiles/libjpeg-turbo.dir/src/jcsample.c.o
#13 19.18 [ 21%] Building C object 3rdparty/libpng/CMakeFiles/libpng.dir/pngmem.c.o
#13 19.20 make[2]: Leaving directory '/root/build'
#13 19.21 make[2]: Entering directory '/root/build'
#13 19.22 [ 21%] Building CXX object modules/core/CMakeFiles/opencv_core.dir/src/algorithm.cpp.o
#13 19.23 [ 21%] Building CXX object modules/core/CMakeFiles/opencv_core.dir/src/alloc.cpp.o
#13 19.27 [ 22%] Building C object 3rdparty/libjpeg-turbo/CMakeFiles/libjpeg-turbo.dir/src/jctrans.c.o
#13 19.32 [ 22%] Building C object 3rdparty/libpng/CMakeFiles/libpng.dir/pngpread.c.o
#13 19.33 [ 23%] Building C object 3rdparty/libpng/CMakeFiles/libpng.dir/pngread.c.o
#13 19.33 [ 23%] Building C object 3rdparty/libjpeg-turbo/CMakeFiles/libjpeg-turbo.dir/src/jdapimin.c.o
#13 19.34 [ 23%] Building C object 3rdparty/libjpeg-turbo/CMakeFiles/libjpeg-turbo.dir/src/jdapistd.c.o
#13 19.41 [ 23%] Building C object 3rdparty/libjpeg-turbo/CMakeFiles/libjpeg-turbo.dir/src/jdatadst.c.o
#13 19.42 [ 24%] Building C object 3rdparty/libjpeg-turbo/CMakeFiles/libjpeg-turbo.dir/src/jdatasrc.c.o
#13 19.45 [ 24%] Building C object 3rdparty/libjpeg-turbo/CMakeFiles/libjpeg-turbo.dir/src/jdcoefct.c.o
#13 19.46 [ 24%] Building C object 3rdparty/libpng/CMakeFiles/libpng.dir/pngrio.c.o
#13 19.47 [ 24%] Building C object 3rdparty/libjpeg-turbo/CMakeFiles/libjpeg-turbo.dir/src/jdcolor.c.o
#13 19.48 [ 24%] Building C object 3rdparty/libjpeg-turbo/CMakeFiles/libjpeg-turbo.dir/src/jddctmgr.c.o
#13 19.51 [ 24%] Building C object 3rdparty/libjpeg-turbo/CMakeFiles/libjpeg-turbo.dir/src/jdhuff.c.o
#13 19.53 [ 25%] Building C object 3rdparty/libjpeg-turbo/CMakeFiles/libjpeg-turbo.dir/src/jdicc.c.o
#13 19.55 [ 25%] Building C object 3rdparty/libpng/CMakeFiles/libpng.dir/pngrtran.c.o
#13 19.62 [ 25%] Building C object 3rdparty/libjpeg-turbo/CMakeFiles/libjpeg-turbo.dir/src/jdinput.c.o
#13 19.65 [ 25%] Building C object 3rdparty/libjpeg-turbo/CMakeFiles/libjpeg-turbo.dir/src/jdmainct.c.o
#13 19.66 [ 25%] Building C object 3rdparty/libpng/CMakeFiles/libpng.dir/pngrutil.c.o
#13 19.75 [ 25%] Building C object 3rdparty/libjpeg-turbo/CMakeFiles/libjpeg-turbo.dir/src/jdmarker.c.o
#13 19.85 [ 26%] Building C object 3rdparty/libjpeg-turbo/CMakeFiles/libjpeg-turbo.dir/src/jdmaster.c.o
#13 19.96 [ 27%] Building C object 3rdparty/libpng/CMakeFiles/libpng.dir/pngset.c.o
#13 20.04 [ 27%] Building C object 3rdparty/libjpeg-turbo/CMakeFiles/libjpeg-turbo.dir/src/jdmerge.c.o
#13 20.12 [ 27%] Building C object 3rdparty/libjpeg-turbo/CMakeFiles/libjpeg-turbo.dir/src/jdphuff.c.o
#13 20.13 [ 27%] Building C object 3rdparty/libjpeg-turbo/CMakeFiles/libjpeg-turbo.dir/src/jdpostct.c.o
#13 20.21 [ 28%] Building C object 3rdparty/libjpeg-turbo/CMakeFiles/libjpeg-turbo.dir/src/jdsample.c.o
#13 20.24 [ 28%] Building C object 3rdparty/libjpeg-turbo/CMakeFiles/libjpeg-turbo.dir/src/jdtrans.c.o
#13 20.33 [ 28%] Building C object 3rdparty/libjpeg-turbo/CMakeFiles/libjpeg-turbo.dir/src/jerror.c.o
#13 20.38 [ 28%] Building C object 3rdparty/libjpeg-turbo/CMakeFiles/libjpeg-turbo.dir/src/jfdctflt.c.o
#13 20.38 [ 28%] Building C object 3rdparty/libpng/CMakeFiles/libpng.dir/pngtrans.c.o
#13 20.42 [ 28%] Building C object 3rdparty/libpng/CMakeFiles/libpng.dir/pngwio.c.o
#13 20.43 [ 29%] Building C object 3rdparty/libjpeg-turbo/CMakeFiles/libjpeg-turbo.dir/src/jfdctfst.c.o
#13 20.43 [ 29%] Building CXX object modules/core/CMakeFiles/opencv_core.dir/src/arithm.cpp.o
#13 20.49 [ 29%] Building C object 3rdparty/libjpeg-turbo/CMakeFiles/libjpeg-turbo.dir/src/jfdctint.c.o
#13 20.50 [ 29%] Building C object 3rdparty/libjpeg-turbo/CMakeFiles/libjpeg-turbo.dir/src/jidctflt.c.o
#13 20.53 [ 29%] Building C object 3rdparty/libjpeg-turbo/CMakeFiles/libjpeg-turbo.dir/src/jidctfst.c.o
#13 20.54 [ 29%] Building C object 3rdparty/libpng/CMakeFiles/libpng.dir/pngwrite.c.o
#13 20.55 [ 29%] Building C object 3rdparty/libjpeg-turbo/CMakeFiles/libjpeg-turbo.dir/src/jidctint.c.o
#13 20.57 [ 30%] Building C object 3rdparty/libjpeg-turbo/CMakeFiles/libjpeg-turbo.dir/src/jidctred.c.o
#13 20.58 [ 31%] Building C object 3rdparty/libpng/CMakeFiles/libpng.dir/pngwtran.c.o
#13 20.60 [ 31%] Building C object 3rdparty/libjpeg-turbo/CMakeFiles/libjpeg-turbo.dir/src/jquant1.c.o
#13 20.65 [ 31%] Building C object 3rdparty/libjpeg-turbo/CMakeFiles/libjpeg-turbo.dir/src/jutils.c.o
#13 20.65 [ 31%] Building C object 3rdparty/libjpeg-turbo/CMakeFiles/libjpeg-turbo.dir/src/jquant2.c.o
#13 20.69 [ 32%] Building C object 3rdparty/libjpeg-turbo/CMakeFiles/libjpeg-turbo.dir/src/jmemmgr.c.o
#13 20.71 [ 32%] Building C object 3rdparty/libjpeg-turbo/CMakeFiles/libjpeg-turbo.dir/src/jmemnobs.c.o
#13 20.77 [ 32%] Building C object 3rdparty/libpng/CMakeFiles/libpng.dir/pngwutil.c.o
#13 20.78 [ 32%] Building C object 3rdparty/libjpeg-turbo/CMakeFiles/libjpeg-turbo.dir/src/jaricom.c.o
#13 20.85 [ 32%] Building C object 3rdparty/libjpeg-turbo/CMakeFiles/libjpeg-turbo.dir/src/jcarith.c.o
#13 20.86 [ 32%] Building C object 3rdparty/libpng/CMakeFiles/libpng.dir/intel/intel_init.c.o
#13 20.87 [ 33%] Building C object 3rdparty/libjpeg-turbo/CMakeFiles/libjpeg-turbo.dir/src/jdarith.c.o
#13 20.95 [ 34%] Building CXX object modules/core/CMakeFiles/opencv_core.dir/src/arithm.dispatch.cpp.o
#13 20.96 [ 34%] Building C object 3rdparty/libpng/CMakeFiles/libpng.dir/intel/filter_sse2_intrinsics.c.o
#13 20.97 [ 34%] Building CXX object modules/core/CMakeFiles/opencv_core.dir/src/array.cpp.o
#13 21.05 [ 34%] Building CXX object modules/core/CMakeFiles/opencv_core.dir/src/async.cpp.o
#13 21.12 [ 34%] Building CXX object modules/core/CMakeFiles/opencv_core.dir/src/batch_distance.cpp.o
#13 21.14 [ 35%] Building CXX object modules/core/CMakeFiles/opencv_core.dir/src/bindings_utils.cpp.o
#13 21.20 [ 35%] Building CXX object modules/core/CMakeFiles/opencv_core.dir/src/buffer_area.cpp.o
#13 21.33 [ 35%] Building CXX object modules/core/CMakeFiles/opencv_core.dir/src/channels.cpp.o
#13 21.40 [ 35%] Building CXX object modules/core/CMakeFiles/opencv_core.dir/src/check.cpp.o
#13 21.52 [ 36%] Building CXX object modules/core/CMakeFiles/opencv_core.dir/src/command_line_parser.cpp.o
#13 21.70 [ 36%] Building CXX object modules/core/CMakeFiles/opencv_core.dir/src/conjugate_gradient.cpp.o
#13 21.84 [ 37%] Linking C static library ../lib/liblibpng.a
#13 21.94 make[2]: Leaving directory '/root/build'
#13 21.95 [ 37%] Built target libpng
#13 21.96 [ 37%] Building CXX object modules/core/CMakeFiles/opencv_core.dir/src/convert.dispatch.cpp.o
#13 22.86 [ 37%] Building CXX object modules/core/CMakeFiles/opencv_core.dir/src/convert_c.cpp.o
#13 22.88 [ 38%] Building CXX object modules/core/CMakeFiles/opencv_core.dir/src/convert_scale.dispatch.cpp.o
#13 23.57 [ 38%] Linking C static library ../../lib/liblibopenjp2.a
#13 23.64 make[2]: Leaving directory '/root/build'
#13 23.65 [ 38%] Built target libopenjp2
#13 23.66 [ 38%] Building CXX object modules/core/CMakeFiles/opencv_core.dir/src/copy.cpp.o
#13 23.73 [ 38%] Building CXX object modules/core/CMakeFiles/opencv_core.dir/src/count_non_zero.dispatch.cpp.o
#13 24.44 [ 38%] Building CXX object modules/core/CMakeFiles/opencv_core.dir/src/cuda_gpu_mat.cpp.o
#13 24.59 [ 38%] Building CXX object modules/core/CMakeFiles/opencv_core.dir/src/cuda_gpu_mat_nd.cpp.o
#13 24.60 [ 40%] Building CXX object modules/core/CMakeFiles/opencv_core.dir/src/cuda_host_mem.cpp.o
#13 24.71 [ 40%] Building CXX object modules/core/CMakeFiles/opencv_core.dir/src/cuda_info.cpp.o
#13 24.72 [ 40%] Building CXX object modules/core/CMakeFiles/opencv_core.dir/src/cuda_stream.cpp.o
#13 24.74 [ 40%] Building CXX object modules/core/CMakeFiles/opencv_core.dir/src/datastructs.cpp.o
#13 24.84 [ 41%] Building CXX object modules/core/CMakeFiles/opencv_core.dir/src/directx.cpp.o
#13 25.19 [ 41%] Building CXX object modules/core/CMakeFiles/opencv_core.dir/src/downhill_simplex.cpp.o
#13 25.67 [ 41%] Building CXX object modules/core/CMakeFiles/opencv_core.dir/src/dxt.cpp.o
#13 26.01 [ 41%] Building CXX object modules/core/CMakeFiles/opencv_core.dir/src/gl_core_3_1.cpp.o
#13 26.04 [ 41%] Linking C static library ../lib/liblibjpeg-turbo.a
#13 26.14 make[2]: Leaving directory '/root/build'
#13 26.15 [ 41%] Built target libjpeg-turbo
#13 26.17 [ 42%] Building CXX object modules/core/CMakeFiles/opencv_core.dir/src/glob.cpp.o
#13 26.87 [ 42%] Building CXX object modules/core/CMakeFiles/opencv_core.dir/src/hal_internal.cpp.o
#13 27.06 [ 42%] Building CXX object modules/core/CMakeFiles/opencv_core.dir/src/has_non_zero.dispatch.cpp.o
#13 27.38 [ 42%] Building CXX object modules/core/CMakeFiles/opencv_core.dir/src/kmeans.cpp.o
#13 27.51 [ 43%] Building CXX object modules/core/CMakeFiles/opencv_core.dir/src/lapack.cpp.o
#13 27.61 [ 43%] Building CXX object modules/core/CMakeFiles/opencv_core.dir/src/lda.cpp.o
#13 27.70 [ 43%] Building CXX object modules/core/CMakeFiles/opencv_core.dir/src/logger.cpp.o
#13 27.74 [ 43%] Building CXX object modules/core/CMakeFiles/opencv_core.dir/src/lpsolver.cpp.o
#13 27.79 [ 44%] Building CXX object modules/core/CMakeFiles/opencv_core.dir/src/lut.cpp.o
#13 27.79 [ 44%] Building CXX object modules/core/CMakeFiles/opencv_core.dir/src/mathfuncs.cpp.o
#13 27.88 [ 44%] Building CXX object modules/core/CMakeFiles/opencv_core.dir/src/mathfuncs_core.dispatch.cpp.o
#13 28.51 [ 44%] Building CXX object modules/core/CMakeFiles/opencv_core.dir/src/matmul.dispatch.cpp.o
#13 29.04 [ 44%] Building CXX object modules/core/CMakeFiles/opencv_core.dir/src/matrix.cpp.o
#13 29.16 [ 45%] Building CXX object modules/core/CMakeFiles/opencv_core.dir/src/matrix_c.cpp.o
#13 29.47 [ 45%] Building CXX object modules/core/CMakeFiles/opencv_core.dir/src/matrix_decomp.cpp.o
#13 29.62 [ 45%] Building CXX object modules/core/CMakeFiles/opencv_core.dir/src/matrix_expressions.cpp.o
#13 30.07 [ 45%] Building CXX object modules/core/CMakeFiles/opencv_core.dir/src/matrix_iterator.cpp.o
#13 30.69 [ 46%] Building CXX object modules/core/CMakeFiles/opencv_core.dir/src/matrix_operations.cpp.o
#13 30.82 [ 46%] Building CXX object modules/core/CMakeFiles/opencv_core.dir/src/matrix_sparse.cpp.o
#13 30.88 [ 46%] Building CXX object modules/core/CMakeFiles/opencv_core.dir/src/matrix_transform.cpp.o
#13 31.22 [ 46%] Building CXX object modules/core/CMakeFiles/opencv_core.dir/src/matrix_wrap.cpp.o
#13 31.23 [ 47%] Building CXX object modules/core/CMakeFiles/opencv_core.dir/src/mean.dispatch.cpp.o
#13 31.62 [ 47%] Building CXX object modules/core/CMakeFiles/opencv_core.dir/src/merge.dispatch.cpp.o
#13 31.81 [ 47%] Building CXX object modules/core/CMakeFiles/opencv_core.dir/src/minmax.cpp.o
#13 31.93 [ 47%] Building CXX object modules/core/CMakeFiles/opencv_core.dir/src/norm.cpp.o
#13 32.16 [ 47%] Building CXX object modules/core/CMakeFiles/opencv_core.dir/src/ocl.cpp.o
#13 32.22 [ 48%] Building CXX object modules/core/CMakeFiles/opencv_core.dir/src/opencl/runtime/opencl_clblas.cpp.o
#13 32.99 [ 48%] Building CXX object modules/core/CMakeFiles/opencv_core.dir/src/opencl/runtime/opencl_clfft.cpp.o
#13 33.10 [ 48%] Building CXX object modules/core/CMakeFiles/opencv_core.dir/src/opencl/runtime/opencl_core.cpp.o
#13 33.13 [ 48%] Building CXX object modules/core/CMakeFiles/opencv_core.dir/src/opengl.cpp.o
#13 33.62 [ 49%] Building CXX object modules/core/CMakeFiles/opencv_core.dir/src/out.cpp.o
#13 34.99 [ 49%] Building CXX object modules/core/CMakeFiles/opencv_core.dir/src/ovx.cpp.o
#13 35.01 [ 49%] Building CXX object modules/core/CMakeFiles/opencv_core.dir/src/parallel.cpp.o
#13 35.01 [ 49%] Building CXX object modules/core/CMakeFiles/opencv_core.dir/src/parallel/parallel.cpp.o
#13 35.24 [ 50%] Building CXX object modules/core/CMakeFiles/opencv_core.dir/src/parallel/parallel_openmp.cpp.o
#13 35.65 [ 50%] Building CXX object modules/core/CMakeFiles/opencv_core.dir/src/parallel/parallel_tbb.cpp.o
#13 35.66 [ 50%] Building CXX object modules/core/CMakeFiles/opencv_core.dir/src/parallel_impl.cpp.o
#13 35.74 [ 50%] Building CXX object modules/core/CMakeFiles/opencv_core.dir/src/pca.cpp.o
#13 35.99 [ 51%] Building CXX object modules/core/CMakeFiles/opencv_core.dir/src/persistence.cpp.o
#13 36.00 [ 51%] Building CXX object modules/core/CMakeFiles/opencv_core.dir/src/persistence_base64_encoding.cpp.o
#13 36.19 [ 51%] Building CXX object modules/core/CMakeFiles/opencv_core.dir/src/persistence_json.cpp.o
#13 36.95 [ 51%] Building CXX object modules/core/CMakeFiles/opencv_core.dir/src/persistence_types.cpp.o
#13 37.05 [ 52%] Building CXX object modules/core/CMakeFiles/opencv_core.dir/src/persistence_xml.cpp.o
#13 37.29 [ 52%] Building CXX object modules/core/CMakeFiles/opencv_core.dir/src/persistence_yml.cpp.o
#13 38.08 [ 52%] Building CXX object modules/core/CMakeFiles/opencv_core.dir/src/rand.cpp.o
#13 38.30 [ 52%] Building CXX object modules/core/CMakeFiles/opencv_core.dir/src/softfloat.cpp.o
#13 38.48 [ 52%] Building CXX object modules/core/CMakeFiles/opencv_core.dir/src/split.dispatch.cpp.o
#13 38.70 [ 53%] Building CXX object modules/core/CMakeFiles/opencv_core.dir/src/stat.dispatch.cpp.o
#13 39.10 [ 53%] Building CXX object modules/core/CMakeFiles/opencv_core.dir/src/stat_c.cpp.o
#13 39.11 [ 53%] Building CXX object modules/core/CMakeFiles/opencv_core.dir/src/stl.cpp.o
#13 39.58 [ 53%] Building CXX object modules/core/CMakeFiles/opencv_core.dir/src/sum.dispatch.cpp.o
#13 39.81 [ 54%] Building CXX object modules/core/CMakeFiles/opencv_core.dir/src/system.cpp.o
#13 39.90 [ 54%] Building CXX object modules/core/CMakeFiles/opencv_core.dir/src/tables.cpp.o
#13 40.60 [ 54%] Building CXX object modules/core/CMakeFiles/opencv_core.dir/src/trace.cpp.o
#13 40.69 [ 54%] Building CXX object modules/core/CMakeFiles/opencv_core.dir/src/types.cpp.o
#13 40.76 [ 55%] Building CXX object modules/core/CMakeFiles/opencv_core.dir/src/umatrix.cpp.o
#13 40.90 [ 55%] Building CXX object modules/core/CMakeFiles/opencv_core.dir/src/utils/datafile.cpp.o
#13 41.76 [ 55%] Building CXX object modules/core/CMakeFiles/opencv_core.dir/src/utils/filesystem.cpp.o
#13 41.98 [ 55%] Building CXX object modules/core/CMakeFiles/opencv_core.dir/src/utils/logtagconfigparser.cpp.o
#13 42.14 [ 56%] Building CXX object modules/core/CMakeFiles/opencv_core.dir/src/utils/logtagmanager.cpp.o
#13 42.17 [ 56%] Building CXX object modules/core/CMakeFiles/opencv_core.dir/src/utils/samples.cpp.o
#13 42.42 [ 56%] Building CXX object modules/core/CMakeFiles/opencv_core.dir/src/va_intel.cpp.o
#13 42.45 [ 56%] Building CXX object modules/core/CMakeFiles/opencv_core.dir/opencl_kernels_core.cpp.o
#13 42.87 [ 56%] Building CXX object modules/core/CMakeFiles/opencv_core.dir/arithm.sse4_1.cpp.o
#13 42.93 [ 57%] Building CXX object modules/core/CMakeFiles/opencv_core.dir/matmul.sse4_1.cpp.o
#13 43.40 [ 57%] Building CXX object modules/core/CMakeFiles/opencv_core.dir/stat.sse4_2.cpp.o
#13 43.50 [ 57%] Building CXX object modules/core/CMakeFiles/opencv_core.dir/mathfuncs_core.avx.cpp.o
#13 43.64 [ 57%] Building CXX object modules/core/CMakeFiles/opencv_core.dir/mathfuncs_core.avx2.cpp.o
#13 43.92 [ 58%] Building CXX object modules/core/CMakeFiles/opencv_core.dir/stat.avx2.cpp.o
#13 44.43 [ 58%] Building CXX object modules/core/CMakeFiles/opencv_core.dir/arithm.avx2.cpp.o
#13 44.49 [ 58%] Building CXX object modules/core/CMakeFiles/opencv_core.dir/convert.avx2.cpp.o
#13 44.59 [ 58%] Building CXX object modules/core/CMakeFiles/opencv_core.dir/convert_scale.avx2.cpp.o
#13 45.16 [ 60%] Building CXX object modules/core/CMakeFiles/opencv_core.dir/count_non_zero.avx2.cpp.o
#13 45.36 [ 60%] Building CXX object modules/core/CMakeFiles/opencv_core.dir/has_non_zero.avx2.cpp.o
#13 45.39 [ 60%] Building CXX object modules/core/CMakeFiles/opencv_core.dir/matmul.avx2.cpp.o
#13 45.45 [ 60%] Building CXX object modules/core/CMakeFiles/opencv_core.dir/mean.avx2.cpp.o
#13 45.84 [ 61%] Building CXX object modules/core/CMakeFiles/opencv_core.dir/merge.avx2.cpp.o
#13 46.41 [ 61%] Building CXX object modules/core/CMakeFiles/opencv_core.dir/split.avx2.cpp.o
#13 46.48 [ 61%] Building CXX object modules/core/CMakeFiles/opencv_core.dir/sum.avx2.cpp.o
#13 47.33 [ 61%] Building CXX object modules/core/CMakeFiles/opencv_core.dir/matmul.avx512_skx.cpp.o
#13 52.83 [ 61%] Linking CXX static library ../../lib/libopencv_core.a
#13 52.98 make[2]: Leaving directory '/root/build'
#13 52.98 [ 61%] Built target opencv_core
#13 52.99 make[2]: Entering directory '/root/build'
#13 52.99 [ 61%] Processing OpenCL kernels (imgproc)
#13 53.05 make[2]: Leaving directory '/root/build'
#13 53.05 make[2]: Entering directory '/root/build'
#13 53.06 [ 62%] Building CXX object modules/imgproc/CMakeFiles/opencv_imgproc.dir/src/approx.cpp.o
#13 53.06 [ 62%] Building CXX object modules/imgproc/CMakeFiles/opencv_imgproc.dir/src/bilateral_filter.dispatch.cpp.o
#13 53.06 [ 62%] Building CXX object modules/imgproc/CMakeFiles/opencv_imgproc.dir/src/accum.dispatch.cpp.o
#13 53.06 [ 62%] Building CXX object modules/imgproc/CMakeFiles/opencv_imgproc.dir/src/canny.cpp.o
#13 53.06 [ 62%] Building CXX object modules/imgproc/CMakeFiles/opencv_imgproc.dir/src/accum.cpp.o
#13 53.06 [ 63%] Building CXX object modules/imgproc/CMakeFiles/opencv_imgproc.dir/src/blend.cpp.o
#13 53.06 [ 63%] Building CXX object modules/imgproc/CMakeFiles/opencv_imgproc.dir/src/box_filter.dispatch.cpp.o
#13 53.06 [ 63%] Building CXX object modules/imgproc/CMakeFiles/opencv_imgproc.dir/src/clahe.cpp.o
#13 53.06 [ 63%] Building CXX object modules/imgproc/CMakeFiles/opencv_imgproc.dir/src/color.cpp.o
#13 53.06 [ 63%] Building CXX object modules/imgproc/CMakeFiles/opencv_imgproc.dir/src/color_lab.cpp.o
#13 53.06 [ 64%] Building CXX object modules/imgproc/CMakeFiles/opencv_imgproc.dir/src/color_hsv.dispatch.cpp.o
#13 53.06 [ 65%] Building CXX object modules/imgproc/CMakeFiles/opencv_imgproc.dir/src/color_yuv.dispatch.cpp.o
#13 53.06 [ 65%] Building CXX object modules/imgproc/CMakeFiles/opencv_imgproc.dir/src/colormap.cpp.o
#13 53.06 [ 65%] Building CXX object modules/imgproc/CMakeFiles/opencv_imgproc.dir/src/color_rgb.dispatch.cpp.o
#13 53.07 [ 65%] Building CXX object modules/imgproc/CMakeFiles/opencv_imgproc.dir/src/connectedcomponents.cpp.o
#13 53.09 [ 65%] Building CXX object modules/imgproc/CMakeFiles/opencv_imgproc.dir/src/contours.cpp.o
#13 55.80 [ 65%] Building CXX object modules/imgproc/CMakeFiles/opencv_imgproc.dir/src/convhull.cpp.o
#13 56.16 [ 66%] Building CXX object modules/imgproc/CMakeFiles/opencv_imgproc.dir/src/corner.cpp.o
#13 56.19 [ 66%] Building CXX object modules/imgproc/CMakeFiles/opencv_imgproc.dir/src/cornersubpix.cpp.o
#13 56.25 [ 66%] Building CXX object modules/imgproc/CMakeFiles/opencv_imgproc.dir/src/demosaicing.cpp.o
#13 56.31 [ 66%] Building CXX object modules/imgproc/CMakeFiles/opencv_imgproc.dir/src/deriv.cpp.o
#13 56.92 [ 67%] Building CXX object modules/imgproc/CMakeFiles/opencv_imgproc.dir/src/distransform.cpp.o
#13 56.95 [ 67%] Building CXX object modules/imgproc/CMakeFiles/opencv_imgproc.dir/src/drawing.cpp.o
#13 57.01 [ 67%] Building CXX object modules/imgproc/CMakeFiles/opencv_imgproc.dir/src/emd.cpp.o
#13 57.14 [ 67%] Building CXX object modules/imgproc/CMakeFiles/opencv_imgproc.dir/src/featureselect.cpp.o
#13 57.39 [ 67%] Building CXX object modules/imgproc/CMakeFiles/opencv_imgproc.dir/src/filter.dispatch.cpp.o
#13 57.50 [ 68%] Building CXX object modules/imgproc/CMakeFiles/opencv_imgproc.dir/src/floodfill.cpp.o
#13 58.66 [ 68%] Building CXX object modules/imgproc/CMakeFiles/opencv_imgproc.dir/src/gabor.cpp.o
#13 58.74 [ 68%] Building CXX object modules/imgproc/CMakeFiles/opencv_imgproc.dir/src/generalized_hough.cpp.o
#13 59.05 [ 68%] Building CXX object modules/imgproc/CMakeFiles/opencv_imgproc.dir/src/geometry.cpp.o
#13 59.07 [ 69%] Building CXX object modules/imgproc/CMakeFiles/opencv_imgproc.dir/src/grabcut.cpp.o
#13 59.22 [ 69%] Building CXX object modules/imgproc/CMakeFiles/opencv_imgproc.dir/src/hershey_fonts.cpp.o
#13 59.27 [ 69%] Building CXX object modules/imgproc/CMakeFiles/opencv_imgproc.dir/src/histogram.cpp.o
#13 59.93 [ 69%] Building CXX object modules/imgproc/CMakeFiles/opencv_imgproc.dir/src/hough.cpp.o
#13 60.15 [ 70%] Building CXX object modules/imgproc/CMakeFiles/opencv_imgproc.dir/src/imgwarp.cpp.o
#13 60.23 [ 70%] Building CXX object modules/imgproc/CMakeFiles/opencv_imgproc.dir/src/intelligent_scissors.cpp.o
#13 60.27 [ 70%] Building CXX object modules/imgproc/CMakeFiles/opencv_imgproc.dir/src/intersection.cpp.o
#13 60.37 [ 70%] Building CXX object modules/imgproc/CMakeFiles/opencv_imgproc.dir/src/linefit.cpp.o
#13 60.58 [ 71%] Building CXX object modules/imgproc/CMakeFiles/opencv_imgproc.dir/src/lsd.cpp.o
#13 61.32 [ 71%] Building CXX object modules/imgproc/CMakeFiles/opencv_imgproc.dir/src/main.cpp.o
#13 61.73 [ 71%] Building CXX object modules/imgproc/CMakeFiles/opencv_imgproc.dir/src/matchcontours.cpp.o
#13 61.81 [ 71%] Building CXX object modules/imgproc/CMakeFiles/opencv_imgproc.dir/src/median_blur.dispatch.cpp.o
#13 61.88 [ 72%] Building CXX object modules/imgproc/CMakeFiles/opencv_imgproc.dir/src/min_enclosing_triangle.cpp.o
#13 62.64 [ 72%] Building CXX object modules/imgproc/CMakeFiles/opencv_imgproc.dir/src/moments.cpp.o
#13 63.12 [ 72%] Building CXX object modules/imgproc/CMakeFiles/opencv_imgproc.dir/src/morph.dispatch.cpp.o
#13 63.24 [ 72%] Building CXX object modules/imgproc/CMakeFiles/opencv_imgproc.dir/src/phasecorr.cpp.o
#13 63.24 [ 72%] Building CXX object modules/imgproc/CMakeFiles/opencv_imgproc.dir/src/pyramids.cpp.o
#13 63.54 [ 73%] Building CXX object modules/imgproc/CMakeFiles/opencv_imgproc.dir/src/resize.cpp.o
#13 63.77 [ 73%] Building CXX object modules/imgproc/CMakeFiles/opencv_imgproc.dir/src/rotcalipers.cpp.o
#13 63.90 [ 73%] Building CXX object modules/imgproc/CMakeFiles/opencv_imgproc.dir/src/samplers.cpp.o
#13 64.21 [ 73%] Building CXX object modules/imgproc/CMakeFiles/opencv_imgproc.dir/src/segmentation.cpp.o
#13 64.37 [ 74%] Building CXX object modules/imgproc/CMakeFiles/opencv_imgproc.dir/src/shapedescr.cpp.o
#13 65.13 [ 74%] Building CXX object modules/imgproc/CMakeFiles/opencv_imgproc.dir/src/smooth.dispatch.cpp.o
#13 65.54 [ 74%] Building CXX object modules/imgproc/CMakeFiles/opencv_imgproc.dir/src/spatialgradient.cpp.o
#13 65.76 [ 74%] Building CXX object modules/imgproc/CMakeFiles/opencv_imgproc.dir/src/stackblur.cpp.o
#13 66.36 [ 75%] Building CXX object modules/imgproc/CMakeFiles/opencv_imgproc.dir/src/subdivision2d.cpp.o
#13 66.40 [ 75%] Building CXX object modules/imgproc/CMakeFiles/opencv_imgproc.dir/src/sumpixels.dispatch.cpp.o
#13 66.90 [ 75%] Building CXX object modules/imgproc/CMakeFiles/opencv_imgproc.dir/src/tables.cpp.o
#13 67.39 [ 75%] Building CXX object modules/imgproc/CMakeFiles/opencv_imgproc.dir/src/templmatch.cpp.o
#13 67.40 [ 76%] Building CXX object modules/imgproc/CMakeFiles/opencv_imgproc.dir/src/thresh.cpp.o
#13 67.56 [ 76%] Building CXX object modules/imgproc/CMakeFiles/opencv_imgproc.dir/src/utils.cpp.o
#13 68.37 [ 76%] Building CXX object modules/imgproc/CMakeFiles/opencv_imgproc.dir/opencl_kernels_imgproc.cpp.o
#13 68.86 [ 76%] Building CXX object modules/imgproc/CMakeFiles/opencv_imgproc.dir/src/imgwarp.sse4_1.cpp.o
#13 69.56 [ 76%] Building CXX object modules/imgproc/CMakeFiles/opencv_imgproc.dir/src/resize.sse4_1.cpp.o
#13 69.59 [ 77%] Building CXX object modules/imgproc/CMakeFiles/opencv_imgproc.dir/accum.sse4_1.cpp.o
#13 69.70 [ 77%] Building CXX object modules/imgproc/CMakeFiles/opencv_imgproc.dir/box_filter.sse4_1.cpp.o
#13 69.77 [ 77%] Building CXX object modules/imgproc/CMakeFiles/opencv_imgproc.dir/filter.sse4_1.cpp.o
#13 70.36 [ 77%] Building CXX object modules/imgproc/CMakeFiles/opencv_imgproc.dir/color_hsv.sse4_1.cpp.o
#13 70.66 [ 78%] Building CXX object modules/imgproc/CMakeFiles/opencv_imgproc.dir/color_rgb.sse4_1.cpp.o
#13 70.84 [ 78%] Building CXX object modules/imgproc/CMakeFiles/opencv_imgproc.dir/color_yuv.sse4_1.cpp.o
#13 71.47 [ 78%] Building CXX object modules/imgproc/CMakeFiles/opencv_imgproc.dir/median_blur.sse4_1.cpp.o
#13 72.36 [ 78%] Building CXX object modules/imgproc/CMakeFiles/opencv_imgproc.dir/morph.sse4_1.cpp.o
#13 72.48 [ 80%] Building CXX object modules/imgproc/CMakeFiles/opencv_imgproc.dir/smooth.sse4_1.cpp.o
#13 72.49 [ 80%] Building CXX object modules/imgproc/CMakeFiles/opencv_imgproc.dir/src/corner.avx.cpp.o
#13 72.88 [ 80%] Building CXX object modules/imgproc/CMakeFiles/opencv_imgproc.dir/accum.avx.cpp.o
#13 73.41 [ 80%] Building CXX object modules/imgproc/CMakeFiles/opencv_imgproc.dir/src/imgwarp.avx2.cpp.o
#13 74.64 [ 81%] Building CXX object modules/imgproc/CMakeFiles/opencv_imgproc.dir/src/resize.avx2.cpp.o
#13 74.74 [ 81%] Building CXX object modules/imgproc/CMakeFiles/opencv_imgproc.dir/accum.avx2.cpp.o
#13 75.22 [ 81%] Building CXX object modules/imgproc/CMakeFiles/opencv_imgproc.dir/bilateral_filter.avx2.cpp.o
#13 75.64 [ 81%] Building CXX object modules/imgproc/CMakeFiles/opencv_imgproc.dir/box_filter.avx2.cpp.o
#13 76.21 [ 81%] Building CXX object modules/imgproc/CMakeFiles/opencv_imgproc.dir/filter.avx2.cpp.o
#13 76.22 [ 82%] Building CXX object modules/imgproc/CMakeFiles/opencv_imgproc.dir/color_hsv.avx2.cpp.o
#13 76.78 [ 82%] Building CXX object modules/imgproc/CMakeFiles/opencv_imgproc.dir/color_rgb.avx2.cpp.o
#13 77.93 [ 82%] Building CXX object modules/imgproc/CMakeFiles/opencv_imgproc.dir/color_yuv.avx2.cpp.o
#13 77.95 [ 82%] Building CXX object modules/imgproc/CMakeFiles/opencv_imgproc.dir/median_blur.avx2.cpp.o
#13 78.03 [ 83%] Building CXX object modules/imgproc/CMakeFiles/opencv_imgproc.dir/morph.avx2.cpp.o
#13 78.16 [ 83%] Building CXX object modules/imgproc/CMakeFiles/opencv_imgproc.dir/smooth.avx2.cpp.o
#13 78.25 [ 83%] Building CXX object modules/imgproc/CMakeFiles/opencv_imgproc.dir/sumpixels.avx2.cpp.o
#13 79.08 [ 83%] Building CXX object modules/imgproc/CMakeFiles/opencv_imgproc.dir/sumpixels.avx512_skx.cpp.o
#13 87.08 [ 84%] Linking CXX static library ../../lib/libopencv_imgproc.a
#13 87.24 make[2]: Leaving directory '/root/build'
#13 87.25 [ 84%] Built target opencv_imgproc
#13 87.25 make[2]: Entering directory '/root/build'
#13 87.25 make[2]: Entering directory '/root/build'
#13 87.26 [ 84%] Processing OpenCL kernels (video)
#13 87.26 make[2]: Leaving directory '/root/build'
#13 87.26 make[2]: Entering directory '/root/build'
#13 87.26 [ 84%] Building CXX object modules/imgcodecs/CMakeFiles/opencv_imgcodecs.dir/src/grfmt_gdal.cpp.o
#13 87.26 [ 85%] Building CXX object modules/imgcodecs/CMakeFiles/opencv_imgcodecs.dir/src/grfmt_base.cpp.o
#13 87.26 [ 86%] Building CXX object modules/imgcodecs/CMakeFiles/opencv_imgcodecs.dir/src/utils.cpp.o
#13 87.26 [ 86%] Building CXX object modules/imgcodecs/CMakeFiles/opencv_imgcodecs.dir/src/loadsave.cpp.o
#13 87.26 [ 86%] Building CXX object modules/imgcodecs/CMakeFiles/opencv_imgcodecs.dir/src/grfmt_bmp.cpp.o
#13 87.26 [ 86%] Building CXX object modules/imgcodecs/CMakeFiles/opencv_imgcodecs.dir/src/grfmt_exr.cpp.o
#13 87.26 [ 85%] Building CXX object modules/imgcodecs/CMakeFiles/opencv_imgcodecs.dir/src/grfmt_avif.cpp.o
#13 87.27 [ 87%] Building CXX object modules/imgcodecs/CMakeFiles/opencv_imgcodecs.dir/src/grfmt_hdr.cpp.o
#13 87.27 [ 87%] Building CXX object modules/imgcodecs/CMakeFiles/opencv_imgcodecs.dir/src/grfmt_gdcm.cpp.o
#13 87.27 [ 87%] Building CXX object modules/imgcodecs/CMakeFiles/opencv_imgcodecs.dir/src/grfmt_jpeg.cpp.o
#13 87.27 [ 87%] Building CXX object modules/imgcodecs/CMakeFiles/opencv_imgcodecs.dir/src/grfmt_jpeg2000_openjpeg.cpp.o
#13 87.27 [ 87%] Building CXX object modules/imgcodecs/CMakeFiles/opencv_imgcodecs.dir/src/grfmt_jpeg2000.cpp.o
#13 87.27 [ 88%] Building CXX object modules/imgcodecs/CMakeFiles/opencv_imgcodecs.dir/src/grfmt_pam.cpp.o
#13 87.27 [ 88%] Building CXX object modules/imgcodecs/CMakeFiles/opencv_imgcodecs.dir/src/grfmt_pfm.cpp.o
#13 87.28 [ 88%] Building CXX object modules/imgcodecs/CMakeFiles/opencv_imgcodecs.dir/src/grfmt_png.cpp.o
#13 87.31 make[2]: Leaving directory '/root/build'
#13 87.31 make[2]: Entering directory '/root/build'
#13 87.32 [ 88%] Building CXX object modules/video/CMakeFiles/opencv_video.dir/src/bgfg_KNN.cpp.o
#13 89.59 [ 88%] Building CXX object modules/imgcodecs/CMakeFiles/opencv_imgcodecs.dir/src/grfmt_pxm.cpp.o
#13 89.61 [ 88%] Building CXX object modules/imgcodecs/CMakeFiles/opencv_imgcodecs.dir/src/grfmt_spng.cpp.o
#13 89.62 [ 89%] Building CXX object modules/imgcodecs/CMakeFiles/opencv_imgcodecs.dir/src/grfmt_sunras.cpp.o
#13 89.65 [ 89%] Building CXX object modules/imgcodecs/CMakeFiles/opencv_imgcodecs.dir/src/grfmt_tiff.cpp.o
#13 89.66 [ 89%] Building CXX object modules/imgcodecs/CMakeFiles/opencv_imgcodecs.dir/src/grfmt_webp.cpp.o
#13 89.67 [ 89%] Building CXX object modules/imgcodecs/CMakeFiles/opencv_imgcodecs.dir/src/bitstrm.cpp.o
#13 89.67 [ 90%] Building CXX object modules/imgcodecs/CMakeFiles/opencv_imgcodecs.dir/src/rgbe.cpp.o
#13 89.71 [ 90%] Building CXX object modules/imgcodecs/CMakeFiles/opencv_imgcodecs.dir/src/exif.cpp.o
#13 89.72 [ 90%] Building CXX object modules/video/CMakeFiles/opencv_video.dir/src/bgfg_gaussmix2.cpp.o
#13 89.82 [ 91%] Building CXX object modules/video/CMakeFiles/opencv_video.dir/src/camshift.cpp.o
#13 90.02 [ 91%] Building CXX object modules/video/CMakeFiles/opencv_video.dir/src/dis_flow.cpp.o
#13 90.07 [ 91%] Building CXX object modules/video/CMakeFiles/opencv_video.dir/src/ecc.cpp.o
#13 90.13 [ 91%] Building CXX object modules/video/CMakeFiles/opencv_video.dir/src/kalman.cpp.o
#13 90.13 [ 91%] Building CXX object modules/video/CMakeFiles/opencv_video.dir/src/lkpyramid.cpp.o
#13 90.17 [ 92%] Building CXX object modules/video/CMakeFiles/opencv_video.dir/src/optflowgf.cpp.o
#13 90.87 [ 92%] Building CXX object modules/video/CMakeFiles/opencv_video.dir/src/optical_flow_io.cpp.o
#13 91.69 [ 92%] Building CXX object modules/video/CMakeFiles/opencv_video.dir/src/tracking/detail/tracker_feature.cpp.o
#13 92.04 [ 92%] Building CXX object modules/video/CMakeFiles/opencv_video.dir/src/tracking/detail/tracker_feature_set.cpp.o
#13 92.09 [ 93%] Building CXX object modules/video/CMakeFiles/opencv_video.dir/src/tracking/detail/tracker_mil_model.cpp.o
#13 92.10 [ 93%] Building CXX object modules/video/CMakeFiles/opencv_video.dir/src/tracking/detail/tracker_mil_state.cpp.o
#13 92.11 [ 93%] Building CXX object modules/video/CMakeFiles/opencv_video.dir/src/tracking/detail/tracker_model.cpp.o
#13 92.37 [ 93%] Building CXX object modules/video/CMakeFiles/opencv_video.dir/src/tracking/detail/tracker_sampler.cpp.o
#13 92.41 [ 94%] Building CXX object modules/video/CMakeFiles/opencv_video.dir/src/tracking/detail/tracker_sampler_algorithm.cpp.o
#13 92.43 [ 94%] Building CXX object modules/video/CMakeFiles/opencv_video.dir/src/tracking/detail/tracker_state_estimator.cpp.o
#13 92.61 [ 94%] Building CXX object modules/video/CMakeFiles/opencv_video.dir/src/tracking/detail/tracking_feature.cpp.o
#13 92.77 [ 94%] Building CXX object modules/video/CMakeFiles/opencv_video.dir/src/tracking/detail/tracking_online_mil.cpp.o
#13 93.00 [ 94%] Linking CXX static library ../../lib/libopencv_imgcodecs.a
#13 93.08 make[2]: Leaving directory '/root/build'
#13 93.09 [ 94%] Built target opencv_imgcodecs
#13 93.09 make[2]: Entering directory '/root/build'
#13 93.10 make[2]: Leaving directory '/root/build'
#13 93.10 make[2]: Entering directory '/root/build'
#13 93.11 [ 94%] Building CXX object modules/videoio/CMakeFiles/opencv_videoio.dir/src/videoio_registry.cpp.o
#13 93.39 [ 95%] Building CXX object modules/video/CMakeFiles/opencv_video.dir/src/tracking/tracker.cpp.o
#13 93.49 [ 95%] Building CXX object modules/video/CMakeFiles/opencv_video.dir/src/tracking/tracker_dasiamrpn.cpp.o
#13 93.67 [ 95%] Building CXX object modules/video/CMakeFiles/opencv_video.dir/src/tracking/tracker_goturn.cpp.o
#13 93.68 [ 95%] Building CXX object modules/video/CMakeFiles/opencv_video.dir/src/tracking/tracker_mil.cpp.o
#13 94.18 [ 95%] Building CXX object modules/video/CMakeFiles/opencv_video.dir/src/tracking/tracker_nano.cpp.o
#13 94.20 [ 96%] Building CXX object modules/video/CMakeFiles/opencv_video.dir/src/variational_refinement.cpp.o
#13 94.70 [ 96%] Building CXX object modules/video/CMakeFiles/opencv_video.dir/opencl_kernels_video.cpp.o
#13 94.89 [ 97%] Building CXX object modules/videoio/CMakeFiles/opencv_videoio.dir/src/videoio_c.cpp.o
#13 94.92 [ 97%] Building CXX object modules/videoio/CMakeFiles/opencv_videoio.dir/src/cap.cpp.o
#13 94.95 [ 97%] Building CXX object modules/videoio/CMakeFiles/opencv_videoio.dir/src/cap_images.cpp.o
#13 95.01 [ 97%] Building CXX object modules/videoio/CMakeFiles/opencv_videoio.dir/src/cap_mjpeg_encoder.cpp.o
#13 95.04 [ 98%] Building CXX object modules/videoio/CMakeFiles/opencv_videoio.dir/src/cap_mjpeg_decoder.cpp.o
#13 95.11 [ 98%] Building CXX object modules/videoio/CMakeFiles/opencv_videoio.dir/src/backend_plugin.cpp.o
#13 95.49 [ 98%] Building CXX object modules/videoio/CMakeFiles/opencv_videoio.dir/src/backend_static.cpp.o
#13 95.82 [ 98%] Building CXX object modules/videoio/CMakeFiles/opencv_videoio.dir/src/container_avi.cpp.o
#13 95.82 [100%] Building CXX object modules/videoio/CMakeFiles/opencv_videoio.dir/src/cap_ffmpeg.cpp.o
#13 97.86 [100%] Linking CXX static library ../../lib/libopencv_video.a
#13 97.92 make[2]: Leaving directory '/root/build'
#13 97.93 [100%] Built target opencv_video
#13 99.40 [100%] Linking CXX static library ../../lib/libopencv_videoio.a
#13 99.45 make[2]: Leaving directory '/root/build'
#13 99.45 [100%] Built target opencv_videoio
#13 99.45 make[1]: Leaving directory '/root/build'
#13 99.47 Install the project...
#13 99.47 -- Install configuration: "Release"
#13 99.49 -- Installing: /opt/opencv/share/licenses/opencv4/ippicv-readme.htm
#13 99.49 -- Installing: /opt/opencv/share/licenses/opencv4/ippicv-EULA.txt
#13 99.49 -- Installing: /opt/opencv/share/licenses/opencv4/ippicv-third-party-programs.txt
#13 99.50 -- Installing: /opt/opencv/lib/opencv4/3rdparty/libippicv.a
#13 99.62 -- Installing: /opt/opencv/share/licenses/opencv4/ippiw-support.txt
#13 99.62 -- Installing: /opt/opencv/share/licenses/opencv4/ippiw-third-party-programs.txt
#13 99.62 -- Installing: /opt/opencv/share/licenses/opencv4/ippiw-EULA.txt
#13 99.62 -- Installing: /opt/opencv/share/licenses/opencv4/ade-LICENSE
#13 99.62 -- Installing: /opt/opencv/include/opencv4/opencv2/cvconfig.h
#13 99.62 -- Installing: /opt/opencv/include/opencv4/opencv2/opencv_modules.hpp
#13 99.62 -- Installing: /opt/opencv/lib/cmake/opencv4/OpenCVModules.cmake
#13 99.62 -- Installing: /opt/opencv/lib/cmake/opencv4/OpenCVModules-release.cmake
#13 99.62 -- Installing: /opt/opencv/lib/cmake/opencv4/OpenCVConfig-version.cmake
#13 99.62 -- Installing: /opt/opencv/lib/cmake/opencv4/OpenCVConfig.cmake
#13 99.63 -- Installing: /opt/opencv/bin/setup_vars_opencv4.sh
#13 99.63 -- Installing: /opt/opencv/share/opencv4/valgrind.supp
#13 99.64 -- Installing: /opt/opencv/share/opencv4/valgrind_3rdparty.supp
#13 99.65 -- Installing: /opt/opencv/lib/opencv4/3rdparty/libzlib.a
#13 99.65 -- Installing: /opt/opencv/share/licenses/opencv4/zlib-LICENSE
#13 99.66 -- Installing: /opt/opencv/lib/opencv4/3rdparty/liblibjpeg-turbo.a
#13 99.66 -- Installing: /opt/opencv/share/licenses/opencv4/libjpeg-turbo-README.md
#13 99.68 -- Installing: /opt/opencv/share/licenses/opencv4/libjpeg-turbo-LICENSE.md
#13 99.70 -- Installing: /opt/opencv/share/licenses/opencv4/libjpeg-turbo-README.ijg
#13 99.70 -- Installing: /opt/opencv/share/licenses/opencv4/libopenjp2-README.md
#13 99.71 -- Installing: /opt/opencv/share/licenses/opencv4/libopenjp2-LICENSE
#13 99.72 -- Installing: /opt/opencv/lib/opencv4/3rdparty/liblibopenjp2.a
#13 99.72 -- Installing: /opt/opencv/lib/opencv4/3rdparty/liblibpng.a
#13 99.72 -- Installing: /opt/opencv/share/licenses/opencv4/libpng-LICENSE
#13 99.72 -- Installing: /opt/opencv/share/licenses/opencv4/libpng-README
#13 99.73 -- Installing: /opt/opencv/lib/opencv4/3rdparty/libippiw.a
#13 99.73 -- Installing: /opt/opencv/share/licenses/opencv4/quirc-LICENSE
#13 99.73 -- Installing: /opt/opencv/include/opencv4/opencv2/opencv.hpp
#13 99.74 -- Installing: /opt/opencv/lib/libopencv_core.a
#13 99.75 -- Installing: /opt/opencv/include/opencv4/opencv2/core.hpp
#13 99.75 -- Installing: /opt/opencv/include/opencv4/opencv2/core/affine.hpp
#13 99.76 -- Installing: /opt/opencv/include/opencv4/opencv2/core/async.hpp
#13 99.76 -- Installing: /opt/opencv/include/opencv4/opencv2/core/base.hpp
#13 99.76 -- Installing: /opt/opencv/include/opencv4/opencv2/core/bindings_utils.hpp
#13 99.76 -- Installing: /opt/opencv/include/opencv4/opencv2/core/bufferpool.hpp
#13 99.76 -- Installing: /opt/opencv/include/opencv4/opencv2/core/check.hpp
#13 99.76 -- Installing: /opt/opencv/include/opencv4/opencv2/core/core.hpp
#13 99.76 -- Installing: /opt/opencv/include/opencv4/opencv2/core/core_c.h
#13 99.76 -- Installing: /opt/opencv/include/opencv4/opencv2/core/cuda.hpp
#13 99.77 -- Installing: /opt/opencv/include/opencv4/opencv2/core/cuda.inl.hpp
#13 99.77 -- Installing: /opt/opencv/include/opencv4/opencv2/core/cuda/block.hpp
#13 99.77 -- Installing: /opt/opencv/include/opencv4/opencv2/core/cuda/border_interpolate.hpp
#13 99.78 -- Installing: /opt/opencv/include/opencv4/opencv2/core/cuda/color.hpp
#13 99.78 -- Installing: /opt/opencv/include/opencv4/opencv2/core/cuda/common.hpp
#13 99.79 -- Installing: /opt/opencv/include/opencv4/opencv2/core/cuda/datamov_utils.hpp
#13 99.80 -- Installing: /opt/opencv/include/opencv4/opencv2/core/cuda/detail/color_detail.hpp
#13 99.82 -- Installing: /opt/opencv/include/opencv4/opencv2/core/cuda/detail/reduce.hpp
#13 99.82 -- Installing: /opt/opencv/include/opencv4/opencv2/core/cuda/detail/reduce_key_val.hpp
#13 99.84 -- Installing: /opt/opencv/include/opencv4/opencv2/core/cuda/detail/transform_detail.hpp
#13 99.86 -- Installing: /opt/opencv/include/opencv4/opencv2/core/cuda/detail/type_traits_detail.hpp
#13 99.86 -- Installing: /opt/opencv/include/opencv4/opencv2/core/cuda/detail/vec_distance_detail.hpp
#13 99.86 -- Installing: /opt/opencv/include/opencv4/opencv2/core/cuda/dynamic_smem.hpp
#13 99.86 -- Installing: /opt/opencv/include/opencv4/opencv2/core/cuda/emulation.hpp
#13 99.87 -- Installing: /opt/opencv/include/opencv4/opencv2/core/cuda/filters.hpp
#13 99.87 -- Installing: /opt/opencv/include/opencv4/opencv2/core/cuda/funcattrib.hpp
#13 99.88 -- Installing: /opt/opencv/include/opencv4/opencv2/core/cuda/functional.hpp
#13 99.89 -- Installing: /opt/opencv/include/opencv4/opencv2/core/cuda/limits.hpp
#13 99.90 -- Installing: /opt/opencv/include/opencv4/opencv2/core/cuda/reduce.hpp
#13 99.91 -- Installing: /opt/opencv/include/opencv4/opencv2/core/cuda/saturate_cast.hpp
#13 99.91 -- Installing: /opt/opencv/include/opencv4/opencv2/core/cuda/scan.hpp
#13 99.91 -- Installing: /opt/opencv/include/opencv4/opencv2/core/cuda/simd_functions.hpp
#13 99.92 -- Installing: /opt/opencv/include/opencv4/opencv2/core/cuda/transform.hpp
#13 99.92 -- Installing: /opt/opencv/include/opencv4/opencv2/core/cuda/type_traits.hpp
#13 99.93 -- Installing: /opt/opencv/include/opencv4/opencv2/core/cuda/utility.hpp
#13 99.93 -- Installing: /opt/opencv/include/opencv4/opencv2/core/cuda/vec_distance.hpp
#13 99.93 -- Installing: /opt/opencv/include/opencv4/opencv2/core/cuda/vec_math.hpp
#13 99.94 -- Installing: /opt/opencv/include/opencv4/opencv2/core/cuda/vec_traits.hpp
#13 99.94 -- Installing: /opt/opencv/include/opencv4/opencv2/core/cuda/warp.hpp
#13 99.94 -- Installing: /opt/opencv/include/opencv4/opencv2/core/cuda/warp_reduce.hpp
#13 99.94 -- Installing: /opt/opencv/include/opencv4/opencv2/core/cuda/warp_shuffle.hpp
#13 99.94 -- Installing: /opt/opencv/include/opencv4/opencv2/core/cuda_stream_accessor.hpp
#13 99.94 -- Installing: /opt/opencv/include/opencv4/opencv2/core/cuda_types.hpp
#13 99.94 -- Installing: /opt/opencv/include/opencv4/opencv2/core/cv_cpu_dispatch.h
#13 99.94 -- Installing: /opt/opencv/include/opencv4/opencv2/core/cv_cpu_helper.h
#13 99.94 -- Installing: /opt/opencv/include/opencv4/opencv2/core/cvdef.h
#13 99.94 -- Installing: /opt/opencv/include/opencv4/opencv2/core/cvstd.hpp
#13 99.94 -- Installing: /opt/opencv/include/opencv4/opencv2/core/cvstd.inl.hpp
#13 99.94 -- Installing: /opt/opencv/include/opencv4/opencv2/core/cvstd_wrapper.hpp
#13 99.94 -- Installing: /opt/opencv/include/opencv4/opencv2/core/detail/async_promise.hpp
#13 99.94 -- Installing: /opt/opencv/include/opencv4/opencv2/core/detail/dispatch_helper.impl.hpp
#13 99.94 -- Installing: /opt/opencv/include/opencv4/opencv2/core/detail/exception_ptr.hpp
#13 99.94 -- Installing: /opt/opencv/include/opencv4/opencv2/core/directx.hpp
#13 99.94 -- Installing: /opt/opencv/include/opencv4/opencv2/core/dualquaternion.hpp
#13 99.95 -- Installing: /opt/opencv/include/opencv4/opencv2/core/dualquaternion.inl.hpp
#13 99.96 -- Installing: /opt/opencv/include/opencv4/opencv2/core/eigen.hpp
#13 99.96 -- Installing: /opt/opencv/include/opencv4/opencv2/core/fast_math.hpp
#13 99.96 -- Installing: /opt/opencv/include/opencv4/opencv2/core/hal/hal.hpp
#13 99.96 -- Installing: /opt/opencv/include/opencv4/opencv2/core/hal/interface.h
#13 99.96 -- Installing: /opt/opencv/include/opencv4/opencv2/core/hal/intrin.hpp
#13 99.96 -- Installing: /opt/opencv/include/opencv4/opencv2/core/hal/intrin_avx.hpp
#13 99.96 -- Installing: /opt/opencv/include/opencv4/opencv2/core/hal/intrin_avx512.hpp
#13 99.96 -- Installing: /opt/opencv/include/opencv4/opencv2/core/hal/intrin_cpp.hpp
#13 99.98 -- Installing: /opt/opencv/include/opencv4/opencv2/core/hal/intrin_forward.hpp
#13 99.98 -- Installing: /opt/opencv/include/opencv4/opencv2/core/hal/intrin_lasx.hpp
#13 99.99 -- Installing: /opt/opencv/include/opencv4/opencv2/core/hal/intrin_msa.hpp
#13 99.99 -- Installing: /opt/opencv/include/opencv4/opencv2/core/hal/intrin_neon.hpp
#13 100.0 -- Installing: /opt/opencv/include/opencv4/opencv2/core/hal/intrin_rvv.hpp
#13 100.0 -- Installing: /opt/opencv/include/opencv4/opencv2/core/hal/intrin_rvv071.hpp
#13 100.0 -- Installing: /opt/opencv/include/opencv4/opencv2/core/hal/intrin_rvv_010_compat_non-policy.hpp
#13 100.1 -- Installing: /opt/opencv/include/opencv4/opencv2/core/hal/intrin_rvv_010_compat_overloaded-non-policy.hpp
#13 100.1 -- Installing: /opt/opencv/include/opencv4/opencv2/core/hal/intrin_rvv_compat_overloaded.hpp
#13 100.1 -- Installing: /opt/opencv/include/opencv4/opencv2/core/hal/intrin_rvv_scalable.hpp
#13 100.1 -- Installing: /opt/opencv/include/opencv4/opencv2/core/hal/intrin_sse.hpp
#13 100.1 -- Installing: /opt/opencv/include/opencv4/opencv2/core/hal/intrin_sse_em.hpp
#13 100.1 -- Installing: /opt/opencv/include/opencv4/opencv2/core/hal/intrin_vsx.hpp
#13 100.1 -- Installing: /opt/opencv/include/opencv4/opencv2/core/hal/intrin_wasm.hpp
#13 100.1 -- Installing: /opt/opencv/include/opencv4/opencv2/core/hal/msa_macros.h
#13 100.1 -- Installing: /opt/opencv/include/opencv4/opencv2/core/hal/simd_utils.impl.hpp
#13 100.1 -- Installing: /opt/opencv/include/opencv4/opencv2/core/mat.hpp
#13 100.1 -- Installing: /opt/opencv/include/opencv4/opencv2/core/mat.inl.hpp
#13 100.1 -- Installing: /opt/opencv/include/opencv4/opencv2/core/matx.hpp
#13 100.1 -- Installing: /opt/opencv/include/opencv4/opencv2/core/neon_utils.hpp
#13 100.1 -- Installing: /opt/opencv/include/opencv4/opencv2/core/ocl.hpp
#13 100.1 -- Installing: /opt/opencv/include/opencv4/opencv2/core/ocl_genbase.hpp
#13 100.1 -- Installing: /opt/opencv/include/opencv4/opencv2/core/opencl/ocl_defs.hpp
#13 100.1 -- Installing: /opt/opencv/include/opencv4/opencv2/core/opencl/opencl_info.hpp
#13 100.1 -- Installing: /opt/opencv/include/opencv4/opencv2/core/opencl/opencl_svm.hpp
#13 100.1 -- Installing: /opt/opencv/include/opencv4/opencv2/core/opencl/runtime/autogenerated/opencl_clblas.hpp
#13 100.1 -- Installing: /opt/opencv/include/opencv4/opencv2/core/opencl/runtime/autogenerated/opencl_clfft.hpp
#13 100.1 -- Installing: /opt/opencv/include/opencv4/opencv2/core/opencl/runtime/autogenerated/opencl_core.hpp
#13 100.1 -- Installing: /opt/opencv/include/opencv4/opencv2/core/opencl/runtime/autogenerated/opencl_core_wrappers.hpp
#13 100.1 -- Installing: /opt/opencv/include/opencv4/opencv2/core/opencl/runtime/autogenerated/opencl_gl.hpp
#13 100.1 -- Installing: /opt/opencv/include/opencv4/opencv2/core/opencl/runtime/autogenerated/opencl_gl_wrappers.hpp
#13 100.1 -- Installing: /opt/opencv/include/opencv4/opencv2/core/opencl/runtime/opencl_clblas.hpp
#13 100.1 -- Installing: /opt/opencv/include/opencv4/opencv2/core/opencl/runtime/opencl_clfft.hpp
#13 100.1 -- Installing: /opt/opencv/include/opencv4/opencv2/core/opencl/runtime/opencl_core.hpp
#13 100.1 -- Installing: /opt/opencv/include/opencv4/opencv2/core/opencl/runtime/opencl_core_wrappers.hpp
#13 100.1 -- Installing: /opt/opencv/include/opencv4/opencv2/core/opencl/runtime/opencl_gl.hpp
#13 100.2 -- Installing: /opt/opencv/include/opencv4/opencv2/core/opencl/runtime/opencl_gl_wrappers.hpp
#13 100.2 -- Installing: /opt/opencv/include/opencv4/opencv2/core/opencl/runtime/opencl_svm_20.hpp
#13 100.2 -- Installing: /opt/opencv/include/opencv4/opencv2/core/opencl/runtime/opencl_svm_definitions.hpp
#13 100.2 -- Installing: /opt/opencv/include/opencv4/opencv2/core/opencl/runtime/opencl_svm_hsa_extension.hpp
#13 100.2 -- Installing: /opt/opencv/include/opencv4/opencv2/core/opengl.hpp
#13 100.2 -- Installing: /opt/opencv/include/opencv4/opencv2/core/operations.hpp
#13 100.2 -- Installing: /opt/opencv/include/opencv4/opencv2/core/optim.hpp
#13 100.2 -- Installing: /opt/opencv/include/opencv4/opencv2/core/ovx.hpp
#13 100.2 -- Installing: /opt/opencv/include/opencv4/opencv2/core/parallel/backend/parallel_for.openmp.hpp
#13 100.2 -- Installing: /opt/opencv/include/opencv4/opencv2/core/parallel/backend/parallel_for.tbb.hpp
#13 100.2 -- Installing: /opt/opencv/include/opencv4/opencv2/core/parallel/parallel_backend.hpp
#13 100.2 -- Installing: /opt/opencv/include/opencv4/opencv2/core/persistence.hpp
#13 100.2 -- Installing: /opt/opencv/include/opencv4/opencv2/core/quaternion.hpp
#13 100.2 -- Installing: /opt/opencv/include/opencv4/opencv2/core/quaternion.inl.hpp
#13 100.2 -- Installing: /opt/opencv/include/opencv4/opencv2/core/saturate.hpp
#13 100.2 -- Installing: /opt/opencv/include/opencv4/opencv2/core/simd_intrinsics.hpp
#13 100.2 -- Installing: /opt/opencv/include/opencv4/opencv2/core/softfloat.hpp
#13 100.2 -- Installing: /opt/opencv/include/opencv4/opencv2/core/sse_utils.hpp
#13 100.2 -- Installing: /opt/opencv/include/opencv4/opencv2/core/traits.hpp
#13 100.2 -- Installing: /opt/opencv/include/opencv4/opencv2/core/types.hpp
#13 100.2 -- Installing: /opt/opencv/include/opencv4/opencv2/core/types_c.h
#13 100.2 -- Installing: /opt/opencv/include/opencv4/opencv2/core/utility.hpp
#13 100.2 -- Installing: /opt/opencv/include/opencv4/opencv2/core/utils/allocator_stats.hpp
#13 100.2 -- Installing: /opt/opencv/include/opencv4/opencv2/core/utils/allocator_stats.impl.hpp
#13 100.2 -- Installing: /opt/opencv/include/opencv4/opencv2/core/utils/filesystem.hpp
#13 100.2 -- Installing: /opt/opencv/include/opencv4/opencv2/core/utils/fp_control_utils.hpp
#13 100.2 -- Installing: /opt/opencv/include/opencv4/opencv2/core/utils/instrumentation.hpp
#13 100.2 -- Installing: /opt/opencv/include/opencv4/opencv2/core/utils/logger.defines.hpp
#13 100.2 -- Installing: /opt/opencv/include/opencv4/opencv2/core/utils/logger.hpp
#13 100.2 -- Installing: /opt/opencv/include/opencv4/opencv2/core/utils/logtag.hpp
#13 100.2 -- Installing: /opt/opencv/include/opencv4/opencv2/core/utils/tls.hpp
#13 100.2 -- Installing: /opt/opencv/include/opencv4/opencv2/core/utils/trace.hpp
#13 100.2 -- Installing: /opt/opencv/include/opencv4/opencv2/core/va_intel.hpp
#13 100.2 -- Installing: /opt/opencv/include/opencv4/opencv2/core/version.hpp
#13 100.2 -- Installing: /opt/opencv/include/opencv4/opencv2/core/vsx_utils.hpp
#13 100.2 -- Installing: /opt/opencv/share/licenses/opencv4/SoftFloat-COPYING.txt
#13 100.2 -- Installing: /opt/opencv/lib/libopencv_imgproc.a
#13 100.2 -- Installing: /opt/opencv/include/opencv4/opencv2/imgproc.hpp
#13 100.2 -- Installing: /opt/opencv/include/opencv4/opencv2/imgproc/bindings.hpp
#13 100.2 -- Installing: /opt/opencv/include/opencv4/opencv2/imgproc/detail/gcgraph.hpp
#13 100.2 -- Installing: /opt/opencv/include/opencv4/opencv2/imgproc/hal/hal.hpp
#13 100.2 -- Installing: /opt/opencv/include/opencv4/opencv2/imgproc/hal/interface.h
#13 100.2 -- Installing: /opt/opencv/include/opencv4/opencv2/imgproc/imgproc.hpp
#13 100.2 -- Installing: /opt/opencv/include/opencv4/opencv2/imgproc/imgproc_c.h
#13 100.2 -- Installing: /opt/opencv/include/opencv4/opencv2/imgproc/segmentation.hpp
#13 100.2 -- Installing: /opt/opencv/include/opencv4/opencv2/imgproc/types_c.h
#13 100.2 -- Installing: /opt/opencv/lib/libopencv_video.a
#13 100.2 -- Installing: /opt/opencv/include/opencv4/opencv2/video.hpp
#13 100.2 -- Installing: /opt/opencv/include/opencv4/opencv2/video/background_segm.hpp
#13 100.2 -- Installing: /opt/opencv/include/opencv4/opencv2/video/detail/tracking.detail.hpp
#13 100.3 -- Installing: /opt/opencv/include/opencv4/opencv2/video/legacy/constants_c.h
#13 100.3 -- Installing: /opt/opencv/include/opencv4/opencv2/video/tracking.hpp
#13 100.3 -- Installing: /opt/opencv/include/opencv4/opencv2/video/video.hpp
#13 100.3 -- Installing: /opt/opencv/lib/libopencv_imgcodecs.a
#13 100.3 -- Installing: /opt/opencv/include/opencv4/opencv2/imgcodecs.hpp
#13 100.3 -- Installing: /opt/opencv/include/opencv4/opencv2/imgcodecs/imgcodecs.hpp
#13 100.3 -- Installing: /opt/opencv/include/opencv4/opencv2/imgcodecs/imgcodecs_c.h
#13 100.3 -- Installing: /opt/opencv/include/opencv4/opencv2/imgcodecs/ios.h
#13 100.3 -- Installing: /opt/opencv/include/opencv4/opencv2/imgcodecs/legacy/constants_c.h
#13 100.3 -- Installing: /opt/opencv/include/opencv4/opencv2/imgcodecs/macosx.h
#13 100.3 -- Installing: /opt/opencv/lib/libopencv_videoio.a
#13 100.3 -- Installing: /opt/opencv/include/opencv4/opencv2/videoio.hpp
#13 100.3 -- Installing: /opt/opencv/include/opencv4/opencv2/videoio/cap_ios.h
#13 100.3 -- Installing: /opt/opencv/include/opencv4/opencv2/videoio/legacy/constants_c.h
#13 100.3 -- Installing: /opt/opencv/include/opencv4/opencv2/videoio/registry.hpp
#13 100.3 -- Installing: /opt/opencv/include/opencv4/opencv2/videoio/videoio.hpp
#13 100.3 -- Installing: /opt/opencv/include/opencv4/opencv2/videoio/videoio_c.h
#13 100.3 -- Installing: /opt/opencv/share/opencv4/haarcascades/haarcascade_eye.xml
#13 100.3 -- Installing: /opt/opencv/share/opencv4/haarcascades/haarcascade_eye_tree_eyeglasses.xml
#13 100.3 -- Installing: /opt/opencv/share/opencv4/haarcascades/haarcascade_frontalcatface.xml
#13 100.4 -- Installing: /opt/opencv/share/opencv4/haarcascades/haarcascade_frontalcatface_extended.xml
#13 100.4 -- Installing: /opt/opencv/share/opencv4/haarcascades/haarcascade_frontalface_alt.xml
#13 100.4 -- Installing: /opt/opencv/share/opencv4/haarcascades/haarcascade_frontalface_alt2.xml
#13 100.4 -- Installing: /opt/opencv/share/opencv4/haarcascades/haarcascade_frontalface_alt_tree.xml
#13 100.5 -- Installing: /opt/opencv/share/opencv4/haarcascades/haarcascade_frontalface_default.xml
#13 100.5 -- Installing: /opt/opencv/share/opencv4/haarcascades/haarcascade_fullbody.xml
#13 100.5 -- Installing: /opt/opencv/share/opencv4/haarcascades/haarcascade_lefteye_2splits.xml
#13 100.5 -- Installing: /opt/opencv/share/opencv4/haarcascades/haarcascade_license_plate_rus_16stages.xml
#13 100.5 -- Installing: /opt/opencv/share/opencv4/haarcascades/haarcascade_lowerbody.xml
#13 100.6 -- Installing: /opt/opencv/share/opencv4/haarcascades/haarcascade_profileface.xml
#13 100.6 -- Installing: /opt/opencv/share/opencv4/haarcascades/haarcascade_righteye_2splits.xml
#13 100.6 -- Installing: /opt/opencv/share/opencv4/haarcascades/haarcascade_russian_plate_number.xml
#13 100.6 -- Installing: /opt/opencv/share/opencv4/haarcascades/haarcascade_smile.xml
#13 100.6 -- Installing: /opt/opencv/share/opencv4/haarcascades/haarcascade_upperbody.xml
#13 100.6 -- Installing: /opt/opencv/share/opencv4/lbpcascades/lbpcascade_frontalcatface.xml
#13 100.7 -- Installing: /opt/opencv/share/opencv4/lbpcascades/lbpcascade_frontalface.xml
#13 100.7 -- Installing: /opt/opencv/share/opencv4/lbpcascades/lbpcascade_frontalface_improved.xml
#13 100.7 -- Installing: /opt/opencv/share/opencv4/lbpcascades/lbpcascade_profileface.xml
#13 100.7 -- Installing: /opt/opencv/share/opencv4/lbpcascades/lbpcascade_silverware.xml
#13 100.7 make: Leaving directory '/root/build'
#13 DONE 101.5s

#14 [test  3/11] RUN set -xeu &&     DEBIAN_FRONTEND=noninteractive apt-get install -y curl clang libclang-dev     cmake     libavcodec-dev libavformat-dev libavutil-dev libswscale-dev
#14 CACHED

#15 [frontend 2/3] RUN set -xeu && 	git clone https://github.com/piotrpdev/oko.git /root/oko
#15 CACHED

#16 [test  4/11] RUN set -xeu &&     curl --proto '=https' --tlsv1.2 -sSf https://sh.rustup.rs | sh -s -- -y --profile=minimal
#16 CACHED

#17 [frontend 3/3] RUN set -xeu && 	npm --prefix=/root/oko/frontend ci && 	npm --prefix=/root/oko/frontend run build && 	mkdir -p /root/oko/backend/static && 	cp -r /root/oko/frontend/dist/* /root/oko/backend/static/
#17 CACHED

#18 [test  5/11] COPY --from=backend /opt/opencv /opt/opencv
#18 DONE 1.0s

#19 [test  6/11] COPY --from=frontend /root/oko /root/oko
#19 DONE 27.5s

#20 [test  7/11] RUN set -xeu && 	ls /opt/opencv/lib && 	ls /opt/opencv/lib/opencv4/3rdparty && 	ls /usr/lib/x86_64-linux-gnu && 	ls /opt/opencv/include && 	ls /opt/opencv/include/opencv4 && 	ls /usr/include/x86_64-linux-gnu
#20 0.333 + ls /opt/opencv/lib
#20 0.336 cmake
#20 0.336 libopencv_core.a
#20 0.336 libopencv_imgcodecs.a
#20 0.336 libopencv_imgproc.a
#20 0.336 libopencv_video.a
#20 0.336 libopencv_videoio.a
#20 0.336 opencv4
#20 0.336 + ls /opt/opencv/lib/opencv4/3rdparty
#20 0.337 libippicv.a
#20 0.337 libippiw.a
#20 0.337 liblibjpeg-turbo.a
#20 0.337 liblibopenjp2.a
#20 0.337 liblibpng.a
#20 0.337 libzlib.a
#20 0.337 + ls /usr/lib/x86_64-linux-gnu
#20 0.340 Mcrt1.o
#20 0.340 Scrt1.o
#20 0.340 audit
#20 0.340 bfd-plugins
#20 0.340 crt1.o
#20 0.340 crti.o
#20 0.340 crtn.o
#20 0.340 dri
#20 0.340 e2fsprogs
#20 0.340 engines-3
#20 0.340 gconv
#20 0.340 gcrt1.o
#20 0.340 gdk-pixbuf-2.0
#20 0.340 gio
#20 0.340 glib-2.0
#20 0.340 grcrt1.o
#20 0.340 icu
#20 0.340 krb5
#20 0.340 ld-linux-x86-64.so.2
#20 0.340 ldscripts
#20 0.340 libBrokenLocale.a
#20 0.340 libBrokenLocale.so
#20 0.340 libBrokenLocale.so.1
#20 0.340 libLLVM-14.0.0.so.1
#20 0.340 libLLVM-14.so
#20 0.340 libLLVM-14.so.1
#20 0.340 libLLVM-15.so
#20 0.340 libLLVM-15.so.1
#20 0.340 libOpenCL.so.1
#20 0.340 libOpenCL.so.1.0.0
#20 0.340 libX11-xcb.so.1
#20 0.340 libX11-xcb.so.1.0.0
#20 0.340 libX11.so.6
#20 0.340 libX11.so.6.4.0
#20 0.340 libXau.so.6
#20 0.340 libXau.so.6.0.0
#20 0.340 libXdmcp.so.6
#20 0.340 libXdmcp.so.6.0.0
#20 0.340 libXext.so.6
#20 0.340 libXext.so.6.4.0
#20 0.340 libXfixes.so.3
#20 0.340 libXfixes.so.3.1.0
#20 0.340 libXpm.so.4
#20 0.340 libXpm.so.4.11.0
#20 0.340 libXrender.so.1
#20 0.340 libXrender.so.1.3.0
#20 0.340 libaacs.so.0
#20 0.340 libaacs.so.0.7.2
#20 0.340 libacl.so.1
#20 0.340 libacl.so.1.1.2301
#20 0.340 libanl.a
#20 0.340 libanl.so
#20 0.340 libanl.so.1
#20 0.340 libaom.so.3
#20 0.340 libaom.so.3.3.0
#20 0.340 libapt-pkg.so.6.0
#20 0.340 libapt-pkg.so.6.0.0
#20 0.340 libapt-private.so.0.0
#20 0.340 libapt-private.so.0.0.0
#20 0.340 libarchive.so.13
#20 0.340 libarchive.so.13.6.0
#20 0.340 libasan.so.6
#20 0.340 libasan.so.6.0.0
#20 0.340 libatomic.so.1
#20 0.340 libatomic.so.1.2.0
#20 0.340 libattr.so.1
#20 0.340 libattr.so.1.1.2501
#20 0.340 libaudit.so.1
#20 0.340 libaudit.so.1.0.0
#20 0.340 libavcodec.a
#20 0.340 libavcodec.so
#20 0.340 libavcodec.so.58
#20 0.340 libavcodec.so.58.134.100
#20 0.340 libavformat.a
#20 0.340 libavformat.so
#20 0.340 libavformat.so.58
#20 0.340 libavformat.so.58.76.100
#20 0.340 libavutil.a
#20 0.340 libavutil.so
#20 0.340 libavutil.so.56
#20 0.340 libavutil.so.56.70.100
#20 0.340 libbdplus.so.0
#20 0.340 libbdplus.so.0.2.0
#20 0.340 libbfd-2.38-system.so
#20 0.340 libblkid.so.1
#20 0.340 libblkid.so.1.1.0
#20 0.340 libbluray.so.2
#20 0.340 libbluray.so.2.4.1
#20 0.340 libbrotlicommon.so.1
#20 0.340 libbrotlicommon.so.1.0.9
#20 0.340 libbrotlidec.so.1
#20 0.340 libbrotlidec.so.1.0.9
#20 0.340 libbrotlienc.so.1
#20 0.340 libbrotlienc.so.1.0.9
#20 0.340 libbsd.so.0
#20 0.340 libbsd.so.0.11.5
#20 0.340 libbz2.so.1
#20 0.340 libbz2.so.1.0
#20 0.340 libbz2.so.1.0.4
#20 0.340 libc.a
#20 0.340 libc.so
#20 0.340 libc.so.6
#20 0.340 libc_malloc_debug.so
#20 0.340 libc_malloc_debug.so.0
#20 0.340 libc_nonshared.a
#20 0.340 libcairo-gobject.so.2
#20 0.340 libcairo-gobject.so.2.11600.0
#20 0.340 libcairo.so.2
#20 0.340 libcairo.so.2.11600.0
#20 0.340 libcap-ng.so.0
#20 0.340 libcap-ng.so.0.0.0
#20 0.340 libcap.so.2
#20 0.340 libcap.so.2.44
#20 0.340 libcc1.so.0
#20 0.340 libcc1.so.0.0.0
#20 0.340 libchromaprint.so.1
#20 0.340 libchromaprint.so.1.5.1
#20 0.340 libclang-14.so
#20 0.340 libclang-14.so.1
#20 0.340 libclang-14.so.13
#20 0.340 libclang-14.so.14.0.0
#20 0.340 libclang-cpp.so.14
#20 0.340 libcodec2.so.1.0
#20 0.340 libcom_err.so.2
#20 0.340 libcom_err.so.2.1
#20 0.340 libcrypt.a
#20 0.340 libcrypt.so
#20 0.340 libcrypt.so.1
#20 0.340 libcrypt.so.1.1.0
#20 0.340 libcrypto.so.3
#20 0.340 libctf-nobfd.so.0
#20 0.340 libctf-nobfd.so.0.0.0
#20 0.340 libctf.so.0
#20 0.340 libctf.so.0.0.0
#20 0.340 libcurl.so.4
#20 0.340 libcurl.so.4.7.0
#20 0.340 libcurses.a
#20 0.340 libcurses.so
#20 0.340 libdatrie.so.1
#20 0.340 libdatrie.so.1.4.0
#20 0.340 libdav1d.so.5
#20 0.340 libdav1d.so.5.1.1
#20 0.340 libdb-5.3.so
#20 0.340 libdebconfclient.so.0
#20 0.340 libdebconfclient.so.0.0.0
#20 0.340 libdeflate.so.0
#20 0.340 libdl.a
#20 0.340 libdl.so.2
#20 0.340 libdrm.so.2
#20 0.340 libdrm.so.2.4.0
#20 0.340 libdrm_amdgpu.so.1
#20 0.340 libdrm_amdgpu.so.1.0.0
#20 0.340 libdrm_intel.so.1
#20 0.340 libdrm_intel.so.1.0.0
#20 0.340 libdrm_nouveau.so.2
#20 0.340 libdrm_nouveau.so.2.0.0
#20 0.340 libdrm_radeon.so.1
#20 0.340 libdrm_radeon.so.1.0.1
#20 0.340 libe2p.so.2
#20 0.340 libe2p.so.2.3
#20 0.340 libedit.so.2
#20 0.340 libedit.so.2.0.68
#20 0.340 libelf-0.186.so
#20 0.340 libelf.so.1
#20 0.340 libexpat.so.1
#20 0.340 libexpat.so.1.8.7
#20 0.340 libexpatw.so.1
#20 0.340 libexpatw.so.1.8.7
#20 0.340 libext2fs.so.2
#20 0.340 libext2fs.so.2.4
#20 0.340 libffi.a
#20 0.340 libffi.so
#20 0.340 libffi.so.8
#20 0.340 libffi.so.8.1.0
#20 0.340 libffi_pic.a
#20 0.340 libfontconfig.so.1
#20 0.340 libfontconfig.so.1.12.0
#20 0.340 libform.a
#20 0.340 libform.so
#20 0.340 libform.so.6
#20 0.340 libform.so.6.3
#20 0.340 libformw.a
#20 0.340 libformw.so
#20 0.340 libformw.so.6
#20 0.340 libformw.so.6.3
#20 0.340 libfreetype.so.6
#20 0.340 libfreetype.so.6.18.1
#20 0.340 libfribidi.so.0
#20 0.340 libfribidi.so.0.4.0
#20 0.340 libg.a
#20 0.340 libgc.so.1
#20 0.340 libgc.so.1.4.4
#20 0.340 libgcc_s.so.1
#20 0.340 libgccpp.so.1
#20 0.340 libgccpp.so.1.4.1
#20 0.340 libgcrypt.so.20
#20 0.340 libgcrypt.so.20.3.4
#20 0.340 libgd.so.3
#20 0.340 libgd.so.3.0.8
#20 0.340 libgdk_pixbuf-2.0.so.0
#20 0.340 libgdk_pixbuf-2.0.so.0.4200.8
#20 0.340 libgio-2.0.so.0
#20 0.340 libgio-2.0.so.0.7200.4
#20 0.340 libglib-2.0.so.0
#20 0.340 libglib-2.0.so.0.7200.4
#20 0.340 libgme.so.0
#20 0.340 libgme.so.0.6.3
#20 0.340 libgmodule-2.0.so.0
#20 0.340 libgmodule-2.0.so.0.7200.4
#20 0.340 libgmp.so.10
#20 0.340 libgmp.so.10.4.1
#20 0.340 libgnutls.so.30
#20 0.340 libgnutls.so.30.31.0
#20 0.340 libgobject-2.0.so.0
#20 0.340 libgobject-2.0.so.0.7200.4
#20 0.340 libgomp.so.1
#20 0.340 libgomp.so.1.0.0
#20 0.340 libgpg-error.so.0
#20 0.340 libgpg-error.so.0.32.1
#20 0.340 libgraphite2.so.2.0.0
#20 0.340 libgraphite2.so.3
#20 0.340 libgraphite2.so.3.2.1
#20 0.340 libgsm.so.1
#20 0.340 libgsm.so.1.0.19
#20 0.340 libgssapi_krb5.so.2
#20 0.340 libgssapi_krb5.so.2.2
#20 0.340 libgthread-2.0.so.0
#20 0.340 libgthread-2.0.so.0.7200.4
#20 0.340 libharfbuzz.so.0
#20 0.340 libharfbuzz.so.0.20704.0
#20 0.340 libhistory.so.8
#20 0.340 libhistory.so.8.1
#20 0.340 libhogweed.so.6
#20 0.340 libhogweed.so.6.4
#20 0.340 libicudata.a
#20 0.340 libicudata.so
#20 0.340 libicudata.so.70
#20 0.340 libicudata.so.70.1
#20 0.340 libicui18n.a
#20 0.340 libicui18n.so
#20 0.340 libicui18n.so.70
#20 0.340 libicui18n.so.70.1
#20 0.340 libicuio.a
#20 0.340 libicuio.so
#20 0.340 libicuio.so.70
#20 0.340 libicuio.so.70.1
#20 0.340 libicutest.a
#20 0.340 libicutest.so
#20 0.340 libicutest.so.70
#20 0.340 libicutest.so.70.1
#20 0.340 libicutu.a
#20 0.340 libicutu.so
#20 0.340 libicutu.so.70
#20 0.340 libicutu.so.70.1
#20 0.340 libicuuc.a
#20 0.340 libicuuc.so
#20 0.340 libicuuc.so.70
#20 0.340 libicuuc.so.70.1
#20 0.340 libidn2.so.0
#20 0.340 libidn2.so.0.3.7
#20 0.340 libigdgmm.so.12
#20 0.340 libigdgmm.so.12.1.0
#20 0.340 libisl.so.23
#20 0.340 libisl.so.23.1.0
#20 0.340 libitm.so.1
#20 0.340 libitm.so.1.0.0
#20 0.340 libjbig.so.0
#20 0.340 libjpeg.so.8
#20 0.340 libjpeg.so.8.2.2
#20 0.340 libjsoncpp.so.1.9.5
#20 0.340 libjsoncpp.so.25
#20 0.340 libk5crypto.so.3
#20 0.340 libk5crypto.so.3.1
#20 0.340 libkeyutils.so.1
#20 0.340 libkeyutils.so.1.9
#20 0.340 libkrb5.so.3
#20 0.340 libkrb5.so.3.3
#20 0.340 libkrb5support.so.0
#20 0.340 libkrb5support.so.0.1
#20 0.340 liblber-2.5.so.0
#20 0.340 liblber-2.5.so.0.1.13
#20 0.340 libldap-2.5.so.0
#20 0.340 libldap-2.5.so.0.1.13
#20 0.340 liblsan.so.0
#20 0.340 liblsan.so.0.0.0
#20 0.340 liblz4.so.1
#20 0.340 liblz4.so.1.9.3
#20 0.340 liblzma.so.5
#20 0.340 liblzma.so.5.2.5
#20 0.340 libm-2.35.a
#20 0.340 libm.a
#20 0.340 libm.so
#20 0.340 libm.so.6
#20 0.340 libmcheck.a
#20 0.340 libmd.so.0
#20 0.340 libmd.so.0.0.5
#20 0.340 libmemusage.so
#20 0.340 libmenu.a
#20 0.340 libmenu.so
#20 0.340 libmenu.so.6
#20 0.340 libmenu.so.6.3
#20 0.340 libmenuw.a
#20 0.340 libmenuw.so
#20 0.340 libmenuw.so.6
#20 0.340 libmenuw.so.6.3
#20 0.340 libmfx-tracer.so.1
#20 0.340 libmfx-tracer.so.1.35
#20 0.340 libmfx.so.1
#20 0.340 libmfx.so.1.35
#20 0.340 libmfxhw64.so.1
#20 0.340 libmfxhw64.so.1.35
#20 0.340 libmount.so.1
#20 0.340 libmount.so.1.1.0
#20 0.340 libmp3lame.so.0
#20 0.340 libmp3lame.so.0.0.0
#20 0.340 libmpc.so.3
#20 0.340 libmpc.so.3.2.1
#20 0.340 libmpdec++.so.2.5.1
#20 0.340 libmpdec++.so.3
#20 0.340 libmpdec.so.2.5.1
#20 0.340 libmpdec.so.3
#20 0.340 libmpfr.so.6
#20 0.340 libmpfr.so.6.1.0
#20 0.340 libmpg123.so.0
#20 0.340 libmpg123.so.0.46.7
#20 0.340 libmvec.a
#20 0.340 libmvec.so
#20 0.340 libmvec.so.1
#20 0.340 libncurses++.a
#20 0.340 libncurses++w.a
#20 0.340 libncurses.a
#20 0.340 libncurses.so
#20 0.340 libncurses.so.6
#20 0.340 libncurses.so.6.3
#20 0.340 libncursesw.a
#20 0.340 libncursesw.so
#20 0.340 libncursesw.so.6
#20 0.340 libncursesw.so.6.3
#20 0.340 libnettle.so.8
#20 0.340 libnettle.so.8.4
#20 0.340 libnghttp2.so.14
#20 0.340 libnghttp2.so.14.20.1
#20 0.340 libnorm.so.1
#20 0.340 libnsl.a
#20 0.340 libnsl.so
#20 0.340 libnsl.so.1
#20 0.340 libnsl.so.2
#20 0.340 libnsl.so.2.0.1
#20 0.340 libnss_compat.so
#20 0.340 libnss_compat.so.2
#20 0.340 libnss_dns.so.2
#20 0.340 libnss_files.so.2
#20 0.340 libnss_hesiod.so
#20 0.340 libnss_hesiod.so.2
#20 0.340 libnuma.so.1
#20 0.340 libnuma.so.1.0.0
#20 0.340 libobjc.so.4
#20 0.340 libobjc.so.4.0.0
#20 0.340 libobjc_gc.so.4
#20 0.340 libobjc_gc.so.4.0.0
#20 0.340 libogg.so.0
#20 0.340 libogg.so.0.8.5
#20 0.340 libopcodes-2.38-system.so
#20 0.340 libopenjp2.so.2.4.0
#20 0.340 libopenjp2.so.7
#20 0.340 libopenmpt.so.0
#20 0.340 libopenmpt.so.0.3.3
#20 0.340 libopus.so.0
#20 0.340 libopus.so.0.8.0
#20 0.340 libp11-kit.so.0
#20 0.340 libp11-kit.so.0.3.0
#20 0.340 libpam.so.0
#20 0.340 libpam.so.0.85.1
#20 0.340 libpam_misc.so.0
#20 0.340 libpam_misc.so.0.82.1
#20 0.340 libpamc.so.0
#20 0.340 libpamc.so.0.82.1
#20 0.340 libpanel.a
#20 0.340 libpanel.so
#20 0.340 libpanel.so.6
#20 0.340 libpanel.so.6.3
#20 0.340 libpanelw.a
#20 0.340 libpanelw.so
#20 0.340 libpanelw.so.6
#20 0.340 libpanelw.so.6.3
#20 0.340 libpango-1.0.so.0
#20 0.340 libpango-1.0.so.0.5000.6
#20 0.340 libpangocairo-1.0.so.0
#20 0.340 libpangocairo-1.0.so.0.5000.6
#20 0.340 libpangoft2-1.0.so.0
#20 0.340 libpangoft2-1.0.so.0.5000.6
#20 0.340 libpciaccess.so.0
#20 0.340 libpciaccess.so.0.11.1
#20 0.340 libpcprofile.so
#20 0.340 libpcre.so.3
#20 0.340 libpcre.so.3.13.3
#20 0.340 libpcre2-8.so.0
#20 0.340 libpcre2-8.so.0.10.4
#20 0.340 libpcreposix.so.3
#20 0.340 libpcreposix.so.3.13.3
#20 0.340 libpfm.so.4
#20 0.340 libpfm.so.4.11.1
#20 0.340 libpgm-5.3.so.0
#20 0.340 libpgm-5.3.so.0.0.128
#20 0.340 libpipeline.so.1
#20 0.340 libpipeline.so.1.5.5
#20 0.340 libpixman-1.so.0
#20 0.340 libpixman-1.so.0.40.0
#20 0.340 libpng16.so.16
#20 0.340 libpng16.so.16.37.0
#20 0.340 libprocps.so.8
#20 0.340 libprocps.so.8.0.3
#20 0.340 libpsl.so.5
#20 0.340 libpsl.so.5.3.2
#20 0.340 libpthread.a
#20 0.340 libpthread.so.0
#20 0.340 libquadmath.so.0
#20 0.340 libquadmath.so.0.0.0
#20 0.340 librabbitmq.so.4
#20 0.340 librabbitmq.so.4.4.0
#20 0.340 libreadline.so.8
#20 0.340 libreadline.so.8.1
#20 0.340 libresolv.a
#20 0.340 libresolv.so
#20 0.340 libresolv.so.2
#20 0.340 librhash.so.0
#20 0.340 librsvg-2.so.2
#20 0.340 librsvg-2.so.2.48.0
#20 0.340 librt.a
#20 0.340 librt.so.1
#20 0.340 librtmp.so.1
#20 0.340 libsasl2.so.2
#20 0.340 libsasl2.so.2.0.25
#20 0.340 libseccomp.so.2
#20 0.340 libseccomp.so.2.5.3
#20 0.340 libselinux.so.1
#20 0.340 libsemanage.so.2
#20 0.340 libsepol.so.2
#20 0.340 libshine.so.3
#20 0.340 libshine.so.3.0.1
#20 0.340 libsmartcols.so.1
#20 0.340 libsmartcols.so.1.1.0
#20 0.340 libsnappy.so.1
#20 0.340 libsnappy.so.1.1.8
#20 0.340 libsodium.so.23
#20 0.340 libsodium.so.23.3.0
#20 0.340 libsoxr.so.0
#20 0.340 libsoxr.so.0.1.2
#20 0.340 libspeex.so.1
#20 0.340 libspeex.so.1.5.0
#20 0.340 libsqlite3.so.0
#20 0.340 libsqlite3.so.0.8.6
#20 0.340 libsrt-gnutls.so.1.4
#20 0.340 libsrt-gnutls.so.1.4.4
#20 0.340 libss.so.2
#20 0.340 libss.so.2.0
#20 0.340 libssh-gcrypt.so.4
#20 0.340 libssh-gcrypt.so.4.8.7
#20 0.340 libssh.so.4
#20 0.340 libssh.so.4.8.7
#20 0.340 libssl.so.3
#20 0.340 libstdc++.so.6
#20 0.340 libstdc++.so.6.0.30
#20 0.340 libswresample.a
#20 0.340 libswresample.so
#20 0.340 libswresample.so.3
#20 0.340 libswresample.so.3.9.100
#20 0.340 libswscale.a
#20 0.340 libswscale.so
#20 0.340 libswscale.so.5
#20 0.340 libswscale.so.5.9.100
#20 0.340 libsystemd.so.0
#20 0.340 libsystemd.so.0.32.0
#20 0.340 libtasn1.so.6
#20 0.340 libtasn1.so.6.6.2
#20 0.340 libtermcap.a
#20 0.340 libtermcap.so
#20 0.340 libthai.so.0
#20 0.340 libthai.so.0.3.1
#20 0.340 libtheora.so.0
#20 0.340 libtheora.so.0.3.10
#20 0.340 libtheoradec.so.1
#20 0.340 libtheoradec.so.1.1.4
#20 0.340 libtheoraenc.so.1
#20 0.340 libtheoraenc.so.1.1.2
#20 0.340 libthread_db.so
#20 0.340 libthread_db.so.1
#20 0.340 libtic.a
#20 0.340 libtic.so
#20 0.340 libtic.so.6
#20 0.340 libtic.so.6.3
#20 0.340 libtiff.so.5
#20 0.340 libtiff.so.5.7.0
#20 0.340 libtinfo.a
#20 0.340 libtinfo.so
#20 0.340 libtinfo.so.6
#20 0.340 libtinfo.so.6.3
#20 0.340 libtirpc.a
#20 0.340 libtirpc.so
#20 0.340 libtirpc.so.3
#20 0.340 libtirpc.so.3.0.0
#20 0.340 libtsan.so.0
#20 0.340 libtsan.so.0.0.0
#20 0.340 libtwolame.so.0
#20 0.340 libtwolame.so.0.0.0
#20 0.340 libubsan.so.1
#20 0.340 libubsan.so.1.0.0
#20 0.340 libudev.so.1
#20 0.340 libudev.so.1.7.2
#20 0.340 libudfread.so.0
#20 0.340 libudfread.so.0.1.0
#20 0.340 libunistring.so.2
#20 0.340 libunistring.so.2.2.0
#20 0.340 libutil.a
#20 0.340 libutil.so.1
#20 0.340 libuuid.so.1
#20 0.340 libuuid.so.1.3.0
#20 0.340 libuv.so.1
#20 0.340 libuv.so.1.0.0
#20 0.340 libva-drm.so.2
#20 0.340 libva-drm.so.2.1400.0
#20 0.340 libva-x11.so.2
#20 0.340 libva-x11.so.2.1400.0
#20 0.340 libva.so.2
#20 0.340 libva.so.2.1400.0
#20 0.340 libvdpau.so.1
#20 0.340 libvdpau.so.1.0.0
#20 0.340 libvorbis.so.0
#20 0.340 libvorbis.so.0.4.9
#20 0.340 libvorbisenc.so.2
#20 0.340 libvorbisenc.so.2.0.12
#20 0.340 libvorbisfile.so.3
#20 0.340 libvorbisfile.so.3.3.8
#20 0.340 libvpx.so.7
#20 0.340 libvpx.so.7.0
#20 0.340 libvpx.so.7.0.0
#20 0.340 libwebp.so.7
#20 0.340 libwebp.so.7.1.3
#20 0.340 libwebpmux.so.3
#20 0.340 libwebpmux.so.3.0.8
#20 0.340 libx264.so.163
#20 0.340 libx265.so.199
#20 0.340 libxcb-dri2.so.0
#20 0.340 libxcb-dri2.so.0.0.0
#20 0.340 libxcb-dri3.so.0
#20 0.340 libxcb-dri3.so.0.0.0
#20 0.340 libxcb-present.so.0
#20 0.340 libxcb-present.so.0.0.0
#20 0.340 libxcb-render.so.0
#20 0.340 libxcb-render.so.0.0.0
#20 0.340 libxcb-shm.so.0
#20 0.340 libxcb-shm.so.0.0.0
#20 0.340 libxcb-sync.so.1
#20 0.340 libxcb-sync.so.1.0.0
#20 0.340 libxcb-xfixes.so.0
#20 0.340 libxcb-xfixes.so.0.0.0
#20 0.340 libxcb.so.1
#20 0.340 libxcb.so.1.1.0
#20 0.340 libxml2.a
#20 0.340 libxml2.so
#20 0.340 libxml2.so.2
#20 0.340 libxml2.so.2.9.13
#20 0.340 libxshmfence.so.1
#20 0.340 libxshmfence.so.1.0.0
#20 0.340 libxvidcore.so.4
#20 0.340 libxvidcore.so.4.3
#20 0.340 libxxhash.so.0
#20 0.340 libxxhash.so.0.8.1
#20 0.340 libyaml-0.so.2
#20 0.340 libyaml-0.so.2.0.6
#20 0.340 libz.so.1
#20 0.340 libz.so.1.2.11
#20 0.340 libz3.so
#20 0.340 libz3.so.4
#20 0.340 libzmq.so.5
#20 0.340 libzmq.so.5.2.4
#20 0.340 libzstd.so.1
#20 0.340 libzstd.so.1.4.8
#20 0.340 libzvbi-chains.so.0
#20 0.340 libzvbi-chains.so.0.0.0
#20 0.340 libzvbi.so.0
#20 0.340 libzvbi.so.0.13.2
#20 0.340 mfx
#20 0.340 ossl-modules
#20 0.340 perl-base
#20 0.340 pkgconfig
#20 0.340 rcrt1.o
#20 0.340 sasl2
#20 0.340 security
#20 0.340 vdpau
#20 0.340 xml2Conf.sh
#20 0.340 + ls /opt/opencv/include
#20 0.341 opencv4
#20 0.341 + ls /opt/opencv/include/opencv4
#20 0.341 opencv2
#20 0.341 + ls /usr/include/x86_64-linux-gnu
#20 0.343 a.out.h
#20 0.343 asm
#20 0.343 bits
#20 0.343 c++
#20 0.343 ffi.h
#20 0.343 ffitarget.h
#20 0.343 fpu_control.h
#20 0.343 gnu
#20 0.343 ieee754.h
#20 0.343 libavcodec
#20 0.343 libavformat
#20 0.343 libavutil
#20 0.343 libswresample
#20 0.343 libswscale
#20 0.343 sys
#20 DONE 0.4s

#21 [test  8/11] RUN set -xeu && 	cd /root/oko/backend && 	cargo build
#21 0.407 + cd /root/oko/backend
#21 0.407 + cargo build
#21 0.867     Updating crates.io index
#21 3.878  Downloading crates ...
#21 4.227   Downloaded futures-sink v0.3.31
#21 4.238   Downloaded equivalent v1.0.1
#21 4.247   Downloaded foreign-types v0.3.2
#21 4.250   Downloaded http-body v1.0.1
#21 4.261   Downloaded icu_provider_macros v1.5.0
#21 4.263   Downloaded foreign-types-shared v0.1.1
#21 4.282   Downloaded openssl-probe v0.1.5
#21 4.287   Downloaded openssl-macros v0.1.1
#21 4.289   Downloaded cfg-if v1.0.0
#21 4.291   Downloaded autocfg v1.4.0
#21 4.294   Downloaded byteorder v1.5.0
#21 4.298   Downloaded cpufeatures v0.2.16
#21 4.300   Downloaded crc v3.2.1
#21 4.306   Downloaded tower-sessions-memory-store v0.13.0
#21 4.308   Downloaded tower-service v0.3.3
#21 4.309   Downloaded lazy_static v1.5.0
#21 4.311   Downloaded httpdate v1.0.3
#21 4.313   Downloaded hex v0.4.3
#21 4.317   Downloaded itoa v1.0.14
#21 4.319   Downloaded dunce v1.0.5
#21 4.320   Downloaded glob v0.3.1
#21 4.327   Downloaded num-conv v0.1.0
#21 4.330   Downloaded tower-layer v0.3.3
#21 4.332   Downloaded argon2 v0.5.3
#21 4.336   Downloaded idna_adapter v1.2.0
#21 4.338   Downloaded rust-embed-impl v8.5.0
#21 4.339   Downloaded write16 v1.0.0
#21 4.341   Downloaded base64ct v1.6.0
#21 4.345   Downloaded iana-time-zone v0.1.61
#21 4.349   Downloaded litemap v0.7.4
#21 4.353   Downloaded tower-cookies v0.10.0
#21 4.357   Downloaded same-file v1.0.6
#21 4.360   Downloaded icu_provider v1.5.0
#21 4.366   Downloaded icu_normalizer_data v1.5.0
#21 4.371   Downloaded icu_normalizer v1.5.0
#21 4.378   Downloaded smallvec v1.13.2
#21 4.384   Downloaded matchers v0.1.0
#21 4.387   Downloaded der v0.7.9
#21 4.396   Downloaded thiserror v1.0.69
#21 4.404   Downloaded sync_wrapper v1.0.2
#21 4.406   Downloaded synstructure v0.13.1
#21 4.408   Downloaded axum v0.7.9
#21 4.423   Downloaded rustversion v1.0.18
#21 4.428   Downloaded tempfile v3.14.0
#21 4.433   Downloaded sqlx v0.8.2
#21 4.455   Downloaded time v0.3.37
#21 4.466   Downloaded pkg-config v0.3.31
#21 4.471   Downloaded rust-embed-utils v8.5.0
#21 4.473   Downloaded tinystr v0.7.6
#21 4.477   Downloaded shlex v1.3.0
#21 4.481   Downloaded slab v0.4.9
#21 4.484   Downloaded socket2 v0.5.8
#21 4.488   Downloaded sqlx-core v0.8.2
#21 4.500   Downloaded mime_guess v2.0.5
#21 4.503   Downloaded version_check v0.9.5
#21 4.505   Downloaded quote v1.0.37
#21 4.509   Downloaded once_cell v1.20.2
#21 4.513   Downloaded num-integer v0.1.46
#21 4.516   Downloaded pkcs8 v0.10.2
#21 4.520   Downloaded rmp v0.8.14
#21 4.526   Downloaded proc-macro2 v1.0.92
#21 4.530   Downloaded rmp-serde v1.3.0
#21 4.534   Downloaded libc v0.2.168
#21 4.583   Downloaded sha2 v0.10.8
#21 4.587   Downloaded tungstenite v0.24.0
#21 4.592   Downloaded rustix v0.38.42
#21 4.628   Downloaded rsa v0.9.7
#21 4.636   Downloaded minimal-lexical v0.2.1
#21 4.642   Downloaded sqlx-postgres v0.8.2
#21 4.653   Downloaded zerovec v0.10.4
#21 4.661   Downloaded zerocopy v0.7.35
#21 4.682   Downloaded tracing-subscriber v0.3.19
#21 4.693   Downloaded unicode-normalization v0.1.24
#21 4.700   Downloaded vcpkg v0.2.15
#21 4.768   Downloaded regex-automata v0.1.10
#21 4.775   Downloaded regex v1.11.1
#21 4.793   Downloaded openssl v0.10.68
#21 4.804   Downloaded syn v2.0.90
#21 4.816   Downloaded regex-syntax v0.6.29
#21 4.824   Downloaded opencv-binding-generator v0.93.0
#21 4.838   Downloaded num-bigint-dig v0.8.4
#21 4.844   Downloaded regex-syntax v0.8.5
#21 4.852   Downloaded nom v7.1.3
#21 4.859   Downloaded tower v0.5.2
#21 4.874   Downloaded memchr v2.7.4
#21 4.882   Downloaded tower-http v0.6.2
#21 4.893   Downloaded tokio-util v0.7.13
#21 4.902   Downloaded mio v1.0.3
#21 4.911   Downloaded rand v0.8.5
#21 4.918   Downloaded url v2.5.4
#21 4.923   Downloaded unicode_categories v0.1.1
#21 4.926   Downloaded tracing v0.1.41
#21 4.931   Downloaded time-macros v0.2.19
#21 4.935   Downloaded openssl-sys v0.9.104
#21 4.940   Downloaded unicode-bidi v0.3.17
#21 4.944   Downloaded regex-automata v0.4.9
#21 4.963   Downloaded tracing-core v0.1.33
#21 4.968   Downloaded log v0.4.22
#21 4.972   Downloaded unicode-properties v0.1.3
#21 4.976   Downloaded unicode-ident v1.0.14
#21 4.980   Downloaded parking_lot v0.12.3
#21 4.983   Downloaded num-traits v0.2.19
#21 4.986   Downloaded yoke v0.7.5
#21 4.989   Downloaded tokio v1.42.0
#21 5.040   Downloaded whoami v1.5.2
#21 5.044   Downloaded typenum v1.17.0
#21 5.048   Downloaded tokio-stream v0.1.17
#21 5.054   Downloaded ppv-lite86 v0.2.20
#21 5.056   Downloaded pin-project-lite v0.2.15
#21 5.063   Downloaded native-tls v0.2.12
#21 5.066   Downloaded rust-embed v8.5.0
#21 5.077   Downloaded tokio-tungstenite v0.24.0
#21 5.079   Downloaded linux-raw-sys v0.4.14
#21 5.129   Downloaded pkcs1 v0.7.5
#21 5.133   Downloaded zerocopy-derive v0.7.35
#21 5.139   Downloaded tower-sessions-core v0.13.0
#21 5.140   Downloaded signature v2.2.0
#21 5.142   Downloaded parking_lot_core v0.9.10
#21 5.145   Downloaded tower-sessions v0.13.0
#21 5.149   Downloaded signal-hook-registry v1.4.2
#21 5.150   Downloaded serde v1.0.216
#21 5.154   Downloaded semver v1.0.23
#21 5.158   Downloaded sqlx-sqlite v0.8.2
#21 5.163   Downloaded serde_derive v1.0.216
#21 5.166   Downloaded tinyvec_macros v0.1.1
#21 5.167   Downloaded stable_deref_trait v1.2.0
#21 5.168   Downloaded password-hash v0.5.0
#21 5.171   Downloaded walkdir v2.5.0
#21 5.173   Downloaded sqlx-mysql v0.8.2
#21 5.181   Downloaded sqlx-macros-core v0.8.2
#21 5.184   Downloaded sqlformat v0.2.6
#21 5.187   Downloaded spki v0.7.3
#21 5.189   Downloaded spin v0.9.8
#21 5.193   Downloaded scopeguard v1.2.0
#21 5.195   Downloaded time-core v0.1.2
#21 5.197   Downloaded pem-rfc7468 v0.7.0
#21 5.199   Downloaded matchit v0.7.3
#21 5.202   Downloaded tracing-attributes v0.1.28
#21 5.205   Downloaded paste v1.0.15
#21 5.210   Downloaded password-auth v1.0.0
#21 5.211   Downloaded zerovec-derive v0.10.3
#21 5.213   Downloaded rand_core v0.6.4
#21 5.216   Downloaded rand_chacha v0.3.1
#21 5.217   Downloaded powerfmt v0.2.0
#21 5.219   Downloaded zerofrom-derive v0.1.5
#21 5.221   Downloaded utf8_iter v1.0.4
#21 5.223   Downloaded utf16_iter v1.0.5
#21 5.227   Downloaded axum-embed v0.1.0
#21 5.236   Downloaded opencv v0.93.5
#21 5.282   Downloaded utf-8 v0.7.6
#21 5.283   Downloaded icu_properties_data v1.5.0
#21 5.295   Downloaded zeroize v1.8.1
#21 5.297   Downloaded chrono v0.4.39
#21 5.305   Downloaded subtle v2.6.1
#21 5.307   Downloaded ryu v1.0.18
#21 5.312   Downloaded serde_json v1.0.133
#21 5.321   Downloaded pin-utils v0.1.0
#21 5.323   Downloaded parking v2.2.1
#21 5.325   Downloaded unicase v2.8.0
#21 5.329   Downloaded lock_api v0.4.12
#21 5.331   Downloaded hyper v1.5.1
#21 5.340   Downloaded hkdf v0.12.4
#21 5.343   Downloaded hashbrown v0.15.2
#21 5.350   Downloaded futures-util v0.3.31
#21 5.365   Downloaded aho-corasick v1.1.3
#21 5.372   Downloaded thread_local v1.1.8
#21 5.374   Downloaded thiserror-impl v2.0.6
#21 5.376   Downloaded thiserror-impl v1.0.69
#21 5.378   Downloaded stringprep v0.1.5
#21 5.381   Downloaded percent-encoding v2.3.1
#21 5.382   Downloaded num-iter v0.1.45
#21 5.384   Downloaded mime v0.3.17
#21 5.385   Downloaded yoke-derive v0.7.5
#21 5.387   Downloaded writeable v0.5.5
#21 5.390   Downloaded tower-sessions-sqlx-store v0.14.2
#21 5.392   Downloaded idna v1.0.3
#21 5.397   Downloaded tokio-macros v2.4.0
#21 5.398   Downloaded http v1.2.0
#21 5.403   Downloaded hashbrown v0.14.5
#21 5.410   Downloaded sqlx-macros v0.8.2
#21 5.411   Downloaded sha1 v0.10.6
#21 5.414   Downloaded serde_urlencoded v0.7.1
#21 5.418   Downloaded serde_path_to_error v0.1.16
#21 5.420   Downloaded tinyvec v1.8.0
#21 5.424   Downloaded thiserror v2.0.6
#21 5.432   Downloaded md-5 v0.10.6
#21 5.434   Downloaded libm v0.2.11
#21 5.444   Downloaded sharded-slab v0.1.7
#21 5.449   Downloaded cc v1.2.3
#21 5.453   Downloaded base64 v0.22.1
#21 5.458   Downloaded indexmap v2.7.0
#21 5.464   Downloaded icu_properties v1.5.1
#21 5.467   Downloaded icu_collections v1.5.0
#21 5.475   Downloaded hyper-util v0.1.10
#21 5.481   Downloaded futures-intrusive v0.5.0
#21 5.487   Downloaded clang v2.0.0
#21 5.490   Downloaded allocator-api2 v0.2.21
#21 5.494   Downloaded zerofrom v0.1.5
#21 5.495   Downloaded flume v0.11.1
#21 5.499   Downloaded icu_locid v1.5.0
#21 5.506   Downloaded event-listener v5.3.1
#21 5.509   Downloaded bytes v1.9.0
#21 5.514   Downloaded icu_locid_transform_data v1.5.0
#21 5.517   Downloaded hmac v0.12.1
#21 5.519   Downloaded crossbeam-utils v0.8.20
#21 5.523   Downloaded ahash v0.8.11
#21 5.526   Downloaded futures v0.3.31
#21 5.532   Downloaded cookie v0.18.1
#21 5.536   Downloaded async-trait v0.1.83
#21 5.541   Downloaded urlencoding v2.1.3
#21 5.542   Downloaded jobserver v0.1.32
#21 5.545   Downloaded httparse v1.9.5
#21 5.548   Downloaded const-oid v0.9.6
#21 5.551   Downloaded clang-sys v1.8.1
#21 5.554   Downloaded blake2 v0.10.6
#21 5.557   Downloaded tokio-native-tls v0.3.1
#21 5.559   Downloaded icu_locid_transform v1.5.0
#21 5.563   Downloaded getrandom v0.2.15
#21 5.566   Downloaded bitflags v2.6.0
#21 5.571   Downloaded atoi v2.0.0
#21 5.573   Downloaded hashlink v0.9.1
#21 5.576   Downloaded futures-core v0.3.31
#21 5.577   Downloaded futures-channel v0.3.31
#21 5.580   Downloaded displaydoc v0.2.5
#21 5.584   Downloaded data-encoding v2.6.0
#21 5.585   Downloaded http-range-header v0.4.2
#21 5.587   Downloaded axum-core v0.4.5
#21 5.590   Downloaded http-body-util v0.1.2
#21 5.592   Downloaded futures-io v0.3.31
#21 5.593   Downloaded futures-executor v0.3.31
#21 5.595   Downloaded fastrand v2.3.0
#21 5.597   Downloaded dotenvy v0.15.7
#21 5.601   Downloaded home v0.5.9
#21 5.602   Downloaded heck v0.5.0
#21 5.603   Downloaded futures-task v0.3.31
#21 5.605   Downloaded form_urlencoded v1.2.1
#21 5.606   Downloaded fnv v1.0.7
#21 5.607   Downloaded errno v0.3.10
#21 5.609   Downloaded digest v0.10.7
#21 5.611   Downloaded deranged v0.3.11
#21 5.612   Downloaded crc-catalog v2.4.0
#21 5.614   Downloaded generic-array v0.14.7
#21 5.615   Downloaded futures-macro v0.3.31
#21 5.617   Downloaded either v1.13.0
#21 5.619   Downloaded crypto-common v0.1.6
#21 5.620   Downloaded crossbeam-queue v0.3.11
#21 5.622   Downloaded concurrent-queue v2.5.0
#21 5.624   Downloaded block-buffer v0.10.4
#21 5.625   Downloaded axum-login v0.16.0
#21 5.628   Downloaded libsqlite3-sys v0.30.1
#21 5.850    Compiling proc-macro2 v1.0.92
#21 5.850    Compiling unicode-ident v1.0.14
#21 5.850    Compiling autocfg v1.4.0
#21 5.850    Compiling libc v0.2.168
#21 5.852    Compiling cfg-if v1.0.0
#21 5.854    Compiling version_check v0.9.5
#21 5.854    Compiling memchr v2.7.4
#21 5.856    Compiling futures-core v0.3.31
#21 5.856    Compiling pin-project-lite v0.2.15
#21 5.859    Compiling typenum v1.17.0
#21 5.860    Compiling itoa v1.0.14
#21 5.863    Compiling bytes v1.9.0
#21 5.867    Compiling pin-utils v0.1.0
#21 5.867    Compiling futures-task v0.3.31
#21 5.870    Compiling futures-io v0.3.31
#21 5.874    Compiling once_cell v1.20.2
#21 6.044    Compiling serde v1.0.216
#21 6.045    Compiling cpufeatures v0.2.16
#21 6.070    Compiling stable_deref_trait v1.2.0
#21 6.090    Compiling futures-sink v0.3.31
#21 6.118    Compiling percent-encoding v2.3.1
#21 6.119    Compiling scopeguard v1.2.0
#21 6.137    Compiling subtle v2.6.1
#21 6.150    Compiling byteorder v1.5.0
#21 6.152    Compiling parking_lot_core v0.9.10
#21 6.162    Compiling writeable v0.5.5
#21 6.163    Compiling litemap v0.7.4
#21 6.187    Compiling smallvec v1.13.2
#21 6.210    Compiling powerfmt v0.2.0
#21 6.311    Compiling icu_locid_transform_data v1.5.0
#21 6.311    Compiling log v0.4.22
#21 6.338    Compiling generic-array v0.14.7
#21 6.354    Compiling thiserror v1.0.69
#21 6.390    Compiling fnv v1.0.7
#21 6.405    Compiling time-core v0.1.2
#21 6.443    Compiling ryu v1.0.18
#21 6.444    Compiling num-conv v0.1.0
#21 6.466    Compiling icu_properties_data v1.5.0
#21 6.497    Compiling http v1.2.0
#21 6.503    Compiling slab v0.4.9
#21 6.513    Compiling utf16_iter v1.0.5
#21 6.542    Compiling serde_json v1.0.133
#21 6.590    Compiling time-macros v0.2.19
#21 6.595    Compiling write16 v1.0.0
#21 6.614    Compiling utf8_iter v1.0.4
#21 6.623    Compiling icu_normalizer_data v1.5.0
#21 6.657    Compiling lock_api v0.4.12
#21 6.662    Compiling ahash v0.8.11
#21 6.666    Compiling tracing-core v0.1.33
#21 6.670    Compiling form_urlencoded v1.2.1
#21 6.684    Compiling shlex v1.3.0
#21 6.728    Compiling crossbeam-utils v0.8.20
#21 6.818    Compiling num-traits v0.2.19
#21 6.886    Compiling futures-channel v0.3.31
#21 6.891    Compiling paste v1.0.15
#21 6.997    Compiling vcpkg v0.2.15
#21 7.041    Compiling tower-service v0.3.3
#21 7.051    Compiling allocator-api2 v0.2.21
#21 7.078    Compiling pkg-config v0.3.31
#21 7.099    Compiling rustversion v1.0.18
#21 7.169    Compiling tower-layer v0.3.3
#21 7.254    Compiling mime v0.3.17
#21 7.311    Compiling quote v1.0.37
#21 7.516    Compiling mio v1.0.3
#21 7.525    Compiling socket2 v0.5.8
#21 7.525    Compiling signal-hook-registry v1.4.2
#21 7.538    Compiling getrandom v0.2.15
#21 7.552    Compiling syn v2.0.90
#21 7.607    Compiling http-body v1.0.1
#21 7.632    Compiling jobserver v0.1.32
#21 7.698    Compiling rand_core v0.6.4
#21 7.759    Compiling sync_wrapper v1.0.2
#21 7.823    Compiling minimal-lexical v0.2.1
#21 7.925    Compiling cc v1.2.3
#21 7.947    Compiling concurrent-queue v2.5.0
#21 8.015    Compiling crc-catalog v2.4.0
#21 8.043    Compiling unicode_categories v0.1.1
#21 8.064    Compiling nom v7.1.3
#21 8.086    Compiling parking v2.2.1
#21 8.115    Compiling hashbrown v0.15.2
#21 8.145    Compiling zerocopy v0.7.35
#21 8.218    Compiling equivalent v1.0.1
#21 8.228    Compiling event-listener v5.3.1
#21 8.244    Compiling crc v3.2.1
#21 8.255    Compiling crossbeam-queue v0.3.11
#21 8.282    Compiling hex v0.4.3
#21 8.311    Compiling crypto-common v0.1.6
#21 8.330    Compiling block-buffer v0.10.4
#21 8.392    Compiling glob v0.3.1
#21 8.401    Compiling base64 v0.22.1
#21 8.401    Compiling httparse v1.9.5
#21 8.432    Compiling digest v0.10.7
#21 8.565    Compiling parking_lot v0.12.3
#21 8.642    Compiling sha2 v0.10.8
#21 8.660    Compiling tokio v1.42.0
#21 8.667    Compiling futures-util v0.3.31
#21 8.682    Compiling deranged v0.3.11
#21 8.808    Compiling hashbrown v0.14.5
#21 8.822    Compiling clang-sys v1.8.1
#21 8.833    Compiling rustix v0.38.42
#21 8.901    Compiling indexmap v2.7.0
#21 8.977    Compiling futures-intrusive v0.5.0
#21 9.280    Compiling spin v0.9.8
#21 9.283    Compiling aho-corasick v1.1.3
#21 9.347    Compiling regex-syntax v0.8.5
#21 9.493    Compiling atoi v2.0.0
#21 9.500    Compiling same-file v1.0.6
#21 9.522    Compiling time v0.3.37
#21 9.551    Compiling hashlink v0.9.1
#21 9.589    Compiling bitflags v2.6.0
#21 9.589    Compiling linux-raw-sys v0.4.14
#21 9.606    Compiling walkdir v2.5.0
#21 9.624    Compiling flume v0.11.1
#21 9.669    Compiling cookie v0.18.1
#21 9.705    Compiling fastrand v2.3.0
#21 9.794    Compiling semver v1.0.23
#21 9.897    Compiling unicase v2.8.0
#21 9.906    Compiling httpdate v1.0.3
#21 9.957    Compiling sha1 v0.10.6
#21 9.972    Compiling hmac v0.12.1
#21 10.11    Compiling mime_guess v2.0.5
#21 10.12    Compiling utf-8 v0.7.6
#21 10.18    Compiling data-encoding v2.6.0
#21 10.22    Compiling dotenvy v0.15.7
#21 10.22    Compiling heck v0.5.0
#21 10.26    Compiling clang v2.0.0
#21 10.29    Compiling libsqlite3-sys v0.30.1
#21 10.33    Compiling sqlformat v0.2.6
#21 10.44    Compiling dunce v1.0.5
#21 10.51    Compiling rust-embed-utils v8.5.0
#21 10.53    Compiling regex-syntax v0.6.29
#21 10.65    Compiling base64ct v1.6.0
#21 10.98    Compiling password-hash v0.5.0
#21 11.06    Compiling blake2 v0.10.6
#21 11.58    Compiling rmp v0.8.14
#21 11.65    Compiling lazy_static v1.5.0
#21 11.67    Compiling matchit v0.7.3
#21 11.70    Compiling iana-time-zone v0.1.61
#21 11.74    Compiling regex-automata v0.4.9
#21 11.84    Compiling thiserror v2.0.6
#21 12.03    Compiling chrono v0.4.39
#21 12.10    Compiling sharded-slab v0.1.7
#21 12.12    Compiling argon2 v0.5.3
#21 12.16    Compiling thread_local v1.1.8
#21 12.29    Compiling futures-executor v0.3.31
#21 12.41    Compiling tempfile v3.14.0
#21 12.61    Compiling oko v0.1.2 (/root/oko/backend)
#21 12.66    Compiling synstructure v0.13.1
#21 12.68    Compiling http-range-header v0.4.2
#21 12.84    Compiling regex-automata v0.1.10
#21 12.89    Compiling urlencoding v2.1.3
#21 12.94    Compiling password-auth v1.0.0
#21 13.77    Compiling matchers v0.1.0
#21 13.77    Compiling serde_derive v1.0.216
#21 13.77    Compiling zerofrom-derive v0.1.5
#21 13.77    Compiling yoke-derive v0.7.5
#21 13.78    Compiling zerovec-derive v0.10.3
#21 13.78    Compiling displaydoc v0.2.5
#21 13.80    Compiling futures-macro v0.3.31
#21 13.82    Compiling zerocopy-derive v0.7.35
#21 13.83    Compiling icu_provider_macros v1.5.0
#21 13.88    Compiling tokio-macros v2.4.0
#21 14.13    Compiling thiserror-impl v1.0.69
#21 14.90    Compiling tracing-attributes v0.1.28
#21 14.90    Compiling async-trait v0.1.83
#21 15.11    Compiling tokio-stream v0.1.17
#21 15.45    Compiling regex v1.11.1
#21 15.69    Compiling rust-embed-impl v8.5.0
#21 15.78    Compiling thiserror-impl v2.0.6
#21 16.01    Compiling opencv-binding-generator v0.93.0
#21 16.07    Compiling zerofrom v0.1.5
#21 16.16    Compiling ppv-lite86 v0.2.20
#21 16.26    Compiling yoke v0.7.5
#21 16.50    Compiling zerovec v0.10.4
#21 16.66    Compiling rand_chacha v0.3.1
#21 16.92    Compiling rand v0.8.5
#21 16.98    Compiling rust-embed v8.5.0
#21 17.18    Compiling tracing v0.1.41
#21 17.33    Compiling tracing-subscriber v0.3.19
#21 17.49    Compiling tinystr v0.7.6
#21 17.49    Compiling icu_collections v1.5.0
#21 17.58    Compiling tungstenite v0.24.0
#21 17.62    Compiling icu_locid v1.5.0
#21 18.13    Compiling icu_provider v1.5.0
#21 18.44    Compiling http-body-util v0.1.2
#21 18.44    Compiling futures v0.3.31
#21 18.50    Compiling icu_locid_transform v1.5.0
#21 18.66    Compiling axum-core v0.4.5
#21 19.20    Compiling icu_properties v1.5.1
#21 19.68    Compiling opencv v0.93.5
#21 19.87    Compiling hyper v1.5.1
#21 19.87    Compiling tower v0.5.2
#21 19.87    Compiling tokio-tungstenite v0.24.0
#21 19.88    Compiling tokio-util v0.7.13
#21 20.45    Compiling serde_urlencoded v0.7.1
#21 20.68    Compiling either v1.13.0
#21 20.98    Compiling hyper-util v0.1.10
#21 21.05    Compiling serde_path_to_error v0.1.16
#21 21.10    Compiling rmp-serde v1.3.0
#21 21.15    Compiling axum-embed v0.1.0
#21 21.19    Compiling icu_normalizer v1.5.0
#21 21.27    Compiling tower-http v0.6.2
#21 21.74    Compiling axum v0.7.9
#21 21.78    Compiling idna_adapter v1.2.0
#21 21.84    Compiling idna v1.0.3
#21 22.21    Compiling url v2.5.4
#21 22.63    Compiling sqlx-core v0.8.2
#21 23.10    Compiling tower-sessions-core v0.13.0
#21 23.41    Compiling tower-cookies v0.10.0
#21 23.59    Compiling tower-sessions-memory-store v0.13.0
#21 23.69    Compiling tower-sessions v0.13.0
#21 24.51    Compiling sqlx-sqlite v0.8.2
#21 25.08    Compiling axum-login v0.16.0
#21 25.88    Compiling sqlx-macros-core v0.8.2
#21 27.05    Compiling sqlx-macros v0.8.2
#21 28.71    Compiling sqlx v0.8.2
#21 28.78    Compiling tower-sessions-sqlx-store v0.14.2
#21 45.53     Finished `dev` profile [unoptimized + debuginfo] target(s) in 44.78s
#21 DONE 46.0s

#22 [test  9/11] RUN set -xeu &&     DEBIAN_FRONTEND=noninteractive apt-get install -y libasound2 libatk-bridge2.0-0 libatk1.0-0 	libatspi2.0-0 libcairo2 libcups2 libdbus-1-3 libdrm2 libgbm1 libglib2.0-0 libnspr4 libnss3 	libpango-1.0-0 libwayland-client0 libx11-6 libxcb1 libxcomposite1 libxdamage1 libxext6 	libxfixes3 libxkbcommon0 libxrandr2 	pkg-config libssl-dev
#22 0.297 + DEBIAN_FRONTEND=noninteractive apt-get install -y libasound2 libatk-bridge2.0-0 libatk1.0-0 libatspi2.0-0 libcairo2 libcups2 libdbus-1-3 libdrm2 libgbm1 libglib2.0-0 libnspr4 libnss3 libpango-1.0-0 libwayland-client0 libx11-6 libxcb1 libxcomposite1 libxdamage1 libxext6 libxfixes3 libxkbcommon0 libxrandr2 pkg-config libssl-dev
#22 0.361 Reading package lists...
#22 1.199 Building dependency tree...
#22 1.397 Reading state information...
#22 1.570 libcairo2 is already the newest version (1.16.0-5ubuntu2).
#22 1.570 libcairo2 set to manually installed.
#22 1.570 libxcb1 is already the newest version (1.14-3ubuntu3).
#22 1.570 libxcb1 set to manually installed.
#22 1.570 libxext6 is already the newest version (2:1.3.4-1build1).
#22 1.570 libxext6 set to manually installed.
#22 1.570 libxfixes3 is already the newest version (1:6.0.0-1).
#22 1.570 libxfixes3 set to manually installed.
#22 1.570 libdrm2 is already the newest version (2.4.113-2~ubuntu0.22.04.1).
#22 1.570 libdrm2 set to manually installed.
#22 1.570 libglib2.0-0 is already the newest version (2.72.4-0ubuntu2.4).
#22 1.570 libglib2.0-0 set to manually installed.
#22 1.570 libpango-1.0-0 is already the newest version (1.50.6+ds-2ubuntu1).
#22 1.570 libpango-1.0-0 set to manually installed.
#22 1.570 libx11-6 is already the newest version (2:1.7.5-1ubuntu0.3).
#22 1.570 libx11-6 set to manually installed.
#22 1.570 The following additional packages will be installed:
#22 1.570   alsa-topology-conf alsa-ucm-conf at-spi2-core bzip2 dbus dbus-user-session
#22 1.570   dconf-gsettings-backend dconf-service dmsetup gir1.2-glib-2.0
#22 1.570   gsettings-desktop-schemas libapparmor1 libargon2-1 libasound2-data
#22 1.570   libatk1.0-data libavahi-client3 libavahi-common-data libavahi-common3
#22 1.570   libcryptsetup12 libdconf1 libdevmapper1.02.1 libdpkg-perl
#22 1.570   libfile-fcntllock-perl libgdbm-compat4 libgdbm6 libgirepository-1.0-1
#22 1.570   libip4tc2 libjson-c5 libkmod2 liblocale-gettext-perl libnss-systemd
#22 1.571   libpam-systemd libperl5.34 libwayland-server0 libxcb-randr0 libxi6 libxtst6
#22 1.571   netbase networkd-dispatcher perl perl-modules-5.34 python3-dbus python3-gi
#22 1.571   session-migration systemd systemd-sysv systemd-timesyncd x11-common xkb-data
#22 1.571   xz-utils
#22 1.572 Suggested packages:
#22 1.572   bzip2-doc libasound2-plugins alsa-utils cups-common debian-keyring gnupg
#22 1.572   patch git bzr gdbm-l10n libssl-doc iw | wireless-tools perl-doc
#22 1.572   libterm-readline-gnu-perl | libterm-readline-perl-perl
#22 1.572   libtap-harness-archive-perl dpkg-dev python-dbus-doc systemd-container
#22 1.572   libfido2-1 libtss2-esys-3.0.2-0 libtss2-mu0 libtss2-rc0 policykit-1
#22 1.653 The following NEW packages will be installed:
#22 1.653   alsa-topology-conf alsa-ucm-conf at-spi2-core bzip2 dbus dbus-user-session
#22 1.653   dconf-gsettings-backend dconf-service dmsetup gir1.2-glib-2.0
#22 1.653   gsettings-desktop-schemas libapparmor1 libargon2-1 libasound2
#22 1.653   libasound2-data libatk-bridge2.0-0 libatk1.0-0 libatk1.0-data libatspi2.0-0
#22 1.653   libavahi-client3 libavahi-common-data libavahi-common3 libcryptsetup12
#22 1.653   libcups2 libdbus-1-3 libdconf1 libdevmapper1.02.1 libdpkg-perl
#22 1.653   libfile-fcntllock-perl libgbm1 libgdbm-compat4 libgdbm6
#22 1.654   libgirepository-1.0-1 libip4tc2 libjson-c5 libkmod2 liblocale-gettext-perl
#22 1.654   libnspr4 libnss-systemd libnss3 libpam-systemd libperl5.34 libssl-dev
#22 1.654   libwayland-client0 libwayland-server0 libxcb-randr0 libxcomposite1
#22 1.654   libxdamage1 libxi6 libxkbcommon0 libxrandr2 libxtst6 netbase
#22 1.654   networkd-dispatcher perl perl-modules-5.34 pkg-config python3-dbus
#22 1.655   python3-gi session-migration systemd systemd-sysv systemd-timesyncd
#22 1.655   x11-common xkb-data xz-utils
#22 1.776 0 upgraded, 66 newly installed, 0 to remove and 0 not upgraded.
#22 1.776 Need to get 20.8 MB of archives.
#22 1.776 After this operation, 103 MB of additional disk space will be used.
#22 1.776 Get:1 http://archive.ubuntu.com/ubuntu jammy/main amd64 liblocale-gettext-perl amd64 1.07-4build3 [17.1 kB]
#22 1.834 Get:2 http://archive.ubuntu.com/ubuntu jammy-updates/main amd64 libapparmor1 amd64 3.0.4-2ubuntu2.4 [39.7 kB]
#22 1.866 Get:3 http://archive.ubuntu.com/ubuntu jammy/main amd64 libargon2-1 amd64 0~20171227-0.3 [19.5 kB]
#22 1.880 Get:4 http://archive.ubuntu.com/ubuntu jammy/main amd64 libdevmapper1.02.1 amd64 2:1.02.175-2.1ubuntu4 [139 kB]
#22 1.930 Get:5 http://archive.ubuntu.com/ubuntu jammy-updates/main amd64 libjson-c5 amd64 0.15-3~ubuntu1.22.04.2 [33.5 kB]
#22 1.936 Get:6 http://archive.ubuntu.com/ubuntu jammy-updates/main amd64 libcryptsetup12 amd64 2:2.4.3-1ubuntu1.2 [211 kB]
#22 1.970 Get:7 http://archive.ubuntu.com/ubuntu jammy-updates/main amd64 libip4tc2 amd64 1.8.7-1ubuntu5.2 [19.9 kB]
#22 1.971 Get:8 http://archive.ubuntu.com/ubuntu jammy/main amd64 libkmod2 amd64 29-1ubuntu1 [48.0 kB]
#22 1.973 Get:9 http://archive.ubuntu.com/ubuntu jammy-updates/main amd64 systemd amd64 249.11-0ubuntu3.12 [4581 kB]
#22 2.126 Get:10 http://archive.ubuntu.com/ubuntu jammy-updates/main amd64 systemd-sysv amd64 249.11-0ubuntu3.12 [10.5 kB]
#22 2.127 Get:11 http://archive.ubuntu.com/ubuntu jammy-updates/main amd64 perl-modules-5.34 all 5.34.0-3ubuntu1.3 [2976 kB]
#22 2.173 Get:12 http://archive.ubuntu.com/ubuntu jammy/main amd64 libgdbm6 amd64 1.23-1 [33.9 kB]
#22 2.174 Get:13 http://archive.ubuntu.com/ubuntu jammy/main amd64 libgdbm-compat4 amd64 1.23-1 [6606 B]
#22 2.174 Get:14 http://archive.ubuntu.com/ubuntu jammy-updates/main amd64 libperl5.34 amd64 5.34.0-3ubuntu1.3 [4820 kB]
#22 2.251 Get:15 http://archive.ubuntu.com/ubuntu jammy-updates/main amd64 perl amd64 5.34.0-3ubuntu1.3 [232 kB]
#22 2.258 Get:16 http://archive.ubuntu.com/ubuntu jammy-updates/main amd64 libdbus-1-3 amd64 1.12.20-2ubuntu4.1 [189 kB]
#22 2.262 Get:17 http://archive.ubuntu.com/ubuntu jammy-updates/main amd64 dbus amd64 1.12.20-2ubuntu4.1 [158 kB]
#22 2.265 Get:18 http://archive.ubuntu.com/ubuntu jammy/main amd64 dmsetup amd64 2:1.02.175-2.1ubuntu4 [81.7 kB]
#22 2.266 Get:19 http://archive.ubuntu.com/ubuntu jammy/main amd64 libgirepository-1.0-1 amd64 1.72.0-1 [55.6 kB]
#22 2.267 Get:20 http://archive.ubuntu.com/ubuntu jammy/main amd64 gir1.2-glib-2.0 amd64 1.72.0-1 [164 kB]
#22 2.270 Get:21 http://archive.ubuntu.com/ubuntu jammy-updates/main amd64 libnss-systemd amd64 249.11-0ubuntu3.12 [133 kB]
#22 2.275 Get:22 http://archive.ubuntu.com/ubuntu jammy-updates/main amd64 libpam-systemd amd64 249.11-0ubuntu3.12 [203 kB]
#22 2.278 Get:23 http://archive.ubuntu.com/ubuntu jammy/main amd64 netbase all 6.3 [12.9 kB]
#22 2.284 Get:24 http://archive.ubuntu.com/ubuntu jammy/main amd64 python3-dbus amd64 1.2.18-3build1 [99.5 kB]
#22 2.298 Get:25 http://archive.ubuntu.com/ubuntu jammy-updates/main amd64 python3-gi amd64 3.42.1-0ubuntu1 [229 kB]
#22 2.302 Get:26 http://archive.ubuntu.com/ubuntu jammy-updates/main amd64 networkd-dispatcher all 2.1-2ubuntu0.22.04.2 [15.8 kB]
#22 2.304 Get:27 http://archive.ubuntu.com/ubuntu jammy-updates/main amd64 systemd-timesyncd amd64 249.11-0ubuntu3.12 [31.2 kB]
#22 2.305 Get:28 http://archive.ubuntu.com/ubuntu jammy/main amd64 xkb-data all 2.33-1 [394 kB]
#22 2.311 Get:29 http://archive.ubuntu.com/ubuntu jammy/main amd64 xz-utils amd64 5.2.5-2ubuntu1 [84.8 kB]
#22 2.313 Get:30 http://archive.ubuntu.com/ubuntu jammy/main amd64 alsa-topology-conf all 1.2.5.1-2 [15.5 kB]
#22 2.313 Get:31 http://archive.ubuntu.com/ubuntu jammy/main amd64 libasound2-data all 1.2.6.1-1ubuntu1 [19.1 kB]
#22 2.315 Get:32 http://archive.ubuntu.com/ubuntu jammy/main amd64 libasound2 amd64 1.2.6.1-1ubuntu1 [390 kB]
#22 2.322 Get:33 http://archive.ubuntu.com/ubuntu jammy-updates/main amd64 alsa-ucm-conf all 1.2.6.3-1ubuntu1.12 [43.5 kB]
#22 2.323 Get:34 http://archive.ubuntu.com/ubuntu jammy/main amd64 libxi6 amd64 2:1.8-1build1 [32.6 kB]
#22 2.338 Get:35 http://archive.ubuntu.com/ubuntu jammy/main amd64 libatspi2.0-0 amd64 2.44.0-3 [80.9 kB]
#22 2.340 Get:36 http://archive.ubuntu.com/ubuntu jammy/main amd64 x11-common all 1:7.7+23ubuntu2 [23.4 kB]
#22 2.344 Get:37 http://archive.ubuntu.com/ubuntu jammy/main amd64 libxtst6 amd64 2:1.2.3-1build4 [13.4 kB]
#22 2.344 Get:38 http://archive.ubuntu.com/ubuntu jammy-updates/main amd64 dbus-user-session amd64 1.12.20-2ubuntu4.1 [9442 B]
#22 2.344 Get:39 http://archive.ubuntu.com/ubuntu jammy/main amd64 libdconf1 amd64 0.40.0-3 [40.5 kB]
#22 2.345 Get:40 http://archive.ubuntu.com/ubuntu jammy/main amd64 dconf-service amd64 0.40.0-3 [28.5 kB]
#22 2.358 Get:41 http://archive.ubuntu.com/ubuntu jammy/main amd64 dconf-gsettings-backend amd64 0.40.0-3 [22.8 kB]
#22 2.359 Get:42 http://archive.ubuntu.com/ubuntu jammy/main amd64 session-migration amd64 0.3.6 [9774 B]
#22 2.359 Get:43 http://archive.ubuntu.com/ubuntu jammy/main amd64 gsettings-desktop-schemas all 42.0-1ubuntu1 [31.1 kB]
#22 2.363 Get:44 http://archive.ubuntu.com/ubuntu jammy/main amd64 at-spi2-core amd64 2.44.0-3 [54.4 kB]
#22 2.370 Get:45 http://archive.ubuntu.com/ubuntu jammy/main amd64 bzip2 amd64 1.0.8-5build1 [34.8 kB]
#22 2.376 Get:46 http://archive.ubuntu.com/ubuntu jammy/main amd64 libatk1.0-data all 2.36.0-3build1 [2824 B]
#22 2.376 Get:47 http://archive.ubuntu.com/ubuntu jammy/main amd64 libatk1.0-0 amd64 2.36.0-3build1 [51.9 kB]
#22 2.377 Get:48 http://archive.ubuntu.com/ubuntu jammy/main amd64 libatk-bridge2.0-0 amd64 2.38.0-3 [66.6 kB]
#22 2.378 Get:49 http://archive.ubuntu.com/ubuntu jammy-updates/main amd64 libavahi-common-data amd64 0.8-5ubuntu5.2 [23.8 kB]
#22 2.382 Get:50 http://archive.ubuntu.com/ubuntu jammy-updates/main amd64 libavahi-common3 amd64 0.8-5ubuntu5.2 [23.9 kB]
#22 2.387 Get:51 http://archive.ubuntu.com/ubuntu jammy-updates/main amd64 libavahi-client3 amd64 0.8-5ubuntu5.2 [28.0 kB]
#22 2.388 Get:52 http://archive.ubuntu.com/ubuntu jammy-updates/main amd64 libcups2 amd64 2.4.1op1-1ubuntu4.11 [263 kB]
#22 2.396 Get:53 http://archive.ubuntu.com/ubuntu jammy-updates/main amd64 libdpkg-perl all 1.21.1ubuntu2.3 [237 kB]
#22 2.400 Get:54 http://archive.ubuntu.com/ubuntu jammy/main amd64 libfile-fcntllock-perl amd64 0.22-3build7 [33.9 kB]
#22 2.404 Get:55 http://archive.ubuntu.com/ubuntu jammy-updates/main amd64 libwayland-server0 amd64 1.20.0-1ubuntu0.1 [34.3 kB]
#22 2.412 Get:56 http://archive.ubuntu.com/ubuntu jammy/main amd64 libxcb-randr0 amd64 1.14-3ubuntu3 [18.3 kB]
#22 2.412 Get:57 http://archive.ubuntu.com/ubuntu jammy-updates/main amd64 libgbm1 amd64 23.2.1-1ubuntu3.1~22.04.3 [33.5 kB]
#22 2.417 Get:58 http://archive.ubuntu.com/ubuntu jammy-updates/main amd64 libnspr4 amd64 2:4.35-0ubuntu0.22.04.1 [119 kB]
#22 2.424 Get:59 http://archive.ubuntu.com/ubuntu jammy-updates/main amd64 libnss3 amd64 2:3.98-0ubuntu0.22.04.2 [1347 kB]
#22 2.448 Get:60 http://archive.ubuntu.com/ubuntu jammy-updates/main amd64 libssl-dev amd64 3.0.2-0ubuntu1.18 [2375 kB]
#22 2.488 Get:61 http://archive.ubuntu.com/ubuntu jammy-updates/main amd64 libwayland-client0 amd64 1.20.0-1ubuntu0.1 [25.9 kB]
#22 2.489 Get:62 http://archive.ubuntu.com/ubuntu jammy/main amd64 libxcomposite1 amd64 1:0.4.5-1build2 [7192 B]
#22 2.489 Get:63 http://archive.ubuntu.com/ubuntu jammy/main amd64 libxdamage1 amd64 1:1.1.5-2build2 [7154 B]
#22 2.489 Get:64 http://archive.ubuntu.com/ubuntu jammy/main amd64 libxkbcommon0 amd64 1.4.0-1 [125 kB]
#22 2.491 Get:65 http://archive.ubuntu.com/ubuntu jammy/main amd64 libxrandr2 amd64 2:1.5.2-1build1 [20.4 kB]
#22 2.492 Get:66 http://archive.ubuntu.com/ubuntu jammy/main amd64 pkg-config amd64 0.29.2-1ubuntu3 [48.2 kB]
#22 2.663 debconf: delaying package configuration, since apt-utils is not installed
#22 2.699 Fetched 20.8 MB in 1s (25.1 MB/s)
#22 2.738 Selecting previously unselected package liblocale-gettext-perl.
#22 2.738 (Reading database ... (Reading database ... 5%(Reading database ... 10%(Reading database ... 15%(Reading database ... 20%(Reading database ... 25%(Reading database ... 30%(Reading database ... 35%(Reading database ... 40%(Reading database ... 45%(Reading database ... 50%(Reading database ... 55%(Reading database ... 60%(Reading database ... 65%(Reading database ... 70%(Reading database ... 75%(Reading database ... 80%(Reading database ... 85%(Reading database ... 90%(Reading database ... 95%(Reading database ... 100%(Reading database ... 21846 files and directories currently installed.)
#22 2.839 Preparing to unpack .../0-liblocale-gettext-perl_1.07-4build3_amd64.deb ...
#22 2.848 Unpacking liblocale-gettext-perl (1.07-4build3) ...
#22 2.921 Selecting previously unselected package libapparmor1:amd64.
#22 2.923 Preparing to unpack .../1-libapparmor1_3.0.4-2ubuntu2.4_amd64.deb ...
#22 2.942 Unpacking libapparmor1:amd64 (3.0.4-2ubuntu2.4) ...
#22 3.010 Selecting previously unselected package libargon2-1:amd64.
#22 3.012 Preparing to unpack .../2-libargon2-1_0~20171227-0.3_amd64.deb ...
#22 3.021 Unpacking libargon2-1:amd64 (0~20171227-0.3) ...
#22 3.090 Selecting previously unselected package libdevmapper1.02.1:amd64.
#22 3.092 Preparing to unpack .../3-libdevmapper1.02.1_2%3a1.02.175-2.1ubuntu4_amd64.deb ...
#22 3.101 Unpacking libdevmapper1.02.1:amd64 (2:1.02.175-2.1ubuntu4) ...
#22 3.171 Selecting previously unselected package libjson-c5:amd64.
#22 3.172 Preparing to unpack .../4-libjson-c5_0.15-3~ubuntu1.22.04.2_amd64.deb ...
#22 3.182 Unpacking libjson-c5:amd64 (0.15-3~ubuntu1.22.04.2) ...
#22 3.251 Selecting previously unselected package libcryptsetup12:amd64.
#22 3.253 Preparing to unpack .../5-libcryptsetup12_2%3a2.4.3-1ubuntu1.2_amd64.deb ...
#22 3.263 Unpacking libcryptsetup12:amd64 (2:2.4.3-1ubuntu1.2) ...
#22 3.339 Selecting previously unselected package libip4tc2:amd64.
#22 3.341 Preparing to unpack .../6-libip4tc2_1.8.7-1ubuntu5.2_amd64.deb ...
#22 3.350 Unpacking libip4tc2:amd64 (1.8.7-1ubuntu5.2) ...
#22 3.418 Selecting previously unselected package libkmod2:amd64.
#22 3.420 Preparing to unpack .../7-libkmod2_29-1ubuntu1_amd64.deb ...
#22 3.429 Unpacking libkmod2:amd64 (29-1ubuntu1) ...
#22 3.510 Selecting previously unselected package systemd.
#22 3.512 Preparing to unpack .../8-systemd_249.11-0ubuntu3.12_amd64.deb ...
#22 3.533 Unpacking systemd (249.11-0ubuntu3.12) ...
#22 3.743 Setting up libapparmor1:amd64 (3.0.4-2ubuntu2.4) ...
#22 3.770 Setting up libargon2-1:amd64 (0~20171227-0.3) ...
#22 3.798 Setting up libdevmapper1.02.1:amd64 (2:1.02.175-2.1ubuntu4) ...
#22 3.824 Setting up libjson-c5:amd64 (0.15-3~ubuntu1.22.04.2) ...
#22 3.853 Setting up libcryptsetup12:amd64 (2:2.4.3-1ubuntu1.2) ...
#22 3.882 Setting up libip4tc2:amd64 (1.8.7-1ubuntu5.2) ...
#22 3.910 Setting up libkmod2:amd64 (29-1ubuntu1) ...
#22 3.938 Setting up systemd (249.11-0ubuntu3.12) ...
#22 4.036 Created symlink /etc/systemd/system/getty.target.wants/getty@tty1.service  /lib/systemd/system/getty@.service.
#22 4.038 Created symlink /etc/systemd/system/multi-user.target.wants/remote-fs.target  /lib/systemd/system/remote-fs.target.
#22 4.040 Created symlink /etc/systemd/system/dbus-org.freedesktop.resolve1.service  /lib/systemd/system/systemd-resolved.service.
#22 4.040 Created symlink /etc/systemd/system/multi-user.target.wants/systemd-resolved.service  /lib/systemd/system/systemd-resolved.service.
#22 4.047 ln: failed to create symbolic link '/etc/resolv.conf': Device or resource busy
#22 4.049 Created symlink /etc/systemd/system/sysinit.target.wants/systemd-pstore.service  /lib/systemd/system/systemd-pstore.service.
#22 4.054 Initializing machine ID from random generator.
#22 4.507 Selecting previously unselected package systemd-sysv.
#22 4.507 (Reading database ... (Reading database ... 5%(Reading database ... 10%(Reading database ... 15%(Reading database ... 20%(Reading database ... 25%(Reading database ... 30%(Reading database ... 35%(Reading database ... 40%(Reading database ... 45%(Reading database ... 50%(Reading database ... 55%(Reading database ... 60%(Reading database ... 65%(Reading database ... 70%(Reading database ... 75%(Reading database ... 80%(Reading database ... 85%(Reading database ... 90%(Reading database ... 95%(Reading database ... 100%(Reading database ... 22675 files and directories currently installed.)
#22 4.519 Preparing to unpack .../00-systemd-sysv_249.11-0ubuntu3.12_amd64.deb ...
#22 4.529 Unpacking systemd-sysv (249.11-0ubuntu3.12) ...
#22 4.584 Selecting previously unselected package perl-modules-5.34.
#22 4.586 Preparing to unpack .../01-perl-modules-5.34_5.34.0-3ubuntu1.3_all.deb ...
#22 4.595 Unpacking perl-modules-5.34 (5.34.0-3ubuntu1.3) ...
#22 4.900 Selecting previously unselected package libgdbm6:amd64.
#22 4.903 Preparing to unpack .../02-libgdbm6_1.23-1_amd64.deb ...
#22 4.913 Unpacking libgdbm6:amd64 (1.23-1) ...
#22 4.982 Selecting previously unselected package libgdbm-compat4:amd64.
#22 4.983 Preparing to unpack .../03-libgdbm-compat4_1.23-1_amd64.deb ...
#22 4.993 Unpacking libgdbm-compat4:amd64 (1.23-1) ...
#22 5.061 Selecting previously unselected package libperl5.34:amd64.
#22 5.063 Preparing to unpack .../04-libperl5.34_5.34.0-3ubuntu1.3_amd64.deb ...
#22 5.073 Unpacking libperl5.34:amd64 (5.34.0-3ubuntu1.3) ...
#22 5.302 Selecting previously unselected package perl.
#22 5.304 Preparing to unpack .../05-perl_5.34.0-3ubuntu1.3_amd64.deb ...
#22 5.317 Unpacking perl (5.34.0-3ubuntu1.3) ...
#22 5.393 Selecting previously unselected package libdbus-1-3:amd64.
#22 5.394 Preparing to unpack .../06-libdbus-1-3_1.12.20-2ubuntu4.1_amd64.deb ...
#22 5.404 Unpacking libdbus-1-3:amd64 (1.12.20-2ubuntu4.1) ...
#22 5.486 Selecting previously unselected package dbus.
#22 5.488 Preparing to unpack .../07-dbus_1.12.20-2ubuntu4.1_amd64.deb ...
#22 5.503 Unpacking dbus (1.12.20-2ubuntu4.1) ...
#22 5.581 Selecting previously unselected package dmsetup.
#22 5.583 Preparing to unpack .../08-dmsetup_2%3a1.02.175-2.1ubuntu4_amd64.deb ...
#22 5.592 Unpacking dmsetup (2:1.02.175-2.1ubuntu4) ...
#22 5.661 Selecting previously unselected package libgirepository-1.0-1:amd64.
#22 5.663 Preparing to unpack .../09-libgirepository-1.0-1_1.72.0-1_amd64.deb ...
#22 5.672 Unpacking libgirepository-1.0-1:amd64 (1.72.0-1) ...
#22 5.726 Selecting previously unselected package gir1.2-glib-2.0:amd64.
#22 5.728 Preparing to unpack .../10-gir1.2-glib-2.0_1.72.0-1_amd64.deb ...
#22 5.738 Unpacking gir1.2-glib-2.0:amd64 (1.72.0-1) ...
#22 5.813 Selecting previously unselected package libnss-systemd:amd64.
#22 5.815 Preparing to unpack .../11-libnss-systemd_249.11-0ubuntu3.12_amd64.deb ...
#22 5.825 Unpacking libnss-systemd:amd64 (249.11-0ubuntu3.12) ...
#22 5.889 Selecting previously unselected package libpam-systemd:amd64.
#22 5.891 Preparing to unpack .../12-libpam-systemd_249.11-0ubuntu3.12_amd64.deb ...
#22 5.900 Unpacking libpam-systemd:amd64 (249.11-0ubuntu3.12) ...
#22 5.970 Selecting previously unselected package netbase.
#22 5.972 Preparing to unpack .../13-netbase_6.3_all.deb ...
#22 5.981 Unpacking netbase (6.3) ...
#22 6.046 Selecting previously unselected package python3-dbus.
#22 6.048 Preparing to unpack .../14-python3-dbus_1.2.18-3build1_amd64.deb ...
#22 6.057 Unpacking python3-dbus (1.2.18-3build1) ...
#22 6.125 Selecting previously unselected package python3-gi.
#22 6.127 Preparing to unpack .../15-python3-gi_3.42.1-0ubuntu1_amd64.deb ...
#22 6.136 Unpacking python3-gi (3.42.1-0ubuntu1) ...
#22 6.228 Selecting previously unselected package networkd-dispatcher.
#22 6.230 Preparing to unpack .../16-networkd-dispatcher_2.1-2ubuntu0.22.04.2_all.deb ...
#22 6.239 Unpacking networkd-dispatcher (2.1-2ubuntu0.22.04.2) ...
#22 6.315 Selecting previously unselected package systemd-timesyncd.
#22 6.317 Preparing to unpack .../17-systemd-timesyncd_249.11-0ubuntu3.12_amd64.deb ...
#22 6.326 Unpacking systemd-timesyncd (249.11-0ubuntu3.12) ...
#22 6.384 Selecting previously unselected package xkb-data.
#22 6.386 Preparing to unpack .../18-xkb-data_2.33-1_all.deb ...
#22 6.395 Unpacking xkb-data (2.33-1) ...
#22 6.506 Selecting previously unselected package xz-utils.
#22 6.508 Preparing to unpack .../19-xz-utils_5.2.5-2ubuntu1_amd64.deb ...
#22 6.518 Unpacking xz-utils (5.2.5-2ubuntu1) ...
#22 6.579 Selecting previously unselected package alsa-topology-conf.
#22 6.582 Preparing to unpack .../20-alsa-topology-conf_1.2.5.1-2_all.deb ...
#22 6.591 Unpacking alsa-topology-conf (1.2.5.1-2) ...
#22 6.647 Selecting previously unselected package libasound2-data.
#22 6.649 Preparing to unpack .../21-libasound2-data_1.2.6.1-1ubuntu1_all.deb ...
#22 6.659 Unpacking libasound2-data (1.2.6.1-1ubuntu1) ...
#22 6.736 Selecting previously unselected package libasound2:amd64.
#22 6.738 Preparing to unpack .../22-libasound2_1.2.6.1-1ubuntu1_amd64.deb ...
#22 6.750 Unpacking libasound2:amd64 (1.2.6.1-1ubuntu1) ...
#22 6.808 Selecting previously unselected package alsa-ucm-conf.
#22 6.810 Preparing to unpack .../23-alsa-ucm-conf_1.2.6.3-1ubuntu1.12_all.deb ...
#22 6.819 Unpacking alsa-ucm-conf (1.2.6.3-1ubuntu1.12) ...
#22 6.954 Selecting previously unselected package libxi6:amd64.
#22 6.956 Preparing to unpack .../24-libxi6_2%3a1.8-1build1_amd64.deb ...
#22 6.965 Unpacking libxi6:amd64 (2:1.8-1build1) ...
#22 7.028 Selecting previously unselected package libatspi2.0-0:amd64.
#22 7.030 Preparing to unpack .../25-libatspi2.0-0_2.44.0-3_amd64.deb ...
#22 7.039 Unpacking libatspi2.0-0:amd64 (2.44.0-3) ...
#22 7.109 Selecting previously unselected package x11-common.
#22 7.111 Preparing to unpack .../26-x11-common_1%3a7.7+23ubuntu2_all.deb ...
#22 7.120 Unpacking x11-common (1:7.7+23ubuntu2) ...
#22 7.186 Selecting previously unselected package libxtst6:amd64.
#22 7.188 Preparing to unpack .../27-libxtst6_2%3a1.2.3-1build4_amd64.deb ...
#22 7.197 Unpacking libxtst6:amd64 (2:1.2.3-1build4) ...
#22 7.256 Selecting previously unselected package dbus-user-session.
#22 7.258 Preparing to unpack .../28-dbus-user-session_1.12.20-2ubuntu4.1_amd64.deb ...
#22 7.268 Unpacking dbus-user-session (1.12.20-2ubuntu4.1) ...
#22 7.336 Selecting previously unselected package libdconf1:amd64.
#22 7.338 Preparing to unpack .../29-libdconf1_0.40.0-3_amd64.deb ...
#22 7.348 Unpacking libdconf1:amd64 (0.40.0-3) ...
#22 7.403 Selecting previously unselected package dconf-service.
#22 7.405 Preparing to unpack .../30-dconf-service_0.40.0-3_amd64.deb ...
#22 7.414 Unpacking dconf-service (0.40.0-3) ...
#22 7.469 Selecting previously unselected package dconf-gsettings-backend:amd64.
#22 7.471 Preparing to unpack .../31-dconf-gsettings-backend_0.40.0-3_amd64.deb ...
#22 7.480 Unpacking dconf-gsettings-backend:amd64 (0.40.0-3) ...
#22 7.553 Selecting previously unselected package session-migration.
#22 7.555 Preparing to unpack .../32-session-migration_0.3.6_amd64.deb ...
#22 7.564 Unpacking session-migration (0.3.6) ...
#22 7.620 Selecting previously unselected package gsettings-desktop-schemas.
#22 7.622 Preparing to unpack .../33-gsettings-desktop-schemas_42.0-1ubuntu1_all.deb ...
#22 7.631 Unpacking gsettings-desktop-schemas (42.0-1ubuntu1) ...
#22 7.714 Selecting previously unselected package at-spi2-core.
#22 7.715 Preparing to unpack .../34-at-spi2-core_2.44.0-3_amd64.deb ...
#22 7.725 Unpacking at-spi2-core (2.44.0-3) ...
#22 7.781 Selecting previously unselected package bzip2.
#22 7.783 Preparing to unpack .../35-bzip2_1.0.8-5build1_amd64.deb ...
#22 7.792 Unpacking bzip2 (1.0.8-5build1) ...
#22 7.847 Selecting previously unselected package libatk1.0-data.
#22 7.849 Preparing to unpack .../36-libatk1.0-data_2.36.0-3build1_all.deb ...
#22 7.859 Unpacking libatk1.0-data (2.36.0-3build1) ...
#22 7.926 Selecting previously unselected package libatk1.0-0:amd64.
#22 7.928 Preparing to unpack .../37-libatk1.0-0_2.36.0-3build1_amd64.deb ...
#22 7.938 Unpacking libatk1.0-0:amd64 (2.36.0-3build1) ...
#22 8.006 Selecting previously unselected package libatk-bridge2.0-0:amd64.
#22 8.009 Preparing to unpack .../38-libatk-bridge2.0-0_2.38.0-3_amd64.deb ...
#22 8.018 Unpacking libatk-bridge2.0-0:amd64 (2.38.0-3) ...
#22 8.073 Selecting previously unselected package libavahi-common-data:amd64.
#22 8.075 Preparing to unpack .../39-libavahi-common-data_0.8-5ubuntu5.2_amd64.deb ...
#22 8.084 Unpacking libavahi-common-data:amd64 (0.8-5ubuntu5.2) ...
#22 8.152 Selecting previously unselected package libavahi-common3:amd64.
#22 8.154 Preparing to unpack .../40-libavahi-common3_0.8-5ubuntu5.2_amd64.deb ...
#22 8.163 Unpacking libavahi-common3:amd64 (0.8-5ubuntu5.2) ...
#22 8.232 Selecting previously unselected package libavahi-client3:amd64.
#22 8.234 Preparing to unpack .../41-libavahi-client3_0.8-5ubuntu5.2_amd64.deb ...
#22 8.242 Unpacking libavahi-client3:amd64 (0.8-5ubuntu5.2) ...
#22 8.313 Selecting previously unselected package libcups2:amd64.
#22 8.315 Preparing to unpack .../42-libcups2_2.4.1op1-1ubuntu4.11_amd64.deb ...
#22 8.323 Unpacking libcups2:amd64 (2.4.1op1-1ubuntu4.11) ...
#22 8.381 Selecting previously unselected package libdpkg-perl.
#22 8.383 Preparing to unpack .../43-libdpkg-perl_1.21.1ubuntu2.3_all.deb ...
#22 8.392 Unpacking libdpkg-perl (1.21.1ubuntu2.3) ...
#22 8.463 Selecting previously unselected package libfile-fcntllock-perl.
#22 8.465 Preparing to unpack .../44-libfile-fcntllock-perl_0.22-3build7_amd64.deb ...
#22 8.473 Unpacking libfile-fcntllock-perl (0.22-3build7) ...
#22 8.545 Selecting previously unselected package libwayland-server0:amd64.
#22 8.547 Preparing to unpack .../45-libwayland-server0_1.20.0-1ubuntu0.1_amd64.deb ...
#22 8.555 Unpacking libwayland-server0:amd64 (1.20.0-1ubuntu0.1) ...
#22 8.625 Selecting previously unselected package libxcb-randr0:amd64.
#22 8.626 Preparing to unpack .../46-libxcb-randr0_1.14-3ubuntu3_amd64.deb ...
#22 8.635 Unpacking libxcb-randr0:amd64 (1.14-3ubuntu3) ...
#22 8.703 Selecting previously unselected package libgbm1:amd64.
#22 8.705 Preparing to unpack .../47-libgbm1_23.2.1-1ubuntu3.1~22.04.3_amd64.deb ...
#22 8.714 Unpacking libgbm1:amd64 (23.2.1-1ubuntu3.1~22.04.3) ...
#22 8.781 Selecting previously unselected package libnspr4:amd64.
#22 8.783 Preparing to unpack .../48-libnspr4_2%3a4.35-0ubuntu0.22.04.1_amd64.deb ...
#22 8.792 Unpacking libnspr4:amd64 (2:4.35-0ubuntu0.22.04.1) ...
#22 8.857 Selecting previously unselected package libnss3:amd64.
#22 8.859 Preparing to unpack .../49-libnss3_2%3a3.98-0ubuntu0.22.04.2_amd64.deb ...
#22 8.868 Unpacking libnss3:amd64 (2:3.98-0ubuntu0.22.04.2) ...
#22 9.007 Selecting previously unselected package libssl-dev:amd64.
#22 9.009 Preparing to unpack .../50-libssl-dev_3.0.2-0ubuntu1.18_amd64.deb ...
#22 9.017 Unpacking libssl-dev:amd64 (3.0.2-0ubuntu1.18) ...
#22 9.136 Selecting previously unselected package libwayland-client0:amd64.
#22 9.138 Preparing to unpack .../51-libwayland-client0_1.20.0-1ubuntu0.1_amd64.deb ...
#22 9.148 Unpacking libwayland-client0:amd64 (1.20.0-1ubuntu0.1) ...
#22 9.216 Selecting previously unselected package libxcomposite1:amd64.
#22 9.218 Preparing to unpack .../52-libxcomposite1_1%3a0.4.5-1build2_amd64.deb ...
#22 9.226 Unpacking libxcomposite1:amd64 (1:0.4.5-1build2) ...
#22 9.291 Selecting previously unselected package libxdamage1:amd64.
#22 9.293 Preparing to unpack .../53-libxdamage1_1%3a1.1.5-2build2_amd64.deb ...
#22 9.302 Unpacking libxdamage1:amd64 (1:1.1.5-2build2) ...
#22 9.369 Selecting previously unselected package libxkbcommon0:amd64.
#22 9.371 Preparing to unpack .../54-libxkbcommon0_1.4.0-1_amd64.deb ...
#22 9.381 Unpacking libxkbcommon0:amd64 (1.4.0-1) ...
#22 9.451 Selecting previously unselected package libxrandr2:amd64.
#22 9.453 Preparing to unpack .../55-libxrandr2_2%3a1.5.2-1build1_amd64.deb ...
#22 9.462 Unpacking libxrandr2:amd64 (2:1.5.2-1build1) ...
#22 9.530 Selecting previously unselected package pkg-config.
#22 9.532 Preparing to unpack .../56-pkg-config_0.29.2-1ubuntu3_amd64.deb ...
#22 9.541 Unpacking pkg-config (0.29.2-1ubuntu3) ...
#22 9.611 Setting up libwayland-server0:amd64 (1.20.0-1ubuntu0.1) ...
#22 9.639 Setting up session-migration (0.3.6) ...
#22 9.745 Created symlink /etc/systemd/user/graphical-session-pre.target.wants/session-migration.service  /usr/lib/systemd/user/session-migration.service.
#22 9.758 Setting up systemd-sysv (249.11-0ubuntu3.12) ...
#22 9.787 Setting up libxdamage1:amd64 (1:1.1.5-2build2) ...
#22 9.814 Setting up libxi6:amd64 (2:1.8-1build1) ...
#22 9.842 Setting up x11-common (1:7.7+23ubuntu2) ...
#22 10.05 invoke-rc.d: could not determine current runlevel
#22 10.06 invoke-rc.d: policy-rc.d denied execution of start.
#22 10.07 Setting up libnss-systemd:amd64 (249.11-0ubuntu3.12) ...
#22 10.09 First installation detected...
#22 10.09 Checking NSS setup...
#22 10.10 Setting up xkb-data (2.33-1) ...
#22 10.13 Setting up perl-modules-5.34 (5.34.0-3ubuntu1.3) ...
#22 10.15 Setting up bzip2 (1.0.8-5build1) ...
#22 10.18 Setting up libdconf1:amd64 (0.40.0-3) ...
#22 10.21 Setting up libasound2-data (1.2.6.1-1ubuntu1) ...
#22 10.24 Setting up libnspr4:amd64 (2:4.35-0ubuntu0.22.04.1) ...
#22 10.26 Setting up libavahi-common-data:amd64 (0.8-5ubuntu5.2) ...
#22 10.29 Setting up libdbus-1-3:amd64 (1.12.20-2ubuntu4.1) ...
#22 10.32 Setting up dbus (1.12.20-2ubuntu4.1) ...
#22 10.51 Setting up xz-utils (5.2.5-2ubuntu1) ...
#22 10.54 update-alternatives: using /usr/bin/xz to provide /usr/bin/lzma (lzma) in auto mode
#22 10.54 update-alternatives: warning: skip creation of /usr/share/man/man1/lzma.1.gz because associated file /usr/share/man/man1/xz.1.gz (of link group lzma) doesn't exist
#22 10.54 update-alternatives: warning: skip creation of /usr/share/man/man1/unlzma.1.gz because associated file /usr/share/man/man1/unxz.1.gz (of link group lzma) doesn't exist
#22 10.54 update-alternatives: warning: skip creation of /usr/share/man/man1/lzcat.1.gz because associated file /usr/share/man/man1/xzcat.1.gz (of link group lzma) doesn't exist
#22 10.54 update-alternatives: warning: skip creation of /usr/share/man/man1/lzmore.1.gz because associated file /usr/share/man/man1/xzmore.1.gz (of link group lzma) doesn't exist
#22 10.54 update-alternatives: warning: skip creation of /usr/share/man/man1/lzless.1.gz because associated file /usr/share/man/man1/xzless.1.gz (of link group lzma) doesn't exist
#22 10.54 update-alternatives: warning: skip creation of /usr/share/man/man1/lzdiff.1.gz because associated file /usr/share/man/man1/xzdiff.1.gz (of link group lzma) doesn't exist
#22 10.54 update-alternatives: warning: skip creation of /usr/share/man/man1/lzcmp.1.gz because associated file /usr/share/man/man1/xzcmp.1.gz (of link group lzma) doesn't exist
#22 10.54 update-alternatives: warning: skip creation of /usr/share/man/man1/lzgrep.1.gz because associated file /usr/share/man/man1/xzgrep.1.gz (of link group lzma) doesn't exist
#22 10.54 update-alternatives: warning: skip creation of /usr/share/man/man1/lzegrep.1.gz because associated file /usr/share/man/man1/xzegrep.1.gz (of link group lzma) doesn't exist
#22 10.54 update-alternatives: warning: skip creation of /usr/share/man/man1/lzfgrep.1.gz because associated file /usr/share/man/man1/xzfgrep.1.gz (of link group lzma) doesn't exist
#22 10.55 Setting up libssl-dev:amd64 (3.0.2-0ubuntu1.18) ...
#22 10.58 Setting up systemd-timesyncd (249.11-0ubuntu3.12) ...
#22 10.83 Created symlink /etc/systemd/system/dbus-org.freedesktop.timesync1.service  /lib/systemd/system/systemd-timesyncd.service.
#22 10.83 Created symlink /etc/systemd/system/sysinit.target.wants/systemd-timesyncd.service  /lib/systemd/system/systemd-timesyncd.service.
#22 10.84 Setting up libxrandr2:amd64 (2:1.5.2-1build1) ...
#22 10.87 Setting up libatk1.0-data (2.36.0-3build1) ...
#22 10.90 Setting up alsa-topology-conf (1.2.5.1-2) ...
#22 10.92 Setting up dmsetup (2:1.02.175-2.1ubuntu4) ...
#22 11.15 Setting up libxcb-randr0:amd64 (1.14-3ubuntu3) ...
#22 11.18 Setting up libasound2:amd64 (1.2.6.1-1ubuntu1) ...
#22 11.21 Setting up libpam-systemd:amd64 (249.11-0ubuntu3.12) ...
#22 11.33 Setting up libgirepository-1.0-1:amd64 (1.72.0-1) ...
#22 11.36 Setting up netbase (6.3) ...
#22 11.43 Setting up libatk1.0-0:amd64 (2.36.0-3build1) ...
#22 11.46 Setting up libxcomposite1:amd64 (1:0.4.5-1build2) ...
#22 11.49 Setting up liblocale-gettext-perl (1.07-4build3) ...
#22 11.51 Setting up libgdbm6:amd64 (1.23-1) ...
#22 11.54 Setting up libxkbcommon0:amd64 (1.4.0-1) ...
#22 11.57 Setting up libwayland-client0:amd64 (1.20.0-1ubuntu0.1) ...
#22 11.60 Setting up python3-dbus (1.2.18-3build1) ...
#22 11.81 Setting up libgbm1:amd64 (23.2.1-1ubuntu3.1~22.04.3) ...
#22 11.84 Setting up alsa-ucm-conf (1.2.6.3-1ubuntu1.12) ...
#22 11.87 Setting up libxtst6:amd64 (2:1.2.3-1build4) ...
#22 11.90 Setting up libavahi-common3:amd64 (0.8-5ubuntu5.2) ...
#22 11.93 Setting up libnss3:amd64 (2:3.98-0ubuntu0.22.04.2) ...
#22 11.96 Setting up libatspi2.0-0:amd64 (2.44.0-3) ...
#22 11.99 Setting up libatk-bridge2.0-0:amd64 (2.38.0-3) ...
#22 12.02 Setting up dbus-user-session (1.12.20-2ubuntu4.1) ...
#22 12.06 Setting up libgdbm-compat4:amd64 (1.23-1) ...
#22 12.09 Setting up gir1.2-glib-2.0:amd64 (1.72.0-1) ...
#22 12.12 Setting up libavahi-client3:amd64 (0.8-5ubuntu5.2) ...
#22 12.15 Setting up libperl5.34:amd64 (5.34.0-3ubuntu1.3) ...
#22 12.18 Setting up dconf-service (0.40.0-3) ...
#22 12.21 Setting up perl (5.34.0-3ubuntu1.3) ...
#22 12.25 Setting up python3-gi (3.42.1-0ubuntu1) ...
#22 12.40 Setting up libdpkg-perl (1.21.1ubuntu2.3) ...
#22 12.43 Setting up libcups2:amd64 (2.4.1op1-1ubuntu4.11) ...
#22 12.46 Setting up networkd-dispatcher (2.1-2ubuntu0.22.04.2) ...
#22 12.58 Created symlink /etc/systemd/system/multi-user.target.wants/networkd-dispatcher.service  /lib/systemd/system/networkd-dispatcher.service.
#22 12.60 Setting up dconf-gsettings-backend:amd64 (0.40.0-3) ...
#22 12.63 Setting up libfile-fcntllock-perl (0.22-3build7) ...
#22 12.66 Setting up pkg-config (0.29.2-1ubuntu3) ...
#22 12.72 Setting up gsettings-desktop-schemas (42.0-1ubuntu1) ...
#22 12.75 Processing triggers for libglib2.0-0:amd64 (2.72.4-0ubuntu2.4) ...
#22 12.80 Processing triggers for libc-bin (2.35-0ubuntu3.8) ...
#22 12.85 Setting up at-spi2-core (2.44.0-3) ...
#22 DONE 13.1s

#23 [test 10/11] RUN set -xu && 	cd /root/oko/backend && 	cargo test; exit 0
#23 0.445 + cd /root/oko/backend
#23 0.445 + cargo test
#23 0.551  Downloading crates ...
#23 0.838   Downloaded base64 v0.13.1
#23 0.870   Downloaded try-lock v0.2.5
#23 0.871   Downloaded darling_macro v0.13.4
#23 0.875   Downloaded ident_case v1.0.1
#23 0.888   Downloaded strong v0.3.4
#23 0.894   Downloaded sync_wrapper v0.1.2
#23 0.900   Downloaded want v0.3.1
#23 0.913   Downloaded adler2 v2.0.0
#23 0.916   Downloaded darling v0.13.4
#23 0.919   Downloaded dirs-sys v0.3.7
#23 0.925   Downloaded strsim v0.10.0
#23 0.927   Downloaded http-body v0.4.6
#23 0.930   Downloaded dirs v3.0.2
#23 0.934   Downloaded hyper-tls v0.5.0
#23 0.936   Downloaded bzip2 v0.4.4
#23 0.945   Downloaded rustls-pemfile v1.0.4
#23 0.948   Downloaded ipnet v2.10.1
#23 0.950   Downloaded crc32fast v1.4.2
#23 0.956   Downloaded serde_with_macros v1.5.2
#23 0.958   Downloaded time v0.1.45
#23 0.962   Downloaded miniz_oxide v0.8.0
#23 0.979   Downloaded darling_core v0.13.4
#23 0.988   Downloaded zip v0.5.13
#23 0.998   Downloaded http v0.2.12
#23 1.004   Downloaded serde_with v1.14.0
#23 1.012   Downloaded flate2 v1.0.35
#23 1.020   Downloaded itertools v0.10.5
#23 1.029   Downloaded reqwest v0.11.27
#23 1.039   Downloaded h2 v0.3.26
#23 1.048   Downloaded hyper v0.14.31
#23 1.059   Downloaded base64 v0.21.7
#23 1.065   Downloaded syn v1.0.109
#23 1.077   Downloaded playwright v0.0.20
#23 1.093   Downloaded bzip2-sys v0.1.11+1.0.8
#23 1.107   Downloaded encoding_rs v0.8.35
#23 1.210    Compiling bitflags v2.6.0
#23 1.213    Compiling futures-util v0.3.31
#23 1.213    Compiling openssl-sys v0.9.104
#23 1.217    Compiling foreign-types-shared v0.1.1
#23 1.217    Compiling openssl v0.10.68
#23 1.217    Compiling openssl-macros v0.1.1
#23 1.219    Compiling native-tls v0.2.12
#23 1.222    Compiling openssl-probe v0.1.5
#23 1.229    Compiling idna v1.0.3
#23 1.234    Compiling rustix v0.38.42
#23 1.238    Compiling tokio-stream v0.1.17
#23 1.238    Compiling http v0.2.12
#23 1.239    Compiling syn v1.0.109
#23 1.246    Compiling linux-raw-sys v0.4.14
#23 1.251    Compiling flume v0.11.1
#23 1.283    Compiling foreign-types v0.3.2
#23 1.304    Compiling tokio-util v0.7.13
#23 1.380    Compiling try-lock v0.2.5
#23 1.468    Compiling fastrand v2.3.0
#23 1.470    Compiling want v0.3.1
#23 1.484    Compiling ident_case v1.0.1
#23 1.529    Compiling strsim v0.10.0
#23 1.616    Compiling bzip2-sys v0.1.11+1.0.8
#23 1.620    Compiling base64 v0.21.7
#23 1.626    Compiling encoding_rs v0.8.35
#23 1.677    Compiling adler2 v2.0.0
#23 1.821    Compiling url v2.5.4
#23 1.832    Compiling ipnet v2.10.1
#23 1.935    Compiling sync_wrapper v0.1.2
#23 1.954    Compiling miniz_oxide v0.8.0
#23 1.995    Compiling crc32fast v1.4.2
#23 2.143    Compiling rustls-pemfile v1.0.4
#23 2.224    Compiling time v0.1.45
#23 2.242    Compiling dirs-sys v0.3.7
#23 2.305    Compiling itertools v0.10.5
#23 2.382    Compiling strong v0.3.4
#23 2.407    Compiling base64 v0.13.1
#23 2.588    Compiling http-body v0.4.6
#23 2.598    Compiling dirs v3.0.2
#23 2.718    Compiling flate2 v1.0.35
#23 3.232    Compiling bzip2 v0.4.4
#23 3.359    Compiling zip v0.5.13
#23 3.713    Compiling tempfile v3.14.0
#23 4.154    Compiling futures-executor v0.3.31
#23 4.154    Compiling sqlx-core v0.8.2
#23 4.154    Compiling h2 v0.3.26
#23 4.217    Compiling http-body-util v0.1.2
#23 4.217    Compiling hyper v1.5.1
#23 4.217    Compiling tower v0.5.2
#23 4.321    Compiling futures v0.3.31
#23 4.402    Compiling axum-core v0.4.5
#23 4.589    Compiling tower-http v0.6.2
#23 4.785    Compiling darling_core v0.13.4
#23 4.932    Compiling hyper-util v0.1.10
#23 6.070    Compiling darling_macro v0.13.4
#23 6.123    Compiling tokio-native-tls v0.3.1
#23 6.123    Compiling tungstenite v0.24.0
#23 6.257    Compiling tower-sessions-core v0.13.0
#23 6.257    Compiling tower-cookies v0.10.0
#23 6.257    Compiling axum-embed v0.1.0
#23 6.477    Compiling sqlx-sqlite v0.8.2
#23 6.738    Compiling tokio-tungstenite v0.24.0
#23 6.761    Compiling tower-sessions-memory-store v0.13.0
#23 6.815    Compiling darling v0.13.4
#23 6.872    Compiling serde_with_macros v1.5.2
#23 6.894    Compiling tower-sessions v0.13.0
#23 7.008    Compiling axum v0.7.9
#23 7.009    Compiling ws-utils v0.0.0 (/root/oko/backend/utils/ws-utils)
#23 7.653    Compiling serde_with v1.14.0
#23 7.757    Compiling hyper v0.14.31
#23 8.172    Compiling sqlx-macros-core v0.8.2
#23 9.237    Compiling sqlx-macros v0.8.2
#23 10.10    Compiling hyper-tls v0.5.0
#23 10.19    Compiling reqwest v0.11.27
#23 10.20    Compiling axum-login v0.16.0
#23 10.81    Compiling sqlx v0.8.2
#23 10.86    Compiling tower-sessions-sqlx-store v0.14.2
#23 11.29    Compiling oko v0.1.2 (/root/oko/backend)
#23 11.60    Compiling playwright v0.0.20
#23 29.29     Finished `test` profile [unoptimized + debuginfo] target(s) in 28.61s
#23 29.32      Running unittests src/lib.rs (target/debug/deps/oko-07c82b928d3a393e)
#23 29.32 
#23 29.32 running 28 tests
#23 29.52 test db::camera::tests::get_using_ip ... ok
#23 29.52 test db::camera::tests::get ... ok
#23 29.56 test db::camera::tests::update ... ok
#23 29.56 test db::camera::tests::create ... ok
#23 29.56 test db::camera::tests::delete ... ok
#23 29.57 test db::camera_permission::tests::list_for_camera_with_username ... ok
#23 29.59 test db::camera_setting::tests::get ... ok
#23 29.59 test db::camera_permission::tests::get ... ok
#23 29.59 test db::camera_permission::tests::list_for_camera ... ok
#23 29.60 test db::camera::tests::list_accessible_to_user ... ok
#23 29.60 test db::camera_setting::tests::update ... ok
#23 29.60 test db::camera_permission::tests::delete ... ok
#23 29.62 test db::camera_permission::tests::create ... ok
#23 29.62 test db::camera_setting::tests::delete ... ok
#23 29.63 test db::camera_setting::tests::create ... ok
#23 29.63 test db::camera_permission::tests::update ... ok
#23 29.68 test db::user::tests::create_existing ... ok
#23 29.71 test db::user::tests::get_using_username ... ok
#23 29.72 test db::user::tests::create ... ok
#23 29.72 test db::user::tests::get ... ok
#23 29.72 test db::user::tests::to_redacted_clone ... ok
#23 29.74 test db::user::tests::delete ... ok
#23 29.76 test db::user::tests::update ... ok
#23 29.77 test db::video::tests::list_for_camera ... ok
#23 29.77 test db::video::tests::get ... ok
#23 29.79 test db::video::tests::delete ... ok
#23 29.79 test db::video::tests::update ... ok
#23 29.79 test db::video::tests::create ... ok
#23 29.79 
#23 29.79 test result: ok. 28 passed; 0 failed; 0 ignored; 0 measured; 0 filtered out; finished in 0.47s
#23 29.79 
#23 29.80      Running unittests src/main.rs (target/debug/deps/oko-13b09a8f75ca55e6)
#23 29.80 
#23 29.80 running 0 tests
#23 29.80 
#23 29.80 test result: ok. 0 passed; 0 failed; 0 ignored; 0 measured; 0 filtered out; finished in 0.00s
#23 29.80 
#23 29.80      Running tests/api.rs (target/debug/deps/api-6237c0663de291ee)
#23 29.80 
#23 29.80 running 0 tests
#23 29.80 
#23 29.80 test result: ok. 0 passed; 0 failed; 0 ignored; 0 measured; 0 filtered out; finished in 0.00s
#23 29.80 
#23 29.80      Running tests/app.rs (target/debug/deps/app-ea0acbeb6ae336a8)
#23 29.80 
#23 29.80 running 0 tests
#23 29.80 
#23 29.80 test result: ok. 0 passed; 0 failed; 0 ignored; 0 measured; 0 filtered out; finished in 0.00s
#23 29.80 
#23 29.80      Running tests/db.rs (target/debug/deps/db-cf395a4adede822c)
#23 29.80 
#23 29.80 running 2 tests
#23 29.96 test user_on_delete ... ok
#23 29.98 test camera_on_delete ... ok
#23 29.98 
#23 29.98 test result: ok. 2 passed; 0 failed; 0 ignored; 0 measured; 0 filtered out; finished in 0.17s
#23 29.98 
#23 29.98      Running tests/utils.rs (target/debug/deps/utils-746b119b2fa42b62)
#23 29.98 
#23 29.98 running 0 tests
#23 29.98 
#23 29.98 test result: ok. 0 passed; 0 failed; 0 ignored; 0 measured; 0 filtered out; finished in 0.00s
#23 29.98 
#23 29.98      Running tests/web.rs (target/debug/deps/web-30f027e0f8f401f7)
#23 30.05 
#23 30.05 running 10 tests
#23 37.51 
#23 41.28 test camera_add_remove ... FAILED
#23 41.29 test live_feed ... FAILED
#23 41.29 test camera_user_can_view ... FAILED
#23 41.29 test home_redirect ... FAILED
#23 41.29 test home_feeds ... FAILED
#23 41.29 test camera_user_permission_updates ... FAILED
#23 41.31 test download_video ... FAILED
#23 41.32 test multi_camera_record ... FAILED
#23 41.35 test record ... FAILED
#23 42.36 chromium v878941 downloaded to /root/.cache/ms-playwright/chromium-878941
#23 42.68 
#23 42.74 ffmpeg v1005 downloaded to /root/.cache/ms-playwright/ffmpeg-1005
#23 43.74 test login_and_logout ... ok
#23 43.74 
#23 43.74 failures:
#23 43.74 
#23 43.74 ---- camera_add_remove stdout ----
#23 43.74 Error: InitializationError
#23 43.74 
#23 43.74 ---- live_feed stdout ----
#23 43.74 Error: InitializationError
#23 43.74 
#23 43.74 ---- camera_user_can_view stdout ----
#23 43.74 Error: InitializationError
#23 43.74 
#23 43.74 ---- home_redirect stdout ----
#23 43.74 Error: InitializationError
#23 43.74 
#23 43.74 ---- home_feeds stdout ----
#23 43.74 Error: InitializationError
#23 43.74 
#23 43.74 ---- camera_user_permission_updates stdout ----
#23 43.74 Error: InitializationError
#23 43.74 
#23 43.74 ---- download_video stdout ----
#23 43.74 Error: InitializationError
#23 43.74 
#23 43.74 ---- multi_camera_record stdout ----
#23 43.74 Error: InitializationError
#23 43.74 
#23 43.74 ---- record stdout ----
#23 43.74 Error: InitializationError
#23 43.74 
#23 43.74 
#23 43.74 failures:
#23 43.74     camera_add_remove
#23 43.74     camera_user_can_view
#23 43.74     camera_user_permission_updates
#23 43.74     download_video
#23 43.74     home_feeds
#23 43.74     home_redirect
#23 43.74     live_feed
#23 43.74     multi_camera_record
#23 43.74     record
#23 43.74 
#23 43.74 test result: FAILED. 1 passed; 9 failed; 0 ignored; 0 measured; 0 filtered out; finished in 13.68s
#23 43.74 
#23 43.76 error: test failed, to rerun pass `--test web`
#23 43.77 + exit 0
#23 DONE 44.1s

#24 [test 11/11] RUN set -xeu && 	cd /root/oko/backend && 	cargo test
#24 0.350 + cd /root/oko/backend
#24 0.350 + cargo test
#24 0.554     Finished `test` profile [unoptimized + debuginfo] target(s) in 0.17s
#24 0.567      Running unittests src/lib.rs (target/debug/deps/oko-07c82b928d3a393e)
#24 0.569 
#24 0.569 running 28 tests
#24 0.782 test db::camera::tests::get ... ok
#24 0.791 test db::camera::tests::get_using_ip ... ok
#24 0.808 test db::camera::tests::update ... ok
#24 0.809 test db::camera::tests::create ... ok
#24 0.818 test db::camera::tests::delete ... ok
#24 0.858 test db::camera_permission::tests::get ... ok
#24 0.858 test db::camera_permission::tests::list_for_camera_with_username ... ok
#24 0.859 test db::camera::tests::list_accessible_to_user ... ok
#24 0.859 test db::camera_permission::tests::list_for_camera ... ok
#24 0.862 test db::camera_setting::tests::get ... ok
#24 0.885 test db::camera_permission::tests::delete ... ok
#24 0.894 test db::camera_permission::tests::update ... ok
#24 0.894 test db::camera_setting::tests::update ... ok
#24 0.895 test db::camera_setting::tests::create ... ok
#24 0.896 test db::camera_permission::tests::create ... ok
#24 0.896 test db::camera_setting::tests::delete ... ok
#24 0.930 test db::user::tests::create_existing ... ok
#24 0.961 test db::user::tests::get ... ok
#24 0.966 test db::user::tests::create ... ok
#24 0.970 test db::user::tests::get_using_username ... ok
#24 0.984 test db::user::tests::delete ... ok
#24 1.002 test db::user::tests::to_redacted_clone ... ok
#24 1.029 test db::user::tests::update ... ok
#24 1.031 test db::video::tests::get ... ok
#24 1.044 test db::video::tests::list_for_camera ... ok
#24 1.054 test db::video::tests::create ... ok
#24 1.054 test db::video::tests::delete ... ok
#24 1.071 test db::video::tests::update ... ok
#24 1.071 
#24 1.071 test result: ok. 28 passed; 0 failed; 0 ignored; 0 measured; 0 filtered out; finished in 0.50s
#24 1.071 
#24 1.072      Running unittests src/main.rs (target/debug/deps/oko-13b09a8f75ca55e6)
#24 1.074 
#24 1.074 running 0 tests
#24 1.074 
#24 1.074 test result: ok. 0 passed; 0 failed; 0 ignored; 0 measured; 0 filtered out; finished in 0.00s
#24 1.074 
#24 1.074      Running tests/api.rs (target/debug/deps/api-6237c0663de291ee)
#24 1.076 
#24 1.076 running 0 tests
#24 1.076 
#24 1.076 test result: ok. 0 passed; 0 failed; 0 ignored; 0 measured; 0 filtered out; finished in 0.00s
#24 1.076 
#24 1.076      Running tests/app.rs (target/debug/deps/app-ea0acbeb6ae336a8)
#24 1.077 
#24 1.077 running 0 tests
#24 1.077 
#24 1.077 test result: ok. 0 passed; 0 failed; 0 ignored; 0 measured; 0 filtered out; finished in 0.00s
#24 1.077 
#24 1.077      Running tests/db.rs (target/debug/deps/db-cf395a4adede822c)
#24 1.080 
#24 1.080 running 2 tests
#24 1.260 test user_on_delete ... ok
#24 1.278 test camera_on_delete ... ok
#24 1.278 
#24 1.278 test result: ok. 2 passed; 0 failed; 0 ignored; 0 measured; 0 filtered out; finished in 0.20s
#24 1.278 
#24 1.279      Running tests/utils.rs (target/debug/deps/utils-746b119b2fa42b62)
#24 1.281 
#24 1.281 running 0 tests
#24 1.281 
#24 1.281 test result: ok. 0 passed; 0 failed; 0 ignored; 0 measured; 0 filtered out; finished in 0.00s
#24 1.281 
#24 1.281      Running tests/web.rs (target/debug/deps/web-30f027e0f8f401f7)
#24 1.300 
#24 1.300 running 10 tests
#24 3.232 test camera_user_can_view ... ok
#24 3.304 test login_and_logout ... ok
#24 3.366 test home_feeds ... ok
#24 3.514 test home_redirect ... ok
#24 3.987 test camera_user_permission_updates ... ok
#24 4.237 test multi_camera_record ... ok
#24 4.425 test live_feed ... ok
#24 4.641 test camera_add_remove ... ok
#24 5.172 test record ... ok
#24 7.110 test download_video ... ok
#24 7.110 
#24 7.110 test result: ok. 10 passed; 0 failed; 0 ignored; 0 measured; 0 filtered out; finished in 5.81s
#24 7.110 
#24 7.124    Doc-tests oko
#24 7.334 
#24 7.334 running 0 tests
#24 7.334 
#24 7.334 test result: ok. 0 passed; 0 failed; 0 ignored; 0 measured; 0 filtered out; finished in 0.00s
#24 7.334 
#24 DONE 7.4s

#25 exporting to image
#25 exporting layers
#25 exporting layers 2.7s done
#25 writing image sha256:c23b877bca6f4e703e5be13141074be7846619a9f0e4e0df7e44c09025b9fbab done
#25 DONE 2.8s
