#0 building with "default" instance using docker driver

#1 [internal] load build definition from ubuntu-22.04-opencv-full-build.Dockerfile
#1 transferring dockerfile: 9.01kB done
#1 DONE 0.0s

#2 [internal] load metadata for docker.io/library/ubuntu:22.04
#2 DONE 0.0s

#3 [internal] load metadata for docker.io/library/node:22.12
#3 DONE 0.6s

#4 [internal] load .dockerignore
#4 transferring context: 2B done
#4 DONE 0.0s

#5 [frontend 1/3] FROM docker.io/library/node:22.12@sha256:0e910f435308c36ea60b4cfd7b80208044d77a074d16b768a81901ce938a62dc
#5 DONE 0.0s

#6 [opencv_download 1/4] FROM docker.io/library/ubuntu:22.04
#6 DONE 0.0s

#7 [opencv_download 2/4] RUN set -xeu &&     apt-get update &&     DEBIAN_FRONTEND=noninteractive apt-get dist-upgrade -y &&     apt-get autoremove -y --purge &&     apt-get -y autoclean
#7 CACHED

#8 [opencv_download 4/4] RUN set -xeu &&     mkdir -p /root/dist &&     curl -sSfL "https://github.com/opencv/opencv/archive/refs/tags/4.8.0.tar.gz" | tar xz -C /root/dist &&     curl -sSfL "https://github.com/opencv/opencv_contrib/archive/refs/tags/4.8.0.tar.gz" | tar xz -C /root/dist &&     sed -ri 's/Ptr<FarnebackOpticalFlow> cv::cuda::FarnebackOpticalFlow::create/Ptr<cv::cuda::FarnebackOpticalFlow> cv::cuda::FarnebackOpticalFlow::create/' "/root/dist/opencv_contrib-4.8.0/modules/cudaoptflow/src/farneback.cpp" # patch for version 4.8.0
#8 CACHED

#9 [backend 3/5] RUN set -xeu &&     DEBIAN_FRONTEND=noninteractive apt-get install -y clang libclang-dev cmake     libatlas-base-dev libceres-dev libeigen3-dev libva-dev     libavcodec-dev libavformat-dev libavutil-dev libswscale-dev
#9 CACHED

#10 [opencv_download 3/4] RUN set -xeu && 	DEBIAN_FRONTEND=noninteractive apt-get install -y curl
#10 CACHED

#11 [backend 4/5] COPY --from=opencv_download /root/dist /root/dist
#11 CACHED

#12 [backend 5/5] RUN set -xeu &&     mkdir -p /root/build &&     cmake -B /root/build -S "/root/dist/opencv-4.8.0" -D OPENCV_EXTRA_MODULES_PATH="/root/dist/opencv_contrib-4.8.0/modules" -D CMAKE_INSTALL_PREFIX=/opt/opencv     	-D BUILD_CUDA_STUBS=OFF     	-D BUILD_DOCS=OFF     	-D BUILD_EXAMPLES=OFF     	-D BUILD_IPP_IW=ON     	-D BUILD_ITT=OFF     	-D BUILD_JASPER=ON     	-D BUILD_JAVA=OFF     	-D BUILD_JPEG=ON     	-D BUILD_OPENEXR=OFF     	-D BUILD_PERF_TESTS=OFF     	-D BUILD_PNG=ON     	-D BUILD_PROTOBUF=OFF     	-D BUILD_SHARED_LIBS=OFF     	-D BUILD_TBB=OFF     	-D BUILD_TESTS=OFF     	-D BUILD_TIFF=OFF     	-D BUILD_WEBP=OFF     	-D BUILD_WITH_DYNAMIC_IPP=OFF     	-D BUILD_ZLIB=ON 		-D BUILD_opencv_alphamat=OFF 		-D BUILD_opencv_aruco=OFF 		-D BUILD_opencv_bgsegm=OFF 		-D BUILD_opencv_bioinspired=OFF 		-D BUILD_opencv_calib3d=OFF 		-D BUILD_opencv_ccalib=OFF 		-D BUILD_opencv_core=ON 		-D BUILD_opencv_datasets=OFF 		-D BUILD_opencv_dnn=OFF 		-D BUILD_opencv_dnn_objdetect=OFF 		-D BUILD_opencv_dnn_superres=OFF 		-D BUILD_opencv_dpm=OFF 		-D BUILD_opencv_face=OFF 		-D BUILD_opencv_features2d=OFF 		-D BUILD_opencv_flann=OFF 		-D BUILD_opencv_fuzzy=OFF 		-D BUILD_opencv_gapi=OFF 		-D BUILD_opencv_hfs=OFF 		-D BUILD_opencv_highgui=OFF 		-D BUILD_opencv_img_hash=OFF 		-D BUILD_opencv_imgcodecs=ON 		-D BUILD_opencv_imgproc=ON 		-D BUILD_opencv_intensity_transform=OFF 		-D BUILD_opencv_java_bindings_generator=OFF 		-D BUILD_opencv_js_bindings_generator=OFF 		-D BUILD_opencv_line_descriptor=OFF 		-D BUILD_opencv_mcc=OFF 		-D BUILD_opencv_ml=OFF 		-D BUILD_opencv_objc_bindings_generator=OFF 		-D BUILD_opencv_objdetect=OFF 		-D BUILD_opencv_optflow=OFF 		-D BUILD_opencv_phase_unwrapping=OFF 		-D BUILD_opencv_photo=OFF 		-D BUILD_opencv_plot=OFF 		-D BUILD_opencv_python_bindings_generator=OFF 		-D BUILD_opencv_python_tests=OFF 		-D BUILD_opencv_quality=OFF 		-D BUILD_opencv_rapid=OFF 		-D BUILD_opencv_reg=OFF 		-D BUILD_opencv_rgbd=OFF 		-D BUILD_opencv_saliency=OFF 		-D BUILD_opencv_sfm=OFF 		-D BUILD_opencv_shape=OFF 		-D BUILD_opencv_stereo=OFF 		-D BUILD_opencv_stitching=OFF 		-D BUILD_opencv_structured_light=OFF 		-D BUILD_opencv_superres=OFF 		-D BUILD_opencv_surface_matching=OFF 		-D BUILD_opencv_text=OFF 		-D BUILD_opencv_tracking=OFF 		-D BUILD_opencv_video=ON 		-D BUILD_opencv_videoio=ON 		-D BUILD_opencv_videostab=OFF 		-D BUILD_opencv_wechat_qrcode=OFF 		-D BUILD_opencv_xfeatures2d=OFF 		-D BUILD_opencv_ximgproc=OFF 		-D BUILD_opencv_xobjdetect=OFF 		-D BUILD_opencv_xphoto=OFF 		-D BUILD_opencv_freetype=OFF     	-D BUILD_opencv_apps=OFF     	-D BUILD_opencv_python2=OFF     	-D BUILD_opencv_python3=OFF     	-D CMAKE_BUILD_TYPE=Release     	-D ENABLE_CONFIG_VERIFICATION=OFF     	-D CV_ENABLE_INTRINSICS=ON     	-D ENABLE_PIC=ON     	-D INSTALL_CREATE_DISTRIB=OFF     	-D INSTALL_PYTHON_EXAMPLES=OFF     	-D INSTALL_C_EXAMPLES=OFF     	-D INSTALL_TESTS=OFF     	-D OPENCV_ENABLE_NONFREE=ON     	-D OPENCV_FORCE_3RDPARTY_BUILD=ON     	-D OPENCV_GENERATE_PKGCONFIG=OFF     	-D PROTOBUF_UPDATE_FILES=OFF 		-D OPENCV_DNN_OPENCL=OFF 		-D OPENCV_DNN_TFLITE=OFF 		-D OPENCV_TEST_DNN_TFLITE=OFF     	-D WITH_1394=OFF     	-D WITH_ADE=OFF     	-D WITH_ARAVIS=OFF     	-D WITH_CLP=OFF     	-D WITH_CUBLAS=OFF     	-D WITH_CUDA=OFF     	-D WITH_CUFFT=OFF     	-D WITH_EIGEN=ON     	-D WITH_FFMPEG=ON 		-D WITH_FLATBUFFERS=OFF 		-D WITH_FREETYPE=OFF     	-D WITH_GDAL=OFF     	-D WITH_GDCM=OFF     	-D WITH_GIGEAPI=OFF     	-D WITH_GPHOTO2=OFF     	-D WITH_GSTREAMER=OFF     	-D WITH_GSTREAMER_0_10=OFF     	-D WITH_GTK=OFF     	-D WITH_GTK_2_X=OFF     	-D WITH_HALIDE=OFF     	-D WITH_IMGCODEC_HDcR=OFF 		-D WITH_IMGCODEC_HDR=OFF     	-D WITH_IMGCODEC_PXM=OFF 		-D WITH_IMGCODEC_PFM=OFF     	-D WITH_IMGCODEC_SUNRASTER=OFF     	-D WITH_INF_ENGINE=OFF     	-D WITH_IPP=ON     	-D WITH_ITT=OFF     	-D WITH_JASPER=ON     	-D WITH_JPEG=ON     	-D WITH_LAPACK=OFF     	-D WITH_LIBV4L=OFF     	-D WITH_MATLAB=OFF     	-D WITH_MFX=OFF     	-D WITH_NVCUVID=OFF     	-D WITH_OPENCL=OFF     	-D WITH_OPENCLAMDBLAS=OFF     	-D WITH_OPENCLAMDFFT=OFF     	-D WITH_OPENCL_SVM=OFF     	-D WITH_OPENEXR=OFF     	-D WITH_OPENGL=OFF     	-D WITH_OPENMP=OFF     	-D WITH_OPENNI2=OFF     	-D WITH_OPENNI=OFF     	-D WITH_OPENVX=OFF 		-D WITH_OBSENSOR=OFF     	-D WITH_PNG=ON     	-D WITH_PROTOBUF=OFF     	-D WITH_PTHREADS_PF=ON     	-D WITH_PVAPI=OFF 		-D WITH_TESSERACT=OFF     	-D WITH_QT=OFF     	-D WITH_QUIRC=OFF     	-D WITH_TBB=OFF     	-D WITH_TIFF=OFF     	-D WITH_UNICAP=OFF     	-D WITH_V4L=OFF     	-D WITH_VA=ON     	-D WITH_VA_INTEL=ON     	-D WITH_VTK=OFF     	-D WITH_WEBP=OFF     	-D WITH_XIMEA=OFF     	-D WITH_XINE=OFF &&     make -C /root/build -j`nproc` install
#12 0.366 + mkdir -p /root/build
#12 0.376 + cmake -B /root/build -S /root/dist/opencv-4.8.0 -D OPENCV_EXTRA_MODULES_PATH=/root/dist/opencv_contrib-4.8.0/modules -D CMAKE_INSTALL_PREFIX=/opt/opencv -D BUILD_CUDA_STUBS=OFF -D BUILD_DOCS=OFF -D BUILD_EXAMPLES=OFF -D BUILD_IPP_IW=ON -D BUILD_ITT=OFF -D BUILD_JASPER=ON -D BUILD_JAVA=OFF -D BUILD_JPEG=ON -D BUILD_OPENEXR=OFF -D BUILD_PERF_TESTS=OFF -D BUILD_PNG=ON -D BUILD_PROTOBUF=OFF -D BUILD_SHARED_LIBS=OFF -D BUILD_TBB=OFF -D BUILD_TESTS=OFF -D BUILD_TIFF=OFF -D BUILD_WEBP=OFF -D BUILD_WITH_DYNAMIC_IPP=OFF -D BUILD_ZLIB=ON -D BUILD_opencv_alphamat=OFF -D BUILD_opencv_aruco=OFF -D BUILD_opencv_bgsegm=OFF -D BUILD_opencv_bioinspired=OFF -D BUILD_opencv_calib3d=OFF -D BUILD_opencv_ccalib=OFF -D BUILD_opencv_core=ON -D BUILD_opencv_datasets=OFF -D BUILD_opencv_dnn=OFF -D BUILD_opencv_dnn_objdetect=OFF -D BUILD_opencv_dnn_superres=OFF -D BUILD_opencv_dpm=OFF -D BUILD_opencv_face=OFF -D BUILD_opencv_features2d=OFF -D BUILD_opencv_flann=OFF -D BUILD_opencv_fuzzy=OFF -D BUILD_opencv_gapi=OFF -D BUILD_opencv_hfs=OFF -D BUILD_opencv_highgui=OFF -D BUILD_opencv_img_hash=OFF -D BUILD_opencv_imgcodecs=ON -D BUILD_opencv_imgproc=ON -D BUILD_opencv_intensity_transform=OFF -D BUILD_opencv_java_bindings_generator=OFF -D BUILD_opencv_js_bindings_generator=OFF -D BUILD_opencv_line_descriptor=OFF -D BUILD_opencv_mcc=OFF -D BUILD_opencv_ml=OFF -D BUILD_opencv_objc_bindings_generator=OFF -D BUILD_opencv_objdetect=OFF -D BUILD_opencv_optflow=OFF -D BUILD_opencv_phase_unwrapping=OFF -D BUILD_opencv_photo=OFF -D BUILD_opencv_plot=OFF -D BUILD_opencv_python_bindings_generator=OFF -D BUILD_opencv_python_tests=OFF -D BUILD_opencv_quality=OFF -D BUILD_opencv_rapid=OFF -D BUILD_opencv_reg=OFF -D BUILD_opencv_rgbd=OFF -D BUILD_opencv_saliency=OFF -D BUILD_opencv_sfm=OFF -D BUILD_opencv_shape=OFF -D BUILD_opencv_stereo=OFF -D BUILD_opencv_stitching=OFF -D BUILD_opencv_structured_light=OFF -D BUILD_opencv_superres=OFF -D BUILD_opencv_surface_matching=OFF -D BUILD_opencv_text=OFF -D BUILD_opencv_tracking=OFF -D BUILD_opencv_video=ON -D BUILD_opencv_videoio=ON -D BUILD_opencv_videostab=OFF -D BUILD_opencv_wechat_qrcode=OFF -D BUILD_opencv_xfeatures2d=OFF -D BUILD_opencv_ximgproc=OFF -D BUILD_opencv_xobjdetect=OFF -D BUILD_opencv_xphoto=OFF -D BUILD_opencv_freetype=OFF -D BUILD_opencv_apps=OFF -D BUILD_opencv_python2=OFF -D BUILD_opencv_python3=OFF -D CMAKE_BUILD_TYPE=Release -D ENABLE_CONFIG_VERIFICATION=OFF -D CV_ENABLE_INTRINSICS=ON -D ENABLE_PIC=ON -D INSTALL_CREATE_DISTRIB=OFF -D INSTALL_PYTHON_EXAMPLES=OFF -D INSTALL_C_EXAMPLES=OFF -D INSTALL_TESTS=OFF -D OPENCV_ENABLE_NONFREE=ON -D OPENCV_FORCE_3RDPARTY_BUILD=ON -D OPENCV_GENERATE_PKGCONFIG=OFF -D PROTOBUF_UPDATE_FILES=OFF -D OPENCV_DNN_OPENCL=OFF -D OPENCV_DNN_TFLITE=OFF -D OPENCV_TEST_DNN_TFLITE=OFF -D WITH_1394=OFF -D WITH_ADE=OFF -D WITH_ARAVIS=OFF -D WITH_CLP=OFF -D WITH_CUBLAS=OFF -D WITH_CUDA=OFF -D WITH_CUFFT=OFF -D WITH_EIGEN=ON -D WITH_FFMPEG=ON -D WITH_FLATBUFFERS=OFF -D WITH_FREETYPE=OFF -D WITH_GDAL=OFF -D WITH_GDCM=OFF -D WITH_GIGEAPI=OFF -D WITH_GPHOTO2=OFF -D WITH_GSTREAMER=OFF -D WITH_GSTREAMER_0_10=OFF -D WITH_GTK=OFF -D WITH_GTK_2_X=OFF -D WITH_HALIDE=OFF -D WITH_IMGCODEC_HDcR=OFF -D WITH_IMGCODEC_HDR=OFF -D WITH_IMGCODEC_PXM=OFF -D WITH_IMGCODEC_PFM=OFF -D WITH_IMGCODEC_SUNRASTER=OFF -D WITH_INF_ENGINE=OFF -D WITH_IPP=ON -D WITH_ITT=OFF -D WITH_JASPER=ON -D WITH_JPEG=ON -D WITH_LAPACK=OFF -D WITH_LIBV4L=OFF -D WITH_MATLAB=OFF -D WITH_MFX=OFF -D WITH_NVCUVID=OFF -D WITH_OPENCL=OFF -D WITH_OPENCLAMDBLAS=OFF -D WITH_OPENCLAMDFFT=OFF -D WITH_OPENCL_SVM=OFF -D WITH_OPENEXR=OFF -D WITH_OPENGL=OFF -D WITH_OPENMP=OFF -D WITH_OPENNI2=OFF -D WITH_OPENNI=OFF -D WITH_OPENVX=OFF -D WITH_OBSENSOR=OFF -D WITH_PNG=ON -D WITH_PROTOBUF=OFF -D WITH_PTHREADS_PF=ON -D WITH_PVAPI=OFF -D WITH_TESSERACT=OFF -D WITH_QT=OFF -D WITH_QUIRC=OFF -D WITH_TBB=OFF -D WITH_TIFF=OFF -D WITH_UNICAP=OFF -D WITH_V4L=OFF -D WITH_VA=ON -D WITH_VA_INTEL=ON -D WITH_VTK=OFF -D WITH_WEBP=OFF -D WITH_XIMEA=OFF -D WITH_XINE=OFF
#12 1.146 -- The CXX compiler identification is Clang 14.0.0
#12 1.282 -- The C compiler identification is GNU 11.4.0
#12 1.297 -- Detecting CXX compiler ABI info
#12 1.425 -- Detecting CXX compiler ABI info - done
#12 1.430 -- Check for working CXX compiler: /usr/bin/c++ - skipped
#12 1.430 -- Detecting CXX compile features
#12 1.431 -- Detecting CXX compile features - done
#12 1.435 -- Detecting C compiler ABI info
#12 1.491 -- Detecting C compiler ABI info - done
#12 1.497 -- Check for working C compiler: /usr/bin/cc - skipped
#12 1.497 -- Detecting C compile features
#12 1.498 -- Detecting C compile features - done
#12 1.505 -- ocv_init_download: OpenCV source tree is not fetched as git repository. 3rdparty resources will be downloaded from github.com by default.
#12 1.506 -- Detected processor: x86_64
#12 1.524 -- Could NOT find PythonInterp (missing: PYTHON_EXECUTABLE) (Required is at least version "2.7")
#12 1.568 -- Found PythonInterp: /usr/bin/python3 (found suitable version "3.10.12", minimum required is "3.2") 
#12 1.583 -- Could NOT find PythonLibs (missing: PYTHON_LIBRARIES PYTHON_INCLUDE_DIRS) (Required is exact version "3.10.12")
#12 1.606 Traceback (most recent call last):
#12 1.606   File "<string>", line 1, in <module>
#12 1.606 ModuleNotFoundError: No module named 'numpy'
#12 1.611 -- Looking for ccache - not found
#12 1.611 -- Performing Test HAVE_CXX_FSIGNED_CHAR
#12 1.735 -- Performing Test HAVE_CXX_FSIGNED_CHAR - Success
#12 1.735 -- Performing Test HAVE_C_FSIGNED_CHAR
#12 1.801 -- Performing Test HAVE_C_FSIGNED_CHAR - Success
#12 1.802 -- Performing Test HAVE_CXX_W
#12 1.912 -- Performing Test HAVE_CXX_W - Success
#12 1.913 -- Performing Test HAVE_C_W
#12 1.963 -- Performing Test HAVE_C_W - Success
#12 1.963 -- Performing Test HAVE_CXX_WALL
#12 2.076 -- Performing Test HAVE_CXX_WALL - Success
#12 2.077 -- Performing Test HAVE_C_WALL
#12 2.128 -- Performing Test HAVE_C_WALL - Success
#12 2.128 -- Performing Test HAVE_CXX_WRETURN_TYPE
#12 2.237 -- Performing Test HAVE_CXX_WRETURN_TYPE - Success
#12 2.237 -- Performing Test HAVE_C_WRETURN_TYPE
#12 2.288 -- Performing Test HAVE_C_WRETURN_TYPE - Success
#12 2.288 -- Performing Test HAVE_CXX_WNON_VIRTUAL_DTOR
#12 2.405 -- Performing Test HAVE_CXX_WNON_VIRTUAL_DTOR - Success
#12 2.405 -- Performing Test HAVE_C_WNON_VIRTUAL_DTOR
#12 2.455 -- Performing Test HAVE_C_WNON_VIRTUAL_DTOR - Failed
#12 2.455 -- Performing Test HAVE_CXX_WADDRESS
#12 2.552 -- Performing Test HAVE_CXX_WADDRESS - Success
#12 2.552 -- Performing Test HAVE_C_WADDRESS
#12 2.600 -- Performing Test HAVE_C_WADDRESS - Success
#12 2.600 -- Performing Test HAVE_CXX_WSEQUENCE_POINT
#12 2.695 -- Performing Test HAVE_CXX_WSEQUENCE_POINT - Success
#12 2.696 -- Performing Test HAVE_C_WSEQUENCE_POINT
#12 2.744 -- Performing Test HAVE_C_WSEQUENCE_POINT - Success
#12 2.744 -- Performing Test HAVE_CXX_WFORMAT
#12 2.837 -- Performing Test HAVE_CXX_WFORMAT - Success
#12 2.837 -- Performing Test HAVE_C_WFORMAT
#12 2.897 -- Performing Test HAVE_C_WFORMAT - Success
#12 2.897 -- Performing Test HAVE_CXX_WFORMAT_SECURITY
#12 3.006 -- Performing Test HAVE_CXX_WFORMAT_SECURITY - Success
#12 3.006 -- Performing Test HAVE_C_WFORMAT_SECURITY
#12 3.057 -- Performing Test HAVE_C_WFORMAT_SECURITY - Success
#12 3.057 -- Performing Test HAVE_CXX_WMISSING_DECLARATIONS
#12 3.152 -- Performing Test HAVE_CXX_WMISSING_DECLARATIONS - Success
#12 3.152 -- Performing Test HAVE_C_WMISSING_DECLARATIONS
#12 3.200 -- Performing Test HAVE_C_WMISSING_DECLARATIONS - Success
#12 3.200 -- Performing Test HAVE_CXX_WMISSING_PROTOTYPES
#12 3.296 -- Performing Test HAVE_CXX_WMISSING_PROTOTYPES - Success
#12 3.296 -- Performing Test HAVE_C_WMISSING_PROTOTYPES
#12 3.345 -- Performing Test HAVE_C_WMISSING_PROTOTYPES - Success
#12 3.346 -- Performing Test HAVE_CXX_WSTRICT_PROTOTYPES
#12 3.439 -- Performing Test HAVE_CXX_WSTRICT_PROTOTYPES - Success
#12 3.439 -- Performing Test HAVE_C_WSTRICT_PROTOTYPES
#12 3.488 -- Performing Test HAVE_C_WSTRICT_PROTOTYPES - Success
#12 3.488 -- Performing Test HAVE_CXX_WUNDEF
#12 3.580 -- Performing Test HAVE_CXX_WUNDEF - Success
#12 3.580 -- Performing Test HAVE_C_WUNDEF
#12 3.629 -- Performing Test HAVE_C_WUNDEF - Success
#12 3.629 -- Performing Test HAVE_CXX_WINIT_SELF
#12 3.724 -- Performing Test HAVE_CXX_WINIT_SELF - Success
#12 3.725 -- Performing Test HAVE_C_WINIT_SELF
#12 3.774 -- Performing Test HAVE_C_WINIT_SELF - Success
#12 3.774 -- Performing Test HAVE_CXX_WPOINTER_ARITH
#12 3.867 -- Performing Test HAVE_CXX_WPOINTER_ARITH - Success
#12 3.868 -- Performing Test HAVE_C_WPOINTER_ARITH
#12 3.922 -- Performing Test HAVE_C_WPOINTER_ARITH - Success
#12 3.922 -- Performing Test HAVE_CXX_WSHADOW
#12 4.029 -- Performing Test HAVE_CXX_WSHADOW - Success
#12 4.029 -- Performing Test HAVE_C_WSHADOW
#12 4.085 -- Performing Test HAVE_C_WSHADOW - Success
#12 4.085 -- Performing Test HAVE_CXX_WSIGN_PROMO
#12 4.228 -- Performing Test HAVE_CXX_WSIGN_PROMO - Success
#12 4.229 -- Performing Test HAVE_C_WSIGN_PROMO
#12 4.288 -- Performing Test HAVE_C_WSIGN_PROMO - Failed
#12 4.288 -- Performing Test HAVE_CXX_WUNINITIALIZED
#12 4.435 -- Performing Test HAVE_CXX_WUNINITIALIZED - Success
#12 4.435 -- Performing Test HAVE_C_WUNINITIALIZED
#12 4.490 -- Performing Test HAVE_C_WUNINITIALIZED - Success
#12 4.490 -- Performing Test HAVE_CXX_WINCONSISTENT_MISSING_OVERRIDE
#12 4.608 -- Performing Test HAVE_CXX_WINCONSISTENT_MISSING_OVERRIDE - Success
#12 4.608 -- Performing Test HAVE_C_WINCONSISTENT_MISSING_OVERRIDE
#12 4.632 -- Performing Test HAVE_C_WINCONSISTENT_MISSING_OVERRIDE - Failed
#12 4.633 -- Performing Test HAVE_CXX_WNO_DELETE_NON_VIRTUAL_DTOR
#12 4.736 -- Performing Test HAVE_CXX_WNO_DELETE_NON_VIRTUAL_DTOR - Success
#12 4.736 -- Performing Test HAVE_C_WNO_DELETE_NON_VIRTUAL_DTOR
#12 4.788 -- Performing Test HAVE_C_WNO_DELETE_NON_VIRTUAL_DTOR - Failed
#12 4.788 -- Performing Test HAVE_CXX_WNO_UNNAMED_TYPE_TEMPLATE_ARGS
#12 4.885 -- Performing Test HAVE_CXX_WNO_UNNAMED_TYPE_TEMPLATE_ARGS - Success
#12 4.885 -- Performing Test HAVE_C_WNO_UNNAMED_TYPE_TEMPLATE_ARGS
#12 4.936 -- Performing Test HAVE_C_WNO_UNNAMED_TYPE_TEMPLATE_ARGS - Failed
#12 4.936 -- Performing Test HAVE_CXX_WNO_COMMENT
#12 5.040 -- Performing Test HAVE_CXX_WNO_COMMENT - Success
#12 5.040 -- Performing Test HAVE_C_WNO_COMMENT
#12 5.091 -- Performing Test HAVE_C_WNO_COMMENT - Success
#12 5.091 -- Performing Test HAVE_CXX_WNO_DEPRECATED_ENUM_ENUM_CONVERSION
#12 5.196 -- Performing Test HAVE_CXX_WNO_DEPRECATED_ENUM_ENUM_CONVERSION - Success
#12 5.196 -- Performing Test HAVE_C_WNO_DEPRECATED_ENUM_ENUM_CONVERSION
#12 5.245 -- Performing Test HAVE_C_WNO_DEPRECATED_ENUM_ENUM_CONVERSION - Failed
#12 5.245 -- Performing Test HAVE_CXX_WNO_DEPRECATED_ANON_ENUM_ENUM_CONVERSION
#12 5.350 -- Performing Test HAVE_CXX_WNO_DEPRECATED_ANON_ENUM_ENUM_CONVERSION - Success
#12 5.350 -- Performing Test HAVE_C_WNO_DEPRECATED_ANON_ENUM_ENUM_CONVERSION
#12 5.399 -- Performing Test HAVE_C_WNO_DEPRECATED_ANON_ENUM_ENUM_CONVERSION - Failed
#12 5.399 -- Performing Test HAVE_CXX_FDIAGNOSTICS_SHOW_OPTION
#12 5.504 -- Performing Test HAVE_CXX_FDIAGNOSTICS_SHOW_OPTION - Success
#12 5.504 -- Performing Test HAVE_C_FDIAGNOSTICS_SHOW_OPTION
#12 5.553 -- Performing Test HAVE_C_FDIAGNOSTICS_SHOW_OPTION - Success
#12 5.553 -- Performing Test HAVE_CXX_WNO_LONG_LONG
#12 5.653 -- Performing Test HAVE_CXX_WNO_LONG_LONG - Success
#12 5.653 -- Performing Test HAVE_C_WNO_LONG_LONG
#12 5.702 -- Performing Test HAVE_C_WNO_LONG_LONG - Success
#12 5.702 -- Performing Test HAVE_CXX_PTHREAD
#12 5.795 -- Performing Test HAVE_CXX_PTHREAD - Success
#12 5.795 -- Performing Test HAVE_C_PTHREAD
#12 5.844 -- Performing Test HAVE_C_PTHREAD - Success
#12 5.844 -- Performing Test HAVE_CXX_QUNUSED_ARGUMENTS
#12 5.936 -- Performing Test HAVE_CXX_QUNUSED_ARGUMENTS - Success
#12 5.936 -- Performing Test HAVE_C_QUNUSED_ARGUMENTS
#12 5.958 -- Performing Test HAVE_C_QUNUSED_ARGUMENTS - Failed
#12 5.959 -- Performing Test HAVE_CXX_FFUNCTION_SECTIONS
#12 6.050 -- Performing Test HAVE_CXX_FFUNCTION_SECTIONS - Success
#12 6.050 -- Performing Test HAVE_C_FFUNCTION_SECTIONS
#12 6.101 -- Performing Test HAVE_C_FFUNCTION_SECTIONS - Success
#12 6.101 -- Performing Test HAVE_CXX_FDATA_SECTIONS
#12 6.194 -- Performing Test HAVE_CXX_FDATA_SECTIONS - Success
#12 6.195 -- Performing Test HAVE_C_FDATA_SECTIONS
#12 6.242 -- Performing Test HAVE_C_FDATA_SECTIONS - Success
#12 6.246 -- Performing Test HAVE_CXX_MSSE (check file: cmake/checks/cpu_sse.cpp)
#12 6.404 -- Performing Test HAVE_CXX_MSSE - Success
#12 6.405 -- Performing Test HAVE_CXX_MSSE2 (check file: cmake/checks/cpu_sse2.cpp)
#12 6.534 -- Performing Test HAVE_CXX_MSSE2 - Success
#12 6.535 -- Performing Test HAVE_CXX_MSSE3 (check file: cmake/checks/cpu_sse3.cpp)
#12 6.668 -- Performing Test HAVE_CXX_MSSE3 - Success
#12 6.668 -- Performing Test HAVE_CXX_MSSSE3 (check file: cmake/checks/cpu_ssse3.cpp)
#12 6.806 -- Performing Test HAVE_CXX_MSSSE3 - Success
#12 6.807 -- Performing Test HAVE_CXX_MSSE4_1 (check file: cmake/checks/cpu_sse41.cpp)
#12 6.951 -- Performing Test HAVE_CXX_MSSE4_1 - Success
#12 6.951 -- Performing Test HAVE_CXX_MPOPCNT (check file: cmake/checks/cpu_popcnt.cpp)
#12 7.055 -- Performing Test HAVE_CXX_MPOPCNT - Success
#12 7.056 -- Performing Test HAVE_CXX_MSSE4_2 (check file: cmake/checks/cpu_sse42.cpp)
#12 7.199 -- Performing Test HAVE_CXX_MSSE4_2 - Success
#12 7.200 -- Performing Test HAVE_CXX_MF16C (check file: cmake/checks/cpu_fp16.cpp)
#12 7.592 -- Performing Test HAVE_CXX_MF16C - Success
#12 7.593 -- Performing Test HAVE_CXX_MFMA
#12 7.698 -- Performing Test HAVE_CXX_MFMA - Success
#12 7.698 -- Performing Test HAVE_CXX_MAVX (check file: cmake/checks/cpu_avx.cpp)
#12 8.027 -- Performing Test HAVE_CXX_MAVX - Success
#12 8.028 -- Performing Test HAVE_CXX_MAVX2 (check file: cmake/checks/cpu_avx2.cpp)
#12 8.382 -- Performing Test HAVE_CXX_MAVX2 - Success
#12 8.383 -- Performing Test HAVE_CXX_MAVX512F (check file: cmake/checks/cpu_avx512.cpp)
#12 8.733 -- Performing Test HAVE_CXX_MAVX512F - Success
#12 8.734 -- Performing Test HAVE_CXX_MAVX512F_MAVX512CD (check file: cmake/checks/cpu_avx512common.cpp)
#12 9.086 -- Performing Test HAVE_CXX_MAVX512F_MAVX512CD - Success
#12 9.088 -- Performing Test HAVE_CXX_MAVX512F_MAVX512CD_MAVX512VL_MAVX512BW_MAVX512DQ (check file: cmake/checks/cpu_avx512skx.cpp)
#12 9.463 -- Performing Test HAVE_CXX_MAVX512F_MAVX512CD_MAVX512VL_MAVX512BW_MAVX512DQ - Success
#12 9.464 -- Performing Test HAVE_CPU_BASELINE_FLAGS
#12 9.574 -- Performing Test HAVE_CPU_BASELINE_FLAGS - Success
#12 9.576 -- Performing Test HAVE_CPU_DISPATCH_FLAGS_SSE4_1
#12 9.679 -- Performing Test HAVE_CPU_DISPATCH_FLAGS_SSE4_1 - Success
#12 9.681 -- Performing Test HAVE_CPU_DISPATCH_FLAGS_SSE4_2
#12 9.779 -- Performing Test HAVE_CPU_DISPATCH_FLAGS_SSE4_2 - Success
#12 9.781 -- Performing Test HAVE_CPU_DISPATCH_FLAGS_FP16
#12 10.11 -- Performing Test HAVE_CPU_DISPATCH_FLAGS_FP16 - Success
#12 10.11 -- Performing Test HAVE_CPU_DISPATCH_FLAGS_AVX
#12 10.21 -- Performing Test HAVE_CPU_DISPATCH_FLAGS_AVX - Success
#12 10.21 -- Performing Test HAVE_CPU_DISPATCH_FLAGS_AVX2
#12 10.31 -- Performing Test HAVE_CPU_DISPATCH_FLAGS_AVX2 - Success
#12 10.31 -- Performing Test HAVE_CPU_DISPATCH_FLAGS_AVX512_SKX
#12 10.41 -- Performing Test HAVE_CPU_DISPATCH_FLAGS_AVX512_SKX - Success
#12 10.41 -- Performing Test HAVE_CXX_FVISIBILITY_HIDDEN
#12 10.51 -- Performing Test HAVE_CXX_FVISIBILITY_HIDDEN - Success
#12 10.51 -- Performing Test HAVE_C_FVISIBILITY_HIDDEN
#12 10.56 -- Performing Test HAVE_C_FVISIBILITY_HIDDEN - Success
#12 10.56 -- Performing Test HAVE_CXX_FVISIBILITY_INLINES_HIDDEN
#12 10.67 -- Performing Test HAVE_CXX_FVISIBILITY_INLINES_HIDDEN - Success
#12 10.67 -- Performing Test HAVE_C_FVISIBILITY_INLINES_HIDDEN
#12 10.73 -- Performing Test HAVE_C_FVISIBILITY_INLINES_HIDDEN - Failed
#12 10.73 -- Performing Test HAVE_LINK_AS_NEEDED
#12 10.81 -- Performing Test HAVE_LINK_AS_NEEDED - Success
#12 10.81 -- Performing Test HAVE_LINK_NO_UNDEFINED
#12 10.91 -- Performing Test HAVE_LINK_NO_UNDEFINED - Success
#12 10.93 -- Looking for pthread.h
#12 10.99 -- Looking for pthread.h - found
#12 10.99 -- Looking for posix_memalign
#12 11.06 -- Looking for posix_memalign - found
#12 11.06 -- Looking for malloc.h
#12 11.12 -- Looking for malloc.h - found
#12 11.12 -- Looking for memalign
#12 11.18 -- Looking for memalign - found
#12 11.19 -- Looking for fseeko
#12 11.24 -- Looking for fseeko - found
#12 11.24 -- Looking for unistd.h
#12 11.31 -- Looking for unistd.h - found
#12 11.31 -- Looking for sys/types.h
#12 11.36 -- Looking for sys/types.h - found
#12 11.36 -- Looking for stdint.h
#12 11.42 -- Looking for stdint.h - found
#12 11.42 -- Looking for stddef.h
#12 11.48 -- Looking for stddef.h - found
#12 11.48 -- Check size of off64_t
#12 11.51 -- Check size of off64_t - failed
#12 11.51 -- Performing Test HAVE_C_WNO_SHORTEN_64_TO_32
#12 11.56 -- Performing Test HAVE_C_WNO_SHORTEN_64_TO_32 - Failed
#12 11.56 -- Performing Test HAVE_C_WNO_ATTRIBUTES
#12 11.62 -- Performing Test HAVE_C_WNO_ATTRIBUTES - Success
#12 11.62 -- Performing Test HAVE_C_WNO_STRICT_PROTOTYPES
#12 11.67 -- Performing Test HAVE_C_WNO_STRICT_PROTOTYPES - Success
#12 11.67 -- Performing Test HAVE_C_WNO_MISSING_PROTOTYPES
#12 11.73 -- Performing Test HAVE_C_WNO_MISSING_PROTOTYPES - Success
#12 11.73 -- Performing Test HAVE_C_WNO_MISSING_DECLARATIONS
#12 11.78 -- Performing Test HAVE_C_WNO_MISSING_DECLARATIONS - Success
#12 11.78 -- Performing Test HAVE_C_WNO_SHIFT_NEGATIVE_VALUE
#12 11.84 -- Performing Test HAVE_C_WNO_SHIFT_NEGATIVE_VALUE - Success
#12 11.84 -- Performing Test HAVE_C_WNO_UNDEF
#12 11.89 -- Performing Test HAVE_C_WNO_UNDEF - Success
#12 11.89 -- Performing Test HAVE_C_WNO_IMPLICIT_FALLTHROUGH
#12 11.94 -- Performing Test HAVE_C_WNO_IMPLICIT_FALLTHROUGH - Success
#12 11.94 -- Performing Test HAVE_C_WNO_UNUSED_PARAMETER
#12 12.00 -- Performing Test HAVE_C_WNO_UNUSED_PARAMETER - Success
#12 12.00 -- Performing Test HAVE_C_WNO_SIGN_COMPARE
#12 12.05 -- Performing Test HAVE_C_WNO_SIGN_COMPARE - Success
#12 12.05 -- libjpeg-turbo: VERSION = 2.1.3, BUILD = opencv-4.8.0-libjpeg-turbo
#12 12.05 -- Check size of size_t
#12 12.11 -- Check size of size_t - done
#12 12.11 -- Check size of unsigned long
#12 12.17 -- Check size of unsigned long - done
#12 12.17 -- Performing Test HAVE_BUILTIN_CTZL
#12 12.22 -- Performing Test HAVE_BUILTIN_CTZL - Success
#12 12.22 -- Looking for include file locale.h
#12 12.28 -- Looking for include file locale.h - found
#12 12.28 -- Looking for include file stdlib.h
#12 12.33 -- Looking for include file stdlib.h - found
#12 12.33 -- Looking for include file sys/types.h
#12 12.39 -- Looking for include file sys/types.h - found
#12 12.40 -- Looking for a ASM_NASM compiler
#12 12.43 -- Looking for a ASM_NASM compiler - NOTFOUND
#12 12.43 -- libjpeg-turbo(SIMD): SIMD extensions disabled: could not find NASM compiler.  Performance will suffer.
#12 12.43 -- Could NOT find OpenJPEG (minimal suitable version: 2.0, recommended version >= 2.3.1). OpenJPEG will be built from sources
#12 12.43 -- Performing Test HAVE_C_WNO_IMPLICIT_CONST_INT_FLOAT_CONVERSION
#12 12.49 -- Performing Test HAVE_C_WNO_IMPLICIT_CONST_INT_FLOAT_CONVERSION - Failed
#12 12.49 -- Performing Test HAVE_C_WNO_UNUSED_BUT_SET_VARIABLE
#12 12.55 -- Performing Test HAVE_C_WNO_UNUSED_BUT_SET_VARIABLE - Success
#12 12.55 -- OpenJPEG: VERSION = 2.5.0, BUILD = opencv-4.8.0-openjp2-2.5.0
#12 12.55 -- Looking for string.h
#12 12.61 -- Looking for string.h - found
#12 12.61 -- Looking for memory.h
#12 12.66 -- Looking for memory.h - found
#12 12.66 -- Looking for stdio.h
#12 12.72 -- Looking for stdio.h - found
#12 12.72 -- Looking for math.h
#12 12.78 -- Looking for math.h - found
#12 12.78 -- Looking for float.h
#12 12.84 -- Looking for float.h - found
#12 12.84 -- Looking for time.h
#12 12.89 -- Looking for time.h - found
#12 12.89 -- Looking for stdarg.h
#12 12.94 -- Looking for stdarg.h - found
#12 12.94 -- Looking for ctype.h
#12 13.00 -- Looking for ctype.h - found
#12 13.00 -- Looking for assert.h
#12 13.06 -- Looking for assert.h - found
#12 13.06 -- Looking for stdint.h
#12 13.11 -- Looking for stdint.h - found
#12 13.11 -- Looking for inttypes.h
#12 13.17 -- Looking for inttypes.h - found
#12 13.17 -- Looking for strings.h
#12 13.22 -- Looking for strings.h - found
#12 13.22 -- Looking for sys/stat.h
#12 13.28 -- Looking for sys/stat.h - found
#12 13.28 -- Looking for unistd.h
#12 13.34 -- Looking for unistd.h - found
#12 13.34 -- Looking for include file malloc.h
#12 13.40 -- Looking for include file malloc.h - found
#12 13.40 -- Looking for _aligned_malloc
#12 13.42 -- Looking for _aligned_malloc - not found
#12 13.42 -- Looking for posix_memalign
#12 13.48 -- Looking for posix_memalign - found
#12 13.48 -- Looking for memalign
#12 13.54 -- Looking for memalign - found
#12 13.54 -- Performing Test HAVE_C_WNO_CAST_FUNCTION_TYPE
#12 13.59 -- Performing Test HAVE_C_WNO_CAST_FUNCTION_TYPE - Success
#12 13.59 -- Performing Test HAVE_C_WNO_SHADOW
#12 13.65 -- Performing Test HAVE_C_WNO_SHADOW - Success
#12 13.65 -- Performing Test HAVE_C_WNO_UNUSED_FUNCTION
#12 13.70 -- Performing Test HAVE_C_WNO_UNUSED_FUNCTION - Success
#12 13.82 -- OpenJPEG libraries will be built from sources: libopenjp2 (version "2.5.0")
#12 13.82 -- Performing Test HAVE_C_WNO_CAST_ALIGN
#12 13.88 -- Performing Test HAVE_C_WNO_CAST_ALIGN - Success
#12 13.88 -- Performing Test HAVE_C_WNO_MAYBE_UNINITIALIZED
#12 13.93 -- Performing Test HAVE_C_WNO_MAYBE_UNINITIALIZED - Success
#12 13.93 -- Performing Test HAVE_C_WNO_NULL_POINTER_SUBTRACTION
#12 13.98 -- Performing Test HAVE_C_WNO_NULL_POINTER_SUBTRACTION - Failed
#12 13.99 -- IPPICV: Downloading ippicv_2021.8_lnx_intel64_20230330_general.tgz from https://raw.githubusercontent.com/opencv/opencv_3rdparty/1224f78da6684df04397ac0f40c961ed37f79ccb/ippicv/ippicv_2021.8_lnx_intel64_20230330_general.tgz
#12 15.38 -- found Intel IPP (ICV version): 2021.8.0 [2021.8]
#12 15.38 -- at: /root/build/3rdparty/ippicv/ippicv_lnx/icv
#12 15.39 -- found Intel IPP Integration Wrappers sources: 2021.8.0
#12 15.39 -- at: /root/build/3rdparty/ippicv/ippicv_lnx/iw
#12 15.47 -- Checking for modules 'libavcodec;libavformat;libavutil;libswscale'
#12 15.49 --   Found libavcodec, version 58.134.100
#12 15.49 --   Found libavformat, version 58.76.100
#12 15.50 --   Found libavutil, version 56.70.100
#12 15.51 --   Found libswscale, version 5.9.100
#12 15.53 -- Checking for module 'libavresample'
#12 15.53 --   No package 'libavresample' found
#12 15.97 -- Performing Test HAVE_CXX_WNO_UNDEF
#12 16.06 -- Performing Test HAVE_CXX_WNO_UNDEF - Success
#12 16.08 -- Performing Test HAVE_CXX_WNO_INCONSISTENT_MISSING_OVERRIDE
#12 16.17 -- Performing Test HAVE_CXX_WNO_INCONSISTENT_MISSING_OVERRIDE - Success
#12 16.18 -- Checking for module 'freetype2'
#12 16.19 --   No package 'freetype2' found
#12 16.19 -- Checking for module 'harfbuzz'
#12 16.19 --   No package 'harfbuzz' found
#12 16.19 -- freetype2:   NO
#12 16.19 -- harfbuzz:    NO
#12 16.22 -- Could NOT find HDF5 (missing: HDF5_LIBRARIES HDF5_INCLUDE_DIRS) (found version "")
#12 16.23 -- Julia not found. Not compiling Julia Bindings. 
#12 16.25 -- Module opencv_ovis disabled because OGRE3D was not found
#12 16.62 -- Checking SFM glog/gflags deps... TRUE
#12 16.67 -- Allocator metrics storage type: 'long long'
#12 16.69 -- Excluding from source files list: modules/imgproc/src/imgwarp.lasx.cpp
#12 16.69 -- Excluding from source files list: modules/imgproc/src/resize.lasx.cpp
#12 16.71 -- Performing Test HAVE_CXX_WNO_DEPRECATED_DECLARATIONS
#12 16.80 -- Performing Test HAVE_CXX_WNO_DEPRECATED_DECLARATIONS - Success
#12 16.82 -- 
#12 16.82 -- General configuration for OpenCV 4.8.0 =====================================
#12 16.82 --   Version control:               unknown
#12 16.82 -- 
#12 16.82 --   Extra modules:
#12 16.82 --     Location (extra):            /root/dist/opencv_contrib-4.8.0/modules
#12 16.82 --     Version control (extra):     unknown
#12 16.82 -- 
#12 16.82 --   Platform:
#12 16.82 --     Timestamp:                   2024-12-27T14:46:34Z
#12 16.82 --     Host:                        Linux 5.15.167.4-microsoft-standard-WSL2 x86_64
#12 16.82 --     CMake:                       3.22.1
#12 16.82 --     CMake generator:             Unix Makefiles
#12 16.82 --     CMake build tool:            /usr/bin/gmake
#12 16.82 --     Configuration:               Release
#12 16.82 -- 
#12 16.82 --   CPU/HW features:
#12 16.82 --     Baseline:                    SSE SSE2 SSE3
#12 16.82 --       requested:                 SSE3
#12 16.82 --     Dispatched code generation:  SSE4_1 SSE4_2 FP16 AVX AVX2 AVX512_SKX
#12 16.82 --       requested:                 SSE4_1 SSE4_2 AVX FP16 AVX2 AVX512_SKX
#12 16.82 --       SSE4_1 (13 files):         + SSSE3 SSE4_1
#12 16.82 --       SSE4_2 (1 files):          + SSSE3 SSE4_1 POPCNT SSE4_2
#12 16.82 --       FP16 (0 files):            + SSSE3 SSE4_1 POPCNT SSE4_2 FP16 AVX
#12 16.82 --       AVX (3 files):             + SSSE3 SSE4_1 POPCNT SSE4_2 AVX
#12 16.82 --       AVX2 (25 files):           + SSSE3 SSE4_1 POPCNT SSE4_2 FP16 FMA3 AVX AVX2
#12 16.82 --       AVX512_SKX (2 files):      + SSSE3 SSE4_1 POPCNT SSE4_2 FP16 FMA3 AVX AVX2 AVX_512F AVX512_COMMON AVX512_SKX
#12 16.82 -- 
#12 16.82 --   C/C++:
#12 16.82 --     Built as dynamic libs?:      NO
#12 16.82 --     C++ standard:                11
#12 16.82 --     C++ Compiler:                /usr/bin/c++  (ver 14.0.0)
#12 16.82 --     C++ flags (Release):         -fsigned-char -W -Wall -Wreturn-type -Wnon-virtual-dtor -Waddress -Wsequence-point -Wformat -Wformat-security -Wmissing-declarations -Wmissing-prototypes -Wstrict-prototypes -Wundef -Winit-self -Wpointer-arith -Wshadow -Wsign-promo -Wuninitialized -Winconsistent-missing-override -Wno-delete-non-virtual-dtor -Wno-unnamed-type-template-args -Wno-comment -Wno-deprecated-enum-enum-conversion -Wno-deprecated-anon-enum-enum-conversion -fdiagnostics-show-option -Wno-long-long -pthread -Qunused-arguments -ffunction-sections -fdata-sections  -msse -msse2 -msse3 -fvisibility=hidden -fvisibility-inlines-hidden -O3 -DNDEBUG  -DNDEBUG
#12 16.82 --     C++ flags (Debug):           -fsigned-char -W -Wall -Wreturn-type -Wnon-virtual-dtor -Waddress -Wsequence-point -Wformat -Wformat-security -Wmissing-declarations -Wmissing-prototypes -Wstrict-prototypes -Wundef -Winit-self -Wpointer-arith -Wshadow -Wsign-promo -Wuninitialized -Winconsistent-missing-override -Wno-delete-non-virtual-dtor -Wno-unnamed-type-template-args -Wno-comment -Wno-deprecated-enum-enum-conversion -Wno-deprecated-anon-enum-enum-conversion -fdiagnostics-show-option -Wno-long-long -pthread -Qunused-arguments -ffunction-sections -fdata-sections  -msse -msse2 -msse3 -fvisibility=hidden -fvisibility-inlines-hidden -g  -O0 -DDEBUG -D_DEBUG
#12 16.82 --     C Compiler:                  /usr/bin/cc
#12 16.82 --     C flags (Release):           -fsigned-char -W -Wall -Wreturn-type -Waddress -Wsequence-point -Wformat -Wformat-security -Wmissing-declarations -Wmissing-prototypes -Wstrict-prototypes -Wundef -Winit-self -Wpointer-arith -Wshadow -Wuninitialized -Wno-comment -fdiagnostics-show-option -Wno-long-long -pthread -ffunction-sections -fdata-sections  -msse -msse2 -msse3 -fvisibility=hidden -O3 -DNDEBUG  -DNDEBUG
#12 16.82 --     C flags (Debug):             -fsigned-char -W -Wall -Wreturn-type -Waddress -Wsequence-point -Wformat -Wformat-security -Wmissing-declarations -Wmissing-prototypes -Wstrict-prototypes -Wundef -Winit-self -Wpointer-arith -Wshadow -Wuninitialized -Wno-comment -fdiagnostics-show-option -Wno-long-long -pthread -ffunction-sections -fdata-sections  -msse -msse2 -msse3 -fvisibility=hidden -g  -O0 -DDEBUG -D_DEBUG
#12 16.82 --     Linker flags (Release):      -Wl,--exclude-libs,libippicv.a -Wl,--exclude-libs,libippiw.a   -Wl,--gc-sections -Wl,--as-needed -Wl,--no-undefined  
#12 16.82 --     Linker flags (Debug):        -Wl,--exclude-libs,libippicv.a -Wl,--exclude-libs,libippiw.a   -Wl,--gc-sections -Wl,--as-needed -Wl,--no-undefined  
#12 16.82 --     ccache:                      NO
#12 16.82 --     Precompiled headers:         NO
#12 16.83 --     Extra dependencies:          va va-drm dl m pthread rt
#12 16.83 --     3rdparty dependencies:       libjpeg-turbo libpng libopenjp2 zlib ippiw ippicv
#12 16.83 -- 
#12 16.83 --   OpenCV modules:
#12 16.83 --     To be built:                 core imgcodecs imgproc video videoio
#12 16.83 --     Disabled:                    alphamat aruco bgsegm bioinspired calib3d ccalib datasets dnn dnn_objdetect dnn_superres dpm face features2d flann fuzzy hfs highgui img_hash intensity_transform java_bindings_generator js_bindings_generator line_descriptor mcc ml objc_bindings_generator objdetect optflow phase_unwrapping photo plot python_bindings_generator python_tests quality rapid reg rgbd saliency sfm shape stereo stitching structured_light superres surface_matching text tracking videostab wechat_qrcode world xfeatures2d ximgproc xobjdetect xphoto
#12 16.83 --     Disabled by dependency:      -
#12 16.83 --     Unavailable:                 cudaarithm cudabgsegm cudacodec cudafeatures2d cudafilters cudaimgproc cudalegacy cudaobjdetect cudaoptflow cudastereo cudawarping cudev cvv freetype gapi hdf java julia matlab ovis python2 python3 ts viz
#12 16.83 --     Applications:                -
#12 16.83 --     Documentation:               NO
#12 16.83 --     Non-free algorithms:         YES
#12 16.83 -- 
#12 16.83 --   GUI: 
#12 16.83 -- 
#12 16.83 --   Media I/O: 
#12 16.83 --     ZLib:                        build (ver 1.2.13)
#12 16.83 --     JPEG:                        build-libjpeg-turbo (ver 2.1.3-62)
#12 16.83 --       SIMD Support Request:      YES
#12 16.83 --       SIMD Support:              NO
#12 16.83 --     PNG:                         build (ver 1.6.37)
#12 16.83 --     JPEG 2000:                   build (ver 2.5.0)
#12 16.83 --     HDR:                         NO
#12 16.83 --     SUNRASTER:                   NO
#12 16.83 --     PXM:                         NO
#12 16.83 --     PFM:                         NO
#12 16.83 -- 
#12 16.83 --   Video I/O:
#12 16.83 --     FFMPEG:                      YES
#12 16.83 --       avcodec:                   YES (58.134.100)
#12 16.83 --       avformat:                  YES (58.76.100)
#12 16.83 --       avutil:                    YES (56.70.100)
#12 16.83 --       swscale:                   YES (5.9.100)
#12 16.83 --       avresample:                NO
#12 16.83 -- 
#12 16.83 --   Parallel framework:            pthreads
#12 16.83 -- 
#12 16.83 --   Trace:                         YES (built-in)
#12 16.83 -- 
#12 16.83 --   Other third-party libraries:
#12 16.83 --     Intel IPP:                   2021.8 [2021.8.0]
#12 16.83 --            at:                   /root/build/3rdparty/ippicv/ippicv_lnx/icv
#12 16.83 --     Intel IPP IW:                sources (2021.8.0)
#12 16.83 --               at:                /root/build/3rdparty/ippicv/ippicv_lnx/iw
#12 16.83 --     VA:                          YES
#12 16.83 --     Eigen:                       YES (ver 3.4.0)
#12 16.84 --     Custom HAL:                  NO
#12 16.84 -- 
#12 16.84 --   Python (for build):            /usr/bin/python3
#12 16.84 -- 
#12 16.84 --   Install to:                    /opt/opencv
#12 16.84 -- -----------------------------------------------------------------
#12 16.84 -- 
#12 17.01 -- Configuring done
#12 17.15 -- Generating done
#12 17.17 -- Build files have been written to: /root/build
#12 17.19 + nproc
#12 17.19 + make -C /root/build -j16 install
#12 17.19 make: Entering directory '/root/build'
#12 17.21 make[1]: Entering directory '/root/build'
#12 17.21 make[2]: Entering directory '/root/build'
#12 17.21 make[2]: Entering directory '/root/build'
#12 17.21 make[2]: Entering directory '/root/build'
#12 17.21 make[2]: Entering directory '/root/build'
#12 17.21 make[2]: Entering directory '/root/build'
#12 17.21 make[2]: Entering directory '/root/build'
#12 17.21 make[2]: Entering directory '/root/build'
#12 17.22 make[2]: Leaving directory '/root/build'
#12 17.22 make[2]: Leaving directory '/root/build'
#12 17.22 make[2]: Leaving directory '/root/build'
#12 17.22 make[2]: Leaving directory '/root/build'
#12 17.22 make[2]: Leaving directory '/root/build'
#12 17.22 make[2]: Leaving directory '/root/build'
#12 17.22 make[2]: Leaving directory '/root/build'
#12 17.22 make[2]: Entering directory '/root/build'
#12 17.22 make[2]: Entering directory '/root/build'
#12 17.22 make[2]: Entering directory '/root/build'
#12 17.22 make[2]: Entering directory '/root/build'
#12 17.23 [  0%] Built target opencv_dnn_plugins
#12 17.23 [  1%] Building C object 3rdparty/ippiw/CMakeFiles/ippiw.dir/src/iw_core.c.o
#12 17.23 [  1%] Built target opencv_highgui_plugins
#12 17.23 [  1%] Building C object 3rdparty/libjpeg-turbo/CMakeFiles/jsimd.dir/src/jsimd_none.c.o
#12 17.23 [  0%] Building C object 3rdparty/zlib/CMakeFiles/zlib.dir/compress.c.o
#12 17.23 [  0%] Built target opencv_videoio_plugins
#12 17.23 [  1%] Building C object 3rdparty/ippiw/CMakeFiles/ippiw.dir/src/iw_image.c.o
#12 17.23 [  1%] Building C object 3rdparty/zlib/CMakeFiles/zlib.dir/adler32.c.o
#12 17.23 [  1%] Building C object 3rdparty/openjpeg/openjp2/CMakeFiles/libopenjp2.dir/bio.c.o
#12 17.23 [  1%] Building C object 3rdparty/openjpeg/openjp2/CMakeFiles/libopenjp2.dir/event.c.o
#12 17.23 [  1%] Building C object 3rdparty/ippiw/CMakeFiles/ippiw.dir/src/iw_image_color_convert_all.c.o
#12 17.23 [  1%] Building C object 3rdparty/zlib/CMakeFiles/zlib.dir/crc32.c.o
#12 17.23 [  1%] Building C object 3rdparty/ippiw/CMakeFiles/ippiw.dir/src/iw_image_color_convert_rgbs.c.o
#12 17.23 [  1%] Building C object 3rdparty/openjpeg/openjp2/CMakeFiles/libopenjp2.dir/cio.c.o
#12 17.24 [  2%] Building C object 3rdparty/openjpeg/openjp2/CMakeFiles/libopenjp2.dir/thread.c.o
#12 17.24 [  2%] Building C object 3rdparty/openjpeg/openjp2/CMakeFiles/libopenjp2.dir/ht_dec.c.o
#12 17.24 [  2%] Building C object 3rdparty/openjpeg/openjp2/CMakeFiles/libopenjp2.dir/image.c.o
#12 17.24 [  2%] Building C object 3rdparty/ippiw/CMakeFiles/ippiw.dir/src/iw_image_filter_bilateral.c.o
#12 17.24 [  3%] Building C object 3rdparty/openjpeg/openjp2/CMakeFiles/libopenjp2.dir/dwt.c.o
#12 17.29 [  4%] Building C object 3rdparty/zlib/CMakeFiles/zlib.dir/deflate.c.o
#12 17.31 [  5%] Building C object 3rdparty/openjpeg/openjp2/CMakeFiles/libopenjp2.dir/invert.c.o
#12 17.31 make[2]: Leaving directory '/root/build'
#12 17.32 [  5%] Built target jsimd
#12 17.33 make[2]: Entering directory '/root/build'
#12 17.33 [  5%] Building C object 3rdparty/openjpeg/openjp2/CMakeFiles/libopenjp2.dir/j2k.c.o
#12 17.33 [  5%] Building C object 3rdparty/ippiw/CMakeFiles/ippiw.dir/src/iw_image_filter_canny.c.o
#12 17.34 [  5%] Building C object 3rdparty/ippiw/CMakeFiles/ippiw.dir/src/iw_image_filter_box.c.o
#12 17.34 make[2]: Leaving directory '/root/build'
#12 17.34 [  5%] Building C object 3rdparty/ippiw/CMakeFiles/ippiw.dir/src/iw_image_filter_gaussian.c.o
#12 17.34 make[2]: Entering directory '/root/build'
#12 17.35 [  5%] Building C object 3rdparty/libjpeg-turbo/CMakeFiles/libjpeg-turbo.dir/src/jcapimin.c.o
#12 17.36 [  5%] Building C object 3rdparty/zlib/CMakeFiles/zlib.dir/gzclose.c.o
#12 17.38 [  6%] Building C object 3rdparty/ippiw/CMakeFiles/ippiw.dir/src/iw_image_filter_general.c.o
#12 17.38 [  6%] Building C object 3rdparty/openjpeg/openjp2/CMakeFiles/libopenjp2.dir/jp2.c.o
#12 17.42 [  6%] Building C object 3rdparty/openjpeg/openjp2/CMakeFiles/libopenjp2.dir/mct.c.o
#12 17.42 [  7%] Building C object 3rdparty/openjpeg/openjp2/CMakeFiles/libopenjp2.dir/mqc.c.o
#12 17.43 [  7%] Building C object 3rdparty/zlib/CMakeFiles/zlib.dir/gzlib.c.o
#12 17.43 [  7%] Building C object 3rdparty/zlib/CMakeFiles/zlib.dir/gzread.c.o
#12 17.44 [  7%] Building C object 3rdparty/libjpeg-turbo/CMakeFiles/libjpeg-turbo.dir/src/jcapistd.c.o
#12 17.45 [  7%] Building C object 3rdparty/openjpeg/openjp2/CMakeFiles/libopenjp2.dir/openjpeg.c.o
#12 17.45 [  7%] Building C object 3rdparty/ippiw/CMakeFiles/ippiw.dir/src/iw_image_filter_laplacian.c.o
#12 17.50 [  7%] Building C object 3rdparty/ippiw/CMakeFiles/ippiw.dir/src/iw_image_filter_morphology.c.o
#12 17.51 [  7%] Building C object 3rdparty/libjpeg-turbo/CMakeFiles/libjpeg-turbo.dir/src/jccoefct.c.o
#12 17.55 [  7%] Building C object 3rdparty/ippiw/CMakeFiles/ippiw.dir/src/iw_image_filter_scharr.c.o
#12 17.55 [  8%] Building C object 3rdparty/ippiw/CMakeFiles/ippiw.dir/src/iw_image_filter_sobel.c.o
#12 17.56 [  8%] Building C object 3rdparty/ippiw/CMakeFiles/ippiw.dir/src/iw_image_op_copy.c.o
#12 17.58 [  8%] Building C object 3rdparty/ippiw/CMakeFiles/ippiw.dir/src/iw_image_op_copy_channel.c.o
#12 17.58 [  9%] Building C object 3rdparty/zlib/CMakeFiles/zlib.dir/gzwrite.c.o
#12 17.62 [  9%] Building C object 3rdparty/zlib/CMakeFiles/zlib.dir/inflate.c.o
#12 17.62 [  9%] Building C object 3rdparty/openjpeg/openjp2/CMakeFiles/libopenjp2.dir/opj_clock.c.o
#12 17.66 [  9%] Building C object 3rdparty/openjpeg/openjp2/CMakeFiles/libopenjp2.dir/pi.c.o
#12 17.70 [ 10%] Building C object 3rdparty/libjpeg-turbo/CMakeFiles/libjpeg-turbo.dir/src/jccolor.c.o
#12 17.70 [ 10%] Building C object 3rdparty/ippiw/CMakeFiles/ippiw.dir/src/iw_image_op_copy_make_border.c.o
#12 17.70 [ 11%] Building C object 3rdparty/openjpeg/openjp2/CMakeFiles/libopenjp2.dir/t1.c.o
#12 17.71 [ 11%] Building C object 3rdparty/libjpeg-turbo/CMakeFiles/libjpeg-turbo.dir/src/jcdctmgr.c.o
#12 17.71 [ 12%] Building C object 3rdparty/ippiw/CMakeFiles/ippiw.dir/src/iw_image_op_copy_merge.c.o
#12 17.72 [ 12%] Building C object 3rdparty/ippiw/CMakeFiles/ippiw.dir/src/iw_image_op_copy_split.c.o
#12 17.74 [ 12%] Building C object 3rdparty/ippiw/CMakeFiles/ippiw.dir/src/iw_image_op_scale.c.o
#12 17.79 [ 12%] Building C object 3rdparty/ippiw/CMakeFiles/ippiw.dir/src/iw_image_op_set.c.o
#12 17.82 [ 12%] Building C object 3rdparty/zlib/CMakeFiles/zlib.dir/infback.c.o
#12 17.84 [ 13%] Building C object 3rdparty/ippiw/CMakeFiles/ippiw.dir/src/iw_image_op_set_channel.c.o
#12 17.86 [ 13%] Building C object 3rdparty/ippiw/CMakeFiles/ippiw.dir/src/iw_image_op_swap_channels.c.o
#12 17.89 [ 13%] Building C object 3rdparty/ippiw/CMakeFiles/ippiw.dir/src/iw_image_transform_mirror.c.o
#12 17.93 [ 13%] Building C object 3rdparty/libjpeg-turbo/CMakeFiles/libjpeg-turbo.dir/src/jchuff.c.o
#12 17.97 [ 13%] Building C object 3rdparty/ippiw/CMakeFiles/ippiw.dir/src/iw_image_transform_resize.c.o
#12 17.97 [ 14%] Building C object 3rdparty/ippiw/CMakeFiles/ippiw.dir/src/iw_image_transform_rotate.c.o
#12 17.99 [ 14%] Building C object 3rdparty/openjpeg/openjp2/CMakeFiles/libopenjp2.dir/t2.c.o
#12 18.01 [ 14%] Building C object 3rdparty/ippiw/CMakeFiles/ippiw.dir/src/iw_image_transform_warpaffine.c.o
#12 18.04 [ 14%] Building C object 3rdparty/openjpeg/openjp2/CMakeFiles/libopenjp2.dir/tcd.c.o
#12 18.05 [ 14%] Building C object 3rdparty/ippiw/CMakeFiles/ippiw.dir/src/iw_own.c.o
#12 18.08 [ 14%] Building C object 3rdparty/openjpeg/openjp2/CMakeFiles/libopenjp2.dir/tgt.c.o
#12 18.11 [ 14%] Building C object 3rdparty/zlib/CMakeFiles/zlib.dir/inftrees.c.o
#12 18.18 [ 15%] Building C object 3rdparty/zlib/CMakeFiles/zlib.dir/inffast.c.o
#12 18.19 [ 15%] Building C object 3rdparty/zlib/CMakeFiles/zlib.dir/trees.c.o
#12 18.19 [ 15%] Building C object 3rdparty/zlib/CMakeFiles/zlib.dir/uncompr.c.o
#12 18.22 [ 15%] Building C object 3rdparty/libjpeg-turbo/CMakeFiles/libjpeg-turbo.dir/src/jcicc.c.o
#12 18.24 [ 16%] Building C object 3rdparty/openjpeg/openjp2/CMakeFiles/libopenjp2.dir/function_list.c.o
#12 18.25 [ 16%] Building C object 3rdparty/zlib/CMakeFiles/zlib.dir/zutil.c.o
#12 18.26 [ 16%] Linking C static library ../lib/libippiw.a
#12 18.27 [ 16%] Building C object 3rdparty/openjpeg/openjp2/CMakeFiles/libopenjp2.dir/opj_malloc.c.o
#12 18.28 [ 17%] Building C object 3rdparty/libjpeg-turbo/CMakeFiles/libjpeg-turbo.dir/src/jcinit.c.o
#12 18.29 [ 17%] Building C object 3rdparty/openjpeg/openjp2/CMakeFiles/libopenjp2.dir/sparse_array.c.o
#12 18.31 [ 17%] Building C object 3rdparty/libjpeg-turbo/CMakeFiles/libjpeg-turbo.dir/src/jcmarker.c.o
#12 18.31 [ 17%] Building C object 3rdparty/libjpeg-turbo/CMakeFiles/libjpeg-turbo.dir/src/jcmainct.c.o
#12 18.35 [ 17%] Building C object 3rdparty/libjpeg-turbo/CMakeFiles/libjpeg-turbo.dir/src/jcmaster.c.o
#12 18.35 [ 18%] Building C object 3rdparty/libjpeg-turbo/CMakeFiles/libjpeg-turbo.dir/src/jcomapi.c.o
#12 18.36 [ 18%] Building C object 3rdparty/libjpeg-turbo/CMakeFiles/libjpeg-turbo.dir/src/jcparam.c.o
#12 18.38 [ 18%] Building C object 3rdparty/libjpeg-turbo/CMakeFiles/libjpeg-turbo.dir/src/jcphuff.c.o
#12 18.39 make[2]: Leaving directory '/root/build'
#12 18.40 [ 18%] Built target ippiw
#12 18.41 [ 18%] Building C object 3rdparty/libjpeg-turbo/CMakeFiles/libjpeg-turbo.dir/src/jcprepct.c.o
#12 18.41 [ 19%] Building C object 3rdparty/libjpeg-turbo/CMakeFiles/libjpeg-turbo.dir/src/jcsample.c.o
#12 18.43 [ 19%] Building C object 3rdparty/libjpeg-turbo/CMakeFiles/libjpeg-turbo.dir/src/jctrans.c.o
#12 18.43 [ 19%] Building C object 3rdparty/libjpeg-turbo/CMakeFiles/libjpeg-turbo.dir/src/jdapimin.c.o
#12 18.50 [ 19%] Building C object 3rdparty/libjpeg-turbo/CMakeFiles/libjpeg-turbo.dir/src/jdapistd.c.o
#12 18.54 [ 20%] Building C object 3rdparty/libjpeg-turbo/CMakeFiles/libjpeg-turbo.dir/src/jdatadst.c.o
#12 18.55 [ 20%] Building C object 3rdparty/libjpeg-turbo/CMakeFiles/libjpeg-turbo.dir/src/jdatasrc.c.o
#12 18.56 [ 20%] Building C object 3rdparty/libjpeg-turbo/CMakeFiles/libjpeg-turbo.dir/src/jdcoefct.c.o
#12 18.59 [ 20%] Building C object 3rdparty/libjpeg-turbo/CMakeFiles/libjpeg-turbo.dir/src/jdcolor.c.o
#12 18.60 [ 21%] Building C object 3rdparty/libjpeg-turbo/CMakeFiles/libjpeg-turbo.dir/src/jdhuff.c.o
#12 18.60 [ 21%] Building C object 3rdparty/libjpeg-turbo/CMakeFiles/libjpeg-turbo.dir/src/jddctmgr.c.o
#12 18.61 [ 22%] Linking C static library ../lib/libzlib.a
#12 18.61 [ 22%] Building C object 3rdparty/libjpeg-turbo/CMakeFiles/libjpeg-turbo.dir/src/jdicc.c.o
#12 18.67 [ 22%] Building C object 3rdparty/libjpeg-turbo/CMakeFiles/libjpeg-turbo.dir/src/jdinput.c.o
#12 18.68 [ 23%] Building C object 3rdparty/libjpeg-turbo/CMakeFiles/libjpeg-turbo.dir/src/jdmainct.c.o
#12 18.69 [ 23%] Building C object 3rdparty/libjpeg-turbo/CMakeFiles/libjpeg-turbo.dir/src/jdmarker.c.o
#12 18.71 make[2]: Leaving directory '/root/build'
#12 18.71 [ 23%] Building C object 3rdparty/libjpeg-turbo/CMakeFiles/libjpeg-turbo.dir/src/jdmaster.c.o
#12 18.71 [ 23%] Built target zlib
#12 18.72 [ 23%] Building C object 3rdparty/libjpeg-turbo/CMakeFiles/libjpeg-turbo.dir/src/jdmerge.c.o
#12 18.76 [ 24%] Building C object 3rdparty/libjpeg-turbo/CMakeFiles/libjpeg-turbo.dir/src/jdpostct.c.o
#12 18.76 [ 24%] Building C object 3rdparty/libjpeg-turbo/CMakeFiles/libjpeg-turbo.dir/src/jdphuff.c.o
#12 18.79 [ 24%] Building C object 3rdparty/libjpeg-turbo/CMakeFiles/libjpeg-turbo.dir/src/jdsample.c.o
#12 18.83 [ 24%] Building C object 3rdparty/libjpeg-turbo/CMakeFiles/libjpeg-turbo.dir/src/jdtrans.c.o
#12 18.85 [ 25%] Building C object 3rdparty/libjpeg-turbo/CMakeFiles/libjpeg-turbo.dir/src/jerror.c.o
#12 18.90 [ 25%] Building C object 3rdparty/libjpeg-turbo/CMakeFiles/libjpeg-turbo.dir/src/jfdctflt.c.o
#12 18.90 [ 25%] Building C object 3rdparty/libjpeg-turbo/CMakeFiles/libjpeg-turbo.dir/src/jfdctfst.c.o
#12 18.93 [ 25%] Building C object 3rdparty/libjpeg-turbo/CMakeFiles/libjpeg-turbo.dir/src/jfdctint.c.o
#12 19.00 [ 26%] Building C object 3rdparty/libjpeg-turbo/CMakeFiles/libjpeg-turbo.dir/src/jidctflt.c.o
#12 19.01 make[2]: Entering directory '/root/build'
#12 19.01 [ 26%] Building C object 3rdparty/libjpeg-turbo/CMakeFiles/libjpeg-turbo.dir/src/jidctfst.c.o
#12 19.02 [ 26%] Processing OpenCL kernels (core)
#12 19.03 [ 26%] Building C object 3rdparty/libjpeg-turbo/CMakeFiles/libjpeg-turbo.dir/src/jidctint.c.o
#12 19.09 [ 26%] Building C object 3rdparty/libjpeg-turbo/CMakeFiles/libjpeg-turbo.dir/src/jidctred.c.o
#12 19.10 [ 27%] Building C object 3rdparty/libjpeg-turbo/CMakeFiles/libjpeg-turbo.dir/src/jquant1.c.o
#12 19.10 make[2]: Entering directory '/root/build'
#12 19.10 make[2]: Leaving directory '/root/build'
#12 19.11 make[2]: Entering directory '/root/build'
#12 19.11 [ 27%] Building C object 3rdparty/libjpeg-turbo/CMakeFiles/libjpeg-turbo.dir/src/jquant2.c.o
#12 19.11 [ 27%] Building C object 3rdparty/libjpeg-turbo/CMakeFiles/libjpeg-turbo.dir/src/jutils.c.o
#12 19.12 [ 27%] Building CXX object modules/core/CMakeFiles/opencv_core.dir/src/algorithm.cpp.o
#12 19.12 make[2]: Leaving directory '/root/build'
#12 19.12 make[2]: Entering directory '/root/build'
#12 19.14 [ 28%] Building C object 3rdparty/libpng/CMakeFiles/libpng.dir/png.c.o
#12 19.16 [ 28%] Building C object 3rdparty/libjpeg-turbo/CMakeFiles/libjpeg-turbo.dir/src/jmemmgr.c.o
#12 19.19 [ 29%] Building C object 3rdparty/libjpeg-turbo/CMakeFiles/libjpeg-turbo.dir/src/jmemnobs.c.o
#12 19.21 [ 29%] Building C object 3rdparty/libjpeg-turbo/CMakeFiles/libjpeg-turbo.dir/src/jaricom.c.o
#12 19.21 [ 29%] Building C object 3rdparty/libjpeg-turbo/CMakeFiles/libjpeg-turbo.dir/src/jcarith.c.o
#12 19.23 [ 29%] Building C object 3rdparty/libjpeg-turbo/CMakeFiles/libjpeg-turbo.dir/src/jdarith.c.o
#12 19.27 [ 29%] Building C object 3rdparty/libpng/CMakeFiles/libpng.dir/pngerror.c.o
#12 19.30 [ 30%] Building CXX object modules/core/CMakeFiles/opencv_core.dir/src/alloc.cpp.o
#12 19.38 [ 30%] Building C object 3rdparty/libpng/CMakeFiles/libpng.dir/pngget.c.o
#12 19.38 [ 30%] Building CXX object modules/core/CMakeFiles/opencv_core.dir/src/arithm.cpp.o
#12 19.49 [ 30%] Building C object 3rdparty/libpng/CMakeFiles/libpng.dir/pngmem.c.o
#12 19.49 [ 31%] Building C object 3rdparty/libpng/CMakeFiles/libpng.dir/pngpread.c.o
#12 19.54 [ 31%] Building C object 3rdparty/libpng/CMakeFiles/libpng.dir/pngread.c.o
#12 19.55 [ 31%] Building C object 3rdparty/libpng/CMakeFiles/libpng.dir/pngrio.c.o
#12 19.59 [ 31%] Building CXX object modules/core/CMakeFiles/opencv_core.dir/src/arithm.dispatch.cpp.o
#12 19.61 [ 31%] Building C object 3rdparty/libpng/CMakeFiles/libpng.dir/pngrtran.c.o
#12 19.65 [ 32%] Building C object 3rdparty/libpng/CMakeFiles/libpng.dir/pngrutil.c.o
#12 19.72 [ 32%] Building C object 3rdparty/libpng/CMakeFiles/libpng.dir/pngset.c.o
#12 19.83 [ 32%] Building C object 3rdparty/libpng/CMakeFiles/libpng.dir/pngtrans.c.o
#12 19.86 [ 32%] Building C object 3rdparty/libpng/CMakeFiles/libpng.dir/pngwio.c.o
#12 19.96 [ 33%] Building C object 3rdparty/libpng/CMakeFiles/libpng.dir/pngwrite.c.o
#12 19.99 [ 33%] Building C object 3rdparty/libpng/CMakeFiles/libpng.dir/pngwtran.c.o
#12 20.01 [ 33%] Building CXX object modules/core/CMakeFiles/opencv_core.dir/src/array.cpp.o
#12 20.15 [ 33%] Building C object 3rdparty/libpng/CMakeFiles/libpng.dir/pngwutil.c.o
#12 20.19 [ 33%] Building C object 3rdparty/libpng/CMakeFiles/libpng.dir/intel/intel_init.c.o
#12 20.27 [ 34%] Building CXX object modules/core/CMakeFiles/opencv_core.dir/src/async.cpp.o
#12 20.27 [ 35%] Building C object 3rdparty/libpng/CMakeFiles/libpng.dir/intel/filter_sse2_intrinsics.c.o
#12 20.30 [ 35%] Building CXX object modules/core/CMakeFiles/opencv_core.dir/src/batch_distance.cpp.o
#12 20.42 [ 35%] Building CXX object modules/core/CMakeFiles/opencv_core.dir/src/bindings_utils.cpp.o
#12 20.48 [ 35%] Building CXX object modules/core/CMakeFiles/opencv_core.dir/src/buffer_area.cpp.o
#12 20.51 [ 36%] Building CXX object modules/core/CMakeFiles/opencv_core.dir/src/channels.cpp.o
#12 20.88 [ 36%] Building CXX object modules/core/CMakeFiles/opencv_core.dir/src/check.cpp.o
#12 20.90 [ 36%] Building CXX object modules/core/CMakeFiles/opencv_core.dir/src/command_line_parser.cpp.o
#12 21.21 [ 36%] Building CXX object modules/core/CMakeFiles/opencv_core.dir/src/conjugate_gradient.cpp.o
#12 21.56 [ 36%] Linking C static library ../lib/liblibpng.a
#12 21.65 make[2]: Leaving directory '/root/build'
#12 21.66 [ 36%] Built target libpng
#12 21.68 [ 37%] Building CXX object modules/core/CMakeFiles/opencv_core.dir/src/convert.dispatch.cpp.o
#12 22.75 [ 37%] Building CXX object modules/core/CMakeFiles/opencv_core.dir/src/convert_c.cpp.o
#12 22.78 [ 37%] Building CXX object modules/core/CMakeFiles/opencv_core.dir/src/convert_scale.dispatch.cpp.o
#12 23.19 [ 37%] Building CXX object modules/core/CMakeFiles/opencv_core.dir/src/copy.cpp.o
#12 23.37 [ 37%] Linking C static library ../../lib/liblibopenjp2.a
#12 23.46 make[2]: Leaving directory '/root/build'
#12 23.47 [ 37%] Built target libopenjp2
#12 23.48 [ 38%] Building CXX object modules/core/CMakeFiles/opencv_core.dir/src/count_non_zero.dispatch.cpp.o
#12 23.86 [ 38%] Building CXX object modules/core/CMakeFiles/opencv_core.dir/src/cuda_gpu_mat.cpp.o
#12 24.01 [ 38%] Building CXX object modules/core/CMakeFiles/opencv_core.dir/src/cuda_gpu_mat_nd.cpp.o
#12 24.14 [ 38%] Building CXX object modules/core/CMakeFiles/opencv_core.dir/src/cuda_host_mem.cpp.o
#12 24.17 [ 39%] Building CXX object modules/core/CMakeFiles/opencv_core.dir/src/cuda_info.cpp.o
#12 24.27 [ 39%] Building CXX object modules/core/CMakeFiles/opencv_core.dir/src/cuda_stream.cpp.o
#12 24.43 [ 39%] Building CXX object modules/core/CMakeFiles/opencv_core.dir/src/datastructs.cpp.o
#12 24.45 [ 39%] Building CXX object modules/core/CMakeFiles/opencv_core.dir/src/directx.cpp.o
#12 24.55 [ 40%] Building CXX object modules/core/CMakeFiles/opencv_core.dir/src/downhill_simplex.cpp.o
#12 25.19 [ 40%] Building CXX object modules/core/CMakeFiles/opencv_core.dir/src/dxt.cpp.o
#12 25.36 [ 41%] Linking C static library ../lib/liblibjpeg-turbo.a
#12 25.47 make[2]: Leaving directory '/root/build'
#12 25.48 [ 41%] Built target libjpeg-turbo
#12 25.49 [ 41%] Building CXX object modules/core/CMakeFiles/opencv_core.dir/src/gl_core_3_1.cpp.o
#12 25.89 [ 41%] Building CXX object modules/core/CMakeFiles/opencv_core.dir/src/glob.cpp.o
#12 26.87 [ 42%] Building CXX object modules/core/CMakeFiles/opencv_core.dir/src/hal_internal.cpp.o
#12 26.95 [ 42%] Building CXX object modules/core/CMakeFiles/opencv_core.dir/src/has_non_zero.dispatch.cpp.o
#12 27.06 [ 42%] Building CXX object modules/core/CMakeFiles/opencv_core.dir/src/kmeans.cpp.o
#12 27.24 [ 42%] Building CXX object modules/core/CMakeFiles/opencv_core.dir/src/lapack.cpp.o
#12 27.25 [ 43%] Building CXX object modules/core/CMakeFiles/opencv_core.dir/src/lda.cpp.o
#12 27.32 [ 43%] Building CXX object modules/core/CMakeFiles/opencv_core.dir/src/logger.cpp.o
#12 27.38 [ 43%] Building CXX object modules/core/CMakeFiles/opencv_core.dir/src/lpsolver.cpp.o
#12 27.38 [ 43%] Building CXX object modules/core/CMakeFiles/opencv_core.dir/src/lut.cpp.o
#12 27.45 [ 44%] Building CXX object modules/core/CMakeFiles/opencv_core.dir/src/mathfuncs.cpp.o
#12 27.94 [ 44%] Building CXX object modules/core/CMakeFiles/opencv_core.dir/src/mathfuncs_core.dispatch.cpp.o
#12 28.04 [ 44%] Building CXX object modules/core/CMakeFiles/opencv_core.dir/src/matmul.dispatch.cpp.o
#12 28.77 [ 44%] Building CXX object modules/core/CMakeFiles/opencv_core.dir/src/matrix.cpp.o
#12 28.91 [ 45%] Building CXX object modules/core/CMakeFiles/opencv_core.dir/src/matrix_c.cpp.o
#12 29.22 [ 45%] Building CXX object modules/core/CMakeFiles/opencv_core.dir/src/matrix_decomp.cpp.o
#12 29.69 [ 45%] Building CXX object modules/core/CMakeFiles/opencv_core.dir/src/matrix_expressions.cpp.o
#12 30.07 [ 45%] Building CXX object modules/core/CMakeFiles/opencv_core.dir/src/matrix_iterator.cpp.o
#12 30.43 [ 46%] Building CXX object modules/core/CMakeFiles/opencv_core.dir/src/matrix_operations.cpp.o
#12 30.51 [ 46%] Building CXX object modules/core/CMakeFiles/opencv_core.dir/src/matrix_sparse.cpp.o
#12 30.64 [ 46%] Building CXX object modules/core/CMakeFiles/opencv_core.dir/src/matrix_transform.cpp.o
#12 30.90 [ 46%] Building CXX object modules/core/CMakeFiles/opencv_core.dir/src/matrix_wrap.cpp.o
#12 30.91 [ 47%] Building CXX object modules/core/CMakeFiles/opencv_core.dir/src/mean.dispatch.cpp.o
#12 31.31 [ 47%] Building CXX object modules/core/CMakeFiles/opencv_core.dir/src/merge.dispatch.cpp.o
#12 31.52 [ 47%] Building CXX object modules/core/CMakeFiles/opencv_core.dir/src/minmax.cpp.o
#12 31.58 [ 47%] Building CXX object modules/core/CMakeFiles/opencv_core.dir/src/norm.cpp.o
#12 31.83 [ 48%] Building CXX object modules/core/CMakeFiles/opencv_core.dir/src/ocl.cpp.o
#12 32.02 [ 48%] Building CXX object modules/core/CMakeFiles/opencv_core.dir/src/opencl/runtime/opencl_clblas.cpp.o
#12 32.80 [ 48%] Building CXX object modules/core/CMakeFiles/opencv_core.dir/src/opencl/runtime/opencl_clfft.cpp.o
#12 32.93 [ 48%] Building CXX object modules/core/CMakeFiles/opencv_core.dir/src/opencl/runtime/opencl_core.cpp.o
#12 33.23 [ 49%] Building CXX object modules/core/CMakeFiles/opencv_core.dir/src/opengl.cpp.o
#12 33.67 [ 49%] Building CXX object modules/core/CMakeFiles/opencv_core.dir/src/out.cpp.o
#12 34.64 [ 49%] Building CXX object modules/core/CMakeFiles/opencv_core.dir/src/ovx.cpp.o
#12 34.84 [ 49%] Building CXX object modules/core/CMakeFiles/opencv_core.dir/src/parallel.cpp.o
#12 34.88 [ 50%] Building CXX object modules/core/CMakeFiles/opencv_core.dir/src/parallel/parallel.cpp.o
#12 34.94 [ 50%] Building CXX object modules/core/CMakeFiles/opencv_core.dir/src/parallel/parallel_openmp.cpp.o
#12 35.43 [ 50%] Building CXX object modules/core/CMakeFiles/opencv_core.dir/src/parallel/parallel_tbb.cpp.o
#12 35.46 [ 50%] Building CXX object modules/core/CMakeFiles/opencv_core.dir/src/parallel_impl.cpp.o
#12 35.63 [ 51%] Building CXX object modules/core/CMakeFiles/opencv_core.dir/src/pca.cpp.o
#12 35.69 [ 51%] Building CXX object modules/core/CMakeFiles/opencv_core.dir/src/persistence.cpp.o
#12 35.84 [ 51%] Building CXX object modules/core/CMakeFiles/opencv_core.dir/src/persistence_base64_encoding.cpp.o
#12 36.19 [ 51%] Building CXX object modules/core/CMakeFiles/opencv_core.dir/src/persistence_json.cpp.o
#12 36.42 [ 52%] Building CXX object modules/core/CMakeFiles/opencv_core.dir/src/persistence_types.cpp.o
#12 36.42 [ 52%] Building CXX object modules/core/CMakeFiles/opencv_core.dir/src/persistence_xml.cpp.o
#12 37.13 [ 52%] Building CXX object modules/core/CMakeFiles/opencv_core.dir/src/persistence_yml.cpp.o
#12 37.51 [ 52%] Building CXX object modules/core/CMakeFiles/opencv_core.dir/src/rand.cpp.o
#12 38.11 [ 53%] Building CXX object modules/core/CMakeFiles/opencv_core.dir/src/softfloat.cpp.o
#12 38.21 [ 53%] Building CXX object modules/core/CMakeFiles/opencv_core.dir/src/split.dispatch.cpp.o
#12 38.26 [ 53%] Building CXX object modules/core/CMakeFiles/opencv_core.dir/src/stat.dispatch.cpp.o
#12 38.42 [ 53%] Building CXX object modules/core/CMakeFiles/opencv_core.dir/src/stat_c.cpp.o
#12 38.91 [ 54%] Building CXX object modules/core/CMakeFiles/opencv_core.dir/src/stl.cpp.o
#12 39.35 [ 54%] Building CXX object modules/core/CMakeFiles/opencv_core.dir/src/sum.dispatch.cpp.o
#12 39.72 [ 54%] Building CXX object modules/core/CMakeFiles/opencv_core.dir/src/system.cpp.o
#12 39.82 [ 54%] Building CXX object modules/core/CMakeFiles/opencv_core.dir/src/tables.cpp.o
#12 40.51 [ 54%] Building CXX object modules/core/CMakeFiles/opencv_core.dir/src/trace.cpp.o
#12 40.80 [ 55%] Building CXX object modules/core/CMakeFiles/opencv_core.dir/src/types.cpp.o
#12 40.90 [ 55%] Building CXX object modules/core/CMakeFiles/opencv_core.dir/src/umatrix.cpp.o
#12 40.96 [ 55%] Building CXX object modules/core/CMakeFiles/opencv_core.dir/src/utils/datafile.cpp.o
#12 41.77 [ 55%] Building CXX object modules/core/CMakeFiles/opencv_core.dir/src/utils/filesystem.cpp.o
#12 41.80 [ 56%] Building CXX object modules/core/CMakeFiles/opencv_core.dir/src/utils/logtagconfigparser.cpp.o
#12 42.07 [ 56%] Building CXX object modules/core/CMakeFiles/opencv_core.dir/src/utils/logtagmanager.cpp.o
#12 42.29 [ 56%] Building CXX object modules/core/CMakeFiles/opencv_core.dir/src/utils/samples.cpp.o
#12 42.38 [ 56%] Building CXX object modules/core/CMakeFiles/opencv_core.dir/src/va_intel.cpp.o
#12 42.38 [ 57%] Building CXX object modules/core/CMakeFiles/opencv_core.dir/opencl_kernels_core.cpp.o
#12 43.62 [ 57%] Building CXX object modules/core/CMakeFiles/opencv_core.dir/arithm.sse4_1.cpp.o
#12 43.62 [ 57%] Building CXX object modules/core/CMakeFiles/opencv_core.dir/matmul.sse4_1.cpp.o
#12 43.76 [ 57%] Building CXX object modules/core/CMakeFiles/opencv_core.dir/stat.sse4_2.cpp.o
#12 43.81 [ 58%] Building CXX object modules/core/CMakeFiles/opencv_core.dir/mathfuncs_core.avx.cpp.o
#12 43.98 [ 58%] Building CXX object modules/core/CMakeFiles/opencv_core.dir/mathfuncs_core.avx2.cpp.o
#12 44.25 [ 58%] Building CXX object modules/core/CMakeFiles/opencv_core.dir/stat.avx2.cpp.o
#12 44.71 [ 58%] Building CXX object modules/core/CMakeFiles/opencv_core.dir/arithm.avx2.cpp.o
#12 45.01 [ 59%] Building CXX object modules/core/CMakeFiles/opencv_core.dir/convert.avx2.cpp.o
#12 45.39 [ 59%] Building CXX object modules/core/CMakeFiles/opencv_core.dir/convert_scale.avx2.cpp.o
#12 45.50 [ 59%] Building CXX object modules/core/CMakeFiles/opencv_core.dir/count_non_zero.avx2.cpp.o
#12 45.52 [ 59%] Building CXX object modules/core/CMakeFiles/opencv_core.dir/has_non_zero.avx2.cpp.o
#12 45.68 [ 60%] Building CXX object modules/core/CMakeFiles/opencv_core.dir/matmul.avx2.cpp.o
#12 45.74 [ 60%] Building CXX object modules/core/CMakeFiles/opencv_core.dir/mean.avx2.cpp.o
#12 45.98 [ 60%] Building CXX object modules/core/CMakeFiles/opencv_core.dir/merge.avx2.cpp.o
#12 46.49 [ 60%] Building CXX object modules/core/CMakeFiles/opencv_core.dir/split.avx2.cpp.o
#12 46.92 [ 61%] Building CXX object modules/core/CMakeFiles/opencv_core.dir/sum.avx2.cpp.o
#12 47.97 [ 61%] Building CXX object modules/core/CMakeFiles/opencv_core.dir/matmul.avx512_skx.cpp.o
#12 53.39 [ 61%] Linking CXX static library ../../lib/libopencv_core.a
#12 53.52 make[2]: Leaving directory '/root/build'
#12 53.53 [ 61%] Built target opencv_core
#12 53.53 make[2]: Entering directory '/root/build'
#12 53.54 [ 61%] Processing OpenCL kernels (imgproc)
#12 53.59 make[2]: Leaving directory '/root/build'
#12 53.59 make[2]: Entering directory '/root/build'
#12 53.60 [ 63%] Building CXX object modules/imgproc/CMakeFiles/opencv_imgproc.dir/src/accum.dispatch.cpp.o
#12 53.60 [ 63%] Building CXX object modules/imgproc/CMakeFiles/opencv_imgproc.dir/src/accum.cpp.o
#12 53.60 [ 63%] Building CXX object modules/imgproc/CMakeFiles/opencv_imgproc.dir/src/blend.cpp.o
#12 53.60 [ 63%] Building CXX object modules/imgproc/CMakeFiles/opencv_imgproc.dir/src/bilateral_filter.dispatch.cpp.o
#12 53.60 [ 63%] Building CXX object modules/imgproc/CMakeFiles/opencv_imgproc.dir/src/approx.cpp.o
#12 53.60 [ 63%] Building CXX object modules/imgproc/CMakeFiles/opencv_imgproc.dir/src/canny.cpp.o
#12 53.60 [ 63%] Building CXX object modules/imgproc/CMakeFiles/opencv_imgproc.dir/src/clahe.cpp.o
#12 53.60 [ 63%] Building CXX object modules/imgproc/CMakeFiles/opencv_imgproc.dir/src/color_hsv.dispatch.cpp.o
#12 53.60 [ 64%] Building CXX object modules/imgproc/CMakeFiles/opencv_imgproc.dir/src/color.cpp.o
#12 53.60 [ 63%] Building CXX object modules/imgproc/CMakeFiles/opencv_imgproc.dir/src/box_filter.dispatch.cpp.o
#12 53.60 [ 64%] Building CXX object modules/imgproc/CMakeFiles/opencv_imgproc.dir/src/color_rgb.dispatch.cpp.o
#12 53.60 [ 64%] Building CXX object modules/imgproc/CMakeFiles/opencv_imgproc.dir/src/color_lab.cpp.o
#12 53.60 [ 65%] Building CXX object modules/imgproc/CMakeFiles/opencv_imgproc.dir/src/color_yuv.dispatch.cpp.o
#12 53.60 [ 65%] Building CXX object modules/imgproc/CMakeFiles/opencv_imgproc.dir/src/connectedcomponents.cpp.o
#12 53.60 [ 65%] Building CXX object modules/imgproc/CMakeFiles/opencv_imgproc.dir/src/colormap.cpp.o
#12 53.61 [ 65%] Building CXX object modules/imgproc/CMakeFiles/opencv_imgproc.dir/src/contours.cpp.o
#12 56.73 [ 66%] Building CXX object modules/imgproc/CMakeFiles/opencv_imgproc.dir/src/convhull.cpp.o
#12 56.81 [ 66%] Building CXX object modules/imgproc/CMakeFiles/opencv_imgproc.dir/src/corner.cpp.o
#12 56.84 [ 66%] Building CXX object modules/imgproc/CMakeFiles/opencv_imgproc.dir/src/cornersubpix.cpp.o
#12 57.24 [ 66%] Building CXX object modules/imgproc/CMakeFiles/opencv_imgproc.dir/src/demosaicing.cpp.o
#12 57.28 [ 67%] Building CXX object modules/imgproc/CMakeFiles/opencv_imgproc.dir/src/deriv.cpp.o
#12 57.46 [ 67%] Building CXX object modules/imgproc/CMakeFiles/opencv_imgproc.dir/src/distransform.cpp.o
#12 57.52 [ 67%] Building CXX object modules/imgproc/CMakeFiles/opencv_imgproc.dir/src/drawing.cpp.o
#12 58.01 [ 67%] Building CXX object modules/imgproc/CMakeFiles/opencv_imgproc.dir/src/emd.cpp.o
#12 58.16 [ 68%] Building CXX object modules/imgproc/CMakeFiles/opencv_imgproc.dir/src/featureselect.cpp.o
#12 58.16 [ 68%] Building CXX object modules/imgproc/CMakeFiles/opencv_imgproc.dir/src/filter.dispatch.cpp.o
#12 58.25 [ 68%] Building CXX object modules/imgproc/CMakeFiles/opencv_imgproc.dir/src/floodfill.cpp.o
#12 59.56 [ 68%] Building CXX object modules/imgproc/CMakeFiles/opencv_imgproc.dir/src/gabor.cpp.o
#12 59.85 [ 69%] Building CXX object modules/imgproc/CMakeFiles/opencv_imgproc.dir/src/generalized_hough.cpp.o
#12 59.90 [ 69%] Building CXX object modules/imgproc/CMakeFiles/opencv_imgproc.dir/src/geometry.cpp.o
#12 60.06 [ 69%] Building CXX object modules/imgproc/CMakeFiles/opencv_imgproc.dir/src/grabcut.cpp.o
#12 60.40 [ 69%] Building CXX object modules/imgproc/CMakeFiles/opencv_imgproc.dir/src/hershey_fonts.cpp.o
#12 60.54 [ 70%] Building CXX object modules/imgproc/CMakeFiles/opencv_imgproc.dir/src/histogram.cpp.o
#12 60.58 [ 70%] Building CXX object modules/imgproc/CMakeFiles/opencv_imgproc.dir/src/hough.cpp.o
#12 60.97 [ 70%] Building CXX object modules/imgproc/CMakeFiles/opencv_imgproc.dir/src/imgwarp.cpp.o
#12 61.20 [ 70%] Building CXX object modules/imgproc/CMakeFiles/opencv_imgproc.dir/src/intelligent_scissors.cpp.o
#12 61.35 [ 71%] Building CXX object modules/imgproc/CMakeFiles/opencv_imgproc.dir/src/intersection.cpp.o
#12 61.52 [ 71%] Building CXX object modules/imgproc/CMakeFiles/opencv_imgproc.dir/src/linefit.cpp.o
#12 61.68 [ 71%] Building CXX object modules/imgproc/CMakeFiles/opencv_imgproc.dir/src/lsd.cpp.o
#12 62.07 [ 71%] Building CXX object modules/imgproc/CMakeFiles/opencv_imgproc.dir/src/main.cpp.o
#12 62.43 [ 72%] Building CXX object modules/imgproc/CMakeFiles/opencv_imgproc.dir/src/matchcontours.cpp.o
#12 62.74 [ 72%] Building CXX object modules/imgproc/CMakeFiles/opencv_imgproc.dir/src/median_blur.dispatch.cpp.o
#12 63.04 [ 72%] Building CXX object modules/imgproc/CMakeFiles/opencv_imgproc.dir/src/min_enclosing_triangle.cpp.o
#12 63.76 [ 72%] Building CXX object modules/imgproc/CMakeFiles/opencv_imgproc.dir/src/moments.cpp.o
#12 64.43 [ 73%] Building CXX object modules/imgproc/CMakeFiles/opencv_imgproc.dir/src/morph.dispatch.cpp.o
#12 64.51 [ 73%] Building CXX object modules/imgproc/CMakeFiles/opencv_imgproc.dir/src/phasecorr.cpp.o
#12 64.61 [ 73%] Building CXX object modules/imgproc/CMakeFiles/opencv_imgproc.dir/src/pyramids.cpp.o
#12 64.61 [ 73%] Building CXX object modules/imgproc/CMakeFiles/opencv_imgproc.dir/src/resize.cpp.o
#12 64.69 [ 74%] Building CXX object modules/imgproc/CMakeFiles/opencv_imgproc.dir/src/rotcalipers.cpp.o
#12 64.91 [ 74%] Building CXX object modules/imgproc/CMakeFiles/opencv_imgproc.dir/src/samplers.cpp.o
#12 65.19 [ 74%] Building CXX object modules/imgproc/CMakeFiles/opencv_imgproc.dir/src/segmentation.cpp.o
#12 65.66 [ 74%] Building CXX object modules/imgproc/CMakeFiles/opencv_imgproc.dir/src/shapedescr.cpp.o
#12 66.61 [ 75%] Building CXX object modules/imgproc/CMakeFiles/opencv_imgproc.dir/src/smooth.dispatch.cpp.o
#12 66.68 [ 75%] Building CXX object modules/imgproc/CMakeFiles/opencv_imgproc.dir/src/spatialgradient.cpp.o
#12 67.01 [ 75%] Building CXX object modules/imgproc/CMakeFiles/opencv_imgproc.dir/src/stackblur.cpp.o
#12 67.38 [ 75%] Building CXX object modules/imgproc/CMakeFiles/opencv_imgproc.dir/src/subdivision2d.cpp.o
#12 67.43 [ 76%] Building CXX object modules/imgproc/CMakeFiles/opencv_imgproc.dir/src/sumpixels.dispatch.cpp.o
#12 67.81 [ 76%] Building CXX object modules/imgproc/CMakeFiles/opencv_imgproc.dir/src/tables.cpp.o
#12 68.12 [ 76%] Building CXX object modules/imgproc/CMakeFiles/opencv_imgproc.dir/src/templmatch.cpp.o
#12 68.20 [ 76%] Building CXX object modules/imgproc/CMakeFiles/opencv_imgproc.dir/src/thresh.cpp.o
#12 68.26 [ 77%] Building CXX object modules/imgproc/CMakeFiles/opencv_imgproc.dir/src/utils.cpp.o
#12 69.21 [ 77%] Building CXX object modules/imgproc/CMakeFiles/opencv_imgproc.dir/opencl_kernels_imgproc.cpp.o
#12 69.46 [ 77%] Building CXX object modules/imgproc/CMakeFiles/opencv_imgproc.dir/src/imgwarp.sse4_1.cpp.o
#12 70.66 [ 77%] Building CXX object modules/imgproc/CMakeFiles/opencv_imgproc.dir/src/resize.sse4_1.cpp.o
#12 70.72 [ 78%] Building CXX object modules/imgproc/CMakeFiles/opencv_imgproc.dir/accum.sse4_1.cpp.o
#12 70.73 [ 78%] Building CXX object modules/imgproc/CMakeFiles/opencv_imgproc.dir/box_filter.sse4_1.cpp.o
#12 70.89 [ 78%] Building CXX object modules/imgproc/CMakeFiles/opencv_imgproc.dir/filter.sse4_1.cpp.o
#12 71.16 [ 78%] Building CXX object modules/imgproc/CMakeFiles/opencv_imgproc.dir/color_hsv.sse4_1.cpp.o
#12 71.22 [ 79%] Building CXX object modules/imgproc/CMakeFiles/opencv_imgproc.dir/color_rgb.sse4_1.cpp.o
#12 71.70 [ 79%] Building CXX object modules/imgproc/CMakeFiles/opencv_imgproc.dir/color_yuv.sse4_1.cpp.o
#12 71.89 [ 79%] Building CXX object modules/imgproc/CMakeFiles/opencv_imgproc.dir/median_blur.sse4_1.cpp.o
#12 72.54 [ 79%] Building CXX object modules/imgproc/CMakeFiles/opencv_imgproc.dir/morph.sse4_1.cpp.o
#12 72.89 [ 80%] Building CXX object modules/imgproc/CMakeFiles/opencv_imgproc.dir/smooth.sse4_1.cpp.o
#12 73.36 [ 80%] Building CXX object modules/imgproc/CMakeFiles/opencv_imgproc.dir/src/corner.avx.cpp.o
#12 73.61 [ 80%] Building CXX object modules/imgproc/CMakeFiles/opencv_imgproc.dir/accum.avx.cpp.o
#12 73.67 [ 80%] Building CXX object modules/imgproc/CMakeFiles/opencv_imgproc.dir/src/imgwarp.avx2.cpp.o
#12 75.02 [ 81%] Building CXX object modules/imgproc/CMakeFiles/opencv_imgproc.dir/src/resize.avx2.cpp.o
#12 75.06 [ 81%] Building CXX object modules/imgproc/CMakeFiles/opencv_imgproc.dir/accum.avx2.cpp.o
#12 75.23 [ 81%] Building CXX object modules/imgproc/CMakeFiles/opencv_imgproc.dir/bilateral_filter.avx2.cpp.o
#12 75.31 [ 81%] Building CXX object modules/imgproc/CMakeFiles/opencv_imgproc.dir/box_filter.avx2.cpp.o
#12 76.10 [ 82%] Building CXX object modules/imgproc/CMakeFiles/opencv_imgproc.dir/filter.avx2.cpp.o
#12 76.91 [ 82%] Building CXX object modules/imgproc/CMakeFiles/opencv_imgproc.dir/color_hsv.avx2.cpp.o
#12 77.05 [ 82%] Building CXX object modules/imgproc/CMakeFiles/opencv_imgproc.dir/color_rgb.avx2.cpp.o
#12 77.25 [ 82%] Building CXX object modules/imgproc/CMakeFiles/opencv_imgproc.dir/color_yuv.avx2.cpp.o
#12 77.55 [ 83%] Building CXX object modules/imgproc/CMakeFiles/opencv_imgproc.dir/median_blur.avx2.cpp.o
#12 77.59 [ 83%] Building CXX object modules/imgproc/CMakeFiles/opencv_imgproc.dir/morph.avx2.cpp.o
#12 78.05 [ 83%] Building CXX object modules/imgproc/CMakeFiles/opencv_imgproc.dir/smooth.avx2.cpp.o
#12 78.23 [ 83%] Building CXX object modules/imgproc/CMakeFiles/opencv_imgproc.dir/sumpixels.avx2.cpp.o
#12 79.39 [ 84%] Building CXX object modules/imgproc/CMakeFiles/opencv_imgproc.dir/sumpixels.avx512_skx.cpp.o
#12 86.53 [ 84%] Linking CXX static library ../../lib/libopencv_imgproc.a
#12 86.69 make[2]: Leaving directory '/root/build'
#12 86.70 [ 84%] Built target opencv_imgproc
#12 86.70 make[2]: Entering directory '/root/build'
#12 86.70 make[2]: Entering directory '/root/build'
#12 86.70 [ 84%] Processing OpenCL kernels (video)
#12 86.71 make[2]: Leaving directory '/root/build'
#12 86.71 make[2]: Entering directory '/root/build'
#12 86.71 [ 84%] Building CXX object modules/imgcodecs/CMakeFiles/opencv_imgcodecs.dir/src/loadsave.cpp.o
#12 86.71 [ 85%] Building CXX object modules/imgcodecs/CMakeFiles/opencv_imgcodecs.dir/src/utils.cpp.o
#12 86.71 [ 85%] Building CXX object modules/imgcodecs/CMakeFiles/opencv_imgcodecs.dir/src/grfmt_avif.cpp.o
#12 86.71 [ 85%] Building CXX object modules/imgcodecs/CMakeFiles/opencv_imgcodecs.dir/src/grfmt_bmp.cpp.o
#12 86.71 [ 85%] Building CXX object modules/imgcodecs/CMakeFiles/opencv_imgcodecs.dir/src/grfmt_base.cpp.o
#12 86.71 [ 85%] Building CXX object modules/imgcodecs/CMakeFiles/opencv_imgcodecs.dir/src/grfmt_gdal.cpp.o
#12 86.71 [ 86%] Building CXX object modules/imgcodecs/CMakeFiles/opencv_imgcodecs.dir/src/grfmt_exr.cpp.o
#12 86.72 [ 87%] Building CXX object modules/imgcodecs/CMakeFiles/opencv_imgcodecs.dir/src/grfmt_hdr.cpp.o
#12 86.72 [ 87%] Building CXX object modules/imgcodecs/CMakeFiles/opencv_imgcodecs.dir/src/grfmt_jpeg.cpp.o
#12 86.72 [ 87%] Building CXX object modules/imgcodecs/CMakeFiles/opencv_imgcodecs.dir/src/grfmt_gdcm.cpp.o
#12 86.72 [ 87%] Building CXX object modules/imgcodecs/CMakeFiles/opencv_imgcodecs.dir/src/grfmt_jpeg2000.cpp.o
#12 86.72 [ 87%] Building CXX object modules/imgcodecs/CMakeFiles/opencv_imgcodecs.dir/src/grfmt_jpeg2000_openjpeg.cpp.o
#12 86.72 [ 88%] Building CXX object modules/imgcodecs/CMakeFiles/opencv_imgcodecs.dir/src/grfmt_pfm.cpp.o
#12 86.72 [ 88%] Building CXX object modules/imgcodecs/CMakeFiles/opencv_imgcodecs.dir/src/grfmt_pam.cpp.o
#12 86.73 [ 88%] Building CXX object modules/imgcodecs/CMakeFiles/opencv_imgcodecs.dir/src/grfmt_png.cpp.o
#12 86.75 make[2]: Leaving directory '/root/build'
#12 86.75 make[2]: Entering directory '/root/build'
#12 86.78 [ 88%] Building CXX object modules/video/CMakeFiles/opencv_video.dir/src/bgfg_KNN.cpp.o
#12 89.08 [ 88%] Building CXX object modules/imgcodecs/CMakeFiles/opencv_imgcodecs.dir/src/grfmt_pxm.cpp.o
#12 89.11 [ 88%] Building CXX object modules/imgcodecs/CMakeFiles/opencv_imgcodecs.dir/src/grfmt_spng.cpp.o
#12 89.11 [ 89%] Building CXX object modules/imgcodecs/CMakeFiles/opencv_imgcodecs.dir/src/grfmt_sunras.cpp.o
#12 89.13 [ 89%] Building CXX object modules/imgcodecs/CMakeFiles/opencv_imgcodecs.dir/src/grfmt_tiff.cpp.o
#12 89.15 [ 90%] Building CXX object modules/video/CMakeFiles/opencv_video.dir/src/bgfg_gaussmix2.cpp.o
#12 89.15 [ 90%] Building CXX object modules/imgcodecs/CMakeFiles/opencv_imgcodecs.dir/src/grfmt_webp.cpp.o
#12 89.18 [ 91%] Building CXX object modules/imgcodecs/CMakeFiles/opencv_imgcodecs.dir/src/rgbe.cpp.o
#12 89.19 [ 91%] Building CXX object modules/imgcodecs/CMakeFiles/opencv_imgcodecs.dir/src/bitstrm.cpp.o
#12 89.19 [ 91%] Building CXX object modules/imgcodecs/CMakeFiles/opencv_imgcodecs.dir/src/exif.cpp.o
#12 89.29 [ 91%] Building CXX object modules/video/CMakeFiles/opencv_video.dir/src/camshift.cpp.o
#12 89.50 [ 91%] Building CXX object modules/video/CMakeFiles/opencv_video.dir/src/dis_flow.cpp.o
#12 89.55 [ 91%] Building CXX object modules/video/CMakeFiles/opencv_video.dir/src/ecc.cpp.o
#12 89.58 [ 92%] Building CXX object modules/video/CMakeFiles/opencv_video.dir/src/kalman.cpp.o
#12 89.70 [ 92%] Building CXX object modules/video/CMakeFiles/opencv_video.dir/src/lkpyramid.cpp.o
#12 89.72 [ 92%] Building CXX object modules/video/CMakeFiles/opencv_video.dir/src/optflowgf.cpp.o
#12 90.35 [ 92%] Building CXX object modules/video/CMakeFiles/opencv_video.dir/src/optical_flow_io.cpp.o
#12 91.16 [ 93%] Building CXX object modules/video/CMakeFiles/opencv_video.dir/src/tracking/detail/tracker_feature.cpp.o
#12 91.49 [ 93%] Building CXX object modules/video/CMakeFiles/opencv_video.dir/src/tracking/detail/tracker_feature_set.cpp.o
#12 91.53 [ 93%] Building CXX object modules/video/CMakeFiles/opencv_video.dir/src/tracking/detail/tracker_mil_model.cpp.o
#12 91.57 [ 93%] Building CXX object modules/video/CMakeFiles/opencv_video.dir/src/tracking/detail/tracker_mil_state.cpp.o
#12 91.58 [ 94%] Building CXX object modules/video/CMakeFiles/opencv_video.dir/src/tracking/detail/tracker_model.cpp.o
#12 91.89 [ 94%] Building CXX object modules/video/CMakeFiles/opencv_video.dir/src/tracking/detail/tracker_sampler.cpp.o
#12 91.93 [ 94%] Building CXX object modules/video/CMakeFiles/opencv_video.dir/src/tracking/detail/tracker_sampler_algorithm.cpp.o
#12 92.04 [ 94%] Building CXX object modules/video/CMakeFiles/opencv_video.dir/src/tracking/detail/tracker_state_estimator.cpp.o
#12 92.06 [ 95%] Building CXX object modules/video/CMakeFiles/opencv_video.dir/src/tracking/detail/tracking_feature.cpp.o
#12 92.28 [ 95%] Building CXX object modules/video/CMakeFiles/opencv_video.dir/src/tracking/detail/tracking_online_mil.cpp.o
#12 92.53 [ 95%] Linking CXX static library ../../lib/libopencv_imgcodecs.a
#12 92.61 make[2]: Leaving directory '/root/build'
#12 92.62 [ 95%] Built target opencv_imgcodecs
#12 92.62 make[2]: Entering directory '/root/build'
#12 92.64 make[2]: Leaving directory '/root/build'
#12 92.64 make[2]: Entering directory '/root/build'
#12 92.65 [ 95%] Building CXX object modules/videoio/CMakeFiles/opencv_videoio.dir/src/videoio_registry.cpp.o
#12 92.90 [ 95%] Building CXX object modules/video/CMakeFiles/opencv_video.dir/src/tracking/tracker.cpp.o
#12 92.91 [ 95%] Building CXX object modules/video/CMakeFiles/opencv_video.dir/src/tracking/tracker_dasiamrpn.cpp.o
#12 93.12 [ 96%] Building CXX object modules/video/CMakeFiles/opencv_video.dir/src/tracking/tracker_goturn.cpp.o
#12 93.39 [ 96%] Building CXX object modules/video/CMakeFiles/opencv_video.dir/src/tracking/tracker_mil.cpp.o
#12 93.53 [ 96%] Building CXX object modules/video/CMakeFiles/opencv_video.dir/src/tracking/tracker_nano.cpp.o
#12 93.80 [ 96%] Building CXX object modules/video/CMakeFiles/opencv_video.dir/src/variational_refinement.cpp.o
#12 94.25 [ 97%] Building CXX object modules/video/CMakeFiles/opencv_video.dir/opencl_kernels_video.cpp.o
#12 94.39 [ 97%] Building CXX object modules/videoio/CMakeFiles/opencv_videoio.dir/src/videoio_c.cpp.o
#12 94.49 [ 98%] Building CXX object modules/videoio/CMakeFiles/opencv_videoio.dir/src/cap.cpp.o
#12 94.50 [ 98%] Building CXX object modules/videoio/CMakeFiles/opencv_videoio.dir/src/cap_images.cpp.o
#12 94.69 [ 98%] Building CXX object modules/videoio/CMakeFiles/opencv_videoio.dir/src/cap_mjpeg_encoder.cpp.o
#12 94.69 [ 98%] Building CXX object modules/videoio/CMakeFiles/opencv_videoio.dir/src/cap_mjpeg_decoder.cpp.o
#12 94.76 [ 99%] Building CXX object modules/videoio/CMakeFiles/opencv_videoio.dir/src/backend_plugin.cpp.o
#12 95.02 [ 99%] Building CXX object modules/videoio/CMakeFiles/opencv_videoio.dir/src/backend_static.cpp.o
#12 95.38 [ 99%] Building CXX object modules/videoio/CMakeFiles/opencv_videoio.dir/src/container_avi.cpp.o
#12 95.40 [ 99%] Building CXX object modules/videoio/CMakeFiles/opencv_videoio.dir/src/cap_ffmpeg.cpp.o
#12 97.20 [ 99%] Linking CXX static library ../../lib/libopencv_video.a
#12 97.26 make[2]: Leaving directory '/root/build'
#12 97.26 [ 99%] Built target opencv_video
#12 98.67 [100%] Linking CXX static library ../../lib/libopencv_videoio.a
#12 98.72 make[2]: Leaving directory '/root/build'
#12 98.72 [100%] Built target opencv_videoio
#12 98.72 make[1]: Leaving directory '/root/build'
#12 98.74 Install the project...
#12 98.74 -- Install configuration: "Release"
#12 98.75 -- Installing: /opt/opencv/share/licenses/opencv4/ippicv-readme.htm
#12 98.75 -- Installing: /opt/opencv/share/licenses/opencv4/ippicv-EULA.txt
#12 98.75 -- Installing: /opt/opencv/share/licenses/opencv4/ippicv-third-party-programs.txt
#12 98.75 -- Installing: /opt/opencv/lib/opencv4/3rdparty/libippicv.a
#12 98.86 -- Installing: /opt/opencv/share/licenses/opencv4/ippiw-support.txt
#12 98.86 -- Installing: /opt/opencv/share/licenses/opencv4/ippiw-third-party-programs.txt
#12 98.86 -- Installing: /opt/opencv/share/licenses/opencv4/ippiw-EULA.txt
#12 98.86 -- Installing: /opt/opencv/include/opencv4/opencv2/cvconfig.h
#12 98.86 -- Installing: /opt/opencv/include/opencv4/opencv2/opencv_modules.hpp
#12 98.86 -- Installing: /opt/opencv/lib/cmake/opencv4/OpenCVModules.cmake
#12 98.86 -- Installing: /opt/opencv/lib/cmake/opencv4/OpenCVModules-release.cmake
#12 98.86 -- Installing: /opt/opencv/lib/cmake/opencv4/OpenCVConfig-version.cmake
#12 98.86 -- Installing: /opt/opencv/lib/cmake/opencv4/OpenCVConfig.cmake
#12 98.86 -- Installing: /opt/opencv/bin/setup_vars_opencv4.sh
#12 98.86 -- Installing: /opt/opencv/share/opencv4/valgrind.supp
#12 98.86 -- Installing: /opt/opencv/share/opencv4/valgrind_3rdparty.supp
#12 98.86 -- Installing: /opt/opencv/lib/opencv4/3rdparty/libzlib.a
#12 98.86 -- Installing: /opt/opencv/share/licenses/opencv4/zlib-LICENSE
#12 98.86 -- Installing: /opt/opencv/lib/opencv4/3rdparty/liblibjpeg-turbo.a
#12 98.86 -- Installing: /opt/opencv/share/licenses/opencv4/libjpeg-turbo-README.md
#12 98.86 -- Installing: /opt/opencv/share/licenses/opencv4/libjpeg-turbo-LICENSE.md
#12 98.87 -- Installing: /opt/opencv/share/licenses/opencv4/libjpeg-turbo-README.ijg
#12 98.87 -- Installing: /opt/opencv/share/licenses/opencv4/libopenjp2-README.md
#12 98.87 -- Installing: /opt/opencv/share/licenses/opencv4/libopenjp2-LICENSE
#12 98.87 -- Installing: /opt/opencv/lib/opencv4/3rdparty/liblibopenjp2.a
#12 98.87 -- Installing: /opt/opencv/lib/opencv4/3rdparty/liblibpng.a
#12 98.87 -- Installing: /opt/opencv/share/licenses/opencv4/libpng-LICENSE
#12 98.87 -- Installing: /opt/opencv/share/licenses/opencv4/libpng-README
#12 98.87 -- Installing: /opt/opencv/lib/opencv4/3rdparty/libippiw.a
#12 98.87 -- Installing: /opt/opencv/include/opencv4/opencv2/opencv.hpp
#12 98.88 -- Installing: /opt/opencv/lib/libopencv_core.a
#12 98.89 -- Installing: /opt/opencv/include/opencv4/opencv2/core.hpp
#12 98.89 -- Installing: /opt/opencv/include/opencv4/opencv2/core/affine.hpp
#12 98.89 -- Installing: /opt/opencv/include/opencv4/opencv2/core/async.hpp
#12 98.89 -- Installing: /opt/opencv/include/opencv4/opencv2/core/base.hpp
#12 98.89 -- Installing: /opt/opencv/include/opencv4/opencv2/core/bindings_utils.hpp
#12 98.89 -- Installing: /opt/opencv/include/opencv4/opencv2/core/bufferpool.hpp
#12 98.89 -- Installing: /opt/opencv/include/opencv4/opencv2/core/check.hpp
#12 98.89 -- Installing: /opt/opencv/include/opencv4/opencv2/core/core.hpp
#12 98.89 -- Installing: /opt/opencv/include/opencv4/opencv2/core/core_c.h
#12 98.89 -- Installing: /opt/opencv/include/opencv4/opencv2/core/cuda.hpp
#12 98.89 -- Installing: /opt/opencv/include/opencv4/opencv2/core/cuda.inl.hpp
#12 98.89 -- Installing: /opt/opencv/include/opencv4/opencv2/core/cuda/block.hpp
#12 98.89 -- Installing: /opt/opencv/include/opencv4/opencv2/core/cuda/border_interpolate.hpp
#12 98.89 -- Installing: /opt/opencv/include/opencv4/opencv2/core/cuda/color.hpp
#12 98.89 -- Installing: /opt/opencv/include/opencv4/opencv2/core/cuda/common.hpp
#12 98.89 -- Installing: /opt/opencv/include/opencv4/opencv2/core/cuda/datamov_utils.hpp
#12 98.89 -- Installing: /opt/opencv/include/opencv4/opencv2/core/cuda/detail/color_detail.hpp
#12 98.90 -- Installing: /opt/opencv/include/opencv4/opencv2/core/cuda/detail/reduce.hpp
#12 98.90 -- Installing: /opt/opencv/include/opencv4/opencv2/core/cuda/detail/reduce_key_val.hpp
#12 98.90 -- Installing: /opt/opencv/include/opencv4/opencv2/core/cuda/detail/transform_detail.hpp
#12 98.90 -- Installing: /opt/opencv/include/opencv4/opencv2/core/cuda/detail/type_traits_detail.hpp
#12 98.90 -- Installing: /opt/opencv/include/opencv4/opencv2/core/cuda/detail/vec_distance_detail.hpp
#12 98.90 -- Installing: /opt/opencv/include/opencv4/opencv2/core/cuda/dynamic_smem.hpp
#12 98.90 -- Installing: /opt/opencv/include/opencv4/opencv2/core/cuda/emulation.hpp
#12 98.90 -- Installing: /opt/opencv/include/opencv4/opencv2/core/cuda/filters.hpp
#12 98.90 -- Installing: /opt/opencv/include/opencv4/opencv2/core/cuda/funcattrib.hpp
#12 98.90 -- Installing: /opt/opencv/include/opencv4/opencv2/core/cuda/functional.hpp
#12 98.90 -- Installing: /opt/opencv/include/opencv4/opencv2/core/cuda/limits.hpp
#12 98.90 -- Installing: /opt/opencv/include/opencv4/opencv2/core/cuda/reduce.hpp
#12 98.90 -- Installing: /opt/opencv/include/opencv4/opencv2/core/cuda/saturate_cast.hpp
#12 98.90 -- Installing: /opt/opencv/include/opencv4/opencv2/core/cuda/scan.hpp
#12 98.90 -- Installing: /opt/opencv/include/opencv4/opencv2/core/cuda/simd_functions.hpp
#12 98.90 -- Installing: /opt/opencv/include/opencv4/opencv2/core/cuda/transform.hpp
#12 98.90 -- Installing: /opt/opencv/include/opencv4/opencv2/core/cuda/type_traits.hpp
#12 98.90 -- Installing: /opt/opencv/include/opencv4/opencv2/core/cuda/utility.hpp
#12 98.90 -- Installing: /opt/opencv/include/opencv4/opencv2/core/cuda/vec_distance.hpp
#12 98.90 -- Installing: /opt/opencv/include/opencv4/opencv2/core/cuda/vec_math.hpp
#12 98.90 -- Installing: /opt/opencv/include/opencv4/opencv2/core/cuda/vec_traits.hpp
#12 98.90 -- Installing: /opt/opencv/include/opencv4/opencv2/core/cuda/warp.hpp
#12 98.90 -- Installing: /opt/opencv/include/opencv4/opencv2/core/cuda/warp_reduce.hpp
#12 98.91 -- Installing: /opt/opencv/include/opencv4/opencv2/core/cuda/warp_shuffle.hpp
#12 98.91 -- Installing: /opt/opencv/include/opencv4/opencv2/core/cuda_stream_accessor.hpp
#12 98.91 -- Installing: /opt/opencv/include/opencv4/opencv2/core/cuda_types.hpp
#12 98.91 -- Installing: /opt/opencv/include/opencv4/opencv2/core/cv_cpu_dispatch.h
#12 98.91 -- Installing: /opt/opencv/include/opencv4/opencv2/core/cv_cpu_helper.h
#12 98.91 -- Installing: /opt/opencv/include/opencv4/opencv2/core/cvdef.h
#12 98.91 -- Installing: /opt/opencv/include/opencv4/opencv2/core/cvstd.hpp
#12 98.91 -- Installing: /opt/opencv/include/opencv4/opencv2/core/cvstd.inl.hpp
#12 98.91 -- Installing: /opt/opencv/include/opencv4/opencv2/core/cvstd_wrapper.hpp
#12 98.91 -- Installing: /opt/opencv/include/opencv4/opencv2/core/detail/async_promise.hpp
#12 98.91 -- Installing: /opt/opencv/include/opencv4/opencv2/core/detail/dispatch_helper.impl.hpp
#12 98.91 -- Installing: /opt/opencv/include/opencv4/opencv2/core/detail/exception_ptr.hpp
#12 98.91 -- Installing: /opt/opencv/include/opencv4/opencv2/core/directx.hpp
#12 98.91 -- Installing: /opt/opencv/include/opencv4/opencv2/core/dualquaternion.hpp
#12 98.91 -- Installing: /opt/opencv/include/opencv4/opencv2/core/dualquaternion.inl.hpp
#12 98.91 -- Installing: /opt/opencv/include/opencv4/opencv2/core/eigen.hpp
#12 98.91 -- Installing: /opt/opencv/include/opencv4/opencv2/core/fast_math.hpp
#12 98.91 -- Installing: /opt/opencv/include/opencv4/opencv2/core/hal/hal.hpp
#12 98.91 -- Installing: /opt/opencv/include/opencv4/opencv2/core/hal/interface.h
#12 98.91 -- Installing: /opt/opencv/include/opencv4/opencv2/core/hal/intrin.hpp
#12 98.91 -- Installing: /opt/opencv/include/opencv4/opencv2/core/hal/intrin_avx.hpp
#12 98.91 -- Installing: /opt/opencv/include/opencv4/opencv2/core/hal/intrin_avx512.hpp
#12 98.91 -- Installing: /opt/opencv/include/opencv4/opencv2/core/hal/intrin_cpp.hpp
#12 98.91 -- Installing: /opt/opencv/include/opencv4/opencv2/core/hal/intrin_forward.hpp
#12 98.91 -- Installing: /opt/opencv/include/opencv4/opencv2/core/hal/intrin_lasx.hpp
#12 98.92 -- Installing: /opt/opencv/include/opencv4/opencv2/core/hal/intrin_msa.hpp
#12 98.92 -- Installing: /opt/opencv/include/opencv4/opencv2/core/hal/intrin_neon.hpp
#12 98.92 -- Installing: /opt/opencv/include/opencv4/opencv2/core/hal/intrin_rvv.hpp
#12 98.92 -- Installing: /opt/opencv/include/opencv4/opencv2/core/hal/intrin_rvv071.hpp
#12 98.92 -- Installing: /opt/opencv/include/opencv4/opencv2/core/hal/intrin_rvv_010_compat_non-policy.hpp
#12 98.93 -- Installing: /opt/opencv/include/opencv4/opencv2/core/hal/intrin_rvv_010_compat_overloaded-non-policy.hpp
#12 98.93 -- Installing: /opt/opencv/include/opencv4/opencv2/core/hal/intrin_rvv_compat_overloaded.hpp
#12 98.93 -- Installing: /opt/opencv/include/opencv4/opencv2/core/hal/intrin_rvv_scalable.hpp
#12 98.93 -- Installing: /opt/opencv/include/opencv4/opencv2/core/hal/intrin_sse.hpp
#12 98.93 -- Installing: /opt/opencv/include/opencv4/opencv2/core/hal/intrin_sse_em.hpp
#12 98.93 -- Installing: /opt/opencv/include/opencv4/opencv2/core/hal/intrin_vsx.hpp
#12 98.93 -- Installing: /opt/opencv/include/opencv4/opencv2/core/hal/intrin_wasm.hpp
#12 98.94 -- Installing: /opt/opencv/include/opencv4/opencv2/core/hal/msa_macros.h
#12 98.94 -- Installing: /opt/opencv/include/opencv4/opencv2/core/hal/simd_utils.impl.hpp
#12 98.94 -- Installing: /opt/opencv/include/opencv4/opencv2/core/mat.hpp
#12 98.94 -- Installing: /opt/opencv/include/opencv4/opencv2/core/mat.inl.hpp
#12 98.94 -- Installing: /opt/opencv/include/opencv4/opencv2/core/matx.hpp
#12 98.94 -- Installing: /opt/opencv/include/opencv4/opencv2/core/neon_utils.hpp
#12 98.94 -- Installing: /opt/opencv/include/opencv4/opencv2/core/ocl.hpp
#12 98.94 -- Installing: /opt/opencv/include/opencv4/opencv2/core/ocl_genbase.hpp
#12 98.94 -- Installing: /opt/opencv/include/opencv4/opencv2/core/opencl/ocl_defs.hpp
#12 98.94 -- Installing: /opt/opencv/include/opencv4/opencv2/core/opencl/opencl_info.hpp
#12 98.94 -- Installing: /opt/opencv/include/opencv4/opencv2/core/opencl/opencl_svm.hpp
#12 98.94 -- Installing: /opt/opencv/include/opencv4/opencv2/core/opencl/runtime/autogenerated/opencl_clblas.hpp
#12 98.94 -- Installing: /opt/opencv/include/opencv4/opencv2/core/opencl/runtime/autogenerated/opencl_clfft.hpp
#12 98.94 -- Installing: /opt/opencv/include/opencv4/opencv2/core/opencl/runtime/autogenerated/opencl_core.hpp
#12 98.94 -- Installing: /opt/opencv/include/opencv4/opencv2/core/opencl/runtime/autogenerated/opencl_core_wrappers.hpp
#12 98.94 -- Installing: /opt/opencv/include/opencv4/opencv2/core/opencl/runtime/autogenerated/opencl_gl.hpp
#12 98.95 -- Installing: /opt/opencv/include/opencv4/opencv2/core/opencl/runtime/autogenerated/opencl_gl_wrappers.hpp
#12 98.95 -- Installing: /opt/opencv/include/opencv4/opencv2/core/opencl/runtime/opencl_clblas.hpp
#12 98.95 -- Installing: /opt/opencv/include/opencv4/opencv2/core/opencl/runtime/opencl_clfft.hpp
#12 98.95 -- Installing: /opt/opencv/include/opencv4/opencv2/core/opencl/runtime/opencl_core.hpp
#12 98.95 -- Installing: /opt/opencv/include/opencv4/opencv2/core/opencl/runtime/opencl_core_wrappers.hpp
#12 98.95 -- Installing: /opt/opencv/include/opencv4/opencv2/core/opencl/runtime/opencl_gl.hpp
#12 98.95 -- Installing: /opt/opencv/include/opencv4/opencv2/core/opencl/runtime/opencl_gl_wrappers.hpp
#12 98.95 -- Installing: /opt/opencv/include/opencv4/opencv2/core/opencl/runtime/opencl_svm_20.hpp
#12 98.95 -- Installing: /opt/opencv/include/opencv4/opencv2/core/opencl/runtime/opencl_svm_definitions.hpp
#12 98.95 -- Installing: /opt/opencv/include/opencv4/opencv2/core/opencl/runtime/opencl_svm_hsa_extension.hpp
#12 98.95 -- Installing: /opt/opencv/include/opencv4/opencv2/core/opengl.hpp
#12 98.95 -- Installing: /opt/opencv/include/opencv4/opencv2/core/operations.hpp
#12 98.95 -- Installing: /opt/opencv/include/opencv4/opencv2/core/optim.hpp
#12 98.95 -- Installing: /opt/opencv/include/opencv4/opencv2/core/ovx.hpp
#12 98.95 -- Installing: /opt/opencv/include/opencv4/opencv2/core/parallel/backend/parallel_for.openmp.hpp
#12 98.95 -- Installing: /opt/opencv/include/opencv4/opencv2/core/parallel/backend/parallel_for.tbb.hpp
#12 98.95 -- Installing: /opt/opencv/include/opencv4/opencv2/core/parallel/parallel_backend.hpp
#12 98.95 -- Installing: /opt/opencv/include/opencv4/opencv2/core/persistence.hpp
#12 98.95 -- Installing: /opt/opencv/include/opencv4/opencv2/core/quaternion.hpp
#12 98.95 -- Installing: /opt/opencv/include/opencv4/opencv2/core/quaternion.inl.hpp
#12 98.95 -- Installing: /opt/opencv/include/opencv4/opencv2/core/saturate.hpp
#12 98.95 -- Installing: /opt/opencv/include/opencv4/opencv2/core/simd_intrinsics.hpp
#12 98.95 -- Installing: /opt/opencv/include/opencv4/opencv2/core/softfloat.hpp
#12 98.96 -- Installing: /opt/opencv/include/opencv4/opencv2/core/sse_utils.hpp
#12 98.96 -- Installing: /opt/opencv/include/opencv4/opencv2/core/traits.hpp
#12 98.96 -- Installing: /opt/opencv/include/opencv4/opencv2/core/types.hpp
#12 98.96 -- Installing: /opt/opencv/include/opencv4/opencv2/core/types_c.h
#12 98.96 -- Installing: /opt/opencv/include/opencv4/opencv2/core/utility.hpp
#12 98.96 -- Installing: /opt/opencv/include/opencv4/opencv2/core/utils/allocator_stats.hpp
#12 98.96 -- Installing: /opt/opencv/include/opencv4/opencv2/core/utils/allocator_stats.impl.hpp
#12 98.96 -- Installing: /opt/opencv/include/opencv4/opencv2/core/utils/filesystem.hpp
#12 98.96 -- Installing: /opt/opencv/include/opencv4/opencv2/core/utils/fp_control_utils.hpp
#12 98.96 -- Installing: /opt/opencv/include/opencv4/opencv2/core/utils/instrumentation.hpp
#12 98.96 -- Installing: /opt/opencv/include/opencv4/opencv2/core/utils/logger.defines.hpp
#12 98.96 -- Installing: /opt/opencv/include/opencv4/opencv2/core/utils/logger.hpp
#12 98.96 -- Installing: /opt/opencv/include/opencv4/opencv2/core/utils/logtag.hpp
#12 98.96 -- Installing: /opt/opencv/include/opencv4/opencv2/core/utils/tls.hpp
#12 98.96 -- Installing: /opt/opencv/include/opencv4/opencv2/core/utils/trace.hpp
#12 98.96 -- Installing: /opt/opencv/include/opencv4/opencv2/core/va_intel.hpp
#12 98.96 -- Installing: /opt/opencv/include/opencv4/opencv2/core/version.hpp
#12 98.96 -- Installing: /opt/opencv/include/opencv4/opencv2/core/vsx_utils.hpp
#12 98.96 -- Installing: /opt/opencv/share/licenses/opencv4/SoftFloat-COPYING.txt
#12 98.96 -- Installing: /opt/opencv/lib/libopencv_imgproc.a
#12 98.97 -- Installing: /opt/opencv/include/opencv4/opencv2/imgproc.hpp
#12 98.98 -- Installing: /opt/opencv/include/opencv4/opencv2/imgproc/bindings.hpp
#12 98.98 -- Installing: /opt/opencv/include/opencv4/opencv2/imgproc/detail/gcgraph.hpp
#12 98.98 -- Installing: /opt/opencv/include/opencv4/opencv2/imgproc/hal/hal.hpp
#12 98.98 -- Installing: /opt/opencv/include/opencv4/opencv2/imgproc/hal/interface.h
#12 98.98 -- Installing: /opt/opencv/include/opencv4/opencv2/imgproc/imgproc.hpp
#12 98.98 -- Installing: /opt/opencv/include/opencv4/opencv2/imgproc/imgproc_c.h
#12 98.98 -- Installing: /opt/opencv/include/opencv4/opencv2/imgproc/segmentation.hpp
#12 98.98 -- Installing: /opt/opencv/include/opencv4/opencv2/imgproc/types_c.h
#12 98.98 -- Installing: /opt/opencv/lib/libopencv_video.a
#12 98.98 -- Installing: /opt/opencv/include/opencv4/opencv2/video.hpp
#12 98.98 -- Installing: /opt/opencv/include/opencv4/opencv2/video/background_segm.hpp
#12 98.98 -- Installing: /opt/opencv/include/opencv4/opencv2/video/detail/tracking.detail.hpp
#12 98.98 -- Installing: /opt/opencv/include/opencv4/opencv2/video/legacy/constants_c.h
#12 98.98 -- Installing: /opt/opencv/include/opencv4/opencv2/video/tracking.hpp
#12 98.98 -- Installing: /opt/opencv/include/opencv4/opencv2/video/video.hpp
#12 98.98 -- Installing: /opt/opencv/lib/libopencv_imgcodecs.a
#12 98.98 -- Installing: /opt/opencv/include/opencv4/opencv2/imgcodecs.hpp
#12 98.99 -- Installing: /opt/opencv/include/opencv4/opencv2/imgcodecs/imgcodecs.hpp
#12 98.99 -- Installing: /opt/opencv/include/opencv4/opencv2/imgcodecs/imgcodecs_c.h
#12 98.99 -- Installing: /opt/opencv/include/opencv4/opencv2/imgcodecs/ios.h
#12 98.99 -- Installing: /opt/opencv/include/opencv4/opencv2/imgcodecs/legacy/constants_c.h
#12 98.99 -- Installing: /opt/opencv/include/opencv4/opencv2/imgcodecs/macosx.h
#12 98.99 -- Installing: /opt/opencv/lib/libopencv_videoio.a
#12 98.99 -- Installing: /opt/opencv/include/opencv4/opencv2/videoio.hpp
#12 98.99 -- Installing: /opt/opencv/include/opencv4/opencv2/videoio/cap_ios.h
#12 98.99 -- Installing: /opt/opencv/include/opencv4/opencv2/videoio/legacy/constants_c.h
#12 98.99 -- Installing: /opt/opencv/include/opencv4/opencv2/videoio/registry.hpp
#12 98.99 -- Installing: /opt/opencv/include/opencv4/opencv2/videoio/videoio.hpp
#12 98.99 -- Installing: /opt/opencv/include/opencv4/opencv2/videoio/videoio_c.h
#12 98.99 -- Installing: /opt/opencv/share/opencv4/haarcascades/haarcascade_eye.xml
#12 99.00 -- Installing: /opt/opencv/share/opencv4/haarcascades/haarcascade_eye_tree_eyeglasses.xml
#12 99.00 -- Installing: /opt/opencv/share/opencv4/haarcascades/haarcascade_frontalcatface.xml
#12 99.00 -- Installing: /opt/opencv/share/opencv4/haarcascades/haarcascade_frontalcatface_extended.xml
#12 99.00 -- Installing: /opt/opencv/share/opencv4/haarcascades/haarcascade_frontalface_alt.xml
#12 99.01 -- Installing: /opt/opencv/share/opencv4/haarcascades/haarcascade_frontalface_alt2.xml
#12 99.01 -- Installing: /opt/opencv/share/opencv4/haarcascades/haarcascade_frontalface_alt_tree.xml
#12 99.02 -- Installing: /opt/opencv/share/opencv4/haarcascades/haarcascade_frontalface_default.xml
#12 99.03 -- Installing: /opt/opencv/share/opencv4/haarcascades/haarcascade_fullbody.xml
#12 99.03 -- Installing: /opt/opencv/share/opencv4/haarcascades/haarcascade_lefteye_2splits.xml
#12 99.03 -- Installing: /opt/opencv/share/opencv4/haarcascades/haarcascade_license_plate_rus_16stages.xml
#12 99.03 -- Installing: /opt/opencv/share/opencv4/haarcascades/haarcascade_lowerbody.xml
#12 99.03 -- Installing: /opt/opencv/share/opencv4/haarcascades/haarcascade_profileface.xml
#12 99.04 -- Installing: /opt/opencv/share/opencv4/haarcascades/haarcascade_righteye_2splits.xml
#12 99.04 -- Installing: /opt/opencv/share/opencv4/haarcascades/haarcascade_russian_plate_number.xml
#12 99.04 -- Installing: /opt/opencv/share/opencv4/haarcascades/haarcascade_smile.xml
#12 99.04 -- Installing: /opt/opencv/share/opencv4/haarcascades/haarcascade_upperbody.xml
#12 99.05 -- Installing: /opt/opencv/share/opencv4/lbpcascades/lbpcascade_frontalcatface.xml
#12 99.05 -- Installing: /opt/opencv/share/opencv4/lbpcascades/lbpcascade_frontalface.xml
#12 99.05 -- Installing: /opt/opencv/share/opencv4/lbpcascades/lbpcascade_frontalface_improved.xml
#12 99.05 -- Installing: /opt/opencv/share/opencv4/lbpcascades/lbpcascade_profileface.xml
#12 99.05 -- Installing: /opt/opencv/share/opencv4/lbpcascades/lbpcascade_silverware.xml
#12 99.06 make: Leaving directory '/root/build'
#12 DONE 99.4s

#13 [test  3/11] RUN set -xeu &&     DEBIAN_FRONTEND=noninteractive apt-get install -y curl clang libclang-dev     cmake     libavcodec-dev libavformat-dev libavutil-dev libswscale-dev
#13 CACHED

#14 [frontend 2/3] RUN set -xeu && 	git clone https://github.com/piotrpdev/oko.git /root/oko
#14 CACHED

#15 [test  4/11] RUN set -xeu &&     curl --proto '=https' --tlsv1.2 -sSf https://sh.rustup.rs | sh -s -- -y --profile=minimal
#15 CACHED

#16 [frontend 3/3] RUN set -xeu && 	npm --prefix=/root/oko/frontend ci && 	npm --prefix=/root/oko/frontend run build && 	mkdir -p /root/oko/backend/static && 	cp -r /root/oko/frontend/dist/* /root/oko/backend/static/
#16 CACHED

#17 [test  5/11] COPY --from=backend /opt/opencv /opt/opencv
#17 DONE 0.6s

#18 [test  6/11] COPY --from=frontend /root/oko /root/oko
#18 DONE 16.2s

#19 [test  7/11] RUN set -xeu && 	ls /opt/opencv/lib && 	ls /opt/opencv/lib/opencv4/3rdparty && 	ls /usr/lib/x86_64-linux-gnu && 	ls /opt/opencv/include && 	ls /opt/opencv/include/opencv4 && 	ls /usr/include/x86_64-linux-gnu
#19 0.334 + ls /opt/opencv/lib
#19 0.337 cmake
#19 0.337 libopencv_core.a
#19 0.337 libopencv_imgcodecs.a
#19 0.337 libopencv_imgproc.a
#19 0.337 libopencv_video.a
#19 0.337 libopencv_videoio.a
#19 0.337 opencv4
#19 0.337 + ls /opt/opencv/lib/opencv4/3rdparty
#19 0.338 libippicv.a
#19 0.338 libippiw.a
#19 0.338 liblibjpeg-turbo.a
#19 0.338 liblibopenjp2.a
#19 0.338 liblibpng.a
#19 0.338 libzlib.a
#19 0.338 + ls /usr/lib/x86_64-linux-gnu
#19 0.340 Mcrt1.o
#19 0.340 Scrt1.o
#19 0.340 audit
#19 0.340 bfd-plugins
#19 0.340 crt1.o
#19 0.340 crti.o
#19 0.340 crtn.o
#19 0.340 dri
#19 0.340 e2fsprogs
#19 0.340 engines-3
#19 0.340 gconv
#19 0.340 gcrt1.o
#19 0.340 gdk-pixbuf-2.0
#19 0.340 gio
#19 0.340 glib-2.0
#19 0.340 grcrt1.o
#19 0.340 icu
#19 0.340 krb5
#19 0.340 ld-linux-x86-64.so.2
#19 0.340 ldscripts
#19 0.340 libBrokenLocale.a
#19 0.340 libBrokenLocale.so
#19 0.340 libBrokenLocale.so.1
#19 0.340 libLLVM-14.0.0.so.1
#19 0.340 libLLVM-14.so
#19 0.340 libLLVM-14.so.1
#19 0.340 libLLVM-15.so
#19 0.340 libLLVM-15.so.1
#19 0.340 libOpenCL.so.1
#19 0.340 libOpenCL.so.1.0.0
#19 0.340 libX11-xcb.so.1
#19 0.340 libX11-xcb.so.1.0.0
#19 0.340 libX11.so.6
#19 0.340 libX11.so.6.4.0
#19 0.340 libXau.so.6
#19 0.340 libXau.so.6.0.0
#19 0.340 libXdmcp.so.6
#19 0.340 libXdmcp.so.6.0.0
#19 0.340 libXext.so.6
#19 0.340 libXext.so.6.4.0
#19 0.340 libXfixes.so.3
#19 0.340 libXfixes.so.3.1.0
#19 0.340 libXpm.so.4
#19 0.340 libXpm.so.4.11.0
#19 0.340 libXrender.so.1
#19 0.340 libXrender.so.1.3.0
#19 0.340 libaacs.so.0
#19 0.340 libaacs.so.0.7.2
#19 0.340 libacl.so.1
#19 0.340 libacl.so.1.1.2301
#19 0.340 libanl.a
#19 0.340 libanl.so
#19 0.340 libanl.so.1
#19 0.340 libaom.so.3
#19 0.340 libaom.so.3.3.0
#19 0.340 libapt-pkg.so.6.0
#19 0.340 libapt-pkg.so.6.0.0
#19 0.340 libapt-private.so.0.0
#19 0.340 libapt-private.so.0.0.0
#19 0.340 libarchive.so.13
#19 0.340 libarchive.so.13.6.0
#19 0.340 libasan.so.6
#19 0.340 libasan.so.6.0.0
#19 0.340 libatomic.so.1
#19 0.340 libatomic.so.1.2.0
#19 0.340 libattr.so.1
#19 0.340 libattr.so.1.1.2501
#19 0.340 libaudit.so.1
#19 0.340 libaudit.so.1.0.0
#19 0.340 libavcodec.a
#19 0.340 libavcodec.so
#19 0.340 libavcodec.so.58
#19 0.340 libavcodec.so.58.134.100
#19 0.340 libavformat.a
#19 0.340 libavformat.so
#19 0.340 libavformat.so.58
#19 0.340 libavformat.so.58.76.100
#19 0.340 libavutil.a
#19 0.340 libavutil.so
#19 0.340 libavutil.so.56
#19 0.340 libavutil.so.56.70.100
#19 0.340 libbdplus.so.0
#19 0.340 libbdplus.so.0.2.0
#19 0.340 libbfd-2.38-system.so
#19 0.340 libblkid.so.1
#19 0.340 libblkid.so.1.1.0
#19 0.340 libbluray.so.2
#19 0.340 libbluray.so.2.4.1
#19 0.340 libbrotlicommon.so.1
#19 0.340 libbrotlicommon.so.1.0.9
#19 0.340 libbrotlidec.so.1
#19 0.340 libbrotlidec.so.1.0.9
#19 0.340 libbrotlienc.so.1
#19 0.340 libbrotlienc.so.1.0.9
#19 0.340 libbsd.so.0
#19 0.340 libbsd.so.0.11.5
#19 0.340 libbz2.so.1
#19 0.340 libbz2.so.1.0
#19 0.340 libbz2.so.1.0.4
#19 0.340 libc.a
#19 0.340 libc.so
#19 0.340 libc.so.6
#19 0.340 libc_malloc_debug.so
#19 0.340 libc_malloc_debug.so.0
#19 0.340 libc_nonshared.a
#19 0.340 libcairo-gobject.so.2
#19 0.340 libcairo-gobject.so.2.11600.0
#19 0.340 libcairo.so.2
#19 0.340 libcairo.so.2.11600.0
#19 0.340 libcap-ng.so.0
#19 0.340 libcap-ng.so.0.0.0
#19 0.340 libcap.so.2
#19 0.340 libcap.so.2.44
#19 0.340 libcc1.so.0
#19 0.340 libcc1.so.0.0.0
#19 0.340 libchromaprint.so.1
#19 0.340 libchromaprint.so.1.5.1
#19 0.340 libclang-14.so
#19 0.340 libclang-14.so.1
#19 0.340 libclang-14.so.13
#19 0.340 libclang-14.so.14.0.0
#19 0.340 libclang-cpp.so.14
#19 0.340 libcodec2.so.1.0
#19 0.340 libcom_err.so.2
#19 0.340 libcom_err.so.2.1
#19 0.340 libcrypt.a
#19 0.340 libcrypt.so
#19 0.340 libcrypt.so.1
#19 0.340 libcrypt.so.1.1.0
#19 0.340 libcrypto.so.3
#19 0.340 libctf-nobfd.so.0
#19 0.340 libctf-nobfd.so.0.0.0
#19 0.340 libctf.so.0
#19 0.340 libctf.so.0.0.0
#19 0.340 libcurl.so.4
#19 0.340 libcurl.so.4.7.0
#19 0.340 libcurses.a
#19 0.340 libcurses.so
#19 0.340 libdatrie.so.1
#19 0.340 libdatrie.so.1.4.0
#19 0.340 libdav1d.so.5
#19 0.340 libdav1d.so.5.1.1
#19 0.340 libdb-5.3.so
#19 0.340 libdebconfclient.so.0
#19 0.340 libdebconfclient.so.0.0.0
#19 0.340 libdeflate.so.0
#19 0.340 libdl.a
#19 0.340 libdl.so.2
#19 0.340 libdrm.so.2
#19 0.340 libdrm.so.2.4.0
#19 0.340 libdrm_amdgpu.so.1
#19 0.340 libdrm_amdgpu.so.1.0.0
#19 0.340 libdrm_intel.so.1
#19 0.340 libdrm_intel.so.1.0.0
#19 0.340 libdrm_nouveau.so.2
#19 0.340 libdrm_nouveau.so.2.0.0
#19 0.340 libdrm_radeon.so.1
#19 0.340 libdrm_radeon.so.1.0.1
#19 0.340 libe2p.so.2
#19 0.340 libe2p.so.2.3
#19 0.340 libedit.so.2
#19 0.340 libedit.so.2.0.68
#19 0.340 libelf-0.186.so
#19 0.340 libelf.so.1
#19 0.340 libexpat.so.1
#19 0.340 libexpat.so.1.8.7
#19 0.340 libexpatw.so.1
#19 0.340 libexpatw.so.1.8.7
#19 0.340 libext2fs.so.2
#19 0.340 libext2fs.so.2.4
#19 0.340 libffi.a
#19 0.340 libffi.so
#19 0.340 libffi.so.8
#19 0.340 libffi.so.8.1.0
#19 0.340 libffi_pic.a
#19 0.340 libfontconfig.so.1
#19 0.340 libfontconfig.so.1.12.0
#19 0.340 libform.a
#19 0.340 libform.so
#19 0.340 libform.so.6
#19 0.340 libform.so.6.3
#19 0.340 libformw.a
#19 0.340 libformw.so
#19 0.340 libformw.so.6
#19 0.340 libformw.so.6.3
#19 0.340 libfreetype.so.6
#19 0.340 libfreetype.so.6.18.1
#19 0.340 libfribidi.so.0
#19 0.340 libfribidi.so.0.4.0
#19 0.340 libg.a
#19 0.340 libgc.so.1
#19 0.340 libgc.so.1.4.4
#19 0.340 libgcc_s.so.1
#19 0.340 libgccpp.so.1
#19 0.340 libgccpp.so.1.4.1
#19 0.340 libgcrypt.so.20
#19 0.340 libgcrypt.so.20.3.4
#19 0.340 libgd.so.3
#19 0.340 libgd.so.3.0.8
#19 0.340 libgdk_pixbuf-2.0.so.0
#19 0.340 libgdk_pixbuf-2.0.so.0.4200.8
#19 0.340 libgio-2.0.so.0
#19 0.340 libgio-2.0.so.0.7200.4
#19 0.340 libglib-2.0.so.0
#19 0.340 libglib-2.0.so.0.7200.4
#19 0.340 libgme.so.0
#19 0.340 libgme.so.0.6.3
#19 0.340 libgmodule-2.0.so.0
#19 0.340 libgmodule-2.0.so.0.7200.4
#19 0.340 libgmp.so.10
#19 0.340 libgmp.so.10.4.1
#19 0.340 libgnutls.so.30
#19 0.340 libgnutls.so.30.31.0
#19 0.340 libgobject-2.0.so.0
#19 0.340 libgobject-2.0.so.0.7200.4
#19 0.340 libgomp.so.1
#19 0.340 libgomp.so.1.0.0
#19 0.340 libgpg-error.so.0
#19 0.340 libgpg-error.so.0.32.1
#19 0.340 libgraphite2.so.2.0.0
#19 0.340 libgraphite2.so.3
#19 0.340 libgraphite2.so.3.2.1
#19 0.340 libgsm.so.1
#19 0.340 libgsm.so.1.0.19
#19 0.340 libgssapi_krb5.so.2
#19 0.340 libgssapi_krb5.so.2.2
#19 0.340 libgthread-2.0.so.0
#19 0.340 libgthread-2.0.so.0.7200.4
#19 0.340 libharfbuzz.so.0
#19 0.340 libharfbuzz.so.0.20704.0
#19 0.340 libhistory.so.8
#19 0.340 libhistory.so.8.1
#19 0.340 libhogweed.so.6
#19 0.340 libhogweed.so.6.4
#19 0.340 libicudata.a
#19 0.340 libicudata.so
#19 0.340 libicudata.so.70
#19 0.340 libicudata.so.70.1
#19 0.340 libicui18n.a
#19 0.340 libicui18n.so
#19 0.340 libicui18n.so.70
#19 0.340 libicui18n.so.70.1
#19 0.340 libicuio.a
#19 0.340 libicuio.so
#19 0.340 libicuio.so.70
#19 0.340 libicuio.so.70.1
#19 0.340 libicutest.a
#19 0.340 libicutest.so
#19 0.340 libicutest.so.70
#19 0.340 libicutest.so.70.1
#19 0.340 libicutu.a
#19 0.340 libicutu.so
#19 0.340 libicutu.so.70
#19 0.340 libicutu.so.70.1
#19 0.340 libicuuc.a
#19 0.340 libicuuc.so
#19 0.341 libicuuc.so.70
#19 0.341 libicuuc.so.70.1
#19 0.341 libidn2.so.0
#19 0.341 libidn2.so.0.3.7
#19 0.341 libigdgmm.so.12
#19 0.341 libigdgmm.so.12.1.0
#19 0.341 libisl.so.23
#19 0.341 libisl.so.23.1.0
#19 0.341 libitm.so.1
#19 0.341 libitm.so.1.0.0
#19 0.341 libjbig.so.0
#19 0.341 libjpeg.so.8
#19 0.341 libjpeg.so.8.2.2
#19 0.341 libjsoncpp.so.1.9.5
#19 0.341 libjsoncpp.so.25
#19 0.341 libk5crypto.so.3
#19 0.341 libk5crypto.so.3.1
#19 0.341 libkeyutils.so.1
#19 0.341 libkeyutils.so.1.9
#19 0.341 libkrb5.so.3
#19 0.341 libkrb5.so.3.3
#19 0.341 libkrb5support.so.0
#19 0.341 libkrb5support.so.0.1
#19 0.341 liblber-2.5.so.0
#19 0.341 liblber-2.5.so.0.1.13
#19 0.341 libldap-2.5.so.0
#19 0.341 libldap-2.5.so.0.1.13
#19 0.341 liblsan.so.0
#19 0.341 liblsan.so.0.0.0
#19 0.341 liblz4.so.1
#19 0.341 liblz4.so.1.9.3
#19 0.341 liblzma.so.5
#19 0.341 liblzma.so.5.2.5
#19 0.341 libm-2.35.a
#19 0.341 libm.a
#19 0.341 libm.so
#19 0.341 libm.so.6
#19 0.341 libmcheck.a
#19 0.341 libmd.so.0
#19 0.341 libmd.so.0.0.5
#19 0.341 libmemusage.so
#19 0.341 libmenu.a
#19 0.341 libmenu.so
#19 0.341 libmenu.so.6
#19 0.341 libmenu.so.6.3
#19 0.341 libmenuw.a
#19 0.341 libmenuw.so
#19 0.341 libmenuw.so.6
#19 0.341 libmenuw.so.6.3
#19 0.341 libmfx-tracer.so.1
#19 0.341 libmfx-tracer.so.1.35
#19 0.341 libmfx.so.1
#19 0.341 libmfx.so.1.35
#19 0.341 libmfxhw64.so.1
#19 0.341 libmfxhw64.so.1.35
#19 0.341 libmount.so.1
#19 0.341 libmount.so.1.1.0
#19 0.341 libmp3lame.so.0
#19 0.341 libmp3lame.so.0.0.0
#19 0.341 libmpc.so.3
#19 0.341 libmpc.so.3.2.1
#19 0.341 libmpdec++.so.2.5.1
#19 0.341 libmpdec++.so.3
#19 0.341 libmpdec.so.2.5.1
#19 0.341 libmpdec.so.3
#19 0.341 libmpfr.so.6
#19 0.341 libmpfr.so.6.1.0
#19 0.341 libmpg123.so.0
#19 0.341 libmpg123.so.0.46.7
#19 0.341 libmvec.a
#19 0.341 libmvec.so
#19 0.341 libmvec.so.1
#19 0.341 libncurses++.a
#19 0.341 libncurses++w.a
#19 0.341 libncurses.a
#19 0.341 libncurses.so
#19 0.341 libncurses.so.6
#19 0.341 libncurses.so.6.3
#19 0.341 libncursesw.a
#19 0.341 libncursesw.so
#19 0.341 libncursesw.so.6
#19 0.341 libncursesw.so.6.3
#19 0.341 libnettle.so.8
#19 0.341 libnettle.so.8.4
#19 0.341 libnghttp2.so.14
#19 0.341 libnghttp2.so.14.20.1
#19 0.341 libnorm.so.1
#19 0.341 libnsl.a
#19 0.341 libnsl.so
#19 0.341 libnsl.so.1
#19 0.341 libnsl.so.2
#19 0.341 libnsl.so.2.0.1
#19 0.341 libnss_compat.so
#19 0.341 libnss_compat.so.2
#19 0.341 libnss_dns.so.2
#19 0.341 libnss_files.so.2
#19 0.341 libnss_hesiod.so
#19 0.341 libnss_hesiod.so.2
#19 0.341 libnuma.so.1
#19 0.341 libnuma.so.1.0.0
#19 0.341 libobjc.so.4
#19 0.341 libobjc.so.4.0.0
#19 0.341 libobjc_gc.so.4
#19 0.341 libobjc_gc.so.4.0.0
#19 0.341 libogg.so.0
#19 0.341 libogg.so.0.8.5
#19 0.341 libopcodes-2.38-system.so
#19 0.341 libopenjp2.so.2.4.0
#19 0.341 libopenjp2.so.7
#19 0.341 libopenmpt.so.0
#19 0.341 libopenmpt.so.0.3.3
#19 0.341 libopus.so.0
#19 0.341 libopus.so.0.8.0
#19 0.341 libp11-kit.so.0
#19 0.341 libp11-kit.so.0.3.0
#19 0.341 libpam.so.0
#19 0.341 libpam.so.0.85.1
#19 0.341 libpam_misc.so.0
#19 0.341 libpam_misc.so.0.82.1
#19 0.341 libpamc.so.0
#19 0.341 libpamc.so.0.82.1
#19 0.341 libpanel.a
#19 0.341 libpanel.so
#19 0.341 libpanel.so.6
#19 0.341 libpanel.so.6.3
#19 0.341 libpanelw.a
#19 0.341 libpanelw.so
#19 0.341 libpanelw.so.6
#19 0.341 libpanelw.so.6.3
#19 0.341 libpango-1.0.so.0
#19 0.341 libpango-1.0.so.0.5000.6
#19 0.341 libpangocairo-1.0.so.0
#19 0.341 libpangocairo-1.0.so.0.5000.6
#19 0.341 libpangoft2-1.0.so.0
#19 0.341 libpangoft2-1.0.so.0.5000.6
#19 0.341 libpciaccess.so.0
#19 0.341 libpciaccess.so.0.11.1
#19 0.341 libpcprofile.so
#19 0.341 libpcre.so.3
#19 0.341 libpcre.so.3.13.3
#19 0.341 libpcre2-8.so.0
#19 0.341 libpcre2-8.so.0.10.4
#19 0.341 libpcreposix.so.3
#19 0.341 libpcreposix.so.3.13.3
#19 0.341 libpfm.so.4
#19 0.341 libpfm.so.4.11.1
#19 0.341 libpgm-5.3.so.0
#19 0.341 libpgm-5.3.so.0.0.128
#19 0.341 libpipeline.so.1
#19 0.341 libpipeline.so.1.5.5
#19 0.341 libpixman-1.so.0
#19 0.341 libpixman-1.so.0.40.0
#19 0.341 libpng16.so.16
#19 0.341 libpng16.so.16.37.0
#19 0.341 libprocps.so.8
#19 0.341 libprocps.so.8.0.3
#19 0.341 libpsl.so.5
#19 0.341 libpsl.so.5.3.2
#19 0.341 libpthread.a
#19 0.341 libpthread.so.0
#19 0.341 libquadmath.so.0
#19 0.341 libquadmath.so.0.0.0
#19 0.341 librabbitmq.so.4
#19 0.341 librabbitmq.so.4.4.0
#19 0.341 libreadline.so.8
#19 0.341 libreadline.so.8.1
#19 0.341 libresolv.a
#19 0.341 libresolv.so
#19 0.341 libresolv.so.2
#19 0.341 librhash.so.0
#19 0.341 librsvg-2.so.2
#19 0.341 librsvg-2.so.2.48.0
#19 0.341 librt.a
#19 0.341 librt.so.1
#19 0.341 librtmp.so.1
#19 0.341 libsasl2.so.2
#19 0.341 libsasl2.so.2.0.25
#19 0.341 libseccomp.so.2
#19 0.341 libseccomp.so.2.5.3
#19 0.341 libselinux.so.1
#19 0.341 libsemanage.so.2
#19 0.341 libsepol.so.2
#19 0.341 libshine.so.3
#19 0.341 libshine.so.3.0.1
#19 0.341 libsmartcols.so.1
#19 0.341 libsmartcols.so.1.1.0
#19 0.341 libsnappy.so.1
#19 0.341 libsnappy.so.1.1.8
#19 0.341 libsodium.so.23
#19 0.341 libsodium.so.23.3.0
#19 0.341 libsoxr.so.0
#19 0.341 libsoxr.so.0.1.2
#19 0.341 libspeex.so.1
#19 0.341 libspeex.so.1.5.0
#19 0.341 libsqlite3.so.0
#19 0.341 libsqlite3.so.0.8.6
#19 0.341 libsrt-gnutls.so.1.4
#19 0.341 libsrt-gnutls.so.1.4.4
#19 0.341 libss.so.2
#19 0.341 libss.so.2.0
#19 0.341 libssh-gcrypt.so.4
#19 0.341 libssh-gcrypt.so.4.8.7
#19 0.341 libssh.so.4
#19 0.341 libssh.so.4.8.7
#19 0.341 libssl.so.3
#19 0.341 libstdc++.so.6
#19 0.341 libstdc++.so.6.0.30
#19 0.341 libswresample.a
#19 0.341 libswresample.so
#19 0.341 libswresample.so.3
#19 0.341 libswresample.so.3.9.100
#19 0.341 libswscale.a
#19 0.341 libswscale.so
#19 0.341 libswscale.so.5
#19 0.341 libswscale.so.5.9.100
#19 0.341 libsystemd.so.0
#19 0.341 libsystemd.so.0.32.0
#19 0.341 libtasn1.so.6
#19 0.341 libtasn1.so.6.6.2
#19 0.341 libtermcap.a
#19 0.341 libtermcap.so
#19 0.341 libthai.so.0
#19 0.341 libthai.so.0.3.1
#19 0.341 libtheora.so.0
#19 0.341 libtheora.so.0.3.10
#19 0.341 libtheoradec.so.1
#19 0.341 libtheoradec.so.1.1.4
#19 0.341 libtheoraenc.so.1
#19 0.341 libtheoraenc.so.1.1.2
#19 0.341 libthread_db.so
#19 0.341 libthread_db.so.1
#19 0.341 libtic.a
#19 0.341 libtic.so
#19 0.341 libtic.so.6
#19 0.341 libtic.so.6.3
#19 0.341 libtiff.so.5
#19 0.341 libtiff.so.5.7.0
#19 0.341 libtinfo.a
#19 0.341 libtinfo.so
#19 0.341 libtinfo.so.6
#19 0.341 libtinfo.so.6.3
#19 0.341 libtirpc.a
#19 0.341 libtirpc.so
#19 0.341 libtirpc.so.3
#19 0.341 libtirpc.so.3.0.0
#19 0.341 libtsan.so.0
#19 0.341 libtsan.so.0.0.0
#19 0.341 libtwolame.so.0
#19 0.341 libtwolame.so.0.0.0
#19 0.341 libubsan.so.1
#19 0.341 libubsan.so.1.0.0
#19 0.341 libudev.so.1
#19 0.341 libudev.so.1.7.2
#19 0.341 libudfread.so.0
#19 0.341 libudfread.so.0.1.0
#19 0.341 libunistring.so.2
#19 0.341 libunistring.so.2.2.0
#19 0.341 libutil.a
#19 0.341 libutil.so.1
#19 0.341 libuuid.so.1
#19 0.341 libuuid.so.1.3.0
#19 0.341 libuv.so.1
#19 0.341 libuv.so.1.0.0
#19 0.341 libva-drm.so.2
#19 0.341 libva-drm.so.2.1400.0
#19 0.341 libva-x11.so.2
#19 0.341 libva-x11.so.2.1400.0
#19 0.341 libva.so.2
#19 0.341 libva.so.2.1400.0
#19 0.341 libvdpau.so.1
#19 0.341 libvdpau.so.1.0.0
#19 0.341 libvorbis.so.0
#19 0.341 libvorbis.so.0.4.9
#19 0.341 libvorbisenc.so.2
#19 0.341 libvorbisenc.so.2.0.12
#19 0.341 libvorbisfile.so.3
#19 0.341 libvorbisfile.so.3.3.8
#19 0.341 libvpx.so.7
#19 0.341 libvpx.so.7.0
#19 0.341 libvpx.so.7.0.0
#19 0.341 libwebp.so.7
#19 0.341 libwebp.so.7.1.3
#19 0.341 libwebpmux.so.3
#19 0.341 libwebpmux.so.3.0.8
#19 0.341 libx264.so.163
#19 0.341 libx265.so.199
#19 0.341 libxcb-dri2.so.0
#19 0.341 libxcb-dri2.so.0.0.0
#19 0.341 libxcb-dri3.so.0
#19 0.341 libxcb-dri3.so.0.0.0
#19 0.341 libxcb-present.so.0
#19 0.341 libxcb-present.so.0.0.0
#19 0.341 libxcb-render.so.0
#19 0.341 libxcb-render.so.0.0.0
#19 0.341 libxcb-shm.so.0
#19 0.341 libxcb-shm.so.0.0.0
#19 0.341 libxcb-sync.so.1
#19 0.341 libxcb-sync.so.1.0.0
#19 0.341 libxcb-xfixes.so.0
#19 0.341 libxcb-xfixes.so.0.0.0
#19 0.341 libxcb.so.1
#19 0.341 libxcb.so.1.1.0
#19 0.341 libxml2.a
#19 0.341 libxml2.so
#19 0.341 libxml2.so.2
#19 0.341 libxml2.so.2.9.13
#19 0.341 libxshmfence.so.1
#19 0.341 libxshmfence.so.1.0.0
#19 0.341 libxvidcore.so.4
#19 0.341 libxvidcore.so.4.3
#19 0.341 libxxhash.so.0
#19 0.341 libxxhash.so.0.8.1
#19 0.341 libyaml-0.so.2
#19 0.341 libyaml-0.so.2.0.6
#19 0.341 libz.so.1
#19 0.341 libz.so.1.2.11
#19 0.341 libz3.so
#19 0.341 libz3.so.4
#19 0.341 libzmq.so.5
#19 0.341 libzmq.so.5.2.4
#19 0.341 libzstd.so.1
#19 0.341 libzstd.so.1.4.8
#19 0.341 libzvbi-chains.so.0
#19 0.341 libzvbi-chains.so.0.0.0
#19 0.341 libzvbi.so.0
#19 0.341 libzvbi.so.0.13.2
#19 0.341 mfx
#19 0.341 ossl-modules
#19 0.341 perl-base
#19 0.341 pkgconfig
#19 0.341 rcrt1.o
#19 0.341 sasl2
#19 0.341 security
#19 0.341 vdpau
#19 0.341 xml2Conf.sh
#19 0.341 + ls /opt/opencv/include
#19 0.341 opencv4
#19 0.342 + ls /opt/opencv/include/opencv4
#19 0.342 opencv2
#19 0.342 + ls /usr/include/x86_64-linux-gnu
#19 0.344 a.out.h
#19 0.344 asm
#19 0.344 bits
#19 0.344 c++
#19 0.344 ffi.h
#19 0.344 ffitarget.h
#19 0.344 fpu_control.h
#19 0.344 gnu
#19 0.344 ieee754.h
#19 0.344 libavcodec
#19 0.344 libavformat
#19 0.344 libavutil
#19 0.344 libswresample
#19 0.344 libswscale
#19 0.344 sys
#19 DONE 0.4s

#20 [test  8/11] RUN set -xeu && 	cd /root/oko/backend && 	cargo build
#20 0.429 + cd /root/oko/backend
#20 0.429 + cargo build
#20 0.853     Updating crates.io index
#20 3.356  Downloading crates ...
#20 3.733   Downloaded autocfg v1.4.0
#20 3.742   Downloaded base64ct v1.6.0
#20 3.747   Downloaded async-trait v0.1.83
#20 3.782   Downloaded foreign-types-shared v0.1.1
#20 3.794   Downloaded foreign-types v0.3.2
#20 3.811   Downloaded icu_provider_macros v1.5.0
#20 3.819   Downloaded http-body v1.0.1
#20 3.824   Downloaded equivalent v1.0.1
#20 3.826   Downloaded fastrand v2.3.0
#20 3.828   Downloaded rust-embed-impl v8.5.0
#20 3.830   Downloaded byteorder v1.5.0
#20 3.833   Downloaded tower-sessions-memory-store v0.13.0
#20 3.835   Downloaded tower-service v0.3.3
#20 3.836   Downloaded tower-layer v0.3.3
#20 3.837   Downloaded futures-task v0.3.31
#20 3.839   Downloaded fnv v1.0.7
#20 3.840   Downloaded data-encoding v2.6.0
#20 3.842   Downloaded axum-login v0.16.0
#20 3.844   Downloaded axum-core v0.4.5
#20 3.847   Downloaded atoi v2.0.0
#20 3.849   Downloaded ahash v0.8.11
#20 3.853   Downloaded num-conv v0.1.0
#20 3.854   Downloaded futures-macro v0.3.31
#20 3.856   Downloaded crypto-common v0.1.6
#20 3.858   Downloaded crossbeam-queue v0.3.11
#20 3.860   Downloaded idna_adapter v1.2.0
#20 3.862   Downloaded httpdate v1.0.3
#20 3.865   Downloaded futures-core v0.3.31
#20 3.869   Downloaded openssl-macros v0.1.1
#20 3.873   Downloaded zerofrom v0.1.5
#20 3.875   Downloaded itoa v1.0.14
#20 3.880   Downloaded http-range-header v0.4.2
#20 3.883   Downloaded http-body-util v0.1.2
#20 3.886   Downloaded same-file v1.0.6
#20 3.889   Downloaded cpufeatures v0.2.16
#20 3.891   Downloaded displaydoc v0.2.5
#20 3.895   Downloaded openssl-probe v0.1.5
#20 3.898   Downloaded digest v0.10.7
#20 3.901   Downloaded matchers v0.1.0
#20 3.903   Downloaded write16 v1.0.0
#20 3.904   Downloaded concurrent-queue v2.5.0
#20 3.907   Downloaded getrandom v0.2.15
#20 3.911   Downloaded hashlink v0.9.1
#20 3.913   Downloaded litemap v0.7.4
#20 3.917   Downloaded tower-cookies v0.10.0
#20 3.920   Downloaded tokio-macros v2.4.0
#20 3.922   Downloaded tokio-native-tls v0.3.1
#20 3.925   Downloaded crossbeam-utils v0.8.20
#20 3.929   Downloaded password-auth v1.0.0
#20 3.930   Downloaded parking v2.2.1
#20 3.933   Downloaded zerofrom-derive v0.1.5
#20 3.934   Downloaded ppv-lite86 v0.2.20
#20 3.936   Downloaded powerfmt v0.2.0
#20 3.938   Downloaded icu_normalizer v1.5.0
#20 3.943   Downloaded num-integer v0.1.46
#20 3.946   Downloaded icu_provider v1.5.0
#20 3.950   Downloaded icu_locid_transform v1.5.0
#20 3.956   Downloaded sqlx-macros v0.8.2
#20 3.958   Downloaded sync_wrapper v1.0.2
#20 3.960   Downloaded rand_chacha v0.3.1
#20 3.962   Downloaded pem-rfc7468 v0.7.0
#20 3.965   Downloaded rand_core v0.6.4
#20 3.969   Downloaded tracing-attributes v0.1.28
#20 3.974   Downloaded rust-embed-utils v8.5.0
#20 3.976   Downloaded mime_guess v2.0.5
#20 3.984   Downloaded pkg-config v0.3.31
#20 3.988   Downloaded time-core v0.1.2
#20 3.992   Downloaded stable_deref_trait v1.2.0
#20 3.996   Downloaded tinyvec_macros v0.1.1
#20 4.000   Downloaded slab v0.4.9
#20 4.004   Downloaded rmp v0.8.14
#20 4.015   Downloaded scopeguard v1.2.0
#20 4.020   Downloaded smallvec v1.13.2
#20 4.026   Downloaded spki v0.7.3
#20 4.032   Downloaded ryu v1.0.18
#20 4.040   Downloaded thiserror-impl v1.0.69
#20 4.043   Downloaded regex-automata v0.1.10
#20 4.054   Downloaded rustversion v1.0.18
#20 4.058   Downloaded opencv-binding-generator v0.93.0
#20 4.074   Downloaded sha1 v0.10.6
#20 4.081   Downloaded futures-intrusive v0.5.0
#20 4.088   Downloaded tracing-subscriber v0.3.19
#20 4.101   Downloaded vcpkg v0.2.15
#20 4.176   Downloaded tinyvec v1.8.0
#20 4.181   Downloaded serde v1.0.216
#20 4.185   Downloaded openssl v0.10.68
#20 4.196   Downloaded time v0.3.37
#20 4.206   Downloaded sqlx-core v0.8.2
#20 4.216   Downloaded serde_json v1.0.133
#20 4.225   Downloaded regex-syntax v0.8.5
#20 4.234   Downloaded chrono v0.4.39
#20 4.243   Downloaded icu_properties_data v1.5.0
#20 4.255   Downloaded sqlx v0.8.2
#20 4.275   Downloaded aho-corasick v1.1.3
#20 4.282   Downloaded sqlx-postgres v0.8.2
#20 4.292   Downloaded syn v2.0.90
#20 4.304   Downloaded regex-syntax v0.6.29
#20 4.313   Downloaded hkdf v0.12.4
#20 4.316   Downloaded futures-util v0.3.31
#20 4.332   Downloaded rustix v0.38.42
#20 4.367   Downloaded axum v0.7.9
#20 4.380   Downloaded hyper v1.5.1
#20 4.390   Downloaded hashbrown v0.15.2
#20 4.398   Downloaded regex-automata v0.4.9
#20 4.420   Downloaded hashbrown v0.14.5
#20 4.431   Downloaded libm v0.2.11
#20 4.440   Downloaded idna v1.0.3
#20 4.445   Downloaded cc v1.2.3
#20 4.449   Downloaded socket2 v0.5.8
#20 4.452   Downloaded serde_derive v1.0.216
#20 4.455   Downloaded regex v1.11.1
#20 4.473   Downloaded http v1.2.0
#20 4.478   Downloaded serde_urlencoded v0.7.1
#20 4.481   Downloaded tokio v1.42.0
#20 4.530   Downloaded serde_path_to_error v0.1.16
#20 4.533   Downloaded semver v1.0.23
#20 4.537   Downloaded thiserror v2.0.6
#20 4.544   Downloaded rust-embed v8.5.0
#20 4.554   Downloaded tempfile v3.14.0
#20 4.558   Downloaded sharded-slab v0.1.7
#20 4.562   Downloaded libc v0.2.168
#20 4.601   Downloaded zerovec v0.10.4
#20 4.609   Downloaded zerocopy v0.7.35
#20 4.629   Downloaded spin v0.9.8
#20 4.633   Downloaded sha2 v0.10.8
#20 4.636   Downloaded num-bigint-dig v0.8.4
#20 4.642   Downloaded unicode-normalization v0.1.24
#20 4.646   Downloaded rand v0.8.5
#20 4.651   Downloaded nom v7.1.3
#20 4.658   Downloaded tower-http v0.6.2
#20 4.668   Downloaded tower v0.5.2
#20 4.683   Downloaded tokio-util v0.7.13
#20 4.693   Downloaded sqlx-sqlite v0.8.2
#20 4.698   Downloaded sqlx-mysql v0.8.2
#20 4.705   Downloaded mio v1.0.3
#20 4.713   Downloaded memchr v2.7.4
#20 4.720   Downloaded unicode_categories v0.1.1
#20 4.723   Downloaded signal-hook-registry v1.4.2
#20 4.725   Downloaded thread_local v1.1.8
#20 4.727   Downloaded thiserror-impl v2.0.6
#20 4.729   Downloaded sqlx-macros-core v0.8.2
#20 4.732   Downloaded rsa v0.9.7
#20 4.739   Downloaded minimal-lexical v0.2.1
#20 4.745   Downloaded url v2.5.4
#20 4.748   Downloaded openssl-sys v0.9.104
#20 4.754   Downloaded tracing v0.1.41
#20 4.758   Downloaded unicode-bidi v0.3.17
#20 4.762   Downloaded tungstenite v0.24.0
#20 4.767   Downloaded tracing-core v0.1.33
#20 4.771   Downloaded quote v1.0.37
#20 4.774   Downloaded proc-macro2 v1.0.92
#20 4.778   Downloaded parking_lot v0.12.3
#20 4.781   Downloaded num-traits v0.2.19
#20 4.785   Downloaded indexmap v2.7.0
#20 4.790   Downloaded icu_normalizer_data v1.5.0
#20 4.793   Downloaded icu_collections v1.5.0
#20 4.801   Downloaded unicode-ident v1.0.14
#20 4.804   Downloaded typenum v1.17.0
#20 4.808   Downloaded opencv v0.93.5
#20 4.853   Downloaded base64 v0.22.1
#20 4.859   Downloaded signature v2.2.0
#20 4.861   Downloaded subtle v2.6.1
#20 4.863   Downloaded stringprep v0.1.5
#20 4.865   Downloaded sqlformat v0.2.6
#20 4.869   Downloaded shlex v1.3.0
#20 4.871   Downloaded password-hash v0.5.0
#20 4.873   Downloaded parking_lot_core v0.9.10
#20 4.877   Downloaded log v0.4.22
#20 4.880   Downloaded unicode-properties v0.1.3
#20 4.883   Downloaded tokio-stream v0.1.17
#20 4.892   Downloaded synstructure v0.13.1
#20 4.895   Downloaded lock_api v0.4.12
#20 4.898   Downloaded der v0.7.9
#20 4.907   Downloaded tinystr v0.7.6
#20 4.912   Downloaded time-macros v0.2.19
#20 4.916   Downloaded linux-raw-sys v0.4.14
#20 4.967   Downloaded thiserror v1.0.69
#20 4.973   Downloaded rmp-serde v1.3.0
#20 4.977   Downloaded pkcs8 v0.10.2
#20 4.980   Downloaded native-tls v0.2.12
#20 4.983   Downloaded yoke v0.7.5
#20 4.986   Downloaded icu_properties v1.5.1
#20 4.989   Downloaded matchit v0.7.3
#20 4.993   Downloaded walkdir v2.5.0
#20 4.996   Downloaded hyper-util v0.1.10
#20 5.003   Downloaded pkcs1 v0.7.5
#20 5.006   Downloaded pin-utils v0.1.0
#20 5.009   Downloaded pin-project-lite v0.2.15
#20 5.017   Downloaded once_cell v1.20.2
#20 5.021   Downloaded zerovec-derive v0.10.3
#20 5.022   Downloaded zerocopy-derive v0.7.35
#20 5.028   Downloaded whoami v1.5.2
#20 5.031   Downloaded tower-sessions v0.13.0
#20 5.034   Downloaded tokio-tungstenite v0.24.0
#20 5.036   Downloaded bytes v1.9.0
#20 5.041   Downloaded paste v1.0.15
#20 5.045   Downloaded axum-embed v0.1.0
#20 5.054   Downloaded zeroize v1.8.1
#20 5.055   Downloaded futures v0.3.31
#20 5.060   Downloaded flume v0.11.1
#20 5.064   Downloaded const-oid v0.9.6
#20 5.067   Downloaded clang v2.0.0
#20 5.070   Downloaded yoke-derive v0.7.5
#20 5.071   Downloaded percent-encoding v2.3.1
#20 5.072   Downloaded utf-8 v0.7.6
#20 5.074   Downloaded unicase v2.8.0
#20 5.076   Downloaded icu_locid v1.5.0
#20 5.083   Downloaded hmac v0.12.1
#20 5.085   Downloaded md-5 v0.10.6
#20 5.088   Downloaded writeable v0.5.5
#20 5.090   Downloaded version_check v0.9.5
#20 5.092   Downloaded icu_locid_transform_data v1.5.0
#20 5.094   Downloaded event-listener v5.3.1
#20 5.097   Downloaded num-iter v0.1.45
#20 5.098   Downloaded utf16_iter v1.0.5
#20 5.100   Downloaded utf8_iter v1.0.4
#20 5.101   Downloaded argon2 v0.5.3
#20 5.103   Downloaded mime v0.3.17
#20 5.105   Downloaded tower-sessions-sqlx-store v0.14.2
#20 5.107   Downloaded tower-sessions-core v0.13.0
#20 5.108   Downloaded cookie v0.18.1
#20 5.112   Downloaded clang-sys v1.8.1
#20 5.115   Downloaded blake2 v0.10.6
#20 5.119   Downloaded bitflags v2.6.0
#20 5.124   Downloaded httparse v1.9.5
#20 5.127   Downloaded futures-channel v0.3.31
#20 5.130   Downloaded jobserver v0.1.32
#20 5.132   Downloaded crc-catalog v2.4.0
#20 5.134   Downloaded iana-time-zone v0.1.61
#20 5.137   Downloaded futures-sink v0.3.31
#20 5.138   Downloaded either v1.13.0
#20 5.140   Downloaded allocator-api2 v0.2.21
#20 5.143   Downloaded home v0.5.9
#20 5.144   Downloaded heck v0.5.0
#20 5.145   Downloaded generic-array v0.14.7
#20 5.147   Downloaded urlencoding v2.1.3
#20 5.148   Downloaded lazy_static v1.5.0
#20 5.151   Downloaded hex v0.4.3
#20 5.153   Downloaded glob v0.3.1
#20 5.155   Downloaded futures-io v0.3.31
#20 5.156   Downloaded dotenvy v0.15.7
#20 5.159   Downloaded errno v0.3.10
#20 5.161   Downloaded crc v3.2.1
#20 5.165   Downloaded block-buffer v0.10.4
#20 5.166   Downloaded futures-executor v0.3.31
#20 5.168   Downloaded form_urlencoded v1.2.1
#20 5.169   Downloaded dunce v1.0.5
#20 5.170   Downloaded deranged v0.3.11
#20 5.171   Downloaded cfg-if v1.0.0
#20 5.175   Downloaded libsqlite3-sys v0.30.1
#20 5.396    Compiling proc-macro2 v1.0.92
#20 5.396    Compiling unicode-ident v1.0.14
#20 5.396    Compiling autocfg v1.4.0
#20 5.396    Compiling libc v0.2.168
#20 5.397    Compiling cfg-if v1.0.0
#20 5.401    Compiling version_check v0.9.5
#20 5.401    Compiling memchr v2.7.4
#20 5.402    Compiling futures-core v0.3.31
#20 5.403    Compiling pin-project-lite v0.2.15
#20 5.406    Compiling typenum v1.17.0
#20 5.412    Compiling itoa v1.0.14
#20 5.412    Compiling bytes v1.9.0
#20 5.412    Compiling once_cell v1.20.2
#20 5.413    Compiling pin-utils v0.1.0
#20 5.420    Compiling futures-io v0.3.31
#20 5.421    Compiling futures-task v0.3.31
#20 5.594    Compiling serde v1.0.216
#20 5.594    Compiling cpufeatures v0.2.16
#20 5.615    Compiling stable_deref_trait v1.2.0
#20 5.643    Compiling futures-sink v0.3.31
#20 5.665    Compiling percent-encoding v2.3.1
#20 5.670    Compiling scopeguard v1.2.0
#20 5.698    Compiling subtle v2.6.1
#20 5.705    Compiling byteorder v1.5.0
#20 5.719    Compiling litemap v0.7.4
#20 5.728    Compiling parking_lot_core v0.9.10
#20 5.732    Compiling writeable v0.5.5
#20 5.768    Compiling smallvec v1.13.2
#20 5.778    Compiling powerfmt v0.2.0
#20 5.875    Compiling icu_locid_transform_data v1.5.0
#20 5.881    Compiling log v0.4.22
#20 5.911    Compiling generic-array v0.14.7
#20 5.927    Compiling num-conv v0.1.0
#20 5.974    Compiling thiserror v1.0.69
#20 5.990    Compiling fnv v1.0.7
#20 6.017    Compiling ryu v1.0.18
#20 6.055    Compiling icu_properties_data v1.5.0
#20 6.068    Compiling time-core v0.1.2
#20 6.069    Compiling slab v0.4.9
#20 6.091    Compiling http v1.2.0
#20 6.122    Compiling write16 v1.0.0
#20 6.164    Compiling utf16_iter v1.0.5
#20 6.167    Compiling time-macros v0.2.19
#20 6.202    Compiling serde_json v1.0.133
#20 6.213    Compiling icu_normalizer_data v1.5.0
#20 6.217    Compiling utf8_iter v1.0.4
#20 6.269    Compiling lock_api v0.4.12
#20 6.288    Compiling ahash v0.8.11
#20 6.288    Compiling tracing-core v0.1.33
#20 6.333    Compiling form_urlencoded v1.2.1
#20 6.364    Compiling shlex v1.3.0
#20 6.373    Compiling crossbeam-utils v0.8.20
#20 6.497    Compiling num-traits v0.2.19
#20 6.527    Compiling futures-channel v0.3.31
#20 6.583    Compiling vcpkg v0.2.15
#20 6.593    Compiling allocator-api2 v0.2.21
#20 6.654    Compiling pkg-config v0.3.31
#20 6.676    Compiling tower-service v0.3.3
#20 6.689    Compiling paste v1.0.15
#20 6.735    Compiling tower-layer v0.3.3
#20 6.757    Compiling mime v0.3.17
#20 6.833    Compiling rustversion v1.0.18
#20 6.894    Compiling quote v1.0.37
#20 7.113    Compiling syn v2.0.90
#20 7.176    Compiling mio v1.0.3
#20 7.188    Compiling socket2 v0.5.8
#20 7.189    Compiling signal-hook-registry v1.4.2
#20 7.192    Compiling getrandom v0.2.15
#20 7.270    Compiling http-body v1.0.1
#20 7.295    Compiling jobserver v0.1.32
#20 7.385    Compiling rand_core v0.6.4
#20 7.389    Compiling sync_wrapper v1.0.2
#20 7.476    Compiling minimal-lexical v0.2.1
#20 7.559    Compiling concurrent-queue v2.5.0
#20 7.704    Compiling cc v1.2.3
#20 7.734    Compiling zerocopy v0.7.35
#20 7.791    Compiling nom v7.1.3
#20 7.831    Compiling hashbrown v0.15.2
#20 7.865    Compiling crc-catalog v2.4.0
#20 7.874    Compiling unicode_categories v0.1.1
#20 7.883    Compiling parking v2.2.1
#20 7.932    Compiling equivalent v1.0.1
#20 7.938    Compiling block-buffer v0.10.4
#20 7.963    Compiling crypto-common v0.1.6
#20 7.988    Compiling event-listener v5.3.1
#20 8.019    Compiling crc v3.2.1
#20 8.023    Compiling crossbeam-queue v0.3.11
#20 8.055    Compiling digest v0.10.7
#20 8.077    Compiling glob v0.3.1
#20 8.164    Compiling base64 v0.22.1
#20 8.177    Compiling httparse v1.9.5
#20 8.185    Compiling hex v0.4.3
#20 8.285    Compiling sha2 v0.10.8
#20 8.409    Compiling hashbrown v0.14.5
#20 8.430    Compiling parking_lot v0.12.3
#20 8.471    Compiling tokio v1.42.0
#20 8.499    Compiling futures-util v0.3.31
#20 8.510    Compiling deranged v0.3.11
#20 8.565    Compiling clang-sys v1.8.1
#20 8.664    Compiling indexmap v2.7.0
#20 8.671    Compiling rustix v0.38.42
#20 8.940    Compiling futures-intrusive v0.5.0
#20 9.016    Compiling spin v0.9.8
#20 9.065    Compiling aho-corasick v1.1.3
#20 9.227    Compiling regex-syntax v0.8.5
#20 9.254    Compiling bitflags v2.6.0
#20 9.276    Compiling hashlink v0.9.1
#20 9.311    Compiling linux-raw-sys v0.4.14
#20 9.436    Compiling same-file v1.0.6
#20 9.505    Compiling atoi v2.0.0
#20 9.525    Compiling time v0.3.37
#20 9.551    Compiling walkdir v2.5.0
#20 9.604    Compiling flume v0.11.1
#20 9.612    Compiling cookie v0.18.1
#20 9.635    Compiling semver v1.0.23
#20 9.654    Compiling unicase v2.8.0
#20 9.663    Compiling httpdate v1.0.3
#20 9.894    Compiling fastrand v2.3.0
#20 9.933    Compiling mime_guess v2.0.5
#20 9.948    Compiling sha1 v0.10.6
#20 9.969    Compiling hmac v0.12.1
#20 10.09    Compiling heck v0.5.0
#20 10.13    Compiling dunce v1.0.5
#20 10.14    Compiling utf-8 v0.7.6
#20 10.19    Compiling data-encoding v2.6.0
#20 10.23    Compiling sqlformat v0.2.6
#20 10.25    Compiling libsqlite3-sys v0.30.1
#20 10.26    Compiling dotenvy v0.15.7
#20 10.36    Compiling clang v2.0.0
#20 10.46    Compiling rust-embed-utils v8.5.0
#20 10.46    Compiling regex-syntax v0.6.29
#20 10.69    Compiling base64ct v1.6.0
#20 10.99    Compiling blake2 v0.10.6
#20 11.08    Compiling password-hash v0.5.0
#20 11.65    Compiling rmp v0.8.14
#20 11.72    Compiling matchit v0.7.3
#20 11.75    Compiling iana-time-zone v0.1.61
#20 11.75    Compiling lazy_static v1.5.0
#20 11.81    Compiling thiserror v2.0.6
#20 11.85    Compiling sharded-slab v0.1.7
#20 11.90    Compiling chrono v0.4.39
#20 12.03    Compiling regex-automata v0.4.9
#20 12.08    Compiling argon2 v0.5.3
#20 12.11    Compiling tempfile v3.14.0
#20 12.21    Compiling futures-executor v0.3.31
#20 12.41    Compiling thread_local v1.1.8
#20 12.50    Compiling synstructure v0.13.1
#20 12.57    Compiling oko v0.1.2 (/root/oko/backend)
#20 12.68    Compiling regex-automata v0.1.10
#20 12.74    Compiling urlencoding v2.1.3
#20 12.85    Compiling http-range-header v0.4.2
#20 12.89    Compiling password-auth v1.0.0
#20 13.55    Compiling matchers v0.1.0
#20 13.61    Compiling serde_derive v1.0.216
#20 13.61    Compiling zerofrom-derive v0.1.5
#20 13.62    Compiling yoke-derive v0.7.5
#20 13.62    Compiling zerovec-derive v0.10.3
#20 13.65    Compiling displaydoc v0.2.5
#20 13.67    Compiling futures-macro v0.3.31
#20 13.68    Compiling zerocopy-derive v0.7.35
#20 13.72    Compiling icu_provider_macros v1.5.0
#20 13.73    Compiling tokio-macros v2.4.0
#20 13.75    Compiling thiserror-impl v1.0.69
#20 14.75    Compiling tracing-attributes v0.1.28
#20 14.84    Compiling async-trait v0.1.83
#20 15.02    Compiling tokio-stream v0.1.17
#20 15.52    Compiling regex v1.11.1
#20 15.60    Compiling rust-embed-impl v8.5.0
#20 15.73    Compiling thiserror-impl v2.0.6
#20 15.95    Compiling zerofrom v0.1.5
#20 16.06    Compiling yoke v0.7.5
#20 16.11    Compiling opencv-binding-generator v0.93.0
#20 16.22    Compiling ppv-lite86 v0.2.20
#20 16.26    Compiling zerovec v0.10.4
#20 16.75    Compiling rand_chacha v0.3.1
#20 16.92    Compiling rust-embed v8.5.0
#20 17.03    Compiling tracing v0.1.41
#20 17.04    Compiling rand v0.8.5
#20 17.21    Compiling tracing-subscriber v0.3.19
#20 17.41    Compiling tinystr v0.7.6
#20 17.41    Compiling icu_collections v1.5.0
#20 17.53    Compiling icu_locid v1.5.0
#20 17.65    Compiling tungstenite v0.24.0
#20 18.05    Compiling icu_provider v1.5.0
#20 18.36    Compiling icu_locid_transform v1.5.0
#20 18.42    Compiling http-body-util v0.1.2
#20 18.42    Compiling futures v0.3.31
#20 18.63    Compiling axum-core v0.4.5
#20 19.01    Compiling icu_properties v1.5.1
#20 19.80    Compiling opencv v0.93.5
#20 19.87    Compiling hyper v1.5.1
#20 19.87    Compiling tower v0.5.2
#20 19.87    Compiling tokio-tungstenite v0.24.0
#20 19.87    Compiling tokio-util v0.7.13
#20 20.32    Compiling tower-http v0.6.2
#20 20.32    Compiling either v1.13.0
#20 20.32    Compiling serde_urlencoded v0.7.1
#20 20.70    Compiling serde_path_to_error v0.1.16
#20 20.99    Compiling icu_normalizer v1.5.0
#20 21.14    Compiling hyper-util v0.1.10
#20 21.14    Compiling rmp-serde v1.3.0
#20 21.16    Compiling axum-embed v0.1.0
#20 21.60    Compiling idna_adapter v1.2.0
#20 21.70    Compiling idna v1.0.3
#20 21.71    Compiling axum v0.7.9
#20 22.06    Compiling url v2.5.4
#20 22.45    Compiling sqlx-core v0.8.2
#20 22.95    Compiling tower-sessions-core v0.13.0
#20 23.23    Compiling tower-cookies v0.10.0
#20 23.43    Compiling tower-sessions-memory-store v0.13.0
#20 23.51    Compiling tower-sessions v0.13.0
#20 24.28    Compiling sqlx-sqlite v0.8.2
#20 24.87    Compiling axum-login v0.16.0
#20 25.71    Compiling sqlx-macros-core v0.8.2
#20 26.82    Compiling sqlx-macros v0.8.2
#20 28.33    Compiling sqlx v0.8.2
#20 28.39    Compiling tower-sessions-sqlx-store v0.14.2
#20 47.11     Finished `dev` profile [unoptimized + debuginfo] target(s) in 46.09s
#20 DONE 49.5s

#21 [test  9/11] RUN set -xeu &&     DEBIAN_FRONTEND=noninteractive apt-get install -y libasound2 libatk-bridge2.0-0 libatk1.0-0 	libatspi2.0-0 libcairo2 libcups2 libdbus-1-3 libdrm2 libgbm1 libglib2.0-0 libnspr4 libnss3 	libpango-1.0-0 libwayland-client0 libx11-6 libxcb1 libxcomposite1 libxdamage1 libxext6 	libxfixes3 libxkbcommon0 libxrandr2 	pkg-config libssl-dev
#21 0.775 + DEBIAN_FRONTEND=noninteractive apt-get install -y libasound2 libatk-bridge2.0-0 libatk1.0-0 libatspi2.0-0 libcairo2 libcups2 libdbus-1-3 libdrm2 libgbm1 libglib2.0-0 libnspr4 libnss3 libpango-1.0-0 libwayland-client0 libx11-6 libxcb1 libxcomposite1 libxdamage1 libxext6 libxfixes3 libxkbcommon0 libxrandr2 pkg-config libssl-dev
#21 1.082 Reading package lists...
#21 2.911 Building dependency tree...
#21 3.083 Reading state information...
#21 3.251 libcairo2 is already the newest version (1.16.0-5ubuntu2).
#21 3.251 libcairo2 set to manually installed.
#21 3.251 libxcb1 is already the newest version (1.14-3ubuntu3).
#21 3.251 libxcb1 set to manually installed.
#21 3.251 libxext6 is already the newest version (2:1.3.4-1build1).
#21 3.251 libxext6 set to manually installed.
#21 3.251 libxfixes3 is already the newest version (1:6.0.0-1).
#21 3.251 libxfixes3 set to manually installed.
#21 3.251 libdrm2 is already the newest version (2.4.113-2~ubuntu0.22.04.1).
#21 3.251 libdrm2 set to manually installed.
#21 3.251 libglib2.0-0 is already the newest version (2.72.4-0ubuntu2.4).
#21 3.251 libglib2.0-0 set to manually installed.
#21 3.251 libpango-1.0-0 is already the newest version (1.50.6+ds-2ubuntu1).
#21 3.251 libpango-1.0-0 set to manually installed.
#21 3.251 libx11-6 is already the newest version (2:1.7.5-1ubuntu0.3).
#21 3.251 libx11-6 set to manually installed.
#21 3.251 The following additional packages will be installed:
#21 3.251   alsa-topology-conf alsa-ucm-conf at-spi2-core bzip2 dbus dbus-user-session
#21 3.251   dconf-gsettings-backend dconf-service dmsetup gir1.2-glib-2.0
#21 3.251   gsettings-desktop-schemas libapparmor1 libargon2-1 libasound2-data
#21 3.252   libatk1.0-data libavahi-client3 libavahi-common-data libavahi-common3
#21 3.252   libcryptsetup12 libdconf1 libdevmapper1.02.1 libdpkg-perl
#21 3.252   libfile-fcntllock-perl libgdbm-compat4 libgdbm6 libgirepository-1.0-1
#21 3.252   libip4tc2 libjson-c5 libkmod2 liblocale-gettext-perl libnss-systemd
#21 3.252   libpam-systemd libperl5.34 libwayland-server0 libxcb-randr0 libxi6 libxtst6
#21 3.253   netbase networkd-dispatcher perl perl-modules-5.34 python3-dbus python3-gi
#21 3.253   session-migration systemd systemd-sysv systemd-timesyncd x11-common xkb-data
#21 3.253   xz-utils
#21 3.254 Suggested packages:
#21 3.254   bzip2-doc libasound2-plugins alsa-utils cups-common debian-keyring gnupg
#21 3.254   patch git bzr gdbm-l10n libssl-doc iw | wireless-tools perl-doc
#21 3.254   libterm-readline-gnu-perl | libterm-readline-perl-perl
#21 3.254   libtap-harness-archive-perl dpkg-dev python-dbus-doc systemd-container
#21 3.254   libfido2-1 libtss2-esys-3.0.2-0 libtss2-mu0 libtss2-rc0 policykit-1
#21 3.413 The following NEW packages will be installed:
#21 3.413   alsa-topology-conf alsa-ucm-conf at-spi2-core bzip2 dbus dbus-user-session
#21 3.413   dconf-gsettings-backend dconf-service dmsetup gir1.2-glib-2.0
#21 3.413   gsettings-desktop-schemas libapparmor1 libargon2-1 libasound2
#21 3.413   libasound2-data libatk-bridge2.0-0 libatk1.0-0 libatk1.0-data libatspi2.0-0
#21 3.413   libavahi-client3 libavahi-common-data libavahi-common3 libcryptsetup12
#21 3.413   libcups2 libdbus-1-3 libdconf1 libdevmapper1.02.1 libdpkg-perl
#21 3.413   libfile-fcntllock-perl libgbm1 libgdbm-compat4 libgdbm6
#21 3.413   libgirepository-1.0-1 libip4tc2 libjson-c5 libkmod2 liblocale-gettext-perl
#21 3.413   libnspr4 libnss-systemd libnss3 libpam-systemd libperl5.34 libssl-dev
#21 3.414   libwayland-client0 libwayland-server0 libxcb-randr0 libxcomposite1
#21 3.414   libxdamage1 libxi6 libxkbcommon0 libxrandr2 libxtst6 netbase
#21 3.414   networkd-dispatcher perl perl-modules-5.34 pkg-config python3-dbus
#21 3.414   python3-gi session-migration systemd systemd-sysv systemd-timesyncd
#21 3.414   x11-common xkb-data xz-utils
#21 3.549 0 upgraded, 66 newly installed, 0 to remove and 0 not upgraded.
#21 3.549 Need to get 20.8 MB of archives.
#21 3.549 After this operation, 103 MB of additional disk space will be used.
#21 3.549 Get:1 http://archive.ubuntu.com/ubuntu jammy/main amd64 liblocale-gettext-perl amd64 1.07-4build3 [17.1 kB]
#21 3.601 Get:2 http://archive.ubuntu.com/ubuntu jammy-updates/main amd64 libapparmor1 amd64 3.0.4-2ubuntu2.4 [39.7 kB]
#21 3.632 Get:3 http://archive.ubuntu.com/ubuntu jammy/main amd64 libargon2-1 amd64 0~20171227-0.3 [19.5 kB]
#21 3.647 Get:4 http://archive.ubuntu.com/ubuntu jammy/main amd64 libdevmapper1.02.1 amd64 2:1.02.175-2.1ubuntu4 [139 kB]
#21 3.695 Get:5 http://archive.ubuntu.com/ubuntu jammy-updates/main amd64 libjson-c5 amd64 0.15-3~ubuntu1.22.04.2 [33.5 kB]
#21 3.702 Get:6 http://archive.ubuntu.com/ubuntu jammy-updates/main amd64 libcryptsetup12 amd64 2:2.4.3-1ubuntu1.2 [211 kB]
#21 3.733 Get:7 http://archive.ubuntu.com/ubuntu jammy-updates/main amd64 libip4tc2 amd64 1.8.7-1ubuntu5.2 [19.9 kB]
#21 3.734 Get:8 http://archive.ubuntu.com/ubuntu jammy/main amd64 libkmod2 amd64 29-1ubuntu1 [48.0 kB]
#21 3.738 Get:9 http://archive.ubuntu.com/ubuntu jammy-updates/main amd64 systemd amd64 249.11-0ubuntu3.12 [4581 kB]
#21 3.873 Get:10 http://archive.ubuntu.com/ubuntu jammy-updates/main amd64 systemd-sysv amd64 249.11-0ubuntu3.12 [10.5 kB]
#21 3.873 Get:11 http://archive.ubuntu.com/ubuntu jammy-updates/main amd64 perl-modules-5.34 all 5.34.0-3ubuntu1.3 [2976 kB]
#21 3.921 Get:12 http://archive.ubuntu.com/ubuntu jammy/main amd64 libgdbm6 amd64 1.23-1 [33.9 kB]
#21 3.922 Get:13 http://archive.ubuntu.com/ubuntu jammy/main amd64 libgdbm-compat4 amd64 1.23-1 [6606 B]
#21 3.922 Get:14 http://archive.ubuntu.com/ubuntu jammy-updates/main amd64 libperl5.34 amd64 5.34.0-3ubuntu1.3 [4820 kB]
#21 3.999 Get:15 http://archive.ubuntu.com/ubuntu jammy-updates/main amd64 perl amd64 5.34.0-3ubuntu1.3 [232 kB]
#21 4.002 Get:16 http://archive.ubuntu.com/ubuntu jammy-updates/main amd64 libdbus-1-3 amd64 1.12.20-2ubuntu4.1 [189 kB]
#21 4.006 Get:17 http://archive.ubuntu.com/ubuntu jammy-updates/main amd64 dbus amd64 1.12.20-2ubuntu4.1 [158 kB]
#21 4.010 Get:18 http://archive.ubuntu.com/ubuntu jammy/main amd64 dmsetup amd64 2:1.02.175-2.1ubuntu4 [81.7 kB]
#21 4.011 Get:19 http://archive.ubuntu.com/ubuntu jammy/main amd64 libgirepository-1.0-1 amd64 1.72.0-1 [55.6 kB]
#21 4.014 Get:20 http://archive.ubuntu.com/ubuntu jammy/main amd64 gir1.2-glib-2.0 amd64 1.72.0-1 [164 kB]
#21 4.017 Get:21 http://archive.ubuntu.com/ubuntu jammy-updates/main amd64 libnss-systemd amd64 249.11-0ubuntu3.12 [133 kB]
#21 4.018 Get:22 http://archive.ubuntu.com/ubuntu jammy-updates/main amd64 libpam-systemd amd64 249.11-0ubuntu3.12 [203 kB]
#21 4.020 Get:23 http://archive.ubuntu.com/ubuntu jammy/main amd64 netbase all 6.3 [12.9 kB]
#21 4.034 Get:24 http://archive.ubuntu.com/ubuntu jammy/main amd64 python3-dbus amd64 1.2.18-3build1 [99.5 kB]
#21 4.036 Get:25 http://archive.ubuntu.com/ubuntu jammy-updates/main amd64 python3-gi amd64 3.42.1-0ubuntu1 [229 kB]
#21 4.039 Get:26 http://archive.ubuntu.com/ubuntu jammy-updates/main amd64 networkd-dispatcher all 2.1-2ubuntu0.22.04.2 [15.8 kB]
#21 4.045 Get:27 http://archive.ubuntu.com/ubuntu jammy-updates/main amd64 systemd-timesyncd amd64 249.11-0ubuntu3.12 [31.2 kB]
#21 4.048 Get:28 http://archive.ubuntu.com/ubuntu jammy/main amd64 xkb-data all 2.33-1 [394 kB]
#21 4.054 Get:29 http://archive.ubuntu.com/ubuntu jammy/main amd64 xz-utils amd64 5.2.5-2ubuntu1 [84.8 kB]
#21 4.055 Get:30 http://archive.ubuntu.com/ubuntu jammy/main amd64 alsa-topology-conf all 1.2.5.1-2 [15.5 kB]
#21 4.056 Get:31 http://archive.ubuntu.com/ubuntu jammy/main amd64 libasound2-data all 1.2.6.1-1ubuntu1 [19.1 kB]
#21 4.056 Get:32 http://archive.ubuntu.com/ubuntu jammy/main amd64 libasound2 amd64 1.2.6.1-1ubuntu1 [390 kB]
#21 4.062 Get:33 http://archive.ubuntu.com/ubuntu jammy-updates/main amd64 alsa-ucm-conf all 1.2.6.3-1ubuntu1.12 [43.5 kB]
#21 4.068 Get:34 http://archive.ubuntu.com/ubuntu jammy/main amd64 libxi6 amd64 2:1.8-1build1 [32.6 kB]
#21 4.068 Get:35 http://archive.ubuntu.com/ubuntu jammy/main amd64 libatspi2.0-0 amd64 2.44.0-3 [80.9 kB]
#21 4.073 Get:36 http://archive.ubuntu.com/ubuntu jammy/main amd64 x11-common all 1:7.7+23ubuntu2 [23.4 kB]
#21 4.080 Get:37 http://archive.ubuntu.com/ubuntu jammy/main amd64 libxtst6 amd64 2:1.2.3-1build4 [13.4 kB]
#21 4.086 Get:38 http://archive.ubuntu.com/ubuntu jammy-updates/main amd64 dbus-user-session amd64 1.12.20-2ubuntu4.1 [9442 B]
#21 4.086 Get:39 http://archive.ubuntu.com/ubuntu jammy/main amd64 libdconf1 amd64 0.40.0-3 [40.5 kB]
#21 4.091 Get:40 http://archive.ubuntu.com/ubuntu jammy/main amd64 dconf-service amd64 0.40.0-3 [28.5 kB]
#21 4.092 Get:41 http://archive.ubuntu.com/ubuntu jammy/main amd64 dconf-gsettings-backend amd64 0.40.0-3 [22.8 kB]
#21 4.093 Get:42 http://archive.ubuntu.com/ubuntu jammy/main amd64 session-migration amd64 0.3.6 [9774 B]
#21 4.093 Get:43 http://archive.ubuntu.com/ubuntu jammy/main amd64 gsettings-desktop-schemas all 42.0-1ubuntu1 [31.1 kB]
#21 4.104 Get:44 http://archive.ubuntu.com/ubuntu jammy/main amd64 at-spi2-core amd64 2.44.0-3 [54.4 kB]
#21 4.105 Get:45 http://archive.ubuntu.com/ubuntu jammy/main amd64 bzip2 amd64 1.0.8-5build1 [34.8 kB]
#21 4.110 Get:46 http://archive.ubuntu.com/ubuntu jammy/main amd64 libatk1.0-data all 2.36.0-3build1 [2824 B]
#21 4.110 Get:47 http://archive.ubuntu.com/ubuntu jammy/main amd64 libatk1.0-0 amd64 2.36.0-3build1 [51.9 kB]
#21 4.118 Get:48 http://archive.ubuntu.com/ubuntu jammy/main amd64 libatk-bridge2.0-0 amd64 2.38.0-3 [66.6 kB]
#21 4.125 Get:49 http://archive.ubuntu.com/ubuntu jammy-updates/main amd64 libavahi-common-data amd64 0.8-5ubuntu5.2 [23.8 kB]
#21 4.125 Get:50 http://archive.ubuntu.com/ubuntu jammy-updates/main amd64 libavahi-common3 amd64 0.8-5ubuntu5.2 [23.9 kB]
#21 4.126 Get:51 http://archive.ubuntu.com/ubuntu jammy-updates/main amd64 libavahi-client3 amd64 0.8-5ubuntu5.2 [28.0 kB]
#21 4.126 Get:52 http://archive.ubuntu.com/ubuntu jammy-updates/main amd64 libcups2 amd64 2.4.1op1-1ubuntu4.11 [263 kB]
#21 4.131 Get:53 http://archive.ubuntu.com/ubuntu jammy-updates/main amd64 libdpkg-perl all 1.21.1ubuntu2.3 [237 kB]
#21 4.143 Get:54 http://archive.ubuntu.com/ubuntu jammy/main amd64 libfile-fcntllock-perl amd64 0.22-3build7 [33.9 kB]
#21 4.144 Get:55 http://archive.ubuntu.com/ubuntu jammy-updates/main amd64 libwayland-server0 amd64 1.20.0-1ubuntu0.1 [34.3 kB]
#21 4.147 Get:56 http://archive.ubuntu.com/ubuntu jammy/main amd64 libxcb-randr0 amd64 1.14-3ubuntu3 [18.3 kB]
#21 4.157 Get:57 http://archive.ubuntu.com/ubuntu jammy-updates/main amd64 libgbm1 amd64 23.2.1-1ubuntu3.1~22.04.3 [33.5 kB]
#21 4.158 Get:58 http://archive.ubuntu.com/ubuntu jammy-updates/main amd64 libnspr4 amd64 2:4.35-0ubuntu0.22.04.1 [119 kB]
#21 4.162 Get:59 http://archive.ubuntu.com/ubuntu jammy-updates/main amd64 libnss3 amd64 2:3.98-0ubuntu0.22.04.2 [1347 kB]
#21 4.185 Get:60 http://archive.ubuntu.com/ubuntu jammy-updates/main amd64 libssl-dev amd64 3.0.2-0ubuntu1.18 [2375 kB]
#21 4.224 Get:61 http://archive.ubuntu.com/ubuntu jammy-updates/main amd64 libwayland-client0 amd64 1.20.0-1ubuntu0.1 [25.9 kB]
#21 4.224 Get:62 http://archive.ubuntu.com/ubuntu jammy/main amd64 libxcomposite1 amd64 1:0.4.5-1build2 [7192 B]
#21 4.224 Get:63 http://archive.ubuntu.com/ubuntu jammy/main amd64 libxdamage1 amd64 1:1.1.5-2build2 [7154 B]
#21 4.225 Get:64 http://archive.ubuntu.com/ubuntu jammy/main amd64 libxkbcommon0 amd64 1.4.0-1 [125 kB]
#21 4.227 Get:65 http://archive.ubuntu.com/ubuntu jammy/main amd64 libxrandr2 amd64 2:1.5.2-1build1 [20.4 kB]
#21 4.227 Get:66 http://archive.ubuntu.com/ubuntu jammy/main amd64 pkg-config amd64 0.29.2-1ubuntu3 [48.2 kB]
#21 4.780 debconf: delaying package configuration, since apt-utils is not installed
#21 4.889 Fetched 20.8 MB in 1s (25.8 MB/s)
#21 5.086 Selecting previously unselected package liblocale-gettext-perl.
#21 5.086 (Reading database ... (Reading database ... 5%(Reading database ... 10%(Reading database ... 15%(Reading database ... 20%(Reading database ... 25%(Reading database ... 30%(Reading database ... 35%(Reading database ... 40%(Reading database ... 45%(Reading database ... 50%(Reading database ... 55%(Reading database ... 60%(Reading database ... 65%(Reading database ... 70%(Reading database ... 75%(Reading database ... 80%(Reading database ... 85%(Reading database ... 90%(Reading database ... 95%(Reading database ... 100%(Reading database ... 21846 files and directories currently installed.)
#21 5.913 Preparing to unpack .../0-liblocale-gettext-perl_1.07-4build3_amd64.deb ...
#21 5.960 Unpacking liblocale-gettext-perl (1.07-4build3) ...
#21 6.390 Selecting previously unselected package libapparmor1:amd64.
#21 6.392 Preparing to unpack .../1-libapparmor1_3.0.4-2ubuntu2.4_amd64.deb ...
#21 6.480 Unpacking libapparmor1:amd64 (3.0.4-2ubuntu2.4) ...
#21 6.785 Selecting previously unselected package libargon2-1:amd64.
#21 6.786 Preparing to unpack .../2-libargon2-1_0~20171227-0.3_amd64.deb ...
#21 6.827 Unpacking libargon2-1:amd64 (0~20171227-0.3) ...
#21 7.118 Selecting previously unselected package libdevmapper1.02.1:amd64.
#21 7.120 Preparing to unpack .../3-libdevmapper1.02.1_2%3a1.02.175-2.1ubuntu4_amd64.deb ...
#21 7.164 Unpacking libdevmapper1.02.1:amd64 (2:1.02.175-2.1ubuntu4) ...
#21 7.464 Selecting previously unselected package libjson-c5:amd64.
#21 7.466 Preparing to unpack .../4-libjson-c5_0.15-3~ubuntu1.22.04.2_amd64.deb ...
#21 7.505 Unpacking libjson-c5:amd64 (0.15-3~ubuntu1.22.04.2) ...
#21 7.810 Selecting previously unselected package libcryptsetup12:amd64.
#21 7.812 Preparing to unpack .../5-libcryptsetup12_2%3a2.4.3-1ubuntu1.2_amd64.deb ...
#21 7.850 Unpacking libcryptsetup12:amd64 (2:2.4.3-1ubuntu1.2) ...
#21 8.325 Selecting previously unselected package libip4tc2:amd64.
#21 8.326 Preparing to unpack .../6-libip4tc2_1.8.7-1ubuntu5.2_amd64.deb ...
#21 8.374 Unpacking libip4tc2:amd64 (1.8.7-1ubuntu5.2) ...
#21 8.645 Selecting previously unselected package libkmod2:amd64.
#21 8.647 Preparing to unpack .../7-libkmod2_29-1ubuntu1_amd64.deb ...
#21 8.688 Unpacking libkmod2:amd64 (29-1ubuntu1) ...
#21 9.043 Selecting previously unselected package systemd.
#21 9.045 Preparing to unpack .../8-systemd_249.11-0ubuntu3.12_amd64.deb ...
#21 9.130 Unpacking systemd (249.11-0ubuntu3.12) ...
#21 9.582 Setting up libapparmor1:amd64 (3.0.4-2ubuntu2.4) ...
#21 9.707 Setting up libargon2-1:amd64 (0~20171227-0.3) ...
#21 9.847 Setting up libdevmapper1.02.1:amd64 (2:1.02.175-2.1ubuntu4) ...
#21 9.959 Setting up libjson-c5:amd64 (0.15-3~ubuntu1.22.04.2) ...
#21 10.09 Setting up libcryptsetup12:amd64 (2:2.4.3-1ubuntu1.2) ...
#21 10.21 Setting up libip4tc2:amd64 (1.8.7-1ubuntu5.2) ...
#21 10.34 Setting up libkmod2:amd64 (29-1ubuntu1) ...
#21 10.48 Setting up systemd (249.11-0ubuntu3.12) ...
#21 10.92 Created symlink /etc/systemd/system/getty.target.wants/getty@tty1.service  /lib/systemd/system/getty@.service.
#21 10.93 Created symlink /etc/systemd/system/multi-user.target.wants/remote-fs.target  /lib/systemd/system/remote-fs.target.
#21 10.93 Created symlink /etc/systemd/system/dbus-org.freedesktop.resolve1.service  /lib/systemd/system/systemd-resolved.service.
#21 10.93 Created symlink /etc/systemd/system/multi-user.target.wants/systemd-resolved.service  /lib/systemd/system/systemd-resolved.service.
#21 10.96 ln: failed to create symbolic link '/etc/resolv.conf': Device or resource busy
#21 10.97 Created symlink /etc/systemd/system/sysinit.target.wants/systemd-pstore.service  /lib/systemd/system/systemd-pstore.service.
#21 10.98 Initializing machine ID from random generator.
#21 12.52 Selecting previously unselected package systemd-sysv.
#21 12.52 (Reading database ... (Reading database ... 5%(Reading database ... 10%(Reading database ... 15%(Reading database ... 20%(Reading database ... 25%(Reading database ... 30%(Reading database ... 35%(Reading database ... 40%(Reading database ... 45%(Reading database ... 50%(Reading database ... 55%(Reading database ... 60%(Reading database ... 65%(Reading database ... 70%(Reading database ... 75%(Reading database ... 80%(Reading database ... 85%(Reading database ... 90%(Reading database ... 95%(Reading database ... 100%(Reading database ... 22675 files and directories currently installed.)
#21 12.53 Preparing to unpack .../00-systemd-sysv_249.11-0ubuntu3.12_amd64.deb ...
#21 12.57 Unpacking systemd-sysv (249.11-0ubuntu3.12) ...
#21 12.77 Selecting previously unselected package perl-modules-5.34.
#21 12.77 Preparing to unpack .../01-perl-modules-5.34_5.34.0-3ubuntu1.3_all.deb ...
#21 12.82 Unpacking perl-modules-5.34 (5.34.0-3ubuntu1.3) ...
#21 13.39 Selecting previously unselected package libgdbm6:amd64.
#21 13.39 Preparing to unpack .../02-libgdbm6_1.23-1_amd64.deb ...
#21 13.42 Unpacking libgdbm6:amd64 (1.23-1) ...
#21 13.71 Selecting previously unselected package libgdbm-compat4:amd64.
#21 13.71 Preparing to unpack .../03-libgdbm-compat4_1.23-1_amd64.deb ...
#21 13.76 Unpacking libgdbm-compat4:amd64 (1.23-1) ...
#21 14.06 Selecting previously unselected package libperl5.34:amd64.
#21 14.06 Preparing to unpack .../04-libperl5.34_5.34.0-3ubuntu1.3_amd64.deb ...
#21 14.10 Unpacking libperl5.34:amd64 (5.34.0-3ubuntu1.3) ...
#21 14.73 Selecting previously unselected package perl.
#21 14.73 Preparing to unpack .../05-perl_5.34.0-3ubuntu1.3_amd64.deb ...
#21 14.77 Unpacking perl (5.34.0-3ubuntu1.3) ...
#21 15.08 Selecting previously unselected package libdbus-1-3:amd64.
#21 15.08 Preparing to unpack .../06-libdbus-1-3_1.12.20-2ubuntu4.1_amd64.deb ...
#21 15.13 Unpacking libdbus-1-3:amd64 (1.12.20-2ubuntu4.1) ...
#21 15.49 Selecting previously unselected package dbus.
#21 15.50 Preparing to unpack .../07-dbus_1.12.20-2ubuntu4.1_amd64.deb ...
#21 15.54 Unpacking dbus (1.12.20-2ubuntu4.1) ...
#21 15.91 Selecting previously unselected package dmsetup.
#21 15.91 Preparing to unpack .../08-dmsetup_2%3a1.02.175-2.1ubuntu4_amd64.deb ...
#21 15.95 Unpacking dmsetup (2:1.02.175-2.1ubuntu4) ...
#21 16.24 Selecting previously unselected package libgirepository-1.0-1:amd64.
#21 16.24 Preparing to unpack .../09-libgirepository-1.0-1_1.72.0-1_amd64.deb ...
#21 16.30 Unpacking libgirepository-1.0-1:amd64 (1.72.0-1) ...
#21 16.53 Selecting previously unselected package gir1.2-glib-2.0:amd64.
#21 16.53 Preparing to unpack .../10-gir1.2-glib-2.0_1.72.0-1_amd64.deb ...
#21 16.57 Unpacking gir1.2-glib-2.0:amd64 (1.72.0-1) ...
#21 16.87 Selecting previously unselected package libnss-systemd:amd64.
#21 16.87 Preparing to unpack .../11-libnss-systemd_249.11-0ubuntu3.12_amd64.deb ...
#21 16.91 Unpacking libnss-systemd:amd64 (249.11-0ubuntu3.12) ...
#21 17.18 Selecting previously unselected package libpam-systemd:amd64.
#21 17.18 Preparing to unpack .../12-libpam-systemd_249.11-0ubuntu3.12_amd64.deb ...
#21 17.23 Unpacking libpam-systemd:amd64 (249.11-0ubuntu3.12) ...
#21 17.53 Selecting previously unselected package netbase.
#21 17.53 Preparing to unpack .../13-netbase_6.3_all.deb ...
#21 17.58 Unpacking netbase (6.3) ...
#21 17.85 Selecting previously unselected package python3-dbus.
#21 17.85 Preparing to unpack .../14-python3-dbus_1.2.18-3build1_amd64.deb ...
#21 17.91 Unpacking python3-dbus (1.2.18-3build1) ...
#21 18.20 Selecting previously unselected package python3-gi.
#21 18.20 Preparing to unpack .../15-python3-gi_3.42.1-0ubuntu1_amd64.deb ...
#21 18.25 Unpacking python3-gi (3.42.1-0ubuntu1) ...
#21 18.59 Selecting previously unselected package networkd-dispatcher.
#21 18.59 Preparing to unpack .../16-networkd-dispatcher_2.1-2ubuntu0.22.04.2_all.deb ...
#21 18.64 Unpacking networkd-dispatcher (2.1-2ubuntu0.22.04.2) ...
#21 18.96 Selecting previously unselected package systemd-timesyncd.
#21 18.96 Preparing to unpack .../17-systemd-timesyncd_249.11-0ubuntu3.12_amd64.deb ...
#21 18.99 Unpacking systemd-timesyncd (249.11-0ubuntu3.12) ...
#21 19.22 Selecting previously unselected package xkb-data.
#21 19.23 Preparing to unpack .../18-xkb-data_2.33-1_all.deb ...
#21 19.27 Unpacking xkb-data (2.33-1) ...
#21 19.65 Selecting previously unselected package xz-utils.
#21 19.65 Preparing to unpack .../19-xz-utils_5.2.5-2ubuntu1_amd64.deb ...
#21 19.70 Unpacking xz-utils (5.2.5-2ubuntu1) ...
#21 19.95 Selecting previously unselected package alsa-topology-conf.
#21 19.96 Preparing to unpack .../20-alsa-topology-conf_1.2.5.1-2_all.deb ...
#21 20.00 Unpacking alsa-topology-conf (1.2.5.1-2) ...
#21 20.16 Selecting previously unselected package libasound2-data.
#21 20.16 Preparing to unpack .../21-libasound2-data_1.2.6.1-1ubuntu1_all.deb ...
#21 20.17 Unpacking libasound2-data (1.2.6.1-1ubuntu1) ...
#21 20.25 Selecting previously unselected package libasound2:amd64.
#21 20.25 Preparing to unpack .../22-libasound2_1.2.6.1-1ubuntu1_amd64.deb ...
#21 20.26 Unpacking libasound2:amd64 (1.2.6.1-1ubuntu1) ...
#21 20.32 Selecting previously unselected package alsa-ucm-conf.
#21 20.32 Preparing to unpack .../23-alsa-ucm-conf_1.2.6.3-1ubuntu1.12_all.deb ...
#21 20.33 Unpacking alsa-ucm-conf (1.2.6.3-1ubuntu1.12) ...
#21 20.49 Selecting previously unselected package libxi6:amd64.
#21 20.49 Preparing to unpack .../24-libxi6_2%3a1.8-1build1_amd64.deb ...
#21 20.50 Unpacking libxi6:amd64 (2:1.8-1build1) ...
#21 20.56 Selecting previously unselected package libatspi2.0-0:amd64.
#21 20.56 Preparing to unpack .../25-libatspi2.0-0_2.44.0-3_amd64.deb ...
#21 20.57 Unpacking libatspi2.0-0:amd64 (2.44.0-3) ...
#21 20.65 Selecting previously unselected package x11-common.
#21 20.65 Preparing to unpack .../26-x11-common_1%3a7.7+23ubuntu2_all.deb ...
#21 20.66 Unpacking x11-common (1:7.7+23ubuntu2) ...
#21 20.72 Selecting previously unselected package libxtst6:amd64.
#21 20.73 Preparing to unpack .../27-libxtst6_2%3a1.2.3-1build4_amd64.deb ...
#21 20.74 Unpacking libxtst6:amd64 (2:1.2.3-1build4) ...
#21 20.80 Selecting previously unselected package dbus-user-session.
#21 20.80 Preparing to unpack .../28-dbus-user-session_1.12.20-2ubuntu4.1_amd64.deb ...
#21 20.81 Unpacking dbus-user-session (1.12.20-2ubuntu4.1) ...
#21 20.88 Selecting previously unselected package libdconf1:amd64.
#21 20.88 Preparing to unpack .../29-libdconf1_0.40.0-3_amd64.deb ...
#21 20.89 Unpacking libdconf1:amd64 (0.40.0-3) ...
#21 20.95 Selecting previously unselected package dconf-service.
#21 20.95 Preparing to unpack .../30-dconf-service_0.40.0-3_amd64.deb ...
#21 20.96 Unpacking dconf-service (0.40.0-3) ...
#21 21.01 Selecting previously unselected package dconf-gsettings-backend:amd64.
#21 21.02 Preparing to unpack .../31-dconf-gsettings-backend_0.40.0-3_amd64.deb ...
#21 21.03 Unpacking dconf-gsettings-backend:amd64 (0.40.0-3) ...
#21 21.10 Selecting previously unselected package session-migration.
#21 21.10 Preparing to unpack .../32-session-migration_0.3.6_amd64.deb ...
#21 21.11 Unpacking session-migration (0.3.6) ...
#21 21.17 Selecting previously unselected package gsettings-desktop-schemas.
#21 21.18 Preparing to unpack .../33-gsettings-desktop-schemas_42.0-1ubuntu1_all.deb ...
#21 21.18 Unpacking gsettings-desktop-schemas (42.0-1ubuntu1) ...
#21 21.27 Selecting previously unselected package at-spi2-core.
#21 21.27 Preparing to unpack .../34-at-spi2-core_2.44.0-3_amd64.deb ...
#21 21.28 Unpacking at-spi2-core (2.44.0-3) ...
#21 21.34 Selecting previously unselected package bzip2.
#21 21.34 Preparing to unpack .../35-bzip2_1.0.8-5build1_amd64.deb ...
#21 21.35 Unpacking bzip2 (1.0.8-5build1) ...
#21 21.40 Selecting previously unselected package libatk1.0-data.
#21 21.40 Preparing to unpack .../36-libatk1.0-data_2.36.0-3build1_all.deb ...
#21 21.41 Unpacking libatk1.0-data (2.36.0-3build1) ...
#21 21.48 Selecting previously unselected package libatk1.0-0:amd64.
#21 21.49 Preparing to unpack .../37-libatk1.0-0_2.36.0-3build1_amd64.deb ...
#21 21.49 Unpacking libatk1.0-0:amd64 (2.36.0-3build1) ...
#21 21.56 Selecting previously unselected package libatk-bridge2.0-0:amd64.
#21 21.57 Preparing to unpack .../38-libatk-bridge2.0-0_2.38.0-3_amd64.deb ...
#21 21.58 Unpacking libatk-bridge2.0-0:amd64 (2.38.0-3) ...
#21 21.63 Selecting previously unselected package libavahi-common-data:amd64.
#21 21.63 Preparing to unpack .../39-libavahi-common-data_0.8-5ubuntu5.2_amd64.deb ...
#21 21.64 Unpacking libavahi-common-data:amd64 (0.8-5ubuntu5.2) ...
#21 21.71 Selecting previously unselected package libavahi-common3:amd64.
#21 21.71 Preparing to unpack .../40-libavahi-common3_0.8-5ubuntu5.2_amd64.deb ...
#21 21.72 Unpacking libavahi-common3:amd64 (0.8-5ubuntu5.2) ...
#21 21.78 Selecting previously unselected package libavahi-client3:amd64.
#21 21.79 Preparing to unpack .../41-libavahi-client3_0.8-5ubuntu5.2_amd64.deb ...
#21 21.80 Unpacking libavahi-client3:amd64 (0.8-5ubuntu5.2) ...
#21 21.86 Selecting previously unselected package libcups2:amd64.
#21 21.87 Preparing to unpack .../42-libcups2_2.4.1op1-1ubuntu4.11_amd64.deb ...
#21 21.87 Unpacking libcups2:amd64 (2.4.1op1-1ubuntu4.11) ...
#21 21.93 Selecting previously unselected package libdpkg-perl.
#21 21.93 Preparing to unpack .../43-libdpkg-perl_1.21.1ubuntu2.3_all.deb ...
#21 21.94 Unpacking libdpkg-perl (1.21.1ubuntu2.3) ...
#21 22.01 Selecting previously unselected package libfile-fcntllock-perl.
#21 22.01 Preparing to unpack .../44-libfile-fcntllock-perl_0.22-3build7_amd64.deb ...
#21 22.02 Unpacking libfile-fcntllock-perl (0.22-3build7) ...
#21 22.10 Selecting previously unselected package libwayland-server0:amd64.
#21 22.10 Preparing to unpack .../45-libwayland-server0_1.20.0-1ubuntu0.1_amd64.deb ...
#21 22.11 Unpacking libwayland-server0:amd64 (1.20.0-1ubuntu0.1) ...
#21 22.18 Selecting previously unselected package libxcb-randr0:amd64.
#21 22.18 Preparing to unpack .../46-libxcb-randr0_1.14-3ubuntu3_amd64.deb ...
#21 22.19 Unpacking libxcb-randr0:amd64 (1.14-3ubuntu3) ...
#21 22.26 Selecting previously unselected package libgbm1:amd64.
#21 22.27 Preparing to unpack .../47-libgbm1_23.2.1-1ubuntu3.1~22.04.3_amd64.deb ...
#21 22.28 Unpacking libgbm1:amd64 (23.2.1-1ubuntu3.1~22.04.3) ...
#21 22.34 Selecting previously unselected package libnspr4:amd64.
#21 22.34 Preparing to unpack .../48-libnspr4_2%3a4.35-0ubuntu0.22.04.1_amd64.deb ...
#21 22.35 Unpacking libnspr4:amd64 (2:4.35-0ubuntu0.22.04.1) ...
#21 22.41 Selecting previously unselected package libnss3:amd64.
#21 22.42 Preparing to unpack .../49-libnss3_2%3a3.98-0ubuntu0.22.04.2_amd64.deb ...
#21 22.43 Unpacking libnss3:amd64 (2:3.98-0ubuntu0.22.04.2) ...
#21 22.56 Selecting previously unselected package libssl-dev:amd64.
#21 22.57 Preparing to unpack .../50-libssl-dev_3.0.2-0ubuntu1.18_amd64.deb ...
#21 22.57 Unpacking libssl-dev:amd64 (3.0.2-0ubuntu1.18) ...
#21 22.69 Selecting previously unselected package libwayland-client0:amd64.
#21 22.69 Preparing to unpack .../51-libwayland-client0_1.20.0-1ubuntu0.1_amd64.deb ...
#21 22.70 Unpacking libwayland-client0:amd64 (1.20.0-1ubuntu0.1) ...
#21 22.77 Selecting previously unselected package libxcomposite1:amd64.
#21 22.78 Preparing to unpack .../52-libxcomposite1_1%3a0.4.5-1build2_amd64.deb ...
#21 22.79 Unpacking libxcomposite1:amd64 (1:0.4.5-1build2) ...
#21 22.85 Selecting previously unselected package libxdamage1:amd64.
#21 22.85 Preparing to unpack .../53-libxdamage1_1%3a1.1.5-2build2_amd64.deb ...
#21 22.86 Unpacking libxdamage1:amd64 (1:1.1.5-2build2) ...
#21 22.93 Selecting previously unselected package libxkbcommon0:amd64.
#21 22.93 Preparing to unpack .../54-libxkbcommon0_1.4.0-1_amd64.deb ...
#21 22.94 Unpacking libxkbcommon0:amd64 (1.4.0-1) ...
#21 23.01 Selecting previously unselected package libxrandr2:amd64.
#21 23.01 Preparing to unpack .../55-libxrandr2_2%3a1.5.2-1build1_amd64.deb ...
#21 23.02 Unpacking libxrandr2:amd64 (2:1.5.2-1build1) ...
#21 23.09 Selecting previously unselected package pkg-config.
#21 23.09 Preparing to unpack .../56-pkg-config_0.29.2-1ubuntu3_amd64.deb ...
#21 23.10 Unpacking pkg-config (0.29.2-1ubuntu3) ...
#21 23.17 Setting up libwayland-server0:amd64 (1.20.0-1ubuntu0.1) ...
#21 23.20 Setting up session-migration (0.3.6) ...
#21 23.32 Created symlink /etc/systemd/user/graphical-session-pre.target.wants/session-migration.service  /usr/lib/systemd/user/session-migration.service.
#21 23.34 Setting up systemd-sysv (249.11-0ubuntu3.12) ...
#21 23.37 Setting up libxdamage1:amd64 (1:1.1.5-2build2) ...
#21 23.39 Setting up libxi6:amd64 (2:1.8-1build1) ...
#21 23.42 Setting up x11-common (1:7.7+23ubuntu2) ...
#21 23.64 invoke-rc.d: could not determine current runlevel
#21 23.65 invoke-rc.d: policy-rc.d denied execution of start.
#21 23.66 Setting up libnss-systemd:amd64 (249.11-0ubuntu3.12) ...
#21 23.68 First installation detected...
#21 23.68 Checking NSS setup...
#21 23.69 Setting up xkb-data (2.33-1) ...
#21 23.72 Setting up perl-modules-5.34 (5.34.0-3ubuntu1.3) ...
#21 23.75 Setting up bzip2 (1.0.8-5build1) ...
#21 23.77 Setting up libdconf1:amd64 (0.40.0-3) ...
#21 23.80 Setting up libasound2-data (1.2.6.1-1ubuntu1) ...
#21 23.83 Setting up libnspr4:amd64 (2:4.35-0ubuntu0.22.04.1) ...
#21 23.86 Setting up libavahi-common-data:amd64 (0.8-5ubuntu5.2) ...
#21 23.88 Setting up libdbus-1-3:amd64 (1.12.20-2ubuntu4.1) ...
#21 23.91 Setting up dbus (1.12.20-2ubuntu4.1) ...
#21 24.11 Setting up xz-utils (5.2.5-2ubuntu1) ...
#21 24.14 update-alternatives: using /usr/bin/xz to provide /usr/bin/lzma (lzma) in auto mode
#21 24.14 update-alternatives: warning: skip creation of /usr/share/man/man1/lzma.1.gz because associated file /usr/share/man/man1/xz.1.gz (of link group lzma) doesn't exist
#21 24.14 update-alternatives: warning: skip creation of /usr/share/man/man1/unlzma.1.gz because associated file /usr/share/man/man1/unxz.1.gz (of link group lzma) doesn't exist
#21 24.14 update-alternatives: warning: skip creation of /usr/share/man/man1/lzcat.1.gz because associated file /usr/share/man/man1/xzcat.1.gz (of link group lzma) doesn't exist
#21 24.14 update-alternatives: warning: skip creation of /usr/share/man/man1/lzmore.1.gz because associated file /usr/share/man/man1/xzmore.1.gz (of link group lzma) doesn't exist
#21 24.14 update-alternatives: warning: skip creation of /usr/share/man/man1/lzless.1.gz because associated file /usr/share/man/man1/xzless.1.gz (of link group lzma) doesn't exist
#21 24.14 update-alternatives: warning: skip creation of /usr/share/man/man1/lzdiff.1.gz because associated file /usr/share/man/man1/xzdiff.1.gz (of link group lzma) doesn't exist
#21 24.14 update-alternatives: warning: skip creation of /usr/share/man/man1/lzcmp.1.gz because associated file /usr/share/man/man1/xzcmp.1.gz (of link group lzma) doesn't exist
#21 24.14 update-alternatives: warning: skip creation of /usr/share/man/man1/lzgrep.1.gz because associated file /usr/share/man/man1/xzgrep.1.gz (of link group lzma) doesn't exist
#21 24.14 update-alternatives: warning: skip creation of /usr/share/man/man1/lzegrep.1.gz because associated file /usr/share/man/man1/xzegrep.1.gz (of link group lzma) doesn't exist
#21 24.14 update-alternatives: warning: skip creation of /usr/share/man/man1/lzfgrep.1.gz because associated file /usr/share/man/man1/xzfgrep.1.gz (of link group lzma) doesn't exist
#21 24.15 Setting up libssl-dev:amd64 (3.0.2-0ubuntu1.18) ...
#21 24.18 Setting up systemd-timesyncd (249.11-0ubuntu3.12) ...
#21 24.42 Created symlink /etc/systemd/system/dbus-org.freedesktop.timesync1.service  /lib/systemd/system/systemd-timesyncd.service.
#21 24.42 Created symlink /etc/systemd/system/sysinit.target.wants/systemd-timesyncd.service  /lib/systemd/system/systemd-timesyncd.service.
#21 24.44 Setting up libxrandr2:amd64 (2:1.5.2-1build1) ...
#21 24.47 Setting up libatk1.0-data (2.36.0-3build1) ...
#21 24.49 Setting up alsa-topology-conf (1.2.5.1-2) ...
#21 24.52 Setting up dmsetup (2:1.02.175-2.1ubuntu4) ...
#21 24.55 Setting up libxcb-randr0:amd64 (1.14-3ubuntu3) ...
#21 24.57 Setting up libasound2:amd64 (1.2.6.1-1ubuntu1) ...
#21 24.60 Setting up libpam-systemd:amd64 (249.11-0ubuntu3.12) ...
#21 24.72 Setting up libgirepository-1.0-1:amd64 (1.72.0-1) ...
#21 24.75 Setting up netbase (6.3) ...
#21 24.82 Setting up libatk1.0-0:amd64 (2.36.0-3build1) ...
#21 24.84 Setting up libxcomposite1:amd64 (1:0.4.5-1build2) ...
#21 24.87 Setting up liblocale-gettext-perl (1.07-4build3) ...
#21 24.90 Setting up libgdbm6:amd64 (1.23-1) ...
#21 24.93 Setting up libxkbcommon0:amd64 (1.4.0-1) ...
#21 25.19 Setting up libwayland-client0:amd64 (1.20.0-1ubuntu0.1) ...
#21 25.22 Setting up python3-dbus (1.2.18-3build1) ...
#21 25.40 Setting up libgbm1:amd64 (23.2.1-1ubuntu3.1~22.04.3) ...
#21 25.42 Setting up alsa-ucm-conf (1.2.6.3-1ubuntu1.12) ...
#21 25.45 Setting up libxtst6:amd64 (2:1.2.3-1build4) ...
#21 25.48 Setting up libavahi-common3:amd64 (0.8-5ubuntu5.2) ...
#21 25.50 Setting up libnss3:amd64 (2:3.98-0ubuntu0.22.04.2) ...
#21 25.53 Setting up libatspi2.0-0:amd64 (2.44.0-3) ...
#21 25.56 Setting up libatk-bridge2.0-0:amd64 (2.38.0-3) ...
#21 25.59 Setting up dbus-user-session (1.12.20-2ubuntu4.1) ...
#21 25.63 Setting up libgdbm-compat4:amd64 (1.23-1) ...
#21 25.66 Setting up gir1.2-glib-2.0:amd64 (1.72.0-1) ...
#21 25.69 Setting up libavahi-client3:amd64 (0.8-5ubuntu5.2) ...
#21 25.72 Setting up libperl5.34:amd64 (5.34.0-3ubuntu1.3) ...
#21 25.75 Setting up dconf-service (0.40.0-3) ...
#21 25.77 Setting up perl (5.34.0-3ubuntu1.3) ...
#21 25.82 Setting up python3-gi (3.42.1-0ubuntu1) ...
#21 25.97 Setting up libdpkg-perl (1.21.1ubuntu2.3) ...
#21 25.99 Setting up libcups2:amd64 (2.4.1op1-1ubuntu4.11) ...
#21 26.02 Setting up networkd-dispatcher (2.1-2ubuntu0.22.04.2) ...
#21 26.14 Created symlink /etc/systemd/system/multi-user.target.wants/networkd-dispatcher.service  /lib/systemd/system/networkd-dispatcher.service.
#21 26.15 Setting up dconf-gsettings-backend:amd64 (0.40.0-3) ...
#21 26.18 Setting up libfile-fcntllock-perl (0.22-3build7) ...
#21 26.21 Setting up pkg-config (0.29.2-1ubuntu3) ...
#21 26.28 Setting up gsettings-desktop-schemas (42.0-1ubuntu1) ...
#21 26.31 Processing triggers for libglib2.0-0:amd64 (2.72.4-0ubuntu2.4) ...
#21 26.35 Processing triggers for libc-bin (2.35-0ubuntu3.8) ...
#21 26.40 Setting up at-spi2-core (2.44.0-3) ...
#21 DONE 26.7s

#22 [test 10/11] RUN set -xu && 	cd /root/oko/backend && 	cargo test; exit 0
#22 0.378 + cd /root/oko/backend
#22 0.378 + cargo test
#22 0.484  Downloading crates ...
#22 0.836   Downloaded adler2 v2.0.0
#22 0.893   Downloaded bzip2 v0.4.4
#22 0.922   Downloaded darling_macro v0.13.4
#22 0.928   Downloaded ident_case v1.0.1
#22 0.930   Downloaded try-lock v0.2.5
#22 0.938   Downloaded strong v0.3.4
#22 0.942   Downloaded sync_wrapper v0.1.2
#22 0.943   Downloaded want v0.3.1
#22 0.948   Downloaded base64 v0.13.1
#22 0.957   Downloaded dirs-sys v0.3.7
#22 0.961   Downloaded dirs v3.0.2
#22 0.962   Downloaded darling v0.13.4
#22 0.971   Downloaded hyper-tls v0.5.0
#22 0.973   Downloaded rustls-pemfile v1.0.4
#22 0.979   Downloaded strsim v0.10.0
#22 0.984   Downloaded serde_with_macros v1.5.2
#22 0.986   Downloaded http-body v0.4.6
#22 0.991   Downloaded crc32fast v1.4.2
#22 0.998   Downloaded time v0.1.45
#22 1.009   Downloaded darling_core v0.13.4
#22 1.020   Downloaded zip v0.5.13
#22 1.028   Downloaded miniz_oxide v0.8.0
#22 1.033   Downloaded base64 v0.21.7
#22 1.042   Downloaded ipnet v2.10.1
#22 1.045   Downloaded itertools v0.10.5
#22 1.055   Downloaded serde_with v1.14.0
#22 1.066   Downloaded h2 v0.3.26
#22 1.083   Downloaded reqwest v0.11.27
#22 1.099   Downloaded hyper v0.14.31
#22 1.110   Downloaded http v0.2.12
#22 1.116   Downloaded syn v1.0.109
#22 1.129   Downloaded flate2 v1.0.35
#22 1.139   Downloaded playwright v0.0.20
#22 1.159   Downloaded bzip2-sys v0.1.11+1.0.8
#22 1.173   Downloaded encoding_rs v0.8.35
#22 1.313    Compiling bitflags v2.6.0
#22 1.316    Compiling futures-util v0.3.31
#22 1.317    Compiling openssl-sys v0.9.104
#22 1.319    Compiling foreign-types-shared v0.1.1
#22 1.319    Compiling openssl v0.10.68
#22 1.321    Compiling openssl-macros v0.1.1
#22 1.321    Compiling native-tls v0.2.12
#22 1.325    Compiling openssl-probe v0.1.5
#22 1.331    Compiling idna v1.0.3
#22 1.336    Compiling rustix v0.38.42
#22 1.340    Compiling tokio-stream v0.1.17
#22 1.344    Compiling http v0.2.12
#22 1.345    Compiling linux-raw-sys v0.4.14
#22 1.347    Compiling syn v1.0.109
#22 1.350    Compiling flume v0.11.1
#22 1.377    Compiling foreign-types v0.3.2
#22 1.414    Compiling tokio-util v0.7.13
#22 1.452    Compiling try-lock v0.2.5
#22 1.517    Compiling fastrand v2.3.0
#22 1.535    Compiling want v0.3.1
#22 1.548    Compiling ident_case v1.0.1
#22 1.596    Compiling strsim v0.10.0
#22 1.647    Compiling bzip2-sys v0.1.11+1.0.8
#22 1.659    Compiling base64 v0.21.7
#22 1.682    Compiling encoding_rs v0.8.35
#22 1.717    Compiling adler2 v2.0.0
#22 1.809    Compiling url v2.5.4
#22 1.821    Compiling ipnet v2.10.1
#22 1.932    Compiling sync_wrapper v0.1.2
#22 1.955    Compiling miniz_oxide v0.8.0
#22 2.010    Compiling rustls-pemfile v1.0.4
#22 2.094    Compiling crc32fast v1.4.2
#22 2.153    Compiling dirs-sys v0.3.7
#22 2.180    Compiling time v0.1.45
#22 2.195    Compiling itertools v0.10.5
#22 2.250    Compiling strong v0.3.4
#22 2.273    Compiling base64 v0.13.1
#22 2.440    Compiling http-body v0.4.6
#22 2.449    Compiling dirs v3.0.2
#22 2.532    Compiling flate2 v1.0.35
#22 3.032    Compiling bzip2 v0.4.4
#22 3.162    Compiling zip v0.5.13
#22 3.534    Compiling tempfile v3.14.0
#22 3.977    Compiling futures-executor v0.3.31
#22 3.977    Compiling sqlx-core v0.8.2
#22 3.977    Compiling h2 v0.3.26
#22 4.038    Compiling http-body-util v0.1.2
#22 4.038    Compiling hyper v1.5.1
#22 4.040    Compiling tower v0.5.2
#22 4.158    Compiling futures v0.3.31
#22 4.282    Compiling axum-core v0.4.5
#22 4.463    Compiling tower-http v0.6.2
#22 4.632    Compiling darling_core v0.13.4
#22 4.859    Compiling hyper-util v0.1.10
#22 6.075    Compiling darling_macro v0.13.4
#22 6.144    Compiling tungstenite v0.24.0
#22 6.144    Compiling tokio-native-tls v0.3.1
#22 6.393    Compiling tower-sessions-core v0.13.0
#22 6.393    Compiling tower-cookies v0.10.0
#22 6.393    Compiling axum-embed v0.1.0
#22 6.467    Compiling sqlx-sqlite v0.8.2
#22 6.838    Compiling tokio-tungstenite v0.24.0
#22 6.920    Compiling darling v0.13.4
#22 6.966    Compiling serde_with_macros v1.5.2
#22 7.002    Compiling tower-sessions-memory-store v0.13.0
#22 7.114    Compiling axum v0.7.9
#22 7.114    Compiling ws-utils v0.0.0 (/root/oko/backend/utils/ws-utils)
#22 7.129    Compiling tower-sessions v0.13.0
#22 7.827    Compiling serde_with v1.14.0
#22 8.035    Compiling hyper v0.14.31
#22 8.238    Compiling sqlx-macros-core v0.8.2
#22 9.273    Compiling sqlx-macros v0.8.2
#22 10.25    Compiling axum-login v0.16.0
#22 10.35    Compiling hyper-tls v0.5.0
#22 10.46    Compiling reqwest v0.11.27
#22 10.90    Compiling sqlx v0.8.2
#22 10.96    Compiling tower-sessions-sqlx-store v0.14.2
#22 11.32    Compiling oko v0.1.2 (/root/oko/backend)
#22 11.82    Compiling playwright v0.0.20
#22 28.41     Finished `test` profile [unoptimized + debuginfo] target(s) in 28.00s
#22 28.44      Running unittests src/lib.rs (target/debug/deps/oko-07c82b928d3a393e)
#22 28.44 
#22 28.44 running 28 tests
#22 28.87 test db::camera::tests::get_using_ip ... ok
#22 28.87 test db::camera::tests::get ... ok
#22 28.87 test db::camera::tests::create ... ok
#22 28.90 test db::camera::tests::update ... ok
#22 28.91 test db::camera::tests::delete ... ok
#22 28.94 test db::camera::tests::list_accessible_to_user ... ok
#22 28.94 test db::camera_setting::tests::get ... ok
#22 28.94 test db::camera_permission::tests::list_for_camera_with_username ... ok
#22 28.94 test db::camera_permission::tests::get ... ok
#22 28.94 test db::camera_permission::tests::list_for_camera ... ok
#22 28.95 test db::camera_permission::tests::update ... ok
#22 28.96 test db::camera_permission::tests::delete ... ok
#22 28.98 test db::camera_setting::tests::update ... ok
#22 28.98 test db::camera_permission::tests::create ... ok
#22 28.98 test db::camera_setting::tests::create ... ok
#22 28.98 test db::camera_setting::tests::delete ... ok
#22 29.02 test db::user::tests::create_existing ... ok
#22 29.05 test db::user::tests::create ... ok
#22 29.05 test db::user::tests::get ... ok
#22 29.06 test db::user::tests::delete ... ok
#22 29.06 test db::user::tests::get_using_username ... ok
#22 29.08 test db::user::tests::to_redacted_clone ... ok
#22 29.12 test db::user::tests::update ... ok
#22 29.12 test db::video::tests::list_for_camera ... ok
#22 29.12 test db::video::tests::get ... ok
#22 29.18 test db::video::tests::delete ... ok
#22 29.18 test db::video::tests::update ... ok
#22 29.19 test db::video::tests::create ... ok
#22 29.19 
#22 29.19 test result: ok. 28 passed; 0 failed; 0 ignored; 0 measured; 0 filtered out; finished in 0.51s
#22 29.19 
#22 29.19      Running unittests src/main.rs (target/debug/deps/oko-13b09a8f75ca55e6)
#22 29.19 
#22 29.19 running 0 tests
#22 29.19 
#22 29.19 test result: ok. 0 passed; 0 failed; 0 ignored; 0 measured; 0 filtered out; finished in 0.00s
#22 29.19 
#22 29.19      Running tests/api.rs (target/debug/deps/api-6237c0663de291ee)
#22 29.19 
#22 29.19 running 0 tests
#22 29.19 
#22 29.19 test result: ok. 0 passed; 0 failed; 0 ignored; 0 measured; 0 filtered out; finished in 0.00s
#22 29.19 
#22 29.19      Running tests/app.rs (target/debug/deps/app-ea0acbeb6ae336a8)
#22 29.19 
#22 29.19 running 0 tests
#22 29.19 
#22 29.19 test result: ok. 0 passed; 0 failed; 0 ignored; 0 measured; 0 filtered out; finished in 0.00s
#22 29.19 
#22 29.19      Running tests/db.rs (target/debug/deps/db-cf395a4adede822c)
#22 29.20 
#22 29.20 running 2 tests
#22 29.41 test user_on_delete ... ok
#22 29.43 test camera_on_delete ... ok
#22 29.43 
#22 29.43 test result: ok. 2 passed; 0 failed; 0 ignored; 0 measured; 0 filtered out; finished in 0.23s
#22 29.43 
#22 29.43      Running tests/utils.rs (target/debug/deps/utils-746b119b2fa42b62)
#22 29.43 
#22 29.43 running 0 tests
#22 29.43 
#22 29.43 test result: ok. 0 passed; 0 failed; 0 ignored; 0 measured; 0 filtered out; finished in 0.00s
#22 29.43 
#22 29.43      Running tests/web.rs (target/debug/deps/web-30f027e0f8f401f7)
#22 29.51 
#22 29.51 running 10 tests
#22 35.13 
#22 38.50 chromium v878941 downloaded to /root/.cache/ms-playwright/chromium-878941
#22 38.80 
#22 38.86 ffmpeg v1005 downloaded to /root/.cache/ms-playwright/ffmpeg-1005
#22 39.92 test camera_user_can_view ... ok
#22 40.79 test record ... FAILED
#22 40.79 test multi_camera_record ... FAILED
#22 40.80 test download_video ... FAILED
#22 41.47 test home_redirect ... ok
#22 42.11 test home_feeds ... ok
#22 42.16 test login_and_logout ... ok
#22 42.25 test live_feed ... ok
#22 42.59 test camera_add_remove ... ok
#22 42.69 test camera_user_permission_updates ... ok
#22 42.69 
#22 42.69 failures:
#22 42.69 
#22 42.69 ---- record stdout ----
#22 42.69 Error: InitializationError
#22 42.69 
#22 42.69 ---- multi_camera_record stdout ----
#22 42.69 Error: InitializationError
#22 42.69 
#22 42.69 ---- download_video stdout ----
#22 42.69 Error: InitializationError
#22 42.69 
#22 42.69 
#22 42.69 failures:
#22 42.69     download_video
#22 42.69     multi_camera_record
#22 42.69     record
#22 42.69 
#22 42.69 test result: FAILED. 7 passed; 3 failed; 0 ignored; 0 measured; 0 filtered out; finished in 13.19s
#22 42.69 
#22 42.72 error: test failed, to rerun pass `--test web`
#22 42.72 + exit 0
#22 DONE 43.1s

#23 [test 11/11] RUN set -xeu && 	cd /root/oko/backend && 	cargo test
#23 0.372 + cd /root/oko/backend
#23 0.372 + cargo test
#23 0.579     Finished `test` profile [unoptimized + debuginfo] target(s) in 0.17s
#23 0.593      Running unittests src/lib.rs (target/debug/deps/oko-07c82b928d3a393e)
#23 0.595 
#23 0.595 running 28 tests
#23 0.817 test db::camera::tests::get ... ok
#23 0.817 test db::camera::tests::get_using_ip ... ok
#23 0.846 test db::camera::tests::create ... ok
#23 0.847 test db::camera::tests::delete ... ok
#23 0.851 test db::camera::tests::update ... ok
#23 0.852 test db::camera_setting::tests::get ... ok
#23 0.871 test db::camera_permission::tests::get ... ok
#23 0.880 test db::camera::tests::list_accessible_to_user ... ok
#23 0.880 test db::camera_permission::tests::list_for_camera ... ok
#23 0.880 test db::camera_permission::tests::list_for_camera_with_username ... ok
#23 0.897 test db::camera_permission::tests::delete ... ok
#23 0.910 test db::camera_setting::tests::update ... ok
#23 0.915 test db::camera_setting::tests::create ... ok
#23 0.920 test db::camera_permission::tests::update ... ok
#23 0.921 test db::camera_permission::tests::create ... ok
#23 0.922 test db::camera_setting::tests::delete ... ok
#23 0.955 test db::user::tests::create_existing ... ok
#23 0.988 test db::user::tests::create ... ok
#23 0.988 test db::user::tests::get ... ok
#23 0.993 test db::user::tests::to_redacted_clone ... ok
#23 0.993 test db::user::tests::get_using_username ... ok
#23 1.016 test db::user::tests::delete ... ok
#23 1.034 test db::user::tests::update ... ok
#23 1.045 test db::video::tests::get ... ok
#23 1.059 test db::video::tests::list_for_camera ... ok
#23 1.067 test db::video::tests::create ... ok
#23 1.067 test db::video::tests::delete ... ok
#23 1.084 test db::video::tests::update ... ok
#23 1.084 
#23 1.084 test result: ok. 28 passed; 0 failed; 0 ignored; 0 measured; 0 filtered out; finished in 0.49s
#23 1.084 
#23 1.086      Running unittests src/main.rs (target/debug/deps/oko-13b09a8f75ca55e6)
#23 1.088 
#23 1.088 running 0 tests
#23 1.088 
#23 1.088 test result: ok. 0 passed; 0 failed; 0 ignored; 0 measured; 0 filtered out; finished in 0.00s
#23 1.088 
#23 1.088      Running tests/api.rs (target/debug/deps/api-6237c0663de291ee)
#23 1.090 
#23 1.090 running 0 tests
#23 1.090 
#23 1.090 test result: ok. 0 passed; 0 failed; 0 ignored; 0 measured; 0 filtered out; finished in 0.00s
#23 1.090 
#23 1.090      Running tests/app.rs (target/debug/deps/app-ea0acbeb6ae336a8)
#23 1.091 
#23 1.091 running 0 tests
#23 1.092 
#23 1.092 test result: ok. 0 passed; 0 failed; 0 ignored; 0 measured; 0 filtered out; finished in 0.00s
#23 1.092 
#23 1.092      Running tests/db.rs (target/debug/deps/db-cf395a4adede822c)
#23 1.094 
#23 1.094 running 2 tests
#23 1.267 test user_on_delete ... ok
#23 1.286 test camera_on_delete ... ok
#23 1.286 
#23 1.286 test result: ok. 2 passed; 0 failed; 0 ignored; 0 measured; 0 filtered out; finished in 0.19s
#23 1.286 
#23 1.286      Running tests/utils.rs (target/debug/deps/utils-746b119b2fa42b62)
#23 1.288 
#23 1.288 running 0 tests
#23 1.288 
#23 1.288 test result: ok. 0 passed; 0 failed; 0 ignored; 0 measured; 0 filtered out; finished in 0.00s
#23 1.288 
#23 1.289      Running tests/web.rs (target/debug/deps/web-30f027e0f8f401f7)
#23 1.307 
#23 1.307 running 10 tests
#23 2.677 test home_redirect ... ok
#23 3.362 test home_feeds ... ok
#23 3.427 test camera_user_can_view ... ok
#23 3.869 test camera_add_remove ... ok
#23 4.025 test camera_user_permission_updates ... ok
#23 4.273 test login_and_logout ... ok
#23 4.335 test multi_camera_record ... ok
#23 4.464 test live_feed ... ok
#23 5.048 test download_video ... ok
#23 5.258 test record ... ok
#23 5.258 
#23 5.258 test result: ok. 10 passed; 0 failed; 0 ignored; 0 measured; 0 filtered out; finished in 3.95s
#23 5.258 
#23 5.273    Doc-tests oko
#23 5.485 
#23 5.485 running 0 tests
#23 5.485 
#23 5.485 test result: ok. 0 passed; 0 failed; 0 ignored; 0 measured; 0 filtered out; finished in 0.00s
#23 5.485 
#23 DONE 5.5s

#24 exporting to image
#24 exporting layers
#24 exporting layers 2.7s done
#24 writing image sha256:d4f3889d450d36d145dd9be447c92eed08353b3eafd9fa1a02bcafd970f86993 done
#24 DONE 2.7s
