#0 building with "default" instance using docker driver

#1 [internal] load build definition from ubuntu-22.04-opencv-full-build.Dockerfile
#1 transferring dockerfile: 5.52kB 0.0s done
#1 DONE 0.1s

#2 [internal] load metadata for docker.io/library/ubuntu:22.04
#2 DONE 0.0s

#3 [internal] load metadata for docker.io/library/node:22.12
#3 ...

#4 [auth] library/node:pull token for registry-1.docker.io
#4 DONE 0.0s

#3 [internal] load metadata for docker.io/library/node:22.12
#3 DONE 1.4s

#5 [internal] load .dockerignore
#5 transferring context: 2B 0.0s done
#5 DONE 0.1s

#6 [frontend 1/3] FROM docker.io/library/node:22.12@sha256:0e910f435308c36ea60b4cfd7b80208044d77a074d16b768a81901ce938a62dc
#6 DONE 0.0s

#7 [opencv_download 1/4] FROM docker.io/library/ubuntu:22.04
#7 DONE 0.0s

#8 [opencv_download 2/4] RUN set -xeu &&     apt-get update &&     DEBIAN_FRONTEND=noninteractive apt-get dist-upgrade -y &&     apt-get autoremove -y --purge &&     apt-get -y autoclean
#8 CACHED

#9 [backend 3/5] RUN set -xeu &&     DEBIAN_FRONTEND=noninteractive apt-get install -y clang libclang-dev cmake     libatlas-base-dev libceres-dev libeigen3-dev libva-dev     libavcodec-dev libavformat-dev libavutil-dev libswscale-dev
#9 CACHED

#10 [opencv_download 3/4] RUN set -xeu && 	DEBIAN_FRONTEND=noninteractive apt-get install -y curl
#10 CACHED

#11 [opencv_download 4/4] RUN set -xeu &&     mkdir -p /root/dist &&     curl -sSfL "https://github.com/opencv/opencv/archive/refs/tags/4.8.0.tar.gz" | tar xz -C /root/dist &&     curl -sSfL "https://github.com/opencv/opencv_contrib/archive/refs/tags/4.8.0.tar.gz" | tar xz -C /root/dist &&     sed -ri 's/Ptr<FarnebackOpticalFlow> cv::cuda::FarnebackOpticalFlow::create/Ptr<cv::cuda::FarnebackOpticalFlow> cv::cuda::FarnebackOpticalFlow::create/' "/root/dist/opencv_contrib-4.8.0/modules/cudaoptflow/src/farneback.cpp" # patch for version 4.8.0
#11 CACHED

#12 [backend 4/5] COPY --from=opencv_download /root/dist /root/dist
#12 CACHED

#13 [backend 5/5] RUN set -xeu &&     mkdir -p /root/build &&     cmake -B /root/build -S "/root/dist/opencv-4.8.0" -D OPENCV_EXTRA_MODULES_PATH="/root/dist/opencv_contrib-4.8.0/modules" -D CMAKE_INSTALL_PREFIX=/opt/opencv 		-D CMAKE_BUILD_TYPE=Release     	-D BUILD_SHARED_LIBS=OFF     	-D BUILD_JAVA=OFF     	-D BUILD_PROTOBUF=OFF 		-D OPENCV_FORCE_3RDPARTY_BUILD=ON 		-D BUILD_opencv_apps=OFF     	-D BUILD_PERF_TESTS=OFF     	-D BUILD_TESTS=OFF 		-D BUILD_LIST=core,imgcodecs,imgproc,video,videoio 		-D HIGHGUI_ENABLE_PLUGINS=OFF     	-D OPENCV_ENABLE_NONFREE=ON     	-D WITH_1394=OFF     	-D WITH_ADE=OFF     	-D WITH_FFMPEG=ON 		-D WITH_FLATBUFFERS=OFF 		-D WITH_FREETYPE=OFF     	-D WITH_GIGEAPI=OFF     	-D WITH_GSTREAMER=OFF     	-D WITH_GSTREAMER_0_10=OFF     	-D WITH_GTK=OFF     	-D WITH_GTK_2_X=OFF     	-D WITH_IMGCODEC_HDcR=OFF 		-D WITH_IMGCODEC_HDR=OFF     	-D WITH_IMGCODEC_PXM=OFF 		-D WITH_IMGCODEC_PFM=OFF     	-D WITH_IMGCODEC_SUNRASTER=OFF     	-D WITH_INF_ENGINE=OFF     	-D WITH_ITT=OFF     	-D WITH_LAPACK=OFF     	-D WITH_LIBV4L=OFF     	-D WITH_MATLAB=OFF     	-D WITH_NVCUVID=OFF     	-D WITH_OPENCL=OFF     	-D WITH_OPENCLAMDBLAS=OFF     	-D WITH_OPENCLAMDFFT=OFF     	-D WITH_OPENEXR=OFF 		-D WITH_OBSENSOR=OFF     	-D WITH_PROTOBUF=OFF 		-D WITH_TESSERACT=OFF     	-D WITH_TIFF=OFF     	-D WITH_UNICAP=OFF     	-D WITH_V4L=OFF     	-D WITH_VTK=OFF     	-D WITH_WEBP=OFF &&     make -C /root/build -j`nproc` install
#13 1.212 + mkdir -p /root/build
#13 1.266 + cmake -B /root/build -S /root/dist/opencv-4.8.0 -D OPENCV_EXTRA_MODULES_PATH=/root/dist/opencv_contrib-4.8.0/modules -D CMAKE_INSTALL_PREFIX=/opt/opencv -D CMAKE_BUILD_TYPE=Release -D BUILD_SHARED_LIBS=OFF -D BUILD_JAVA=OFF -D BUILD_PROTOBUF=OFF -D OPENCV_FORCE_3RDPARTY_BUILD=ON -D BUILD_opencv_apps=OFF -D BUILD_PERF_TESTS=OFF -D BUILD_TESTS=OFF -D BUILD_LIST=core,imgcodecs,imgproc,video,videoio -D HIGHGUI_ENABLE_PLUGINS=OFF -D OPENCV_ENABLE_NONFREE=ON -D WITH_1394=OFF -D WITH_ADE=OFF -D WITH_FFMPEG=ON -D WITH_FLATBUFFERS=OFF -D WITH_FREETYPE=OFF -D WITH_GIGEAPI=OFF -D WITH_GSTREAMER=OFF -D WITH_GSTREAMER_0_10=OFF -D WITH_GTK=OFF -D WITH_GTK_2_X=OFF -D WITH_IMGCODEC_HDcR=OFF -D WITH_IMGCODEC_HDR=OFF -D WITH_IMGCODEC_PXM=OFF -D WITH_IMGCODEC_PFM=OFF -D WITH_IMGCODEC_SUNRASTER=OFF -D WITH_INF_ENGINE=OFF -D WITH_ITT=OFF -D WITH_LAPACK=OFF -D WITH_LIBV4L=OFF -D WITH_MATLAB=OFF -D WITH_NVCUVID=OFF -D WITH_OPENCL=OFF -D WITH_OPENCLAMDBLAS=OFF -D WITH_OPENCLAMDFFT=OFF -D WITH_OPENEXR=OFF -D WITH_OBSENSOR=OFF -D WITH_PROTOBUF=OFF -D WITH_TESSERACT=OFF -D WITH_TIFF=OFF -D WITH_UNICAP=OFF -D WITH_V4L=OFF -D WITH_VTK=OFF -D WITH_WEBP=OFF
#13 5.458 -- The CXX compiler identification is Clang 14.0.0
#13 6.110 -- The C compiler identification is GNU 11.4.0
#13 6.196 -- Detecting CXX compiler ABI info
#13 6.364 -- Detecting CXX compiler ABI info - done
#13 6.369 -- Check for working CXX compiler: /usr/bin/c++ - skipped
#13 6.370 -- Detecting CXX compile features
#13 6.375 -- Detecting CXX compile features - done
#13 6.390 -- Detecting C compiler ABI info
#13 6.484 -- Detecting C compiler ABI info - done
#13 6.490 -- Check for working C compiler: /usr/bin/cc - skipped
#13 6.490 -- Detecting C compile features
#13 6.491 -- Detecting C compile features - done
#13 6.502 -- ocv_init_download: OpenCV source tree is not fetched as git repository. 3rdparty resources will be downloaded from github.com by default.
#13 6.505 -- Detected processor: x86_64
#13 6.562 -- Could NOT find PythonInterp (missing: PYTHON_EXECUTABLE) (Required is at least version "2.7")
#13 6.779 -- Found PythonInterp: /usr/bin/python3 (found suitable version "3.10.12", minimum required is "3.2") 
#13 6.875 -- Could NOT find PythonLibs (missing: PYTHON_LIBRARIES PYTHON_INCLUDE_DIRS) (Required is exact version "3.10.12")
#13 6.919 Traceback (most recent call last):
#13 6.919   File "<string>", line 1, in <module>
#13 6.924 ModuleNotFoundError: No module named 'numpy'
#13 6.934 -- Looking for ccache - not found
#13 6.934 -- Performing Test HAVE_CXX_FSIGNED_CHAR
#13 7.138 -- Performing Test HAVE_CXX_FSIGNED_CHAR - Success
#13 7.138 -- Performing Test HAVE_C_FSIGNED_CHAR
#13 7.264 -- Performing Test HAVE_C_FSIGNED_CHAR - Success
#13 7.264 -- Performing Test HAVE_CXX_W
#13 7.366 -- Performing Test HAVE_CXX_W - Success
#13 7.366 -- Performing Test HAVE_C_W
#13 7.427 -- Performing Test HAVE_C_W - Success
#13 7.427 -- Performing Test HAVE_CXX_WALL
#13 7.547 -- Performing Test HAVE_CXX_WALL - Success
#13 7.547 -- Performing Test HAVE_C_WALL
#13 7.597 -- Performing Test HAVE_C_WALL - Success
#13 7.598 -- Performing Test HAVE_CXX_WRETURN_TYPE
#13 7.708 -- Performing Test HAVE_CXX_WRETURN_TYPE - Success
#13 7.708 -- Performing Test HAVE_C_WRETURN_TYPE
#13 7.762 -- Performing Test HAVE_C_WRETURN_TYPE - Success
#13 7.763 -- Performing Test HAVE_CXX_WNON_VIRTUAL_DTOR
#13 7.868 -- Performing Test HAVE_CXX_WNON_VIRTUAL_DTOR - Success
#13 7.868 -- Performing Test HAVE_C_WNON_VIRTUAL_DTOR
#13 7.918 -- Performing Test HAVE_C_WNON_VIRTUAL_DTOR - Failed
#13 7.918 -- Performing Test HAVE_CXX_WADDRESS
#13 8.023 -- Performing Test HAVE_CXX_WADDRESS - Success
#13 8.024 -- Performing Test HAVE_C_WADDRESS
#13 8.078 -- Performing Test HAVE_C_WADDRESS - Success
#13 8.078 -- Performing Test HAVE_CXX_WSEQUENCE_POINT
#13 8.184 -- Performing Test HAVE_CXX_WSEQUENCE_POINT - Success
#13 8.184 -- Performing Test HAVE_C_WSEQUENCE_POINT
#13 8.233 -- Performing Test HAVE_C_WSEQUENCE_POINT - Success
#13 8.233 -- Performing Test HAVE_CXX_WFORMAT
#13 8.331 -- Performing Test HAVE_CXX_WFORMAT - Success
#13 8.331 -- Performing Test HAVE_C_WFORMAT
#13 8.380 -- Performing Test HAVE_C_WFORMAT - Success
#13 8.381 -- Performing Test HAVE_CXX_WFORMAT_SECURITY
#13 8.487 -- Performing Test HAVE_CXX_WFORMAT_SECURITY - Success
#13 8.487 -- Performing Test HAVE_C_WFORMAT_SECURITY
#13 8.535 -- Performing Test HAVE_C_WFORMAT_SECURITY - Success
#13 8.535 -- Performing Test HAVE_CXX_WMISSING_DECLARATIONS
#13 8.642 -- Performing Test HAVE_CXX_WMISSING_DECLARATIONS - Success
#13 8.642 -- Performing Test HAVE_C_WMISSING_DECLARATIONS
#13 8.693 -- Performing Test HAVE_C_WMISSING_DECLARATIONS - Success
#13 8.694 -- Performing Test HAVE_CXX_WMISSING_PROTOTYPES
#13 8.810 -- Performing Test HAVE_CXX_WMISSING_PROTOTYPES - Success
#13 8.810 -- Performing Test HAVE_C_WMISSING_PROTOTYPES
#13 8.877 -- Performing Test HAVE_C_WMISSING_PROTOTYPES - Success
#13 8.877 -- Performing Test HAVE_CXX_WSTRICT_PROTOTYPES
#13 8.995 -- Performing Test HAVE_CXX_WSTRICT_PROTOTYPES - Success
#13 8.995 -- Performing Test HAVE_C_WSTRICT_PROTOTYPES
#13 9.057 -- Performing Test HAVE_C_WSTRICT_PROTOTYPES - Success
#13 9.057 -- Performing Test HAVE_CXX_WUNDEF
#13 9.167 -- Performing Test HAVE_CXX_WUNDEF - Success
#13 9.167 -- Performing Test HAVE_C_WUNDEF
#13 9.220 -- Performing Test HAVE_C_WUNDEF - Success
#13 9.220 -- Performing Test HAVE_CXX_WINIT_SELF
#13 9.325 -- Performing Test HAVE_CXX_WINIT_SELF - Success
#13 9.326 -- Performing Test HAVE_C_WINIT_SELF
#13 9.375 -- Performing Test HAVE_C_WINIT_SELF - Success
#13 9.375 -- Performing Test HAVE_CXX_WPOINTER_ARITH
#13 9.487 -- Performing Test HAVE_CXX_WPOINTER_ARITH - Success
#13 9.487 -- Performing Test HAVE_C_WPOINTER_ARITH
#13 9.542 -- Performing Test HAVE_C_WPOINTER_ARITH - Success
#13 9.542 -- Performing Test HAVE_CXX_WSHADOW
#13 9.653 -- Performing Test HAVE_CXX_WSHADOW - Success
#13 9.653 -- Performing Test HAVE_C_WSHADOW
#13 9.704 -- Performing Test HAVE_C_WSHADOW - Success
#13 9.704 -- Performing Test HAVE_CXX_WSIGN_PROMO
#13 9.810 -- Performing Test HAVE_CXX_WSIGN_PROMO - Success
#13 9.810 -- Performing Test HAVE_C_WSIGN_PROMO
#13 9.858 -- Performing Test HAVE_C_WSIGN_PROMO - Failed
#13 9.859 -- Performing Test HAVE_CXX_WUNINITIALIZED
#13 9.966 -- Performing Test HAVE_CXX_WUNINITIALIZED - Success
#13 9.966 -- Performing Test HAVE_C_WUNINITIALIZED
#13 10.02 -- Performing Test HAVE_C_WUNINITIALIZED - Success
#13 10.02 -- Performing Test HAVE_CXX_WINCONSISTENT_MISSING_OVERRIDE
#13 10.13 -- Performing Test HAVE_CXX_WINCONSISTENT_MISSING_OVERRIDE - Success
#13 10.13 -- Performing Test HAVE_C_WINCONSISTENT_MISSING_OVERRIDE
#13 10.15 -- Performing Test HAVE_C_WINCONSISTENT_MISSING_OVERRIDE - Failed
#13 10.15 -- Performing Test HAVE_CXX_WNO_DELETE_NON_VIRTUAL_DTOR
#13 10.28 -- Performing Test HAVE_CXX_WNO_DELETE_NON_VIRTUAL_DTOR - Success
#13 10.28 -- Performing Test HAVE_C_WNO_DELETE_NON_VIRTUAL_DTOR
#13 10.34 -- Performing Test HAVE_C_WNO_DELETE_NON_VIRTUAL_DTOR - Failed
#13 10.34 -- Performing Test HAVE_CXX_WNO_UNNAMED_TYPE_TEMPLATE_ARGS
#13 10.46 -- Performing Test HAVE_CXX_WNO_UNNAMED_TYPE_TEMPLATE_ARGS - Success
#13 10.46 -- Performing Test HAVE_C_WNO_UNNAMED_TYPE_TEMPLATE_ARGS
#13 10.52 -- Performing Test HAVE_C_WNO_UNNAMED_TYPE_TEMPLATE_ARGS - Failed
#13 10.52 -- Performing Test HAVE_CXX_WNO_COMMENT
#13 10.64 -- Performing Test HAVE_CXX_WNO_COMMENT - Success
#13 10.64 -- Performing Test HAVE_C_WNO_COMMENT
#13 10.69 -- Performing Test HAVE_C_WNO_COMMENT - Success
#13 10.69 -- Performing Test HAVE_CXX_WNO_DEPRECATED_ENUM_ENUM_CONVERSION
#13 10.79 -- Performing Test HAVE_CXX_WNO_DEPRECATED_ENUM_ENUM_CONVERSION - Success
#13 10.80 -- Performing Test HAVE_C_WNO_DEPRECATED_ENUM_ENUM_CONVERSION
#13 10.85 -- Performing Test HAVE_C_WNO_DEPRECATED_ENUM_ENUM_CONVERSION - Failed
#13 10.85 -- Performing Test HAVE_CXX_WNO_DEPRECATED_ANON_ENUM_ENUM_CONVERSION
#13 10.94 -- Performing Test HAVE_CXX_WNO_DEPRECATED_ANON_ENUM_ENUM_CONVERSION - Success
#13 10.94 -- Performing Test HAVE_C_WNO_DEPRECATED_ANON_ENUM_ENUM_CONVERSION
#13 11.00 -- Performing Test HAVE_C_WNO_DEPRECATED_ANON_ENUM_ENUM_CONVERSION - Failed
#13 11.00 -- Performing Test HAVE_CXX_FDIAGNOSTICS_SHOW_OPTION
#13 11.11 -- Performing Test HAVE_CXX_FDIAGNOSTICS_SHOW_OPTION - Success
#13 11.11 -- Performing Test HAVE_C_FDIAGNOSTICS_SHOW_OPTION
#13 11.16 -- Performing Test HAVE_C_FDIAGNOSTICS_SHOW_OPTION - Success
#13 11.16 -- Performing Test HAVE_CXX_WNO_LONG_LONG
#13 11.27 -- Performing Test HAVE_CXX_WNO_LONG_LONG - Success
#13 11.27 -- Performing Test HAVE_C_WNO_LONG_LONG
#13 11.32 -- Performing Test HAVE_C_WNO_LONG_LONG - Success
#13 11.32 -- Performing Test HAVE_CXX_PTHREAD
#13 11.42 -- Performing Test HAVE_CXX_PTHREAD - Success
#13 11.42 -- Performing Test HAVE_C_PTHREAD
#13 11.47 -- Performing Test HAVE_C_PTHREAD - Success
#13 11.47 -- Performing Test HAVE_CXX_QUNUSED_ARGUMENTS
#13 11.57 -- Performing Test HAVE_CXX_QUNUSED_ARGUMENTS - Success
#13 11.57 -- Performing Test HAVE_C_QUNUSED_ARGUMENTS
#13 11.59 -- Performing Test HAVE_C_QUNUSED_ARGUMENTS - Failed
#13 11.59 -- Performing Test HAVE_CXX_FFUNCTION_SECTIONS
#13 11.69 -- Performing Test HAVE_CXX_FFUNCTION_SECTIONS - Success
#13 11.69 -- Performing Test HAVE_C_FFUNCTION_SECTIONS
#13 11.74 -- Performing Test HAVE_C_FFUNCTION_SECTIONS - Success
#13 11.74 -- Performing Test HAVE_CXX_FDATA_SECTIONS
#13 11.84 -- Performing Test HAVE_CXX_FDATA_SECTIONS - Success
#13 11.84 -- Performing Test HAVE_C_FDATA_SECTIONS
#13 11.89 -- Performing Test HAVE_C_FDATA_SECTIONS - Success
#13 11.89 -- Performing Test HAVE_CXX_MSSE (check file: cmake/checks/cpu_sse.cpp)
#13 12.23 -- Performing Test HAVE_CXX_MSSE - Success
#13 12.23 -- Performing Test HAVE_CXX_MSSE2 (check file: cmake/checks/cpu_sse2.cpp)
#13 12.36 -- Performing Test HAVE_CXX_MSSE2 - Success
#13 12.36 -- Performing Test HAVE_CXX_MSSE3 (check file: cmake/checks/cpu_sse3.cpp)
#13 12.50 -- Performing Test HAVE_CXX_MSSE3 - Success
#13 12.50 -- Performing Test HAVE_CXX_MSSSE3 (check file: cmake/checks/cpu_ssse3.cpp)
#13 12.64 -- Performing Test HAVE_CXX_MSSSE3 - Success
#13 12.64 -- Performing Test HAVE_CXX_MSSE4_1 (check file: cmake/checks/cpu_sse41.cpp)
#13 12.81 -- Performing Test HAVE_CXX_MSSE4_1 - Success
#13 12.81 -- Performing Test HAVE_CXX_MPOPCNT (check file: cmake/checks/cpu_popcnt.cpp)
#13 12.91 -- Performing Test HAVE_CXX_MPOPCNT - Success
#13 12.91 -- Performing Test HAVE_CXX_MSSE4_2 (check file: cmake/checks/cpu_sse42.cpp)
#13 13.04 -- Performing Test HAVE_CXX_MSSE4_2 - Success
#13 13.04 -- Performing Test HAVE_CXX_MF16C (check file: cmake/checks/cpu_fp16.cpp)
#13 13.73 -- Performing Test HAVE_CXX_MF16C - Success
#13 13.73 -- Performing Test HAVE_CXX_MFMA
#13 13.83 -- Performing Test HAVE_CXX_MFMA - Success
#13 13.83 -- Performing Test HAVE_CXX_MAVX (check file: cmake/checks/cpu_avx.cpp)
#13 14.18 -- Performing Test HAVE_CXX_MAVX - Success
#13 14.18 -- Performing Test HAVE_CXX_MAVX2 (check file: cmake/checks/cpu_avx2.cpp)
#13 14.53 -- Performing Test HAVE_CXX_MAVX2 - Success
#13 14.53 -- Performing Test HAVE_CXX_MAVX512F (check file: cmake/checks/cpu_avx512.cpp)
#13 14.87 -- Performing Test HAVE_CXX_MAVX512F - Success
#13 14.87 -- Performing Test HAVE_CXX_MAVX512F_MAVX512CD (check file: cmake/checks/cpu_avx512common.cpp)
#13 15.21 -- Performing Test HAVE_CXX_MAVX512F_MAVX512CD - Success
#13 15.21 -- Performing Test HAVE_CXX_MAVX512F_MAVX512CD_MAVX512VL_MAVX512BW_MAVX512DQ (check file: cmake/checks/cpu_avx512skx.cpp)
#13 15.56 -- Performing Test HAVE_CXX_MAVX512F_MAVX512CD_MAVX512VL_MAVX512BW_MAVX512DQ - Success
#13 15.56 -- Performing Test HAVE_CPU_BASELINE_FLAGS
#13 15.65 -- Performing Test HAVE_CPU_BASELINE_FLAGS - Success
#13 15.65 -- Performing Test HAVE_CPU_DISPATCH_FLAGS_SSE4_1
#13 15.75 -- Performing Test HAVE_CPU_DISPATCH_FLAGS_SSE4_1 - Success
#13 15.75 -- Performing Test HAVE_CPU_DISPATCH_FLAGS_SSE4_2
#13 15.88 -- Performing Test HAVE_CPU_DISPATCH_FLAGS_SSE4_2 - Success
#13 15.88 -- Performing Test HAVE_CPU_DISPATCH_FLAGS_FP16
#13 15.98 -- Performing Test HAVE_CPU_DISPATCH_FLAGS_FP16 - Success
#13 15.99 -- Performing Test HAVE_CPU_DISPATCH_FLAGS_AVX
#13 16.08 -- Performing Test HAVE_CPU_DISPATCH_FLAGS_AVX - Success
#13 16.08 -- Performing Test HAVE_CPU_DISPATCH_FLAGS_AVX2
#13 16.19 -- Performing Test HAVE_CPU_DISPATCH_FLAGS_AVX2 - Success
#13 16.19 -- Performing Test HAVE_CPU_DISPATCH_FLAGS_AVX512_SKX
#13 16.30 -- Performing Test HAVE_CPU_DISPATCH_FLAGS_AVX512_SKX - Success
#13 16.30 -- Performing Test HAVE_CXX_FVISIBILITY_HIDDEN
#13 16.41 -- Performing Test HAVE_CXX_FVISIBILITY_HIDDEN - Success
#13 16.41 -- Performing Test HAVE_C_FVISIBILITY_HIDDEN
#13 16.46 -- Performing Test HAVE_C_FVISIBILITY_HIDDEN - Success
#13 16.46 -- Performing Test HAVE_CXX_FVISIBILITY_INLINES_HIDDEN
#13 16.56 -- Performing Test HAVE_CXX_FVISIBILITY_INLINES_HIDDEN - Success
#13 16.56 -- Performing Test HAVE_C_FVISIBILITY_INLINES_HIDDEN
#13 16.61 -- Performing Test HAVE_C_FVISIBILITY_INLINES_HIDDEN - Failed
#13 16.61 -- Performing Test HAVE_LINK_AS_NEEDED
#13 16.69 -- Performing Test HAVE_LINK_AS_NEEDED - Success
#13 16.69 -- Performing Test HAVE_LINK_NO_UNDEFINED
#13 16.79 -- Performing Test HAVE_LINK_NO_UNDEFINED - Success
#13 16.87 -- Looking for pthread.h
#13 16.98 -- Looking for pthread.h - found
#13 16.99 -- Looking for posix_memalign
#13 17.08 -- Looking for posix_memalign - found
#13 17.08 -- Looking for malloc.h
#13 17.15 -- Looking for malloc.h - found
#13 17.15 -- Looking for memalign
#13 17.22 -- Looking for memalign - found
#13 17.27 -- Looking for fseeko
#13 17.32 -- Looking for fseeko - found
#13 17.32 -- Looking for unistd.h
#13 17.41 -- Looking for unistd.h - found
#13 17.41 -- Looking for sys/types.h
#13 17.47 -- Looking for sys/types.h - found
#13 17.47 -- Looking for stdint.h
#13 17.55 -- Looking for stdint.h - found
#13 17.55 -- Looking for stddef.h
#13 17.60 -- Looking for stddef.h - found
#13 17.60 -- Check size of off64_t
#13 17.64 -- Check size of off64_t - failed
#13 17.64 -- Performing Test HAVE_C_WNO_SHORTEN_64_TO_32
#13 17.70 -- Performing Test HAVE_C_WNO_SHORTEN_64_TO_32 - Failed
#13 17.70 -- Performing Test HAVE_C_WNO_ATTRIBUTES
#13 17.76 -- Performing Test HAVE_C_WNO_ATTRIBUTES - Success
#13 17.76 -- Performing Test HAVE_C_WNO_STRICT_PROTOTYPES
#13 17.82 -- Performing Test HAVE_C_WNO_STRICT_PROTOTYPES - Success
#13 17.82 -- Performing Test HAVE_C_WNO_MISSING_PROTOTYPES
#13 17.87 -- Performing Test HAVE_C_WNO_MISSING_PROTOTYPES - Success
#13 17.87 -- Performing Test HAVE_C_WNO_MISSING_DECLARATIONS
#13 17.92 -- Performing Test HAVE_C_WNO_MISSING_DECLARATIONS - Success
#13 17.92 -- Performing Test HAVE_C_WNO_SHIFT_NEGATIVE_VALUE
#13 17.98 -- Performing Test HAVE_C_WNO_SHIFT_NEGATIVE_VALUE - Success
#13 17.98 -- Performing Test HAVE_C_WNO_UNDEF
#13 18.03 -- Performing Test HAVE_C_WNO_UNDEF - Success
#13 18.03 -- Performing Test HAVE_C_WNO_IMPLICIT_FALLTHROUGH
#13 18.09 -- Performing Test HAVE_C_WNO_IMPLICIT_FALLTHROUGH - Success
#13 18.10 -- Performing Test HAVE_C_WNO_UNUSED_PARAMETER
#13 18.15 -- Performing Test HAVE_C_WNO_UNUSED_PARAMETER - Success
#13 18.15 -- Performing Test HAVE_C_WNO_SIGN_COMPARE
#13 18.20 -- Performing Test HAVE_C_WNO_SIGN_COMPARE - Success
#13 18.20 -- libjpeg-turbo: VERSION = 2.1.3, BUILD = opencv-4.8.0-libjpeg-turbo
#13 18.21 -- Check size of size_t
#13 18.27 -- Check size of size_t - done
#13 18.27 -- Check size of unsigned long
#13 18.33 -- Check size of unsigned long - done
#13 18.33 -- Performing Test HAVE_BUILTIN_CTZL
#13 18.38 -- Performing Test HAVE_BUILTIN_CTZL - Success
#13 18.39 -- Looking for include file locale.h
#13 18.45 -- Looking for include file locale.h - found
#13 18.45 -- Looking for include file stdlib.h
#13 18.51 -- Looking for include file stdlib.h - found
#13 18.52 -- Looking for include file sys/types.h
#13 18.58 -- Looking for include file sys/types.h - found
#13 18.60 -- Looking for a ASM_NASM compiler
#13 18.64 -- Looking for a ASM_NASM compiler - NOTFOUND
#13 18.64 -- libjpeg-turbo(SIMD): SIMD extensions disabled: could not find NASM compiler.  Performance will suffer.
#13 18.64 -- Could NOT find OpenJPEG (minimal suitable version: 2.0, recommended version >= 2.3.1). OpenJPEG will be built from sources
#13 18.64 -- Performing Test HAVE_C_WNO_IMPLICIT_CONST_INT_FLOAT_CONVERSION
#13 18.70 -- Performing Test HAVE_C_WNO_IMPLICIT_CONST_INT_FLOAT_CONVERSION - Failed
#13 18.70 -- Performing Test HAVE_C_WNO_UNUSED_BUT_SET_VARIABLE
#13 18.75 -- Performing Test HAVE_C_WNO_UNUSED_BUT_SET_VARIABLE - Success
#13 18.75 -- OpenJPEG: VERSION = 2.5.0, BUILD = opencv-4.8.0-openjp2-2.5.0
#13 18.76 -- Looking for string.h
#13 18.82 -- Looking for string.h - found
#13 18.82 -- Looking for memory.h
#13 18.88 -- Looking for memory.h - found
#13 18.88 -- Looking for stdio.h
#13 18.93 -- Looking for stdio.h - found
#13 18.93 -- Looking for math.h
#13 19.02 -- Looking for math.h - found
#13 19.02 -- Looking for float.h
#13 19.08 -- Looking for float.h - found
#13 19.08 -- Looking for time.h
#13 19.14 -- Looking for time.h - found
#13 19.14 -- Looking for stdarg.h
#13 19.19 -- Looking for stdarg.h - found
#13 19.20 -- Looking for ctype.h
#13 19.25 -- Looking for ctype.h - found
#13 19.25 -- Looking for assert.h
#13 19.31 -- Looking for assert.h - found
#13 19.31 -- Looking for stdint.h
#13 19.36 -- Looking for stdint.h - found
#13 19.36 -- Looking for inttypes.h
#13 19.43 -- Looking for inttypes.h - found
#13 19.43 -- Looking for strings.h
#13 19.49 -- Looking for strings.h - found
#13 19.49 -- Looking for sys/stat.h
#13 19.55 -- Looking for sys/stat.h - found
#13 19.55 -- Looking for unistd.h
#13 19.61 -- Looking for unistd.h - found
#13 19.61 -- Looking for include file malloc.h
#13 19.66 -- Looking for include file malloc.h - found
#13 19.66 -- Looking for _aligned_malloc
#13 19.69 -- Looking for _aligned_malloc - not found
#13 19.69 -- Looking for posix_memalign
#13 19.75 -- Looking for posix_memalign - found
#13 19.75 -- Looking for memalign
#13 19.81 -- Looking for memalign - found
#13 19.82 -- Performing Test HAVE_C_WNO_CAST_FUNCTION_TYPE
#13 19.88 -- Performing Test HAVE_C_WNO_CAST_FUNCTION_TYPE - Success
#13 19.88 -- Performing Test HAVE_C_WNO_SHADOW
#13 19.93 -- Performing Test HAVE_C_WNO_SHADOW - Success
#13 19.93 -- Performing Test HAVE_C_WNO_UNUSED_FUNCTION
#13 19.99 -- Performing Test HAVE_C_WNO_UNUSED_FUNCTION - Success
#13 20.12 -- OpenJPEG libraries will be built from sources: libopenjp2 (version "2.5.0")
#13 20.13 -- Performing Test HAVE_C_WNO_CAST_ALIGN
#13 20.17 -- Performing Test HAVE_C_WNO_CAST_ALIGN - Success
#13 20.18 -- Performing Test HAVE_C_WNO_MAYBE_UNINITIALIZED
#13 20.23 -- Performing Test HAVE_C_WNO_MAYBE_UNINITIALIZED - Success
#13 20.23 -- Performing Test HAVE_C_WNO_NULL_POINTER_SUBTRACTION
#13 20.28 -- Performing Test HAVE_C_WNO_NULL_POINTER_SUBTRACTION - Failed
#13 20.32 -- IPPICV: Downloading ippicv_2021.8_lnx_intel64_20230330_general.tgz from https://raw.githubusercontent.com/opencv/opencv_3rdparty/1224f78da6684df04397ac0f40c961ed37f79ccb/ippicv/ippicv_2021.8_lnx_intel64_20230330_general.tgz
#13 21.82 -- found Intel IPP (ICV version): 2021.8.0 [2021.8]
#13 21.82 -- at: /root/build/3rdparty/ippicv/ippicv_lnx/icv
#13 21.82 -- found Intel IPP Integration Wrappers sources: 2021.8.0
#13 21.82 -- at: /root/build/3rdparty/ippicv/ippicv_lnx/iw
#13 21.95 -- Performing Test HAVE_C_WNO_UNUSED_VARIABLE
#13 22.01 -- Performing Test HAVE_C_WNO_UNUSED_VARIABLE - Success
#13 22.31 -- Checking for modules 'libavcodec;libavformat;libavutil;libswscale'
#13 22.36 --   Found libavcodec, version 58.134.100
#13 22.37 --   Found libavformat, version 58.76.100
#13 22.37 --   Found libavutil, version 56.70.100
#13 22.38 --   Found libswscale, version 5.9.100
#13 22.40 -- Checking for module 'libavresample'
#13 22.40 --   No package 'libavresample' found
#13 24.40 -- Performing Test HAVE_CXX_WNO_UNDEF
#13 24.49 -- Performing Test HAVE_CXX_WNO_UNDEF - Success
#13 24.64 -- Performing Test HAVE_CXX_WNO_INCONSISTENT_MISSING_OVERRIDE
#13 24.73 -- Performing Test HAVE_CXX_WNO_INCONSISTENT_MISSING_OVERRIDE - Success
#13 24.82 -- Checking for module 'freetype2'
#13 24.82 --   No package 'freetype2' found
#13 24.82 -- Checking for module 'harfbuzz'
#13 24.82 --   No package 'harfbuzz' found
#13 24.82 -- freetype2:   NO
#13 24.82 -- harfbuzz:    NO
#13 24.90 -- Could NOT find HDF5 (missing: HDF5_LIBRARIES HDF5_INCLUDE_DIRS) (found version "")
#13 24.96 -- Julia not found. Not compiling Julia Bindings. 
#13 25.01 -- Module opencv_ovis disabled because OGRE3D was not found
#13 25.86 -- Checking SFM glog/gflags deps... TRUE
#13 26.04 -- Using whitelist: opencv_core;opencv_imgcodecs;opencv_imgproc;opencv_video;opencv_videoio
#13 26.04 -- Module opencv_calib3d disabled by whitelist
#13 26.04 -- Module opencv_dnn disabled by whitelist
#13 26.04 -- Module opencv_features2d disabled by whitelist
#13 26.04 -- Module opencv_flann disabled by whitelist
#13 26.04 -- Module opencv_highgui disabled by whitelist
#13 26.04 -- Module opencv_java_bindings_generator disabled by whitelist
#13 26.04 -- Module opencv_js_bindings_generator disabled by whitelist
#13 26.04 -- Module opencv_ml disabled by whitelist
#13 26.05 -- Module opencv_objc_bindings_generator disabled by whitelist
#13 26.05 -- Module opencv_objdetect disabled by whitelist
#13 26.05 -- Module opencv_photo disabled by whitelist
#13 26.05 -- Module opencv_python_bindings_generator disabled by whitelist
#13 26.05 -- Module opencv_python_tests disabled by whitelist
#13 26.05 -- Module opencv_stitching disabled by whitelist
#13 26.05 -- Module opencv_alphamat disabled by whitelist
#13 26.05 -- Module opencv_aruco disabled by whitelist
#13 26.05 -- Module opencv_bgsegm disabled by whitelist
#13 26.05 -- Module opencv_bioinspired disabled by whitelist
#13 26.05 -- Module opencv_ccalib disabled by whitelist
#13 26.05 -- Module opencv_datasets disabled by whitelist
#13 26.05 -- Module opencv_dnn_objdetect disabled by whitelist
#13 26.05 -- Module opencv_dnn_superres disabled by whitelist
#13 26.05 -- Module opencv_dpm disabled by whitelist
#13 26.05 -- Module opencv_face disabled by whitelist
#13 26.05 -- Module opencv_fuzzy disabled by whitelist
#13 26.05 -- Module opencv_hfs disabled by whitelist
#13 26.05 -- Module opencv_img_hash disabled by whitelist
#13 26.05 -- Module opencv_intensity_transform disabled by whitelist
#13 26.05 -- Module opencv_line_descriptor disabled by whitelist
#13 26.05 -- Module opencv_mcc disabled by whitelist
#13 26.05 -- Module opencv_optflow disabled by whitelist
#13 26.05 -- Module opencv_phase_unwrapping disabled by whitelist
#13 26.05 -- Module opencv_plot disabled by whitelist
#13 26.05 -- Module opencv_quality disabled by whitelist
#13 26.05 -- Module opencv_rapid disabled by whitelist
#13 26.05 -- Module opencv_reg disabled by whitelist
#13 26.05 -- Module opencv_rgbd disabled by whitelist
#13 26.05 -- Module opencv_saliency disabled by whitelist
#13 26.05 -- Module opencv_sfm disabled by whitelist
#13 26.05 -- Module opencv_shape disabled by whitelist
#13 26.05 -- Module opencv_stereo disabled by whitelist
#13 26.05 -- Module opencv_structured_light disabled by whitelist
#13 26.05 -- Module opencv_superres disabled by whitelist
#13 26.05 -- Module opencv_surface_matching disabled by whitelist
#13 26.05 -- Module opencv_text disabled by whitelist
#13 26.05 -- Module opencv_tracking disabled by whitelist
#13 26.05 -- Module opencv_videostab disabled by whitelist
#13 26.05 -- Module opencv_wechat_qrcode disabled by whitelist
#13 26.05 -- Module opencv_xfeatures2d disabled by whitelist
#13 26.05 -- Module opencv_ximgproc disabled by whitelist
#13 26.05 -- Module opencv_xobjdetect disabled by whitelist
#13 26.05 -- Module opencv_xphoto disabled by whitelist
#13 26.17 -- Allocator metrics storage type: 'long long'
#13 26.21 -- Excluding from source files list: modules/imgproc/src/imgwarp.lasx.cpp
#13 26.21 -- Excluding from source files list: modules/imgproc/src/resize.lasx.cpp
#13 26.30 -- Performing Test HAVE_CXX_WNO_DEPRECATED_DECLARATIONS
#13 26.38 -- Performing Test HAVE_CXX_WNO_DEPRECATED_DECLARATIONS - Success
#13 26.53 -- 
#13 26.53 -- General configuration for OpenCV 4.8.0 =====================================
#13 26.53 --   Version control:               unknown
#13 26.53 -- 
#13 26.53 --   Extra modules:
#13 26.53 --     Location (extra):            /root/dist/opencv_contrib-4.8.0/modules
#13 26.53 --     Version control (extra):     unknown
#13 26.53 -- 
#13 26.53 --   Platform:
#13 26.53 --     Timestamp:                   2024-12-27T15:51:30Z
#13 26.53 --     Host:                        Linux 5.15.167.4-microsoft-standard-WSL2 x86_64
#13 26.53 --     CMake:                       3.22.1
#13 26.53 --     CMake generator:             Unix Makefiles
#13 26.53 --     CMake build tool:            /usr/bin/gmake
#13 26.53 --     Configuration:               Release
#13 26.53 -- 
#13 26.53 --   CPU/HW features:
#13 26.53 --     Baseline:                    SSE SSE2 SSE3
#13 26.53 --       requested:                 SSE3
#13 26.53 --     Dispatched code generation:  SSE4_1 SSE4_2 FP16 AVX AVX2 AVX512_SKX
#13 26.53 --       requested:                 SSE4_1 SSE4_2 AVX FP16 AVX2 AVX512_SKX
#13 26.53 --       SSE4_1 (13 files):         + SSSE3 SSE4_1
#13 26.53 --       SSE4_2 (1 files):          + SSSE3 SSE4_1 POPCNT SSE4_2
#13 26.53 --       FP16 (0 files):            + SSSE3 SSE4_1 POPCNT SSE4_2 FP16 AVX
#13 26.53 --       AVX (3 files):             + SSSE3 SSE4_1 POPCNT SSE4_2 AVX
#13 26.53 --       AVX2 (25 files):           + SSSE3 SSE4_1 POPCNT SSE4_2 FP16 FMA3 AVX AVX2
#13 26.53 --       AVX512_SKX (2 files):      + SSSE3 SSE4_1 POPCNT SSE4_2 FP16 FMA3 AVX AVX2 AVX_512F AVX512_COMMON AVX512_SKX
#13 26.53 -- 
#13 26.53 --   C/C++:
#13 26.53 --     Built as dynamic libs?:      NO
#13 26.53 --     C++ standard:                11
#13 26.53 --     C++ Compiler:                /usr/bin/c++  (ver 14.0.0)
#13 26.53 --     C++ flags (Release):         -fsigned-char -W -Wall -Wreturn-type -Wnon-virtual-dtor -Waddress -Wsequence-point -Wformat -Wformat-security -Wmissing-declarations -Wmissing-prototypes -Wstrict-prototypes -Wundef -Winit-self -Wpointer-arith -Wshadow -Wsign-promo -Wuninitialized -Winconsistent-missing-override -Wno-delete-non-virtual-dtor -Wno-unnamed-type-template-args -Wno-comment -Wno-deprecated-enum-enum-conversion -Wno-deprecated-anon-enum-enum-conversion -fdiagnostics-show-option -Wno-long-long -pthread -Qunused-arguments -ffunction-sections -fdata-sections  -msse -msse2 -msse3 -fvisibility=hidden -fvisibility-inlines-hidden -O3 -DNDEBUG  -DNDEBUG
#13 26.54 --     C++ flags (Debug):           -fsigned-char -W -Wall -Wreturn-type -Wnon-virtual-dtor -Waddress -Wsequence-point -Wformat -Wformat-security -Wmissing-declarations -Wmissing-prototypes -Wstrict-prototypes -Wundef -Winit-self -Wpointer-arith -Wshadow -Wsign-promo -Wuninitialized -Winconsistent-missing-override -Wno-delete-non-virtual-dtor -Wno-unnamed-type-template-args -Wno-comment -Wno-deprecated-enum-enum-conversion -Wno-deprecated-anon-enum-enum-conversion -fdiagnostics-show-option -Wno-long-long -pthread -Qunused-arguments -ffunction-sections -fdata-sections  -msse -msse2 -msse3 -fvisibility=hidden -fvisibility-inlines-hidden -g  -O0 -DDEBUG -D_DEBUG
#13 26.54 --     C Compiler:                  /usr/bin/cc
#13 26.54 --     C flags (Release):           -fsigned-char -W -Wall -Wreturn-type -Waddress -Wsequence-point -Wformat -Wformat-security -Wmissing-declarations -Wmissing-prototypes -Wstrict-prototypes -Wundef -Winit-self -Wpointer-arith -Wshadow -Wuninitialized -Wno-comment -fdiagnostics-show-option -Wno-long-long -pthread -ffunction-sections -fdata-sections  -msse -msse2 -msse3 -fvisibility=hidden -O3 -DNDEBUG  -DNDEBUG
#13 26.54 --     C flags (Debug):             -fsigned-char -W -Wall -Wreturn-type -Waddress -Wsequence-point -Wformat -Wformat-security -Wmissing-declarations -Wmissing-prototypes -Wstrict-prototypes -Wundef -Winit-self -Wpointer-arith -Wshadow -Wuninitialized -Wno-comment -fdiagnostics-show-option -Wno-long-long -pthread -ffunction-sections -fdata-sections  -msse -msse2 -msse3 -fvisibility=hidden -g  -O0 -DDEBUG -D_DEBUG
#13 26.54 --     Linker flags (Release):      -Wl,--exclude-libs,libippicv.a -Wl,--exclude-libs,libippiw.a   -Wl,--gc-sections -Wl,--as-needed -Wl,--no-undefined  
#13 26.54 --     Linker flags (Debug):        -Wl,--exclude-libs,libippicv.a -Wl,--exclude-libs,libippiw.a   -Wl,--gc-sections -Wl,--as-needed -Wl,--no-undefined  
#13 26.54 --     ccache:                      NO
#13 26.54 --     Precompiled headers:         NO
#13 26.54 --     Extra dependencies:          va va-drm dl m pthread rt
#13 26.54 --     3rdparty dependencies:       libjpeg-turbo libpng libopenjp2 zlib ippiw ippicv
#13 26.54 -- 
#13 26.54 --   OpenCV modules:
#13 26.54 --     To be built:                 core imgcodecs imgproc video videoio
#13 26.54 --     Disabled:                    world
#13 26.54 --     Disabled by dependency:      alphamat aruco bgsegm bioinspired calib3d ccalib datasets dnn dnn_objdetect dnn_superres dpm face features2d flann fuzzy hfs highgui img_hash intensity_transform java_bindings_generator js_bindings_generator line_descriptor mcc ml objc_bindings_generator objdetect optflow phase_unwrapping photo plot python_bindings_generator python_tests quality rapid reg rgbd saliency sfm shape stereo stitching structured_light superres surface_matching text tracking videostab wechat_qrcode xfeatures2d ximgproc xobjdetect xphoto
#13 26.54 --     Unavailable:                 cudaarithm cudabgsegm cudacodec cudafeatures2d cudafilters cudaimgproc cudalegacy cudaobjdetect cudaoptflow cudastereo cudawarping cudev cvv freetype gapi hdf java julia matlab ovis python2 python3 ts viz
#13 26.54 --     Applications:                -
#13 26.54 --     Documentation:               NO
#13 26.54 --     Non-free algorithms:         YES
#13 26.54 -- 
#13 26.54 --   GUI: 
#13 26.54 -- 
#13 26.54 --   Media I/O: 
#13 26.54 --     ZLib:                        build (ver 1.2.13)
#13 26.54 --     JPEG:                        build-libjpeg-turbo (ver 2.1.3-62)
#13 26.54 --       SIMD Support Request:      YES
#13 26.54 --       SIMD Support:              NO
#13 26.54 --     PNG:                         build (ver 1.6.37)
#13 26.54 --     JPEG 2000:                   build (ver 2.5.0)
#13 26.54 --     HDR:                         NO
#13 26.54 --     SUNRASTER:                   NO
#13 26.54 --     PXM:                         NO
#13 26.54 --     PFM:                         NO
#13 26.54 -- 
#13 26.54 --   Video I/O:
#13 26.54 --     FFMPEG:                      YES
#13 26.54 --       avcodec:                   YES (58.134.100)
#13 26.54 --       avformat:                  YES (58.76.100)
#13 26.54 --       avutil:                    YES (56.70.100)
#13 26.54 --       swscale:                   YES (5.9.100)
#13 26.54 --       avresample:                NO
#13 26.54 -- 
#13 26.54 --   Parallel framework:            pthreads
#13 26.54 -- 
#13 26.54 --   Trace:                         YES (built-in)
#13 26.54 -- 
#13 26.54 --   Other third-party libraries:
#13 26.54 --     Intel IPP:                   2021.8 [2021.8.0]
#13 26.54 --            at:                   /root/build/3rdparty/ippicv/ippicv_lnx/icv
#13 26.54 --     Intel IPP IW:                sources (2021.8.0)
#13 26.54 --               at:                /root/build/3rdparty/ippicv/ippicv_lnx/iw
#13 26.54 --     VA:                          YES
#13 26.54 --     Eigen:                       YES (ver 3.4.0)
#13 26.54 --     Custom HAL:                  NO
#13 26.54 -- 
#13 26.55 --   Python (for build):            /usr/bin/python3
#13 26.55 -- 
#13 26.55 --   Install to:                    /opt/opencv
#13 26.55 -- -----------------------------------------------------------------
#13 26.55 -- 
#13 26.74 -- Configuring done
#13 27.02 -- Generating done
#13 27.03 -- Build files have been written to: /root/build
#13 27.06 + nproc
#13 27.07 + make -C /root/build -j16 install
#13 27.07 make: Entering directory '/root/build'
#13 27.10 make[1]: Entering directory '/root/build'
#13 27.10 make[2]: Entering directory '/root/build'
#13 27.10 make[2]: Entering directory '/root/build'
#13 27.10 make[2]: Entering directory '/root/build'
#13 27.10 make[2]: Entering directory '/root/build'
#13 27.10 make[2]: Entering directory '/root/build'
#13 27.10 make[2]: Entering directory '/root/build'
#13 27.10 make[2]: Leaving directory '/root/build'
#13 27.10 make[2]: Leaving directory '/root/build'
#13 27.10 make[2]: Leaving directory '/root/build'
#13 27.10 make[2]: Leaving directory '/root/build'
#13 27.10 make[2]: Leaving directory '/root/build'
#13 27.11 make[2]: Leaving directory '/root/build'
#13 27.11 make[2]: Entering directory '/root/build'
#13 27.11 make[2]: Entering directory '/root/build'
#13 27.11 make[2]: Entering directory '/root/build'
#13 27.11 make[2]: Entering directory '/root/build'
#13 27.11 [  0%] Built target opencv_videoio_plugins
#13 27.11 [  0%] Building C object 3rdparty/ippiw/CMakeFiles/ippiw.dir/src/iw_core.c.o
#13 27.11 [  0%] Built target opencv_dnn_plugins
#13 27.11 [  1%] Building C object 3rdparty/libjpeg-turbo/CMakeFiles/jsimd.dir/src/jsimd_none.c.o
#13 27.11 [  1%] Building C object 3rdparty/ippiw/CMakeFiles/ippiw.dir/src/iw_image_color_convert_all.c.o
#13 27.11 [  1%] Building C object 3rdparty/ippiw/CMakeFiles/ippiw.dir/src/iw_image_filter_canny.c.o
#13 27.11 [  1%] Building C object 3rdparty/ippiw/CMakeFiles/ippiw.dir/src/iw_image_color_convert_rgbs.c.o
#13 27.11 [  2%] Building C object 3rdparty/ippiw/CMakeFiles/ippiw.dir/src/iw_image_filter_bilateral.c.o
#13 27.11 [  2%] Building C object 3rdparty/ippiw/CMakeFiles/ippiw.dir/src/iw_image_filter_gaussian.c.o
#13 27.11 [  3%] Building C object 3rdparty/ippiw/CMakeFiles/ippiw.dir/src/iw_image_filter_laplacian.c.o
#13 27.11 [  3%] Building C object 3rdparty/ippiw/CMakeFiles/ippiw.dir/src/iw_image_filter_general.c.o
#13 27.11 [  3%] Building C object 3rdparty/ippiw/CMakeFiles/ippiw.dir/src/iw_image_filter_box.c.o
#13 27.11 [  3%] Building C object 3rdparty/ippiw/CMakeFiles/ippiw.dir/src/iw_image_filter_morphology.c.o
#13 27.11 [  3%] Building C object 3rdparty/ippiw/CMakeFiles/ippiw.dir/src/iw_image.c.o
#13 27.12 [  4%] Building C object 3rdparty/openjpeg/openjp2/CMakeFiles/libopenjp2.dir/thread.c.o
#13 27.12 [  4%] Building C object 3rdparty/zlib/CMakeFiles/zlib.dir/adler32.c.o
#13 27.12 [  4%] Building C object 3rdparty/ippiw/CMakeFiles/ippiw.dir/src/iw_image_filter_scharr.c.o
#13 27.12 [  4%] Building C object 3rdparty/zlib/CMakeFiles/zlib.dir/compress.c.o
#13 27.22 make[2]: Leaving directory '/root/build'
#13 27.22 [  4%] Building C object 3rdparty/ippiw/CMakeFiles/ippiw.dir/src/iw_image_op_copy.c.o
#13 27.22 [  5%] Building C object 3rdparty/ippiw/CMakeFiles/ippiw.dir/src/iw_image_filter_sobel.c.o
#13 27.23 [  5%] Built target jsimd
#13 27.23 make[2]: Entering directory '/root/build'
#13 27.23 [  5%] Building C object 3rdparty/zlib/CMakeFiles/zlib.dir/crc32.c.o
#13 27.23 [  5%] Building C object 3rdparty/ippiw/CMakeFiles/ippiw.dir/src/iw_image_op_copy_channel.c.o
#13 27.23 [  5%] Building C object 3rdparty/ippiw/CMakeFiles/ippiw.dir/src/iw_image_op_copy_make_border.c.o
#13 27.24 make[2]: Leaving directory '/root/build'
#13 27.24 make[2]: Entering directory '/root/build'
#13 27.25 [  6%] Building C object 3rdparty/zlib/CMakeFiles/zlib.dir/deflate.c.o
#13 27.26 [  6%] Building C object 3rdparty/libjpeg-turbo/CMakeFiles/libjpeg-turbo.dir/src/jcapimin.c.o
#13 27.26 [  6%] Building C object 3rdparty/zlib/CMakeFiles/zlib.dir/gzclose.c.o
#13 27.28 [  6%] Building C object 3rdparty/zlib/CMakeFiles/zlib.dir/gzlib.c.o
#13 27.29 [  6%] Building C object 3rdparty/zlib/CMakeFiles/zlib.dir/gzread.c.o
#13 27.29 [  7%] Building C object 3rdparty/ippiw/CMakeFiles/ippiw.dir/src/iw_image_op_copy_merge.c.o
#13 27.30 [  7%] Building C object 3rdparty/ippiw/CMakeFiles/ippiw.dir/src/iw_image_op_copy_split.c.o
#13 27.34 [  7%] Building C object 3rdparty/ippiw/CMakeFiles/ippiw.dir/src/iw_image_op_scale.c.o
#13 27.34 [  8%] Building C object 3rdparty/ippiw/CMakeFiles/ippiw.dir/src/iw_image_op_set.c.o
#13 27.34 [  8%] Building C object 3rdparty/ippiw/CMakeFiles/ippiw.dir/src/iw_image_op_set_channel.c.o
#13 27.35 [  8%] Building C object 3rdparty/libjpeg-turbo/CMakeFiles/libjpeg-turbo.dir/src/jcapistd.c.o
#13 27.35 [  8%] Building C object 3rdparty/libjpeg-turbo/CMakeFiles/libjpeg-turbo.dir/src/jccoefct.c.o
#13 27.37 [  9%] Building C object 3rdparty/zlib/CMakeFiles/zlib.dir/gzwrite.c.o
#13 27.38 [  9%] Building C object 3rdparty/ippiw/CMakeFiles/ippiw.dir/src/iw_image_op_swap_channels.c.o
#13 27.42 [  9%] Building C object 3rdparty/zlib/CMakeFiles/zlib.dir/inflate.c.o
#13 27.42 [  9%] Building C object 3rdparty/ippiw/CMakeFiles/ippiw.dir/src/iw_image_transform_mirror.c.o
#13 27.42 [  9%] Building C object 3rdparty/openjpeg/openjp2/CMakeFiles/libopenjp2.dir/bio.c.o
#13 27.43 [ 10%] Building C object 3rdparty/libjpeg-turbo/CMakeFiles/libjpeg-turbo.dir/src/jccolor.c.o
#13 27.45 [ 10%] Building C object 3rdparty/zlib/CMakeFiles/zlib.dir/infback.c.o
#13 27.46 [ 10%] Building C object 3rdparty/libjpeg-turbo/CMakeFiles/libjpeg-turbo.dir/src/jcdctmgr.c.o
#13 27.46 [ 10%] Building C object 3rdparty/libjpeg-turbo/CMakeFiles/libjpeg-turbo.dir/src/jchuff.c.o
#13 27.49 [ 10%] Building C object 3rdparty/ippiw/CMakeFiles/ippiw.dir/src/iw_image_transform_resize.c.o
#13 27.52 [ 11%] Building C object 3rdparty/ippiw/CMakeFiles/ippiw.dir/src/iw_image_transform_rotate.c.o
#13 27.52 [ 11%] Building C object 3rdparty/zlib/CMakeFiles/zlib.dir/inftrees.c.o
#13 27.54 [ 11%] Building C object 3rdparty/libjpeg-turbo/CMakeFiles/libjpeg-turbo.dir/src/jcicc.c.o
#13 27.54 [ 11%] Building C object 3rdparty/openjpeg/openjp2/CMakeFiles/libopenjp2.dir/cio.c.o
#13 27.57 [ 11%] Building C object 3rdparty/ippiw/CMakeFiles/ippiw.dir/src/iw_image_transform_warpaffine.c.o
#13 27.58 [ 11%] Building C object 3rdparty/ippiw/CMakeFiles/ippiw.dir/src/iw_own.c.o
#13 27.59 [ 12%] Building C object 3rdparty/zlib/CMakeFiles/zlib.dir/inffast.c.o
#13 27.60 [ 12%] Building C object 3rdparty/openjpeg/openjp2/CMakeFiles/libopenjp2.dir/dwt.c.o
#13 27.60 [ 13%] Building C object 3rdparty/libjpeg-turbo/CMakeFiles/libjpeg-turbo.dir/src/jcinit.c.o
#13 27.66 [ 14%] Building C object 3rdparty/openjpeg/openjp2/CMakeFiles/libopenjp2.dir/event.c.o
#13 27.68 [ 14%] Building C object 3rdparty/libjpeg-turbo/CMakeFiles/libjpeg-turbo.dir/src/jcmainct.c.o
#13 27.69 [ 14%] Building C object 3rdparty/libjpeg-turbo/CMakeFiles/libjpeg-turbo.dir/src/jcmarker.c.o
#13 27.71 [ 14%] Building C object 3rdparty/zlib/CMakeFiles/zlib.dir/trees.c.o
#13 27.73 [ 14%] Building C object 3rdparty/zlib/CMakeFiles/zlib.dir/uncompr.c.o
#13 27.73 [ 14%] Building C object 3rdparty/libjpeg-turbo/CMakeFiles/libjpeg-turbo.dir/src/jcmaster.c.o
#13 27.74 [ 14%] Building C object 3rdparty/openjpeg/openjp2/CMakeFiles/libopenjp2.dir/ht_dec.c.o
#13 27.75 [ 14%] Building C object 3rdparty/openjpeg/openjp2/CMakeFiles/libopenjp2.dir/image.c.o
#13 27.76 [ 14%] Building C object 3rdparty/openjpeg/openjp2/CMakeFiles/libopenjp2.dir/invert.c.o
#13 27.77 [ 14%] Building C object 3rdparty/zlib/CMakeFiles/zlib.dir/zutil.c.o
#13 27.78 [ 15%] Building C object 3rdparty/openjpeg/openjp2/CMakeFiles/libopenjp2.dir/j2k.c.o
#13 27.78 [ 15%] Building C object 3rdparty/openjpeg/openjp2/CMakeFiles/libopenjp2.dir/jp2.c.o
#13 27.79 [ 16%] Building C object 3rdparty/libjpeg-turbo/CMakeFiles/libjpeg-turbo.dir/src/jcomapi.c.o
#13 27.79 [ 16%] Linking C static library ../lib/libippiw.a
#13 27.85 [ 16%] Building C object 3rdparty/libjpeg-turbo/CMakeFiles/libjpeg-turbo.dir/src/jcparam.c.o
#13 27.86 [ 16%] Building C object 3rdparty/libjpeg-turbo/CMakeFiles/libjpeg-turbo.dir/src/jcphuff.c.o
#13 27.88 [ 16%] Building C object 3rdparty/openjpeg/openjp2/CMakeFiles/libopenjp2.dir/mct.c.o
#13 27.93 [ 16%] Building C object 3rdparty/openjpeg/openjp2/CMakeFiles/libopenjp2.dir/mqc.c.o
#13 27.94 [ 16%] Building C object 3rdparty/libjpeg-turbo/CMakeFiles/libjpeg-turbo.dir/src/jcprepct.c.o
#13 27.97 make[2]: Leaving directory '/root/build'
#13 27.98 [ 17%] Building C object 3rdparty/libjpeg-turbo/CMakeFiles/libjpeg-turbo.dir/src/jcsample.c.o
#13 27.99 [ 17%] Built target ippiw
#13 28.00 [ 17%] Building C object 3rdparty/libjpeg-turbo/CMakeFiles/libjpeg-turbo.dir/src/jctrans.c.o
#13 28.06 [ 17%] Building C object 3rdparty/libjpeg-turbo/CMakeFiles/libjpeg-turbo.dir/src/jdapimin.c.o
#13 28.07 [ 17%] Building C object 3rdparty/libjpeg-turbo/CMakeFiles/libjpeg-turbo.dir/src/jdapistd.c.o
#13 28.08 [ 18%] Building C object 3rdparty/libjpeg-turbo/CMakeFiles/libjpeg-turbo.dir/src/jdatadst.c.o
#13 28.12 [ 19%] Building C object 3rdparty/openjpeg/openjp2/CMakeFiles/libopenjp2.dir/openjpeg.c.o
#13 28.13 [ 19%] Building C object 3rdparty/openjpeg/openjp2/CMakeFiles/libopenjp2.dir/opj_clock.c.o
#13 28.14 [ 19%] Building C object 3rdparty/libjpeg-turbo/CMakeFiles/libjpeg-turbo.dir/src/jdatasrc.c.o
#13 28.14 [ 19%] Building C object 3rdparty/openjpeg/openjp2/CMakeFiles/libopenjp2.dir/pi.c.o
#13 28.15 [ 19%] Building C object 3rdparty/libjpeg-turbo/CMakeFiles/libjpeg-turbo.dir/src/jdcolor.c.o
#13 28.15 [ 19%] Building C object 3rdparty/libjpeg-turbo/CMakeFiles/libjpeg-turbo.dir/src/jdcoefct.c.o
#13 28.18 [ 20%] Building C object 3rdparty/libjpeg-turbo/CMakeFiles/libjpeg-turbo.dir/src/jddctmgr.c.o
#13 28.20 [ 20%] Building C object 3rdparty/libjpeg-turbo/CMakeFiles/libjpeg-turbo.dir/src/jdhuff.c.o
#13 28.21 [ 20%] Building C object 3rdparty/openjpeg/openjp2/CMakeFiles/libopenjp2.dir/t1.c.o
#13 28.26 [ 20%] Building C object 3rdparty/libjpeg-turbo/CMakeFiles/libjpeg-turbo.dir/src/jdicc.c.o
#13 28.28 [ 20%] Building C object 3rdparty/libjpeg-turbo/CMakeFiles/libjpeg-turbo.dir/src/jdinput.c.o
#13 28.28 [ 21%] Building C object 3rdparty/libjpeg-turbo/CMakeFiles/libjpeg-turbo.dir/src/jdmainct.c.o
#13 28.33 [ 22%] Linking C static library ../lib/libzlib.a
#13 28.33 [ 22%] Building C object 3rdparty/libjpeg-turbo/CMakeFiles/libjpeg-turbo.dir/src/jdmarker.c.o
#13 28.33 [ 23%] Building C object 3rdparty/openjpeg/openjp2/CMakeFiles/libopenjp2.dir/t2.c.o
#13 28.34 [ 23%] Building C object 3rdparty/openjpeg/openjp2/CMakeFiles/libopenjp2.dir/tcd.c.o
#13 28.37 [ 23%] Building C object 3rdparty/libjpeg-turbo/CMakeFiles/libjpeg-turbo.dir/src/jdmaster.c.o
#13 28.41 [ 23%] Building C object 3rdparty/libjpeg-turbo/CMakeFiles/libjpeg-turbo.dir/src/jdmerge.c.o
#13 28.42 make[2]: Leaving directory '/root/build'
#13 28.44 [ 23%] Built target zlib
#13 28.44 [ 24%] Building C object 3rdparty/libjpeg-turbo/CMakeFiles/libjpeg-turbo.dir/src/jdphuff.c.o
#13 28.44 make[2]: Entering directory '/root/build'
#13 28.45 [ 24%] Processing OpenCL kernels (core)
#13 28.52 make[2]: Leaving directory '/root/build'
#13 28.53 make[2]: Entering directory '/root/build'
#13 28.53 [ 24%] Building C object 3rdparty/libjpeg-turbo/CMakeFiles/libjpeg-turbo.dir/src/jdpostct.c.o
#13 28.54 [ 24%] Building CXX object modules/core/CMakeFiles/opencv_core.dir/src/algorithm.cpp.o
#13 28.61 [ 24%] Building C object 3rdparty/libjpeg-turbo/CMakeFiles/libjpeg-turbo.dir/src/jdsample.c.o
#13 28.66 [ 24%] Building C object 3rdparty/libjpeg-turbo/CMakeFiles/libjpeg-turbo.dir/src/jdtrans.c.o
#13 28.68 [ 25%] Building C object 3rdparty/libjpeg-turbo/CMakeFiles/libjpeg-turbo.dir/src/jerror.c.o
#13 28.72 [ 25%] Building C object 3rdparty/libjpeg-turbo/CMakeFiles/libjpeg-turbo.dir/src/jfdctflt.c.o
#13 28.73 [ 25%] Building CXX object modules/core/CMakeFiles/opencv_core.dir/src/alloc.cpp.o
#13 28.73 [ 25%] Building C object 3rdparty/libjpeg-turbo/CMakeFiles/libjpeg-turbo.dir/src/jfdctfst.c.o
#13 28.75 [ 25%] Building C object 3rdparty/openjpeg/openjp2/CMakeFiles/libopenjp2.dir/tgt.c.o
#13 28.76 [ 25%] Building C object 3rdparty/libjpeg-turbo/CMakeFiles/libjpeg-turbo.dir/src/jfdctint.c.o
#13 28.80 [ 25%] Building C object 3rdparty/libjpeg-turbo/CMakeFiles/libjpeg-turbo.dir/src/jidctflt.c.o
#13 28.80 [ 25%] Building C object 3rdparty/openjpeg/openjp2/CMakeFiles/libopenjp2.dir/function_list.c.o
#13 28.82 [ 26%] Building C object 3rdparty/libjpeg-turbo/CMakeFiles/libjpeg-turbo.dir/src/jidctfst.c.o
#13 28.85 [ 26%] Building C object 3rdparty/libjpeg-turbo/CMakeFiles/libjpeg-turbo.dir/src/jidctint.c.o
#13 28.86 [ 26%] Building C object 3rdparty/libjpeg-turbo/CMakeFiles/libjpeg-turbo.dir/src/jidctred.c.o
#13 28.89 [ 27%] Building C object 3rdparty/libjpeg-turbo/CMakeFiles/libjpeg-turbo.dir/src/jquant1.c.o
#13 28.89 [ 27%] Building C object 3rdparty/openjpeg/openjp2/CMakeFiles/libopenjp2.dir/opj_malloc.c.o
#13 28.89 [ 28%] Building C object 3rdparty/libjpeg-turbo/CMakeFiles/libjpeg-turbo.dir/src/jquant2.c.o
#13 28.92 [ 28%] Building C object 3rdparty/libjpeg-turbo/CMakeFiles/libjpeg-turbo.dir/src/jutils.c.o
#13 28.93 [ 28%] Building C object 3rdparty/openjpeg/openjp2/CMakeFiles/libopenjp2.dir/sparse_array.c.o
#13 28.97 make[2]: Entering directory '/root/build'
#13 28.98 [ 28%] Building C object 3rdparty/libjpeg-turbo/CMakeFiles/libjpeg-turbo.dir/src/jmemmgr.c.o
#13 28.99 make[2]: Leaving directory '/root/build'
#13 28.99 make[2]: Entering directory '/root/build'
#13 28.99 [ 28%] Building C object 3rdparty/libjpeg-turbo/CMakeFiles/libjpeg-turbo.dir/src/jmemnobs.c.o
#13 29.00 [ 28%] Building C object 3rdparty/libpng/CMakeFiles/libpng.dir/png.c.o
#13 29.01 [ 29%] Building C object 3rdparty/libjpeg-turbo/CMakeFiles/libjpeg-turbo.dir/src/jaricom.c.o
#13 29.05 [ 29%] Building C object 3rdparty/libjpeg-turbo/CMakeFiles/libjpeg-turbo.dir/src/jcarith.c.o
#13 29.07 [ 29%] Building C object 3rdparty/libjpeg-turbo/CMakeFiles/libjpeg-turbo.dir/src/jdarith.c.o
#13 29.15 [ 30%] Building C object 3rdparty/libpng/CMakeFiles/libpng.dir/pngerror.c.o
#13 29.17 [ 31%] Building CXX object modules/core/CMakeFiles/opencv_core.dir/src/arithm.cpp.o
#13 29.19 [ 31%] Building CXX object modules/core/CMakeFiles/opencv_core.dir/src/arithm.dispatch.cpp.o
#13 29.29 [ 31%] Building CXX object modules/core/CMakeFiles/opencv_core.dir/src/array.cpp.o
#13 29.32 [ 31%] Building CXX object modules/core/CMakeFiles/opencv_core.dir/src/async.cpp.o
#13 29.42 [ 32%] Building CXX object modules/core/CMakeFiles/opencv_core.dir/src/batch_distance.cpp.o
#13 29.43 [ 32%] Building C object 3rdparty/libpng/CMakeFiles/libpng.dir/pngget.c.o
#13 29.44 [ 32%] Building CXX object modules/core/CMakeFiles/opencv_core.dir/src/bindings_utils.cpp.o
#13 29.54 [ 32%] Building CXX object modules/core/CMakeFiles/opencv_core.dir/src/buffer_area.cpp.o
#13 29.74 [ 32%] Building C object 3rdparty/libpng/CMakeFiles/libpng.dir/pngmem.c.o
#13 29.87 [ 32%] Building C object 3rdparty/libpng/CMakeFiles/libpng.dir/pngpread.c.o
#13 29.98 [ 33%] Building C object 3rdparty/libpng/CMakeFiles/libpng.dir/pngread.c.o
#13 30.18 [ 33%] Building CXX object modules/core/CMakeFiles/opencv_core.dir/src/channels.cpp.o
#13 30.24 [ 33%] Building C object 3rdparty/libpng/CMakeFiles/libpng.dir/pngrio.c.o
#13 30.33 [ 33%] Building C object 3rdparty/libpng/CMakeFiles/libpng.dir/pngrtran.c.o
#13 30.34 [ 34%] Building CXX object modules/core/CMakeFiles/opencv_core.dir/src/check.cpp.o
#13 30.53 [ 34%] Building CXX object modules/core/CMakeFiles/opencv_core.dir/src/command_line_parser.cpp.o
#13 30.91 [ 34%] Building C object 3rdparty/libpng/CMakeFiles/libpng.dir/pngrutil.c.o
#13 31.91 [ 34%] Building CXX object modules/core/CMakeFiles/opencv_core.dir/src/conjugate_gradient.cpp.o
#13 31.94 [ 34%] Building CXX object modules/core/CMakeFiles/opencv_core.dir/src/convert.dispatch.cpp.o
#13 32.00 [ 35%] Building C object 3rdparty/libpng/CMakeFiles/libpng.dir/pngset.c.o
#13 32.09 [ 35%] Building C object 3rdparty/libpng/CMakeFiles/libpng.dir/pngtrans.c.o
#13 32.14 [ 35%] Building CXX object modules/core/CMakeFiles/opencv_core.dir/src/convert_c.cpp.o
#13 32.38 [ 35%] Building C object 3rdparty/libpng/CMakeFiles/libpng.dir/pngwio.c.o
#13 32.43 [ 35%] Building C object 3rdparty/libpng/CMakeFiles/libpng.dir/pngwrite.c.o
#13 32.46 [ 36%] Building C object 3rdparty/libpng/CMakeFiles/libpng.dir/pngwtran.c.o
#13 32.71 [ 37%] Building CXX object modules/core/CMakeFiles/opencv_core.dir/src/convert_scale.dispatch.cpp.o
#13 32.72 [ 37%] Building CXX object modules/core/CMakeFiles/opencv_core.dir/src/copy.cpp.o
#13 32.89 [ 37%] Building C object 3rdparty/libpng/CMakeFiles/libpng.dir/pngwutil.c.o
#13 32.95 [ 37%] Building C object 3rdparty/libpng/CMakeFiles/libpng.dir/intel/intel_init.c.o
#13 32.95 [ 37%] Building CXX object modules/core/CMakeFiles/opencv_core.dir/src/count_non_zero.dispatch.cpp.o
#13 33.04 [ 37%] Building C object 3rdparty/libpng/CMakeFiles/libpng.dir/intel/filter_sse2_intrinsics.c.o
#13 33.59 [ 37%] Building CXX object modules/core/CMakeFiles/opencv_core.dir/src/cuda_gpu_mat.cpp.o
#13 33.73 [ 38%] Building CXX object modules/core/CMakeFiles/opencv_core.dir/src/cuda_gpu_mat_nd.cpp.o
#13 33.75 [ 38%] Building CXX object modules/core/CMakeFiles/opencv_core.dir/src/cuda_host_mem.cpp.o
#13 33.77 [ 38%] Building CXX object modules/core/CMakeFiles/opencv_core.dir/src/cuda_info.cpp.o
#13 33.81 [ 38%] Building CXX object modules/core/CMakeFiles/opencv_core.dir/src/cuda_stream.cpp.o
#13 33.86 [ 38%] Linking C static library ../../lib/liblibopenjp2.a
#13 33.98 [ 39%] Linking C static library ../lib/liblibpng.a
#13 33.98 make[2]: Leaving directory '/root/build'
#13 34.00 [ 39%] Built target libopenjp2
#13 34.01 [ 40%] Building CXX object modules/core/CMakeFiles/opencv_core.dir/src/datastructs.cpp.o
#13 34.08 make[2]: Leaving directory '/root/build'
#13 34.09 [ 40%] Built target libpng
#13 34.11 [ 40%] Building CXX object modules/core/CMakeFiles/opencv_core.dir/src/directx.cpp.o
#13 34.95 [ 40%] Linking C static library ../lib/liblibjpeg-turbo.a
#13 35.05 make[2]: Leaving directory '/root/build'
#13 35.07 [ 40%] Built target libjpeg-turbo
#13 35.08 [ 40%] Building CXX object modules/core/CMakeFiles/opencv_core.dir/src/downhill_simplex.cpp.o
#13 35.12 [ 40%] Building CXX object modules/core/CMakeFiles/opencv_core.dir/src/dxt.cpp.o
#13 35.34 [ 41%] Building CXX object modules/core/CMakeFiles/opencv_core.dir/src/gl_core_3_1.cpp.o
#13 35.55 [ 41%] Building CXX object modules/core/CMakeFiles/opencv_core.dir/src/glob.cpp.o
#13 36.91 [ 41%] Building CXX object modules/core/CMakeFiles/opencv_core.dir/src/hal_internal.cpp.o
#13 37.11 [ 41%] Building CXX object modules/core/CMakeFiles/opencv_core.dir/src/has_non_zero.dispatch.cpp.o
#13 37.24 [ 42%] Building CXX object modules/core/CMakeFiles/opencv_core.dir/src/kmeans.cpp.o
#13 37.30 [ 42%] Building CXX object modules/core/CMakeFiles/opencv_core.dir/src/lapack.cpp.o
#13 37.32 [ 42%] Building CXX object modules/core/CMakeFiles/opencv_core.dir/src/lda.cpp.o
#13 37.45 [ 42%] Building CXX object modules/core/CMakeFiles/opencv_core.dir/src/logger.cpp.o
#13 37.57 [ 43%] Building CXX object modules/core/CMakeFiles/opencv_core.dir/src/lpsolver.cpp.o
#13 37.58 [ 43%] Building CXX object modules/core/CMakeFiles/opencv_core.dir/src/lut.cpp.o
#13 37.95 [ 43%] Building CXX object modules/core/CMakeFiles/opencv_core.dir/src/mathfuncs.cpp.o
#13 38.19 [ 43%] Building CXX object modules/core/CMakeFiles/opencv_core.dir/src/mathfuncs_core.dispatch.cpp.o
#13 38.81 [ 44%] Building CXX object modules/core/CMakeFiles/opencv_core.dir/src/matmul.dispatch.cpp.o
#13 38.90 [ 44%] Building CXX object modules/core/CMakeFiles/opencv_core.dir/src/matrix.cpp.o
#13 39.16 [ 44%] Building CXX object modules/core/CMakeFiles/opencv_core.dir/src/matrix_c.cpp.o
#13 39.47 [ 44%] Building CXX object modules/core/CMakeFiles/opencv_core.dir/src/matrix_decomp.cpp.o
#13 40.05 [ 45%] Building CXX object modules/core/CMakeFiles/opencv_core.dir/src/matrix_expressions.cpp.o
#13 40.39 [ 45%] Building CXX object modules/core/CMakeFiles/opencv_core.dir/src/matrix_iterator.cpp.o
#13 40.54 [ 45%] Building CXX object modules/core/CMakeFiles/opencv_core.dir/src/matrix_operations.cpp.o
#13 40.70 [ 45%] Building CXX object modules/core/CMakeFiles/opencv_core.dir/src/matrix_sparse.cpp.o
#13 40.82 [ 46%] Building CXX object modules/core/CMakeFiles/opencv_core.dir/src/matrix_transform.cpp.o
#13 40.90 [ 46%] Building CXX object modules/core/CMakeFiles/opencv_core.dir/src/matrix_wrap.cpp.o
#13 41.17 [ 46%] Building CXX object modules/core/CMakeFiles/opencv_core.dir/src/mean.dispatch.cpp.o
#13 41.60 [ 46%] Building CXX object modules/core/CMakeFiles/opencv_core.dir/src/merge.dispatch.cpp.o
#13 41.70 [ 47%] Building CXX object modules/core/CMakeFiles/opencv_core.dir/src/minmax.cpp.o
#13 41.97 [ 47%] Building CXX object modules/core/CMakeFiles/opencv_core.dir/src/norm.cpp.o
#13 42.36 [ 47%] Building CXX object modules/core/CMakeFiles/opencv_core.dir/src/ocl.cpp.o
#13 42.45 [ 47%] Building CXX object modules/core/CMakeFiles/opencv_core.dir/src/opencl/runtime/opencl_clblas.cpp.o
#13 42.82 [ 48%] Building CXX object modules/core/CMakeFiles/opencv_core.dir/src/opencl/runtime/opencl_clfft.cpp.o
#13 43.33 [ 48%] Building CXX object modules/core/CMakeFiles/opencv_core.dir/src/opencl/runtime/opencl_core.cpp.o
#13 43.47 [ 48%] Building CXX object modules/core/CMakeFiles/opencv_core.dir/src/opengl.cpp.o
#13 44.39 [ 48%] Building CXX object modules/core/CMakeFiles/opencv_core.dir/src/out.cpp.o
#13 44.88 [ 49%] Building CXX object modules/core/CMakeFiles/opencv_core.dir/src/ovx.cpp.o
#13 45.14 [ 49%] Building CXX object modules/core/CMakeFiles/opencv_core.dir/src/parallel.cpp.o
#13 45.47 [ 49%] Building CXX object modules/core/CMakeFiles/opencv_core.dir/src/parallel/parallel.cpp.o
#13 45.52 [ 49%] Building CXX object modules/core/CMakeFiles/opencv_core.dir/src/parallel/parallel_openmp.cpp.o
#13 45.59 [ 50%] Building CXX object modules/core/CMakeFiles/opencv_core.dir/src/parallel/parallel_tbb.cpp.o
#13 45.76 [ 50%] Building CXX object modules/core/CMakeFiles/opencv_core.dir/src/parallel_impl.cpp.o
#13 45.84 [ 50%] Building CXX object modules/core/CMakeFiles/opencv_core.dir/src/pca.cpp.o
#13 45.94 [ 50%] Building CXX object modules/core/CMakeFiles/opencv_core.dir/src/persistence.cpp.o
#13 46.32 [ 51%] Building CXX object modules/core/CMakeFiles/opencv_core.dir/src/persistence_base64_encoding.cpp.o
#13 46.67 [ 51%] Building CXX object modules/core/CMakeFiles/opencv_core.dir/src/persistence_json.cpp.o
#13 46.76 [ 51%] Building CXX object modules/core/CMakeFiles/opencv_core.dir/src/persistence_types.cpp.o
#13 47.17 [ 51%] Building CXX object modules/core/CMakeFiles/opencv_core.dir/src/persistence_xml.cpp.o
#13 47.90 [ 52%] Building CXX object modules/core/CMakeFiles/opencv_core.dir/src/persistence_yml.cpp.o
#13 48.10 [ 52%] Building CXX object modules/core/CMakeFiles/opencv_core.dir/src/rand.cpp.o
#13 48.39 [ 52%] Building CXX object modules/core/CMakeFiles/opencv_core.dir/src/softfloat.cpp.o
#13 48.42 [ 52%] Building CXX object modules/core/CMakeFiles/opencv_core.dir/src/split.dispatch.cpp.o
#13 48.57 [ 53%] Building CXX object modules/core/CMakeFiles/opencv_core.dir/src/stat.dispatch.cpp.o
#13 49.07 [ 53%] Building CXX object modules/core/CMakeFiles/opencv_core.dir/src/stat_c.cpp.o
#13 49.12 [ 53%] Building CXX object modules/core/CMakeFiles/opencv_core.dir/src/stl.cpp.o
#13 49.82 [ 53%] Building CXX object modules/core/CMakeFiles/opencv_core.dir/src/sum.dispatch.cpp.o
#13 49.89 [ 54%] Building CXX object modules/core/CMakeFiles/opencv_core.dir/src/system.cpp.o
#13 50.16 [ 54%] Building CXX object modules/core/CMakeFiles/opencv_core.dir/src/tables.cpp.o
#13 50.40 [ 54%] Building CXX object modules/core/CMakeFiles/opencv_core.dir/src/trace.cpp.o
#13 50.89 [ 54%] Building CXX object modules/core/CMakeFiles/opencv_core.dir/src/types.cpp.o
#13 50.92 [ 54%] Building CXX object modules/core/CMakeFiles/opencv_core.dir/src/umatrix.cpp.o
#13 51.22 [ 55%] Building CXX object modules/core/CMakeFiles/opencv_core.dir/src/utils/datafile.cpp.o
#13 51.76 [ 55%] Building CXX object modules/core/CMakeFiles/opencv_core.dir/src/utils/filesystem.cpp.o
#13 51.86 [ 55%] Building CXX object modules/core/CMakeFiles/opencv_core.dir/src/utils/logtagconfigparser.cpp.o
#13 52.10 [ 55%] Building CXX object modules/core/CMakeFiles/opencv_core.dir/src/utils/logtagmanager.cpp.o
#13 52.15 [ 55%] Building CXX object modules/core/CMakeFiles/opencv_core.dir/src/va_intel.cpp.o
#13 52.15 [ 56%] Building CXX object modules/core/CMakeFiles/opencv_core.dir/src/utils/samples.cpp.o
#13 52.61 [ 56%] Building CXX object modules/core/CMakeFiles/opencv_core.dir/opencl_kernels_core.cpp.o
#13 52.67 [ 56%] Building CXX object modules/core/CMakeFiles/opencv_core.dir/arithm.sse4_1.cpp.o
#13 53.31 [ 57%] Building CXX object modules/core/CMakeFiles/opencv_core.dir/matmul.sse4_1.cpp.o
#13 53.52 [ 57%] Building CXX object modules/core/CMakeFiles/opencv_core.dir/stat.sse4_2.cpp.o
#13 53.90 [ 57%] Building CXX object modules/core/CMakeFiles/opencv_core.dir/mathfuncs_core.avx.cpp.o
#13 54.05 [ 57%] Building CXX object modules/core/CMakeFiles/opencv_core.dir/mathfuncs_core.avx2.cpp.o
#13 54.47 [ 58%] Building CXX object modules/core/CMakeFiles/opencv_core.dir/stat.avx2.cpp.o
#13 54.63 [ 58%] Building CXX object modules/core/CMakeFiles/opencv_core.dir/arithm.avx2.cpp.o
#13 55.19 [ 58%] Building CXX object modules/core/CMakeFiles/opencv_core.dir/convert.avx2.cpp.o
#13 55.35 [ 58%] Building CXX object modules/core/CMakeFiles/opencv_core.dir/convert_scale.avx2.cpp.o
#13 55.61 [ 59%] Building CXX object modules/core/CMakeFiles/opencv_core.dir/count_non_zero.avx2.cpp.o
#13 55.75 [ 59%] Building CXX object modules/core/CMakeFiles/opencv_core.dir/has_non_zero.avx2.cpp.o
#13 55.94 [ 59%] Building CXX object modules/core/CMakeFiles/opencv_core.dir/matmul.avx2.cpp.o
#13 55.94 [ 59%] Building CXX object modules/core/CMakeFiles/opencv_core.dir/mean.avx2.cpp.o
#13 56.05 [ 60%] Building CXX object modules/core/CMakeFiles/opencv_core.dir/merge.avx2.cpp.o
#13 56.69 [ 60%] Building CXX object modules/core/CMakeFiles/opencv_core.dir/split.avx2.cpp.o
#13 56.92 [ 60%] Building CXX object modules/core/CMakeFiles/opencv_core.dir/sum.avx2.cpp.o
#13 57.91 [ 60%] Building CXX object modules/core/CMakeFiles/opencv_core.dir/matmul.avx512_skx.cpp.o
#13 63.61 [ 61%] Linking CXX static library ../../lib/libopencv_core.a
#13 63.75 make[2]: Leaving directory '/root/build'
#13 63.76 [ 61%] Built target opencv_core
#13 63.76 make[2]: Entering directory '/root/build'
#13 63.77 [ 61%] Processing OpenCL kernels (imgproc)
#13 63.82 make[2]: Leaving directory '/root/build'
#13 63.82 make[2]: Entering directory '/root/build'
#13 63.83 [ 61%] Building CXX object modules/imgproc/CMakeFiles/opencv_imgproc.dir/src/bilateral_filter.dispatch.cpp.o
#13 63.83 [ 61%] Building CXX object modules/imgproc/CMakeFiles/opencv_imgproc.dir/src/blend.cpp.o
#13 63.83 [ 61%] Building CXX object modules/imgproc/CMakeFiles/opencv_imgproc.dir/src/accum.cpp.o
#13 63.83 [ 61%] Building CXX object modules/imgproc/CMakeFiles/opencv_imgproc.dir/src/accum.dispatch.cpp.o
#13 63.83 [ 62%] Building CXX object modules/imgproc/CMakeFiles/opencv_imgproc.dir/src/approx.cpp.o
#13 63.83 [ 62%] Building CXX object modules/imgproc/CMakeFiles/opencv_imgproc.dir/src/box_filter.dispatch.cpp.o
#13 63.83 [ 63%] Building CXX object modules/imgproc/CMakeFiles/opencv_imgproc.dir/src/canny.cpp.o
#13 63.83 [ 63%] Building CXX object modules/imgproc/CMakeFiles/opencv_imgproc.dir/src/color.cpp.o
#13 63.83 [ 63%] Building CXX object modules/imgproc/CMakeFiles/opencv_imgproc.dir/src/color_hsv.dispatch.cpp.o
#13 63.83 [ 63%] Building CXX object modules/imgproc/CMakeFiles/opencv_imgproc.dir/src/clahe.cpp.o
#13 63.83 [ 64%] Building CXX object modules/imgproc/CMakeFiles/opencv_imgproc.dir/src/color_lab.cpp.o
#13 63.83 [ 64%] Building CXX object modules/imgproc/CMakeFiles/opencv_imgproc.dir/src/color_yuv.dispatch.cpp.o
#13 63.83 [ 64%] Building CXX object modules/imgproc/CMakeFiles/opencv_imgproc.dir/src/color_rgb.dispatch.cpp.o
#13 63.83 [ 64%] Building CXX object modules/imgproc/CMakeFiles/opencv_imgproc.dir/src/connectedcomponents.cpp.o
#13 63.83 [ 64%] Building CXX object modules/imgproc/CMakeFiles/opencv_imgproc.dir/src/colormap.cpp.o
#13 63.84 [ 65%] Building CXX object modules/imgproc/CMakeFiles/opencv_imgproc.dir/src/contours.cpp.o
#13 66.40 [ 65%] Building CXX object modules/imgproc/CMakeFiles/opencv_imgproc.dir/src/convhull.cpp.o
#13 66.82 [ 65%] Building CXX object modules/imgproc/CMakeFiles/opencv_imgproc.dir/src/corner.cpp.o
#13 66.86 [ 65%] Building CXX object modules/imgproc/CMakeFiles/opencv_imgproc.dir/src/cornersubpix.cpp.o
#13 66.86 [ 66%] Building CXX object modules/imgproc/CMakeFiles/opencv_imgproc.dir/src/demosaicing.cpp.o
#13 66.98 [ 66%] Building CXX object modules/imgproc/CMakeFiles/opencv_imgproc.dir/src/deriv.cpp.o
#13 67.43 [ 66%] Building CXX object modules/imgproc/CMakeFiles/opencv_imgproc.dir/src/distransform.cpp.o
#13 67.53 [ 66%] Building CXX object modules/imgproc/CMakeFiles/opencv_imgproc.dir/src/drawing.cpp.o
#13 67.68 [ 67%] Building CXX object modules/imgproc/CMakeFiles/opencv_imgproc.dir/src/emd.cpp.o
#13 67.81 [ 67%] Building CXX object modules/imgproc/CMakeFiles/opencv_imgproc.dir/src/featureselect.cpp.o
#13 68.08 [ 67%] Building CXX object modules/imgproc/CMakeFiles/opencv_imgproc.dir/src/filter.dispatch.cpp.o
#13 68.10 [ 67%] Building CXX object modules/imgproc/CMakeFiles/opencv_imgproc.dir/src/floodfill.cpp.o
#13 69.43 [ 68%] Building CXX object modules/imgproc/CMakeFiles/opencv_imgproc.dir/src/gabor.cpp.o
#13 69.51 [ 68%] Building CXX object modules/imgproc/CMakeFiles/opencv_imgproc.dir/src/generalized_hough.cpp.o
#13 69.52 [ 68%] Building CXX object modules/imgproc/CMakeFiles/opencv_imgproc.dir/src/geometry.cpp.o
#13 69.92 [ 68%] Building CXX object modules/imgproc/CMakeFiles/opencv_imgproc.dir/src/grabcut.cpp.o
#13 69.97 [ 69%] Building CXX object modules/imgproc/CMakeFiles/opencv_imgproc.dir/src/hershey_fonts.cpp.o
#13 70.00 [ 69%] Building CXX object modules/imgproc/CMakeFiles/opencv_imgproc.dir/src/histogram.cpp.o
#13 70.41 [ 69%] Building CXX object modules/imgproc/CMakeFiles/opencv_imgproc.dir/src/hough.cpp.o
#13 70.67 [ 69%] Building CXX object modules/imgproc/CMakeFiles/opencv_imgproc.dir/src/imgwarp.cpp.o
#13 70.79 [ 70%] Building CXX object modules/imgproc/CMakeFiles/opencv_imgproc.dir/src/intelligent_scissors.cpp.o
#13 70.82 [ 70%] Building CXX object modules/imgproc/CMakeFiles/opencv_imgproc.dir/src/intersection.cpp.o
#13 70.93 [ 70%] Building CXX object modules/imgproc/CMakeFiles/opencv_imgproc.dir/src/linefit.cpp.o
#13 71.26 [ 70%] Building CXX object modules/imgproc/CMakeFiles/opencv_imgproc.dir/src/lsd.cpp.o
#13 72.09 [ 71%] Building CXX object modules/imgproc/CMakeFiles/opencv_imgproc.dir/src/main.cpp.o
#13 72.46 [ 71%] Building CXX object modules/imgproc/CMakeFiles/opencv_imgproc.dir/src/matchcontours.cpp.o
#13 72.49 [ 71%] Building CXX object modules/imgproc/CMakeFiles/opencv_imgproc.dir/src/median_blur.dispatch.cpp.o
#13 72.59 [ 71%] Building CXX object modules/imgproc/CMakeFiles/opencv_imgproc.dir/src/min_enclosing_triangle.cpp.o
#13 73.67 [ 72%] Building CXX object modules/imgproc/CMakeFiles/opencv_imgproc.dir/src/moments.cpp.o
#13 73.77 [ 72%] Building CXX object modules/imgproc/CMakeFiles/opencv_imgproc.dir/src/morph.dispatch.cpp.o
#13 74.01 [ 72%] Building CXX object modules/imgproc/CMakeFiles/opencv_imgproc.dir/src/phasecorr.cpp.o
#13 74.31 [ 72%] Building CXX object modules/imgproc/CMakeFiles/opencv_imgproc.dir/src/pyramids.cpp.o
#13 74.33 [ 73%] Building CXX object modules/imgproc/CMakeFiles/opencv_imgproc.dir/src/resize.cpp.o
#13 74.64 [ 73%] Building CXX object modules/imgproc/CMakeFiles/opencv_imgproc.dir/src/rotcalipers.cpp.o
#13 74.77 [ 73%] Building CXX object modules/imgproc/CMakeFiles/opencv_imgproc.dir/src/samplers.cpp.o
#13 75.17 [ 73%] Building CXX object modules/imgproc/CMakeFiles/opencv_imgproc.dir/src/segmentation.cpp.o
#13 75.23 [ 74%] Building CXX object modules/imgproc/CMakeFiles/opencv_imgproc.dir/src/shapedescr.cpp.o
#13 75.85 [ 74%] Building CXX object modules/imgproc/CMakeFiles/opencv_imgproc.dir/src/smooth.dispatch.cpp.o
#13 76.50 [ 74%] Building CXX object modules/imgproc/CMakeFiles/opencv_imgproc.dir/src/spatialgradient.cpp.o
#13 76.87 [ 74%] Building CXX object modules/imgproc/CMakeFiles/opencv_imgproc.dir/src/stackblur.cpp.o
#13 76.99 [ 75%] Building CXX object modules/imgproc/CMakeFiles/opencv_imgproc.dir/src/subdivision2d.cpp.o
#13 77.24 [ 75%] Building CXX object modules/imgproc/CMakeFiles/opencv_imgproc.dir/src/sumpixels.dispatch.cpp.o
#13 77.31 [ 75%] Building CXX object modules/imgproc/CMakeFiles/opencv_imgproc.dir/src/tables.cpp.o
#13 77.99 [ 75%] Building CXX object modules/imgproc/CMakeFiles/opencv_imgproc.dir/src/templmatch.cpp.o
#13 78.42 [ 76%] Building CXX object modules/imgproc/CMakeFiles/opencv_imgproc.dir/src/thresh.cpp.o
#13 78.60 [ 76%] Building CXX object modules/imgproc/CMakeFiles/opencv_imgproc.dir/src/utils.cpp.o
#13 79.26 [ 76%] Building CXX object modules/imgproc/CMakeFiles/opencv_imgproc.dir/opencl_kernels_imgproc.cpp.o
#13 79.66 [ 76%] Building CXX object modules/imgproc/CMakeFiles/opencv_imgproc.dir/src/imgwarp.sse4_1.cpp.o
#13 80.09 [ 77%] Building CXX object modules/imgproc/CMakeFiles/opencv_imgproc.dir/src/resize.sse4_1.cpp.o
#13 80.32 [ 77%] Building CXX object modules/imgproc/CMakeFiles/opencv_imgproc.dir/accum.sse4_1.cpp.o
#13 80.69 [ 77%] Building CXX object modules/imgproc/CMakeFiles/opencv_imgproc.dir/box_filter.sse4_1.cpp.o
#13 80.72 [ 77%] Building CXX object modules/imgproc/CMakeFiles/opencv_imgproc.dir/filter.sse4_1.cpp.o
#13 81.00 [ 78%] Building CXX object modules/imgproc/CMakeFiles/opencv_imgproc.dir/color_hsv.sse4_1.cpp.o
#13 81.40 [ 78%] Building CXX object modules/imgproc/CMakeFiles/opencv_imgproc.dir/color_rgb.sse4_1.cpp.o
#13 81.54 [ 78%] Building CXX object modules/imgproc/CMakeFiles/opencv_imgproc.dir/color_yuv.sse4_1.cpp.o
#13 81.82 [ 78%] Building CXX object modules/imgproc/CMakeFiles/opencv_imgproc.dir/median_blur.sse4_1.cpp.o
#13 82.72 [ 79%] Building CXX object modules/imgproc/CMakeFiles/opencv_imgproc.dir/morph.sse4_1.cpp.o
#13 82.95 [ 79%] Building CXX object modules/imgproc/CMakeFiles/opencv_imgproc.dir/smooth.sse4_1.cpp.o
#13 82.97 [ 79%] Building CXX object modules/imgproc/CMakeFiles/opencv_imgproc.dir/src/corner.avx.cpp.o
#13 83.05 [ 79%] Building CXX object modules/imgproc/CMakeFiles/opencv_imgproc.dir/accum.avx.cpp.o
#13 83.99 [ 80%] Building CXX object modules/imgproc/CMakeFiles/opencv_imgproc.dir/src/imgwarp.avx2.cpp.o
#13 84.36 [ 80%] Building CXX object modules/imgproc/CMakeFiles/opencv_imgproc.dir/src/resize.avx2.cpp.o
#13 84.90 [ 80%] Building CXX object modules/imgproc/CMakeFiles/opencv_imgproc.dir/accum.avx2.cpp.o
#13 85.23 [ 80%] Building CXX object modules/imgproc/CMakeFiles/opencv_imgproc.dir/bilateral_filter.avx2.cpp.o
#13 85.48 [ 81%] Building CXX object modules/imgproc/CMakeFiles/opencv_imgproc.dir/box_filter.avx2.cpp.o
#13 85.71 [ 81%] Building CXX object modules/imgproc/CMakeFiles/opencv_imgproc.dir/filter.avx2.cpp.o
#13 86.10 [ 81%] Building CXX object modules/imgproc/CMakeFiles/opencv_imgproc.dir/color_hsv.avx2.cpp.o
#13 86.56 [ 81%] Building CXX object modules/imgproc/CMakeFiles/opencv_imgproc.dir/color_rgb.avx2.cpp.o
#13 87.21 [ 81%] Building CXX object modules/imgproc/CMakeFiles/opencv_imgproc.dir/color_yuv.avx2.cpp.o
#13 87.61 [ 82%] Building CXX object modules/imgproc/CMakeFiles/opencv_imgproc.dir/median_blur.avx2.cpp.o
#13 87.90 [ 82%] Building CXX object modules/imgproc/CMakeFiles/opencv_imgproc.dir/morph.avx2.cpp.o
#13 88.08 [ 82%] Building CXX object modules/imgproc/CMakeFiles/opencv_imgproc.dir/smooth.avx2.cpp.o
#13 88.76 [ 82%] Building CXX object modules/imgproc/CMakeFiles/opencv_imgproc.dir/sumpixels.avx2.cpp.o
#13 89.18 [ 83%] Building CXX object modules/imgproc/CMakeFiles/opencv_imgproc.dir/sumpixels.avx512_skx.cpp.o
#13 96.75 [ 83%] Linking CXX static library ../../lib/libopencv_imgproc.a
#13 96.93 make[2]: Leaving directory '/root/build'
#13 96.93 [ 83%] Built target opencv_imgproc
#13 96.93 make[2]: Entering directory '/root/build'
#13 96.93 make[2]: Entering directory '/root/build'
#13 96.94 [ 83%] Processing OpenCL kernels (video)
#13 96.94 make[2]: Leaving directory '/root/build'
#13 96.94 make[2]: Entering directory '/root/build'
#13 96.95 [ 83%] Building CXX object modules/imgcodecs/CMakeFiles/opencv_imgcodecs.dir/src/loadsave.cpp.o
#13 96.95 [ 83%] Building CXX object modules/imgcodecs/CMakeFiles/opencv_imgcodecs.dir/src/utils.cpp.o
#13 96.95 [ 84%] Building CXX object modules/imgcodecs/CMakeFiles/opencv_imgcodecs.dir/src/grfmt_base.cpp.o
#13 96.95 [ 84%] Building CXX object modules/imgcodecs/CMakeFiles/opencv_imgcodecs.dir/src/grfmt_gdal.cpp.o
#13 96.95 [ 84%] Building CXX object modules/imgcodecs/CMakeFiles/opencv_imgcodecs.dir/src/grfmt_avif.cpp.o
#13 96.95 [ 84%] Building CXX object modules/imgcodecs/CMakeFiles/opencv_imgcodecs.dir/src/grfmt_exr.cpp.o
#13 96.95 [ 84%] Building CXX object modules/imgcodecs/CMakeFiles/opencv_imgcodecs.dir/src/grfmt_bmp.cpp.o
#13 96.95 [ 84%] Building CXX object modules/imgcodecs/CMakeFiles/opencv_imgcodecs.dir/src/grfmt_hdr.cpp.o
#13 96.95 [ 85%] Building CXX object modules/imgcodecs/CMakeFiles/opencv_imgcodecs.dir/src/grfmt_jpeg.cpp.o
#13 96.95 [ 85%] Building CXX object modules/imgcodecs/CMakeFiles/opencv_imgcodecs.dir/src/grfmt_gdcm.cpp.o
#13 96.95 [ 86%] Building CXX object modules/imgcodecs/CMakeFiles/opencv_imgcodecs.dir/src/grfmt_jpeg2000_openjpeg.cpp.o
#13 96.95 [ 86%] Building CXX object modules/imgcodecs/CMakeFiles/opencv_imgcodecs.dir/src/grfmt_jpeg2000.cpp.o
#13 96.96 [ 86%] Building CXX object modules/imgcodecs/CMakeFiles/opencv_imgcodecs.dir/src/grfmt_pam.cpp.o
#13 96.96 [ 86%] Building CXX object modules/imgcodecs/CMakeFiles/opencv_imgcodecs.dir/src/grfmt_pfm.cpp.o
#13 96.97 [ 86%] Building CXX object modules/imgcodecs/CMakeFiles/opencv_imgcodecs.dir/src/grfmt_png.cpp.o
#13 96.98 make[2]: Leaving directory '/root/build'
#13 96.99 make[2]: Entering directory '/root/build'
#13 97.01 [ 86%] Building CXX object modules/video/CMakeFiles/opencv_video.dir/src/bgfg_KNN.cpp.o
#13 99.51 [ 87%] Building CXX object modules/imgcodecs/CMakeFiles/opencv_imgcodecs.dir/src/grfmt_pxm.cpp.o
#13 99.55 [ 87%] Building CXX object modules/imgcodecs/CMakeFiles/opencv_imgcodecs.dir/src/grfmt_spng.cpp.o
#13 99.55 [ 87%] Building CXX object modules/imgcodecs/CMakeFiles/opencv_imgcodecs.dir/src/grfmt_sunras.cpp.o
#13 99.56 [ 87%] Building CXX object modules/imgcodecs/CMakeFiles/opencv_imgcodecs.dir/src/grfmt_tiff.cpp.o
#13 99.64 [ 88%] Building CXX object modules/imgcodecs/CMakeFiles/opencv_imgcodecs.dir/src/grfmt_webp.cpp.o
#13 99.68 [ 88%] Building CXX object modules/imgcodecs/CMakeFiles/opencv_imgcodecs.dir/src/bitstrm.cpp.o
#13 99.82 [ 88%] Building CXX object modules/imgcodecs/CMakeFiles/opencv_imgcodecs.dir/src/rgbe.cpp.o
#13 99.83 [ 88%] Building CXX object modules/imgcodecs/CMakeFiles/opencv_imgcodecs.dir/src/exif.cpp.o
#13 99.89 [ 89%] Building CXX object modules/video/CMakeFiles/opencv_video.dir/src/bgfg_gaussmix2.cpp.o
#13 99.90 [ 89%] Building CXX object modules/video/CMakeFiles/opencv_video.dir/src/camshift.cpp.o
#13 99.96 [ 89%] Building CXX object modules/video/CMakeFiles/opencv_video.dir/src/dis_flow.cpp.o
#13 99.98 [ 89%] Building CXX object modules/video/CMakeFiles/opencv_video.dir/src/ecc.cpp.o
#13 100.1 [ 90%] Building CXX object modules/video/CMakeFiles/opencv_video.dir/src/kalman.cpp.o
#13 100.2 [ 90%] Building CXX object modules/video/CMakeFiles/opencv_video.dir/src/lkpyramid.cpp.o
#13 100.4 [ 90%] Building CXX object modules/video/CMakeFiles/opencv_video.dir/src/optflowgf.cpp.o
#13 100.9 [ 90%] Building CXX object modules/video/CMakeFiles/opencv_video.dir/src/optical_flow_io.cpp.o
#13 102.0 [ 91%] Building CXX object modules/video/CMakeFiles/opencv_video.dir/src/tracking/detail/tracker_feature.cpp.o
#13 102.2 [ 91%] Building CXX object modules/video/CMakeFiles/opencv_video.dir/src/tracking/detail/tracker_feature_set.cpp.o
#13 102.2 [ 91%] Building CXX object modules/video/CMakeFiles/opencv_video.dir/src/tracking/detail/tracker_mil_model.cpp.o
#13 102.3 [ 91%] Building CXX object modules/video/CMakeFiles/opencv_video.dir/src/tracking/detail/tracker_mil_state.cpp.o
#13 102.4 [ 92%] Building CXX object modules/video/CMakeFiles/opencv_video.dir/src/tracking/detail/tracker_model.cpp.o
#13 102.5 [ 92%] Building CXX object modules/video/CMakeFiles/opencv_video.dir/src/tracking/detail/tracker_sampler.cpp.o
#13 102.9 [ 92%] Building CXX object modules/video/CMakeFiles/opencv_video.dir/src/tracking/detail/tracker_sampler_algorithm.cpp.o
#13 103.0 [ 92%] Building CXX object modules/video/CMakeFiles/opencv_video.dir/src/tracking/detail/tracker_state_estimator.cpp.o
#13 103.1 [ 93%] Building CXX object modules/video/CMakeFiles/opencv_video.dir/src/tracking/detail/tracking_feature.cpp.o
#13 103.3 [ 94%] Linking CXX static library ../../lib/libopencv_imgcodecs.a
#13 103.3 make[2]: Leaving directory '/root/build'
#13 103.3 [ 94%] Building CXX object modules/video/CMakeFiles/opencv_video.dir/src/tracking/detail/tracking_online_mil.cpp.o
#13 103.4 [ 94%] Built target opencv_imgcodecs
#13 103.4 make[2]: Entering directory '/root/build'
#13 103.4 make[2]: Leaving directory '/root/build'
#13 103.4 make[2]: Entering directory '/root/build'
#13 103.4 [ 94%] Building CXX object modules/videoio/CMakeFiles/opencv_videoio.dir/src/videoio_registry.cpp.o
#13 103.4 [ 94%] Building CXX object modules/video/CMakeFiles/opencv_video.dir/src/tracking/tracker.cpp.o
#13 103.6 [ 94%] Building CXX object modules/video/CMakeFiles/opencv_video.dir/src/tracking/tracker_dasiamrpn.cpp.o
#13 103.8 [ 95%] Building CXX object modules/video/CMakeFiles/opencv_video.dir/src/tracking/tracker_goturn.cpp.o
#13 104.3 [ 95%] Building CXX object modules/video/CMakeFiles/opencv_video.dir/src/tracking/tracker_mil.cpp.o
#13 104.5 [ 95%] Building CXX object modules/video/CMakeFiles/opencv_video.dir/src/tracking/tracker_nano.cpp.o
#13 104.6 [ 95%] Building CXX object modules/video/CMakeFiles/opencv_video.dir/src/variational_refinement.cpp.o
#13 104.9 [ 96%] Building CXX object modules/video/CMakeFiles/opencv_video.dir/opencl_kernels_video.cpp.o
#13 105.1 [ 96%] Building CXX object modules/videoio/CMakeFiles/opencv_videoio.dir/src/videoio_c.cpp.o
#13 105.1 [ 97%] Building CXX object modules/videoio/CMakeFiles/opencv_videoio.dir/src/cap.cpp.o
#13 105.3 [ 97%] Building CXX object modules/videoio/CMakeFiles/opencv_videoio.dir/src/cap_images.cpp.o
#13 105.6 [ 97%] Building CXX object modules/videoio/CMakeFiles/opencv_videoio.dir/src/cap_mjpeg_encoder.cpp.o
#13 105.6 [ 98%] Building CXX object modules/videoio/CMakeFiles/opencv_videoio.dir/src/backend_plugin.cpp.o
#13 105.6 [ 98%] Building CXX object modules/videoio/CMakeFiles/opencv_videoio.dir/src/cap_mjpeg_decoder.cpp.o
#13 106.0 [ 98%] Building CXX object modules/videoio/CMakeFiles/opencv_videoio.dir/src/backend_static.cpp.o
#13 106.0 [ 98%] Building CXX object modules/videoio/CMakeFiles/opencv_videoio.dir/src/container_avi.cpp.o
#13 106.1 [ 98%] Building CXX object modules/videoio/CMakeFiles/opencv_videoio.dir/src/cap_ffmpeg.cpp.o
#13 108.1 [ 98%] Linking CXX static library ../../lib/libopencv_video.a
#13 108.1 make[2]: Leaving directory '/root/build'
#13 108.1 [ 98%] Built target opencv_video
#13 109.5 [100%] Linking CXX static library ../../lib/libopencv_videoio.a
#13 109.5 make[2]: Leaving directory '/root/build'
#13 109.5 [100%] Built target opencv_videoio
#13 109.5 make[1]: Leaving directory '/root/build'
#13 109.6 Install the project...
#13 109.6 -- Install configuration: "Release"
#13 109.6 -- Installing: /opt/opencv/share/licenses/opencv4/ippicv-readme.htm
#13 109.6 -- Installing: /opt/opencv/share/licenses/opencv4/ippicv-EULA.txt
#13 109.6 -- Installing: /opt/opencv/share/licenses/opencv4/ippicv-third-party-programs.txt
#13 109.6 -- Installing: /opt/opencv/lib/opencv4/3rdparty/libippicv.a
#13 109.7 -- Installing: /opt/opencv/share/licenses/opencv4/ippiw-support.txt
#13 109.7 -- Installing: /opt/opencv/share/licenses/opencv4/ippiw-third-party-programs.txt
#13 109.7 -- Installing: /opt/opencv/share/licenses/opencv4/ippiw-EULA.txt
#13 109.7 -- Installing: /opt/opencv/include/opencv4/opencv2/cvconfig.h
#13 109.7 -- Installing: /opt/opencv/include/opencv4/opencv2/opencv_modules.hpp
#13 109.7 -- Installing: /opt/opencv/lib/cmake/opencv4/OpenCVModules.cmake
#13 109.7 -- Installing: /opt/opencv/lib/cmake/opencv4/OpenCVModules-release.cmake
#13 109.7 -- Installing: /opt/opencv/lib/cmake/opencv4/OpenCVConfig-version.cmake
#13 109.7 -- Installing: /opt/opencv/lib/cmake/opencv4/OpenCVConfig.cmake
#13 109.7 -- Installing: /opt/opencv/bin/setup_vars_opencv4.sh
#13 109.7 -- Installing: /opt/opencv/share/opencv4/valgrind.supp
#13 109.7 -- Installing: /opt/opencv/share/opencv4/valgrind_3rdparty.supp
#13 109.7 -- Installing: /opt/opencv/lib/opencv4/3rdparty/libzlib.a
#13 109.7 -- Installing: /opt/opencv/share/licenses/opencv4/zlib-LICENSE
#13 109.7 -- Installing: /opt/opencv/lib/opencv4/3rdparty/liblibjpeg-turbo.a
#13 109.7 -- Installing: /opt/opencv/share/licenses/opencv4/libjpeg-turbo-README.md
#13 109.7 -- Installing: /opt/opencv/share/licenses/opencv4/libjpeg-turbo-LICENSE.md
#13 109.7 -- Installing: /opt/opencv/share/licenses/opencv4/libjpeg-turbo-README.ijg
#13 109.7 -- Installing: /opt/opencv/share/licenses/opencv4/libopenjp2-README.md
#13 109.7 -- Installing: /opt/opencv/share/licenses/opencv4/libopenjp2-LICENSE
#13 109.7 -- Installing: /opt/opencv/lib/opencv4/3rdparty/liblibopenjp2.a
#13 109.7 -- Installing: /opt/opencv/lib/opencv4/3rdparty/liblibpng.a
#13 109.7 -- Installing: /opt/opencv/share/licenses/opencv4/libpng-LICENSE
#13 109.7 -- Installing: /opt/opencv/share/licenses/opencv4/libpng-README
#13 109.7 -- Installing: /opt/opencv/lib/opencv4/3rdparty/libippiw.a
#13 109.7 -- Installing: /opt/opencv/share/licenses/opencv4/quirc-LICENSE
#13 109.7 -- Installing: /opt/opencv/include/opencv4/opencv2/opencv.hpp
#13 109.7 -- Installing: /opt/opencv/lib/libopencv_core.a
#13 109.7 -- Installing: /opt/opencv/include/opencv4/opencv2/core.hpp
#13 109.7 -- Installing: /opt/opencv/include/opencv4/opencv2/core/affine.hpp
#13 109.7 -- Installing: /opt/opencv/include/opencv4/opencv2/core/async.hpp
#13 109.7 -- Installing: /opt/opencv/include/opencv4/opencv2/core/base.hpp
#13 109.7 -- Installing: /opt/opencv/include/opencv4/opencv2/core/bindings_utils.hpp
#13 109.7 -- Installing: /opt/opencv/include/opencv4/opencv2/core/bufferpool.hpp
#13 109.7 -- Installing: /opt/opencv/include/opencv4/opencv2/core/check.hpp
#13 109.7 -- Installing: /opt/opencv/include/opencv4/opencv2/core/core.hpp
#13 109.7 -- Installing: /opt/opencv/include/opencv4/opencv2/core/core_c.h
#13 109.7 -- Installing: /opt/opencv/include/opencv4/opencv2/core/cuda.hpp
#13 109.7 -- Installing: /opt/opencv/include/opencv4/opencv2/core/cuda.inl.hpp
#13 109.7 -- Installing: /opt/opencv/include/opencv4/opencv2/core/cuda/block.hpp
#13 109.7 -- Installing: /opt/opencv/include/opencv4/opencv2/core/cuda/border_interpolate.hpp
#13 109.7 -- Installing: /opt/opencv/include/opencv4/opencv2/core/cuda/color.hpp
#13 109.7 -- Installing: /opt/opencv/include/opencv4/opencv2/core/cuda/common.hpp
#13 109.7 -- Installing: /opt/opencv/include/opencv4/opencv2/core/cuda/datamov_utils.hpp
#13 109.7 -- Installing: /opt/opencv/include/opencv4/opencv2/core/cuda/detail/color_detail.hpp
#13 109.7 -- Installing: /opt/opencv/include/opencv4/opencv2/core/cuda/detail/reduce.hpp
#13 109.7 -- Installing: /opt/opencv/include/opencv4/opencv2/core/cuda/detail/reduce_key_val.hpp
#13 109.7 -- Installing: /opt/opencv/include/opencv4/opencv2/core/cuda/detail/transform_detail.hpp
#13 109.7 -- Installing: /opt/opencv/include/opencv4/opencv2/core/cuda/detail/type_traits_detail.hpp
#13 109.7 -- Installing: /opt/opencv/include/opencv4/opencv2/core/cuda/detail/vec_distance_detail.hpp
#13 109.7 -- Installing: /opt/opencv/include/opencv4/opencv2/core/cuda/dynamic_smem.hpp
#13 109.7 -- Installing: /opt/opencv/include/opencv4/opencv2/core/cuda/emulation.hpp
#13 109.7 -- Installing: /opt/opencv/include/opencv4/opencv2/core/cuda/filters.hpp
#13 109.7 -- Installing: /opt/opencv/include/opencv4/opencv2/core/cuda/funcattrib.hpp
#13 109.7 -- Installing: /opt/opencv/include/opencv4/opencv2/core/cuda/functional.hpp
#13 109.7 -- Installing: /opt/opencv/include/opencv4/opencv2/core/cuda/limits.hpp
#13 109.7 -- Installing: /opt/opencv/include/opencv4/opencv2/core/cuda/reduce.hpp
#13 109.7 -- Installing: /opt/opencv/include/opencv4/opencv2/core/cuda/saturate_cast.hpp
#13 109.7 -- Installing: /opt/opencv/include/opencv4/opencv2/core/cuda/scan.hpp
#13 109.7 -- Installing: /opt/opencv/include/opencv4/opencv2/core/cuda/simd_functions.hpp
#13 109.7 -- Installing: /opt/opencv/include/opencv4/opencv2/core/cuda/transform.hpp
#13 109.7 -- Installing: /opt/opencv/include/opencv4/opencv2/core/cuda/type_traits.hpp
#13 109.7 -- Installing: /opt/opencv/include/opencv4/opencv2/core/cuda/utility.hpp
#13 109.7 -- Installing: /opt/opencv/include/opencv4/opencv2/core/cuda/vec_distance.hpp
#13 109.7 -- Installing: /opt/opencv/include/opencv4/opencv2/core/cuda/vec_math.hpp
#13 109.7 -- Installing: /opt/opencv/include/opencv4/opencv2/core/cuda/vec_traits.hpp
#13 109.7 -- Installing: /opt/opencv/include/opencv4/opencv2/core/cuda/warp.hpp
#13 109.7 -- Installing: /opt/opencv/include/opencv4/opencv2/core/cuda/warp_reduce.hpp
#13 109.7 -- Installing: /opt/opencv/include/opencv4/opencv2/core/cuda/warp_shuffle.hpp
#13 109.7 -- Installing: /opt/opencv/include/opencv4/opencv2/core/cuda_stream_accessor.hpp
#13 109.7 -- Installing: /opt/opencv/include/opencv4/opencv2/core/cuda_types.hpp
#13 109.7 -- Installing: /opt/opencv/include/opencv4/opencv2/core/cv_cpu_dispatch.h
#13 109.7 -- Installing: /opt/opencv/include/opencv4/opencv2/core/cv_cpu_helper.h
#13 109.7 -- Installing: /opt/opencv/include/opencv4/opencv2/core/cvdef.h
#13 109.7 -- Installing: /opt/opencv/include/opencv4/opencv2/core/cvstd.hpp
#13 109.7 -- Installing: /opt/opencv/include/opencv4/opencv2/core/cvstd.inl.hpp
#13 109.7 -- Installing: /opt/opencv/include/opencv4/opencv2/core/cvstd_wrapper.hpp
#13 109.7 -- Installing: /opt/opencv/include/opencv4/opencv2/core/detail/async_promise.hpp
#13 109.7 -- Installing: /opt/opencv/include/opencv4/opencv2/core/detail/dispatch_helper.impl.hpp
#13 109.7 -- Installing: /opt/opencv/include/opencv4/opencv2/core/detail/exception_ptr.hpp
#13 109.7 -- Installing: /opt/opencv/include/opencv4/opencv2/core/directx.hpp
#13 109.7 -- Installing: /opt/opencv/include/opencv4/opencv2/core/dualquaternion.hpp
#13 109.7 -- Installing: /opt/opencv/include/opencv4/opencv2/core/dualquaternion.inl.hpp
#13 109.7 -- Installing: /opt/opencv/include/opencv4/opencv2/core/eigen.hpp
#13 109.7 -- Installing: /opt/opencv/include/opencv4/opencv2/core/fast_math.hpp
#13 109.7 -- Installing: /opt/opencv/include/opencv4/opencv2/core/hal/hal.hpp
#13 109.7 -- Installing: /opt/opencv/include/opencv4/opencv2/core/hal/interface.h
#13 109.7 -- Installing: /opt/opencv/include/opencv4/opencv2/core/hal/intrin.hpp
#13 109.7 -- Installing: /opt/opencv/include/opencv4/opencv2/core/hal/intrin_avx.hpp
#13 109.7 -- Installing: /opt/opencv/include/opencv4/opencv2/core/hal/intrin_avx512.hpp
#13 109.7 -- Installing: /opt/opencv/include/opencv4/opencv2/core/hal/intrin_cpp.hpp
#13 109.7 -- Installing: /opt/opencv/include/opencv4/opencv2/core/hal/intrin_forward.hpp
#13 109.7 -- Installing: /opt/opencv/include/opencv4/opencv2/core/hal/intrin_lasx.hpp
#13 109.7 -- Installing: /opt/opencv/include/opencv4/opencv2/core/hal/intrin_msa.hpp
#13 109.7 -- Installing: /opt/opencv/include/opencv4/opencv2/core/hal/intrin_neon.hpp
#13 109.7 -- Installing: /opt/opencv/include/opencv4/opencv2/core/hal/intrin_rvv.hpp
#13 109.7 -- Installing: /opt/opencv/include/opencv4/opencv2/core/hal/intrin_rvv071.hpp
#13 109.7 -- Installing: /opt/opencv/include/opencv4/opencv2/core/hal/intrin_rvv_010_compat_non-policy.hpp
#13 109.8 -- Installing: /opt/opencv/include/opencv4/opencv2/core/hal/intrin_rvv_010_compat_overloaded-non-policy.hpp
#13 109.8 -- Installing: /opt/opencv/include/opencv4/opencv2/core/hal/intrin_rvv_compat_overloaded.hpp
#13 109.8 -- Installing: /opt/opencv/include/opencv4/opencv2/core/hal/intrin_rvv_scalable.hpp
#13 109.8 -- Installing: /opt/opencv/include/opencv4/opencv2/core/hal/intrin_sse.hpp
#13 109.8 -- Installing: /opt/opencv/include/opencv4/opencv2/core/hal/intrin_sse_em.hpp
#13 109.8 -- Installing: /opt/opencv/include/opencv4/opencv2/core/hal/intrin_vsx.hpp
#13 109.8 -- Installing: /opt/opencv/include/opencv4/opencv2/core/hal/intrin_wasm.hpp
#13 109.8 -- Installing: /opt/opencv/include/opencv4/opencv2/core/hal/msa_macros.h
#13 109.8 -- Installing: /opt/opencv/include/opencv4/opencv2/core/hal/simd_utils.impl.hpp
#13 109.8 -- Installing: /opt/opencv/include/opencv4/opencv2/core/mat.hpp
#13 109.8 -- Installing: /opt/opencv/include/opencv4/opencv2/core/mat.inl.hpp
#13 109.8 -- Installing: /opt/opencv/include/opencv4/opencv2/core/matx.hpp
#13 109.8 -- Installing: /opt/opencv/include/opencv4/opencv2/core/neon_utils.hpp
#13 109.8 -- Installing: /opt/opencv/include/opencv4/opencv2/core/ocl.hpp
#13 109.8 -- Installing: /opt/opencv/include/opencv4/opencv2/core/ocl_genbase.hpp
#13 109.8 -- Installing: /opt/opencv/include/opencv4/opencv2/core/opencl/ocl_defs.hpp
#13 109.8 -- Installing: /opt/opencv/include/opencv4/opencv2/core/opencl/opencl_info.hpp
#13 109.8 -- Installing: /opt/opencv/include/opencv4/opencv2/core/opencl/opencl_svm.hpp
#13 109.8 -- Installing: /opt/opencv/include/opencv4/opencv2/core/opencl/runtime/autogenerated/opencl_clblas.hpp
#13 109.8 -- Installing: /opt/opencv/include/opencv4/opencv2/core/opencl/runtime/autogenerated/opencl_clfft.hpp
#13 109.8 -- Installing: /opt/opencv/include/opencv4/opencv2/core/opencl/runtime/autogenerated/opencl_core.hpp
#13 109.8 -- Installing: /opt/opencv/include/opencv4/opencv2/core/opencl/runtime/autogenerated/opencl_core_wrappers.hpp
#13 109.8 -- Installing: /opt/opencv/include/opencv4/opencv2/core/opencl/runtime/autogenerated/opencl_gl.hpp
#13 109.8 -- Installing: /opt/opencv/include/opencv4/opencv2/core/opencl/runtime/autogenerated/opencl_gl_wrappers.hpp
#13 109.8 -- Installing: /opt/opencv/include/opencv4/opencv2/core/opencl/runtime/opencl_clblas.hpp
#13 109.8 -- Installing: /opt/opencv/include/opencv4/opencv2/core/opencl/runtime/opencl_clfft.hpp
#13 109.8 -- Installing: /opt/opencv/include/opencv4/opencv2/core/opencl/runtime/opencl_core.hpp
#13 109.8 -- Installing: /opt/opencv/include/opencv4/opencv2/core/opencl/runtime/opencl_core_wrappers.hpp
#13 109.8 -- Installing: /opt/opencv/include/opencv4/opencv2/core/opencl/runtime/opencl_gl.hpp
#13 109.8 -- Installing: /opt/opencv/include/opencv4/opencv2/core/opencl/runtime/opencl_gl_wrappers.hpp
#13 109.8 -- Installing: /opt/opencv/include/opencv4/opencv2/core/opencl/runtime/opencl_svm_20.hpp
#13 109.8 -- Installing: /opt/opencv/include/opencv4/opencv2/core/opencl/runtime/opencl_svm_definitions.hpp
#13 109.8 -- Installing: /opt/opencv/include/opencv4/opencv2/core/opencl/runtime/opencl_svm_hsa_extension.hpp
#13 109.8 -- Installing: /opt/opencv/include/opencv4/opencv2/core/opengl.hpp
#13 109.8 -- Installing: /opt/opencv/include/opencv4/opencv2/core/operations.hpp
#13 109.8 -- Installing: /opt/opencv/include/opencv4/opencv2/core/optim.hpp
#13 109.8 -- Installing: /opt/opencv/include/opencv4/opencv2/core/ovx.hpp
#13 109.8 -- Installing: /opt/opencv/include/opencv4/opencv2/core/parallel/backend/parallel_for.openmp.hpp
#13 109.8 -- Installing: /opt/opencv/include/opencv4/opencv2/core/parallel/backend/parallel_for.tbb.hpp
#13 109.8 -- Installing: /opt/opencv/include/opencv4/opencv2/core/parallel/parallel_backend.hpp
#13 109.8 -- Installing: /opt/opencv/include/opencv4/opencv2/core/persistence.hpp
#13 109.8 -- Installing: /opt/opencv/include/opencv4/opencv2/core/quaternion.hpp
#13 109.8 -- Installing: /opt/opencv/include/opencv4/opencv2/core/quaternion.inl.hpp
#13 109.8 -- Installing: /opt/opencv/include/opencv4/opencv2/core/saturate.hpp
#13 109.8 -- Installing: /opt/opencv/include/opencv4/opencv2/core/simd_intrinsics.hpp
#13 109.8 -- Installing: /opt/opencv/include/opencv4/opencv2/core/softfloat.hpp
#13 109.8 -- Installing: /opt/opencv/include/opencv4/opencv2/core/sse_utils.hpp
#13 109.8 -- Installing: /opt/opencv/include/opencv4/opencv2/core/traits.hpp
#13 109.8 -- Installing: /opt/opencv/include/opencv4/opencv2/core/types.hpp
#13 109.8 -- Installing: /opt/opencv/include/opencv4/opencv2/core/types_c.h
#13 109.8 -- Installing: /opt/opencv/include/opencv4/opencv2/core/utility.hpp
#13 109.8 -- Installing: /opt/opencv/include/opencv4/opencv2/core/utils/allocator_stats.hpp
#13 109.8 -- Installing: /opt/opencv/include/opencv4/opencv2/core/utils/allocator_stats.impl.hpp
#13 109.8 -- Installing: /opt/opencv/include/opencv4/opencv2/core/utils/filesystem.hpp
#13 109.8 -- Installing: /opt/opencv/include/opencv4/opencv2/core/utils/fp_control_utils.hpp
#13 109.8 -- Installing: /opt/opencv/include/opencv4/opencv2/core/utils/instrumentation.hpp
#13 109.8 -- Installing: /opt/opencv/include/opencv4/opencv2/core/utils/logger.defines.hpp
#13 109.8 -- Installing: /opt/opencv/include/opencv4/opencv2/core/utils/logger.hpp
#13 109.8 -- Installing: /opt/opencv/include/opencv4/opencv2/core/utils/logtag.hpp
#13 109.8 -- Installing: /opt/opencv/include/opencv4/opencv2/core/utils/tls.hpp
#13 109.8 -- Installing: /opt/opencv/include/opencv4/opencv2/core/utils/trace.hpp
#13 109.8 -- Installing: /opt/opencv/include/opencv4/opencv2/core/va_intel.hpp
#13 109.8 -- Installing: /opt/opencv/include/opencv4/opencv2/core/version.hpp
#13 109.8 -- Installing: /opt/opencv/include/opencv4/opencv2/core/vsx_utils.hpp
#13 109.8 -- Installing: /opt/opencv/share/licenses/opencv4/SoftFloat-COPYING.txt
#13 109.8 -- Installing: /opt/opencv/lib/libopencv_imgproc.a
#13 109.8 -- Installing: /opt/opencv/include/opencv4/opencv2/imgproc.hpp
#13 109.8 -- Installing: /opt/opencv/include/opencv4/opencv2/imgproc/bindings.hpp
#13 109.8 -- Installing: /opt/opencv/include/opencv4/opencv2/imgproc/detail/gcgraph.hpp
#13 109.8 -- Installing: /opt/opencv/include/opencv4/opencv2/imgproc/hal/hal.hpp
#13 109.8 -- Installing: /opt/opencv/include/opencv4/opencv2/imgproc/hal/interface.h
#13 109.8 -- Installing: /opt/opencv/include/opencv4/opencv2/imgproc/imgproc.hpp
#13 109.8 -- Installing: /opt/opencv/include/opencv4/opencv2/imgproc/imgproc_c.h
#13 109.8 -- Installing: /opt/opencv/include/opencv4/opencv2/imgproc/segmentation.hpp
#13 109.8 -- Installing: /opt/opencv/include/opencv4/opencv2/imgproc/types_c.h
#13 109.8 -- Installing: /opt/opencv/lib/libopencv_video.a
#13 109.8 -- Installing: /opt/opencv/include/opencv4/opencv2/video.hpp
#13 109.8 -- Installing: /opt/opencv/include/opencv4/opencv2/video/background_segm.hpp
#13 109.8 -- Installing: /opt/opencv/include/opencv4/opencv2/video/detail/tracking.detail.hpp
#13 109.8 -- Installing: /opt/opencv/include/opencv4/opencv2/video/legacy/constants_c.h
#13 109.8 -- Installing: /opt/opencv/include/opencv4/opencv2/video/tracking.hpp
#13 109.8 -- Installing: /opt/opencv/include/opencv4/opencv2/video/video.hpp
#13 109.8 -- Installing: /opt/opencv/lib/libopencv_imgcodecs.a
#13 109.8 -- Installing: /opt/opencv/include/opencv4/opencv2/imgcodecs.hpp
#13 109.8 -- Installing: /opt/opencv/include/opencv4/opencv2/imgcodecs/imgcodecs.hpp
#13 109.8 -- Installing: /opt/opencv/include/opencv4/opencv2/imgcodecs/imgcodecs_c.h
#13 109.8 -- Installing: /opt/opencv/include/opencv4/opencv2/imgcodecs/ios.h
#13 109.8 -- Installing: /opt/opencv/include/opencv4/opencv2/imgcodecs/legacy/constants_c.h
#13 109.8 -- Installing: /opt/opencv/include/opencv4/opencv2/imgcodecs/macosx.h
#13 109.8 -- Installing: /opt/opencv/lib/libopencv_videoio.a
#13 109.8 -- Installing: /opt/opencv/include/opencv4/opencv2/videoio.hpp
#13 109.8 -- Installing: /opt/opencv/include/opencv4/opencv2/videoio/cap_ios.h
#13 109.8 -- Installing: /opt/opencv/include/opencv4/opencv2/videoio/legacy/constants_c.h
#13 109.8 -- Installing: /opt/opencv/include/opencv4/opencv2/videoio/registry.hpp
#13 109.8 -- Installing: /opt/opencv/include/opencv4/opencv2/videoio/videoio.hpp
#13 109.8 -- Installing: /opt/opencv/include/opencv4/opencv2/videoio/videoio_c.h
#13 109.8 -- Installing: /opt/opencv/share/opencv4/haarcascades/haarcascade_eye.xml
#13 109.8 -- Installing: /opt/opencv/share/opencv4/haarcascades/haarcascade_eye_tree_eyeglasses.xml
#13 109.8 -- Installing: /opt/opencv/share/opencv4/haarcascades/haarcascade_frontalcatface.xml
#13 109.8 -- Installing: /opt/opencv/share/opencv4/haarcascades/haarcascade_frontalcatface_extended.xml
#13 109.8 -- Installing: /opt/opencv/share/opencv4/haarcascades/haarcascade_frontalface_alt.xml
#13 109.8 -- Installing: /opt/opencv/share/opencv4/haarcascades/haarcascade_frontalface_alt2.xml
#13 109.8 -- Installing: /opt/opencv/share/opencv4/haarcascades/haarcascade_frontalface_alt_tree.xml
#13 109.8 -- Installing: /opt/opencv/share/opencv4/haarcascades/haarcascade_frontalface_default.xml
#13 109.8 -- Installing: /opt/opencv/share/opencv4/haarcascades/haarcascade_fullbody.xml
#13 109.9 -- Installing: /opt/opencv/share/opencv4/haarcascades/haarcascade_lefteye_2splits.xml
#13 109.9 -- Installing: /opt/opencv/share/opencv4/haarcascades/haarcascade_license_plate_rus_16stages.xml
#13 109.9 -- Installing: /opt/opencv/share/opencv4/haarcascades/haarcascade_lowerbody.xml
#13 109.9 -- Installing: /opt/opencv/share/opencv4/haarcascades/haarcascade_profileface.xml
#13 109.9 -- Installing: /opt/opencv/share/opencv4/haarcascades/haarcascade_righteye_2splits.xml
#13 109.9 -- Installing: /opt/opencv/share/opencv4/haarcascades/haarcascade_russian_plate_number.xml
#13 109.9 -- Installing: /opt/opencv/share/opencv4/haarcascades/haarcascade_smile.xml
#13 109.9 -- Installing: /opt/opencv/share/opencv4/haarcascades/haarcascade_upperbody.xml
#13 109.9 -- Installing: /opt/opencv/share/opencv4/lbpcascades/lbpcascade_frontalcatface.xml
#13 109.9 -- Installing: /opt/opencv/share/opencv4/lbpcascades/lbpcascade_frontalface.xml
#13 109.9 -- Installing: /opt/opencv/share/opencv4/lbpcascades/lbpcascade_frontalface_improved.xml
#13 109.9 -- Installing: /opt/opencv/share/opencv4/lbpcascades/lbpcascade_profileface.xml
#13 109.9 -- Installing: /opt/opencv/share/opencv4/lbpcascades/lbpcascade_silverware.xml
#13 109.9 make: Leaving directory '/root/build'
#13 DONE 110.0s

#14 [test  3/11] RUN set -xeu &&     DEBIAN_FRONTEND=noninteractive apt-get install -y curl clang libclang-dev     cmake     libavcodec-dev libavformat-dev libavutil-dev libswscale-dev
#14 CACHED

#15 [frontend 2/3] RUN set -xeu && 	git clone https://github.com/piotrpdev/oko.git /root/oko
#15 CACHED

#16 [frontend 3/3] RUN set -xeu && 	npm --prefix=/root/oko/frontend ci && 	npm --prefix=/root/oko/frontend run build && 	mkdir -p /root/oko/backend/static && 	cp -r /root/oko/frontend/dist/* /root/oko/backend/static/
#16 CACHED

#17 [test  4/11] RUN set -xeu &&     curl --proto '=https' --tlsv1.2 -sSf https://sh.rustup.rs | sh -s -- -y --profile=minimal
#17 CACHED

#18 [test  5/11] COPY --from=backend /opt/opencv /opt/opencv
#18 DONE 0.3s

#19 [test  6/11] COPY --from=frontend /root/oko /root/oko
#19 DONE 15.9s

#20 [test  7/11] RUN set -xeu && 	ls /opt/opencv/lib && 	ls /opt/opencv/lib/opencv4/3rdparty && 	ls /usr/lib/x86_64-linux-gnu && 	ls /opt/opencv/include && 	ls /opt/opencv/include/opencv4 && 	ls /usr/include/x86_64-linux-gnu
#20 0.299 + ls /opt/opencv/lib
#20 0.302 cmake
#20 0.302 libopencv_core.a
#20 0.302 libopencv_imgcodecs.a
#20 0.302 libopencv_imgproc.a
#20 0.302 libopencv_video.a
#20 0.302 libopencv_videoio.a
#20 0.302 opencv4
#20 0.302 + ls /opt/opencv/lib/opencv4/3rdparty
#20 0.303 libippicv.a
#20 0.303 libippiw.a
#20 0.303 liblibjpeg-turbo.a
#20 0.303 liblibopenjp2.a
#20 0.303 liblibpng.a
#20 0.303 libzlib.a
#20 0.303 + ls /usr/lib/x86_64-linux-gnu
#20 0.305 Mcrt1.o
#20 0.305 Scrt1.o
#20 0.305 audit
#20 0.305 bfd-plugins
#20 0.305 crt1.o
#20 0.305 crti.o
#20 0.305 crtn.o
#20 0.305 dri
#20 0.305 e2fsprogs
#20 0.305 engines-3
#20 0.305 gconv
#20 0.305 gcrt1.o
#20 0.305 gdk-pixbuf-2.0
#20 0.305 gio
#20 0.305 glib-2.0
#20 0.305 grcrt1.o
#20 0.305 icu
#20 0.305 krb5
#20 0.305 ld-linux-x86-64.so.2
#20 0.305 ldscripts
#20 0.305 libBrokenLocale.a
#20 0.305 libBrokenLocale.so
#20 0.305 libBrokenLocale.so.1
#20 0.305 libLLVM-14.0.0.so.1
#20 0.305 libLLVM-14.so
#20 0.305 libLLVM-14.so.1
#20 0.305 libLLVM-15.so
#20 0.305 libLLVM-15.so.1
#20 0.305 libOpenCL.so.1
#20 0.305 libOpenCL.so.1.0.0
#20 0.305 libX11-xcb.so.1
#20 0.305 libX11-xcb.so.1.0.0
#20 0.305 libX11.so.6
#20 0.305 libX11.so.6.4.0
#20 0.305 libXau.so.6
#20 0.305 libXau.so.6.0.0
#20 0.305 libXdmcp.so.6
#20 0.305 libXdmcp.so.6.0.0
#20 0.305 libXext.so.6
#20 0.305 libXext.so.6.4.0
#20 0.305 libXfixes.so.3
#20 0.305 libXfixes.so.3.1.0
#20 0.305 libXpm.so.4
#20 0.305 libXpm.so.4.11.0
#20 0.305 libXrender.so.1
#20 0.305 libXrender.so.1.3.0
#20 0.305 libaacs.so.0
#20 0.305 libaacs.so.0.7.2
#20 0.305 libacl.so.1
#20 0.305 libacl.so.1.1.2301
#20 0.305 libanl.a
#20 0.305 libanl.so
#20 0.305 libanl.so.1
#20 0.305 libaom.so.3
#20 0.305 libaom.so.3.3.0
#20 0.305 libapt-pkg.so.6.0
#20 0.305 libapt-pkg.so.6.0.0
#20 0.305 libapt-private.so.0.0
#20 0.305 libapt-private.so.0.0.0
#20 0.305 libarchive.so.13
#20 0.305 libarchive.so.13.6.0
#20 0.305 libasan.so.6
#20 0.305 libasan.so.6.0.0
#20 0.305 libatomic.so.1
#20 0.305 libatomic.so.1.2.0
#20 0.305 libattr.so.1
#20 0.305 libattr.so.1.1.2501
#20 0.305 libaudit.so.1
#20 0.305 libaudit.so.1.0.0
#20 0.305 libavcodec.a
#20 0.305 libavcodec.so
#20 0.305 libavcodec.so.58
#20 0.305 libavcodec.so.58.134.100
#20 0.305 libavformat.a
#20 0.305 libavformat.so
#20 0.305 libavformat.so.58
#20 0.305 libavformat.so.58.76.100
#20 0.305 libavutil.a
#20 0.305 libavutil.so
#20 0.305 libavutil.so.56
#20 0.305 libavutil.so.56.70.100
#20 0.305 libbdplus.so.0
#20 0.305 libbdplus.so.0.2.0
#20 0.305 libbfd-2.38-system.so
#20 0.305 libblkid.so.1
#20 0.305 libblkid.so.1.1.0
#20 0.305 libbluray.so.2
#20 0.305 libbluray.so.2.4.1
#20 0.305 libbrotlicommon.so.1
#20 0.305 libbrotlicommon.so.1.0.9
#20 0.305 libbrotlidec.so.1
#20 0.305 libbrotlidec.so.1.0.9
#20 0.305 libbrotlienc.so.1
#20 0.305 libbrotlienc.so.1.0.9
#20 0.305 libbsd.so.0
#20 0.305 libbsd.so.0.11.5
#20 0.305 libbz2.so.1
#20 0.305 libbz2.so.1.0
#20 0.305 libbz2.so.1.0.4
#20 0.305 libc.a
#20 0.305 libc.so
#20 0.305 libc.so.6
#20 0.305 libc_malloc_debug.so
#20 0.305 libc_malloc_debug.so.0
#20 0.305 libc_nonshared.a
#20 0.305 libcairo-gobject.so.2
#20 0.305 libcairo-gobject.so.2.11600.0
#20 0.305 libcairo.so.2
#20 0.305 libcairo.so.2.11600.0
#20 0.305 libcap-ng.so.0
#20 0.305 libcap-ng.so.0.0.0
#20 0.305 libcap.so.2
#20 0.305 libcap.so.2.44
#20 0.305 libcc1.so.0
#20 0.305 libcc1.so.0.0.0
#20 0.305 libchromaprint.so.1
#20 0.305 libchromaprint.so.1.5.1
#20 0.305 libclang-14.so
#20 0.305 libclang-14.so.1
#20 0.305 libclang-14.so.13
#20 0.305 libclang-14.so.14.0.0
#20 0.305 libclang-cpp.so.14
#20 0.305 libcodec2.so.1.0
#20 0.305 libcom_err.so.2
#20 0.305 libcom_err.so.2.1
#20 0.305 libcrypt.a
#20 0.305 libcrypt.so
#20 0.305 libcrypt.so.1
#20 0.305 libcrypt.so.1.1.0
#20 0.305 libcrypto.so.3
#20 0.305 libctf-nobfd.so.0
#20 0.305 libctf-nobfd.so.0.0.0
#20 0.305 libctf.so.0
#20 0.305 libctf.so.0.0.0
#20 0.305 libcurl.so.4
#20 0.305 libcurl.so.4.7.0
#20 0.305 libcurses.a
#20 0.305 libcurses.so
#20 0.305 libdatrie.so.1
#20 0.305 libdatrie.so.1.4.0
#20 0.305 libdav1d.so.5
#20 0.305 libdav1d.so.5.1.1
#20 0.305 libdb-5.3.so
#20 0.305 libdebconfclient.so.0
#20 0.305 libdebconfclient.so.0.0.0
#20 0.305 libdeflate.so.0
#20 0.305 libdl.a
#20 0.305 libdl.so.2
#20 0.305 libdrm.so.2
#20 0.305 libdrm.so.2.4.0
#20 0.305 libdrm_amdgpu.so.1
#20 0.305 libdrm_amdgpu.so.1.0.0
#20 0.305 libdrm_intel.so.1
#20 0.305 libdrm_intel.so.1.0.0
#20 0.305 libdrm_nouveau.so.2
#20 0.305 libdrm_nouveau.so.2.0.0
#20 0.305 libdrm_radeon.so.1
#20 0.305 libdrm_radeon.so.1.0.1
#20 0.305 libe2p.so.2
#20 0.305 libe2p.so.2.3
#20 0.305 libedit.so.2
#20 0.305 libedit.so.2.0.68
#20 0.305 libelf-0.186.so
#20 0.305 libelf.so.1
#20 0.305 libexpat.so.1
#20 0.305 libexpat.so.1.8.7
#20 0.305 libexpatw.so.1
#20 0.305 libexpatw.so.1.8.7
#20 0.305 libext2fs.so.2
#20 0.305 libext2fs.so.2.4
#20 0.305 libffi.a
#20 0.305 libffi.so
#20 0.305 libffi.so.8
#20 0.305 libffi.so.8.1.0
#20 0.305 libffi_pic.a
#20 0.305 libfontconfig.so.1
#20 0.305 libfontconfig.so.1.12.0
#20 0.305 libform.a
#20 0.305 libform.so
#20 0.305 libform.so.6
#20 0.305 libform.so.6.3
#20 0.305 libformw.a
#20 0.305 libformw.so
#20 0.305 libformw.so.6
#20 0.305 libformw.so.6.3
#20 0.305 libfreetype.so.6
#20 0.305 libfreetype.so.6.18.1
#20 0.305 libfribidi.so.0
#20 0.305 libfribidi.so.0.4.0
#20 0.305 libg.a
#20 0.305 libgc.so.1
#20 0.305 libgc.so.1.4.4
#20 0.305 libgcc_s.so.1
#20 0.305 libgccpp.so.1
#20 0.305 libgccpp.so.1.4.1
#20 0.305 libgcrypt.so.20
#20 0.305 libgcrypt.so.20.3.4
#20 0.305 libgd.so.3
#20 0.305 libgd.so.3.0.8
#20 0.305 libgdk_pixbuf-2.0.so.0
#20 0.305 libgdk_pixbuf-2.0.so.0.4200.8
#20 0.305 libgio-2.0.so.0
#20 0.305 libgio-2.0.so.0.7200.4
#20 0.305 libglib-2.0.so.0
#20 0.305 libglib-2.0.so.0.7200.4
#20 0.305 libgme.so.0
#20 0.305 libgme.so.0.6.3
#20 0.305 libgmodule-2.0.so.0
#20 0.305 libgmodule-2.0.so.0.7200.4
#20 0.305 libgmp.so.10
#20 0.305 libgmp.so.10.4.1
#20 0.305 libgnutls.so.30
#20 0.305 libgnutls.so.30.31.0
#20 0.305 libgobject-2.0.so.0
#20 0.305 libgobject-2.0.so.0.7200.4
#20 0.305 libgomp.so.1
#20 0.305 libgomp.so.1.0.0
#20 0.305 libgpg-error.so.0
#20 0.305 libgpg-error.so.0.32.1
#20 0.305 libgraphite2.so.2.0.0
#20 0.305 libgraphite2.so.3
#20 0.305 libgraphite2.so.3.2.1
#20 0.305 libgsm.so.1
#20 0.305 libgsm.so.1.0.19
#20 0.305 libgssapi_krb5.so.2
#20 0.305 libgssapi_krb5.so.2.2
#20 0.305 libgthread-2.0.so.0
#20 0.305 libgthread-2.0.so.0.7200.4
#20 0.305 libharfbuzz.so.0
#20 0.305 libharfbuzz.so.0.20704.0
#20 0.305 libhistory.so.8
#20 0.305 libhistory.so.8.1
#20 0.305 libhogweed.so.6
#20 0.305 libhogweed.so.6.4
#20 0.305 libicudata.a
#20 0.305 libicudata.so
#20 0.305 libicudata.so.70
#20 0.305 libicudata.so.70.1
#20 0.305 libicui18n.a
#20 0.305 libicui18n.so
#20 0.305 libicui18n.so.70
#20 0.305 libicui18n.so.70.1
#20 0.305 libicuio.a
#20 0.305 libicuio.so
#20 0.305 libicuio.so.70
#20 0.305 libicuio.so.70.1
#20 0.305 libicutest.a
#20 0.305 libicutest.so
#20 0.305 libicutest.so.70
#20 0.305 libicutest.so.70.1
#20 0.305 libicutu.a
#20 0.305 libicutu.so
#20 0.305 libicutu.so.70
#20 0.305 libicutu.so.70.1
#20 0.305 libicuuc.a
#20 0.305 libicuuc.so
#20 0.305 libicuuc.so.70
#20 0.305 libicuuc.so.70.1
#20 0.305 libidn2.so.0
#20 0.305 libidn2.so.0.3.7
#20 0.305 libigdgmm.so.12
#20 0.305 libigdgmm.so.12.1.0
#20 0.305 libisl.so.23
#20 0.305 libisl.so.23.1.0
#20 0.305 libitm.so.1
#20 0.305 libitm.so.1.0.0
#20 0.305 libjbig.so.0
#20 0.305 libjpeg.so.8
#20 0.305 libjpeg.so.8.2.2
#20 0.305 libjsoncpp.so.1.9.5
#20 0.305 libjsoncpp.so.25
#20 0.305 libk5crypto.so.3
#20 0.305 libk5crypto.so.3.1
#20 0.305 libkeyutils.so.1
#20 0.305 libkeyutils.so.1.9
#20 0.305 libkrb5.so.3
#20 0.305 libkrb5.so.3.3
#20 0.305 libkrb5support.so.0
#20 0.305 libkrb5support.so.0.1
#20 0.305 liblber-2.5.so.0
#20 0.305 liblber-2.5.so.0.1.13
#20 0.305 libldap-2.5.so.0
#20 0.305 libldap-2.5.so.0.1.13
#20 0.305 liblsan.so.0
#20 0.305 liblsan.so.0.0.0
#20 0.305 liblz4.so.1
#20 0.305 liblz4.so.1.9.3
#20 0.305 liblzma.so.5
#20 0.305 liblzma.so.5.2.5
#20 0.305 libm-2.35.a
#20 0.305 libm.a
#20 0.305 libm.so
#20 0.305 libm.so.6
#20 0.305 libmcheck.a
#20 0.305 libmd.so.0
#20 0.305 libmd.so.0.0.5
#20 0.305 libmemusage.so
#20 0.305 libmenu.a
#20 0.305 libmenu.so
#20 0.305 libmenu.so.6
#20 0.305 libmenu.so.6.3
#20 0.305 libmenuw.a
#20 0.305 libmenuw.so
#20 0.305 libmenuw.so.6
#20 0.305 libmenuw.so.6.3
#20 0.305 libmfx-tracer.so.1
#20 0.305 libmfx-tracer.so.1.35
#20 0.305 libmfx.so.1
#20 0.305 libmfx.so.1.35
#20 0.305 libmfxhw64.so.1
#20 0.305 libmfxhw64.so.1.35
#20 0.305 libmount.so.1
#20 0.305 libmount.so.1.1.0
#20 0.305 libmp3lame.so.0
#20 0.305 libmp3lame.so.0.0.0
#20 0.305 libmpc.so.3
#20 0.305 libmpc.so.3.2.1
#20 0.305 libmpdec++.so.2.5.1
#20 0.305 libmpdec++.so.3
#20 0.305 libmpdec.so.2.5.1
#20 0.305 libmpdec.so.3
#20 0.305 libmpfr.so.6
#20 0.305 libmpfr.so.6.1.0
#20 0.305 libmpg123.so.0
#20 0.305 libmpg123.so.0.46.7
#20 0.305 libmvec.a
#20 0.305 libmvec.so
#20 0.305 libmvec.so.1
#20 0.305 libncurses++.a
#20 0.305 libncurses++w.a
#20 0.305 libncurses.a
#20 0.305 libncurses.so
#20 0.305 libncurses.so.6
#20 0.305 libncurses.so.6.3
#20 0.305 libncursesw.a
#20 0.305 libncursesw.so
#20 0.305 libncursesw.so.6
#20 0.305 libncursesw.so.6.3
#20 0.305 libnettle.so.8
#20 0.305 libnettle.so.8.4
#20 0.305 libnghttp2.so.14
#20 0.305 libnghttp2.so.14.20.1
#20 0.305 libnorm.so.1
#20 0.305 libnsl.a
#20 0.305 libnsl.so
#20 0.305 libnsl.so.1
#20 0.305 libnsl.so.2
#20 0.305 libnsl.so.2.0.1
#20 0.305 libnss_compat.so
#20 0.305 libnss_compat.so.2
#20 0.305 libnss_dns.so.2
#20 0.305 libnss_files.so.2
#20 0.305 libnss_hesiod.so
#20 0.305 libnss_hesiod.so.2
#20 0.305 libnuma.so.1
#20 0.305 libnuma.so.1.0.0
#20 0.305 libobjc.so.4
#20 0.305 libobjc.so.4.0.0
#20 0.305 libobjc_gc.so.4
#20 0.305 libobjc_gc.so.4.0.0
#20 0.305 libogg.so.0
#20 0.305 libogg.so.0.8.5
#20 0.305 libopcodes-2.38-system.so
#20 0.305 libopenjp2.so.2.4.0
#20 0.305 libopenjp2.so.7
#20 0.305 libopenmpt.so.0
#20 0.305 libopenmpt.so.0.3.3
#20 0.305 libopus.so.0
#20 0.305 libopus.so.0.8.0
#20 0.305 libp11-kit.so.0
#20 0.305 libp11-kit.so.0.3.0
#20 0.305 libpam.so.0
#20 0.305 libpam.so.0.85.1
#20 0.305 libpam_misc.so.0
#20 0.305 libpam_misc.so.0.82.1
#20 0.305 libpamc.so.0
#20 0.305 libpamc.so.0.82.1
#20 0.305 libpanel.a
#20 0.305 libpanel.so
#20 0.305 libpanel.so.6
#20 0.305 libpanel.so.6.3
#20 0.305 libpanelw.a
#20 0.305 libpanelw.so
#20 0.305 libpanelw.so.6
#20 0.305 libpanelw.so.6.3
#20 0.305 libpango-1.0.so.0
#20 0.305 libpango-1.0.so.0.5000.6
#20 0.305 libpangocairo-1.0.so.0
#20 0.305 libpangocairo-1.0.so.0.5000.6
#20 0.305 libpangoft2-1.0.so.0
#20 0.305 libpangoft2-1.0.so.0.5000.6
#20 0.305 libpciaccess.so.0
#20 0.305 libpciaccess.so.0.11.1
#20 0.305 libpcprofile.so
#20 0.305 libpcre.so.3
#20 0.305 libpcre.so.3.13.3
#20 0.305 libpcre2-8.so.0
#20 0.305 libpcre2-8.so.0.10.4
#20 0.305 libpcreposix.so.3
#20 0.305 libpcreposix.so.3.13.3
#20 0.305 libpfm.so.4
#20 0.305 libpfm.so.4.11.1
#20 0.305 libpgm-5.3.so.0
#20 0.305 libpgm-5.3.so.0.0.128
#20 0.305 libpipeline.so.1
#20 0.305 libpipeline.so.1.5.5
#20 0.305 libpixman-1.so.0
#20 0.305 libpixman-1.so.0.40.0
#20 0.305 libpng16.so.16
#20 0.305 libpng16.so.16.37.0
#20 0.305 libprocps.so.8
#20 0.305 libprocps.so.8.0.3
#20 0.305 libpsl.so.5
#20 0.305 libpsl.so.5.3.2
#20 0.305 libpthread.a
#20 0.305 libpthread.so.0
#20 0.305 libquadmath.so.0
#20 0.305 libquadmath.so.0.0.0
#20 0.305 librabbitmq.so.4
#20 0.305 librabbitmq.so.4.4.0
#20 0.305 libreadline.so.8
#20 0.305 libreadline.so.8.1
#20 0.305 libresolv.a
#20 0.305 libresolv.so
#20 0.305 libresolv.so.2
#20 0.305 librhash.so.0
#20 0.305 librsvg-2.so.2
#20 0.305 librsvg-2.so.2.48.0
#20 0.305 librt.a
#20 0.305 librt.so.1
#20 0.305 librtmp.so.1
#20 0.305 libsasl2.so.2
#20 0.305 libsasl2.so.2.0.25
#20 0.305 libseccomp.so.2
#20 0.305 libseccomp.so.2.5.3
#20 0.305 libselinux.so.1
#20 0.305 libsemanage.so.2
#20 0.305 libsepol.so.2
#20 0.305 libshine.so.3
#20 0.305 libshine.so.3.0.1
#20 0.305 libsmartcols.so.1
#20 0.305 libsmartcols.so.1.1.0
#20 0.305 libsnappy.so.1
#20 0.305 libsnappy.so.1.1.8
#20 0.305 libsodium.so.23
#20 0.305 libsodium.so.23.3.0
#20 0.305 libsoxr.so.0
#20 0.305 libsoxr.so.0.1.2
#20 0.305 libspeex.so.1
#20 0.305 libspeex.so.1.5.0
#20 0.305 libsqlite3.so.0
#20 0.305 libsqlite3.so.0.8.6
#20 0.305 libsrt-gnutls.so.1.4
#20 0.305 libsrt-gnutls.so.1.4.4
#20 0.305 libss.so.2
#20 0.305 libss.so.2.0
#20 0.305 libssh-gcrypt.so.4
#20 0.305 libssh-gcrypt.so.4.8.7
#20 0.305 libssh.so.4
#20 0.305 libssh.so.4.8.7
#20 0.305 libssl.so.3
#20 0.305 libstdc++.so.6
#20 0.305 libstdc++.so.6.0.30
#20 0.305 libswresample.a
#20 0.305 libswresample.so
#20 0.305 libswresample.so.3
#20 0.305 libswresample.so.3.9.100
#20 0.305 libswscale.a
#20 0.305 libswscale.so
#20 0.305 libswscale.so.5
#20 0.305 libswscale.so.5.9.100
#20 0.305 libsystemd.so.0
#20 0.305 libsystemd.so.0.32.0
#20 0.305 libtasn1.so.6
#20 0.305 libtasn1.so.6.6.2
#20 0.305 libtermcap.a
#20 0.305 libtermcap.so
#20 0.305 libthai.so.0
#20 0.305 libthai.so.0.3.1
#20 0.305 libtheora.so.0
#20 0.305 libtheora.so.0.3.10
#20 0.305 libtheoradec.so.1
#20 0.305 libtheoradec.so.1.1.4
#20 0.305 libtheoraenc.so.1
#20 0.305 libtheoraenc.so.1.1.2
#20 0.305 libthread_db.so
#20 0.305 libthread_db.so.1
#20 0.305 libtic.a
#20 0.305 libtic.so
#20 0.305 libtic.so.6
#20 0.305 libtic.so.6.3
#20 0.305 libtiff.so.5
#20 0.305 libtiff.so.5.7.0
#20 0.305 libtinfo.a
#20 0.305 libtinfo.so
#20 0.305 libtinfo.so.6
#20 0.305 libtinfo.so.6.3
#20 0.305 libtirpc.a
#20 0.305 libtirpc.so
#20 0.305 libtirpc.so.3
#20 0.305 libtirpc.so.3.0.0
#20 0.305 libtsan.so.0
#20 0.305 libtsan.so.0.0.0
#20 0.305 libtwolame.so.0
#20 0.305 libtwolame.so.0.0.0
#20 0.305 libubsan.so.1
#20 0.305 libubsan.so.1.0.0
#20 0.305 libudev.so.1
#20 0.305 libudev.so.1.7.2
#20 0.305 libudfread.so.0
#20 0.305 libudfread.so.0.1.0
#20 0.305 libunistring.so.2
#20 0.305 libunistring.so.2.2.0
#20 0.305 libutil.a
#20 0.305 libutil.so.1
#20 0.305 libuuid.so.1
#20 0.305 libuuid.so.1.3.0
#20 0.305 libuv.so.1
#20 0.305 libuv.so.1.0.0
#20 0.305 libva-drm.so.2
#20 0.305 libva-drm.so.2.1400.0
#20 0.305 libva-x11.so.2
#20 0.305 libva-x11.so.2.1400.0
#20 0.305 libva.so.2
#20 0.305 libva.so.2.1400.0
#20 0.305 libvdpau.so.1
#20 0.305 libvdpau.so.1.0.0
#20 0.305 libvorbis.so.0
#20 0.305 libvorbis.so.0.4.9
#20 0.305 libvorbisenc.so.2
#20 0.305 libvorbisenc.so.2.0.12
#20 0.305 libvorbisfile.so.3
#20 0.305 libvorbisfile.so.3.3.8
#20 0.305 libvpx.so.7
#20 0.305 libvpx.so.7.0
#20 0.305 libvpx.so.7.0.0
#20 0.305 libwebp.so.7
#20 0.305 libwebp.so.7.1.3
#20 0.305 libwebpmux.so.3
#20 0.305 libwebpmux.so.3.0.8
#20 0.305 libx264.so.163
#20 0.305 libx265.so.199
#20 0.305 libxcb-dri2.so.0
#20 0.305 libxcb-dri2.so.0.0.0
#20 0.305 libxcb-dri3.so.0
#20 0.305 libxcb-dri3.so.0.0.0
#20 0.305 libxcb-present.so.0
#20 0.305 libxcb-present.so.0.0.0
#20 0.305 libxcb-render.so.0
#20 0.305 libxcb-render.so.0.0.0
#20 0.305 libxcb-shm.so.0
#20 0.305 libxcb-shm.so.0.0.0
#20 0.305 libxcb-sync.so.1
#20 0.305 libxcb-sync.so.1.0.0
#20 0.305 libxcb-xfixes.so.0
#20 0.305 libxcb-xfixes.so.0.0.0
#20 0.305 libxcb.so.1
#20 0.305 libxcb.so.1.1.0
#20 0.305 libxml2.a
#20 0.305 libxml2.so
#20 0.305 libxml2.so.2
#20 0.305 libxml2.so.2.9.13
#20 0.305 libxshmfence.so.1
#20 0.305 libxshmfence.so.1.0.0
#20 0.305 libxvidcore.so.4
#20 0.305 libxvidcore.so.4.3
#20 0.305 libxxhash.so.0
#20 0.305 libxxhash.so.0.8.1
#20 0.305 libyaml-0.so.2
#20 0.305 libyaml-0.so.2.0.6
#20 0.305 libz.so.1
#20 0.305 libz.so.1.2.11
#20 0.305 libz3.so
#20 0.305 libz3.so.4
#20 0.305 libzmq.so.5
#20 0.305 libzmq.so.5.2.4
#20 0.305 libzstd.so.1
#20 0.305 libzstd.so.1.4.8
#20 0.305 libzvbi-chains.so.0
#20 0.305 libzvbi-chains.so.0.0.0
#20 0.305 libzvbi.so.0
#20 0.305 libzvbi.so.0.13.2
#20 0.305 mfx
#20 0.305 ossl-modules
#20 0.305 perl-base
#20 0.305 pkgconfig
#20 0.305 rcrt1.o
#20 0.305 sasl2
#20 0.305 security
#20 0.305 vdpau
#20 0.305 xml2Conf.sh
#20 0.306 + ls /opt/opencv/include
#20 0.306 opencv4
#20 0.307 + ls /opt/opencv/include/opencv4
#20 0.307 opencv2
#20 0.307 + ls /usr/include/x86_64-linux-gnu
#20 0.309 a.out.h
#20 0.309 asm
#20 0.309 bits
#20 0.309 c++
#20 0.309 ffi.h
#20 0.309 ffitarget.h
#20 0.309 fpu_control.h
#20 0.309 gnu
#20 0.309 ieee754.h
#20 0.309 libavcodec
#20 0.309 libavformat
#20 0.309 libavutil
#20 0.309 libswresample
#20 0.309 libswscale
#20 0.309 sys
#20 DONE 0.3s

#21 [test  8/11] RUN set -xeu && 	cd /root/oko/backend && 	cargo build
#21 0.448 + cd /root/oko/backend
#21 0.448 + cargo build
#21 0.862     Updating crates.io index
#21 5.031  Downloading crates ...
#21 5.356   Downloaded axum-core v0.4.5
#21 5.364   Downloaded crc-catalog v2.4.0
#21 5.366   Downloaded cpufeatures v0.2.16
#21 5.368   Downloaded autocfg v1.4.0
#21 5.396   Downloaded icu_provider_macros v1.5.0
#21 5.402   Downloaded foreign-types v0.3.2
#21 5.404   Downloaded foreign-types-shared v0.1.1
#21 5.406   Downloaded equivalent v1.0.1
#21 5.415   Downloaded http-body v1.0.1
#21 5.432   Downloaded crypto-common v0.1.6
#21 5.435   Downloaded crc v3.2.1
#21 5.443   Downloaded crossbeam-queue v0.3.11
#21 5.448   Downloaded futures-io v0.3.31
#21 5.451   Downloaded block-buffer v0.10.4
#21 5.453   Downloaded concurrent-queue v2.5.0
#21 5.457   Downloaded tower-cookies v0.10.0
#21 5.463   Downloaded dunce v1.0.5
#21 5.467   Downloaded hex v0.4.3
#21 5.477   Downloaded rust-embed-impl v8.5.0
#21 5.481   Downloaded cfg-if v1.0.0
#21 5.485   Downloaded futures-executor v0.3.31
#21 5.489   Downloaded zerofrom v0.1.5
#21 5.492   Downloaded jobserver v0.1.32
#21 5.499   Downloaded yoke-derive v0.7.5
#21 5.502   Downloaded getrandom v0.2.15
#21 5.510   Downloaded openssl-probe v0.1.5
#21 5.513   Downloaded openssl-macros v0.1.1
#21 5.515   Downloaded allocator-api2 v0.2.21
#21 5.523   Downloaded same-file v1.0.6
#21 5.526   Downloaded rand_chacha v0.3.1
#21 5.529   Downloaded writeable v0.5.5
#21 5.532   Downloaded sha1 v0.10.6
#21 5.535   Downloaded mime v0.3.17
#21 5.537   Downloaded stringprep v0.1.5
#21 5.539   Downloaded flume v0.11.1
#21 5.545   Downloaded md-5 v0.10.6
#21 5.549   Downloaded rand_core v0.6.4
#21 5.551   Downloaded rust-embed-utils v8.5.0
#21 5.553   Downloaded sqlx-macros v0.8.2
#21 5.555   Downloaded thiserror v2.0.6
#21 5.563   Downloaded ppv-lite86 v0.2.20
#21 5.566   Downloaded ryu v1.0.18
#21 5.572   Downloaded subtle v2.6.1
#21 5.577   Downloaded stable_deref_trait v1.2.0
#21 5.580   Downloaded pin-project-lite v0.2.15
#21 5.592   Downloaded rmp-serde v1.3.0
#21 5.598   Downloaded thread_local v1.1.8
#21 5.603   Downloaded unicode-properties v0.1.3
#21 5.607   Downloaded signal-hook-registry v1.4.2
#21 5.610   Downloaded slab v0.4.9
#21 5.613   Downloaded openssl-sys v0.9.104
#21 5.621   Downloaded thiserror-impl v2.0.6
#21 5.625   Downloaded sqlformat v0.2.6
#21 5.628   Downloaded tinystr v0.7.6
#21 5.632   Downloaded spki v0.7.3
#21 5.636   Downloaded rsa v0.9.7
#21 5.645   Downloaded regex-automata v0.1.10
#21 5.652   Downloaded tempfile v3.14.0
#21 5.657   Downloaded spin v0.9.8
#21 5.662   Downloaded sqlx-macros-core v0.8.2
#21 5.665   Downloaded sha2 v0.10.8
#21 5.669   Downloaded sqlx-core v0.8.2
#21 5.680   Downloaded tracing-subscriber v0.3.19
#21 5.692   Downloaded semver v1.0.23
#21 5.700   Downloaded hkdf v0.12.4
#21 5.704   Downloaded regex v1.11.1
#21 5.731   Downloaded tinyvec v1.8.0
#21 5.738   Downloaded sqlx v0.8.2
#21 5.769   Downloaded time v0.3.37
#21 5.782   Downloaded sqlx-postgres v0.8.2
#21 5.792   Downloaded regex-syntax v0.8.5
#21 5.801   Downloaded serde_json v1.0.133
#21 5.811   Downloaded icu_properties_data v1.5.0
#21 5.824   Downloaded chrono v0.4.39
#21 5.833   Downloaded regex-syntax v0.6.29
#21 5.842   Downloaded sqlx-sqlite v0.8.2
#21 5.847   Downloaded serde v1.0.216
#21 5.852   Downloaded openssl v0.10.68
#21 5.864   Downloaded syn v2.0.90
#21 5.877   Downloaded rustix v0.38.42
#21 5.914   Downloaded futures-util v0.3.31
#21 5.930   Downloaded sqlx-mysql v0.8.2
#21 5.938   Downloaded sharded-slab v0.1.7
#21 5.942   Downloaded vcpkg v0.2.15
#21 6.003   Downloaded socket2 v0.5.8
#21 6.006   Downloaded zerocopy v0.7.35
#21 6.027   Downloaded unicode-normalization v0.1.24
#21 6.033   Downloaded tower-http v0.6.2
#21 6.044   Downloaded hyper v1.5.1
#21 6.053   Downloaded tokio v1.42.0
#21 6.104   Downloaded hashbrown v0.15.2
#21 6.112   Downloaded axum v0.7.9
#21 6.122   Downloaded serde_derive v1.0.216
#21 6.126   Downloaded opencv-binding-generator v0.93.0
#21 6.140   Downloaded num-bigint-dig v0.8.4
#21 6.146   Downloaded nom v7.1.3
#21 6.153   Downloaded zerovec v0.10.4
#21 6.161   Downloaded aho-corasick v1.1.3
#21 6.167   Downloaded tokio-util v0.7.13
#21 6.177   Downloaded libc v0.2.168
#21 6.216   Downloaded rand v0.8.5
#21 6.221   Downloaded opencv v0.93.5
#21 6.268   Downloaded mio v1.0.3
#21 6.276   Downloaded memchr v2.7.4
#21 6.284   Downloaded tower v0.5.2
#21 6.299   Downloaded regex-automata v0.4.9
#21 6.319   Downloaded idna v1.0.3
#21 6.324   Downloaded hashbrown v0.14.5
#21 6.330   Downloaded thiserror-impl v1.0.69
#21 6.332   Downloaded thiserror v1.0.69
#21 6.338   Downloaded unicode_categories v0.1.1
#21 6.341   Downloaded minimal-lexical v0.2.1
#21 6.347   Downloaded url v2.5.4
#21 6.351   Downloaded tracing-core v0.1.33
#21 6.354   Downloaded tracing v0.1.41
#21 6.359   Downloaded synstructure v0.13.1
#21 6.361   Downloaded sync_wrapper v1.0.2
#21 6.363   Downloaded serde_urlencoded v0.7.1
#21 6.365   Downloaded serde_path_to_error v0.1.16
#21 6.368   Downloaded unicode-bidi v0.3.17
#21 6.372   Downloaded tungstenite v0.24.0
#21 6.376   Downloaded rust-embed v8.5.0
#21 6.386   Downloaded signature v2.2.0
#21 6.388   Downloaded time-macros v0.2.19
#21 6.391   Downloaded parking_lot v0.12.3
#21 6.394   Downloaded shlex v1.3.0
#21 6.395   Downloaded proc-macro2 v1.0.92
#21 6.399   Downloaded unicode-ident v1.0.14
#21 6.403   Downloaded tokio-stream v0.1.17
#21 6.408   Downloaded num-traits v0.2.19
#21 6.411   Downloaded matchit v0.7.3
#21 6.414   Downloaded log v0.4.22
#21 6.417   Downloaded unicase v2.8.0
#21 6.420   Downloaded typenum v1.17.0
#21 6.423   Downloaded tracing-attributes v0.1.28
#21 6.426   Downloaded tower-sessions v0.13.0
#21 6.430   Downloaded lock_api v0.4.12
#21 6.432   Downloaded libm v0.2.11
#21 6.441   Downloaded rmp v0.8.14
#21 6.446   Downloaded quote v1.0.37
#21 6.450   Downloaded pkg-config v0.3.31
#21 6.453   Downloaded pkcs8 v0.10.2
#21 6.456   Downloaded pem-rfc7468 v0.7.0
#21 6.459   Downloaded parking_lot_core v0.9.10
#21 6.461   Downloaded once_cell v1.20.2
#21 6.465   Downloaded mime_guess v2.0.5
#21 6.467   Downloaded zerocopy-derive v0.7.35
#21 6.473   Downloaded yoke v0.7.5
#21 6.475   Downloaded walkdir v2.5.0
#21 6.478   Downloaded version_check v0.9.5
#21 6.480   Downloaded native-tls v0.2.12
#21 6.483   Downloaded http v1.2.0
#21 6.488   Downloaded password-hash v0.5.0
#21 6.490   Downloaded scopeguard v1.2.0
#21 6.492   Downloaded rustversion v1.0.18
#21 6.496   Downloaded pkcs1 v0.7.5
#21 6.499   Downloaded linux-raw-sys v0.4.14
#21 6.546   Downloaded whoami v1.5.2
#21 6.549   Downloaded tokio-tungstenite v0.24.0
#21 6.552   Downloaded paste v1.0.15
#21 6.557   Downloaded tokio-native-tls v0.3.1
#21 6.559   Downloaded cc v1.2.3
#21 6.564   Downloaded parking v2.2.1
#21 6.565   Downloaded num-iter v0.1.45
#21 6.566   Downloaded num-integer v0.1.46
#21 6.569   Downloaded zerovec-derive v0.10.3
#21 6.571   Downloaded zeroize v1.8.1
#21 6.574   Downloaded utf8_iter v1.0.4
#21 6.575   Downloaded indexmap v2.7.0
#21 6.581   Downloaded icu_collections v1.5.0
#21 6.590   Downloaded hyper-util v0.1.10
#21 6.596   Downloaded futures-intrusive v0.5.0
#21 6.602   Downloaded der v0.7.9
#21 6.609   Downloaded tower-sessions-sqlx-store v0.14.2
#21 6.611   Downloaded bitflags v2.6.0
#21 6.616   Downloaded tinyvec_macros v0.1.1
#21 6.618   Downloaded axum-embed v0.1.0
#21 6.628   Downloaded time-core v0.1.2
#21 6.629   Downloaded pin-utils v0.1.0
#21 6.630   Downloaded percent-encoding v2.3.1
#21 6.631   Downloaded utf16_iter v1.0.5
#21 6.633   Downloaded base64 v0.22.1
#21 6.638   Downloaded zerofrom-derive v0.1.5
#21 6.639   Downloaded icu_provider v1.5.0
#21 6.643   Downloaded icu_properties v1.5.1
#21 6.646   Downloaded smallvec v1.13.2
#21 6.650   Downloaded tower-sessions-core v0.13.0
#21 6.651   Downloaded clang v2.0.0
#21 6.655   Downloaded bytes v1.9.0
#21 6.660   Downloaded powerfmt v0.2.0
#21 6.662   Downloaded utf-8 v0.7.6
#21 6.663   Downloaded tokio-macros v2.4.0
#21 6.664   Downloaded icu_normalizer_data v1.5.0
#21 6.667   Downloaded icu_locid_transform_data v1.5.0
#21 6.669   Downloaded event-listener v5.3.1
#21 6.672   Downloaded const-oid v0.9.6
#21 6.674   Downloaded ahash v0.8.11
#21 6.677   Downloaded password-auth v1.0.0
#21 6.679   Downloaded tower-service v0.3.3
#21 6.680   Downloaded tower-layer v0.3.3
#21 6.681   Downloaded icu_normalizer v1.5.0
#21 6.685   Downloaded icu_locid v1.5.0
#21 6.693   Downloaded iana-time-zone v0.1.61
#21 6.696   Downloaded hmac v0.12.1
#21 6.699   Downloaded futures v0.3.31
#21 6.705   Downloaded crossbeam-utils v0.8.20
#21 6.709   Downloaded cookie v0.18.1
#21 6.712   Downloaded num-conv v0.1.0
#21 6.713   Downloaded matchers v0.1.0
#21 6.714   Downloaded urlencoding v2.1.3
#21 6.716   Downloaded tower-sessions-memory-store v0.13.0
#21 6.716   Downloaded clang-sys v1.8.1
#21 6.720   Downloaded blake2 v0.10.6
#21 6.723   Downloaded write16 v1.0.0
#21 6.724   Downloaded litemap v0.7.4
#21 6.727   Downloaded httparse v1.9.5
#21 6.730   Downloaded digest v0.10.7
#21 6.732   Downloaded futures-channel v0.3.31
#21 6.735   Downloaded either v1.13.0
#21 6.737   Downloaded icu_locid_transform v1.5.0
#21 6.740   Downloaded hashlink v0.9.1
#21 6.743   Downloaded displaydoc v0.2.5
#21 6.746   Downloaded base64ct v1.6.0
#21 6.750   Downloaded async-trait v0.1.83
#21 6.754   Downloaded argon2 v0.5.3
#21 6.756   Downloaded lazy_static v1.5.0
#21 6.758   Downloaded itoa v1.0.14
#21 6.760   Downloaded idna_adapter v1.2.0
#21 6.761   Downloaded httpdate v1.0.3
#21 6.763   Downloaded http-range-header v0.4.2
#21 6.764   Downloaded http-body-util v0.1.2
#21 6.766   Downloaded home v0.5.9
#21 6.768   Downloaded glob v0.3.1
#21 6.769   Downloaded futures-task v0.3.31
#21 6.771   Downloaded futures-macro v0.3.31
#21 6.772   Downloaded futures-core v0.3.31
#21 6.774   Downloaded form_urlencoded v1.2.1
#21 6.775   Downloaded fnv v1.0.7
#21 6.776   Downloaded dotenvy v0.15.7
#21 6.780   Downloaded deranged v0.3.11
#21 6.782   Downloaded data-encoding v2.6.0
#21 6.783   Downloaded heck v0.5.0
#21 6.785   Downloaded generic-array v0.14.7
#21 6.787   Downloaded futures-sink v0.3.31
#21 6.788   Downloaded fastrand v2.3.0
#21 6.790   Downloaded errno v0.3.10
#21 6.792   Downloaded byteorder v1.5.0
#21 6.795   Downloaded axum-login v0.16.0
#21 6.797   Downloaded atoi v2.0.0
#21 6.802   Downloaded libsqlite3-sys v0.30.1
#21 7.021    Compiling proc-macro2 v1.0.92
#21 7.021    Compiling unicode-ident v1.0.14
#21 7.021    Compiling autocfg v1.4.0
#21 7.021    Compiling libc v0.2.168
#21 7.024    Compiling cfg-if v1.0.0
#21 7.026    Compiling version_check v0.9.5
#21 7.026    Compiling memchr v2.7.4
#21 7.028    Compiling futures-core v0.3.31
#21 7.030    Compiling pin-project-lite v0.2.15
#21 7.031    Compiling typenum v1.17.0
#21 7.032    Compiling itoa v1.0.14
#21 7.036    Compiling bytes v1.9.0
#21 7.044    Compiling once_cell v1.20.2
#21 7.048    Compiling pin-utils v0.1.0
#21 7.049    Compiling futures-io v0.3.31
#21 7.049    Compiling futures-task v0.3.31
#21 7.221    Compiling serde v1.0.216
#21 7.222    Compiling cpufeatures v0.2.16
#21 7.237    Compiling stable_deref_trait v1.2.0
#21 7.265    Compiling futures-sink v0.3.31
#21 7.279    Compiling scopeguard v1.2.0
#21 7.291    Compiling percent-encoding v2.3.1
#21 7.301    Compiling subtle v2.6.1
#21 7.317    Compiling byteorder v1.5.0
#21 7.318    Compiling writeable v0.5.5
#21 7.332    Compiling parking_lot_core v0.9.10
#21 7.350    Compiling litemap v0.7.4
#21 7.354    Compiling smallvec v1.13.2
#21 7.364    Compiling powerfmt v0.2.0
#21 7.468    Compiling icu_locid_transform_data v1.5.0
#21 7.475    Compiling log v0.4.22
#21 7.498    Compiling generic-array v0.14.7
#21 7.512    Compiling icu_properties_data v1.5.0
#21 7.564    Compiling ryu v1.0.18
#21 7.568    Compiling fnv v1.0.7
#21 7.568    Compiling num-conv v0.1.0
#21 7.610    Compiling time-core v0.1.2
#21 7.646    Compiling thiserror v1.0.69
#21 7.669    Compiling slab v0.4.9
#21 7.676    Compiling http v1.2.0
#21 7.676    Compiling write16 v1.0.0
#21 7.686    Compiling icu_normalizer_data v1.5.0
#21 7.704    Compiling serde_json v1.0.133
#21 7.749    Compiling time-macros v0.2.19
#21 7.752    Compiling utf8_iter v1.0.4
#21 7.761    Compiling utf16_iter v1.0.5
#21 7.775    Compiling lock_api v0.4.12
#21 7.777    Compiling ahash v0.8.11
#21 7.792    Compiling tracing-core v0.1.33
#21 7.812    Compiling form_urlencoded v1.2.1
#21 7.881    Compiling shlex v1.3.0
#21 7.907    Compiling crossbeam-utils v0.8.20
#21 8.045    Compiling num-traits v0.2.19
#21 8.151    Compiling futures-channel v0.3.31
#21 8.155    Compiling pkg-config v0.3.31
#21 8.188    Compiling vcpkg v0.2.15
#21 8.214    Compiling allocator-api2 v0.2.21
#21 8.258    Compiling paste v1.0.15
#21 8.301    Compiling tower-service v0.3.3
#21 8.347    Compiling rustversion v1.0.18
#21 8.395    Compiling mime v0.3.17
#21 8.422    Compiling tower-layer v0.3.3
#21 8.500    Compiling quote v1.0.37
#21 8.725    Compiling syn v2.0.90
#21 8.756    Compiling socket2 v0.5.8
#21 8.768    Compiling mio v1.0.3
#21 8.769    Compiling signal-hook-registry v1.4.2
#21 8.808    Compiling getrandom v0.2.15
#21 8.830    Compiling jobserver v0.1.32
#21 8.945    Compiling http-body v1.0.1
#21 9.035    Compiling rand_core v0.6.4
#21 9.080    Compiling minimal-lexical v0.2.1
#21 9.103    Compiling cc v1.2.3
#21 9.263    Compiling sync_wrapper v1.0.2
#21 9.301    Compiling concurrent-queue v2.5.0
#21 9.308    Compiling hashbrown v0.15.2
#21 9.327    Compiling unicode_categories v0.1.1
#21 9.351    Compiling nom v7.1.3
#21 9.425    Compiling zerocopy v0.7.35
#21 9.447    Compiling parking v2.2.1
#21 9.523    Compiling crypto-common v0.1.6
#21 9.524    Compiling block-buffer v0.10.4
#21 9.542    Compiling equivalent v1.0.1
#21 9.577    Compiling crc-catalog v2.4.0
#21 9.580    Compiling event-listener v5.3.1
#21 9.609    Compiling crossbeam-queue v0.3.11
#21 9.615    Compiling httparse v1.9.5
#21 9.649    Compiling crc v3.2.1
#21 9.669    Compiling digest v0.10.7
#21 9.694    Compiling glob v0.3.1
#21 9.738    Compiling hex v0.4.3
#21 9.768    Compiling base64 v0.22.1
#21 9.899    Compiling sha2 v0.10.8
#21 9.948    Compiling parking_lot v0.12.3
#21 10.06    Compiling indexmap v2.7.0
#21 10.07    Compiling hashbrown v0.14.5
#21 10.09    Compiling tokio v1.42.0
#21 10.10    Compiling futures-util v0.3.31
#21 10.11    Compiling deranged v0.3.11
#21 10.12    Compiling rustix v0.38.42
#21 10.14    Compiling clang-sys v1.8.1
#21 10.23    Compiling futures-intrusive v0.5.0
#21 10.52    Compiling spin v0.9.8
#21 10.59    Compiling aho-corasick v1.1.3
#21 10.63    Compiling linux-raw-sys v0.4.14
#21 10.73    Compiling regex-syntax v0.8.5
#21 10.88    Compiling bitflags v2.6.0
#21 10.92    Compiling atoi v2.0.0
#21 10.93    Compiling hashlink v0.9.1
#21 10.95    Compiling same-file v1.0.6
#21 10.97    Compiling flume v0.11.1
#21 11.03    Compiling time v0.3.37
#21 11.07    Compiling walkdir v2.5.0
#21 11.08    Compiling cookie v0.18.1
#21 11.13    Compiling fastrand v2.3.0
#21 11.14    Compiling httpdate v1.0.3
#21 11.37    Compiling unicase v2.8.0
#21 11.44    Compiling semver v1.0.23
#21 11.44    Compiling sha1 v0.10.6
#21 11.49    Compiling hmac v0.12.1
#21 11.61    Compiling utf-8 v0.7.6
#21 11.61    Compiling dunce v1.0.5
#21 11.61    Compiling mime_guess v2.0.5
#21 11.62    Compiling dotenvy v0.15.7
#21 11.64    Compiling libsqlite3-sys v0.30.1
#21 11.71    Compiling data-encoding v2.6.0
#21 11.74    Compiling sqlformat v0.2.6
#21 11.80    Compiling clang v2.0.0
#21 11.85    Compiling heck v0.5.0
#21 12.00    Compiling rust-embed-utils v8.5.0
#21 12.05    Compiling base64ct v1.6.0
#21 12.21    Compiling regex-syntax v0.6.29
#21 12.33    Compiling password-hash v0.5.0
#21 12.65    Compiling blake2 v0.10.6
#21 13.04    Compiling rmp v0.8.14
#21 13.22    Compiling matchit v0.7.3
#21 13.23    Compiling iana-time-zone v0.1.61
#21 13.32    Compiling thiserror v2.0.6
#21 13.42    Compiling regex-automata v0.4.9
#21 13.47    Compiling lazy_static v1.5.0
#21 13.49    Compiling chrono v0.4.39
#21 13.53    Compiling sharded-slab v0.1.7
#21 13.59    Compiling tempfile v3.14.0
#21 13.68    Compiling argon2 v0.5.3
#21 13.92    Compiling futures-executor v0.3.31
#21 14.09    Compiling thread_local v1.1.8
#21 14.15    Compiling http-range-header v0.4.2
#21 14.37    Compiling synstructure v0.13.1
#21 14.40    Compiling urlencoding v2.1.3
#21 14.43    Compiling oko v0.1.2 (/root/oko/backend)
#21 14.50    Compiling password-auth v1.0.0
#21 14.62    Compiling regex-automata v0.1.10
#21 15.39    Compiling serde_derive v1.0.216
#21 15.39    Compiling zerofrom-derive v0.1.5
#21 15.39    Compiling yoke-derive v0.7.5
#21 15.40    Compiling zerovec-derive v0.10.3
#21 15.40    Compiling displaydoc v0.2.5
#21 15.41    Compiling futures-macro v0.3.31
#21 15.44    Compiling zerocopy-derive v0.7.35
#21 15.50    Compiling icu_provider_macros v1.5.0
#21 15.52    Compiling tokio-macros v2.4.0
#21 15.63    Compiling thiserror-impl v1.0.69
#21 16.56    Compiling tracing-attributes v0.1.28
#21 16.76    Compiling async-trait v0.1.83
#21 16.85    Compiling tokio-stream v0.1.17
#21 17.66    Compiling regex v1.11.1
#21 17.69    Compiling rust-embed-impl v8.5.0
#21 17.92    Compiling matchers v0.1.0
#21 18.03    Compiling thiserror-impl v2.0.6
#21 18.18    Compiling ppv-lite86 v0.2.20
#21 18.22    Compiling zerofrom v0.1.5
#21 18.27    Compiling opencv-binding-generator v0.93.0
#21 18.34    Compiling yoke v0.7.5
#21 18.59    Compiling zerovec v0.10.4
#21 18.71    Compiling rand_chacha v0.3.1
#21 18.97    Compiling rust-embed v8.5.0
#21 19.03    Compiling rand v0.8.5
#21 19.14    Compiling tracing v0.1.41
#21 19.33    Compiling tracing-subscriber v0.3.19
#21 19.72    Compiling tinystr v0.7.6
#21 19.72    Compiling icu_collections v1.5.0
#21 19.79    Compiling tungstenite v0.24.0
#21 19.86    Compiling icu_locid v1.5.0
#21 20.44    Compiling icu_provider v1.5.0
#21 20.80    Compiling icu_locid_transform v1.5.0
#21 20.82    Compiling http-body-util v0.1.2
#21 20.82    Compiling futures v0.3.31
#21 21.05    Compiling axum-core v0.4.5
#21 21.47    Compiling icu_properties v1.5.1
#21 22.13    Compiling hyper v1.5.1
#21 22.13    Compiling tower v0.5.2
#21 22.13    Compiling tokio-tungstenite v0.24.0
#21 22.13    Compiling tokio-util v0.7.13
#21 22.15    Compiling opencv v0.93.5
#21 22.65    Compiling tower-http v0.6.2
#21 22.75    Compiling either v1.13.0
#21 23.03    Compiling serde_urlencoded v0.7.1
#21 23.32    Compiling hyper-util v0.1.10
#21 23.47    Compiling serde_path_to_error v0.1.16
#21 23.60    Compiling rmp-serde v1.3.0
#21 23.60    Compiling axum-embed v0.1.0
#21 23.83    Compiling icu_normalizer v1.5.0
#21 24.15    Compiling axum v0.7.9
#21 24.39    Compiling idna_adapter v1.2.0
#21 24.44    Compiling idna v1.0.3
#21 24.74    Compiling url v2.5.4
#21 25.18    Compiling sqlx-core v0.8.2
#21 25.55    Compiling tower-sessions-core v0.13.0
#21 25.88    Compiling tower-cookies v0.10.0
#21 26.11    Compiling tower-sessions-memory-store v0.13.0
#21 26.20    Compiling tower-sessions v0.13.0
#21 27.18    Compiling sqlx-sqlite v0.8.2
#21 27.69    Compiling axum-login v0.16.0
#21 28.63    Compiling sqlx-macros-core v0.8.2
#21 29.68    Compiling sqlx-macros v0.8.2
#21 31.37    Compiling sqlx v0.8.2
#21 31.43    Compiling tower-sessions-sqlx-store v0.14.2
#21 49.86     Finished `dev` profile [unoptimized + debuginfo] target(s) in 48.87s
#21 DONE 50.4s

#22 [test  9/11] RUN set -xeu &&     DEBIAN_FRONTEND=noninteractive apt-get install -y libasound2 libatk-bridge2.0-0 libatk1.0-0 	libatspi2.0-0 libcairo2 libcups2 libdbus-1-3 libdrm2 libgbm1 libglib2.0-0 libnspr4 libnss3 	libpango-1.0-0 libwayland-client0 libx11-6 libxcb1 libxcomposite1 libxdamage1 libxext6 	libxfixes3 libxkbcommon0 libxrandr2 	pkg-config libssl-dev
#22 0.340 + DEBIAN_FRONTEND=noninteractive apt-get install -y libasound2 libatk-bridge2.0-0 libatk1.0-0 libatspi2.0-0 libcairo2 libcups2 libdbus-1-3 libdrm2 libgbm1 libglib2.0-0 libnspr4 libnss3 libpango-1.0-0 libwayland-client0 libx11-6 libxcb1 libxcomposite1 libxdamage1 libxext6 libxfixes3 libxkbcommon0 libxrandr2 pkg-config libssl-dev
#22 0.410 Reading package lists...
#22 1.328 Building dependency tree...
#22 1.507 Reading state information...
#22 1.669 libcairo2 is already the newest version (1.16.0-5ubuntu2).
#22 1.669 libcairo2 set to manually installed.
#22 1.669 libxcb1 is already the newest version (1.14-3ubuntu3).
#22 1.669 libxcb1 set to manually installed.
#22 1.669 libxext6 is already the newest version (2:1.3.4-1build1).
#22 1.669 libxext6 set to manually installed.
#22 1.669 libxfixes3 is already the newest version (1:6.0.0-1).
#22 1.669 libxfixes3 set to manually installed.
#22 1.669 libdrm2 is already the newest version (2.4.113-2~ubuntu0.22.04.1).
#22 1.669 libdrm2 set to manually installed.
#22 1.669 libglib2.0-0 is already the newest version (2.72.4-0ubuntu2.4).
#22 1.669 libglib2.0-0 set to manually installed.
#22 1.669 libpango-1.0-0 is already the newest version (1.50.6+ds-2ubuntu1).
#22 1.669 libpango-1.0-0 set to manually installed.
#22 1.669 libx11-6 is already the newest version (2:1.7.5-1ubuntu0.3).
#22 1.669 libx11-6 set to manually installed.
#22 1.669 The following additional packages will be installed:
#22 1.669   alsa-topology-conf alsa-ucm-conf at-spi2-core bzip2 dbus dbus-user-session
#22 1.669   dconf-gsettings-backend dconf-service dmsetup gir1.2-glib-2.0
#22 1.669   gsettings-desktop-schemas libapparmor1 libargon2-1 libasound2-data
#22 1.669   libatk1.0-data libavahi-client3 libavahi-common-data libavahi-common3
#22 1.669   libcryptsetup12 libdconf1 libdevmapper1.02.1 libdpkg-perl
#22 1.669   libfile-fcntllock-perl libgdbm-compat4 libgdbm6 libgirepository-1.0-1
#22 1.670   libip4tc2 libjson-c5 libkmod2 liblocale-gettext-perl libnss-systemd
#22 1.670   libpam-systemd libperl5.34 libwayland-server0 libxcb-randr0 libxi6 libxtst6
#22 1.670   netbase networkd-dispatcher perl perl-modules-5.34 python3-dbus python3-gi
#22 1.670   session-migration systemd systemd-sysv systemd-timesyncd x11-common xkb-data
#22 1.671   xz-utils
#22 1.672 Suggested packages:
#22 1.672   bzip2-doc libasound2-plugins alsa-utils cups-common debian-keyring gnupg
#22 1.672   patch git bzr gdbm-l10n libssl-doc iw | wireless-tools perl-doc
#22 1.672   libterm-readline-gnu-perl | libterm-readline-perl-perl
#22 1.672   libtap-harness-archive-perl dpkg-dev python-dbus-doc systemd-container
#22 1.672   libfido2-1 libtss2-esys-3.0.2-0 libtss2-mu0 libtss2-rc0 policykit-1
#22 1.756 The following NEW packages will be installed:
#22 1.756   alsa-topology-conf alsa-ucm-conf at-spi2-core bzip2 dbus dbus-user-session
#22 1.756   dconf-gsettings-backend dconf-service dmsetup gir1.2-glib-2.0
#22 1.756   gsettings-desktop-schemas libapparmor1 libargon2-1 libasound2
#22 1.756   libasound2-data libatk-bridge2.0-0 libatk1.0-0 libatk1.0-data libatspi2.0-0
#22 1.756   libavahi-client3 libavahi-common-data libavahi-common3 libcryptsetup12
#22 1.756   libcups2 libdbus-1-3 libdconf1 libdevmapper1.02.1 libdpkg-perl
#22 1.756   libfile-fcntllock-perl libgbm1 libgdbm-compat4 libgdbm6
#22 1.756   libgirepository-1.0-1 libip4tc2 libjson-c5 libkmod2 liblocale-gettext-perl
#22 1.757   libnspr4 libnss-systemd libnss3 libpam-systemd libperl5.34 libssl-dev
#22 1.757   libwayland-client0 libwayland-server0 libxcb-randr0 libxcomposite1
#22 1.757   libxdamage1 libxi6 libxkbcommon0 libxrandr2 libxtst6 netbase
#22 1.757   networkd-dispatcher perl perl-modules-5.34 pkg-config python3-dbus
#22 1.757   python3-gi session-migration systemd systemd-sysv systemd-timesyncd
#22 1.757   x11-common xkb-data xz-utils
#22 1.887 0 upgraded, 66 newly installed, 0 to remove and 0 not upgraded.
#22 1.887 Need to get 20.8 MB of archives.
#22 1.887 After this operation, 103 MB of additional disk space will be used.
#22 1.887 Get:1 http://archive.ubuntu.com/ubuntu jammy/main amd64 liblocale-gettext-perl amd64 1.07-4build3 [17.1 kB]
#22 1.950 Get:2 http://archive.ubuntu.com/ubuntu jammy-updates/main amd64 libapparmor1 amd64 3.0.4-2ubuntu2.4 [39.7 kB]
#22 1.988 Get:3 http://archive.ubuntu.com/ubuntu jammy/main amd64 libargon2-1 amd64 0~20171227-0.3 [19.5 kB]
#22 2.002 Get:4 http://archive.ubuntu.com/ubuntu jammy/main amd64 libdevmapper1.02.1 amd64 2:1.02.175-2.1ubuntu4 [139 kB]
#22 2.052 Get:5 http://archive.ubuntu.com/ubuntu jammy-updates/main amd64 libjson-c5 amd64 0.15-3~ubuntu1.22.04.2 [33.5 kB]
#22 2.057 Get:6 http://archive.ubuntu.com/ubuntu jammy-updates/main amd64 libcryptsetup12 amd64 2:2.4.3-1ubuntu1.2 [211 kB]
#22 2.089 Get:7 http://archive.ubuntu.com/ubuntu jammy-updates/main amd64 libip4tc2 amd64 1.8.7-1ubuntu5.2 [19.9 kB]
#22 2.091 Get:8 http://archive.ubuntu.com/ubuntu jammy/main amd64 libkmod2 amd64 29-1ubuntu1 [48.0 kB]
#22 2.094 Get:9 http://archive.ubuntu.com/ubuntu jammy-updates/main amd64 systemd amd64 249.11-0ubuntu3.12 [4581 kB]
#22 2.252 Get:10 http://archive.ubuntu.com/ubuntu jammy-updates/main amd64 systemd-sysv amd64 249.11-0ubuntu3.12 [10.5 kB]
#22 2.252 Get:11 http://archive.ubuntu.com/ubuntu jammy-updates/main amd64 perl-modules-5.34 all 5.34.0-3ubuntu1.3 [2976 kB]
#22 2.309 Get:12 http://archive.ubuntu.com/ubuntu jammy/main amd64 libgdbm6 amd64 1.23-1 [33.9 kB]
#22 2.310 Get:13 http://archive.ubuntu.com/ubuntu jammy/main amd64 libgdbm-compat4 amd64 1.23-1 [6606 B]
#22 2.311 Get:14 http://archive.ubuntu.com/ubuntu jammy-updates/main amd64 libperl5.34 amd64 5.34.0-3ubuntu1.3 [4820 kB]
#22 2.406 Get:15 http://archive.ubuntu.com/ubuntu jammy-updates/main amd64 perl amd64 5.34.0-3ubuntu1.3 [232 kB]
#22 2.410 Get:16 http://archive.ubuntu.com/ubuntu jammy-updates/main amd64 libdbus-1-3 amd64 1.12.20-2ubuntu4.1 [189 kB]
#22 2.413 Get:17 http://archive.ubuntu.com/ubuntu jammy-updates/main amd64 dbus amd64 1.12.20-2ubuntu4.1 [158 kB]
#22 2.417 Get:18 http://archive.ubuntu.com/ubuntu jammy/main amd64 dmsetup amd64 2:1.02.175-2.1ubuntu4 [81.7 kB]
#22 2.418 Get:19 http://archive.ubuntu.com/ubuntu jammy/main amd64 libgirepository-1.0-1 amd64 1.72.0-1 [55.6 kB]
#22 2.419 Get:20 http://archive.ubuntu.com/ubuntu jammy/main amd64 gir1.2-glib-2.0 amd64 1.72.0-1 [164 kB]
#22 2.422 Get:21 http://archive.ubuntu.com/ubuntu jammy-updates/main amd64 libnss-systemd amd64 249.11-0ubuntu3.12 [133 kB]
#22 2.425 Get:22 http://archive.ubuntu.com/ubuntu jammy-updates/main amd64 libpam-systemd amd64 249.11-0ubuntu3.12 [203 kB]
#22 2.428 Get:23 http://archive.ubuntu.com/ubuntu jammy/main amd64 netbase all 6.3 [12.9 kB]
#22 2.437 Get:24 http://archive.ubuntu.com/ubuntu jammy/main amd64 python3-dbus amd64 1.2.18-3build1 [99.5 kB]
#22 2.440 Get:25 http://archive.ubuntu.com/ubuntu jammy-updates/main amd64 python3-gi amd64 3.42.1-0ubuntu1 [229 kB]
#22 2.444 Get:26 http://archive.ubuntu.com/ubuntu jammy-updates/main amd64 networkd-dispatcher all 2.1-2ubuntu0.22.04.2 [15.8 kB]
#22 2.456 Get:27 http://archive.ubuntu.com/ubuntu jammy-updates/main amd64 systemd-timesyncd amd64 249.11-0ubuntu3.12 [31.2 kB]
#22 2.457 Get:28 http://archive.ubuntu.com/ubuntu jammy/main amd64 xkb-data all 2.33-1 [394 kB]
#22 2.463 Get:29 http://archive.ubuntu.com/ubuntu jammy/main amd64 xz-utils amd64 5.2.5-2ubuntu1 [84.8 kB]
#22 2.465 Get:30 http://archive.ubuntu.com/ubuntu jammy/main amd64 alsa-topology-conf all 1.2.5.1-2 [15.5 kB]
#22 2.465 Get:31 http://archive.ubuntu.com/ubuntu jammy/main amd64 libasound2-data all 1.2.6.1-1ubuntu1 [19.1 kB]
#22 2.466 Get:32 http://archive.ubuntu.com/ubuntu jammy/main amd64 libasound2 amd64 1.2.6.1-1ubuntu1 [390 kB]
#22 2.473 Get:33 http://archive.ubuntu.com/ubuntu jammy-updates/main amd64 alsa-ucm-conf all 1.2.6.3-1ubuntu1.12 [43.5 kB]
#22 2.475 Get:34 http://archive.ubuntu.com/ubuntu jammy/main amd64 libxi6 amd64 2:1.8-1build1 [32.6 kB]
#22 2.475 Get:35 http://archive.ubuntu.com/ubuntu jammy/main amd64 libatspi2.0-0 amd64 2.44.0-3 [80.9 kB]
#22 2.477 Get:36 http://archive.ubuntu.com/ubuntu jammy/main amd64 x11-common all 1:7.7+23ubuntu2 [23.4 kB]
#22 2.489 Get:37 http://archive.ubuntu.com/ubuntu jammy/main amd64 libxtst6 amd64 2:1.2.3-1build4 [13.4 kB]
#22 2.490 Get:38 http://archive.ubuntu.com/ubuntu jammy-updates/main amd64 dbus-user-session amd64 1.12.20-2ubuntu4.1 [9442 B]
#22 2.496 Get:39 http://archive.ubuntu.com/ubuntu jammy/main amd64 libdconf1 amd64 0.40.0-3 [40.5 kB]
#22 2.502 Get:40 http://archive.ubuntu.com/ubuntu jammy/main amd64 dconf-service amd64 0.40.0-3 [28.5 kB]
#22 2.503 Get:41 http://archive.ubuntu.com/ubuntu jammy/main amd64 dconf-gsettings-backend amd64 0.40.0-3 [22.8 kB]
#22 2.503 Get:42 http://archive.ubuntu.com/ubuntu jammy/main amd64 session-migration amd64 0.3.6 [9774 B]
#22 2.509 Get:43 http://archive.ubuntu.com/ubuntu jammy/main amd64 gsettings-desktop-schemas all 42.0-1ubuntu1 [31.1 kB]
#22 2.510 Get:44 http://archive.ubuntu.com/ubuntu jammy/main amd64 at-spi2-core amd64 2.44.0-3 [54.4 kB]
#22 2.515 Get:45 http://archive.ubuntu.com/ubuntu jammy/main amd64 bzip2 amd64 1.0.8-5build1 [34.8 kB]
#22 2.516 Get:46 http://archive.ubuntu.com/ubuntu jammy/main amd64 libatk1.0-data all 2.36.0-3build1 [2824 B]
#22 2.529 Get:47 http://archive.ubuntu.com/ubuntu jammy/main amd64 libatk1.0-0 amd64 2.36.0-3build1 [51.9 kB]
#22 2.529 Get:48 http://archive.ubuntu.com/ubuntu jammy/main amd64 libatk-bridge2.0-0 amd64 2.38.0-3 [66.6 kB]
#22 2.535 Get:49 http://archive.ubuntu.com/ubuntu jammy-updates/main amd64 libavahi-common-data amd64 0.8-5ubuntu5.2 [23.8 kB]
#22 2.535 Get:50 http://archive.ubuntu.com/ubuntu jammy-updates/main amd64 libavahi-common3 amd64 0.8-5ubuntu5.2 [23.9 kB]
#22 2.536 Get:51 http://archive.ubuntu.com/ubuntu jammy-updates/main amd64 libavahi-client3 amd64 0.8-5ubuntu5.2 [28.0 kB]
#22 2.540 Get:52 http://archive.ubuntu.com/ubuntu jammy-updates/main amd64 libcups2 amd64 2.4.1op1-1ubuntu4.11 [263 kB]
#22 2.546 Get:53 http://archive.ubuntu.com/ubuntu jammy-updates/main amd64 libdpkg-perl all 1.21.1ubuntu2.3 [237 kB]
#22 2.554 Get:54 http://archive.ubuntu.com/ubuntu jammy/main amd64 libfile-fcntllock-perl amd64 0.22-3build7 [33.9 kB]
#22 2.554 Get:55 http://archive.ubuntu.com/ubuntu jammy-updates/main amd64 libwayland-server0 amd64 1.20.0-1ubuntu0.1 [34.3 kB]
#22 2.555 Get:56 http://archive.ubuntu.com/ubuntu jammy/main amd64 libxcb-randr0 amd64 1.14-3ubuntu3 [18.3 kB]
#22 2.564 Get:57 http://archive.ubuntu.com/ubuntu jammy-updates/main amd64 libgbm1 amd64 23.2.1-1ubuntu3.1~22.04.3 [33.5 kB]
#22 2.565 Get:58 http://archive.ubuntu.com/ubuntu jammy-updates/main amd64 libnspr4 amd64 2:4.35-0ubuntu0.22.04.1 [119 kB]
#22 2.571 Get:59 http://archive.ubuntu.com/ubuntu jammy-updates/main amd64 libnss3 amd64 2:3.98-0ubuntu0.22.04.2 [1347 kB]
#22 2.595 Get:60 http://archive.ubuntu.com/ubuntu jammy-updates/main amd64 libssl-dev amd64 3.0.2-0ubuntu1.18 [2375 kB]
#22 2.634 Get:61 http://archive.ubuntu.com/ubuntu jammy-updates/main amd64 libwayland-client0 amd64 1.20.0-1ubuntu0.1 [25.9 kB]
#22 2.634 Get:62 http://archive.ubuntu.com/ubuntu jammy/main amd64 libxcomposite1 amd64 1:0.4.5-1build2 [7192 B]
#22 2.635 Get:63 http://archive.ubuntu.com/ubuntu jammy/main amd64 libxdamage1 amd64 1:1.1.5-2build2 [7154 B]
#22 2.635 Get:64 http://archive.ubuntu.com/ubuntu jammy/main amd64 libxkbcommon0 amd64 1.4.0-1 [125 kB]
#22 2.637 Get:65 http://archive.ubuntu.com/ubuntu jammy/main amd64 libxrandr2 amd64 2:1.5.2-1build1 [20.4 kB]
#22 2.638 Get:66 http://archive.ubuntu.com/ubuntu jammy/main amd64 pkg-config amd64 0.29.2-1ubuntu3 [48.2 kB]
#22 2.816 debconf: delaying package configuration, since apt-utils is not installed
#22 2.858 Fetched 20.8 MB in 1s (23.8 MB/s)
#22 2.900 Selecting previously unselected package liblocale-gettext-perl.
#22 2.900 (Reading database ... (Reading database ... 5%(Reading database ... 10%(Reading database ... 15%(Reading database ... 20%(Reading database ... 25%(Reading database ... 30%(Reading database ... 35%(Reading database ... 40%(Reading database ... 45%(Reading database ... 50%(Reading database ... 55%(Reading database ... 60%(Reading database ... 65%(Reading database ... 70%(Reading database ... 75%(Reading database ... 80%(Reading database ... 85%(Reading database ... 90%(Reading database ... 95%(Reading database ... 100%(Reading database ... 21846 files and directories currently installed.)
#22 3.000 Preparing to unpack .../0-liblocale-gettext-perl_1.07-4build3_amd64.deb ...
#22 3.009 Unpacking liblocale-gettext-perl (1.07-4build3) ...
#22 3.089 Selecting previously unselected package libapparmor1:amd64.
#22 3.092 Preparing to unpack .../1-libapparmor1_3.0.4-2ubuntu2.4_amd64.deb ...
#22 3.112 Unpacking libapparmor1:amd64 (3.0.4-2ubuntu2.4) ...
#22 3.186 Selecting previously unselected package libargon2-1:amd64.
#22 3.188 Preparing to unpack .../2-libargon2-1_0~20171227-0.3_amd64.deb ...
#22 3.196 Unpacking libargon2-1:amd64 (0~20171227-0.3) ...
#22 3.268 Selecting previously unselected package libdevmapper1.02.1:amd64.
#22 3.270 Preparing to unpack .../3-libdevmapper1.02.1_2%3a1.02.175-2.1ubuntu4_amd64.deb ...
#22 3.279 Unpacking libdevmapper1.02.1:amd64 (2:1.02.175-2.1ubuntu4) ...
#22 3.357 Selecting previously unselected package libjson-c5:amd64.
#22 3.359 Preparing to unpack .../4-libjson-c5_0.15-3~ubuntu1.22.04.2_amd64.deb ...
#22 3.383 Unpacking libjson-c5:amd64 (0.15-3~ubuntu1.22.04.2) ...
#22 3.460 Selecting previously unselected package libcryptsetup12:amd64.
#22 3.462 Preparing to unpack .../5-libcryptsetup12_2%3a2.4.3-1ubuntu1.2_amd64.deb ...
#22 3.471 Unpacking libcryptsetup12:amd64 (2:2.4.3-1ubuntu1.2) ...
#22 3.546 Selecting previously unselected package libip4tc2:amd64.
#22 3.548 Preparing to unpack .../6-libip4tc2_1.8.7-1ubuntu5.2_amd64.deb ...
#22 3.557 Unpacking libip4tc2:amd64 (1.8.7-1ubuntu5.2) ...
#22 3.627 Selecting previously unselected package libkmod2:amd64.
#22 3.629 Preparing to unpack .../7-libkmod2_29-1ubuntu1_amd64.deb ...
#22 3.638 Unpacking libkmod2:amd64 (29-1ubuntu1) ...
#22 3.723 Selecting previously unselected package systemd.
#22 3.725 Preparing to unpack .../8-systemd_249.11-0ubuntu3.12_amd64.deb ...
#22 3.746 Unpacking systemd (249.11-0ubuntu3.12) ...
#22 3.981 Setting up libapparmor1:amd64 (3.0.4-2ubuntu2.4) ...
#22 4.010 Setting up libargon2-1:amd64 (0~20171227-0.3) ...
#22 4.046 Setting up libdevmapper1.02.1:amd64 (2:1.02.175-2.1ubuntu4) ...
#22 4.073 Setting up libjson-c5:amd64 (0.15-3~ubuntu1.22.04.2) ...
#22 4.101 Setting up libcryptsetup12:amd64 (2:2.4.3-1ubuntu1.2) ...
#22 4.129 Setting up libip4tc2:amd64 (1.8.7-1ubuntu5.2) ...
#22 4.158 Setting up libkmod2:amd64 (29-1ubuntu1) ...
#22 4.186 Setting up systemd (249.11-0ubuntu3.12) ...
#22 4.285 Created symlink /etc/systemd/system/getty.target.wants/getty@tty1.service  /lib/systemd/system/getty@.service.
#22 4.287 Created symlink /etc/systemd/system/multi-user.target.wants/remote-fs.target  /lib/systemd/system/remote-fs.target.
#22 4.290 Created symlink /etc/systemd/system/dbus-org.freedesktop.resolve1.service  /lib/systemd/system/systemd-resolved.service.
#22 4.290 Created symlink /etc/systemd/system/multi-user.target.wants/systemd-resolved.service  /lib/systemd/system/systemd-resolved.service.
#22 4.297 ln: failed to create symbolic link '/etc/resolv.conf': Device or resource busy
#22 4.301 Created symlink /etc/systemd/system/sysinit.target.wants/systemd-pstore.service  /lib/systemd/system/systemd-pstore.service.
#22 4.306 Initializing machine ID from random generator.
#22 4.754 Selecting previously unselected package systemd-sysv.
#22 4.754 (Reading database ... (Reading database ... 5%(Reading database ... 10%(Reading database ... 15%(Reading database ... 20%(Reading database ... 25%(Reading database ... 30%(Reading database ... 35%(Reading database ... 40%(Reading database ... 45%(Reading database ... 50%(Reading database ... 55%(Reading database ... 60%(Reading database ... 65%(Reading database ... 70%(Reading database ... 75%(Reading database ... 80%(Reading database ... 85%(Reading database ... 90%(Reading database ... 95%(Reading database ... 100%(Reading database ... 22675 files and directories currently installed.)
#22 4.764 Preparing to unpack .../00-systemd-sysv_249.11-0ubuntu3.12_amd64.deb ...
#22 4.774 Unpacking systemd-sysv (249.11-0ubuntu3.12) ...
#22 4.832 Selecting previously unselected package perl-modules-5.34.
#22 4.834 Preparing to unpack .../01-perl-modules-5.34_5.34.0-3ubuntu1.3_all.deb ...
#22 4.843 Unpacking perl-modules-5.34 (5.34.0-3ubuntu1.3) ...
#22 5.143 Selecting previously unselected package libgdbm6:amd64.
#22 5.145 Preparing to unpack .../02-libgdbm6_1.23-1_amd64.deb ...
#22 5.155 Unpacking libgdbm6:amd64 (1.23-1) ...
#22 5.224 Selecting previously unselected package libgdbm-compat4:amd64.
#22 5.226 Preparing to unpack .../03-libgdbm-compat4_1.23-1_amd64.deb ...
#22 5.234 Unpacking libgdbm-compat4:amd64 (1.23-1) ...
#22 5.304 Selecting previously unselected package libperl5.34:amd64.
#22 5.306 Preparing to unpack .../04-libperl5.34_5.34.0-3ubuntu1.3_amd64.deb ...
#22 5.314 Unpacking libperl5.34:amd64 (5.34.0-3ubuntu1.3) ...
#22 5.546 Selecting previously unselected package perl.
#22 5.548 Preparing to unpack .../05-perl_5.34.0-3ubuntu1.3_amd64.deb ...
#22 5.561 Unpacking perl (5.34.0-3ubuntu1.3) ...
#22 5.638 Selecting previously unselected package libdbus-1-3:amd64.
#22 5.641 Preparing to unpack .../06-libdbus-1-3_1.12.20-2ubuntu4.1_amd64.deb ...
#22 5.651 Unpacking libdbus-1-3:amd64 (1.12.20-2ubuntu4.1) ...
#22 5.736 Selecting previously unselected package dbus.
#22 5.738 Preparing to unpack .../07-dbus_1.12.20-2ubuntu4.1_amd64.deb ...
#22 5.754 Unpacking dbus (1.12.20-2ubuntu4.1) ...
#22 5.834 Selecting previously unselected package dmsetup.
#22 5.836 Preparing to unpack .../08-dmsetup_2%3a1.02.175-2.1ubuntu4_amd64.deb ...
#22 5.845 Unpacking dmsetup (2:1.02.175-2.1ubuntu4) ...
#22 5.917 Selecting previously unselected package libgirepository-1.0-1:amd64.
#22 5.919 Preparing to unpack .../09-libgirepository-1.0-1_1.72.0-1_amd64.deb ...
#22 5.928 Unpacking libgirepository-1.0-1:amd64 (1.72.0-1) ...
#22 5.985 Selecting previously unselected package gir1.2-glib-2.0:amd64.
#22 5.987 Preparing to unpack .../10-gir1.2-glib-2.0_1.72.0-1_amd64.deb ...
#22 5.996 Unpacking gir1.2-glib-2.0:amd64 (1.72.0-1) ...
#22 6.071 Selecting previously unselected package libnss-systemd:amd64.
#22 6.073 Preparing to unpack .../11-libnss-systemd_249.11-0ubuntu3.12_amd64.deb ...
#22 6.083 Unpacking libnss-systemd:amd64 (249.11-0ubuntu3.12) ...
#22 6.149 Selecting previously unselected package libpam-systemd:amd64.
#22 6.151 Preparing to unpack .../12-libpam-systemd_249.11-0ubuntu3.12_amd64.deb ...
#22 6.160 Unpacking libpam-systemd:amd64 (249.11-0ubuntu3.12) ...
#22 6.231 Selecting previously unselected package netbase.
#22 6.233 Preparing to unpack .../13-netbase_6.3_all.deb ...
#22 6.242 Unpacking netbase (6.3) ...
#22 6.306 Selecting previously unselected package python3-dbus.
#22 6.307 Preparing to unpack .../14-python3-dbus_1.2.18-3build1_amd64.deb ...
#22 6.316 Unpacking python3-dbus (1.2.18-3build1) ...
#22 6.385 Selecting previously unselected package python3-gi.
#22 6.388 Preparing to unpack .../15-python3-gi_3.42.1-0ubuntu1_amd64.deb ...
#22 6.396 Unpacking python3-gi (3.42.1-0ubuntu1) ...
#22 6.477 Selecting previously unselected package networkd-dispatcher.
#22 6.478 Preparing to unpack .../16-networkd-dispatcher_2.1-2ubuntu0.22.04.2_all.deb ...
#22 6.488 Unpacking networkd-dispatcher (2.1-2ubuntu0.22.04.2) ...
#22 6.568 Selecting previously unselected package systemd-timesyncd.
#22 6.570 Preparing to unpack .../17-systemd-timesyncd_249.11-0ubuntu3.12_amd64.deb ...
#22 6.579 Unpacking systemd-timesyncd (249.11-0ubuntu3.12) ...
#22 6.637 Selecting previously unselected package xkb-data.
#22 6.639 Preparing to unpack .../18-xkb-data_2.33-1_all.deb ...
#22 6.648 Unpacking xkb-data (2.33-1) ...
#22 6.763 Selecting previously unselected package xz-utils.
#22 6.765 Preparing to unpack .../19-xz-utils_5.2.5-2ubuntu1_amd64.deb ...
#22 6.774 Unpacking xz-utils (5.2.5-2ubuntu1) ...
#22 6.833 Selecting previously unselected package alsa-topology-conf.
#22 6.835 Preparing to unpack .../20-alsa-topology-conf_1.2.5.1-2_all.deb ...
#22 6.844 Unpacking alsa-topology-conf (1.2.5.1-2) ...
#22 6.901 Selecting previously unselected package libasound2-data.
#22 6.903 Preparing to unpack .../21-libasound2-data_1.2.6.1-1ubuntu1_all.deb ...
#22 6.913 Unpacking libasound2-data (1.2.6.1-1ubuntu1) ...
#22 6.991 Selecting previously unselected package libasound2:amd64.
#22 6.993 Preparing to unpack .../22-libasound2_1.2.6.1-1ubuntu1_amd64.deb ...
#22 7.002 Unpacking libasound2:amd64 (1.2.6.1-1ubuntu1) ...
#22 7.061 Selecting previously unselected package alsa-ucm-conf.
#22 7.063 Preparing to unpack .../23-alsa-ucm-conf_1.2.6.3-1ubuntu1.12_all.deb ...
#22 7.072 Unpacking alsa-ucm-conf (1.2.6.3-1ubuntu1.12) ...
#22 7.211 Selecting previously unselected package libxi6:amd64.
#22 7.213 Preparing to unpack .../24-libxi6_2%3a1.8-1build1_amd64.deb ...
#22 7.222 Unpacking libxi6:amd64 (2:1.8-1build1) ...
#22 7.287 Selecting previously unselected package libatspi2.0-0:amd64.
#22 7.289 Preparing to unpack .../25-libatspi2.0-0_2.44.0-3_amd64.deb ...
#22 7.297 Unpacking libatspi2.0-0:amd64 (2.44.0-3) ...
#22 7.372 Selecting previously unselected package x11-common.
#22 7.374 Preparing to unpack .../26-x11-common_1%3a7.7+23ubuntu2_all.deb ...
#22 7.384 Unpacking x11-common (1:7.7+23ubuntu2) ...
#22 7.451 Selecting previously unselected package libxtst6:amd64.
#22 7.453 Preparing to unpack .../27-libxtst6_2%3a1.2.3-1build4_amd64.deb ...
#22 7.463 Unpacking libxtst6:amd64 (2:1.2.3-1build4) ...
#22 7.523 Selecting previously unselected package dbus-user-session.
#22 7.525 Preparing to unpack .../28-dbus-user-session_1.12.20-2ubuntu4.1_amd64.deb ...
#22 7.534 Unpacking dbus-user-session (1.12.20-2ubuntu4.1) ...
#22 7.603 Selecting previously unselected package libdconf1:amd64.
#22 7.605 Preparing to unpack .../29-libdconf1_0.40.0-3_amd64.deb ...
#22 7.613 Unpacking libdconf1:amd64 (0.40.0-3) ...
#22 7.669 Selecting previously unselected package dconf-service.
#22 7.671 Preparing to unpack .../30-dconf-service_0.40.0-3_amd64.deb ...
#22 7.681 Unpacking dconf-service (0.40.0-3) ...
#22 7.736 Selecting previously unselected package dconf-gsettings-backend:amd64.
#22 7.738 Preparing to unpack .../31-dconf-gsettings-backend_0.40.0-3_amd64.deb ...
#22 7.748 Unpacking dconf-gsettings-backend:amd64 (0.40.0-3) ...
#22 7.823 Selecting previously unselected package session-migration.
#22 7.825 Preparing to unpack .../32-session-migration_0.3.6_amd64.deb ...
#22 7.834 Unpacking session-migration (0.3.6) ...
#22 7.890 Selecting previously unselected package gsettings-desktop-schemas.
#22 7.892 Preparing to unpack .../33-gsettings-desktop-schemas_42.0-1ubuntu1_all.deb ...
#22 7.902 Unpacking gsettings-desktop-schemas (42.0-1ubuntu1) ...
#22 7.986 Selecting previously unselected package at-spi2-core.
#22 7.988 Preparing to unpack .../34-at-spi2-core_2.44.0-3_amd64.deb ...
#22 7.997 Unpacking at-spi2-core (2.44.0-3) ...
#22 8.050 Selecting previously unselected package bzip2.
#22 8.052 Preparing to unpack .../35-bzip2_1.0.8-5build1_amd64.deb ...
#22 8.061 Unpacking bzip2 (1.0.8-5build1) ...
#22 8.117 Selecting previously unselected package libatk1.0-data.
#22 8.119 Preparing to unpack .../36-libatk1.0-data_2.36.0-3build1_all.deb ...
#22 8.129 Unpacking libatk1.0-data (2.36.0-3build1) ...
#22 8.196 Selecting previously unselected package libatk1.0-0:amd64.
#22 8.198 Preparing to unpack .../37-libatk1.0-0_2.36.0-3build1_amd64.deb ...
#22 8.208 Unpacking libatk1.0-0:amd64 (2.36.0-3build1) ...
#22 8.276 Selecting previously unselected package libatk-bridge2.0-0:amd64.
#22 8.278 Preparing to unpack .../38-libatk-bridge2.0-0_2.38.0-3_amd64.deb ...
#22 8.288 Unpacking libatk-bridge2.0-0:amd64 (2.38.0-3) ...
#22 8.343 Selecting previously unselected package libavahi-common-data:amd64.
#22 8.345 Preparing to unpack .../39-libavahi-common-data_0.8-5ubuntu5.2_amd64.deb ...
#22 8.354 Unpacking libavahi-common-data:amd64 (0.8-5ubuntu5.2) ...
#22 8.423 Selecting previously unselected package libavahi-common3:amd64.
#22 8.425 Preparing to unpack .../40-libavahi-common3_0.8-5ubuntu5.2_amd64.deb ...
#22 8.434 Unpacking libavahi-common3:amd64 (0.8-5ubuntu5.2) ...
#22 8.502 Selecting previously unselected package libavahi-client3:amd64.
#22 8.504 Preparing to unpack .../41-libavahi-client3_0.8-5ubuntu5.2_amd64.deb ...
#22 8.513 Unpacking libavahi-client3:amd64 (0.8-5ubuntu5.2) ...
#22 8.584 Selecting previously unselected package libcups2:amd64.
#22 8.586 Preparing to unpack .../42-libcups2_2.4.1op1-1ubuntu4.11_amd64.deb ...
#22 8.595 Unpacking libcups2:amd64 (2.4.1op1-1ubuntu4.11) ...
#22 8.653 Selecting previously unselected package libdpkg-perl.
#22 8.655 Preparing to unpack .../43-libdpkg-perl_1.21.1ubuntu2.3_all.deb ...
#22 8.665 Unpacking libdpkg-perl (1.21.1ubuntu2.3) ...
#22 8.736 Selecting previously unselected package libfile-fcntllock-perl.
#22 8.738 Preparing to unpack .../44-libfile-fcntllock-perl_0.22-3build7_amd64.deb ...
#22 8.747 Unpacking libfile-fcntllock-perl (0.22-3build7) ...
#22 8.818 Selecting previously unselected package libwayland-server0:amd64.
#22 8.820 Preparing to unpack .../45-libwayland-server0_1.20.0-1ubuntu0.1_amd64.deb ...
#22 8.829 Unpacking libwayland-server0:amd64 (1.20.0-1ubuntu0.1) ...
#22 8.893 Selecting previously unselected package libxcb-randr0:amd64.
#22 8.895 Preparing to unpack .../46-libxcb-randr0_1.14-3ubuntu3_amd64.deb ...
#22 8.904 Unpacking libxcb-randr0:amd64 (1.14-3ubuntu3) ...
#22 8.971 Selecting previously unselected package libgbm1:amd64.
#22 8.973 Preparing to unpack .../47-libgbm1_23.2.1-1ubuntu3.1~22.04.3_amd64.deb ...
#22 8.982 Unpacking libgbm1:amd64 (23.2.1-1ubuntu3.1~22.04.3) ...
#22 9.048 Selecting previously unselected package libnspr4:amd64.
#22 9.050 Preparing to unpack .../48-libnspr4_2%3a4.35-0ubuntu0.22.04.1_amd64.deb ...
#22 9.059 Unpacking libnspr4:amd64 (2:4.35-0ubuntu0.22.04.1) ...
#22 9.125 Selecting previously unselected package libnss3:amd64.
#22 9.127 Preparing to unpack .../49-libnss3_2%3a3.98-0ubuntu0.22.04.2_amd64.deb ...
#22 9.136 Unpacking libnss3:amd64 (2:3.98-0ubuntu0.22.04.2) ...
#22 9.278 Selecting previously unselected package libssl-dev:amd64.
#22 9.280 Preparing to unpack .../50-libssl-dev_3.0.2-0ubuntu1.18_amd64.deb ...
#22 9.289 Unpacking libssl-dev:amd64 (3.0.2-0ubuntu1.18) ...
#22 9.410 Selecting previously unselected package libwayland-client0:amd64.
#22 9.412 Preparing to unpack .../51-libwayland-client0_1.20.0-1ubuntu0.1_amd64.deb ...
#22 9.421 Unpacking libwayland-client0:amd64 (1.20.0-1ubuntu0.1) ...
#22 9.486 Selecting previously unselected package libxcomposite1:amd64.
#22 9.488 Preparing to unpack .../52-libxcomposite1_1%3a0.4.5-1build2_amd64.deb ...
#22 9.496 Unpacking libxcomposite1:amd64 (1:0.4.5-1build2) ...
#22 9.560 Selecting previously unselected package libxdamage1:amd64.
#22 9.562 Preparing to unpack .../53-libxdamage1_1%3a1.1.5-2build2_amd64.deb ...
#22 9.572 Unpacking libxdamage1:amd64 (1:1.1.5-2build2) ...
#22 9.641 Selecting previously unselected package libxkbcommon0:amd64.
#22 9.643 Preparing to unpack .../54-libxkbcommon0_1.4.0-1_amd64.deb ...
#22 9.652 Unpacking libxkbcommon0:amd64 (1.4.0-1) ...
#22 9.723 Selecting previously unselected package libxrandr2:amd64.
#22 9.725 Preparing to unpack .../55-libxrandr2_2%3a1.5.2-1build1_amd64.deb ...
#22 9.734 Unpacking libxrandr2:amd64 (2:1.5.2-1build1) ...
#22 9.803 Selecting previously unselected package pkg-config.
#22 9.805 Preparing to unpack .../56-pkg-config_0.29.2-1ubuntu3_amd64.deb ...
#22 9.815 Unpacking pkg-config (0.29.2-1ubuntu3) ...
#22 9.883 Setting up libwayland-server0:amd64 (1.20.0-1ubuntu0.1) ...
#22 9.911 Setting up session-migration (0.3.6) ...
#22 10.02 Created symlink /etc/systemd/user/graphical-session-pre.target.wants/session-migration.service  /usr/lib/systemd/user/session-migration.service.
#22 10.03 Setting up systemd-sysv (249.11-0ubuntu3.12) ...
#22 10.06 Setting up libxdamage1:amd64 (1:1.1.5-2build2) ...
#22 10.09 Setting up libxi6:amd64 (2:1.8-1build1) ...
#22 10.11 Setting up x11-common (1:7.7+23ubuntu2) ...
#22 10.33 invoke-rc.d: could not determine current runlevel
#22 10.33 invoke-rc.d: policy-rc.d denied execution of start.
#22 10.35 Setting up libnss-systemd:amd64 (249.11-0ubuntu3.12) ...
#22 10.38 First installation detected...
#22 10.38 Checking NSS setup...
#22 10.39 Setting up xkb-data (2.33-1) ...
#22 10.42 Setting up perl-modules-5.34 (5.34.0-3ubuntu1.3) ...
#22 10.44 Setting up bzip2 (1.0.8-5build1) ...
#22 10.47 Setting up libdconf1:amd64 (0.40.0-3) ...
#22 10.50 Setting up libasound2-data (1.2.6.1-1ubuntu1) ...
#22 10.53 Setting up libnspr4:amd64 (2:4.35-0ubuntu0.22.04.1) ...
#22 10.55 Setting up libavahi-common-data:amd64 (0.8-5ubuntu5.2) ...
#22 10.58 Setting up libdbus-1-3:amd64 (1.12.20-2ubuntu4.1) ...
#22 10.61 Setting up dbus (1.12.20-2ubuntu4.1) ...
#22 10.80 Setting up xz-utils (5.2.5-2ubuntu1) ...
#22 10.83 update-alternatives: using /usr/bin/xz to provide /usr/bin/lzma (lzma) in auto mode
#22 10.83 update-alternatives: warning: skip creation of /usr/share/man/man1/lzma.1.gz because associated file /usr/share/man/man1/xz.1.gz (of link group lzma) doesn't exist
#22 10.83 update-alternatives: warning: skip creation of /usr/share/man/man1/unlzma.1.gz because associated file /usr/share/man/man1/unxz.1.gz (of link group lzma) doesn't exist
#22 10.83 update-alternatives: warning: skip creation of /usr/share/man/man1/lzcat.1.gz because associated file /usr/share/man/man1/xzcat.1.gz (of link group lzma) doesn't exist
#22 10.83 update-alternatives: warning: skip creation of /usr/share/man/man1/lzmore.1.gz because associated file /usr/share/man/man1/xzmore.1.gz (of link group lzma) doesn't exist
#22 10.83 update-alternatives: warning: skip creation of /usr/share/man/man1/lzless.1.gz because associated file /usr/share/man/man1/xzless.1.gz (of link group lzma) doesn't exist
#22 10.83 update-alternatives: warning: skip creation of /usr/share/man/man1/lzdiff.1.gz because associated file /usr/share/man/man1/xzdiff.1.gz (of link group lzma) doesn't exist
#22 10.83 update-alternatives: warning: skip creation of /usr/share/man/man1/lzcmp.1.gz because associated file /usr/share/man/man1/xzcmp.1.gz (of link group lzma) doesn't exist
#22 10.83 update-alternatives: warning: skip creation of /usr/share/man/man1/lzgrep.1.gz because associated file /usr/share/man/man1/xzgrep.1.gz (of link group lzma) doesn't exist
#22 10.83 update-alternatives: warning: skip creation of /usr/share/man/man1/lzegrep.1.gz because associated file /usr/share/man/man1/xzegrep.1.gz (of link group lzma) doesn't exist
#22 10.83 update-alternatives: warning: skip creation of /usr/share/man/man1/lzfgrep.1.gz because associated file /usr/share/man/man1/xzfgrep.1.gz (of link group lzma) doesn't exist
#22 10.85 Setting up libssl-dev:amd64 (3.0.2-0ubuntu1.18) ...
#22 10.87 Setting up systemd-timesyncd (249.11-0ubuntu3.12) ...
#22 11.12 Created symlink /etc/systemd/system/dbus-org.freedesktop.timesync1.service  /lib/systemd/system/systemd-timesyncd.service.
#22 11.12 Created symlink /etc/systemd/system/sysinit.target.wants/systemd-timesyncd.service  /lib/systemd/system/systemd-timesyncd.service.
#22 11.14 Setting up libxrandr2:amd64 (2:1.5.2-1build1) ...
#22 11.16 Setting up libatk1.0-data (2.36.0-3build1) ...
#22 11.19 Setting up alsa-topology-conf (1.2.5.1-2) ...
#22 11.22 Setting up dmsetup (2:1.02.175-2.1ubuntu4) ...
#22 11.25 Setting up libxcb-randr0:amd64 (1.14-3ubuntu3) ...
#22 11.28 Setting up libasound2:amd64 (1.2.6.1-1ubuntu1) ...
#22 11.31 Setting up libpam-systemd:amd64 (249.11-0ubuntu3.12) ...
#22 11.43 Setting up libgirepository-1.0-1:amd64 (1.72.0-1) ...
#22 11.45 Setting up netbase (6.3) ...
#22 11.52 Setting up libatk1.0-0:amd64 (2.36.0-3build1) ...
#22 11.55 Setting up libxcomposite1:amd64 (1:0.4.5-1build2) ...
#22 11.58 Setting up liblocale-gettext-perl (1.07-4build3) ...
#22 11.60 Setting up libgdbm6:amd64 (1.23-1) ...
#22 11.63 Setting up libxkbcommon0:amd64 (1.4.0-1) ...
#22 11.66 Setting up libwayland-client0:amd64 (1.20.0-1ubuntu0.1) ...
#22 11.69 Setting up python3-dbus (1.2.18-3build1) ...
#22 11.87 Setting up libgbm1:amd64 (23.2.1-1ubuntu3.1~22.04.3) ...
#22 11.89 Setting up alsa-ucm-conf (1.2.6.3-1ubuntu1.12) ...
#22 11.92 Setting up libxtst6:amd64 (2:1.2.3-1build4) ...
#22 11.95 Setting up libavahi-common3:amd64 (0.8-5ubuntu5.2) ...
#22 11.97 Setting up libnss3:amd64 (2:3.98-0ubuntu0.22.04.2) ...
#22 12.00 Setting up libatspi2.0-0:amd64 (2.44.0-3) ...
#22 12.03 Setting up libatk-bridge2.0-0:amd64 (2.38.0-3) ...
#22 12.06 Setting up dbus-user-session (1.12.20-2ubuntu4.1) ...
#22 12.09 Setting up libgdbm-compat4:amd64 (1.23-1) ...
#22 12.12 Setting up gir1.2-glib-2.0:amd64 (1.72.0-1) ...
#22 12.15 Setting up libavahi-client3:amd64 (0.8-5ubuntu5.2) ...
#22 12.18 Setting up libperl5.34:amd64 (5.34.0-3ubuntu1.3) ...
#22 12.21 Setting up dconf-service (0.40.0-3) ...
#22 12.24 Setting up perl (5.34.0-3ubuntu1.3) ...
#22 12.28 Setting up python3-gi (3.42.1-0ubuntu1) ...
#22 12.42 Setting up libdpkg-perl (1.21.1ubuntu2.3) ...
#22 12.45 Setting up libcups2:amd64 (2.4.1op1-1ubuntu4.11) ...
#22 12.48 Setting up networkd-dispatcher (2.1-2ubuntu0.22.04.2) ...
#22 12.59 Created symlink /etc/systemd/system/multi-user.target.wants/networkd-dispatcher.service  /lib/systemd/system/networkd-dispatcher.service.
#22 12.60 Setting up dconf-gsettings-backend:amd64 (0.40.0-3) ...
#22 12.63 Setting up libfile-fcntllock-perl (0.22-3build7) ...
#22 12.65 Setting up pkg-config (0.29.2-1ubuntu3) ...
#22 12.72 Setting up gsettings-desktop-schemas (42.0-1ubuntu1) ...
#22 12.75 Processing triggers for libglib2.0-0:amd64 (2.72.4-0ubuntu2.4) ...
#22 12.79 Processing triggers for libc-bin (2.35-0ubuntu3.8) ...
#22 12.84 Setting up at-spi2-core (2.44.0-3) ...
#22 DONE 13.1s

#23 [test 10/11] RUN set -xu && 	cd /root/oko/backend && 	cargo test; exit 0
#23 0.474 + cd /root/oko/backend
#23 0.474 + cargo test
#23 0.569  Downloading crates ...
#23 0.834   Downloaded bzip2 v0.4.4
#23 0.867   Downloaded base64 v0.13.1
#23 0.872   Downloaded dirs-sys v0.3.7
#23 0.887   Downloaded darling v0.13.4
#23 0.894   Downloaded darling_macro v0.13.4
#23 0.901   Downloaded ident_case v1.0.1
#23 0.904   Downloaded want v0.3.1
#23 0.906   Downloaded sync_wrapper v0.1.2
#23 0.918   Downloaded try-lock v0.2.5
#23 0.930   Downloaded strong v0.3.4
#23 0.933   Downloaded adler2 v2.0.0
#23 0.936   Downloaded hyper-tls v0.5.0
#23 0.938   Downloaded serde_with_macros v1.5.2
#23 0.940   Downloaded rustls-pemfile v1.0.4
#23 0.944   Downloaded http-body v0.4.6
#23 0.947   Downloaded dirs v3.0.2
#23 0.952   Downloaded crc32fast v1.4.2
#23 0.973   Downloaded time v0.1.45
#23 0.975   Downloaded strsim v0.10.0
#23 0.977   Downloaded darling_core v0.13.4
#23 0.984   Downloaded miniz_oxide v0.8.0
#23 0.987   Downloaded zip v0.5.13
#23 0.991   Downloaded ipnet v2.10.1
#23 0.994   Downloaded base64 v0.21.7
#23 1.000   Downloaded http v0.2.12
#23 1.011   Downloaded flate2 v1.0.35
#23 1.018   Downloaded serde_with v1.14.0
#23 1.026   Downloaded itertools v0.10.5
#23 1.035   Downloaded reqwest v0.11.27
#23 1.044   Downloaded hyper v0.14.31
#23 1.054   Downloaded h2 v0.3.26
#23 1.062   Downloaded syn v1.0.109
#23 1.074   Downloaded playwright v0.0.20
#23 1.089   Downloaded bzip2-sys v0.1.11+1.0.8
#23 1.103   Downloaded encoding_rs v0.8.35
#23 1.198    Compiling bitflags v2.6.0
#23 1.200    Compiling futures-util v0.3.31
#23 1.201    Compiling openssl-sys v0.9.104
#23 1.203    Compiling foreign-types-shared v0.1.1
#23 1.203    Compiling openssl v0.10.68
#23 1.206    Compiling openssl-macros v0.1.1
#23 1.206    Compiling native-tls v0.2.12
#23 1.209    Compiling openssl-probe v0.1.5
#23 1.214    Compiling idna v1.0.3
#23 1.218    Compiling rustix v0.38.42
#23 1.219    Compiling tokio-stream v0.1.17
#23 1.219    Compiling http v0.2.12
#23 1.219    Compiling syn v1.0.109
#23 1.219    Compiling linux-raw-sys v0.4.14
#23 1.220    Compiling flume v0.11.1
#23 1.256    Compiling foreign-types v0.3.2
#23 1.275    Compiling tokio-util v0.7.13
#23 1.303    Compiling try-lock v0.2.5
#23 1.382    Compiling fastrand v2.3.0
#23 1.383    Compiling want v0.3.1
#23 1.395    Compiling ident_case v1.0.1
#23 1.473    Compiling strsim v0.10.0
#23 1.476    Compiling bzip2-sys v0.1.11+1.0.8
#23 1.496    Compiling base64 v0.21.7
#23 1.520    Compiling encoding_rs v0.8.35
#23 1.545    Compiling adler2 v2.0.0
#23 1.624    Compiling url v2.5.4
#23 1.669    Compiling ipnet v2.10.1
#23 1.817    Compiling sync_wrapper v0.1.2
#23 1.823    Compiling miniz_oxide v0.8.0
#23 1.894    Compiling rustls-pemfile v1.0.4
#23 1.948    Compiling crc32fast v1.4.2
#23 2.021    Compiling dirs-sys v0.3.7
#23 2.028    Compiling time v0.1.45
#23 2.071    Compiling itertools v0.10.5
#23 2.128    Compiling strong v0.3.4
#23 2.175    Compiling dirs v3.0.2
#23 2.277    Compiling http-body v0.4.6
#23 2.285    Compiling base64 v0.13.1
#23 2.434    Compiling flate2 v1.0.35
#23 2.865    Compiling bzip2 v0.4.4
#23 2.992    Compiling zip v0.5.13
#23 3.396    Compiling tempfile v3.14.0
#23 3.824    Compiling http-body-util v0.1.2
#23 3.824    Compiling futures-executor v0.3.31
#23 3.824    Compiling hyper v1.5.1
#23 3.824    Compiling tower v0.5.2
#23 3.871    Compiling sqlx-core v0.8.2
#23 3.871    Compiling h2 v0.3.26
#23 3.926    Compiling futures v0.3.31
#23 3.997    Compiling axum-core v0.4.5
#23 4.195    Compiling tower-http v0.6.2
#23 4.366    Compiling darling_core v0.13.4
#23 4.567    Compiling hyper-util v0.1.10
#23 5.581    Compiling darling_macro v0.13.4
#23 5.693    Compiling tower-sessions-core v0.13.0
#23 5.693    Compiling tower-cookies v0.10.0
#23 5.693    Compiling axum-embed v0.1.0
#23 5.860    Compiling tokio-native-tls v0.3.1
#23 5.860    Compiling tungstenite v0.24.0
#23 6.113    Compiling sqlx-sqlite v0.8.2
#23 6.233    Compiling tower-sessions-memory-store v0.13.0
#23 6.266    Compiling darling v0.13.4
#23 6.309    Compiling serde_with_macros v1.5.2
#23 6.365    Compiling tower-sessions v0.13.0
#23 6.443    Compiling tokio-tungstenite v0.24.0
#23 6.697    Compiling axum v0.7.9
#23 6.697    Compiling ws-utils v0.0.0 (/root/oko/backend/utils/ws-utils)
#23 7.171    Compiling serde_with v1.14.0
#23 7.474    Compiling hyper v0.14.31
#23 7.770    Compiling sqlx-macros-core v0.8.2
#23 8.841    Compiling sqlx-macros v0.8.2
#23 9.775    Compiling axum-login v0.16.0
#23 9.854    Compiling hyper-tls v0.5.0
#23 9.962    Compiling reqwest v0.11.27
#23 10.42    Compiling sqlx v0.8.2
#23 10.48    Compiling tower-sessions-sqlx-store v0.14.2
#23 10.84    Compiling oko v0.1.2 (/root/oko/backend)
#23 11.32    Compiling playwright v0.0.20
#23 29.47     Finished `test` profile [unoptimized + debuginfo] target(s) in 28.76s
#23 29.49      Running unittests src/lib.rs (target/debug/deps/oko-07c82b928d3a393e)
#23 29.49 
#23 29.49 running 28 tests
#23 29.72 test db::camera::tests::get ... ok
#23 29.72 test db::camera::tests::get_using_ip ... ok
#23 29.76 test db::camera::tests::update ... ok
#23 29.76 test db::camera::tests::create ... ok
#23 29.76 test db::camera::tests::delete ... ok
#23 29.77 test db::camera_permission::tests::get ... ok
#23 29.78 test db::camera_permission::tests::list_for_camera ... ok
#23 29.80 test db::camera::tests::list_accessible_to_user ... ok
#23 29.80 test db::camera_setting::tests::get ... ok
#23 29.80 test db::camera_permission::tests::list_for_camera_with_username ... ok
#23 29.81 test db::camera_setting::tests::delete ... ok
#23 29.82 test db::camera_permission::tests::delete ... ok
#23 29.84 test db::camera_permission::tests::create ... ok
#23 29.84 test db::camera_setting::tests::create ... ok
#23 29.85 test db::camera_setting::tests::update ... ok
#23 29.85 test db::camera_permission::tests::update ... ok
#23 29.87 test db::user::tests::create_existing ... ok
#23 29.90 test db::user::tests::create ... ok
#23 29.91 test db::user::tests::get ... ok
#23 29.91 test db::user::tests::get_using_username ... ok
#23 29.92 test db::user::tests::to_redacted_clone ... ok
#23 29.94 test db::user::tests::delete ... ok
#23 29.96 test db::user::tests::update ... ok
#23 29.98 test db::video::tests::list_for_camera ... ok
#23 29.98 test db::video::tests::get ... ok
#23 30.00 test db::video::tests::delete ... ok
#23 30.01 test db::video::tests::create ... ok
#23 30.01 test db::video::tests::update ... ok
#23 30.01 
#23 30.01 test result: ok. 28 passed; 0 failed; 0 ignored; 0 measured; 0 filtered out; finished in 0.52s
#23 30.01 
#23 30.01      Running unittests src/main.rs (target/debug/deps/oko-13b09a8f75ca55e6)
#23 30.01 
#23 30.01 running 0 tests
#23 30.01 
#23 30.01 test result: ok. 0 passed; 0 failed; 0 ignored; 0 measured; 0 filtered out; finished in 0.00s
#23 30.01 
#23 30.01      Running tests/api.rs (target/debug/deps/api-6237c0663de291ee)
#23 30.02 
#23 30.02 running 0 tests
#23 30.02 
#23 30.02 test result: ok. 0 passed; 0 failed; 0 ignored; 0 measured; 0 filtered out; finished in 0.00s
#23 30.02 
#23 30.02      Running tests/app.rs (target/debug/deps/app-ea0acbeb6ae336a8)
#23 30.02 
#23 30.02 running 0 tests
#23 30.02 
#23 30.02 test result: ok. 0 passed; 0 failed; 0 ignored; 0 measured; 0 filtered out; finished in 0.00s
#23 30.02 
#23 30.02      Running tests/db.rs (target/debug/deps/db-cf395a4adede822c)
#23 30.02 
#23 30.02 running 2 tests
#23 30.20 test user_on_delete ... ok
#23 30.21 test camera_on_delete ... ok
#23 30.21 
#23 30.21 test result: ok. 2 passed; 0 failed; 0 ignored; 0 measured; 0 filtered out; finished in 0.19s
#23 30.21 
#23 30.21      Running tests/utils.rs (target/debug/deps/utils-746b119b2fa42b62)
#23 30.22 
#23 30.22 running 0 tests
#23 30.22 
#23 30.22 test result: ok. 0 passed; 0 failed; 0 ignored; 0 measured; 0 filtered out; finished in 0.00s
#23 30.22 
#23 30.22      Running tests/web.rs (target/debug/deps/web-30f027e0f8f401f7)
#23 30.29 
#23 30.29 running 10 tests
#23 30.50 test camera_user_permission_updates ... FAILED
#23 36.15 
#23 41.24 chromium v878941 downloaded to /root/.cache/ms-playwright/chromium-878941
#23 41.51 test camera_add_remove ... FAILED
#23 41.51 test home_feeds ... FAILED
#23 41.51 test login_and_logout ... FAILED
#23 41.53 test download_video ... FAILED
#23 41.53 test record ... FAILED
#23 41.54 test multi_camera_record ... FAILED
#23 41.61 
#23 41.67 ffmpeg v1005 downloaded to /root/.cache/ms-playwright/ffmpeg-1005
#23 42.00 test home_redirect ... ok
#23 42.84 test camera_user_can_view ... ok
#23 43.05 test live_feed ... ok
#23 43.05 
#23 43.05 failures:
#23 43.05 
#23 43.05 ---- camera_user_permission_updates stdout ----
#23 43.05 Error: Io(Os { code: 2, kind: NotFound, message: "No such file or directory" })
#23 43.05 
#23 43.05 ---- camera_add_remove stdout ----
#23 43.05 Error: InitializationError
#23 43.05 
#23 43.05 ---- home_feeds stdout ----
#23 43.05 Error: InitializationError
#23 43.05 
#23 43.05 ---- login_and_logout stdout ----
#23 43.05 Error: InitializationError
#23 43.05 
#23 43.05 ---- download_video stdout ----
#23 43.05 Error: InitializationError
#23 43.05 
#23 43.05 ---- record stdout ----
#23 43.05 Error: InitializationError
#23 43.05 
#23 43.05 ---- multi_camera_record stdout ----
#23 43.05 Error: InitializationError
#23 43.05 
#23 43.05 
#23 43.05 failures:
#23 43.05     camera_add_remove
#23 43.05     camera_user_permission_updates
#23 43.05     download_video
#23 43.05     home_feeds
#23 43.05     login_and_logout
#23 43.05     multi_camera_record
#23 43.05     record
#23 43.05 
#23 43.05 test result: FAILED. 3 passed; 7 failed; 0 ignored; 0 measured; 0 filtered out; finished in 12.76s
#23 43.05 
#23 43.07 error: test failed, to rerun pass `--test web`
#23 43.08 + exit 0
#23 DONE 43.4s

#24 [test 11/11] RUN set -xeu && 	cd /root/oko/backend && 	cargo test
#24 0.316 + cd /root/oko/backend
#24 0.316 + cargo test
#24 0.525     Finished `test` profile [unoptimized + debuginfo] target(s) in 0.18s
#24 0.539      Running unittests src/lib.rs (target/debug/deps/oko-07c82b928d3a393e)
#24 0.541 
#24 0.541 running 28 tests
#24 0.955 test db::camera::tests::get ... ok
#24 0.955 test db::camera::tests::get_using_ip ... ok
#24 0.964 test db::camera::tests::delete ... ok
#24 0.981 test db::camera::tests::update ... ok
#24 0.982 test db::camera::tests::create ... ok
#24 1.010 test db::camera_permission::tests::list_for_camera ... ok
#24 1.010 test db::camera_permission::tests::get ... ok
#24 1.016 test db::camera::tests::list_accessible_to_user ... ok
#24 1.021 test db::camera_permission::tests::list_for_camera_with_username ... ok
#24 1.025 test db::camera_setting::tests::get ... ok
#24 1.060 test db::camera_setting::tests::update ... ok
#24 1.060 test db::camera_permission::tests::update ... ok
#24 1.064 test db::camera_permission::tests::create ... ok
#24 1.064 test db::camera_setting::tests::create ... ok
#24 1.065 test db::camera_setting::tests::delete ... ok
#24 1.065 test db::camera_permission::tests::delete ... ok
#24 1.102 test db::user::tests::create_existing ... ok
#24 1.130 test db::user::tests::create ... ok
#24 1.130 test db::user::tests::get ... ok
#24 1.130 test db::user::tests::get_using_username ... ok
#24 1.140 test db::user::tests::delete ... ok
#24 1.154 test db::user::tests::to_redacted_clone ... ok
#24 1.176 test db::user::tests::update ... ok
#24 1.176 test db::video::tests::get ... ok
#24 1.204 test db::video::tests::list_for_camera ... ok
#24 1.207 test db::video::tests::create ... ok
#24 1.207 test db::video::tests::delete ... ok
#24 1.225 test db::video::tests::update ... ok
#24 1.225 
#24 1.225 test result: ok. 28 passed; 0 failed; 0 ignored; 0 measured; 0 filtered out; finished in 0.47s
#24 1.225 
#24 1.226      Running unittests src/main.rs (target/debug/deps/oko-13b09a8f75ca55e6)
#24 1.229 
#24 1.229 running 0 tests
#24 1.229 
#24 1.229 test result: ok. 0 passed; 0 failed; 0 ignored; 0 measured; 0 filtered out; finished in 0.00s
#24 1.229 
#24 1.229      Running tests/api.rs (target/debug/deps/api-6237c0663de291ee)
#24 1.230 
#24 1.230 running 0 tests
#24 1.231 
#24 1.231 test result: ok. 0 passed; 0 failed; 0 ignored; 0 measured; 0 filtered out; finished in 0.00s
#24 1.231 
#24 1.231      Running tests/app.rs (target/debug/deps/app-ea0acbeb6ae336a8)
#24 1.232 
#24 1.232 running 0 tests
#24 1.232 
#24 1.232 test result: ok. 0 passed; 0 failed; 0 ignored; 0 measured; 0 filtered out; finished in 0.00s
#24 1.232 
#24 1.232      Running tests/db.rs (target/debug/deps/db-cf395a4adede822c)
#24 1.235 
#24 1.235 running 2 tests
#24 1.425 test user_on_delete ... ok
#24 1.443 test camera_on_delete ... ok
#24 1.443 
#24 1.443 test result: ok. 2 passed; 0 failed; 0 ignored; 0 measured; 0 filtered out; finished in 0.21s
#24 1.443 
#24 1.444      Running tests/utils.rs (target/debug/deps/utils-746b119b2fa42b62)
#24 1.446 
#24 1.446 running 0 tests
#24 1.446 
#24 1.446 test result: ok. 0 passed; 0 failed; 0 ignored; 0 measured; 0 filtered out; finished in 0.00s
#24 1.446 
#24 1.447      Running tests/web.rs (target/debug/deps/web-30f027e0f8f401f7)
#24 1.466 
#24 1.466 running 10 tests
#24 3.421 test camera_user_can_view ... ok
#24 3.428 test login_and_logout ... ok
#24 3.581 test home_feeds ... ok
#24 3.633 test home_redirect ... ok
#24 4.448 test multi_camera_record ... ok
#24 5.038 test camera_user_permission_updates ... ok
#24 5.249 test download_video ... ok
#24 5.377 test record ... ok
#24 5.984 test camera_add_remove ... ok
#24 7.347 test live_feed ... ok
#24 7.347 
#24 7.347 test result: ok. 10 passed; 0 failed; 0 ignored; 0 measured; 0 filtered out; finished in 5.88s
#24 7.347 
#24 7.360    Doc-tests oko
#24 7.571 
#24 7.571 running 0 tests
#24 7.571 
#24 7.571 test result: ok. 0 passed; 0 failed; 0 ignored; 0 measured; 0 filtered out; finished in 0.00s
#24 7.571 
#24 DONE 7.6s

#25 exporting to image
#25 exporting layers
#25 exporting layers 2.8s done
#25 writing image sha256:4e40a2ec58f3046d63b3f38c6d793d1b0058a7075703748f6bae8dabb3216a23 done
#25 DONE 2.8s
