#0 building with "default" instance using docker driver

#1 [internal] load build definition from ubuntu-22.04-opencv-full-build.Dockerfile
#1 transferring dockerfile: 4.64kB done
#1 DONE 0.0s

#2 [internal] load metadata for docker.io/library/ubuntu:22.04
#2 DONE 0.0s

#3 [internal] load metadata for docker.io/library/node:22.12
#3 ...

#4 [auth] library/node:pull token for registry-1.docker.io
#4 DONE 0.0s

#3 [internal] load metadata for docker.io/library/node:22.12
#3 DONE 1.2s

#5 [internal] load .dockerignore
#5 transferring context: 2B done
#5 DONE 0.0s

#6 [opencv_download 1/4] FROM docker.io/library/ubuntu:22.04
#6 DONE 0.0s

#7 [frontend 1/3] FROM docker.io/library/node:22.12@sha256:0e910f435308c36ea60b4cfd7b80208044d77a074d16b768a81901ce938a62dc
#7 DONE 0.0s

#8 [opencv_download 3/4] RUN set -xeu && 	DEBIAN_FRONTEND=noninteractive apt-get install -y curl
#8 CACHED

#9 [opencv_download 4/4] RUN set -xeu &&     mkdir -p /root/dist &&     curl -sSfL "https://github.com/opencv/opencv/archive/refs/tags/4.8.0.tar.gz" | tar xz -C /root/dist &&     curl -sSfL "https://github.com/opencv/opencv_contrib/archive/refs/tags/4.8.0.tar.gz" | tar xz -C /root/dist &&     sed -ri 's/Ptr<FarnebackOpticalFlow> cv::cuda::FarnebackOpticalFlow::create/Ptr<cv::cuda::FarnebackOpticalFlow> cv::cuda::FarnebackOpticalFlow::create/' "/root/dist/opencv_contrib-4.8.0/modules/cudaoptflow/src/farneback.cpp" # patch for version 4.8.0
#9 CACHED

#10 [opencv_download 2/4] RUN set -xeu &&     apt-get update &&     DEBIAN_FRONTEND=noninteractive apt-get dist-upgrade -y &&     apt-get autoremove -y --purge &&     apt-get -y autoclean
#10 CACHED

#11 [backend 3/5] RUN set -xeu &&     DEBIAN_FRONTEND=noninteractive apt-get install -y clang libclang-dev cmake     libatlas-base-dev libceres-dev libeigen3-dev libva-dev     libavcodec-dev libavformat-dev libavutil-dev libswscale-dev
#11 CACHED

#12 [backend 4/5] COPY --from=opencv_download /root/dist /root/dist
#12 CACHED

#13 [backend 5/5] RUN set -xeu &&     mkdir -p /root/build &&     cmake -B /root/build -S "/root/dist/opencv-4.8.0" -D OPENCV_EXTRA_MODULES_PATH="/root/dist/opencv_contrib-4.8.0/modules" -D CMAKE_INSTALL_PREFIX=/opt/opencv 		-D CMAKE_BUILD_TYPE=Release     	-D BUILD_SHARED_LIBS=OFF 		-D OPENCV_FORCE_3RDPARTY_BUILD=ON     	-D BUILD_PERF_TESTS=OFF     	-D BUILD_TESTS=OFF 		-D BUILD_opencv_apps=OFF 		-D BUILD_LIST=core,imgcodecs,imgproc,video,videoio     	-D WITH_TIFF=OFF     	-D WITH_OPENEXR=OFF     	-D WITH_WEBP=OFF     	-D WITH_ITT=OFF     	-D WITH_GSTREAMER=OFF     	-D WITH_GTK=OFF &&     make -C /root/build -j`nproc` install
#13 0.300 + mkdir -p /root/build
#13 0.301 + cmake -B /root/build -S /root/dist/opencv-4.8.0 -D OPENCV_EXTRA_MODULES_PATH=/root/dist/opencv_contrib-4.8.0/modules -D CMAKE_INSTALL_PREFIX=/opt/opencv -D CMAKE_BUILD_TYPE=Release -D BUILD_SHARED_LIBS=OFF -D OPENCV_FORCE_3RDPARTY_BUILD=ON -D BUILD_PERF_TESTS=OFF -D BUILD_TESTS=OFF -D BUILD_opencv_apps=OFF -D BUILD_LIST=core,imgcodecs,imgproc,video,videoio -D WITH_TIFF=OFF -D WITH_OPENEXR=OFF -D WITH_WEBP=OFF -D WITH_ITT=OFF -D WITH_GSTREAMER=OFF -D WITH_GTK=OFF
#13 0.397 -- The CXX compiler identification is Clang 14.0.0
#13 0.429 -- The C compiler identification is GNU 11.4.0
#13 0.436 -- Detecting CXX compiler ABI info
#13 0.534 -- Detecting CXX compiler ABI info - done
#13 0.539 -- Check for working CXX compiler: /usr/bin/c++ - skipped
#13 0.539 -- Detecting CXX compile features
#13 0.539 -- Detecting CXX compile features - done
#13 0.542 -- Detecting C compiler ABI info
#13 0.590 -- Detecting C compiler ABI info - done
#13 0.596 -- Check for working C compiler: /usr/bin/cc - skipped
#13 0.596 -- Detecting C compile features
#13 0.596 -- Detecting C compile features - done
#13 0.599 -- ocv_init_download: OpenCV source tree is not fetched as git repository. 3rdparty resources will be downloaded from github.com by default.
#13 0.600 -- Detected processor: x86_64
#13 0.614 -- Could NOT find PythonInterp (missing: PYTHON_EXECUTABLE) (Required is at least version "2.7")
#13 0.625 -- Found PythonInterp: /usr/bin/python3 (found suitable version "3.10.12", minimum required is "3.2") 
#13 0.632 -- Could NOT find PythonLibs (missing: PYTHON_LIBRARIES PYTHON_INCLUDE_DIRS) (Required is exact version "3.10.12")
#13 0.652 Traceback (most recent call last):
#13 0.652   File "<string>", line 1, in <module>
#13 0.652 ModuleNotFoundError: No module named 'numpy'
#13 0.657 -- Looking for ccache - not found
#13 0.657 -- Performing Test HAVE_CXX_FSIGNED_CHAR
#13 0.764 -- Performing Test HAVE_CXX_FSIGNED_CHAR - Success
#13 0.764 -- Performing Test HAVE_C_FSIGNED_CHAR
#13 0.815 -- Performing Test HAVE_C_FSIGNED_CHAR - Success
#13 0.815 -- Performing Test HAVE_CXX_W
#13 0.918 -- Performing Test HAVE_CXX_W - Success
#13 0.919 -- Performing Test HAVE_C_W
#13 0.969 -- Performing Test HAVE_C_W - Success
#13 0.969 -- Performing Test HAVE_CXX_WALL
#13 1.072 -- Performing Test HAVE_CXX_WALL - Success
#13 1.072 -- Performing Test HAVE_C_WALL
#13 1.121 -- Performing Test HAVE_C_WALL - Success
#13 1.121 -- Performing Test HAVE_CXX_WRETURN_TYPE
#13 1.229 -- Performing Test HAVE_CXX_WRETURN_TYPE - Success
#13 1.229 -- Performing Test HAVE_C_WRETURN_TYPE
#13 1.279 -- Performing Test HAVE_C_WRETURN_TYPE - Success
#13 1.279 -- Performing Test HAVE_CXX_WNON_VIRTUAL_DTOR
#13 1.376 -- Performing Test HAVE_CXX_WNON_VIRTUAL_DTOR - Success
#13 1.376 -- Performing Test HAVE_C_WNON_VIRTUAL_DTOR
#13 1.422 -- Performing Test HAVE_C_WNON_VIRTUAL_DTOR - Failed
#13 1.423 -- Performing Test HAVE_CXX_WADDRESS
#13 1.517 -- Performing Test HAVE_CXX_WADDRESS - Success
#13 1.517 -- Performing Test HAVE_C_WADDRESS
#13 1.564 -- Performing Test HAVE_C_WADDRESS - Success
#13 1.565 -- Performing Test HAVE_CXX_WSEQUENCE_POINT
#13 1.659 -- Performing Test HAVE_CXX_WSEQUENCE_POINT - Success
#13 1.659 -- Performing Test HAVE_C_WSEQUENCE_POINT
#13 1.708 -- Performing Test HAVE_C_WSEQUENCE_POINT - Success
#13 1.708 -- Performing Test HAVE_CXX_WFORMAT
#13 1.803 -- Performing Test HAVE_CXX_WFORMAT - Success
#13 1.803 -- Performing Test HAVE_C_WFORMAT
#13 1.851 -- Performing Test HAVE_C_WFORMAT - Success
#13 1.851 -- Performing Test HAVE_CXX_WFORMAT_SECURITY
#13 1.944 -- Performing Test HAVE_CXX_WFORMAT_SECURITY - Success
#13 1.945 -- Performing Test HAVE_C_WFORMAT_SECURITY
#13 1.992 -- Performing Test HAVE_C_WFORMAT_SECURITY - Success
#13 1.992 -- Performing Test HAVE_CXX_WMISSING_DECLARATIONS
#13 2.089 -- Performing Test HAVE_CXX_WMISSING_DECLARATIONS - Success
#13 2.089 -- Performing Test HAVE_C_WMISSING_DECLARATIONS
#13 2.138 -- Performing Test HAVE_C_WMISSING_DECLARATIONS - Success
#13 2.138 -- Performing Test HAVE_CXX_WMISSING_PROTOTYPES
#13 2.239 -- Performing Test HAVE_CXX_WMISSING_PROTOTYPES - Success
#13 2.239 -- Performing Test HAVE_C_WMISSING_PROTOTYPES
#13 2.289 -- Performing Test HAVE_C_WMISSING_PROTOTYPES - Success
#13 2.289 -- Performing Test HAVE_CXX_WSTRICT_PROTOTYPES
#13 2.389 -- Performing Test HAVE_CXX_WSTRICT_PROTOTYPES - Success
#13 2.389 -- Performing Test HAVE_C_WSTRICT_PROTOTYPES
#13 2.436 -- Performing Test HAVE_C_WSTRICT_PROTOTYPES - Success
#13 2.436 -- Performing Test HAVE_CXX_WUNDEF
#13 2.531 -- Performing Test HAVE_CXX_WUNDEF - Success
#13 2.531 -- Performing Test HAVE_C_WUNDEF
#13 2.579 -- Performing Test HAVE_C_WUNDEF - Success
#13 2.579 -- Performing Test HAVE_CXX_WINIT_SELF
#13 2.679 -- Performing Test HAVE_CXX_WINIT_SELF - Success
#13 2.679 -- Performing Test HAVE_C_WINIT_SELF
#13 2.726 -- Performing Test HAVE_C_WINIT_SELF - Success
#13 2.727 -- Performing Test HAVE_CXX_WPOINTER_ARITH
#13 2.830 -- Performing Test HAVE_CXX_WPOINTER_ARITH - Success
#13 2.830 -- Performing Test HAVE_C_WPOINTER_ARITH
#13 2.877 -- Performing Test HAVE_C_WPOINTER_ARITH - Success
#13 2.878 -- Performing Test HAVE_CXX_WSHADOW
#13 2.973 -- Performing Test HAVE_CXX_WSHADOW - Success
#13 2.973 -- Performing Test HAVE_C_WSHADOW
#13 3.021 -- Performing Test HAVE_C_WSHADOW - Success
#13 3.021 -- Performing Test HAVE_CXX_WSIGN_PROMO
#13 3.116 -- Performing Test HAVE_CXX_WSIGN_PROMO - Success
#13 3.116 -- Performing Test HAVE_C_WSIGN_PROMO
#13 3.165 -- Performing Test HAVE_C_WSIGN_PROMO - Failed
#13 3.165 -- Performing Test HAVE_CXX_WUNINITIALIZED
#13 3.260 -- Performing Test HAVE_CXX_WUNINITIALIZED - Success
#13 3.260 -- Performing Test HAVE_C_WUNINITIALIZED
#13 3.309 -- Performing Test HAVE_C_WUNINITIALIZED - Success
#13 3.310 -- Performing Test HAVE_CXX_WINCONSISTENT_MISSING_OVERRIDE
#13 3.416 -- Performing Test HAVE_CXX_WINCONSISTENT_MISSING_OVERRIDE - Success
#13 3.417 -- Performing Test HAVE_C_WINCONSISTENT_MISSING_OVERRIDE
#13 3.440 -- Performing Test HAVE_C_WINCONSISTENT_MISSING_OVERRIDE - Failed
#13 3.441 -- Performing Test HAVE_CXX_WNO_DELETE_NON_VIRTUAL_DTOR
#13 3.545 -- Performing Test HAVE_CXX_WNO_DELETE_NON_VIRTUAL_DTOR - Success
#13 3.545 -- Performing Test HAVE_C_WNO_DELETE_NON_VIRTUAL_DTOR
#13 3.595 -- Performing Test HAVE_C_WNO_DELETE_NON_VIRTUAL_DTOR - Failed
#13 3.595 -- Performing Test HAVE_CXX_WNO_UNNAMED_TYPE_TEMPLATE_ARGS
#13 3.709 -- Performing Test HAVE_CXX_WNO_UNNAMED_TYPE_TEMPLATE_ARGS - Success
#13 3.710 -- Performing Test HAVE_C_WNO_UNNAMED_TYPE_TEMPLATE_ARGS
#13 3.775 -- Performing Test HAVE_C_WNO_UNNAMED_TYPE_TEMPLATE_ARGS - Failed
#13 3.776 -- Performing Test HAVE_CXX_WNO_COMMENT
#13 3.886 -- Performing Test HAVE_CXX_WNO_COMMENT - Success
#13 3.886 -- Performing Test HAVE_C_WNO_COMMENT
#13 3.938 -- Performing Test HAVE_C_WNO_COMMENT - Success
#13 3.938 -- Performing Test HAVE_CXX_WNO_DEPRECATED_ENUM_ENUM_CONVERSION
#13 4.048 -- Performing Test HAVE_CXX_WNO_DEPRECATED_ENUM_ENUM_CONVERSION - Success
#13 4.048 -- Performing Test HAVE_C_WNO_DEPRECATED_ENUM_ENUM_CONVERSION
#13 4.101 -- Performing Test HAVE_C_WNO_DEPRECATED_ENUM_ENUM_CONVERSION - Failed
#13 4.101 -- Performing Test HAVE_CXX_WNO_DEPRECATED_ANON_ENUM_ENUM_CONVERSION
#13 4.214 -- Performing Test HAVE_CXX_WNO_DEPRECATED_ANON_ENUM_ENUM_CONVERSION - Success
#13 4.214 -- Performing Test HAVE_C_WNO_DEPRECATED_ANON_ENUM_ENUM_CONVERSION
#13 4.265 -- Performing Test HAVE_C_WNO_DEPRECATED_ANON_ENUM_ENUM_CONVERSION - Failed
#13 4.265 -- Performing Test HAVE_CXX_FDIAGNOSTICS_SHOW_OPTION
#13 4.373 -- Performing Test HAVE_CXX_FDIAGNOSTICS_SHOW_OPTION - Success
#13 4.373 -- Performing Test HAVE_C_FDIAGNOSTICS_SHOW_OPTION
#13 4.425 -- Performing Test HAVE_C_FDIAGNOSTICS_SHOW_OPTION - Success
#13 4.425 -- Performing Test HAVE_CXX_WNO_LONG_LONG
#13 4.527 -- Performing Test HAVE_CXX_WNO_LONG_LONG - Success
#13 4.527 -- Performing Test HAVE_C_WNO_LONG_LONG
#13 4.576 -- Performing Test HAVE_C_WNO_LONG_LONG - Success
#13 4.576 -- Performing Test HAVE_CXX_PTHREAD
#13 4.674 -- Performing Test HAVE_CXX_PTHREAD - Success
#13 4.674 -- Performing Test HAVE_C_PTHREAD
#13 4.722 -- Performing Test HAVE_C_PTHREAD - Success
#13 4.723 -- Performing Test HAVE_CXX_QUNUSED_ARGUMENTS
#13 4.820 -- Performing Test HAVE_CXX_QUNUSED_ARGUMENTS - Success
#13 4.820 -- Performing Test HAVE_C_QUNUSED_ARGUMENTS
#13 4.841 -- Performing Test HAVE_C_QUNUSED_ARGUMENTS - Failed
#13 4.842 -- Performing Test HAVE_CXX_FFUNCTION_SECTIONS
#13 4.950 -- Performing Test HAVE_CXX_FFUNCTION_SECTIONS - Success
#13 4.950 -- Performing Test HAVE_C_FFUNCTION_SECTIONS
#13 4.998 -- Performing Test HAVE_C_FFUNCTION_SECTIONS - Success
#13 4.999 -- Performing Test HAVE_CXX_FDATA_SECTIONS
#13 5.098 -- Performing Test HAVE_CXX_FDATA_SECTIONS - Success
#13 5.098 -- Performing Test HAVE_C_FDATA_SECTIONS
#13 5.147 -- Performing Test HAVE_C_FDATA_SECTIONS - Success
#13 5.149 -- Performing Test HAVE_CXX_MSSE (check file: cmake/checks/cpu_sse.cpp)
#13 5.275 -- Performing Test HAVE_CXX_MSSE - Success
#13 5.275 -- Performing Test HAVE_CXX_MSSE2 (check file: cmake/checks/cpu_sse2.cpp)
#13 5.397 -- Performing Test HAVE_CXX_MSSE2 - Success
#13 5.398 -- Performing Test HAVE_CXX_MSSE3 (check file: cmake/checks/cpu_sse3.cpp)
#13 5.537 -- Performing Test HAVE_CXX_MSSE3 - Success
#13 5.538 -- Performing Test HAVE_CXX_MSSSE3 (check file: cmake/checks/cpu_ssse3.cpp)
#13 5.679 -- Performing Test HAVE_CXX_MSSSE3 - Success
#13 5.680 -- Performing Test HAVE_CXX_MSSE4_1 (check file: cmake/checks/cpu_sse41.cpp)
#13 5.850 -- Performing Test HAVE_CXX_MSSE4_1 - Success
#13 5.850 -- Performing Test HAVE_CXX_MPOPCNT (check file: cmake/checks/cpu_popcnt.cpp)
#13 5.967 -- Performing Test HAVE_CXX_MPOPCNT - Success
#13 5.968 -- Performing Test HAVE_CXX_MSSE4_2 (check file: cmake/checks/cpu_sse42.cpp)
#13 6.119 -- Performing Test HAVE_CXX_MSSE4_2 - Success
#13 6.119 -- Performing Test HAVE_CXX_MF16C (check file: cmake/checks/cpu_fp16.cpp)
#13 6.483 -- Performing Test HAVE_CXX_MF16C - Success
#13 6.484 -- Performing Test HAVE_CXX_MFMA
#13 6.585 -- Performing Test HAVE_CXX_MFMA - Success
#13 6.585 -- Performing Test HAVE_CXX_MAVX (check file: cmake/checks/cpu_avx.cpp)
#13 6.926 -- Performing Test HAVE_CXX_MAVX - Success
#13 6.927 -- Performing Test HAVE_CXX_MAVX2 (check file: cmake/checks/cpu_avx2.cpp)
#13 7.285 -- Performing Test HAVE_CXX_MAVX2 - Success
#13 7.286 -- Performing Test HAVE_CXX_MAVX512F (check file: cmake/checks/cpu_avx512.cpp)
#13 7.625 -- Performing Test HAVE_CXX_MAVX512F - Success
#13 7.626 -- Performing Test HAVE_CXX_MAVX512F_MAVX512CD (check file: cmake/checks/cpu_avx512common.cpp)
#13 7.971 -- Performing Test HAVE_CXX_MAVX512F_MAVX512CD - Success
#13 7.972 -- Performing Test HAVE_CXX_MAVX512F_MAVX512CD_MAVX512VL_MAVX512BW_MAVX512DQ (check file: cmake/checks/cpu_avx512skx.cpp)
#13 8.309 -- Performing Test HAVE_CXX_MAVX512F_MAVX512CD_MAVX512VL_MAVX512BW_MAVX512DQ - Success
#13 8.311 -- Performing Test HAVE_CPU_BASELINE_FLAGS
#13 8.405 -- Performing Test HAVE_CPU_BASELINE_FLAGS - Success
#13 8.408 -- Performing Test HAVE_CPU_DISPATCH_FLAGS_SSE4_1
#13 8.519 -- Performing Test HAVE_CPU_DISPATCH_FLAGS_SSE4_1 - Success
#13 8.521 -- Performing Test HAVE_CPU_DISPATCH_FLAGS_SSE4_2
#13 8.636 -- Performing Test HAVE_CPU_DISPATCH_FLAGS_SSE4_2 - Success
#13 8.638 -- Performing Test HAVE_CPU_DISPATCH_FLAGS_FP16
#13 8.756 -- Performing Test HAVE_CPU_DISPATCH_FLAGS_FP16 - Success
#13 8.759 -- Performing Test HAVE_CPU_DISPATCH_FLAGS_AVX
#13 8.875 -- Performing Test HAVE_CPU_DISPATCH_FLAGS_AVX - Success
#13 8.877 -- Performing Test HAVE_CPU_DISPATCH_FLAGS_AVX2
#13 9.002 -- Performing Test HAVE_CPU_DISPATCH_FLAGS_AVX2 - Success
#13 9.004 -- Performing Test HAVE_CPU_DISPATCH_FLAGS_AVX512_SKX
#13 9.134 -- Performing Test HAVE_CPU_DISPATCH_FLAGS_AVX512_SKX - Success
#13 9.135 -- Performing Test HAVE_CXX_FVISIBILITY_HIDDEN
#13 9.256 -- Performing Test HAVE_CXX_FVISIBILITY_HIDDEN - Success
#13 9.256 -- Performing Test HAVE_C_FVISIBILITY_HIDDEN
#13 9.311 -- Performing Test HAVE_C_FVISIBILITY_HIDDEN - Success
#13 9.311 -- Performing Test HAVE_CXX_FVISIBILITY_INLINES_HIDDEN
#13 9.627 -- Performing Test HAVE_CXX_FVISIBILITY_INLINES_HIDDEN - Success
#13 9.628 -- Performing Test HAVE_C_FVISIBILITY_INLINES_HIDDEN
#13 9.680 -- Performing Test HAVE_C_FVISIBILITY_INLINES_HIDDEN - Failed
#13 9.680 -- Performing Test HAVE_LINK_AS_NEEDED
#13 9.765 -- Performing Test HAVE_LINK_AS_NEEDED - Success
#13 9.766 -- Performing Test HAVE_LINK_NO_UNDEFINED
#13 9.865 -- Performing Test HAVE_LINK_NO_UNDEFINED - Success
#13 9.870 -- Looking for pthread.h
#13 9.924 -- Looking for pthread.h - found
#13 9.925 -- Looking for posix_memalign
#13 9.978 -- Looking for posix_memalign - found
#13 9.979 -- Looking for malloc.h
#13 10.03 -- Looking for malloc.h - found
#13 10.03 -- Looking for memalign
#13 10.09 -- Looking for memalign - found
#13 10.09 -- Looking for fseeko
#13 10.15 -- Looking for fseeko - found
#13 10.15 -- Looking for unistd.h
#13 10.20 -- Looking for unistd.h - found
#13 10.21 -- Looking for sys/types.h
#13 10.26 -- Looking for sys/types.h - found
#13 10.26 -- Looking for stdint.h
#13 10.31 -- Looking for stdint.h - found
#13 10.31 -- Looking for stddef.h
#13 10.36 -- Looking for stddef.h - found
#13 10.36 -- Check size of off64_t
#13 10.38 -- Check size of off64_t - failed
#13 10.38 -- Performing Test HAVE_C_WNO_SHORTEN_64_TO_32
#13 10.43 -- Performing Test HAVE_C_WNO_SHORTEN_64_TO_32 - Failed
#13 10.43 -- Performing Test HAVE_C_WNO_ATTRIBUTES
#13 10.48 -- Performing Test HAVE_C_WNO_ATTRIBUTES - Success
#13 10.48 -- Performing Test HAVE_C_WNO_STRICT_PROTOTYPES
#13 10.54 -- Performing Test HAVE_C_WNO_STRICT_PROTOTYPES - Success
#13 10.54 -- Performing Test HAVE_C_WNO_MISSING_PROTOTYPES
#13 10.59 -- Performing Test HAVE_C_WNO_MISSING_PROTOTYPES - Success
#13 10.59 -- Performing Test HAVE_C_WNO_MISSING_DECLARATIONS
#13 10.64 -- Performing Test HAVE_C_WNO_MISSING_DECLARATIONS - Success
#13 10.64 -- Performing Test HAVE_C_WNO_SHIFT_NEGATIVE_VALUE
#13 10.70 -- Performing Test HAVE_C_WNO_SHIFT_NEGATIVE_VALUE - Success
#13 10.70 -- Performing Test HAVE_C_WNO_UNDEF
#13 10.76 -- Performing Test HAVE_C_WNO_UNDEF - Success
#13 10.76 -- Performing Test HAVE_C_WNO_IMPLICIT_FALLTHROUGH
#13 10.81 -- Performing Test HAVE_C_WNO_IMPLICIT_FALLTHROUGH - Success
#13 10.82 -- Performing Test HAVE_C_WNO_UNUSED_PARAMETER
#13 10.87 -- Performing Test HAVE_C_WNO_UNUSED_PARAMETER - Success
#13 10.87 -- Performing Test HAVE_C_WNO_SIGN_COMPARE
#13 10.92 -- Performing Test HAVE_C_WNO_SIGN_COMPARE - Success
#13 10.92 -- libjpeg-turbo: VERSION = 2.1.3, BUILD = opencv-4.8.0-libjpeg-turbo
#13 10.93 -- Check size of size_t
#13 10.98 -- Check size of size_t - done
#13 10.98 -- Check size of unsigned long
#13 11.04 -- Check size of unsigned long - done
#13 11.04 -- Performing Test HAVE_BUILTIN_CTZL
#13 11.10 -- Performing Test HAVE_BUILTIN_CTZL - Success
#13 11.10 -- Looking for include file locale.h
#13 11.15 -- Looking for include file locale.h - found
#13 11.15 -- Looking for include file stdlib.h
#13 11.21 -- Looking for include file stdlib.h - found
#13 11.21 -- Looking for include file sys/types.h
#13 11.27 -- Looking for include file sys/types.h - found
#13 11.27 -- Looking for a ASM_NASM compiler
#13 11.31 -- Looking for a ASM_NASM compiler - NOTFOUND
#13 11.31 -- libjpeg-turbo(SIMD): SIMD extensions disabled: could not find NASM compiler.  Performance will suffer.
#13 11.31 -- Could NOT find OpenJPEG (minimal suitable version: 2.0, recommended version >= 2.3.1). OpenJPEG will be built from sources
#13 11.31 -- Performing Test HAVE_C_WNO_IMPLICIT_CONST_INT_FLOAT_CONVERSION
#13 11.37 -- Performing Test HAVE_C_WNO_IMPLICIT_CONST_INT_FLOAT_CONVERSION - Failed
#13 11.37 -- Performing Test HAVE_C_WNO_UNUSED_BUT_SET_VARIABLE
#13 11.43 -- Performing Test HAVE_C_WNO_UNUSED_BUT_SET_VARIABLE - Success
#13 11.43 -- OpenJPEG: VERSION = 2.5.0, BUILD = opencv-4.8.0-openjp2-2.5.0
#13 11.43 -- Looking for string.h
#13 11.49 -- Looking for string.h - found
#13 11.49 -- Looking for memory.h
#13 11.55 -- Looking for memory.h - found
#13 11.55 -- Looking for stdio.h
#13 11.61 -- Looking for stdio.h - found
#13 11.61 -- Looking for math.h
#13 11.67 -- Looking for math.h - found
#13 11.67 -- Looking for float.h
#13 11.72 -- Looking for float.h - found
#13 11.73 -- Looking for time.h
#13 11.78 -- Looking for time.h - found
#13 11.78 -- Looking for stdarg.h
#13 11.84 -- Looking for stdarg.h - found
#13 11.84 -- Looking for ctype.h
#13 11.89 -- Looking for ctype.h - found
#13 11.90 -- Looking for assert.h
#13 11.95 -- Looking for assert.h - found
#13 11.95 -- Looking for stdint.h
#13 12.01 -- Looking for stdint.h - found
#13 12.01 -- Looking for inttypes.h
#13 12.07 -- Looking for inttypes.h - found
#13 12.07 -- Looking for strings.h
#13 12.13 -- Looking for strings.h - found
#13 12.13 -- Looking for sys/stat.h
#13 12.18 -- Looking for sys/stat.h - found
#13 12.18 -- Looking for unistd.h
#13 12.24 -- Looking for unistd.h - found
#13 12.24 -- Looking for include file malloc.h
#13 12.30 -- Looking for include file malloc.h - found
#13 12.30 -- Looking for _aligned_malloc
#13 12.33 -- Looking for _aligned_malloc - not found
#13 12.33 -- Looking for posix_memalign
#13 12.39 -- Looking for posix_memalign - found
#13 12.39 -- Looking for memalign
#13 12.45 -- Looking for memalign - found
#13 12.45 -- Performing Test HAVE_C_WNO_CAST_FUNCTION_TYPE
#13 12.50 -- Performing Test HAVE_C_WNO_CAST_FUNCTION_TYPE - Success
#13 12.50 -- Performing Test HAVE_C_WNO_SHADOW
#13 12.56 -- Performing Test HAVE_C_WNO_SHADOW - Success
#13 12.56 -- Performing Test HAVE_C_WNO_UNUSED_FUNCTION
#13 12.61 -- Performing Test HAVE_C_WNO_UNUSED_FUNCTION - Success
#13 12.73 -- OpenJPEG libraries will be built from sources: libopenjp2 (version "2.5.0")
#13 12.73 -- Performing Test HAVE_C_WNO_CAST_ALIGN
#13 12.78 -- Performing Test HAVE_C_WNO_CAST_ALIGN - Success
#13 12.78 -- Performing Test HAVE_C_WNO_MAYBE_UNINITIALIZED
#13 12.83 -- Performing Test HAVE_C_WNO_MAYBE_UNINITIALIZED - Success
#13 12.83 -- Performing Test HAVE_C_WNO_NULL_POINTER_SUBTRACTION
#13 12.89 -- Performing Test HAVE_C_WNO_NULL_POINTER_SUBTRACTION - Failed
#13 12.89 -- IPPICV: Downloading ippicv_2021.8_lnx_intel64_20230330_general.tgz from https://raw.githubusercontent.com/opencv/opencv_3rdparty/1224f78da6684df04397ac0f40c961ed37f79ccb/ippicv/ippicv_2021.8_lnx_intel64_20230330_general.tgz
#13 15.13 -- found Intel IPP (ICV version): 2021.8.0 [2021.8]
#13 15.13 -- at: /root/build/3rdparty/ippicv/ippicv_lnx/icv
#13 15.13 -- found Intel IPP Integration Wrappers sources: 2021.8.0
#13 15.13 -- at: /root/build/3rdparty/ippicv/ippicv_lnx/iw
#13 15.15 -- Could not find OpenBLAS include. Turning OpenBLAS_FOUND off
#13 15.15 -- Could not find OpenBLAS lib. Turning OpenBLAS_FOUND off
#13 15.15 -- Could NOT find Atlas (missing: Atlas_CLAPACK_INCLUDE_DIR) 
#13 15.15 -- Looking for sgemm_
#13 15.20 -- Looking for sgemm_ - not found
#13 15.20 -- Found Threads: TRUE  
#13 15.21 -- Looking for dgemm_
#13 15.28 -- Looking for dgemm_ - found
#13 15.28 -- Found BLAS: /usr/lib/x86_64-linux-gnu/libblas.so;/usr/lib/x86_64-linux-gnu/libf77blas.so;/usr/lib/x86_64-linux-gnu/libatlas.so  
#13 15.28 -- Looking for cheev_
#13 15.34 -- Looking for cheev_ - not found
#13 15.34 -- Looking for cheev_
#13 15.38 -- Looking for cheev_ - not found
#13 15.38 -- Looking for cheev_
#13 15.45 -- Looking for cheev_ - found
#13 15.45 -- Found LAPACK: /usr/lib/x86_64-linux-gnu/liblapack.so;/usr/lib/x86_64-linux-gnu/libblas.so;/usr/lib/x86_64-linux-gnu/libf77blas.so;/usr/lib/x86_64-linux-gnu/libatlas.so  
#13 15.45 -- Performing Test HAVE_CXX_WNO_DEPRECATED
#13 15.54 -- Performing Test HAVE_CXX_WNO_DEPRECATED - Success
#13 15.54 -- Performing Test HAVE_CXX_WNO_MISSING_PROTOTYPES
#13 15.62 -- Performing Test HAVE_CXX_WNO_MISSING_PROTOTYPES - Success
#13 15.62 -- Performing Test HAVE_CXX_WNO_MISSING_DECLARATIONS
#13 15.70 -- Performing Test HAVE_CXX_WNO_MISSING_DECLARATIONS - Success
#13 15.70 -- Performing Test HAVE_CXX_WNO_SHADOW
#13 15.79 -- Performing Test HAVE_CXX_WNO_SHADOW - Success
#13 15.79 -- Performing Test HAVE_CXX_WNO_UNUSED_PARAMETER
#13 15.87 -- Performing Test HAVE_CXX_WNO_UNUSED_PARAMETER - Success
#13 15.87 -- Performing Test HAVE_CXX_WNO_UNUSED_LOCAL_TYPEDEFS
#13 15.96 -- Performing Test HAVE_CXX_WNO_UNUSED_LOCAL_TYPEDEFS - Success
#13 15.96 -- Performing Test HAVE_CXX_WNO_SIGN_COMPARE
#13 16.04 -- Performing Test HAVE_CXX_WNO_SIGN_COMPARE - Success
#13 16.04 -- Performing Test HAVE_CXX_WNO_SIGN_PROMO
#13 16.12 -- Performing Test HAVE_CXX_WNO_SIGN_PROMO - Success
#13 16.13 -- Performing Test HAVE_CXX_WNO_UNDEF
#13 16.21 -- Performing Test HAVE_CXX_WNO_UNDEF - Success
#13 16.21 -- Performing Test HAVE_CXX_WNO_TAUTOLOGICAL_UNDEFINED_COMPARE
#13 16.30 -- Performing Test HAVE_CXX_WNO_TAUTOLOGICAL_UNDEFINED_COMPARE - Success
#13 16.30 -- Performing Test HAVE_CXX_WNO_IGNORED_QUALIFIERS
#13 16.39 -- Performing Test HAVE_CXX_WNO_IGNORED_QUALIFIERS - Success
#13 16.39 -- Performing Test HAVE_CXX_WNO_EXTRA
#13 16.47 -- Performing Test HAVE_CXX_WNO_EXTRA - Success
#13 16.47 -- Performing Test HAVE_CXX_WNO_UNUSED_FUNCTION
#13 16.56 -- Performing Test HAVE_CXX_WNO_UNUSED_FUNCTION - Success
#13 16.56 -- Performing Test HAVE_CXX_WNO_UNUSED_CONST_VARIABLE
#13 16.64 -- Performing Test HAVE_CXX_WNO_UNUSED_CONST_VARIABLE - Success
#13 16.64 -- Performing Test HAVE_CXX_WNO_SHORTEN_64_TO_32
#13 16.73 -- Performing Test HAVE_CXX_WNO_SHORTEN_64_TO_32 - Success
#13 16.73 -- Performing Test HAVE_CXX_WNO_INVALID_OFFSETOF
#13 16.81 -- Performing Test HAVE_CXX_WNO_INVALID_OFFSETOF - Success
#13 16.81 -- Performing Test HAVE_CXX_WNO_ENUM_COMPARE_SWITCH
#13 16.90 -- Performing Test HAVE_CXX_WNO_ENUM_COMPARE_SWITCH - Success
#13 16.90 -- Performing Test HAVE_CXX_WNO_SUGGEST_OVERRIDE
#13 16.99 -- Performing Test HAVE_CXX_WNO_SUGGEST_OVERRIDE - Success
#13 16.99 -- Performing Test HAVE_CXX_WNO_INCONSISTENT_MISSING_OVERRIDE
#13 17.07 -- Performing Test HAVE_CXX_WNO_INCONSISTENT_MISSING_OVERRIDE - Success
#13 17.07 -- Performing Test HAVE_CXX_WNO_IMPLICIT_FALLTHROUGH
#13 17.16 -- Performing Test HAVE_CXX_WNO_IMPLICIT_FALLTHROUGH - Success
#13 17.16 -- Performing Test HAVE_CXX_WNO_ARRAY_BOUNDS
#13 17.25 -- Performing Test HAVE_CXX_WNO_ARRAY_BOUNDS - Success
#13 17.25 -- Could NOT find Java (missing: Java_JAVA_EXECUTABLE Java_JAR_EXECUTABLE Java_JAVAC_EXECUTABLE Java_JAVAH_EXECUTABLE Java_JAVADOC_EXECUTABLE) 
#13 17.25 -- Could NOT find JNI (missing: JAVA_AWT_LIBRARY JAVA_JVM_LIBRARY JAVA_INCLUDE_PATH JAVA_INCLUDE_PATH2 JAVA_AWT_INCLUDE_PATH) 
#13 17.33 -- VTK is not found. Please set -DVTK_DIR in CMake to VTK build directory, or to VTK install subdirectory with VTKConfig.cmake file
#13 17.33 -- Performing Test HAVE_C_WNO_UNUSED_VARIABLE
#13 17.38 -- Performing Test HAVE_C_WNO_UNUSED_VARIABLE - Success
#13 17.39 -- ADE: Downloading v0.1.2a.zip from https://github.com/opencv/ade/archive/v0.1.2a.zip
#13 18.06 -- Checking for modules 'libavcodec;libavformat;libavutil;libswscale'
#13 18.07 --   Found libavcodec, version 58.134.100
#13 18.08 --   Found libavformat, version 58.76.100
#13 18.09 --   Found libavutil, version 56.70.100
#13 18.09 --   Found libswscale, version 5.9.100
#13 18.12 -- Checking for module 'libavresample'
#13 18.12 --   No package 'libavresample' found
#13 18.46 -- Checking for module 'libdc1394-2'
#13 18.47 --   No package 'libdc1394-2' found
#13 18.55 -- Checking for module 'freetype2'
#13 18.55 --   No package 'freetype2' found
#13 18.55 -- Checking for module 'harfbuzz'
#13 18.55 --   No package 'harfbuzz' found
#13 18.55 -- freetype2:   NO
#13 18.55 -- harfbuzz:    NO
#13 18.59 -- Could NOT find HDF5 (missing: HDF5_LIBRARIES HDF5_INCLUDE_DIRS) (found version "")
#13 18.59 -- Julia not found. Not compiling Julia Bindings. 
#13 18.60 -- Module opencv_ovis disabled because OGRE3D was not found
#13 18.90 -- Checking SFM glog/gflags deps... TRUE
#13 18.91 -- Checking for module 'tesseract'
#13 18.91 --   No package 'tesseract' found
#13 18.91 -- Tesseract:   NO
#13 18.92 -- Using whitelist: opencv_core;opencv_imgcodecs;opencv_imgproc;opencv_video;opencv_videoio
#13 18.92 -- Module opencv_calib3d disabled by whitelist
#13 18.92 -- Module opencv_dnn disabled by whitelist
#13 18.92 -- Module opencv_features2d disabled by whitelist
#13 18.92 -- Module opencv_flann disabled by whitelist
#13 18.92 -- Module opencv_gapi disabled by whitelist
#13 18.92 -- Module opencv_highgui disabled by whitelist
#13 18.92 -- Module opencv_java_bindings_generator disabled by whitelist
#13 18.92 -- Module opencv_js_bindings_generator disabled by whitelist
#13 18.92 -- Module opencv_ml disabled by whitelist
#13 18.92 -- Module opencv_objc_bindings_generator disabled by whitelist
#13 18.92 -- Module opencv_objdetect disabled by whitelist
#13 18.92 -- Module opencv_photo disabled by whitelist
#13 18.92 -- Module opencv_python_bindings_generator disabled by whitelist
#13 18.93 -- Module opencv_python_tests disabled by whitelist
#13 18.93 -- Module opencv_stitching disabled by whitelist
#13 18.93 -- Module opencv_alphamat disabled by whitelist
#13 18.93 -- Module opencv_aruco disabled by whitelist
#13 18.93 -- Module opencv_bgsegm disabled by whitelist
#13 18.93 -- Module opencv_bioinspired disabled by whitelist
#13 18.93 -- Module opencv_ccalib disabled by whitelist
#13 18.93 -- Module opencv_datasets disabled by whitelist
#13 18.93 -- Module opencv_dnn_objdetect disabled by whitelist
#13 18.93 -- Module opencv_dnn_superres disabled by whitelist
#13 18.93 -- Module opencv_dpm disabled by whitelist
#13 18.93 -- Module opencv_face disabled by whitelist
#13 18.93 -- Module opencv_fuzzy disabled by whitelist
#13 18.93 -- Module opencv_hfs disabled by whitelist
#13 18.93 -- Module opencv_img_hash disabled by whitelist
#13 18.93 -- Module opencv_intensity_transform disabled by whitelist
#13 18.93 -- Module opencv_line_descriptor disabled by whitelist
#13 18.93 -- Module opencv_mcc disabled by whitelist
#13 18.93 -- Module opencv_optflow disabled by whitelist
#13 18.93 -- Module opencv_phase_unwrapping disabled by whitelist
#13 18.93 -- Module opencv_plot disabled by whitelist
#13 18.93 -- Module opencv_quality disabled by whitelist
#13 18.93 -- Module opencv_rapid disabled by whitelist
#13 18.93 -- Module opencv_reg disabled by whitelist
#13 18.93 -- Module opencv_rgbd disabled by whitelist
#13 18.93 -- Module opencv_saliency disabled by whitelist
#13 18.93 -- Module opencv_sfm disabled by whitelist
#13 18.93 -- Module opencv_shape disabled by whitelist
#13 18.93 -- Module opencv_stereo disabled by whitelist
#13 18.93 -- Module opencv_structured_light disabled by whitelist
#13 18.93 -- Module opencv_superres disabled by whitelist
#13 18.93 -- Module opencv_surface_matching disabled by whitelist
#13 18.93 -- Module opencv_text disabled by whitelist
#13 18.93 -- Module opencv_tracking disabled by whitelist
#13 18.93 -- Module opencv_videostab disabled by whitelist
#13 18.93 -- Module opencv_wechat_qrcode disabled by whitelist
#13 18.93 -- Module opencv_xfeatures2d disabled by whitelist
#13 18.93 -- Module opencv_ximgproc disabled by whitelist
#13 18.93 -- Module opencv_xobjdetect disabled by whitelist
#13 18.93 -- Module opencv_xphoto disabled by whitelist
#13 18.95 -- Allocator metrics storage type: 'long long'
#13 18.97 -- Excluding from source files list: modules/imgproc/src/imgwarp.lasx.cpp
#13 18.97 -- Excluding from source files list: modules/imgproc/src/resize.lasx.cpp
#13 18.98 -- Performing Test HAVE_CXX_WNO_DEPRECATED_DECLARATIONS
#13 19.07 -- Performing Test HAVE_CXX_WNO_DEPRECATED_DECLARATIONS - Success
#13 19.08 -- 
#13 19.08 -- General configuration for OpenCV 4.8.0 =====================================
#13 19.08 --   Version control:               unknown
#13 19.08 -- 
#13 19.08 --   Extra modules:
#13 19.08 --     Location (extra):            /root/dist/opencv_contrib-4.8.0/modules
#13 19.08 --     Version control (extra):     unknown
#13 19.08 -- 
#13 19.08 --   Platform:
#13 19.08 --     Timestamp:                   2024-12-27T16:53:31Z
#13 19.08 --     Host:                        Linux 5.15.167.4-microsoft-standard-WSL2 x86_64
#13 19.08 --     CMake:                       3.22.1
#13 19.08 --     CMake generator:             Unix Makefiles
#13 19.08 --     CMake build tool:            /usr/bin/gmake
#13 19.08 --     Configuration:               Release
#13 19.08 -- 
#13 19.08 --   CPU/HW features:
#13 19.08 --     Baseline:                    SSE SSE2 SSE3
#13 19.08 --       requested:                 SSE3
#13 19.08 --     Dispatched code generation:  SSE4_1 SSE4_2 FP16 AVX AVX2 AVX512_SKX
#13 19.08 --       requested:                 SSE4_1 SSE4_2 AVX FP16 AVX2 AVX512_SKX
#13 19.08 --       SSE4_1 (13 files):         + SSSE3 SSE4_1
#13 19.08 --       SSE4_2 (1 files):          + SSSE3 SSE4_1 POPCNT SSE4_2
#13 19.08 --       FP16 (0 files):            + SSSE3 SSE4_1 POPCNT SSE4_2 FP16 AVX
#13 19.08 --       AVX (3 files):             + SSSE3 SSE4_1 POPCNT SSE4_2 AVX
#13 19.08 --       AVX2 (25 files):           + SSSE3 SSE4_1 POPCNT SSE4_2 FP16 FMA3 AVX AVX2
#13 19.08 --       AVX512_SKX (2 files):      + SSSE3 SSE4_1 POPCNT SSE4_2 FP16 FMA3 AVX AVX2 AVX_512F AVX512_COMMON AVX512_SKX
#13 19.08 -- 
#13 19.08 --   C/C++:
#13 19.08 --     Built as dynamic libs?:      NO
#13 19.08 --     C++ standard:                11
#13 19.08 --     C++ Compiler:                /usr/bin/c++  (ver 14.0.0)
#13 19.08 --     C++ flags (Release):         -fsigned-char -W -Wall -Wreturn-type -Wnon-virtual-dtor -Waddress -Wsequence-point -Wformat -Wformat-security -Wmissing-declarations -Wmissing-prototypes -Wstrict-prototypes -Wundef -Winit-self -Wpointer-arith -Wshadow -Wsign-promo -Wuninitialized -Winconsistent-missing-override -Wno-delete-non-virtual-dtor -Wno-unnamed-type-template-args -Wno-comment -Wno-deprecated-enum-enum-conversion -Wno-deprecated-anon-enum-enum-conversion -fdiagnostics-show-option -Wno-long-long -pthread -Qunused-arguments -ffunction-sections -fdata-sections  -msse -msse2 -msse3 -fvisibility=hidden -fvisibility-inlines-hidden -O3 -DNDEBUG  -DNDEBUG
#13 19.08 --     C++ flags (Debug):           -fsigned-char -W -Wall -Wreturn-type -Wnon-virtual-dtor -Waddress -Wsequence-point -Wformat -Wformat-security -Wmissing-declarations -Wmissing-prototypes -Wstrict-prototypes -Wundef -Winit-self -Wpointer-arith -Wshadow -Wsign-promo -Wuninitialized -Winconsistent-missing-override -Wno-delete-non-virtual-dtor -Wno-unnamed-type-template-args -Wno-comment -Wno-deprecated-enum-enum-conversion -Wno-deprecated-anon-enum-enum-conversion -fdiagnostics-show-option -Wno-long-long -pthread -Qunused-arguments -ffunction-sections -fdata-sections  -msse -msse2 -msse3 -fvisibility=hidden -fvisibility-inlines-hidden -g  -O0 -DDEBUG -D_DEBUG
#13 19.08 --     C Compiler:                  /usr/bin/cc
#13 19.08 --     C flags (Release):           -fsigned-char -W -Wall -Wreturn-type -Waddress -Wsequence-point -Wformat -Wformat-security -Wmissing-declarations -Wmissing-prototypes -Wstrict-prototypes -Wundef -Winit-self -Wpointer-arith -Wshadow -Wuninitialized -Wno-comment -fdiagnostics-show-option -Wno-long-long -pthread -ffunction-sections -fdata-sections  -msse -msse2 -msse3 -fvisibility=hidden -O3 -DNDEBUG  -DNDEBUG
#13 19.08 --     C flags (Debug):             -fsigned-char -W -Wall -Wreturn-type -Waddress -Wsequence-point -Wformat -Wformat-security -Wmissing-declarations -Wmissing-prototypes -Wstrict-prototypes -Wundef -Winit-self -Wpointer-arith -Wshadow -Wuninitialized -Wno-comment -fdiagnostics-show-option -Wno-long-long -pthread -ffunction-sections -fdata-sections  -msse -msse2 -msse3 -fvisibility=hidden -g  -O0 -DDEBUG -D_DEBUG
#13 19.08 --     Linker flags (Release):      -Wl,--exclude-libs,libippicv.a -Wl,--exclude-libs,libippiw.a   -Wl,--gc-sections -Wl,--as-needed -Wl,--no-undefined  
#13 19.08 --     Linker flags (Debug):        -Wl,--exclude-libs,libippicv.a -Wl,--exclude-libs,libippiw.a   -Wl,--gc-sections -Wl,--as-needed -Wl,--no-undefined  
#13 19.08 --     ccache:                      NO
#13 19.08 --     Precompiled headers:         NO
#13 19.09 --     Extra dependencies:          va va-drm dl m pthread rt
#13 19.09 --     3rdparty dependencies:       libjpeg-turbo libpng libopenjp2 zlib ippiw ippicv
#13 19.09 -- 
#13 19.09 --   OpenCV modules:
#13 19.09 --     To be built:                 core imgcodecs imgproc video videoio
#13 19.09 --     Disabled:                    world
#13 19.09 --     Disabled by dependency:      alphamat aruco bgsegm bioinspired calib3d ccalib datasets dnn dnn_objdetect dnn_superres dpm face features2d flann fuzzy gapi hfs highgui img_hash intensity_transform java_bindings_generator js_bindings_generator line_descriptor mcc ml objc_bindings_generator objdetect optflow phase_unwrapping photo plot python_bindings_generator python_tests quality rapid reg rgbd saliency sfm shape stereo stitching structured_light superres surface_matching text tracking videostab wechat_qrcode xfeatures2d ximgproc xobjdetect xphoto
#13 19.09 --     Unavailable:                 cudaarithm cudabgsegm cudacodec cudafeatures2d cudafilters cudaimgproc cudalegacy cudaobjdetect cudaoptflow cudastereo cudawarping cudev cvv freetype hdf java julia matlab ovis python2 python3 ts viz
#13 19.09 --     Applications:                -
#13 19.09 --     Documentation:               NO
#13 19.09 --     Non-free algorithms:         NO
#13 19.09 -- 
#13 19.09 --   GUI: 
#13 19.09 --     VTK support:                 NO
#13 19.09 -- 
#13 19.09 --   Media I/O: 
#13 19.09 --     ZLib:                        build (ver 1.2.13)
#13 19.09 --     JPEG:                        build-libjpeg-turbo (ver 2.1.3-62)
#13 19.09 --       SIMD Support Request:      YES
#13 19.09 --       SIMD Support:              NO
#13 19.09 --     PNG:                         build (ver 1.6.37)
#13 19.09 --     JPEG 2000:                   build (ver 2.5.0)
#13 19.09 --     HDR:                         YES
#13 19.09 --     SUNRASTER:                   YES
#13 19.09 --     PXM:                         YES
#13 19.09 --     PFM:                         YES
#13 19.09 -- 
#13 19.09 --   Video I/O:
#13 19.09 --     DC1394:                      NO
#13 19.09 --     FFMPEG:                      YES
#13 19.09 --       avcodec:                   YES (58.134.100)
#13 19.09 --       avformat:                  YES (58.76.100)
#13 19.09 --       avutil:                    YES (56.70.100)
#13 19.09 --       swscale:                   YES (5.9.100)
#13 19.09 --       avresample:                NO
#13 19.09 --     v4l/v4l2:                    YES (linux/videodev2.h)
#13 19.09 -- 
#13 19.09 --   Parallel framework:            pthreads
#13 19.09 -- 
#13 19.09 --   Trace:                         YES (built-in)
#13 19.09 -- 
#13 19.09 --   Other third-party libraries:
#13 19.09 --     Intel IPP:                   2021.8 [2021.8.0]
#13 19.09 --            at:                   /root/build/3rdparty/ippicv/ippicv_lnx/icv
#13 19.09 --     Intel IPP IW:                sources (2021.8.0)
#13 19.10 --               at:                /root/build/3rdparty/ippicv/ippicv_lnx/iw
#13 19.10 --     VA:                          YES
#13 19.10 --     Lapack:                      NO
#13 19.10 --     Eigen:                       YES (ver 3.4.0)
#13 19.10 --     Custom HAL:                  NO
#13 19.10 --     Protobuf:                    build (3.19.1)
#13 19.10 --     Flatbuffers:                 builtin/3rdparty (23.5.9)
#13 19.10 -- 
#13 19.10 --   OpenCL:                        YES (INTELVA)
#13 19.10 --     Include path:                /root/dist/opencv-4.8.0/3rdparty/include/opencl/1.2
#13 19.10 --     Link libraries:              Dynamic load
#13 19.10 -- 
#13 19.10 --   Python (for build):            /usr/bin/python3
#13 19.10 -- 
#13 19.10 --   Java:                          
#13 19.10 --     ant:                         NO
#13 19.10 --     Java:                        NO
#13 19.10 --     JNI:                         NO
#13 19.10 --     Java wrappers:               NO
#13 19.10 --     Java tests:                  NO
#13 19.10 -- 
#13 19.10 --   Install to:                    /opt/opencv
#13 19.10 -- -----------------------------------------------------------------
#13 19.10 -- 
#13 19.29 -- Configuring done
#13 19.44 -- Generating done
#13 19.45 -- Build files have been written to: /root/build
#13 19.48 + nproc
#13 19.48 + make -C /root/build -j16 install
#13 19.48 make: Entering directory '/root/build'
#13 19.50 make[1]: Entering directory '/root/build'
#13 19.50 make[2]: Entering directory '/root/build'
#13 19.50 make[2]: Entering directory '/root/build'
#13 19.50 make[2]: Entering directory '/root/build'
#13 19.50 make[2]: Entering directory '/root/build'
#13 19.50 make[2]: Entering directory '/root/build'
#13 19.50 make[2]: Entering directory '/root/build'
#13 19.50 make[2]: Entering directory '/root/build'
#13 19.51 make[2]: Leaving directory '/root/build'
#13 19.51 make[2]: Leaving directory '/root/build'
#13 19.51 make[2]: Leaving directory '/root/build'
#13 19.51 make[2]: Leaving directory '/root/build'
#13 19.51 make[2]: Leaving directory '/root/build'
#13 19.51 make[2]: Leaving directory '/root/build'
#13 19.51 make[2]: Leaving directory '/root/build'
#13 19.51 make[2]: Entering directory '/root/build'
#13 19.51 make[2]: Entering directory '/root/build'
#13 19.51 make[2]: Entering directory '/root/build'
#13 19.51 make[2]: Entering directory '/root/build'
#13 19.52 [  0%] Building C object 3rdparty/ippiw/CMakeFiles/ippiw.dir/src/iw_image.c.o
#13 19.52 [  0%] Building C object 3rdparty/openjpeg/openjp2/CMakeFiles/libopenjp2.dir/thread.c.o
#13 19.52 [  0%] Built target opencv_highgui_plugins
#13 19.52 [  2%] Building C object 3rdparty/ippiw/CMakeFiles/ippiw.dir/src/iw_core.c.o
#13 19.52 [  1%] Built target opencv_videoio_plugins
#13 19.52 [  2%] Built target opencv_dnn_plugins
#13 19.52 [  2%] Building C object 3rdparty/libjpeg-turbo/CMakeFiles/jsimd.dir/src/jsimd_none.c.o
#13 19.52 [  3%] Building C object 3rdparty/zlib/CMakeFiles/zlib.dir/compress.c.o
#13 19.52 [  3%] Building C object 3rdparty/zlib/CMakeFiles/zlib.dir/crc32.c.o
#13 19.52 [  3%] Building C object 3rdparty/openjpeg/openjp2/CMakeFiles/libopenjp2.dir/cio.c.o
#13 19.52 [  3%] Building C object 3rdparty/openjpeg/openjp2/CMakeFiles/libopenjp2.dir/bio.c.o
#13 19.52 [  3%] Building C object 3rdparty/zlib/CMakeFiles/zlib.dir/adler32.c.o
#13 19.52 [  3%] Building C object 3rdparty/ippiw/CMakeFiles/ippiw.dir/src/iw_image_color_convert_rgbs.c.o
#13 19.52 [  3%] Building C object 3rdparty/ippiw/CMakeFiles/ippiw.dir/src/iw_image_color_convert_all.c.o
#13 19.52 [  3%] Building C object 3rdparty/zlib/CMakeFiles/zlib.dir/deflate.c.o
#13 19.52 [  3%] Building C object 3rdparty/openjpeg/openjp2/CMakeFiles/libopenjp2.dir/dwt.c.o
#13 19.52 [  3%] Building C object 3rdparty/ippiw/CMakeFiles/ippiw.dir/src/iw_image_filter_bilateral.c.o
#13 19.52 [  4%] Building C object 3rdparty/openjpeg/openjp2/CMakeFiles/libopenjp2.dir/event.c.o
#13 19.52 [  4%] Building C object 3rdparty/zlib/CMakeFiles/zlib.dir/gzclose.c.o
#13 19.59 [  4%] Building C object 3rdparty/openjpeg/openjp2/CMakeFiles/libopenjp2.dir/ht_dec.c.o
#13 19.60 [  4%] Building C object 3rdparty/zlib/CMakeFiles/zlib.dir/gzlib.c.o
#13 19.60 [  5%] Building C object 3rdparty/zlib/CMakeFiles/zlib.dir/gzread.c.o
#13 19.61 make[2]: Leaving directory '/root/build'
#13 19.61 [  5%] Building C object 3rdparty/zlib/CMakeFiles/zlib.dir/gzwrite.c.o
#13 19.61 [  6%] Building C object 3rdparty/ippiw/CMakeFiles/ippiw.dir/src/iw_image_filter_canny.c.o
#13 19.61 [  6%] Building C object 3rdparty/ippiw/CMakeFiles/ippiw.dir/src/iw_image_filter_box.c.o
#13 19.63 [  6%] Building C object 3rdparty/zlib/CMakeFiles/zlib.dir/inflate.c.o
#13 19.63 [  6%] Building C object 3rdparty/ippiw/CMakeFiles/ippiw.dir/src/iw_image_filter_gaussian.c.o
#13 19.64 [  6%] Building C object 3rdparty/ippiw/CMakeFiles/ippiw.dir/src/iw_image_filter_general.c.o
#13 19.65 [  6%] Built target jsimd
#13 19.66 make[2]: Entering directory '/root/build'
#13 19.68 make[2]: Leaving directory '/root/build'
#13 19.68 make[2]: Entering directory '/root/build'
#13 19.69 [  6%] Building C object 3rdparty/libjpeg-turbo/CMakeFiles/libjpeg-turbo.dir/src/jcapimin.c.o
#13 19.70 [  6%] Building C object 3rdparty/openjpeg/openjp2/CMakeFiles/libopenjp2.dir/image.c.o
#13 19.70 [  6%] Building C object 3rdparty/zlib/CMakeFiles/zlib.dir/infback.c.o
#13 19.73 [  6%] Building C object 3rdparty/ippiw/CMakeFiles/ippiw.dir/src/iw_image_filter_laplacian.c.o
#13 19.74 [  6%] Building C object 3rdparty/openjpeg/openjp2/CMakeFiles/libopenjp2.dir/invert.c.o
#13 19.76 [  6%] Building C object 3rdparty/zlib/CMakeFiles/zlib.dir/inftrees.c.o
#13 19.78 [  8%] Building C object 3rdparty/ippiw/CMakeFiles/ippiw.dir/src/iw_image_filter_morphology.c.o
#13 19.79 [  9%] Building C object 3rdparty/zlib/CMakeFiles/zlib.dir/inffast.c.o
#13 19.80 [  9%] Building C object 3rdparty/libjpeg-turbo/CMakeFiles/libjpeg-turbo.dir/src/jcapistd.c.o
#13 19.81 [  9%] Building C object 3rdparty/zlib/CMakeFiles/zlib.dir/trees.c.o
#13 19.82 [  9%] Building C object 3rdparty/openjpeg/openjp2/CMakeFiles/libopenjp2.dir/j2k.c.o
#13 19.84 [  9%] Building C object 3rdparty/ippiw/CMakeFiles/ippiw.dir/src/iw_image_filter_scharr.c.o
#13 19.85 [  9%] Building C object 3rdparty/ippiw/CMakeFiles/ippiw.dir/src/iw_image_filter_sobel.c.o
#13 19.85 [  9%] Building C object 3rdparty/ippiw/CMakeFiles/ippiw.dir/src/iw_image_op_copy.c.o
#13 19.87 [  9%] Building C object 3rdparty/libjpeg-turbo/CMakeFiles/libjpeg-turbo.dir/src/jccoefct.c.o
#13 19.89 [ 10%] Building C object 3rdparty/openjpeg/openjp2/CMakeFiles/libopenjp2.dir/jp2.c.o
#13 19.91 [ 11%] Building C object 3rdparty/ippiw/CMakeFiles/ippiw.dir/src/iw_image_op_copy_channel.c.o
#13 19.93 [ 11%] Building C object 3rdparty/zlib/CMakeFiles/zlib.dir/uncompr.c.o
#13 19.96 [ 11%] Building C object 3rdparty/ippiw/CMakeFiles/ippiw.dir/src/iw_image_op_copy_make_border.c.o
#13 19.98 [ 11%] Building C object 3rdparty/zlib/CMakeFiles/zlib.dir/zutil.c.o
#13 19.98 [ 11%] Building C object 3rdparty/ippiw/CMakeFiles/ippiw.dir/src/iw_image_op_copy_merge.c.o
#13 19.99 [ 11%] Building C object 3rdparty/openjpeg/openjp2/CMakeFiles/libopenjp2.dir/mct.c.o
#13 20.02 [ 11%] Building C object 3rdparty/ippiw/CMakeFiles/ippiw.dir/src/iw_image_op_copy_split.c.o
#13 20.02 [ 11%] Building C object 3rdparty/ippiw/CMakeFiles/ippiw.dir/src/iw_image_op_scale.c.o
#13 20.03 [ 11%] Building C object 3rdparty/openjpeg/openjp2/CMakeFiles/libopenjp2.dir/mqc.c.o
#13 20.04 [ 12%] Building C object 3rdparty/ippiw/CMakeFiles/ippiw.dir/src/iw_image_op_set.c.o
#13 20.04 [ 12%] Building C object 3rdparty/openjpeg/openjp2/CMakeFiles/libopenjp2.dir/openjpeg.c.o
#13 20.05 [ 12%] Building C object 3rdparty/libjpeg-turbo/CMakeFiles/libjpeg-turbo.dir/src/jccolor.c.o
#13 20.10 [ 12%] Building C object 3rdparty/ippiw/CMakeFiles/ippiw.dir/src/iw_image_op_set_channel.c.o
#13 20.14 [ 12%] Building C object 3rdparty/ippiw/CMakeFiles/ippiw.dir/src/iw_image_op_swap_channels.c.o
#13 20.18 [ 12%] Building C object 3rdparty/ippiw/CMakeFiles/ippiw.dir/src/iw_image_transform_mirror.c.o
#13 20.18 [ 13%] Building C object 3rdparty/openjpeg/openjp2/CMakeFiles/libopenjp2.dir/opj_clock.c.o
#13 20.19 [ 13%] Building C object 3rdparty/openjpeg/openjp2/CMakeFiles/libopenjp2.dir/pi.c.o
#13 20.23 [ 13%] Building C object 3rdparty/openjpeg/openjp2/CMakeFiles/libopenjp2.dir/t1.c.o
#13 20.23 [ 13%] Building C object 3rdparty/openjpeg/openjp2/CMakeFiles/libopenjp2.dir/t2.c.o
#13 20.23 [ 13%] Building C object 3rdparty/ippiw/CMakeFiles/ippiw.dir/src/iw_image_transform_resize.c.o
#13 20.24 [ 13%] Building C object 3rdparty/openjpeg/openjp2/CMakeFiles/libopenjp2.dir/tcd.c.o
#13 20.25 [ 14%] Building C object 3rdparty/ippiw/CMakeFiles/ippiw.dir/src/iw_image_transform_rotate.c.o
#13 20.29 [ 14%] Building C object 3rdparty/ippiw/CMakeFiles/ippiw.dir/src/iw_image_transform_warpaffine.c.o
#13 20.33 [ 16%] Building C object 3rdparty/openjpeg/openjp2/CMakeFiles/libopenjp2.dir/tgt.c.o
#13 20.34 [ 16%] Building C object 3rdparty/ippiw/CMakeFiles/ippiw.dir/src/iw_own.c.o
#13 20.35 [ 16%] Building C object 3rdparty/openjpeg/openjp2/CMakeFiles/libopenjp2.dir/function_list.c.o
#13 20.43 [ 16%] Building C object 3rdparty/openjpeg/openjp2/CMakeFiles/libopenjp2.dir/opj_malloc.c.o
#13 20.43 [ 17%] Linking C static library ../lib/libzlib.a
#13 20.44 [ 17%] Building C object 3rdparty/openjpeg/openjp2/CMakeFiles/libopenjp2.dir/sparse_array.c.o
#13 20.44 [ 18%] Building C object 3rdparty/libjpeg-turbo/CMakeFiles/libjpeg-turbo.dir/src/jcdctmgr.c.o
#13 20.45 [ 18%] Building C object 3rdparty/libjpeg-turbo/CMakeFiles/libjpeg-turbo.dir/src/jchuff.c.o
#13 20.49 [ 18%] Building C object 3rdparty/libjpeg-turbo/CMakeFiles/libjpeg-turbo.dir/src/jcicc.c.o
#13 20.50 [ 18%] Building C object 3rdparty/libjpeg-turbo/CMakeFiles/libjpeg-turbo.dir/src/jcinit.c.o
#13 20.51 make[2]: Leaving directory '/root/build'
#13 20.52 [ 18%] Building C object 3rdparty/libjpeg-turbo/CMakeFiles/libjpeg-turbo.dir/src/jcmainct.c.o
#13 20.52 [ 18%] Built target zlib
#13 20.52 make[2]: Entering directory '/root/build'
#13 20.54 make[2]: Leaving directory '/root/build'
#13 20.54 make[2]: Entering directory '/root/build'
#13 20.55 [ 18%] Linking C static library ../lib/libippiw.a
#13 20.56 [ 19%] Building C object 3rdparty/libpng/CMakeFiles/libpng.dir/png.c.o
#13 20.57 [ 20%] Building C object 3rdparty/libjpeg-turbo/CMakeFiles/libjpeg-turbo.dir/src/jcmarker.c.o
#13 20.57 [ 20%] Building C object 3rdparty/libjpeg-turbo/CMakeFiles/libjpeg-turbo.dir/src/jcmaster.c.o
#13 20.61 [ 20%] Building C object 3rdparty/libjpeg-turbo/CMakeFiles/libjpeg-turbo.dir/src/jcomapi.c.o
#13 20.62 [ 20%] Building C object 3rdparty/libjpeg-turbo/CMakeFiles/libjpeg-turbo.dir/src/jcparam.c.o
#13 20.65 make[2]: Leaving directory '/root/build'
#13 20.67 [ 20%] Built target ippiw
#13 20.67 [ 20%] Building C object 3rdparty/libjpeg-turbo/CMakeFiles/libjpeg-turbo.dir/src/jcphuff.c.o
#13 20.68 [ 20%] Building C object 3rdparty/libpng/CMakeFiles/libpng.dir/pngget.c.o
#13 20.68 [ 20%] Building C object 3rdparty/libpng/CMakeFiles/libpng.dir/pngerror.c.o
#13 20.69 [ 21%] Building C object 3rdparty/libjpeg-turbo/CMakeFiles/libjpeg-turbo.dir/src/jcprepct.c.o
#13 20.70 [ 21%] Building C object 3rdparty/libjpeg-turbo/CMakeFiles/libjpeg-turbo.dir/src/jcsample.c.o
#13 20.81 [ 21%] Building C object 3rdparty/libjpeg-turbo/CMakeFiles/libjpeg-turbo.dir/src/jctrans.c.o
#13 20.82 [ 21%] Building C object 3rdparty/libjpeg-turbo/CMakeFiles/libjpeg-turbo.dir/src/jdapimin.c.o
#13 20.90 [ 22%] Building C object 3rdparty/libjpeg-turbo/CMakeFiles/libjpeg-turbo.dir/src/jdapistd.c.o
#13 20.94 [ 22%] Building C object 3rdparty/libjpeg-turbo/CMakeFiles/libjpeg-turbo.dir/src/jdatadst.c.o
#13 20.98 [ 22%] Building C object 3rdparty/libjpeg-turbo/CMakeFiles/libjpeg-turbo.dir/src/jdatasrc.c.o
#13 20.99 [ 22%] Building C object 3rdparty/libpng/CMakeFiles/libpng.dir/pngmem.c.o
#13 21.00 [ 22%] Building C object 3rdparty/libjpeg-turbo/CMakeFiles/libjpeg-turbo.dir/src/jdcoefct.c.o
#13 21.02 [ 22%] Building C object 3rdparty/libjpeg-turbo/CMakeFiles/libjpeg-turbo.dir/src/jdcolor.c.o
#13 21.03 [ 24%] Building C object 3rdparty/libpng/CMakeFiles/libpng.dir/pngpread.c.o
#13 21.04 [ 24%] Building C object 3rdparty/libpng/CMakeFiles/libpng.dir/pngread.c.o
#13 21.05 [ 24%] Building C object 3rdparty/libpng/CMakeFiles/libpng.dir/pngrio.c.o
#13 21.06 [ 25%] Building C object 3rdparty/libjpeg-turbo/CMakeFiles/libjpeg-turbo.dir/src/jddctmgr.c.o
#13 21.12 [ 25%] Building C object 3rdparty/libjpeg-turbo/CMakeFiles/libjpeg-turbo.dir/src/jdhuff.c.o
#13 21.12 [ 25%] Building C object 3rdparty/libpng/CMakeFiles/libpng.dir/pngrtran.c.o
#13 21.13 [ 25%] Building C object 3rdparty/libpng/CMakeFiles/libpng.dir/pngrutil.c.o
#13 21.13 [ 25%] Building C object 3rdparty/libjpeg-turbo/CMakeFiles/libjpeg-turbo.dir/src/jdicc.c.o
#13 21.22 [ 25%] Building C object 3rdparty/libjpeg-turbo/CMakeFiles/libjpeg-turbo.dir/src/jdinput.c.o
#13 21.23 [ 25%] Building C object 3rdparty/libjpeg-turbo/CMakeFiles/libjpeg-turbo.dir/src/jdmainct.c.o
#13 21.36 [ 26%] Building C object 3rdparty/libpng/CMakeFiles/libpng.dir/pngset.c.o
#13 21.36 [ 27%] Building C object 3rdparty/libjpeg-turbo/CMakeFiles/libjpeg-turbo.dir/src/jdmarker.c.o
#13 21.40 [ 27%] Building C object 3rdparty/libjpeg-turbo/CMakeFiles/libjpeg-turbo.dir/src/jdmaster.c.o
#13 21.47 [ 27%] Building C object 3rdparty/libpng/CMakeFiles/libpng.dir/pngtrans.c.o
#13 21.56 [ 27%] Building C object 3rdparty/libjpeg-turbo/CMakeFiles/libjpeg-turbo.dir/src/jdmerge.c.o
#13 21.57 [ 27%] Building C object 3rdparty/libjpeg-turbo/CMakeFiles/libjpeg-turbo.dir/src/jdphuff.c.o
#13 21.58 [ 28%] Building C object 3rdparty/libjpeg-turbo/CMakeFiles/libjpeg-turbo.dir/src/jdpostct.c.o
#13 21.65 [ 28%] Building C object 3rdparty/libpng/CMakeFiles/libpng.dir/pngwio.c.o
#13 21.67 [ 28%] Building C object 3rdparty/libjpeg-turbo/CMakeFiles/libjpeg-turbo.dir/src/jdsample.c.o
#13 21.73 [ 28%] Building C object 3rdparty/libpng/CMakeFiles/libpng.dir/pngwrite.c.o
#13 21.73 [ 28%] Building C object 3rdparty/libpng/CMakeFiles/libpng.dir/pngwtran.c.o
#13 21.78 [ 28%] Building C object 3rdparty/libjpeg-turbo/CMakeFiles/libjpeg-turbo.dir/src/jdtrans.c.o
#13 21.79 [ 29%] Building C object 3rdparty/libpng/CMakeFiles/libpng.dir/pngwutil.c.o
#13 21.79 [ 29%] Building C object 3rdparty/libjpeg-turbo/CMakeFiles/libjpeg-turbo.dir/src/jerror.c.o
#13 21.85 [ 29%] Building C object 3rdparty/libjpeg-turbo/CMakeFiles/libjpeg-turbo.dir/src/jfdctflt.c.o
#13 21.88 [ 31%] Building C object 3rdparty/libjpeg-turbo/CMakeFiles/libjpeg-turbo.dir/src/jfdctfst.c.o
#13 21.89 [ 31%] Building C object 3rdparty/libjpeg-turbo/CMakeFiles/libjpeg-turbo.dir/src/jfdctint.c.o
#13 21.92 [ 31%] Building C object 3rdparty/libjpeg-turbo/CMakeFiles/libjpeg-turbo.dir/src/jidctflt.c.o
#13 21.94 [ 31%] Building C object 3rdparty/libjpeg-turbo/CMakeFiles/libjpeg-turbo.dir/src/jidctfst.c.o
#13 21.94 [ 31%] Building C object 3rdparty/libpng/CMakeFiles/libpng.dir/intel/intel_init.c.o
#13 21.97 [ 31%] Building C object 3rdparty/libjpeg-turbo/CMakeFiles/libjpeg-turbo.dir/src/jidctint.c.o
#13 22.00 [ 32%] Building C object 3rdparty/libjpeg-turbo/CMakeFiles/libjpeg-turbo.dir/src/jidctred.c.o
#13 22.01 [ 32%] Building C object 3rdparty/libpng/CMakeFiles/libpng.dir/intel/filter_sse2_intrinsics.c.o
#13 22.04 [ 32%] Building C object 3rdparty/libjpeg-turbo/CMakeFiles/libjpeg-turbo.dir/src/jquant1.c.o
#13 22.04 [ 32%] Building C object 3rdparty/libjpeg-turbo/CMakeFiles/libjpeg-turbo.dir/src/jquant2.c.o
#13 22.09 [ 32%] Building C object 3rdparty/libjpeg-turbo/CMakeFiles/libjpeg-turbo.dir/src/jutils.c.o
#13 22.12 [ 33%] Building C object 3rdparty/libjpeg-turbo/CMakeFiles/libjpeg-turbo.dir/src/jmemmgr.c.o
#13 22.15 [ 33%] Building C object 3rdparty/libjpeg-turbo/CMakeFiles/libjpeg-turbo.dir/src/jmemnobs.c.o
#13 22.17 [ 33%] Building C object 3rdparty/libjpeg-turbo/CMakeFiles/libjpeg-turbo.dir/src/jaricom.c.o
#13 22.21 [ 33%] Building C object 3rdparty/libjpeg-turbo/CMakeFiles/libjpeg-turbo.dir/src/jcarith.c.o
#13 22.21 [ 33%] Building C object 3rdparty/libjpeg-turbo/CMakeFiles/libjpeg-turbo.dir/src/jdarith.c.o
#13 22.23 make[2]: Entering directory '/root/build'
#13 22.24 [ 33%] Processing OpenCL kernels (core)
#13 22.28 make[2]: Leaving directory '/root/build'
#13 22.29 make[2]: Entering directory '/root/build'
#13 22.30 [ 34%] Building CXX object modules/core/CMakeFiles/opencv_core.dir/src/algorithm.cpp.o
#13 22.30 [ 34%] Building CXX object modules/core/CMakeFiles/opencv_core.dir/src/arithm.cpp.o
#13 22.30 [ 34%] Building CXX object modules/core/CMakeFiles/opencv_core.dir/src/alloc.cpp.o
#13 22.32 [ 34%] Building CXX object modules/core/CMakeFiles/opencv_core.dir/src/arithm.dispatch.cpp.o
#13 22.34 [ 35%] Building CXX object modules/core/CMakeFiles/opencv_core.dir/src/array.cpp.o
#13 22.36 [ 35%] Building CXX object modules/core/CMakeFiles/opencv_core.dir/src/async.cpp.o
#13 22.43 [ 35%] Building CXX object modules/core/CMakeFiles/opencv_core.dir/src/batch_distance.cpp.o
#13 22.43 [ 35%] Building CXX object modules/core/CMakeFiles/opencv_core.dir/src/bindings_utils.cpp.o
#13 22.51 [ 35%] Building CXX object modules/core/CMakeFiles/opencv_core.dir/src/buffer_area.cpp.o
#13 22.57 [ 36%] Building CXX object modules/core/CMakeFiles/opencv_core.dir/src/channels.cpp.o
#13 22.67 [ 36%] Building CXX object modules/core/CMakeFiles/opencv_core.dir/src/check.cpp.o
#13 22.68 [ 36%] Building CXX object modules/core/CMakeFiles/opencv_core.dir/src/command_line_parser.cpp.o
#13 22.76 [ 36%] Building CXX object modules/core/CMakeFiles/opencv_core.dir/src/conjugate_gradient.cpp.o
#13 22.86 [ 36%] Linking C static library ../lib/liblibpng.a
#13 22.94 make[2]: Leaving directory '/root/build'
#13 22.95 [ 36%] Built target libpng
#13 22.96 [ 36%] Building CXX object modules/core/CMakeFiles/opencv_core.dir/src/convert.dispatch.cpp.o
#13 25.09 [ 37%] Building CXX object modules/core/CMakeFiles/opencv_core.dir/src/convert_c.cpp.o
#13 25.10 [ 37%] Building CXX object modules/core/CMakeFiles/opencv_core.dir/src/convert_scale.dispatch.cpp.o
#13 25.13 [ 37%] Building CXX object modules/core/CMakeFiles/opencv_core.dir/src/copy.cpp.o
#13 25.46 [ 37%] Linking C static library ../../lib/liblibopenjp2.a
#13 25.57 make[2]: Leaving directory '/root/build'
#13 25.58 [ 37%] Built target libopenjp2
#13 25.59 [ 37%] Building CXX object modules/core/CMakeFiles/opencv_core.dir/src/count_non_zero.dispatch.cpp.o
#13 25.67 [ 37%] Building CXX object modules/core/CMakeFiles/opencv_core.dir/src/cuda_gpu_mat.cpp.o
#13 25.68 [ 39%] Building CXX object modules/core/CMakeFiles/opencv_core.dir/src/cuda_gpu_mat_nd.cpp.o
#13 25.81 [ 39%] Building CXX object modules/core/CMakeFiles/opencv_core.dir/src/cuda_host_mem.cpp.o
#13 25.86 [ 39%] Building CXX object modules/core/CMakeFiles/opencv_core.dir/src/cuda_info.cpp.o
#13 25.89 [ 39%] Building CXX object modules/core/CMakeFiles/opencv_core.dir/src/cuda_stream.cpp.o
#13 26.15 [ 40%] Building CXX object modules/core/CMakeFiles/opencv_core.dir/src/datastructs.cpp.o
#13 26.41 [ 40%] Building CXX object modules/core/CMakeFiles/opencv_core.dir/src/directx.cpp.o
#13 26.84 [ 40%] Building CXX object modules/core/CMakeFiles/opencv_core.dir/src/downhill_simplex.cpp.o
#13 26.88 [ 40%] Building CXX object modules/core/CMakeFiles/opencv_core.dir/src/dxt.cpp.o
#13 27.62 [ 41%] Linking C static library ../lib/liblibjpeg-turbo.a
#13 27.71 make[2]: Leaving directory '/root/build'
#13 27.73 [ 41%] Built target libjpeg-turbo
#13 27.74 [ 41%] Building CXX object modules/core/CMakeFiles/opencv_core.dir/src/gl_core_3_1.cpp.o
#13 27.99 [ 42%] Building CXX object modules/core/CMakeFiles/opencv_core.dir/src/glob.cpp.o
#13 28.19 [ 42%] Building CXX object modules/core/CMakeFiles/opencv_core.dir/src/hal_internal.cpp.o
#13 28.77 [ 42%] Building CXX object modules/core/CMakeFiles/opencv_core.dir/src/has_non_zero.dispatch.cpp.o
#13 28.78 [ 42%] Building CXX object modules/core/CMakeFiles/opencv_core.dir/src/kmeans.cpp.o
#13 28.79 [ 42%] Building CXX object modules/core/CMakeFiles/opencv_core.dir/src/lapack.cpp.o
#13 28.83 [ 43%] Building CXX object modules/core/CMakeFiles/opencv_core.dir/src/lda.cpp.o
#13 28.85 [ 43%] Building CXX object modules/core/CMakeFiles/opencv_core.dir/src/logger.cpp.o
#13 28.95 [ 43%] Building CXX object modules/core/CMakeFiles/opencv_core.dir/src/lpsolver.cpp.o
#13 29.24 [ 43%] Building CXX object modules/core/CMakeFiles/opencv_core.dir/src/lut.cpp.o
#13 29.39 [ 44%] Building CXX object modules/core/CMakeFiles/opencv_core.dir/src/mathfuncs.cpp.o
#13 30.02 [ 44%] Building CXX object modules/core/CMakeFiles/opencv_core.dir/src/mathfuncs_core.dispatch.cpp.o
#13 30.12 [ 44%] Building CXX object modules/core/CMakeFiles/opencv_core.dir/src/matmul.dispatch.cpp.o
#13 30.57 [ 44%] Building CXX object modules/core/CMakeFiles/opencv_core.dir/src/matrix.cpp.o
#13 30.89 [ 44%] Building CXX object modules/core/CMakeFiles/opencv_core.dir/src/matrix_c.cpp.o
#13 31.04 [ 45%] Building CXX object modules/core/CMakeFiles/opencv_core.dir/src/matrix_decomp.cpp.o
#13 31.27 [ 45%] Building CXX object modules/core/CMakeFiles/opencv_core.dir/src/matrix_expressions.cpp.o
#13 31.87 [ 45%] Building CXX object modules/core/CMakeFiles/opencv_core.dir/src/matrix_iterator.cpp.o
#13 32.03 [ 45%] Building CXX object modules/core/CMakeFiles/opencv_core.dir/src/matrix_operations.cpp.o
#13 32.17 [ 45%] Building CXX object modules/core/CMakeFiles/opencv_core.dir/src/matrix_sparse.cpp.o
#13 32.38 [ 47%] Building CXX object modules/core/CMakeFiles/opencv_core.dir/src/matrix_transform.cpp.o
#13 32.41 [ 47%] Building CXX object modules/core/CMakeFiles/opencv_core.dir/src/matrix_wrap.cpp.o
#13 32.94 [ 47%] Building CXX object modules/core/CMakeFiles/opencv_core.dir/src/mean.dispatch.cpp.o
#13 33.13 [ 47%] Building CXX object modules/core/CMakeFiles/opencv_core.dir/src/merge.dispatch.cpp.o
#13 33.46 [ 48%] Building CXX object modules/core/CMakeFiles/opencv_core.dir/src/minmax.cpp.o
#13 33.60 [ 48%] Building CXX object modules/core/CMakeFiles/opencv_core.dir/src/norm.cpp.o
#13 33.89 [ 48%] Building CXX object modules/core/CMakeFiles/opencv_core.dir/src/ocl.cpp.o
#13 34.12 [ 48%] Building CXX object modules/core/CMakeFiles/opencv_core.dir/src/opencl/runtime/opencl_clblas.cpp.o
#13 34.42 [ 48%] Building CXX object modules/core/CMakeFiles/opencv_core.dir/src/opencl/runtime/opencl_clfft.cpp.o
#13 34.72 [ 49%] Building CXX object modules/core/CMakeFiles/opencv_core.dir/src/opencl/runtime/opencl_core.cpp.o
#13 34.96 [ 49%] Building CXX object modules/core/CMakeFiles/opencv_core.dir/src/opengl.cpp.o
#13 35.22 [ 49%] Building CXX object modules/core/CMakeFiles/opencv_core.dir/src/out.cpp.o
#13 36.72 [ 49%] Building CXX object modules/core/CMakeFiles/opencv_core.dir/src/ovx.cpp.o
#13 36.81 [ 49%] Building CXX object modules/core/CMakeFiles/opencv_core.dir/src/parallel.cpp.o
#13 36.98 [ 50%] Building CXX object modules/core/CMakeFiles/opencv_core.dir/src/parallel/parallel.cpp.o
#13 37.00 [ 50%] Building CXX object modules/core/CMakeFiles/opencv_core.dir/src/parallel/parallel_openmp.cpp.o
#13 37.16 [ 50%] Building CXX object modules/core/CMakeFiles/opencv_core.dir/src/parallel/parallel_tbb.cpp.o
#13 37.21 [ 50%] Building CXX object modules/core/CMakeFiles/opencv_core.dir/src/parallel_impl.cpp.o
#13 37.84 [ 50%] Building CXX object modules/core/CMakeFiles/opencv_core.dir/src/pca.cpp.o
#13 37.90 [ 51%] Building CXX object modules/core/CMakeFiles/opencv_core.dir/src/persistence.cpp.o
#13 38.07 [ 51%] Building CXX object modules/core/CMakeFiles/opencv_core.dir/src/persistence_base64_encoding.cpp.o
#13 38.18 [ 51%] Building CXX object modules/core/CMakeFiles/opencv_core.dir/src/persistence_json.cpp.o
#13 38.41 [ 51%] Building CXX object modules/core/CMakeFiles/opencv_core.dir/src/persistence_types.cpp.o
#13 38.64 [ 52%] Building CXX object modules/core/CMakeFiles/opencv_core.dir/src/persistence_xml.cpp.o
#13 39.85 [ 52%] Building CXX object modules/core/CMakeFiles/opencv_core.dir/src/persistence_yml.cpp.o
#13 40.09 [ 52%] Building CXX object modules/core/CMakeFiles/opencv_core.dir/src/rand.cpp.o
#13 40.16 [ 52%] Building CXX object modules/core/CMakeFiles/opencv_core.dir/src/softfloat.cpp.o
#13 40.21 [ 52%] Building CXX object modules/core/CMakeFiles/opencv_core.dir/src/split.dispatch.cpp.o
#13 41.09 [ 54%] Building CXX object modules/core/CMakeFiles/opencv_core.dir/src/stat.dispatch.cpp.o
#13 41.16 [ 54%] Building CXX object modules/core/CMakeFiles/opencv_core.dir/src/stat_c.cpp.o
#13 41.32 [ 54%] Building CXX object modules/core/CMakeFiles/opencv_core.dir/src/stl.cpp.o
#13 41.63 [ 54%] Building CXX object modules/core/CMakeFiles/opencv_core.dir/src/sum.dispatch.cpp.o
#13 41.71 [ 54%] Building CXX object modules/core/CMakeFiles/opencv_core.dir/src/system.cpp.o
#13 42.12 [ 55%] Building CXX object modules/core/CMakeFiles/opencv_core.dir/src/tables.cpp.o
#13 42.30 [ 55%] Building CXX object modules/core/CMakeFiles/opencv_core.dir/src/trace.cpp.o
#13 42.62 [ 55%] Building CXX object modules/core/CMakeFiles/opencv_core.dir/src/types.cpp.o
#13 43.35 [ 55%] Building CXX object modules/core/CMakeFiles/opencv_core.dir/src/umatrix.cpp.o
#13 43.86 [ 56%] Building CXX object modules/core/CMakeFiles/opencv_core.dir/src/utils/datafile.cpp.o
#13 44.18 [ 56%] Building CXX object modules/core/CMakeFiles/opencv_core.dir/src/utils/filesystem.cpp.o
#13 44.18 [ 56%] Building CXX object modules/core/CMakeFiles/opencv_core.dir/src/utils/logtagconfigparser.cpp.o
#13 44.21 [ 56%] Building CXX object modules/core/CMakeFiles/opencv_core.dir/src/utils/samples.cpp.o
#13 44.21 [ 56%] Building CXX object modules/core/CMakeFiles/opencv_core.dir/src/utils/logtagmanager.cpp.o
#13 44.24 [ 57%] Building CXX object modules/core/CMakeFiles/opencv_core.dir/src/va_intel.cpp.o
#13 44.37 [ 57%] Building CXX object modules/core/CMakeFiles/opencv_core.dir/opencl_kernels_core.cpp.o
#13 44.44 [ 57%] Building CXX object modules/core/CMakeFiles/opencv_core.dir/arithm.sse4_1.cpp.o
#13 44.97 [ 57%] Building CXX object modules/core/CMakeFiles/opencv_core.dir/matmul.sse4_1.cpp.o
#13 45.54 [ 57%] Building CXX object modules/core/CMakeFiles/opencv_core.dir/stat.sse4_2.cpp.o
#13 45.60 [ 58%] Building CXX object modules/core/CMakeFiles/opencv_core.dir/mathfuncs_core.avx.cpp.o
#13 45.64 [ 58%] Building CXX object modules/core/CMakeFiles/opencv_core.dir/mathfuncs_core.avx2.cpp.o
#13 45.84 [ 58%] Building CXX object modules/core/CMakeFiles/opencv_core.dir/stat.avx2.cpp.o
#13 45.97 [ 58%] Building CXX object modules/core/CMakeFiles/opencv_core.dir/arithm.avx2.cpp.o
#13 46.29 [ 59%] Building CXX object modules/core/CMakeFiles/opencv_core.dir/convert.avx2.cpp.o
#13 47.15 [ 59%] Building CXX object modules/core/CMakeFiles/opencv_core.dir/convert_scale.avx2.cpp.o
#13 47.42 [ 59%] Building CXX object modules/core/CMakeFiles/opencv_core.dir/count_non_zero.avx2.cpp.o
#13 47.58 [ 59%] Building CXX object modules/core/CMakeFiles/opencv_core.dir/has_non_zero.avx2.cpp.o
#13 47.66 [ 59%] Building CXX object modules/core/CMakeFiles/opencv_core.dir/matmul.avx2.cpp.o
#13 47.81 [ 60%] Building CXX object modules/core/CMakeFiles/opencv_core.dir/mean.avx2.cpp.o
#13 48.07 [ 60%] Building CXX object modules/core/CMakeFiles/opencv_core.dir/merge.avx2.cpp.o
#13 48.36 [ 60%] Building CXX object modules/core/CMakeFiles/opencv_core.dir/split.avx2.cpp.o
#13 48.43 [ 60%] Building CXX object modules/core/CMakeFiles/opencv_core.dir/sum.avx2.cpp.o
#13 49.44 [ 60%] Building CXX object modules/core/CMakeFiles/opencv_core.dir/matmul.avx512_skx.cpp.o
#13 54.72 [ 62%] Linking CXX static library ../../lib/libopencv_core.a
#13 54.87 make[2]: Leaving directory '/root/build'
#13 54.87 [ 62%] Built target opencv_core
#13 54.88 make[2]: Entering directory '/root/build'
#13 54.88 [ 62%] Processing OpenCL kernels (imgproc)
#13 54.92 make[2]: Leaving directory '/root/build'
#13 54.92 make[2]: Entering directory '/root/build'
#13 54.93 [ 62%] Building CXX object modules/imgproc/CMakeFiles/opencv_imgproc.dir/src/accum.cpp.o
#13 54.93 [ 62%] Building CXX object modules/imgproc/CMakeFiles/opencv_imgproc.dir/src/accum.dispatch.cpp.o
#13 54.93 [ 63%] Building CXX object modules/imgproc/CMakeFiles/opencv_imgproc.dir/src/approx.cpp.o
#13 54.93 [ 63%] Building CXX object modules/imgproc/CMakeFiles/opencv_imgproc.dir/src/bilateral_filter.dispatch.cpp.o
#13 54.93 [ 63%] Building CXX object modules/imgproc/CMakeFiles/opencv_imgproc.dir/src/blend.cpp.o
#13 54.93 [ 64%] Building CXX object modules/imgproc/CMakeFiles/opencv_imgproc.dir/src/clahe.cpp.o
#13 54.93 [ 64%] Building CXX object modules/imgproc/CMakeFiles/opencv_imgproc.dir/src/color.cpp.o
#13 54.93 [ 64%] Building CXX object modules/imgproc/CMakeFiles/opencv_imgproc.dir/src/color_hsv.dispatch.cpp.o
#13 54.93 [ 64%] Building CXX object modules/imgproc/CMakeFiles/opencv_imgproc.dir/src/color_lab.cpp.o
#13 54.93 [ 64%] Building CXX object modules/imgproc/CMakeFiles/opencv_imgproc.dir/src/canny.cpp.o
#13 54.93 [ 64%] Building CXX object modules/imgproc/CMakeFiles/opencv_imgproc.dir/src/box_filter.dispatch.cpp.o
#13 54.93 [ 65%] Building CXX object modules/imgproc/CMakeFiles/opencv_imgproc.dir/src/color_rgb.dispatch.cpp.o
#13 54.94 [ 65%] Building CXX object modules/imgproc/CMakeFiles/opencv_imgproc.dir/src/color_yuv.dispatch.cpp.o
#13 54.94 [ 65%] Building CXX object modules/imgproc/CMakeFiles/opencv_imgproc.dir/src/colormap.cpp.o
#13 54.94 [ 65%] Building CXX object modules/imgproc/CMakeFiles/opencv_imgproc.dir/src/connectedcomponents.cpp.o
#13 54.95 [ 65%] Building CXX object modules/imgproc/CMakeFiles/opencv_imgproc.dir/src/contours.cpp.o
#13 57.49 [ 66%] Building CXX object modules/imgproc/CMakeFiles/opencv_imgproc.dir/src/convhull.cpp.o
#13 57.90 [ 66%] Building CXX object modules/imgproc/CMakeFiles/opencv_imgproc.dir/src/corner.cpp.o
#13 57.98 [ 66%] Building CXX object modules/imgproc/CMakeFiles/opencv_imgproc.dir/src/cornersubpix.cpp.o
#13 58.15 [ 66%] Building CXX object modules/imgproc/CMakeFiles/opencv_imgproc.dir/src/demosaicing.cpp.o
#13 58.26 [ 66%] Building CXX object modules/imgproc/CMakeFiles/opencv_imgproc.dir/src/deriv.cpp.o
#13 58.45 [ 67%] Building CXX object modules/imgproc/CMakeFiles/opencv_imgproc.dir/src/distransform.cpp.o
#13 58.56 [ 67%] Building CXX object modules/imgproc/CMakeFiles/opencv_imgproc.dir/src/drawing.cpp.o
#13 58.99 [ 67%] Building CXX object modules/imgproc/CMakeFiles/opencv_imgproc.dir/src/emd.cpp.o
#13 59.04 [ 67%] Building CXX object modules/imgproc/CMakeFiles/opencv_imgproc.dir/src/featureselect.cpp.o
#13 59.42 [ 67%] Building CXX object modules/imgproc/CMakeFiles/opencv_imgproc.dir/src/filter.dispatch.cpp.o
#13 59.68 [ 68%] Building CXX object modules/imgproc/CMakeFiles/opencv_imgproc.dir/src/floodfill.cpp.o
#13 60.45 [ 68%] Building CXX object modules/imgproc/CMakeFiles/opencv_imgproc.dir/src/gabor.cpp.o
#13 60.69 [ 68%] Building CXX object modules/imgproc/CMakeFiles/opencv_imgproc.dir/src/generalized_hough.cpp.o
#13 60.81 [ 68%] Building CXX object modules/imgproc/CMakeFiles/opencv_imgproc.dir/src/geometry.cpp.o
#13 61.09 [ 70%] Building CXX object modules/imgproc/CMakeFiles/opencv_imgproc.dir/src/grabcut.cpp.o
#13 61.24 [ 70%] Building CXX object modules/imgproc/CMakeFiles/opencv_imgproc.dir/src/hershey_fonts.cpp.o
#13 61.51 [ 70%] Building CXX object modules/imgproc/CMakeFiles/opencv_imgproc.dir/src/histogram.cpp.o
#13 61.59 [ 70%] Building CXX object modules/imgproc/CMakeFiles/opencv_imgproc.dir/src/hough.cpp.o
#13 61.76 [ 70%] Building CXX object modules/imgproc/CMakeFiles/opencv_imgproc.dir/src/imgwarp.cpp.o
#13 62.17 [ 71%] Building CXX object modules/imgproc/CMakeFiles/opencv_imgproc.dir/src/intelligent_scissors.cpp.o
#13 62.18 [ 71%] Building CXX object modules/imgproc/CMakeFiles/opencv_imgproc.dir/src/intersection.cpp.o
#13 62.71 [ 71%] Building CXX object modules/imgproc/CMakeFiles/opencv_imgproc.dir/src/linefit.cpp.o
#13 62.72 [ 71%] Building CXX object modules/imgproc/CMakeFiles/opencv_imgproc.dir/src/lsd.cpp.o
#13 63.09 [ 71%] Building CXX object modules/imgproc/CMakeFiles/opencv_imgproc.dir/src/main.cpp.o
#13 63.41 [ 72%] Building CXX object modules/imgproc/CMakeFiles/opencv_imgproc.dir/src/matchcontours.cpp.o
#13 63.73 [ 72%] Building CXX object modules/imgproc/CMakeFiles/opencv_imgproc.dir/src/median_blur.dispatch.cpp.o
#13 63.80 [ 72%] Building CXX object modules/imgproc/CMakeFiles/opencv_imgproc.dir/src/min_enclosing_triangle.cpp.o
#13 64.64 [ 72%] Building CXX object modules/imgproc/CMakeFiles/opencv_imgproc.dir/src/moments.cpp.o
#13 65.07 [ 73%] Building CXX object modules/imgproc/CMakeFiles/opencv_imgproc.dir/src/morph.dispatch.cpp.o
#13 65.15 [ 73%] Building CXX object modules/imgproc/CMakeFiles/opencv_imgproc.dir/src/phasecorr.cpp.o
#13 65.40 [ 73%] Building CXX object modules/imgproc/CMakeFiles/opencv_imgproc.dir/src/pyramids.cpp.o
#13 65.64 [ 73%] Building CXX object modules/imgproc/CMakeFiles/opencv_imgproc.dir/src/resize.cpp.o
#13 65.68 [ 73%] Building CXX object modules/imgproc/CMakeFiles/opencv_imgproc.dir/src/rotcalipers.cpp.o
#13 65.98 [ 74%] Building CXX object modules/imgproc/CMakeFiles/opencv_imgproc.dir/src/samplers.cpp.o
#13 66.12 [ 74%] Building CXX object modules/imgproc/CMakeFiles/opencv_imgproc.dir/src/segmentation.cpp.o
#13 66.53 [ 74%] Building CXX object modules/imgproc/CMakeFiles/opencv_imgproc.dir/src/shapedescr.cpp.o
#13 66.95 [ 74%] Building CXX object modules/imgproc/CMakeFiles/opencv_imgproc.dir/src/smooth.dispatch.cpp.o
#13 67.73 [ 74%] Building CXX object modules/imgproc/CMakeFiles/opencv_imgproc.dir/src/spatialgradient.cpp.o
#13 67.89 [ 75%] Building CXX object modules/imgproc/CMakeFiles/opencv_imgproc.dir/src/stackblur.cpp.o
#13 68.25 [ 75%] Building CXX object modules/imgproc/CMakeFiles/opencv_imgproc.dir/src/subdivision2d.cpp.o
#13 68.27 [ 75%] Building CXX object modules/imgproc/CMakeFiles/opencv_imgproc.dir/src/sumpixels.dispatch.cpp.o
#13 68.40 [ 75%] Building CXX object modules/imgproc/CMakeFiles/opencv_imgproc.dir/src/tables.cpp.o
#13 69.13 [ 77%] Building CXX object modules/imgproc/CMakeFiles/opencv_imgproc.dir/src/templmatch.cpp.o
#13 69.28 [ 77%] Building CXX object modules/imgproc/CMakeFiles/opencv_imgproc.dir/src/thresh.cpp.o
#13 69.36 [ 77%] Building CXX object modules/imgproc/CMakeFiles/opencv_imgproc.dir/src/utils.cpp.o
#13 70.45 [ 77%] Building CXX object modules/imgproc/CMakeFiles/opencv_imgproc.dir/opencl_kernels_imgproc.cpp.o
#13 70.74 [ 77%] Building CXX object modules/imgproc/CMakeFiles/opencv_imgproc.dir/src/imgwarp.sse4_1.cpp.o
#13 70.95 [ 78%] Building CXX object modules/imgproc/CMakeFiles/opencv_imgproc.dir/src/resize.sse4_1.cpp.o
#13 71.23 [ 78%] Building CXX object modules/imgproc/CMakeFiles/opencv_imgproc.dir/accum.sse4_1.cpp.o
#13 71.70 [ 78%] Building CXX object modules/imgproc/CMakeFiles/opencv_imgproc.dir/box_filter.sse4_1.cpp.o
#13 71.70 [ 78%] Building CXX object modules/imgproc/CMakeFiles/opencv_imgproc.dir/filter.sse4_1.cpp.o
#13 71.73 [ 78%] Building CXX object modules/imgproc/CMakeFiles/opencv_imgproc.dir/color_hsv.sse4_1.cpp.o
#13 72.29 [ 79%] Building CXX object modules/imgproc/CMakeFiles/opencv_imgproc.dir/color_rgb.sse4_1.cpp.o
#13 72.56 [ 79%] Building CXX object modules/imgproc/CMakeFiles/opencv_imgproc.dir/color_yuv.sse4_1.cpp.o
#13 73.14 [ 79%] Building CXX object modules/imgproc/CMakeFiles/opencv_imgproc.dir/median_blur.sse4_1.cpp.o
#13 73.74 [ 79%] Building CXX object modules/imgproc/CMakeFiles/opencv_imgproc.dir/morph.sse4_1.cpp.o
#13 73.78 [ 79%] Building CXX object modules/imgproc/CMakeFiles/opencv_imgproc.dir/smooth.sse4_1.cpp.o
#13 74.22 [ 80%] Building CXX object modules/imgproc/CMakeFiles/opencv_imgproc.dir/src/corner.avx.cpp.o
#13 74.38 [ 80%] Building CXX object modules/imgproc/CMakeFiles/opencv_imgproc.dir/accum.avx.cpp.o
#13 74.44 [ 80%] Building CXX object modules/imgproc/CMakeFiles/opencv_imgproc.dir/src/imgwarp.avx2.cpp.o
#13 75.51 [ 80%] Building CXX object modules/imgproc/CMakeFiles/opencv_imgproc.dir/src/resize.avx2.cpp.o
#13 75.73 [ 81%] Building CXX object modules/imgproc/CMakeFiles/opencv_imgproc.dir/accum.avx2.cpp.o
#13 75.99 [ 81%] Building CXX object modules/imgproc/CMakeFiles/opencv_imgproc.dir/bilateral_filter.avx2.cpp.o
#13 76.27 [ 81%] Building CXX object modules/imgproc/CMakeFiles/opencv_imgproc.dir/box_filter.avx2.cpp.o
#13 76.31 [ 81%] Building CXX object modules/imgproc/CMakeFiles/opencv_imgproc.dir/filter.avx2.cpp.o
#13 76.63 [ 81%] Building CXX object modules/imgproc/CMakeFiles/opencv_imgproc.dir/color_hsv.avx2.cpp.o
#13 77.58 [ 82%] Building CXX object modules/imgproc/CMakeFiles/opencv_imgproc.dir/color_rgb.avx2.cpp.o
#13 77.99 [ 82%] Building CXX object modules/imgproc/CMakeFiles/opencv_imgproc.dir/color_yuv.avx2.cpp.o
#13 78.20 [ 82%] Building CXX object modules/imgproc/CMakeFiles/opencv_imgproc.dir/median_blur.avx2.cpp.o
#13 78.49 [ 82%] Building CXX object modules/imgproc/CMakeFiles/opencv_imgproc.dir/morph.avx2.cpp.o
#13 78.74 [ 82%] Building CXX object modules/imgproc/CMakeFiles/opencv_imgproc.dir/smooth.avx2.cpp.o
#13 79.40 [ 83%] Building CXX object modules/imgproc/CMakeFiles/opencv_imgproc.dir/sumpixels.avx2.cpp.o
#13 80.47 [ 83%] Building CXX object modules/imgproc/CMakeFiles/opencv_imgproc.dir/sumpixels.avx512_skx.cpp.o
#13 87.27 [ 83%] Linking CXX static library ../../lib/libopencv_imgproc.a
#13 87.44 make[2]: Leaving directory '/root/build'
#13 87.45 [ 83%] Built target opencv_imgproc
#13 87.45 make[2]: Entering directory '/root/build'
#13 87.45 make[2]: Entering directory '/root/build'
#13 87.46 [ 83%] Processing OpenCL kernels (video)
#13 87.46 make[2]: Leaving directory '/root/build'
#13 87.46 make[2]: Entering directory '/root/build'
#13 87.47 [ 83%] Building CXX object modules/imgcodecs/CMakeFiles/opencv_imgcodecs.dir/src/loadsave.cpp.o
#13 87.47 [ 83%] Building CXX object modules/imgcodecs/CMakeFiles/opencv_imgcodecs.dir/src/utils.cpp.o
#13 87.47 [ 83%] Building CXX object modules/imgcodecs/CMakeFiles/opencv_imgcodecs.dir/src/grfmt_avif.cpp.o
#13 87.47 [ 83%] Building CXX object modules/imgcodecs/CMakeFiles/opencv_imgcodecs.dir/src/grfmt_base.cpp.o
#13 87.47 [ 85%] Building CXX object modules/imgcodecs/CMakeFiles/opencv_imgcodecs.dir/src/grfmt_bmp.cpp.o
#13 87.47 [ 85%] Building CXX object modules/imgcodecs/CMakeFiles/opencv_imgcodecs.dir/src/grfmt_gdal.cpp.o
#13 87.47 [ 85%] Building CXX object modules/imgcodecs/CMakeFiles/opencv_imgcodecs.dir/src/grfmt_exr.cpp.o
#13 87.47 [ 86%] Building CXX object modules/imgcodecs/CMakeFiles/opencv_imgcodecs.dir/src/grfmt_hdr.cpp.o
#13 87.47 [ 86%] Building CXX object modules/imgcodecs/CMakeFiles/opencv_imgcodecs.dir/src/grfmt_jpeg.cpp.o
#13 87.47 [ 86%] Building CXX object modules/imgcodecs/CMakeFiles/opencv_imgcodecs.dir/src/grfmt_jpeg2000.cpp.o
#13 87.47 [ 86%] Building CXX object modules/imgcodecs/CMakeFiles/opencv_imgcodecs.dir/src/grfmt_pam.cpp.o
#13 87.47 [ 86%] Building CXX object modules/imgcodecs/CMakeFiles/opencv_imgcodecs.dir/src/grfmt_gdcm.cpp.o
#13 87.47 [ 87%] Building CXX object modules/imgcodecs/CMakeFiles/opencv_imgcodecs.dir/src/grfmt_pfm.cpp.o
#13 87.48 [ 87%] Building CXX object modules/imgcodecs/CMakeFiles/opencv_imgcodecs.dir/src/grfmt_jpeg2000_openjpeg.cpp.o
#13 87.48 [ 87%] Building CXX object modules/imgcodecs/CMakeFiles/opencv_imgcodecs.dir/src/grfmt_png.cpp.o
#13 87.49 make[2]: Leaving directory '/root/build'
#13 87.51 make[2]: Entering directory '/root/build'
#13 87.54 [ 88%] Building CXX object modules/video/CMakeFiles/opencv_video.dir/src/bgfg_KNN.cpp.o
#13 89.89 [ 88%] Building CXX object modules/imgcodecs/CMakeFiles/opencv_imgcodecs.dir/src/grfmt_pxm.cpp.o
#13 89.93 [ 88%] Building CXX object modules/imgcodecs/CMakeFiles/opencv_imgcodecs.dir/src/grfmt_spng.cpp.o
#13 89.94 [ 88%] Building CXX object modules/imgcodecs/CMakeFiles/opencv_imgcodecs.dir/src/grfmt_sunras.cpp.o
#13 89.95 [ 89%] Building CXX object modules/imgcodecs/CMakeFiles/opencv_imgcodecs.dir/src/grfmt_tiff.cpp.o
#13 90.00 [ 89%] Building CXX object modules/imgcodecs/CMakeFiles/opencv_imgcodecs.dir/src/grfmt_webp.cpp.o
#13 90.05 [ 89%] Building CXX object modules/imgcodecs/CMakeFiles/opencv_imgcodecs.dir/src/bitstrm.cpp.o
#13 90.07 [ 89%] Building CXX object modules/imgcodecs/CMakeFiles/opencv_imgcodecs.dir/src/rgbe.cpp.o
#13 90.25 [ 90%] Building CXX object modules/imgcodecs/CMakeFiles/opencv_imgcodecs.dir/src/exif.cpp.o
#13 90.33 [ 90%] Building CXX object modules/video/CMakeFiles/opencv_video.dir/src/bgfg_gaussmix2.cpp.o
#13 90.34 [ 90%] Building CXX object modules/video/CMakeFiles/opencv_video.dir/src/camshift.cpp.o
#13 90.39 [ 90%] Building CXX object modules/video/CMakeFiles/opencv_video.dir/src/dis_flow.cpp.o
#13 90.41 [ 90%] Building CXX object modules/video/CMakeFiles/opencv_video.dir/src/ecc.cpp.o
#13 90.46 [ 91%] Building CXX object modules/video/CMakeFiles/opencv_video.dir/src/kalman.cpp.o
#13 90.47 [ 91%] Building CXX object modules/video/CMakeFiles/opencv_video.dir/src/lkpyramid.cpp.o
#13 90.56 [ 91%] Building CXX object modules/video/CMakeFiles/opencv_video.dir/src/optflowgf.cpp.o
#13 91.09 [ 91%] Building CXX object modules/video/CMakeFiles/opencv_video.dir/src/optical_flow_io.cpp.o
#13 92.40 [ 91%] Building CXX object modules/video/CMakeFiles/opencv_video.dir/src/tracking/detail/tracker_feature.cpp.o
#13 92.44 [ 93%] Building CXX object modules/video/CMakeFiles/opencv_video.dir/src/tracking/detail/tracker_feature_set.cpp.o
#13 92.78 [ 93%] Building CXX object modules/video/CMakeFiles/opencv_video.dir/src/tracking/detail/tracker_mil_model.cpp.o
#13 92.81 [ 93%] Building CXX object modules/video/CMakeFiles/opencv_video.dir/src/tracking/detail/tracker_mil_state.cpp.o
#13 92.83 [ 93%] Building CXX object modules/video/CMakeFiles/opencv_video.dir/src/tracking/detail/tracker_model.cpp.o
#13 92.85 [ 94%] Building CXX object modules/video/CMakeFiles/opencv_video.dir/src/tracking/detail/tracker_sampler.cpp.o
#13 92.91 [ 94%] Building CXX object modules/video/CMakeFiles/opencv_video.dir/src/tracking/detail/tracker_sampler_algorithm.cpp.o
#13 93.04 [ 94%] Building CXX object modules/video/CMakeFiles/opencv_video.dir/src/tracking/detail/tracker_state_estimator.cpp.o
#13 93.09 [ 94%] Building CXX object modules/video/CMakeFiles/opencv_video.dir/src/tracking/detail/tracking_feature.cpp.o
#13 93.56 [ 94%] Linking CXX static library ../../lib/libopencv_imgcodecs.a
#13 93.65 [ 94%] Building CXX object modules/video/CMakeFiles/opencv_video.dir/src/tracking/detail/tracking_online_mil.cpp.o
#13 93.67 [ 95%] Building CXX object modules/video/CMakeFiles/opencv_video.dir/src/tracking/tracker.cpp.o
#13 93.68 make[2]: Leaving directory '/root/build'
#13 93.69 [ 95%] Built target opencv_imgcodecs
#13 93.70 [ 95%] Building CXX object modules/video/CMakeFiles/opencv_video.dir/src/tracking/tracker_dasiamrpn.cpp.o
#13 93.70 make[2]: Entering directory '/root/build'
#13 93.74 make[2]: Leaving directory '/root/build'
#13 93.75 make[2]: Entering directory '/root/build'
#13 93.77 [ 95%] Building CXX object modules/videoio/CMakeFiles/opencv_videoio.dir/src/videoio_registry.cpp.o
#13 94.26 [ 95%] Building CXX object modules/video/CMakeFiles/opencv_video.dir/src/tracking/tracker_goturn.cpp.o
#13 94.86 [ 95%] Building CXX object modules/video/CMakeFiles/opencv_video.dir/src/tracking/tracker_mil.cpp.o
#13 94.88 [ 95%] Building CXX object modules/video/CMakeFiles/opencv_video.dir/src/tracking/tracker_nano.cpp.o
#13 94.94 [ 96%] Building CXX object modules/video/CMakeFiles/opencv_video.dir/src/variational_refinement.cpp.o
#13 95.24 [ 96%] Building CXX object modules/video/CMakeFiles/opencv_video.dir/opencl_kernels_video.cpp.o
#13 95.68 [ 96%] Building CXX object modules/videoio/CMakeFiles/opencv_videoio.dir/src/videoio_c.cpp.o
#13 95.71 [ 96%] Building CXX object modules/videoio/CMakeFiles/opencv_videoio.dir/src/cap_images.cpp.o
#13 95.71 [ 97%] Building CXX object modules/videoio/CMakeFiles/opencv_videoio.dir/src/cap.cpp.o
#13 95.77 [ 97%] Building CXX object modules/videoio/CMakeFiles/opencv_videoio.dir/src/cap_mjpeg_encoder.cpp.o
#13 95.80 [ 97%] Building CXX object modules/videoio/CMakeFiles/opencv_videoio.dir/src/cap_mjpeg_decoder.cpp.o
#13 95.92 [ 98%] Building CXX object modules/videoio/CMakeFiles/opencv_videoio.dir/src/backend_plugin.cpp.o
#13 96.11 [ 98%] Building CXX object modules/videoio/CMakeFiles/opencv_videoio.dir/src/backend_static.cpp.o
#13 96.20 [ 98%] Building CXX object modules/videoio/CMakeFiles/opencv_videoio.dir/src/container_avi.cpp.o
#13 96.40 [ 98%] Building CXX object modules/videoio/CMakeFiles/opencv_videoio.dir/src/cap_v4l.cpp.o
#13 96.40 [ 98%] Building CXX object modules/videoio/CMakeFiles/opencv_videoio.dir/src/cap_ffmpeg.cpp.o
#13 96.84 [100%] Building CXX object modules/videoio/CMakeFiles/opencv_videoio.dir/src/cap_obsensor_capture.cpp.o
#13 97.12 [100%] Building CXX object modules/videoio/CMakeFiles/opencv_videoio.dir/src/cap_obsensor/obsensor_uvc_stream_channel.cpp.o
#13 97.55 [100%] Building CXX object modules/videoio/CMakeFiles/opencv_videoio.dir/src/cap_obsensor/obsensor_stream_channel_v4l2.cpp.o
#13 98.68 [100%] Linking CXX static library ../../lib/libopencv_video.a
#13 98.76 make[2]: Leaving directory '/root/build'
#13 98.76 [100%] Built target opencv_video
#13 100.7 [100%] Linking CXX static library ../../lib/libopencv_videoio.a
#13 100.7 make[2]: Leaving directory '/root/build'
#13 100.7 [100%] Built target opencv_videoio
#13 100.7 make[1]: Leaving directory '/root/build'
#13 100.7 Install the project...
#13 100.7 -- Install configuration: "Release"
#13 100.7 -- Installing: /opt/opencv/share/licenses/opencv4/ippicv-readme.htm
#13 100.7 -- Installing: /opt/opencv/share/licenses/opencv4/ippicv-EULA.txt
#13 100.7 -- Installing: /opt/opencv/share/licenses/opencv4/ippicv-third-party-programs.txt
#13 100.7 -- Installing: /opt/opencv/lib/opencv4/3rdparty/libippicv.a
#13 100.9 -- Installing: /opt/opencv/share/licenses/opencv4/ippiw-support.txt
#13 100.9 -- Installing: /opt/opencv/share/licenses/opencv4/ippiw-third-party-programs.txt
#13 100.9 -- Installing: /opt/opencv/share/licenses/opencv4/ippiw-EULA.txt
#13 100.9 -- Installing: /opt/opencv/share/licenses/opencv4/flatbuffers-LICENSE.txt
#13 100.9 -- Installing: /opt/opencv/share/licenses/opencv4/opencl-headers-LICENSE.txt
#13 100.9 -- Installing: /opt/opencv/share/licenses/opencv4/ade-LICENSE
#13 100.9 -- Installing: /opt/opencv/include/opencv4/opencv2/cvconfig.h
#13 100.9 -- Installing: /opt/opencv/include/opencv4/opencv2/opencv_modules.hpp
#13 100.9 -- Installing: /opt/opencv/lib/cmake/opencv4/OpenCVModules.cmake
#13 100.9 -- Installing: /opt/opencv/lib/cmake/opencv4/OpenCVModules-release.cmake
#13 100.9 -- Installing: /opt/opencv/lib/cmake/opencv4/OpenCVConfig-version.cmake
#13 100.9 -- Installing: /opt/opencv/lib/cmake/opencv4/OpenCVConfig.cmake
#13 100.9 -- Installing: /opt/opencv/bin/setup_vars_opencv4.sh
#13 100.9 -- Installing: /opt/opencv/share/opencv4/valgrind.supp
#13 100.9 -- Installing: /opt/opencv/share/opencv4/valgrind_3rdparty.supp
#13 100.9 -- Installing: /opt/opencv/lib/opencv4/3rdparty/libzlib.a
#13 100.9 -- Installing: /opt/opencv/share/licenses/opencv4/zlib-LICENSE
#13 100.9 -- Installing: /opt/opencv/lib/opencv4/3rdparty/liblibjpeg-turbo.a
#13 100.9 -- Installing: /opt/opencv/share/licenses/opencv4/libjpeg-turbo-README.md
#13 100.9 -- Installing: /opt/opencv/share/licenses/opencv4/libjpeg-turbo-LICENSE.md
#13 100.9 -- Installing: /opt/opencv/share/licenses/opencv4/libjpeg-turbo-README.ijg
#13 100.9 -- Installing: /opt/opencv/share/licenses/opencv4/libopenjp2-README.md
#13 100.9 -- Installing: /opt/opencv/share/licenses/opencv4/libopenjp2-LICENSE
#13 100.9 -- Installing: /opt/opencv/lib/opencv4/3rdparty/liblibopenjp2.a
#13 100.9 -- Installing: /opt/opencv/lib/opencv4/3rdparty/liblibpng.a
#13 100.9 -- Installing: /opt/opencv/share/licenses/opencv4/libpng-LICENSE
#13 100.9 -- Installing: /opt/opencv/share/licenses/opencv4/libpng-README
#13 100.9 -- Installing: /opt/opencv/lib/opencv4/3rdparty/libippiw.a
#13 100.9 -- Installing: /opt/opencv/share/licenses/opencv4/protobuf-LICENSE
#13 100.9 -- Installing: /opt/opencv/share/licenses/opencv4/protobuf-README.md
#13 100.9 -- Installing: /opt/opencv/share/licenses/opencv4/quirc-LICENSE
#13 100.9 -- Installing: /opt/opencv/include/opencv4/opencv2/opencv.hpp
#13 100.9 -- Installing: /opt/opencv/lib/libopencv_core.a
#13 100.9 -- Installing: /opt/opencv/include/opencv4/opencv2/core.hpp
#13 100.9 -- Installing: /opt/opencv/include/opencv4/opencv2/core/affine.hpp
#13 100.9 -- Installing: /opt/opencv/include/opencv4/opencv2/core/async.hpp
#13 100.9 -- Installing: /opt/opencv/include/opencv4/opencv2/core/base.hpp
#13 100.9 -- Installing: /opt/opencv/include/opencv4/opencv2/core/bindings_utils.hpp
#13 100.9 -- Installing: /opt/opencv/include/opencv4/opencv2/core/bufferpool.hpp
#13 100.9 -- Installing: /opt/opencv/include/opencv4/opencv2/core/check.hpp
#13 100.9 -- Installing: /opt/opencv/include/opencv4/opencv2/core/core.hpp
#13 100.9 -- Installing: /opt/opencv/include/opencv4/opencv2/core/core_c.h
#13 100.9 -- Installing: /opt/opencv/include/opencv4/opencv2/core/cuda.hpp
#13 100.9 -- Installing: /opt/opencv/include/opencv4/opencv2/core/cuda.inl.hpp
#13 100.9 -- Installing: /opt/opencv/include/opencv4/opencv2/core/cuda/block.hpp
#13 100.9 -- Installing: /opt/opencv/include/opencv4/opencv2/core/cuda/border_interpolate.hpp
#13 100.9 -- Installing: /opt/opencv/include/opencv4/opencv2/core/cuda/color.hpp
#13 100.9 -- Installing: /opt/opencv/include/opencv4/opencv2/core/cuda/common.hpp
#13 100.9 -- Installing: /opt/opencv/include/opencv4/opencv2/core/cuda/datamov_utils.hpp
#13 100.9 -- Installing: /opt/opencv/include/opencv4/opencv2/core/cuda/detail/color_detail.hpp
#13 100.9 -- Installing: /opt/opencv/include/opencv4/opencv2/core/cuda/detail/reduce.hpp
#13 100.9 -- Installing: /opt/opencv/include/opencv4/opencv2/core/cuda/detail/reduce_key_val.hpp
#13 100.9 -- Installing: /opt/opencv/include/opencv4/opencv2/core/cuda/detail/transform_detail.hpp
#13 100.9 -- Installing: /opt/opencv/include/opencv4/opencv2/core/cuda/detail/type_traits_detail.hpp
#13 100.9 -- Installing: /opt/opencv/include/opencv4/opencv2/core/cuda/detail/vec_distance_detail.hpp
#13 100.9 -- Installing: /opt/opencv/include/opencv4/opencv2/core/cuda/dynamic_smem.hpp
#13 100.9 -- Installing: /opt/opencv/include/opencv4/opencv2/core/cuda/emulation.hpp
#13 100.9 -- Installing: /opt/opencv/include/opencv4/opencv2/core/cuda/filters.hpp
#13 100.9 -- Installing: /opt/opencv/include/opencv4/opencv2/core/cuda/funcattrib.hpp
#13 100.9 -- Installing: /opt/opencv/include/opencv4/opencv2/core/cuda/functional.hpp
#13 100.9 -- Installing: /opt/opencv/include/opencv4/opencv2/core/cuda/limits.hpp
#13 100.9 -- Installing: /opt/opencv/include/opencv4/opencv2/core/cuda/reduce.hpp
#13 100.9 -- Installing: /opt/opencv/include/opencv4/opencv2/core/cuda/saturate_cast.hpp
#13 100.9 -- Installing: /opt/opencv/include/opencv4/opencv2/core/cuda/scan.hpp
#13 100.9 -- Installing: /opt/opencv/include/opencv4/opencv2/core/cuda/simd_functions.hpp
#13 100.9 -- Installing: /opt/opencv/include/opencv4/opencv2/core/cuda/transform.hpp
#13 100.9 -- Installing: /opt/opencv/include/opencv4/opencv2/core/cuda/type_traits.hpp
#13 100.9 -- Installing: /opt/opencv/include/opencv4/opencv2/core/cuda/utility.hpp
#13 100.9 -- Installing: /opt/opencv/include/opencv4/opencv2/core/cuda/vec_distance.hpp
#13 100.9 -- Installing: /opt/opencv/include/opencv4/opencv2/core/cuda/vec_math.hpp
#13 100.9 -- Installing: /opt/opencv/include/opencv4/opencv2/core/cuda/vec_traits.hpp
#13 100.9 -- Installing: /opt/opencv/include/opencv4/opencv2/core/cuda/warp.hpp
#13 100.9 -- Installing: /opt/opencv/include/opencv4/opencv2/core/cuda/warp_reduce.hpp
#13 100.9 -- Installing: /opt/opencv/include/opencv4/opencv2/core/cuda/warp_shuffle.hpp
#13 100.9 -- Installing: /opt/opencv/include/opencv4/opencv2/core/cuda_stream_accessor.hpp
#13 100.9 -- Installing: /opt/opencv/include/opencv4/opencv2/core/cuda_types.hpp
#13 100.9 -- Installing: /opt/opencv/include/opencv4/opencv2/core/cv_cpu_dispatch.h
#13 100.9 -- Installing: /opt/opencv/include/opencv4/opencv2/core/cv_cpu_helper.h
#13 100.9 -- Installing: /opt/opencv/include/opencv4/opencv2/core/cvdef.h
#13 100.9 -- Installing: /opt/opencv/include/opencv4/opencv2/core/cvstd.hpp
#13 100.9 -- Installing: /opt/opencv/include/opencv4/opencv2/core/cvstd.inl.hpp
#13 100.9 -- Installing: /opt/opencv/include/opencv4/opencv2/core/cvstd_wrapper.hpp
#13 100.9 -- Installing: /opt/opencv/include/opencv4/opencv2/core/detail/async_promise.hpp
#13 100.9 -- Installing: /opt/opencv/include/opencv4/opencv2/core/detail/dispatch_helper.impl.hpp
#13 100.9 -- Installing: /opt/opencv/include/opencv4/opencv2/core/detail/exception_ptr.hpp
#13 100.9 -- Installing: /opt/opencv/include/opencv4/opencv2/core/directx.hpp
#13 100.9 -- Installing: /opt/opencv/include/opencv4/opencv2/core/dualquaternion.hpp
#13 100.9 -- Installing: /opt/opencv/include/opencv4/opencv2/core/dualquaternion.inl.hpp
#13 100.9 -- Installing: /opt/opencv/include/opencv4/opencv2/core/eigen.hpp
#13 100.9 -- Installing: /opt/opencv/include/opencv4/opencv2/core/fast_math.hpp
#13 100.9 -- Installing: /opt/opencv/include/opencv4/opencv2/core/hal/hal.hpp
#13 100.9 -- Installing: /opt/opencv/include/opencv4/opencv2/core/hal/interface.h
#13 100.9 -- Installing: /opt/opencv/include/opencv4/opencv2/core/hal/intrin.hpp
#13 100.9 -- Installing: /opt/opencv/include/opencv4/opencv2/core/hal/intrin_avx.hpp
#13 100.9 -- Installing: /opt/opencv/include/opencv4/opencv2/core/hal/intrin_avx512.hpp
#13 100.9 -- Installing: /opt/opencv/include/opencv4/opencv2/core/hal/intrin_cpp.hpp
#13 100.9 -- Installing: /opt/opencv/include/opencv4/opencv2/core/hal/intrin_forward.hpp
#13 100.9 -- Installing: /opt/opencv/include/opencv4/opencv2/core/hal/intrin_lasx.hpp
#13 100.9 -- Installing: /opt/opencv/include/opencv4/opencv2/core/hal/intrin_msa.hpp
#13 100.9 -- Installing: /opt/opencv/include/opencv4/opencv2/core/hal/intrin_neon.hpp
#13 100.9 -- Installing: /opt/opencv/include/opencv4/opencv2/core/hal/intrin_rvv.hpp
#13 100.9 -- Installing: /opt/opencv/include/opencv4/opencv2/core/hal/intrin_rvv071.hpp
#13 100.9 -- Installing: /opt/opencv/include/opencv4/opencv2/core/hal/intrin_rvv_010_compat_non-policy.hpp
#13 100.9 -- Installing: /opt/opencv/include/opencv4/opencv2/core/hal/intrin_rvv_010_compat_overloaded-non-policy.hpp
#13 100.9 -- Installing: /opt/opencv/include/opencv4/opencv2/core/hal/intrin_rvv_compat_overloaded.hpp
#13 100.9 -- Installing: /opt/opencv/include/opencv4/opencv2/core/hal/intrin_rvv_scalable.hpp
#13 100.9 -- Installing: /opt/opencv/include/opencv4/opencv2/core/hal/intrin_sse.hpp
#13 100.9 -- Installing: /opt/opencv/include/opencv4/opencv2/core/hal/intrin_sse_em.hpp
#13 100.9 -- Installing: /opt/opencv/include/opencv4/opencv2/core/hal/intrin_vsx.hpp
#13 100.9 -- Installing: /opt/opencv/include/opencv4/opencv2/core/hal/intrin_wasm.hpp
#13 100.9 -- Installing: /opt/opencv/include/opencv4/opencv2/core/hal/msa_macros.h
#13 100.9 -- Installing: /opt/opencv/include/opencv4/opencv2/core/hal/simd_utils.impl.hpp
#13 100.9 -- Installing: /opt/opencv/include/opencv4/opencv2/core/mat.hpp
#13 100.9 -- Installing: /opt/opencv/include/opencv4/opencv2/core/mat.inl.hpp
#13 100.9 -- Installing: /opt/opencv/include/opencv4/opencv2/core/matx.hpp
#13 100.9 -- Installing: /opt/opencv/include/opencv4/opencv2/core/neon_utils.hpp
#13 100.9 -- Installing: /opt/opencv/include/opencv4/opencv2/core/ocl.hpp
#13 100.9 -- Installing: /opt/opencv/include/opencv4/opencv2/core/ocl_genbase.hpp
#13 100.9 -- Installing: /opt/opencv/include/opencv4/opencv2/core/opencl/ocl_defs.hpp
#13 100.9 -- Installing: /opt/opencv/include/opencv4/opencv2/core/opencl/opencl_info.hpp
#13 100.9 -- Installing: /opt/opencv/include/opencv4/opencv2/core/opencl/opencl_svm.hpp
#13 100.9 -- Installing: /opt/opencv/include/opencv4/opencv2/core/opencl/runtime/autogenerated/opencl_clblas.hpp
#13 100.9 -- Installing: /opt/opencv/include/opencv4/opencv2/core/opencl/runtime/autogenerated/opencl_clfft.hpp
#13 100.9 -- Installing: /opt/opencv/include/opencv4/opencv2/core/opencl/runtime/autogenerated/opencl_core.hpp
#13 100.9 -- Installing: /opt/opencv/include/opencv4/opencv2/core/opencl/runtime/autogenerated/opencl_core_wrappers.hpp
#13 100.9 -- Installing: /opt/opencv/include/opencv4/opencv2/core/opencl/runtime/autogenerated/opencl_gl.hpp
#13 100.9 -- Installing: /opt/opencv/include/opencv4/opencv2/core/opencl/runtime/autogenerated/opencl_gl_wrappers.hpp
#13 100.9 -- Installing: /opt/opencv/include/opencv4/opencv2/core/opencl/runtime/opencl_clblas.hpp
#13 100.9 -- Installing: /opt/opencv/include/opencv4/opencv2/core/opencl/runtime/opencl_clfft.hpp
#13 100.9 -- Installing: /opt/opencv/include/opencv4/opencv2/core/opencl/runtime/opencl_core.hpp
#13 100.9 -- Installing: /opt/opencv/include/opencv4/opencv2/core/opencl/runtime/opencl_core_wrappers.hpp
#13 100.9 -- Installing: /opt/opencv/include/opencv4/opencv2/core/opencl/runtime/opencl_gl.hpp
#13 100.9 -- Installing: /opt/opencv/include/opencv4/opencv2/core/opencl/runtime/opencl_gl_wrappers.hpp
#13 100.9 -- Installing: /opt/opencv/include/opencv4/opencv2/core/opencl/runtime/opencl_svm_20.hpp
#13 100.9 -- Installing: /opt/opencv/include/opencv4/opencv2/core/opencl/runtime/opencl_svm_definitions.hpp
#13 100.9 -- Installing: /opt/opencv/include/opencv4/opencv2/core/opencl/runtime/opencl_svm_hsa_extension.hpp
#13 100.9 -- Installing: /opt/opencv/include/opencv4/opencv2/core/opengl.hpp
#13 100.9 -- Installing: /opt/opencv/include/opencv4/opencv2/core/operations.hpp
#13 100.9 -- Installing: /opt/opencv/include/opencv4/opencv2/core/optim.hpp
#13 100.9 -- Installing: /opt/opencv/include/opencv4/opencv2/core/ovx.hpp
#13 100.9 -- Installing: /opt/opencv/include/opencv4/opencv2/core/parallel/backend/parallel_for.openmp.hpp
#13 100.9 -- Installing: /opt/opencv/include/opencv4/opencv2/core/parallel/backend/parallel_for.tbb.hpp
#13 100.9 -- Installing: /opt/opencv/include/opencv4/opencv2/core/parallel/parallel_backend.hpp
#13 100.9 -- Installing: /opt/opencv/include/opencv4/opencv2/core/persistence.hpp
#13 100.9 -- Installing: /opt/opencv/include/opencv4/opencv2/core/quaternion.hpp
#13 100.9 -- Installing: /opt/opencv/include/opencv4/opencv2/core/quaternion.inl.hpp
#13 100.9 -- Installing: /opt/opencv/include/opencv4/opencv2/core/saturate.hpp
#13 100.9 -- Installing: /opt/opencv/include/opencv4/opencv2/core/simd_intrinsics.hpp
#13 100.9 -- Installing: /opt/opencv/include/opencv4/opencv2/core/softfloat.hpp
#13 100.9 -- Installing: /opt/opencv/include/opencv4/opencv2/core/sse_utils.hpp
#13 100.9 -- Installing: /opt/opencv/include/opencv4/opencv2/core/traits.hpp
#13 100.9 -- Installing: /opt/opencv/include/opencv4/opencv2/core/types.hpp
#13 100.9 -- Installing: /opt/opencv/include/opencv4/opencv2/core/types_c.h
#13 100.9 -- Installing: /opt/opencv/include/opencv4/opencv2/core/utility.hpp
#13 100.9 -- Installing: /opt/opencv/include/opencv4/opencv2/core/utils/allocator_stats.hpp
#13 100.9 -- Installing: /opt/opencv/include/opencv4/opencv2/core/utils/allocator_stats.impl.hpp
#13 100.9 -- Installing: /opt/opencv/include/opencv4/opencv2/core/utils/filesystem.hpp
#13 100.9 -- Installing: /opt/opencv/include/opencv4/opencv2/core/utils/fp_control_utils.hpp
#13 100.9 -- Installing: /opt/opencv/include/opencv4/opencv2/core/utils/instrumentation.hpp
#13 100.9 -- Installing: /opt/opencv/include/opencv4/opencv2/core/utils/logger.defines.hpp
#13 100.9 -- Installing: /opt/opencv/include/opencv4/opencv2/core/utils/logger.hpp
#13 100.9 -- Installing: /opt/opencv/include/opencv4/opencv2/core/utils/logtag.hpp
#13 100.9 -- Installing: /opt/opencv/include/opencv4/opencv2/core/utils/tls.hpp
#13 100.9 -- Installing: /opt/opencv/include/opencv4/opencv2/core/utils/trace.hpp
#13 100.9 -- Installing: /opt/opencv/include/opencv4/opencv2/core/va_intel.hpp
#13 100.9 -- Installing: /opt/opencv/include/opencv4/opencv2/core/version.hpp
#13 100.9 -- Installing: /opt/opencv/include/opencv4/opencv2/core/vsx_utils.hpp
#13 100.9 -- Installing: /opt/opencv/share/licenses/opencv4/SoftFloat-COPYING.txt
#13 100.9 -- Installing: /opt/opencv/lib/libopencv_imgproc.a
#13 100.9 -- Installing: /opt/opencv/include/opencv4/opencv2/imgproc.hpp
#13 100.9 -- Installing: /opt/opencv/include/opencv4/opencv2/imgproc/bindings.hpp
#13 100.9 -- Installing: /opt/opencv/include/opencv4/opencv2/imgproc/detail/gcgraph.hpp
#13 100.9 -- Installing: /opt/opencv/include/opencv4/opencv2/imgproc/hal/hal.hpp
#13 100.9 -- Installing: /opt/opencv/include/opencv4/opencv2/imgproc/hal/interface.h
#13 100.9 -- Installing: /opt/opencv/include/opencv4/opencv2/imgproc/imgproc.hpp
#13 100.9 -- Installing: /opt/opencv/include/opencv4/opencv2/imgproc/imgproc_c.h
#13 100.9 -- Installing: /opt/opencv/include/opencv4/opencv2/imgproc/segmentation.hpp
#13 100.9 -- Installing: /opt/opencv/include/opencv4/opencv2/imgproc/types_c.h
#13 100.9 -- Installing: /opt/opencv/lib/libopencv_video.a
#13 100.9 -- Installing: /opt/opencv/include/opencv4/opencv2/video.hpp
#13 100.9 -- Installing: /opt/opencv/include/opencv4/opencv2/video/background_segm.hpp
#13 100.9 -- Installing: /opt/opencv/include/opencv4/opencv2/video/detail/tracking.detail.hpp
#13 100.9 -- Installing: /opt/opencv/include/opencv4/opencv2/video/legacy/constants_c.h
#13 100.9 -- Installing: /opt/opencv/include/opencv4/opencv2/video/tracking.hpp
#13 100.9 -- Installing: /opt/opencv/include/opencv4/opencv2/video/video.hpp
#13 100.9 -- Installing: /opt/opencv/lib/libopencv_imgcodecs.a
#13 100.9 -- Installing: /opt/opencv/include/opencv4/opencv2/imgcodecs.hpp
#13 100.9 -- Installing: /opt/opencv/include/opencv4/opencv2/imgcodecs/imgcodecs.hpp
#13 100.9 -- Installing: /opt/opencv/include/opencv4/opencv2/imgcodecs/imgcodecs_c.h
#13 101.0 -- Installing: /opt/opencv/include/opencv4/opencv2/imgcodecs/ios.h
#13 101.0 -- Installing: /opt/opencv/include/opencv4/opencv2/imgcodecs/legacy/constants_c.h
#13 101.0 -- Installing: /opt/opencv/include/opencv4/opencv2/imgcodecs/macosx.h
#13 101.0 -- Installing: /opt/opencv/lib/libopencv_videoio.a
#13 101.0 -- Installing: /opt/opencv/include/opencv4/opencv2/videoio.hpp
#13 101.0 -- Installing: /opt/opencv/include/opencv4/opencv2/videoio/cap_ios.h
#13 101.0 -- Installing: /opt/opencv/include/opencv4/opencv2/videoio/legacy/constants_c.h
#13 101.0 -- Installing: /opt/opencv/include/opencv4/opencv2/videoio/registry.hpp
#13 101.0 -- Installing: /opt/opencv/include/opencv4/opencv2/videoio/videoio.hpp
#13 101.0 -- Installing: /opt/opencv/include/opencv4/opencv2/videoio/videoio_c.h
#13 101.0 -- Installing: /opt/opencv/share/opencv4/haarcascades/haarcascade_eye.xml
#13 101.0 -- Installing: /opt/opencv/share/opencv4/haarcascades/haarcascade_eye_tree_eyeglasses.xml
#13 101.0 -- Installing: /opt/opencv/share/opencv4/haarcascades/haarcascade_frontalcatface.xml
#13 101.0 -- Installing: /opt/opencv/share/opencv4/haarcascades/haarcascade_frontalcatface_extended.xml
#13 101.0 -- Installing: /opt/opencv/share/opencv4/haarcascades/haarcascade_frontalface_alt.xml
#13 101.0 -- Installing: /opt/opencv/share/opencv4/haarcascades/haarcascade_frontalface_alt2.xml
#13 101.0 -- Installing: /opt/opencv/share/opencv4/haarcascades/haarcascade_frontalface_alt_tree.xml
#13 101.0 -- Installing: /opt/opencv/share/opencv4/haarcascades/haarcascade_frontalface_default.xml
#13 101.0 -- Installing: /opt/opencv/share/opencv4/haarcascades/haarcascade_fullbody.xml
#13 101.0 -- Installing: /opt/opencv/share/opencv4/haarcascades/haarcascade_lefteye_2splits.xml
#13 101.0 -- Installing: /opt/opencv/share/opencv4/haarcascades/haarcascade_license_plate_rus_16stages.xml
#13 101.0 -- Installing: /opt/opencv/share/opencv4/haarcascades/haarcascade_lowerbody.xml
#13 101.0 -- Installing: /opt/opencv/share/opencv4/haarcascades/haarcascade_profileface.xml
#13 101.0 -- Installing: /opt/opencv/share/opencv4/haarcascades/haarcascade_righteye_2splits.xml
#13 101.0 -- Installing: /opt/opencv/share/opencv4/haarcascades/haarcascade_russian_plate_number.xml
#13 101.0 -- Installing: /opt/opencv/share/opencv4/haarcascades/haarcascade_smile.xml
#13 101.0 -- Installing: /opt/opencv/share/opencv4/haarcascades/haarcascade_upperbody.xml
#13 101.0 -- Installing: /opt/opencv/share/opencv4/lbpcascades/lbpcascade_frontalcatface.xml
#13 101.0 -- Installing: /opt/opencv/share/opencv4/lbpcascades/lbpcascade_frontalface.xml
#13 101.0 -- Installing: /opt/opencv/share/opencv4/lbpcascades/lbpcascade_frontalface_improved.xml
#13 101.0 -- Installing: /opt/opencv/share/opencv4/lbpcascades/lbpcascade_profileface.xml
#13 101.0 -- Installing: /opt/opencv/share/opencv4/lbpcascades/lbpcascade_silverware.xml
#13 101.0 make: Leaving directory '/root/build'
#13 DONE 101.5s

#14 [test  3/11] RUN set -xeu &&     DEBIAN_FRONTEND=noninteractive apt-get install -y curl clang libclang-dev     cmake     libavcodec-dev libavformat-dev libavutil-dev libswscale-dev
#14 CACHED

#15 [frontend 2/3] RUN set -xeu && 	git clone https://github.com/piotrpdev/oko.git /root/oko
#15 CACHED

#16 [test  4/11] RUN set -xeu &&     curl --proto '=https' --tlsv1.2 -sSf https://sh.rustup.rs | sh -s -- -y --profile=minimal
#16 CACHED

#17 [frontend 3/3] RUN set -xeu && 	npm --prefix=/root/oko/frontend ci && 	npm --prefix=/root/oko/frontend run build && 	mkdir -p /root/oko/backend/static && 	cp -r /root/oko/frontend/dist/* /root/oko/backend/static/
#17 CACHED

#18 [test  5/11] COPY --from=backend /opt/opencv /opt/opencv
#18 DONE 0.5s

#19 [test  6/11] COPY --from=frontend /root/oko /root/oko
#19 DONE 4.8s

#20 [test  7/11] RUN set -xeu && 	ls /opt/opencv/lib && 	ls /opt/opencv/lib/opencv4/3rdparty && 	ls /usr/lib/x86_64-linux-gnu && 	ls /opt/opencv/include && 	ls /opt/opencv/include/opencv4 && 	ls /usr/include/x86_64-linux-gnu
#20 0.336 + ls /opt/opencv/lib
#20 0.337 cmake
#20 0.337 libopencv_core.a
#20 0.337 libopencv_imgcodecs.a
#20 0.337 libopencv_imgproc.a
#20 0.337 libopencv_video.a
#20 0.337 libopencv_videoio.a
#20 0.337 opencv4
#20 0.337 + ls /opt/opencv/lib/opencv4/3rdparty
#20 0.338 libippicv.a
#20 0.338 libippiw.a
#20 0.338 liblibjpeg-turbo.a
#20 0.338 liblibopenjp2.a
#20 0.338 liblibpng.a
#20 0.338 libzlib.a
#20 0.338 + ls /usr/lib/x86_64-linux-gnu
#20 0.339 Mcrt1.o
#20 0.339 Scrt1.o
#20 0.339 audit
#20 0.339 bfd-plugins
#20 0.339 crt1.o
#20 0.339 crti.o
#20 0.339 crtn.o
#20 0.339 dri
#20 0.339 e2fsprogs
#20 0.339 engines-3
#20 0.339 gconv
#20 0.339 gcrt1.o
#20 0.339 gdk-pixbuf-2.0
#20 0.339 gio
#20 0.339 glib-2.0
#20 0.339 grcrt1.o
#20 0.339 icu
#20 0.339 krb5
#20 0.339 ld-linux-x86-64.so.2
#20 0.339 ldscripts
#20 0.339 libBrokenLocale.a
#20 0.339 libBrokenLocale.so
#20 0.339 libBrokenLocale.so.1
#20 0.339 libLLVM-14.0.0.so.1
#20 0.339 libLLVM-14.so
#20 0.339 libLLVM-14.so.1
#20 0.339 libLLVM-15.so
#20 0.339 libLLVM-15.so.1
#20 0.339 libOpenCL.so.1
#20 0.339 libOpenCL.so.1.0.0
#20 0.339 libX11-xcb.so.1
#20 0.339 libX11-xcb.so.1.0.0
#20 0.339 libX11.so.6
#20 0.339 libX11.so.6.4.0
#20 0.339 libXau.so.6
#20 0.339 libXau.so.6.0.0
#20 0.339 libXdmcp.so.6
#20 0.339 libXdmcp.so.6.0.0
#20 0.339 libXext.so.6
#20 0.339 libXext.so.6.4.0
#20 0.339 libXfixes.so.3
#20 0.339 libXfixes.so.3.1.0
#20 0.339 libXpm.so.4
#20 0.339 libXpm.so.4.11.0
#20 0.339 libXrender.so.1
#20 0.339 libXrender.so.1.3.0
#20 0.339 libaacs.so.0
#20 0.339 libaacs.so.0.7.2
#20 0.339 libacl.so.1
#20 0.339 libacl.so.1.1.2301
#20 0.339 libanl.a
#20 0.339 libanl.so
#20 0.339 libanl.so.1
#20 0.339 libaom.so.3
#20 0.339 libaom.so.3.3.0
#20 0.339 libapt-pkg.so.6.0
#20 0.339 libapt-pkg.so.6.0.0
#20 0.339 libapt-private.so.0.0
#20 0.339 libapt-private.so.0.0.0
#20 0.339 libarchive.so.13
#20 0.339 libarchive.so.13.6.0
#20 0.339 libasan.so.6
#20 0.339 libasan.so.6.0.0
#20 0.339 libatomic.so.1
#20 0.339 libatomic.so.1.2.0
#20 0.339 libattr.so.1
#20 0.339 libattr.so.1.1.2501
#20 0.339 libaudit.so.1
#20 0.339 libaudit.so.1.0.0
#20 0.339 libavcodec.a
#20 0.339 libavcodec.so
#20 0.339 libavcodec.so.58
#20 0.339 libavcodec.so.58.134.100
#20 0.339 libavformat.a
#20 0.339 libavformat.so
#20 0.339 libavformat.so.58
#20 0.339 libavformat.so.58.76.100
#20 0.339 libavutil.a
#20 0.339 libavutil.so
#20 0.339 libavutil.so.56
#20 0.339 libavutil.so.56.70.100
#20 0.339 libbdplus.so.0
#20 0.339 libbdplus.so.0.2.0
#20 0.339 libbfd-2.38-system.so
#20 0.339 libblkid.so.1
#20 0.339 libblkid.so.1.1.0
#20 0.339 libbluray.so.2
#20 0.339 libbluray.so.2.4.1
#20 0.339 libbrotlicommon.so.1
#20 0.339 libbrotlicommon.so.1.0.9
#20 0.339 libbrotlidec.so.1
#20 0.339 libbrotlidec.so.1.0.9
#20 0.339 libbrotlienc.so.1
#20 0.339 libbrotlienc.so.1.0.9
#20 0.339 libbsd.so.0
#20 0.339 libbsd.so.0.11.5
#20 0.339 libbz2.so.1
#20 0.339 libbz2.so.1.0
#20 0.339 libbz2.so.1.0.4
#20 0.339 libc.a
#20 0.339 libc.so
#20 0.339 libc.so.6
#20 0.339 libc_malloc_debug.so
#20 0.339 libc_malloc_debug.so.0
#20 0.339 libc_nonshared.a
#20 0.339 libcairo-gobject.so.2
#20 0.339 libcairo-gobject.so.2.11600.0
#20 0.339 libcairo.so.2
#20 0.339 libcairo.so.2.11600.0
#20 0.339 libcap-ng.so.0
#20 0.339 libcap-ng.so.0.0.0
#20 0.339 libcap.so.2
#20 0.339 libcap.so.2.44
#20 0.339 libcc1.so.0
#20 0.339 libcc1.so.0.0.0
#20 0.339 libchromaprint.so.1
#20 0.339 libchromaprint.so.1.5.1
#20 0.339 libclang-14.so
#20 0.339 libclang-14.so.1
#20 0.339 libclang-14.so.13
#20 0.339 libclang-14.so.14.0.0
#20 0.339 libclang-cpp.so.14
#20 0.339 libcodec2.so.1.0
#20 0.339 libcom_err.so.2
#20 0.339 libcom_err.so.2.1
#20 0.339 libcrypt.a
#20 0.339 libcrypt.so
#20 0.339 libcrypt.so.1
#20 0.339 libcrypt.so.1.1.0
#20 0.339 libcrypto.so.3
#20 0.339 libctf-nobfd.so.0
#20 0.339 libctf-nobfd.so.0.0.0
#20 0.339 libctf.so.0
#20 0.339 libctf.so.0.0.0
#20 0.339 libcurl.so.4
#20 0.339 libcurl.so.4.7.0
#20 0.339 libcurses.a
#20 0.339 libcurses.so
#20 0.339 libdatrie.so.1
#20 0.339 libdatrie.so.1.4.0
#20 0.339 libdav1d.so.5
#20 0.339 libdav1d.so.5.1.1
#20 0.339 libdb-5.3.so
#20 0.339 libdebconfclient.so.0
#20 0.339 libdebconfclient.so.0.0.0
#20 0.339 libdeflate.so.0
#20 0.339 libdl.a
#20 0.339 libdl.so.2
#20 0.339 libdrm.so.2
#20 0.339 libdrm.so.2.4.0
#20 0.339 libdrm_amdgpu.so.1
#20 0.339 libdrm_amdgpu.so.1.0.0
#20 0.339 libdrm_intel.so.1
#20 0.339 libdrm_intel.so.1.0.0
#20 0.339 libdrm_nouveau.so.2
#20 0.339 libdrm_nouveau.so.2.0.0
#20 0.339 libdrm_radeon.so.1
#20 0.339 libdrm_radeon.so.1.0.1
#20 0.339 libe2p.so.2
#20 0.339 libe2p.so.2.3
#20 0.339 libedit.so.2
#20 0.339 libedit.so.2.0.68
#20 0.339 libelf-0.186.so
#20 0.339 libelf.so.1
#20 0.339 libexpat.so.1
#20 0.339 libexpat.so.1.8.7
#20 0.339 libexpatw.so.1
#20 0.339 libexpatw.so.1.8.7
#20 0.339 libext2fs.so.2
#20 0.339 libext2fs.so.2.4
#20 0.339 libffi.a
#20 0.339 libffi.so
#20 0.339 libffi.so.8
#20 0.339 libffi.so.8.1.0
#20 0.339 libffi_pic.a
#20 0.339 libfontconfig.so.1
#20 0.339 libfontconfig.so.1.12.0
#20 0.339 libform.a
#20 0.339 libform.so
#20 0.339 libform.so.6
#20 0.339 libform.so.6.3
#20 0.339 libformw.a
#20 0.339 libformw.so
#20 0.339 libformw.so.6
#20 0.339 libformw.so.6.3
#20 0.339 libfreetype.so.6
#20 0.339 libfreetype.so.6.18.1
#20 0.339 libfribidi.so.0
#20 0.339 libfribidi.so.0.4.0
#20 0.339 libg.a
#20 0.339 libgc.so.1
#20 0.339 libgc.so.1.4.4
#20 0.339 libgcc_s.so.1
#20 0.339 libgccpp.so.1
#20 0.339 libgccpp.so.1.4.1
#20 0.339 libgcrypt.so.20
#20 0.339 libgcrypt.so.20.3.4
#20 0.339 libgd.so.3
#20 0.339 libgd.so.3.0.8
#20 0.339 libgdk_pixbuf-2.0.so.0
#20 0.339 libgdk_pixbuf-2.0.so.0.4200.8
#20 0.339 libgio-2.0.so.0
#20 0.339 libgio-2.0.so.0.7200.4
#20 0.339 libglib-2.0.so.0
#20 0.339 libglib-2.0.so.0.7200.4
#20 0.339 libgme.so.0
#20 0.339 libgme.so.0.6.3
#20 0.339 libgmodule-2.0.so.0
#20 0.339 libgmodule-2.0.so.0.7200.4
#20 0.339 libgmp.so.10
#20 0.339 libgmp.so.10.4.1
#20 0.339 libgnutls.so.30
#20 0.339 libgnutls.so.30.31.0
#20 0.339 libgobject-2.0.so.0
#20 0.339 libgobject-2.0.so.0.7200.4
#20 0.339 libgomp.so.1
#20 0.339 libgomp.so.1.0.0
#20 0.339 libgpg-error.so.0
#20 0.339 libgpg-error.so.0.32.1
#20 0.339 libgraphite2.so.2.0.0
#20 0.339 libgraphite2.so.3
#20 0.339 libgraphite2.so.3.2.1
#20 0.339 libgsm.so.1
#20 0.339 libgsm.so.1.0.19
#20 0.339 libgssapi_krb5.so.2
#20 0.339 libgssapi_krb5.so.2.2
#20 0.339 libgthread-2.0.so.0
#20 0.339 libgthread-2.0.so.0.7200.4
#20 0.339 libharfbuzz.so.0
#20 0.339 libharfbuzz.so.0.20704.0
#20 0.339 libhistory.so.8
#20 0.339 libhistory.so.8.1
#20 0.339 libhogweed.so.6
#20 0.339 libhogweed.so.6.4
#20 0.339 libicudata.a
#20 0.339 libicudata.so
#20 0.339 libicudata.so.70
#20 0.339 libicudata.so.70.1
#20 0.339 libicui18n.a
#20 0.339 libicui18n.so
#20 0.339 libicui18n.so.70
#20 0.339 libicui18n.so.70.1
#20 0.339 libicuio.a
#20 0.339 libicuio.so
#20 0.339 libicuio.so.70
#20 0.339 libicuio.so.70.1
#20 0.339 libicutest.a
#20 0.339 libicutest.so
#20 0.339 libicutest.so.70
#20 0.339 libicutest.so.70.1
#20 0.339 libicutu.a
#20 0.339 libicutu.so
#20 0.339 libicutu.so.70
#20 0.339 libicutu.so.70.1
#20 0.339 libicuuc.a
#20 0.339 libicuuc.so
#20 0.339 libicuuc.so.70
#20 0.339 libicuuc.so.70.1
#20 0.339 libidn2.so.0
#20 0.339 libidn2.so.0.3.7
#20 0.339 libigdgmm.so.12
#20 0.339 libigdgmm.so.12.1.0
#20 0.339 libisl.so.23
#20 0.339 libisl.so.23.1.0
#20 0.339 libitm.so.1
#20 0.339 libitm.so.1.0.0
#20 0.339 libjbig.so.0
#20 0.339 libjpeg.so.8
#20 0.339 libjpeg.so.8.2.2
#20 0.339 libjsoncpp.so.1.9.5
#20 0.339 libjsoncpp.so.25
#20 0.339 libk5crypto.so.3
#20 0.339 libk5crypto.so.3.1
#20 0.339 libkeyutils.so.1
#20 0.339 libkeyutils.so.1.9
#20 0.339 libkrb5.so.3
#20 0.339 libkrb5.so.3.3
#20 0.339 libkrb5support.so.0
#20 0.339 libkrb5support.so.0.1
#20 0.339 liblber-2.5.so.0
#20 0.339 liblber-2.5.so.0.1.13
#20 0.339 libldap-2.5.so.0
#20 0.339 libldap-2.5.so.0.1.13
#20 0.339 liblsan.so.0
#20 0.339 liblsan.so.0.0.0
#20 0.339 liblz4.so.1
#20 0.339 liblz4.so.1.9.3
#20 0.339 liblzma.so.5
#20 0.339 liblzma.so.5.2.5
#20 0.339 libm-2.35.a
#20 0.339 libm.a
#20 0.339 libm.so
#20 0.339 libm.so.6
#20 0.339 libmcheck.a
#20 0.339 libmd.so.0
#20 0.339 libmd.so.0.0.5
#20 0.339 libmemusage.so
#20 0.339 libmenu.a
#20 0.339 libmenu.so
#20 0.339 libmenu.so.6
#20 0.339 libmenu.so.6.3
#20 0.339 libmenuw.a
#20 0.339 libmenuw.so
#20 0.339 libmenuw.so.6
#20 0.339 libmenuw.so.6.3
#20 0.339 libmfx-tracer.so.1
#20 0.339 libmfx-tracer.so.1.35
#20 0.339 libmfx.so.1
#20 0.339 libmfx.so.1.35
#20 0.339 libmfxhw64.so.1
#20 0.339 libmfxhw64.so.1.35
#20 0.339 libmount.so.1
#20 0.339 libmount.so.1.1.0
#20 0.339 libmp3lame.so.0
#20 0.339 libmp3lame.so.0.0.0
#20 0.339 libmpc.so.3
#20 0.339 libmpc.so.3.2.1
#20 0.339 libmpdec++.so.2.5.1
#20 0.339 libmpdec++.so.3
#20 0.339 libmpdec.so.2.5.1
#20 0.339 libmpdec.so.3
#20 0.339 libmpfr.so.6
#20 0.339 libmpfr.so.6.1.0
#20 0.339 libmpg123.so.0
#20 0.339 libmpg123.so.0.46.7
#20 0.339 libmvec.a
#20 0.339 libmvec.so
#20 0.339 libmvec.so.1
#20 0.339 libncurses++.a
#20 0.339 libncurses++w.a
#20 0.339 libncurses.a
#20 0.339 libncurses.so
#20 0.339 libncurses.so.6
#20 0.339 libncurses.so.6.3
#20 0.339 libncursesw.a
#20 0.339 libncursesw.so
#20 0.339 libncursesw.so.6
#20 0.339 libncursesw.so.6.3
#20 0.339 libnettle.so.8
#20 0.339 libnettle.so.8.4
#20 0.339 libnghttp2.so.14
#20 0.339 libnghttp2.so.14.20.1
#20 0.339 libnorm.so.1
#20 0.339 libnsl.a
#20 0.339 libnsl.so
#20 0.339 libnsl.so.1
#20 0.339 libnsl.so.2
#20 0.339 libnsl.so.2.0.1
#20 0.339 libnss_compat.so
#20 0.339 libnss_compat.so.2
#20 0.339 libnss_dns.so.2
#20 0.339 libnss_files.so.2
#20 0.339 libnss_hesiod.so
#20 0.339 libnss_hesiod.so.2
#20 0.339 libnuma.so.1
#20 0.339 libnuma.so.1.0.0
#20 0.339 libobjc.so.4
#20 0.339 libobjc.so.4.0.0
#20 0.339 libobjc_gc.so.4
#20 0.339 libobjc_gc.so.4.0.0
#20 0.339 libogg.so.0
#20 0.339 libogg.so.0.8.5
#20 0.339 libopcodes-2.38-system.so
#20 0.339 libopenjp2.so.2.4.0
#20 0.339 libopenjp2.so.7
#20 0.339 libopenmpt.so.0
#20 0.339 libopenmpt.so.0.3.3
#20 0.339 libopus.so.0
#20 0.339 libopus.so.0.8.0
#20 0.339 libp11-kit.so.0
#20 0.339 libp11-kit.so.0.3.0
#20 0.339 libpam.so.0
#20 0.339 libpam.so.0.85.1
#20 0.339 libpam_misc.so.0
#20 0.339 libpam_misc.so.0.82.1
#20 0.339 libpamc.so.0
#20 0.339 libpamc.so.0.82.1
#20 0.339 libpanel.a
#20 0.339 libpanel.so
#20 0.339 libpanel.so.6
#20 0.339 libpanel.so.6.3
#20 0.339 libpanelw.a
#20 0.339 libpanelw.so
#20 0.339 libpanelw.so.6
#20 0.339 libpanelw.so.6.3
#20 0.339 libpango-1.0.so.0
#20 0.339 libpango-1.0.so.0.5000.6
#20 0.339 libpangocairo-1.0.so.0
#20 0.339 libpangocairo-1.0.so.0.5000.6
#20 0.339 libpangoft2-1.0.so.0
#20 0.339 libpangoft2-1.0.so.0.5000.6
#20 0.339 libpciaccess.so.0
#20 0.339 libpciaccess.so.0.11.1
#20 0.339 libpcprofile.so
#20 0.339 libpcre.so.3
#20 0.339 libpcre.so.3.13.3
#20 0.339 libpcre2-8.so.0
#20 0.339 libpcre2-8.so.0.10.4
#20 0.339 libpcreposix.so.3
#20 0.339 libpcreposix.so.3.13.3
#20 0.339 libpfm.so.4
#20 0.339 libpfm.so.4.11.1
#20 0.339 libpgm-5.3.so.0
#20 0.339 libpgm-5.3.so.0.0.128
#20 0.339 libpipeline.so.1
#20 0.339 libpipeline.so.1.5.5
#20 0.339 libpixman-1.so.0
#20 0.339 libpixman-1.so.0.40.0
#20 0.339 libpng16.so.16
#20 0.339 libpng16.so.16.37.0
#20 0.339 libprocps.so.8
#20 0.339 libprocps.so.8.0.3
#20 0.339 libpsl.so.5
#20 0.339 libpsl.so.5.3.2
#20 0.339 libpthread.a
#20 0.339 libpthread.so.0
#20 0.339 libquadmath.so.0
#20 0.339 libquadmath.so.0.0.0
#20 0.339 librabbitmq.so.4
#20 0.339 librabbitmq.so.4.4.0
#20 0.339 libreadline.so.8
#20 0.339 libreadline.so.8.1
#20 0.339 libresolv.a
#20 0.339 libresolv.so
#20 0.339 libresolv.so.2
#20 0.339 librhash.so.0
#20 0.339 librsvg-2.so.2
#20 0.339 librsvg-2.so.2.48.0
#20 0.339 librt.a
#20 0.339 librt.so.1
#20 0.339 librtmp.so.1
#20 0.339 libsasl2.so.2
#20 0.339 libsasl2.so.2.0.25
#20 0.339 libseccomp.so.2
#20 0.339 libseccomp.so.2.5.3
#20 0.339 libselinux.so.1
#20 0.339 libsemanage.so.2
#20 0.339 libsepol.so.2
#20 0.339 libshine.so.3
#20 0.339 libshine.so.3.0.1
#20 0.339 libsmartcols.so.1
#20 0.339 libsmartcols.so.1.1.0
#20 0.339 libsnappy.so.1
#20 0.339 libsnappy.so.1.1.8
#20 0.339 libsodium.so.23
#20 0.339 libsodium.so.23.3.0
#20 0.339 libsoxr.so.0
#20 0.339 libsoxr.so.0.1.2
#20 0.339 libspeex.so.1
#20 0.339 libspeex.so.1.5.0
#20 0.339 libsqlite3.so.0
#20 0.339 libsqlite3.so.0.8.6
#20 0.339 libsrt-gnutls.so.1.4
#20 0.339 libsrt-gnutls.so.1.4.4
#20 0.339 libss.so.2
#20 0.339 libss.so.2.0
#20 0.339 libssh-gcrypt.so.4
#20 0.339 libssh-gcrypt.so.4.8.7
#20 0.339 libssh.so.4
#20 0.339 libssh.so.4.8.7
#20 0.339 libssl.so.3
#20 0.339 libstdc++.so.6
#20 0.339 libstdc++.so.6.0.30
#20 0.339 libswresample.a
#20 0.339 libswresample.so
#20 0.339 libswresample.so.3
#20 0.339 libswresample.so.3.9.100
#20 0.339 libswscale.a
#20 0.339 libswscale.so
#20 0.339 libswscale.so.5
#20 0.339 libswscale.so.5.9.100
#20 0.339 libsystemd.so.0
#20 0.339 libsystemd.so.0.32.0
#20 0.339 libtasn1.so.6
#20 0.339 libtasn1.so.6.6.2
#20 0.339 libtermcap.a
#20 0.339 libtermcap.so
#20 0.339 libthai.so.0
#20 0.339 libthai.so.0.3.1
#20 0.339 libtheora.so.0
#20 0.339 libtheora.so.0.3.10
#20 0.339 libtheoradec.so.1
#20 0.339 libtheoradec.so.1.1.4
#20 0.339 libtheoraenc.so.1
#20 0.339 libtheoraenc.so.1.1.2
#20 0.339 libthread_db.so
#20 0.339 libthread_db.so.1
#20 0.339 libtic.a
#20 0.339 libtic.so
#20 0.339 libtic.so.6
#20 0.339 libtic.so.6.3
#20 0.339 libtiff.so.5
#20 0.339 libtiff.so.5.7.0
#20 0.339 libtinfo.a
#20 0.339 libtinfo.so
#20 0.339 libtinfo.so.6
#20 0.339 libtinfo.so.6.3
#20 0.339 libtirpc.a
#20 0.339 libtirpc.so
#20 0.339 libtirpc.so.3
#20 0.339 libtirpc.so.3.0.0
#20 0.339 libtsan.so.0
#20 0.339 libtsan.so.0.0.0
#20 0.339 libtwolame.so.0
#20 0.339 libtwolame.so.0.0.0
#20 0.339 libubsan.so.1
#20 0.339 libubsan.so.1.0.0
#20 0.339 libudev.so.1
#20 0.339 libudev.so.1.7.2
#20 0.339 libudfread.so.0
#20 0.339 libudfread.so.0.1.0
#20 0.339 libunistring.so.2
#20 0.339 libunistring.so.2.2.0
#20 0.339 libutil.a
#20 0.339 libutil.so.1
#20 0.339 libuuid.so.1
#20 0.339 libuuid.so.1.3.0
#20 0.339 libuv.so.1
#20 0.339 libuv.so.1.0.0
#20 0.339 libva-drm.so.2
#20 0.339 libva-drm.so.2.1400.0
#20 0.339 libva-x11.so.2
#20 0.339 libva-x11.so.2.1400.0
#20 0.339 libva.so.2
#20 0.339 libva.so.2.1400.0
#20 0.339 libvdpau.so.1
#20 0.339 libvdpau.so.1.0.0
#20 0.339 libvorbis.so.0
#20 0.339 libvorbis.so.0.4.9
#20 0.339 libvorbisenc.so.2
#20 0.339 libvorbisenc.so.2.0.12
#20 0.339 libvorbisfile.so.3
#20 0.339 libvorbisfile.so.3.3.8
#20 0.339 libvpx.so.7
#20 0.339 libvpx.so.7.0
#20 0.339 libvpx.so.7.0.0
#20 0.339 libwebp.so.7
#20 0.339 libwebp.so.7.1.3
#20 0.339 libwebpmux.so.3
#20 0.339 libwebpmux.so.3.0.8
#20 0.339 libx264.so.163
#20 0.339 libx265.so.199
#20 0.339 libxcb-dri2.so.0
#20 0.339 libxcb-dri2.so.0.0.0
#20 0.339 libxcb-dri3.so.0
#20 0.339 libxcb-dri3.so.0.0.0
#20 0.339 libxcb-present.so.0
#20 0.339 libxcb-present.so.0.0.0
#20 0.339 libxcb-render.so.0
#20 0.339 libxcb-render.so.0.0.0
#20 0.339 libxcb-shm.so.0
#20 0.339 libxcb-shm.so.0.0.0
#20 0.339 libxcb-sync.so.1
#20 0.339 libxcb-sync.so.1.0.0
#20 0.339 libxcb-xfixes.so.0
#20 0.339 libxcb-xfixes.so.0.0.0
#20 0.339 libxcb.so.1
#20 0.339 libxcb.so.1.1.0
#20 0.339 libxml2.a
#20 0.339 libxml2.so
#20 0.339 libxml2.so.2
#20 0.339 libxml2.so.2.9.13
#20 0.339 libxshmfence.so.1
#20 0.339 libxshmfence.so.1.0.0
#20 0.339 libxvidcore.so.4
#20 0.339 libxvidcore.so.4.3
#20 0.339 libxxhash.so.0
#20 0.339 libxxhash.so.0.8.1
#20 0.339 libyaml-0.so.2
#20 0.339 libyaml-0.so.2.0.6
#20 0.339 libz.so.1
#20 0.339 libz.so.1.2.11
#20 0.339 libz3.so
#20 0.339 libz3.so.4
#20 0.339 libzmq.so.5
#20 0.339 libzmq.so.5.2.4
#20 0.339 libzstd.so.1
#20 0.339 libzstd.so.1.4.8
#20 0.339 libzvbi-chains.so.0
#20 0.339 libzvbi-chains.so.0.0.0
#20 0.339 libzvbi.so.0
#20 0.339 libzvbi.so.0.13.2
#20 0.339 mfx
#20 0.339 ossl-modules
#20 0.339 perl-base
#20 0.339 pkgconfig
#20 0.339 rcrt1.o
#20 0.339 sasl2
#20 0.339 security
#20 0.339 vdpau
#20 0.339 xml2Conf.sh
#20 0.339 + ls /opt/opencv/include
#20 0.340 opencv4
#20 0.340 + ls /opt/opencv/include/opencv4
#20 0.340 opencv2
#20 0.341 + ls /usr/include/x86_64-linux-gnu
#20 0.341 a.out.h
#20 0.341 asm
#20 0.341 bits
#20 0.341 c++
#20 0.341 ffi.h
#20 0.341 ffitarget.h
#20 0.341 fpu_control.h
#20 0.341 gnu
#20 0.341 ieee754.h
#20 0.341 libavcodec
#20 0.341 libavformat
#20 0.341 libavutil
#20 0.341 libswresample
#20 0.341 libswscale
#20 0.341 sys
#20 DONE 0.4s

#21 [test  8/11] RUN set -xeu && 	cd /root/oko/backend && 	cargo build
#21 0.352 + cd /root/oko/backend
#21 0.352 + cargo build
#21 0.414     Updating crates.io index
#21 2.647  Downloading crates ...
#21 2.965   Downloaded allocator-api2 v0.2.21
#21 2.971   Downloaded atoi v2.0.0
#21 3.004   Downloaded write16 v1.0.0
#21 3.018   Downloaded foreign-types v0.3.2
#21 3.020   Downloaded equivalent v1.0.1
#21 3.023   Downloaded foreign-types-shared v0.1.1
#21 3.026   Downloaded form_urlencoded v1.2.1
#21 3.030   Downloaded tower-layer v0.3.3
#21 3.037   Downloaded futures-io v0.3.31
#21 3.044   Downloaded cpufeatures v0.2.16
#21 3.046   Downloaded cfg-if v1.0.0
#21 3.048   Downloaded autocfg v1.4.0
#21 3.054   Downloaded openssl-probe v0.1.5
#21 3.058   Downloaded axum-core v0.4.5
#21 3.064   Downloaded icu_provider_macros v1.5.0
#21 3.065   Downloaded http-body v1.0.1
#21 3.068   Downloaded matchers v0.1.0
#21 3.071   Downloaded version_check v0.9.5
#21 3.073   Downloaded deranged v0.3.11
#21 3.076   Downloaded futures-core v0.3.31
#21 3.078   Downloaded futures-task v0.3.31
#21 3.080   Downloaded fastrand v2.3.0
#21 3.082   Downloaded num-conv v0.1.0
#21 3.084   Downloaded glob v0.3.1
#21 3.086   Downloaded rust-embed-impl v8.5.0
#21 3.087   Downloaded futures-macro v0.3.31
#21 3.089   Downloaded base64ct v1.6.0
#21 3.093   Downloaded openssl-macros v0.1.1
#21 3.095   Downloaded heck v0.5.0
#21 3.099   Downloaded urlencoding v2.1.3
#21 3.102   Downloaded tower-sessions-memory-store v0.13.0
#21 3.106   Downloaded itoa v1.0.14
#21 3.114   Downloaded zerofrom v0.1.5
#21 3.116   Downloaded iana-time-zone v0.1.61
#21 3.121   Downloaded httparse v1.9.5
#21 3.126   Downloaded litemap v0.7.4
#21 3.131   Downloaded password-auth v1.0.0
#21 3.133   Downloaded time-core v0.1.2
#21 3.135   Downloaded tinyvec_macros v0.1.1
#21 3.136   Downloaded icu_locid_transform_data v1.5.0
#21 3.139   Downloaded rust-embed-utils v8.5.0
#21 3.141   Downloaded utf16_iter v1.0.5
#21 3.143   Downloaded paste v1.0.15
#21 3.147   Downloaded icu_normalizer_data v1.5.0
#21 3.151   Downloaded ryu v1.0.18
#21 3.156   Downloaded thiserror v2.0.6
#21 3.165   Downloaded sharded-slab v0.1.7
#21 3.170   Downloaded signature v2.2.0
#21 3.175   Downloaded libm v0.2.11
#21 3.194   Downloaded sqlformat v0.2.6
#21 3.200   Downloaded slab v0.4.9
#21 3.204   Downloaded signal-hook-registry v1.4.2
#21 3.207   Downloaded sqlx-macros v0.8.2
#21 3.208   Downloaded shlex v1.3.0
#21 3.211   Downloaded serde_path_to_error v0.1.16
#21 3.214   Downloaded sqlx-macros-core v0.8.2
#21 3.221   Downloaded serde_urlencoded v0.7.1
#21 3.226   Downloaded sqlx-mysql v0.8.2
#21 3.237   Downloaded pkcs1 v0.7.5
#21 3.241   Downloaded thiserror-impl v2.0.6
#21 3.243   Downloaded rustversion v1.0.18
#21 3.247   Downloaded sqlx-sqlite v0.8.2
#21 3.257   Downloaded thiserror v1.0.69
#21 3.266   Downloaded tokio-tungstenite v0.24.0
#21 3.270   Downloaded scopeguard v1.2.0
#21 3.273   Downloaded synstructure v0.13.1
#21 3.275   Downloaded serde v1.0.216
#21 3.281   Downloaded log v0.4.22
#21 3.285   Downloaded semver v1.0.23
#21 3.289   Downloaded unicode-bidi v0.3.17
#21 3.293   Downloaded tracing-core v0.1.33
#21 3.298   Downloaded same-file v1.0.6
#21 3.300   Downloaded tempfile v3.14.0
#21 3.306   Downloaded num-traits v0.2.19
#21 3.312   Downloaded pin-project-lite v0.2.15
#21 3.323   Downloaded tracing v0.1.41
#21 3.329   Downloaded unicode_categories v0.1.1
#21 3.332   Downloaded openssl-sys v0.9.104
#21 3.339   Downloaded rsa v0.9.7
#21 3.348   Downloaded rand v0.8.5
#21 3.354   Downloaded mio v1.0.3
#21 3.362   Downloaded tower v0.5.2
#21 3.378   Downloaded minimal-lexical v0.2.1
#21 3.385   Downloaded regex-automata v0.1.10
#21 3.392   Downloaded unicode-normalization v0.1.24
#21 3.398   Downloaded zerovec v0.10.4
#21 3.406   Downloaded tower-http v0.6.2
#21 3.418   Downloaded zerocopy v0.7.35
#21 3.442   Downloaded serde_json v1.0.133
#21 3.452   Downloaded tracing-subscriber v0.3.19
#21 3.464   Downloaded opencv-binding-generator v0.93.0
#21 3.481   Downloaded vcpkg v0.2.15
#21 3.543   Downloaded regex v1.11.1
#21 3.563   Downloaded num-bigint-dig v0.8.4
#21 3.570   Downloaded syn v2.0.90
#21 3.583   Downloaded regex-syntax v0.6.29
#21 3.591   Downloaded openssl v0.10.68
#21 3.604   Downloaded nom v7.1.3
#21 3.612   Downloaded regex-syntax v0.8.5
#21 3.621   Downloaded rustix v0.38.42
#21 3.657   Downloaded tokio-util v0.7.13
#21 3.667   Downloaded memchr v2.7.4
#21 3.675   Downloaded url v2.5.4
#21 3.678   Downloaded tungstenite v0.24.0
#21 3.683   Downloaded tokio-stream v0.1.17
#21 3.689   Downloaded libc v0.2.168
#21 3.728   Downloaded sha1 v0.10.6
#21 3.731   Downloaded quote v1.0.37
#21 3.735   Downloaded proc-macro2 v1.0.92
#21 3.740   Downloaded parking_lot_core v0.9.10
#21 3.743   Downloaded parking_lot v0.12.3
#21 3.746   Downloaded once_cell v1.20.2
#21 3.750   Downloaded native-tls v0.2.12
#21 3.753   Downloaded matchit v0.7.3
#21 3.757   Downloaded regex-automata v0.4.9
#21 3.777   Downloaded unicode-properties v0.1.3
#21 3.780   Downloaded unicode-ident v1.0.14
#21 3.785   Downloaded typenum v1.17.0
#21 3.788   Downloaded tower-sessions v0.13.0
#21 3.792   Downloaded tokio-macros v2.4.0
#21 3.794   Downloaded tokio v1.42.0
#21 3.845   Downloaded serde_derive v1.0.216
#21 3.848   Downloaded thiserror-impl v1.0.69
#21 3.850   Downloaded rmp-serde v1.3.0
#21 3.853   Downloaded rmp v0.8.14
#21 3.858   Downloaded yoke v0.7.5
#21 3.861   Downloaded mime_guess v2.0.5
#21 3.863   Downloaded linux-raw-sys v0.4.14
#21 3.910   Downloaded md-5 v0.10.6
#21 3.913   Downloaded rust-embed v8.5.0
#21 3.923   Downloaded whoami v1.5.2
#21 3.926   Downloaded socket2 v0.5.8
#21 3.929   Downloaded rand_chacha v0.3.1
#21 3.931   Downloaded pkcs8 v0.10.2
#21 3.935   Downloaded pem-rfc7468 v0.7.0
#21 3.939   Downloaded zerocopy-derive v0.7.35
#21 3.947   Downloaded tracing-attributes v0.1.28
#21 3.951   Downloaded tinyvec v1.8.0
#21 3.955   Downloaded sha2 v0.10.8
#21 3.959   Downloaded spin v0.9.8
#21 3.962   Downloaded stringprep v0.1.5
#21 3.965   Downloaded time v0.3.37
#21 3.975   Downloaded password-hash v0.5.0
#21 3.977   Downloaded spki v0.7.3
#21 3.980   Downloaded unicase v2.8.0
#21 3.982   Downloaded thread_local v1.1.8
#21 3.984   Downloaded parking v2.2.1
#21 3.986   Downloaded sync_wrapper v1.0.2
#21 3.987   Downloaded subtle v2.6.1
#21 3.989   Downloaded time-macros v0.2.19
#21 3.992   Downloaded sqlx-core v0.8.2
#21 4.003   Downloaded stable_deref_trait v1.2.0
#21 4.005   Downloaded tinystr v0.7.6
#21 4.007   Downloaded axum-embed v0.1.0
#21 4.016   Downloaded sqlx-postgres v0.8.2
#21 4.026   Downloaded sqlx v0.8.2
#21 4.047   Downloaded num-integer v0.1.46
#21 4.049   Downloaded mime v0.3.17
#21 4.051   Downloaded zerovec-derive v0.10.3
#21 4.054   Downloaded yoke-derive v0.7.5
#21 4.056   Downloaded walkdir v2.5.0
#21 4.059   Downloaded icu_properties_data v1.5.0
#21 4.071   Downloaded hyper v1.5.1
#21 4.079   Downloaded hkdf v0.12.4
#21 4.083   Downloaded futures-util v0.3.31
#21 4.098   Downloaded opencv v0.93.5
#21 4.144   Downloaded chrono v0.4.39
#21 4.154   Downloaded ppv-lite86 v0.2.20
#21 4.156   Downloaded pin-utils v0.1.0
#21 4.158   Downloaded idna v1.0.3
#21 4.164   Downloaded hashbrown v0.15.2
#21 4.172   Downloaded hashbrown v0.14.5
#21 4.179   Downloaded axum v0.7.9
#21 4.190   Downloaded rand_core v0.6.4
#21 4.192   Downloaded writeable v0.5.5
#21 4.195   Downloaded tower-sessions-core v0.13.0
#21 4.196   Downloaded http v1.2.0
#21 4.202   Downloaded pkg-config v0.3.31
#21 4.204   Downloaded num-iter v0.1.45
#21 4.205   Downloaded zeroize v1.8.1
#21 4.207   Downloaded utf-8 v0.7.6
#21 4.209   Downloaded indexmap v2.7.0
#21 4.215   Downloaded futures-intrusive v0.5.0
#21 4.222   Downloaded cc v1.2.3
#21 4.227   Downloaded smallvec v1.13.2
#21 4.230   Downloaded icu_collections v1.5.0
#21 4.238   Downloaded hyper-util v0.1.10
#21 4.245   Downloaded aho-corasick v1.1.3
#21 4.253   Downloaded powerfmt v0.2.0
#21 4.255   Downloaded percent-encoding v2.3.1
#21 4.256   Downloaded flume v0.11.1
#21 4.262   Downloaded der v0.7.9
#21 4.271   Downloaded icu_normalizer v1.5.0
#21 4.277   Downloaded base64 v0.22.1
#21 4.285   Downloaded zerofrom-derive v0.1.5
#21 4.286   Downloaded lock_api v0.4.12
#21 4.288   Downloaded icu_properties v1.5.1
#21 4.292   Downloaded tower-sessions-sqlx-store v0.14.2
#21 4.294   Downloaded tokio-native-tls v0.3.1
#21 4.297   Downloaded icu_locid v1.5.0
#21 4.306   Downloaded hmac v0.12.1
#21 4.308   Downloaded clang v2.0.0
#21 4.312   Downloaded bytes v1.9.0
#21 4.318   Downloaded tower-cookies v0.10.0
#21 4.320   Downloaded cookie v0.18.1
#21 4.324   Downloaded icu_provider v1.5.0
#21 4.327   Downloaded utf8_iter v1.0.4
#21 4.329   Downloaded tower-service v0.3.3
#21 4.330   Downloaded event-listener v5.3.1
#21 4.333   Downloaded jobserver v0.1.32
#21 4.336   Downloaded icu_locid_transform v1.5.0
#21 4.339   Downloaded futures-channel v0.3.31
#21 4.342   Downloaded futures v0.3.31
#21 4.347   Downloaded const-oid v0.9.6
#21 4.350   Downloaded getrandom v0.2.15
#21 4.354   Downloaded blake2 v0.10.6
#21 4.357   Downloaded bitflags v2.6.0
#21 4.362   Downloaded ahash v0.8.11
#21 4.365   Downloaded hashlink v0.9.1
#21 4.368   Downloaded fnv v1.0.7
#21 4.369   Downloaded displaydoc v0.2.5
#21 4.373   Downloaded crossbeam-utils v0.8.20
#21 4.377   Downloaded clang-sys v1.8.1
#21 4.380   Downloaded idna_adapter v1.2.0
#21 4.381   Downloaded http-range-header v0.4.2
#21 4.383   Downloaded lazy_static v1.5.0
#21 4.385   Downloaded httpdate v1.0.3
#21 4.387   Downloaded http-body-util v0.1.2
#21 4.390   Downloaded home v0.5.9
#21 4.391   Downloaded hex v0.4.3
#21 4.394   Downloaded generic-array v0.14.7
#21 4.396   Downloaded futures-sink v0.3.31
#21 4.397   Downloaded async-trait v0.1.83
#21 4.402   Downloaded argon2 v0.5.3
#21 4.404   Downloaded futures-executor v0.3.31
#21 4.406   Downloaded either v1.13.0
#21 4.408   Downloaded dunce v1.0.5
#21 4.409   Downloaded errno v0.3.10
#21 4.411   Downloaded dotenvy v0.15.7
#21 4.414   Downloaded digest v0.10.7
#21 4.416   Downloaded data-encoding v2.6.0
#21 4.418   Downloaded crypto-common v0.1.6
#21 4.419   Downloaded crossbeam-queue v0.3.11
#21 4.421   Downloaded crc v3.2.1
#21 4.425   Downloaded crc-catalog v2.4.0
#21 4.427   Downloaded concurrent-queue v2.5.0
#21 4.429   Downloaded byteorder v1.5.0
#21 4.431   Downloaded block-buffer v0.10.4
#21 4.433   Downloaded axum-login v0.16.0
#21 4.436   Downloaded libsqlite3-sys v0.30.1
#21 4.651    Compiling proc-macro2 v1.0.92
#21 4.651    Compiling unicode-ident v1.0.14
#21 4.651    Compiling autocfg v1.4.0
#21 4.654    Compiling libc v0.2.168
#21 4.655    Compiling cfg-if v1.0.0
#21 4.655    Compiling version_check v0.9.5
#21 4.656    Compiling memchr v2.7.4
#21 4.657    Compiling futures-core v0.3.31
#21 4.660    Compiling pin-project-lite v0.2.15
#21 4.663    Compiling typenum v1.17.0
#21 4.663    Compiling itoa v1.0.14
#21 4.670    Compiling bytes v1.9.0
#21 4.673    Compiling futures-task v0.3.31
#21 4.674    Compiling pin-utils v0.1.0
#21 4.678    Compiling futures-io v0.3.31
#21 4.678    Compiling once_cell v1.20.2
#21 4.704    Compiling serde v1.0.216
#21 4.736    Compiling cpufeatures v0.2.16
#21 4.737    Compiling stable_deref_trait v1.2.0
#21 4.745    Compiling futures-sink v0.3.31
#21 4.800    Compiling percent-encoding v2.3.1
#21 4.829    Compiling scopeguard v1.2.0
#21 4.829    Compiling byteorder v1.5.0
#21 4.834    Compiling subtle v2.6.1
#21 4.838    Compiling writeable v0.5.5
#21 4.846    Compiling litemap v0.7.4
#21 4.860    Compiling parking_lot_core v0.9.10
#21 4.893    Compiling smallvec v1.13.2
#21 4.947    Compiling powerfmt v0.2.0
#21 5.016    Compiling log v0.4.22
#21 5.026    Compiling icu_locid_transform_data v1.5.0
#21 5.062    Compiling generic-array v0.14.7
#21 5.117    Compiling time-core v0.1.2
#21 5.122    Compiling fnv v1.0.7
#21 5.139    Compiling icu_properties_data v1.5.0
#21 5.177    Compiling thiserror v1.0.69
#21 5.219    Compiling ryu v1.0.18
#21 5.227    Compiling num-conv v0.1.0
#21 5.237    Compiling icu_normalizer_data v1.5.0
#21 5.264    Compiling utf8_iter v1.0.4
#21 5.289    Compiling serde_json v1.0.133
#21 5.290    Compiling slab v0.4.9
#21 5.307    Compiling http v1.2.0
#21 5.314    Compiling write16 v1.0.0
#21 5.315    Compiling utf16_iter v1.0.5
#21 5.362    Compiling lock_api v0.4.12
#21 5.387    Compiling time-macros v0.2.19
#21 5.400    Compiling ahash v0.8.11
#21 5.431    Compiling tracing-core v0.1.33
#21 5.441    Compiling form_urlencoded v1.2.1
#21 5.452    Compiling shlex v1.3.0
#21 5.597    Compiling crossbeam-utils v0.8.20
#21 5.604    Compiling num-traits v0.2.19
#21 5.644    Compiling futures-channel v0.3.31
#21 5.685    Compiling vcpkg v0.2.15
#21 5.723    Compiling paste v1.0.15
#21 5.754    Compiling tower-service v0.3.3
#21 5.771    Compiling allocator-api2 v0.2.21
#21 5.816    Compiling pkg-config v0.3.31
#21 5.909    Compiling quote v1.0.37
#21 5.926    Compiling mime v0.3.17
#21 6.006    Compiling rustversion v1.0.18
#21 6.026    Compiling tower-layer v0.3.3
#21 6.144    Compiling syn v2.0.90
#21 6.157    Compiling socket2 v0.5.8
#21 6.175    Compiling mio v1.0.3
#21 6.217    Compiling signal-hook-registry v1.4.2
#21 6.219    Compiling getrandom v0.2.15
#21 6.239    Compiling jobserver v0.1.32
#21 6.362    Compiling http-body v1.0.1
#21 6.465    Compiling rand_core v0.6.4
#21 6.491    Compiling cc v1.2.3
#21 6.658    Compiling sync_wrapper v1.0.2
#21 6.725    Compiling minimal-lexical v0.2.1
#21 6.729    Compiling concurrent-queue v2.5.0
#21 6.803    Compiling unicode_categories v0.1.1
#21 6.833    Compiling zerocopy v0.7.35
#21 6.898    Compiling equivalent v1.0.1
#21 6.920    Compiling hashbrown v0.15.2
#21 6.955    Compiling parking v2.2.1
#21 6.982    Compiling crc-catalog v2.4.0
#21 7.003    Compiling crossbeam-queue v0.3.11
#21 7.045    Compiling nom v7.1.3
#21 7.067    Compiling crc v3.2.1
#21 7.080    Compiling event-listener v5.3.1
#21 7.116    Compiling glob v0.3.1
#21 7.165    Compiling hex v0.4.3
#21 7.183    Compiling httparse v1.9.5
#21 7.243    Compiling block-buffer v0.10.4
#21 7.256    Compiling crypto-common v0.1.6
#21 7.364    Compiling digest v0.10.7
#21 7.449    Compiling base64 v0.22.1
#21 7.543    Compiling hashbrown v0.14.5
#21 7.549    Compiling parking_lot v0.12.3
#21 7.566    Compiling futures-util v0.3.31
#21 7.604    Compiling sha2 v0.10.8
#21 7.618    Compiling tokio v1.42.0
#21 7.627    Compiling clang-sys v1.8.1
#21 7.697    Compiling indexmap v2.7.0
#21 7.740    Compiling deranged v0.3.11
#21 7.752    Compiling rustix v0.38.42
#21 8.036    Compiling futures-intrusive v0.5.0
#21 8.222    Compiling spin v0.9.8
#21 8.319    Compiling aho-corasick v1.1.3
#21 8.322    Compiling linux-raw-sys v0.4.14
#21 8.420    Compiling hashlink v0.9.1
#21 8.434    Compiling same-file v1.0.6
#21 8.457    Compiling regex-syntax v0.8.5
#21 8.523    Compiling atoi v2.0.0
#21 8.583    Compiling bitflags v2.6.0
#21 8.587    Compiling walkdir v2.5.0
#21 8.617    Compiling time v0.3.37
#21 8.636    Compiling flume v0.11.1
#21 8.706    Compiling cookie v0.18.1
#21 8.788    Compiling semver v1.0.23
#21 8.827    Compiling fastrand v2.3.0
#21 8.833    Compiling httpdate v1.0.3
#21 9.014    Compiling unicase v2.8.0
#21 9.053    Compiling sha1 v0.10.6
#21 9.080    Compiling hmac v0.12.1
#21 9.118    Compiling dotenvy v0.15.7
#21 9.134    Compiling libsqlite3-sys v0.30.1
#21 9.188    Compiling clang v2.0.0
#21 9.213    Compiling dunce v1.0.5
#21 9.219    Compiling utf-8 v0.7.6
#21 9.241    Compiling mime_guess v2.0.5
#21 9.299    Compiling data-encoding v2.6.0
#21 9.308    Compiling heck v0.5.0
#21 9.430    Compiling sqlformat v0.2.6
#21 9.526    Compiling rust-embed-utils v8.5.0
#21 9.552    Compiling regex-syntax v0.6.29
#21 9.616    Compiling base64ct v1.6.0
#21 9.987    Compiling password-hash v0.5.0
#21 10.04    Compiling blake2 v0.10.6
#21 10.63    Compiling rmp v0.8.14
#21 10.96    Compiling matchit v0.7.3
#21 10.98    Compiling thiserror v2.0.6
#21 11.03    Compiling lazy_static v1.5.0
#21 11.04    Compiling iana-time-zone v0.1.61
#21 11.16    Compiling sharded-slab v0.1.7
#21 11.21    Compiling argon2 v0.5.3
#21 11.39    Compiling regex-automata v0.4.9
#21 11.43    Compiling tempfile v3.14.0
#21 11.51    Compiling futures-executor v0.3.31
#21 11.61    Compiling chrono v0.4.39
#21 11.63    Compiling thread_local v1.1.8
#21 11.92    Compiling http-range-header v0.4.2
#21 11.99    Compiling urlencoding v2.1.3
#21 12.01    Compiling oko v0.1.2 (/root/oko/backend)
#21 12.17    Compiling synstructure v0.13.1
#21 12.25    Compiling password-auth v1.0.0
#21 12.26    Compiling regex-automata v0.1.10
#21 13.17    Compiling tokio-stream v0.1.17
#21 13.32    Compiling matchers v0.1.0
#21 13.39    Compiling serde_derive v1.0.216
#21 13.39    Compiling zerofrom-derive v0.1.5
#21 13.44    Compiling yoke-derive v0.7.5
#21 13.44    Compiling zerovec-derive v0.10.3
#21 13.49    Compiling displaydoc v0.2.5
#21 13.49    Compiling futures-macro v0.3.31
#21 13.51    Compiling zerocopy-derive v0.7.35
#21 13.60    Compiling icu_provider_macros v1.5.0
#21 13.77    Compiling tokio-macros v2.4.0
#21 13.88    Compiling thiserror-impl v1.0.69
#21 14.13    Compiling tracing-attributes v0.1.28
#21 14.41    Compiling async-trait v0.1.83
#21 14.60    Compiling rust-embed-impl v8.5.0
#21 14.88    Compiling regex v1.11.1
#21 15.40    Compiling opencv-binding-generator v0.93.0
#21 15.51    Compiling thiserror-impl v2.0.6
#21 15.69    Compiling zerofrom v0.1.5
#21 15.79    Compiling yoke v0.7.5
#21 15.84    Compiling rust-embed v8.5.0
#21 15.91    Compiling ppv-lite86 v0.2.20
#21 16.00    Compiling zerovec v0.10.4
#21 16.38    Compiling rand_chacha v0.3.1
#21 16.40    Compiling tracing v0.1.41
#21 16.58    Compiling tracing-subscriber v0.3.19
#21 16.59    Compiling rand v0.8.5
#21 17.02    Compiling tinystr v0.7.6
#21 17.02    Compiling icu_collections v1.5.0
#21 17.14    Compiling icu_locid v1.5.0
#21 17.21    Compiling tungstenite v0.24.0
#21 17.68    Compiling icu_provider v1.5.0
#21 18.00    Compiling icu_locid_transform v1.5.0
#21 18.06    Compiling http-body-util v0.1.2
#21 18.06    Compiling futures v0.3.31
#21 18.29    Compiling axum-core v0.4.5
#21 18.66    Compiling icu_properties v1.5.1
#21 19.04    Compiling opencv v0.93.5
#21 19.53    Compiling hyper v1.5.1
#21 19.53    Compiling tokio-tungstenite v0.24.0
#21 19.53    Compiling tower v0.5.2
#21 19.53    Compiling tokio-util v0.7.13
#21 19.71    Compiling either v1.13.0
#21 19.94    Compiling serde_urlencoded v0.7.1
#21 20.14    Compiling serde_path_to_error v0.1.16
#21 20.23    Compiling rmp-serde v1.3.0
#21 20.26    Compiling tower-http v0.6.2
#21 20.57    Compiling icu_normalizer v1.5.0
#21 20.60    Compiling hyper-util v0.1.10
#21 20.62    Compiling axum-embed v0.1.0
#21 21.05    Compiling axum v0.7.9
#21 21.15    Compiling idna_adapter v1.2.0
#21 21.25    Compiling idna v1.0.3
#21 21.55    Compiling url v2.5.4
#21 21.93    Compiling sqlx-core v0.8.2
#21 22.51    Compiling tower-sessions-core v0.13.0
#21 22.82    Compiling tower-cookies v0.10.0
#21 23.23    Compiling tower-sessions-memory-store v0.13.0
#21 23.32    Compiling tower-sessions v0.13.0
#21 24.10    Compiling sqlx-sqlite v0.8.2
#21 24.72    Compiling axum-login v0.16.0
#21 25.54    Compiling sqlx-macros-core v0.8.2
#21 26.59    Compiling sqlx-macros v0.8.2
#21 28.24    Compiling sqlx v0.8.2
#21 28.31    Compiling tower-sessions-sqlx-store v0.14.2
#21 45.48     Finished `dev` profile [unoptimized + debuginfo] target(s) in 44.90s
#21 DONE 46.0s

#22 [test  9/11] RUN set -xeu &&     DEBIAN_FRONTEND=noninteractive apt-get install -y libasound2 libatk-bridge2.0-0 libatk1.0-0 	libatspi2.0-0 libcairo2 libcups2 libdbus-1-3 libdrm2 libgbm1 libglib2.0-0 libnspr4 libnss3 	libpango-1.0-0 libwayland-client0 libx11-6 libxcb1 libxcomposite1 libxdamage1 libxext6 	libxfixes3 libxkbcommon0 libxrandr2 	pkg-config libssl-dev
#22 0.339 + DEBIAN_FRONTEND=noninteractive apt-get install -y libasound2 libatk-bridge2.0-0 libatk1.0-0 libatspi2.0-0 libcairo2 libcups2 libdbus-1-3 libdrm2 libgbm1 libglib2.0-0 libnspr4 libnss3 libpango-1.0-0 libwayland-client0 libx11-6 libxcb1 libxcomposite1 libxdamage1 libxext6 libxfixes3 libxkbcommon0 libxrandr2 pkg-config libssl-dev
#22 0.383 Reading package lists...
#22 1.140 Building dependency tree...
#22 1.317 Reading state information...
#22 1.490 libcairo2 is already the newest version (1.16.0-5ubuntu2).
#22 1.490 libcairo2 set to manually installed.
#22 1.490 libxcb1 is already the newest version (1.14-3ubuntu3).
#22 1.490 libxcb1 set to manually installed.
#22 1.490 libxext6 is already the newest version (2:1.3.4-1build1).
#22 1.490 libxext6 set to manually installed.
#22 1.490 libxfixes3 is already the newest version (1:6.0.0-1).
#22 1.490 libxfixes3 set to manually installed.
#22 1.490 libdrm2 is already the newest version (2.4.113-2~ubuntu0.22.04.1).
#22 1.490 libdrm2 set to manually installed.
#22 1.490 libglib2.0-0 is already the newest version (2.72.4-0ubuntu2.4).
#22 1.490 libglib2.0-0 set to manually installed.
#22 1.490 libpango-1.0-0 is already the newest version (1.50.6+ds-2ubuntu1).
#22 1.490 libpango-1.0-0 set to manually installed.
#22 1.490 libx11-6 is already the newest version (2:1.7.5-1ubuntu0.3).
#22 1.490 libx11-6 set to manually installed.
#22 1.490 The following additional packages will be installed:
#22 1.490   alsa-topology-conf alsa-ucm-conf at-spi2-core bzip2 dbus dbus-user-session
#22 1.490   dconf-gsettings-backend dconf-service dmsetup gir1.2-glib-2.0
#22 1.490   gsettings-desktop-schemas libapparmor1 libargon2-1 libasound2-data
#22 1.490   libatk1.0-data libavahi-client3 libavahi-common-data libavahi-common3
#22 1.490   libcryptsetup12 libdconf1 libdevmapper1.02.1 libdpkg-perl
#22 1.490   libfile-fcntllock-perl libgdbm-compat4 libgdbm6 libgirepository-1.0-1
#22 1.490   libip4tc2 libjson-c5 libkmod2 liblocale-gettext-perl libnss-systemd
#22 1.490   libpam-systemd libperl5.34 libwayland-server0 libxcb-randr0 libxi6 libxtst6
#22 1.491   netbase networkd-dispatcher perl perl-modules-5.34 python3-dbus python3-gi
#22 1.491   session-migration systemd systemd-sysv systemd-timesyncd x11-common xkb-data
#22 1.491   xz-utils
#22 1.492 Suggested packages:
#22 1.492   bzip2-doc libasound2-plugins alsa-utils cups-common debian-keyring gnupg
#22 1.492   patch git bzr gdbm-l10n libssl-doc iw | wireless-tools perl-doc
#22 1.492   libterm-readline-gnu-perl | libterm-readline-perl-perl
#22 1.492   libtap-harness-archive-perl dpkg-dev python-dbus-doc systemd-container
#22 1.492   libfido2-1 libtss2-esys-3.0.2-0 libtss2-mu0 libtss2-rc0 policykit-1
#22 1.569 The following NEW packages will be installed:
#22 1.569   alsa-topology-conf alsa-ucm-conf at-spi2-core bzip2 dbus dbus-user-session
#22 1.569   dconf-gsettings-backend dconf-service dmsetup gir1.2-glib-2.0
#22 1.569   gsettings-desktop-schemas libapparmor1 libargon2-1 libasound2
#22 1.569   libasound2-data libatk-bridge2.0-0 libatk1.0-0 libatk1.0-data libatspi2.0-0
#22 1.569   libavahi-client3 libavahi-common-data libavahi-common3 libcryptsetup12
#22 1.569   libcups2 libdbus-1-3 libdconf1 libdevmapper1.02.1 libdpkg-perl
#22 1.569   libfile-fcntllock-perl libgbm1 libgdbm-compat4 libgdbm6
#22 1.569   libgirepository-1.0-1 libip4tc2 libjson-c5 libkmod2 liblocale-gettext-perl
#22 1.570   libnspr4 libnss-systemd libnss3 libpam-systemd libperl5.34 libssl-dev
#22 1.570   libwayland-client0 libwayland-server0 libxcb-randr0 libxcomposite1
#22 1.570   libxdamage1 libxi6 libxkbcommon0 libxrandr2 libxtst6 netbase
#22 1.570   networkd-dispatcher perl perl-modules-5.34 pkg-config python3-dbus
#22 1.570   python3-gi session-migration systemd systemd-sysv systemd-timesyncd
#22 1.570   x11-common xkb-data xz-utils
#22 1.846 0 upgraded, 66 newly installed, 0 to remove and 0 not upgraded.
#22 1.846 Need to get 20.8 MB of archives.
#22 1.846 After this operation, 103 MB of additional disk space will be used.
#22 1.846 Get:1 http://archive.ubuntu.com/ubuntu jammy/main amd64 liblocale-gettext-perl amd64 1.07-4build3 [17.1 kB]
#22 2.070 Get:2 http://archive.ubuntu.com/ubuntu jammy-updates/main amd64 libapparmor1 amd64 3.0.4-2ubuntu2.4 [39.7 kB]
#22 2.196 Get:3 http://archive.ubuntu.com/ubuntu jammy/main amd64 libargon2-1 amd64 0~20171227-0.3 [19.5 kB]
#22 2.249 Get:4 http://archive.ubuntu.com/ubuntu jammy/main amd64 libdevmapper1.02.1 amd64 2:1.02.175-2.1ubuntu4 [139 kB]
#22 2.422 Get:5 http://archive.ubuntu.com/ubuntu jammy-updates/main amd64 libjson-c5 amd64 0.15-3~ubuntu1.22.04.2 [33.5 kB]
#22 2.445 Get:6 http://archive.ubuntu.com/ubuntu jammy-updates/main amd64 libcryptsetup12 amd64 2:2.4.3-1ubuntu1.2 [211 kB]
#22 2.541 Get:7 http://archive.ubuntu.com/ubuntu jammy-updates/main amd64 libip4tc2 amd64 1.8.7-1ubuntu5.2 [19.9 kB]
#22 2.548 Get:8 http://archive.ubuntu.com/ubuntu jammy/main amd64 libkmod2 amd64 29-1ubuntu1 [48.0 kB]
#22 2.564 Get:9 http://archive.ubuntu.com/ubuntu jammy-updates/main amd64 systemd amd64 249.11-0ubuntu3.12 [4581 kB]
#22 2.963 Get:10 http://archive.ubuntu.com/ubuntu jammy-updates/main amd64 systemd-sysv amd64 249.11-0ubuntu3.12 [10.5 kB]
#22 2.963 Get:11 http://archive.ubuntu.com/ubuntu jammy-updates/main amd64 perl-modules-5.34 all 5.34.0-3ubuntu1.3 [2976 kB]
#22 3.040 Get:12 http://archive.ubuntu.com/ubuntu jammy/main amd64 libgdbm6 amd64 1.23-1 [33.9 kB]
#22 3.041 Get:13 http://archive.ubuntu.com/ubuntu jammy/main amd64 libgdbm-compat4 amd64 1.23-1 [6606 B]
#22 3.042 Get:14 http://archive.ubuntu.com/ubuntu jammy-updates/main amd64 libperl5.34 amd64 5.34.0-3ubuntu1.3 [4820 kB]
#22 3.123 Get:15 http://archive.ubuntu.com/ubuntu jammy-updates/main amd64 perl amd64 5.34.0-3ubuntu1.3 [232 kB]
#22 3.125 Get:16 http://archive.ubuntu.com/ubuntu jammy-updates/main amd64 libdbus-1-3 amd64 1.12.20-2ubuntu4.1 [189 kB]
#22 3.131 Get:17 http://archive.ubuntu.com/ubuntu jammy-updates/main amd64 dbus amd64 1.12.20-2ubuntu4.1 [158 kB]
#22 3.133 Get:18 http://archive.ubuntu.com/ubuntu jammy/main amd64 dmsetup amd64 2:1.02.175-2.1ubuntu4 [81.7 kB]
#22 3.135 Get:19 http://archive.ubuntu.com/ubuntu jammy/main amd64 libgirepository-1.0-1 amd64 1.72.0-1 [55.6 kB]
#22 3.136 Get:20 http://archive.ubuntu.com/ubuntu jammy/main amd64 gir1.2-glib-2.0 amd64 1.72.0-1 [164 kB]
#22 3.152 Get:21 http://archive.ubuntu.com/ubuntu jammy-updates/main amd64 libnss-systemd amd64 249.11-0ubuntu3.12 [133 kB]
#22 3.154 Get:22 http://archive.ubuntu.com/ubuntu jammy-updates/main amd64 libpam-systemd amd64 249.11-0ubuntu3.12 [203 kB]
#22 3.157 Get:23 http://archive.ubuntu.com/ubuntu jammy/main amd64 netbase all 6.3 [12.9 kB]
#22 3.236 Get:24 http://archive.ubuntu.com/ubuntu jammy/main amd64 python3-dbus amd64 1.2.18-3build1 [99.5 kB]
#22 3.238 Get:25 http://archive.ubuntu.com/ubuntu jammy-updates/main amd64 python3-gi amd64 3.42.1-0ubuntu1 [229 kB]
#22 3.242 Get:26 http://archive.ubuntu.com/ubuntu jammy-updates/main amd64 networkd-dispatcher all 2.1-2ubuntu0.22.04.2 [15.8 kB]
#22 3.243 Get:27 http://archive.ubuntu.com/ubuntu jammy-updates/main amd64 systemd-timesyncd amd64 249.11-0ubuntu3.12 [31.2 kB]
#22 3.247 Get:28 http://archive.ubuntu.com/ubuntu jammy/main amd64 xkb-data all 2.33-1 [394 kB]
#22 3.254 Get:29 http://archive.ubuntu.com/ubuntu jammy/main amd64 xz-utils amd64 5.2.5-2ubuntu1 [84.8 kB]
#22 3.256 Get:30 http://archive.ubuntu.com/ubuntu jammy/main amd64 alsa-topology-conf all 1.2.5.1-2 [15.5 kB]
#22 3.270 Get:31 http://archive.ubuntu.com/ubuntu jammy/main amd64 libasound2-data all 1.2.6.1-1ubuntu1 [19.1 kB]
#22 3.271 Get:32 http://archive.ubuntu.com/ubuntu jammy/main amd64 libasound2 amd64 1.2.6.1-1ubuntu1 [390 kB]
#22 3.277 Get:33 http://archive.ubuntu.com/ubuntu jammy-updates/main amd64 alsa-ucm-conf all 1.2.6.3-1ubuntu1.12 [43.5 kB]
#22 3.354 Get:34 http://archive.ubuntu.com/ubuntu jammy/main amd64 libxi6 amd64 2:1.8-1build1 [32.6 kB]
#22 3.354 Get:35 http://archive.ubuntu.com/ubuntu jammy/main amd64 libatspi2.0-0 amd64 2.44.0-3 [80.9 kB]
#22 3.359 Get:36 http://archive.ubuntu.com/ubuntu jammy/main amd64 x11-common all 1:7.7+23ubuntu2 [23.4 kB]
#22 3.359 Get:37 http://archive.ubuntu.com/ubuntu jammy/main amd64 libxtst6 amd64 2:1.2.3-1build4 [13.4 kB]
#22 3.363 Get:38 http://archive.ubuntu.com/ubuntu jammy-updates/main amd64 dbus-user-session amd64 1.12.20-2ubuntu4.1 [9442 B]
#22 3.363 Get:39 http://archive.ubuntu.com/ubuntu jammy/main amd64 libdconf1 amd64 0.40.0-3 [40.5 kB]
#22 3.364 Get:40 http://archive.ubuntu.com/ubuntu jammy/main amd64 dconf-service amd64 0.40.0-3 [28.5 kB]
#22 3.383 Get:41 http://archive.ubuntu.com/ubuntu jammy/main amd64 dconf-gsettings-backend amd64 0.40.0-3 [22.8 kB]
#22 3.389 Get:42 http://archive.ubuntu.com/ubuntu jammy/main amd64 session-migration amd64 0.3.6 [9774 B]
#22 3.389 Get:43 http://archive.ubuntu.com/ubuntu jammy/main amd64 gsettings-desktop-schemas all 42.0-1ubuntu1 [31.1 kB]
#22 3.464 Get:44 http://archive.ubuntu.com/ubuntu jammy/main amd64 at-spi2-core amd64 2.44.0-3 [54.4 kB]
#22 3.470 Get:45 http://archive.ubuntu.com/ubuntu jammy/main amd64 bzip2 amd64 1.0.8-5build1 [34.8 kB]
#22 3.470 Get:46 http://archive.ubuntu.com/ubuntu jammy/main amd64 libatk1.0-data all 2.36.0-3build1 [2824 B]
#22 3.471 Get:47 http://archive.ubuntu.com/ubuntu jammy/main amd64 libatk1.0-0 amd64 2.36.0-3build1 [51.9 kB]
#22 3.476 Get:48 http://archive.ubuntu.com/ubuntu jammy/main amd64 libatk-bridge2.0-0 amd64 2.38.0-3 [66.6 kB]
#22 3.478 Get:49 http://archive.ubuntu.com/ubuntu jammy-updates/main amd64 libavahi-common-data amd64 0.8-5ubuntu5.2 [23.8 kB]
#22 3.478 Get:50 http://archive.ubuntu.com/ubuntu jammy-updates/main amd64 libavahi-common3 amd64 0.8-5ubuntu5.2 [23.9 kB]
#22 3.494 Get:51 http://archive.ubuntu.com/ubuntu jammy-updates/main amd64 libavahi-client3 amd64 0.8-5ubuntu5.2 [28.0 kB]
#22 3.500 Get:52 http://archive.ubuntu.com/ubuntu jammy-updates/main amd64 libcups2 amd64 2.4.1op1-1ubuntu4.11 [263 kB]
#22 3.505 Get:53 http://archive.ubuntu.com/ubuntu jammy-updates/main amd64 libdpkg-perl all 1.21.1ubuntu2.3 [237 kB]
#22 3.583 Get:54 http://archive.ubuntu.com/ubuntu jammy/main amd64 libfile-fcntllock-perl amd64 0.22-3build7 [33.9 kB]
#22 3.583 Get:55 http://archive.ubuntu.com/ubuntu jammy-updates/main amd64 libwayland-server0 amd64 1.20.0-1ubuntu0.1 [34.3 kB]
#22 3.583 Get:56 http://archive.ubuntu.com/ubuntu jammy/main amd64 libxcb-randr0 amd64 1.14-3ubuntu3 [18.3 kB]
#22 3.588 Get:57 http://archive.ubuntu.com/ubuntu jammy-updates/main amd64 libgbm1 amd64 23.2.1-1ubuntu3.1~22.04.3 [33.5 kB]
#22 3.589 Get:58 http://archive.ubuntu.com/ubuntu jammy-updates/main amd64 libnspr4 amd64 2:4.35-0ubuntu0.22.04.1 [119 kB]
#22 3.591 Get:59 http://archive.ubuntu.com/ubuntu jammy-updates/main amd64 libnss3 amd64 2:3.98-0ubuntu0.22.04.2 [1347 kB]
#22 3.614 Get:60 http://archive.ubuntu.com/ubuntu jammy-updates/main amd64 libssl-dev amd64 3.0.2-0ubuntu1.18 [2375 kB]
#22 3.649 Get:61 http://archive.ubuntu.com/ubuntu jammy-updates/main amd64 libwayland-client0 amd64 1.20.0-1ubuntu0.1 [25.9 kB]
#22 3.649 Get:62 http://archive.ubuntu.com/ubuntu jammy/main amd64 libxcomposite1 amd64 1:0.4.5-1build2 [7192 B]
#22 3.649 Get:63 http://archive.ubuntu.com/ubuntu jammy/main amd64 libxdamage1 amd64 1:1.1.5-2build2 [7154 B]
#22 3.694 Get:64 http://archive.ubuntu.com/ubuntu jammy/main amd64 libxkbcommon0 amd64 1.4.0-1 [125 kB]
#22 3.698 Get:65 http://archive.ubuntu.com/ubuntu jammy/main amd64 libxrandr2 amd64 2:1.5.2-1build1 [20.4 kB]
#22 3.706 Get:66 http://archive.ubuntu.com/ubuntu jammy/main amd64 pkg-config amd64 0.29.2-1ubuntu3 [48.2 kB]
#22 3.822 debconf: delaying package configuration, since apt-utils is not installed
#22 3.861 Fetched 20.8 MB in 2s (9778 kB/s)
#22 3.889 Selecting previously unselected package liblocale-gettext-perl.
#22 3.889 (Reading database ... (Reading database ... 5%(Reading database ... 10%(Reading database ... 15%(Reading database ... 20%(Reading database ... 25%(Reading database ... 30%(Reading database ... 35%(Reading database ... 40%(Reading database ... 45%(Reading database ... 50%(Reading database ... 55%(Reading database ... 60%(Reading database ... 65%(Reading database ... 70%(Reading database ... 75%(Reading database ... 80%(Reading database ... 85%(Reading database ... 90%(Reading database ... 95%(Reading database ... 100%(Reading database ... 21846 files and directories currently installed.)
#22 3.900 Preparing to unpack .../0-liblocale-gettext-perl_1.07-4build3_amd64.deb ...
#22 3.909 Unpacking liblocale-gettext-perl (1.07-4build3) ...
#22 3.980 Selecting previously unselected package libapparmor1:amd64.
#22 3.982 Preparing to unpack .../1-libapparmor1_3.0.4-2ubuntu2.4_amd64.deb ...
#22 4.000 Unpacking libapparmor1:amd64 (3.0.4-2ubuntu2.4) ...
#22 4.068 Selecting previously unselected package libargon2-1:amd64.
#22 4.069 Preparing to unpack .../2-libargon2-1_0~20171227-0.3_amd64.deb ...
#22 4.079 Unpacking libargon2-1:amd64 (0~20171227-0.3) ...
#22 4.146 Selecting previously unselected package libdevmapper1.02.1:amd64.
#22 4.148 Preparing to unpack .../3-libdevmapper1.02.1_2%3a1.02.175-2.1ubuntu4_amd64.deb ...
#22 4.157 Unpacking libdevmapper1.02.1:amd64 (2:1.02.175-2.1ubuntu4) ...
#22 4.225 Selecting previously unselected package libjson-c5:amd64.
#22 4.227 Preparing to unpack .../4-libjson-c5_0.15-3~ubuntu1.22.04.2_amd64.deb ...
#22 4.237 Unpacking libjson-c5:amd64 (0.15-3~ubuntu1.22.04.2) ...
#22 4.311 Selecting previously unselected package libcryptsetup12:amd64.
#22 4.313 Preparing to unpack .../5-libcryptsetup12_2%3a2.4.3-1ubuntu1.2_amd64.deb ...
#22 4.322 Unpacking libcryptsetup12:amd64 (2:2.4.3-1ubuntu1.2) ...
#22 4.392 Selecting previously unselected package libip4tc2:amd64.
#22 4.394 Preparing to unpack .../6-libip4tc2_1.8.7-1ubuntu5.2_amd64.deb ...
#22 4.403 Unpacking libip4tc2:amd64 (1.8.7-1ubuntu5.2) ...
#22 4.474 Selecting previously unselected package libkmod2:amd64.
#22 4.477 Preparing to unpack .../7-libkmod2_29-1ubuntu1_amd64.deb ...
#22 4.486 Unpacking libkmod2:amd64 (29-1ubuntu1) ...
#22 4.572 Selecting previously unselected package systemd.
#22 4.574 Preparing to unpack .../8-systemd_249.11-0ubuntu3.12_amd64.deb ...
#22 4.594 Unpacking systemd (249.11-0ubuntu3.12) ...
#22 4.800 Setting up libapparmor1:amd64 (3.0.4-2ubuntu2.4) ...
#22 4.827 Setting up libargon2-1:amd64 (0~20171227-0.3) ...
#22 4.856 Setting up libdevmapper1.02.1:amd64 (2:1.02.175-2.1ubuntu4) ...
#22 4.886 Setting up libjson-c5:amd64 (0.15-3~ubuntu1.22.04.2) ...
#22 4.915 Setting up libcryptsetup12:amd64 (2:2.4.3-1ubuntu1.2) ...
#22 4.943 Setting up libip4tc2:amd64 (1.8.7-1ubuntu5.2) ...
#22 4.971 Setting up libkmod2:amd64 (29-1ubuntu1) ...
#22 4.999 Setting up systemd (249.11-0ubuntu3.12) ...
#22 5.097 Created symlink /etc/systemd/system/getty.target.wants/getty@tty1.service  /lib/systemd/system/getty@.service.
#22 5.099 Created symlink /etc/systemd/system/multi-user.target.wants/remote-fs.target  /lib/systemd/system/remote-fs.target.
#22 5.101 Created symlink /etc/systemd/system/dbus-org.freedesktop.resolve1.service  /lib/systemd/system/systemd-resolved.service.
#22 5.101 Created symlink /etc/systemd/system/multi-user.target.wants/systemd-resolved.service  /lib/systemd/system/systemd-resolved.service.
#22 5.105 ln: failed to create symbolic link '/etc/resolv.conf': Device or resource busy
#22 5.108 Created symlink /etc/systemd/system/sysinit.target.wants/systemd-pstore.service  /lib/systemd/system/systemd-pstore.service.
#22 5.112 Initializing machine ID from random generator.
#22 5.545 Selecting previously unselected package systemd-sysv.
#22 5.545 (Reading database ... (Reading database ... 5%(Reading database ... 10%(Reading database ... 15%(Reading database ... 20%(Reading database ... 25%(Reading database ... 30%(Reading database ... 35%(Reading database ... 40%(Reading database ... 45%(Reading database ... 50%(Reading database ... 55%(Reading database ... 60%(Reading database ... 65%(Reading database ... 70%(Reading database ... 75%(Reading database ... 80%(Reading database ... 85%(Reading database ... 90%(Reading database ... 95%(Reading database ... 100%(Reading database ... 22675 files and directories currently installed.)
#22 5.557 Preparing to unpack .../00-systemd-sysv_249.11-0ubuntu3.12_amd64.deb ...
#22 5.566 Unpacking systemd-sysv (249.11-0ubuntu3.12) ...
#22 5.623 Selecting previously unselected package perl-modules-5.34.
#22 5.625 Preparing to unpack .../01-perl-modules-5.34_5.34.0-3ubuntu1.3_all.deb ...
#22 5.635 Unpacking perl-modules-5.34 (5.34.0-3ubuntu1.3) ...
#22 5.952 Selecting previously unselected package libgdbm6:amd64.
#22 5.954 Preparing to unpack .../02-libgdbm6_1.23-1_amd64.deb ...
#22 5.963 Unpacking libgdbm6:amd64 (1.23-1) ...
#22 6.032 Selecting previously unselected package libgdbm-compat4:amd64.
#22 6.034 Preparing to unpack .../03-libgdbm-compat4_1.23-1_amd64.deb ...
#22 6.044 Unpacking libgdbm-compat4:amd64 (1.23-1) ...
#22 6.112 Selecting previously unselected package libperl5.34:amd64.
#22 6.114 Preparing to unpack .../04-libperl5.34_5.34.0-3ubuntu1.3_amd64.deb ...
#22 6.125 Unpacking libperl5.34:amd64 (5.34.0-3ubuntu1.3) ...
#22 6.373 Selecting previously unselected package perl.
#22 6.375 Preparing to unpack .../05-perl_5.34.0-3ubuntu1.3_amd64.deb ...
#22 6.388 Unpacking perl (5.34.0-3ubuntu1.3) ...
#22 6.462 Selecting previously unselected package libdbus-1-3:amd64.
#22 6.464 Preparing to unpack .../06-libdbus-1-3_1.12.20-2ubuntu4.1_amd64.deb ...
#22 6.473 Unpacking libdbus-1-3:amd64 (1.12.20-2ubuntu4.1) ...
#22 6.557 Selecting previously unselected package dbus.
#22 6.559 Preparing to unpack .../07-dbus_1.12.20-2ubuntu4.1_amd64.deb ...
#22 6.574 Unpacking dbus (1.12.20-2ubuntu4.1) ...
#22 6.657 Selecting previously unselected package dmsetup.
#22 6.659 Preparing to unpack .../08-dmsetup_2%3a1.02.175-2.1ubuntu4_amd64.deb ...
#22 6.668 Unpacking dmsetup (2:1.02.175-2.1ubuntu4) ...
#22 6.737 Selecting previously unselected package libgirepository-1.0-1:amd64.
#22 6.739 Preparing to unpack .../09-libgirepository-1.0-1_1.72.0-1_amd64.deb ...
#22 6.748 Unpacking libgirepository-1.0-1:amd64 (1.72.0-1) ...
#22 6.802 Selecting previously unselected package gir1.2-glib-2.0:amd64.
#22 6.804 Preparing to unpack .../10-gir1.2-glib-2.0_1.72.0-1_amd64.deb ...
#22 6.814 Unpacking gir1.2-glib-2.0:amd64 (1.72.0-1) ...
#22 6.889 Selecting previously unselected package libnss-systemd:amd64.
#22 6.891 Preparing to unpack .../11-libnss-systemd_249.11-0ubuntu3.12_amd64.deb ...
#22 6.901 Unpacking libnss-systemd:amd64 (249.11-0ubuntu3.12) ...
#22 6.964 Selecting previously unselected package libpam-systemd:amd64.
#22 6.966 Preparing to unpack .../12-libpam-systemd_249.11-0ubuntu3.12_amd64.deb ...
#22 6.976 Unpacking libpam-systemd:amd64 (249.11-0ubuntu3.12) ...
#22 7.040 Selecting previously unselected package netbase.
#22 7.042 Preparing to unpack .../13-netbase_6.3_all.deb ...
#22 7.051 Unpacking netbase (6.3) ...
#22 7.321 Selecting previously unselected package python3-dbus.
#22 7.322 Preparing to unpack .../14-python3-dbus_1.2.18-3build1_amd64.deb ...
#22 7.331 Unpacking python3-dbus (1.2.18-3build1) ...
#22 7.401 Selecting previously unselected package python3-gi.
#22 7.403 Preparing to unpack .../15-python3-gi_3.42.1-0ubuntu1_amd64.deb ...
#22 7.411 Unpacking python3-gi (3.42.1-0ubuntu1) ...
#22 7.491 Selecting previously unselected package networkd-dispatcher.
#22 7.493 Preparing to unpack .../16-networkd-dispatcher_2.1-2ubuntu0.22.04.2_all.deb ...
#22 7.502 Unpacking networkd-dispatcher (2.1-2ubuntu0.22.04.2) ...
#22 7.580 Selecting previously unselected package systemd-timesyncd.
#22 7.581 Preparing to unpack .../17-systemd-timesyncd_249.11-0ubuntu3.12_amd64.deb ...
#22 7.590 Unpacking systemd-timesyncd (249.11-0ubuntu3.12) ...
#22 7.648 Selecting previously unselected package xkb-data.
#22 7.650 Preparing to unpack .../18-xkb-data_2.33-1_all.deb ...
#22 7.660 Unpacking xkb-data (2.33-1) ...
#22 7.773 Selecting previously unselected package xz-utils.
#22 7.775 Preparing to unpack .../19-xz-utils_5.2.5-2ubuntu1_amd64.deb ...
#22 7.784 Unpacking xz-utils (5.2.5-2ubuntu1) ...
#22 7.841 Selecting previously unselected package alsa-topology-conf.
#22 7.843 Preparing to unpack .../20-alsa-topology-conf_1.2.5.1-2_all.deb ...
#22 7.853 Unpacking alsa-topology-conf (1.2.5.1-2) ...
#22 7.912 Selecting previously unselected package libasound2-data.
#22 7.914 Preparing to unpack .../21-libasound2-data_1.2.6.1-1ubuntu1_all.deb ...
#22 7.923 Unpacking libasound2-data (1.2.6.1-1ubuntu1) ...
#22 8.003 Selecting previously unselected package libasound2:amd64.
#22 8.005 Preparing to unpack .../22-libasound2_1.2.6.1-1ubuntu1_amd64.deb ...
#22 8.014 Unpacking libasound2:amd64 (1.2.6.1-1ubuntu1) ...
#22 8.071 Selecting previously unselected package alsa-ucm-conf.
#22 8.073 Preparing to unpack .../23-alsa-ucm-conf_1.2.6.3-1ubuntu1.12_all.deb ...
#22 8.083 Unpacking alsa-ucm-conf (1.2.6.3-1ubuntu1.12) ...
#22 8.221 Selecting previously unselected package libxi6:amd64.
#22 8.223 Preparing to unpack .../24-libxi6_2%3a1.8-1build1_amd64.deb ...
#22 8.232 Unpacking libxi6:amd64 (2:1.8-1build1) ...
#22 8.298 Selecting previously unselected package libatspi2.0-0:amd64.
#22 8.300 Preparing to unpack .../25-libatspi2.0-0_2.44.0-3_amd64.deb ...
#22 8.309 Unpacking libatspi2.0-0:amd64 (2.44.0-3) ...
#22 8.386 Selecting previously unselected package x11-common.
#22 8.388 Preparing to unpack .../26-x11-common_1%3a7.7+23ubuntu2_all.deb ...
#22 8.398 Unpacking x11-common (1:7.7+23ubuntu2) ...
#22 8.469 Selecting previously unselected package libxtst6:amd64.
#22 8.472 Preparing to unpack .../27-libxtst6_2%3a1.2.3-1build4_amd64.deb ...
#22 8.481 Unpacking libxtst6:amd64 (2:1.2.3-1build4) ...
#22 8.542 Selecting previously unselected package dbus-user-session.
#22 8.544 Preparing to unpack .../28-dbus-user-session_1.12.20-2ubuntu4.1_amd64.deb ...
#22 8.554 Unpacking dbus-user-session (1.12.20-2ubuntu4.1) ...
#22 8.625 Selecting previously unselected package libdconf1:amd64.
#22 8.628 Preparing to unpack .../29-libdconf1_0.40.0-3_amd64.deb ...
#22 8.637 Unpacking libdconf1:amd64 (0.40.0-3) ...
#22 8.696 Selecting previously unselected package dconf-service.
#22 8.698 Preparing to unpack .../30-dconf-service_0.40.0-3_amd64.deb ...
#22 8.708 Unpacking dconf-service (0.40.0-3) ...
#22 8.767 Selecting previously unselected package dconf-gsettings-backend:amd64.
#22 8.769 Preparing to unpack .../31-dconf-gsettings-backend_0.40.0-3_amd64.deb ...
#22 8.779 Unpacking dconf-gsettings-backend:amd64 (0.40.0-3) ...
#22 8.857 Selecting previously unselected package session-migration.
#22 8.859 Preparing to unpack .../32-session-migration_0.3.6_amd64.deb ...
#22 8.869 Unpacking session-migration (0.3.6) ...
#22 8.927 Selecting previously unselected package gsettings-desktop-schemas.
#22 8.929 Preparing to unpack .../33-gsettings-desktop-schemas_42.0-1ubuntu1_all.deb ...
#22 8.939 Unpacking gsettings-desktop-schemas (42.0-1ubuntu1) ...
#22 9.026 Selecting previously unselected package at-spi2-core.
#22 9.028 Preparing to unpack .../34-at-spi2-core_2.44.0-3_amd64.deb ...
#22 9.038 Unpacking at-spi2-core (2.44.0-3) ...
#22 9.098 Selecting previously unselected package bzip2.
#22 9.100 Preparing to unpack .../35-bzip2_1.0.8-5build1_amd64.deb ...
#22 9.110 Unpacking bzip2 (1.0.8-5build1) ...
#22 9.169 Selecting previously unselected package libatk1.0-data.
#22 9.171 Preparing to unpack .../36-libatk1.0-data_2.36.0-3build1_all.deb ...
#22 9.180 Unpacking libatk1.0-data (2.36.0-3build1) ...
#22 9.251 Selecting previously unselected package libatk1.0-0:amd64.
#22 9.253 Preparing to unpack .../37-libatk1.0-0_2.36.0-3build1_amd64.deb ...
#22 9.262 Unpacking libatk1.0-0:amd64 (2.36.0-3build1) ...
#22 9.335 Selecting previously unselected package libatk-bridge2.0-0:amd64.
#22 9.337 Preparing to unpack .../38-libatk-bridge2.0-0_2.38.0-3_amd64.deb ...
#22 9.346 Unpacking libatk-bridge2.0-0:amd64 (2.38.0-3) ...
#22 9.399 Selecting previously unselected package libavahi-common-data:amd64.
#22 9.401 Preparing to unpack .../39-libavahi-common-data_0.8-5ubuntu5.2_amd64.deb ...
#22 9.411 Unpacking libavahi-common-data:amd64 (0.8-5ubuntu5.2) ...
#22 9.481 Selecting previously unselected package libavahi-common3:amd64.
#22 9.483 Preparing to unpack .../40-libavahi-common3_0.8-5ubuntu5.2_amd64.deb ...
#22 9.496 Unpacking libavahi-common3:amd64 (0.8-5ubuntu5.2) ...
#22 9.562 Selecting previously unselected package libavahi-client3:amd64.
#22 9.565 Preparing to unpack .../41-libavahi-client3_0.8-5ubuntu5.2_amd64.deb ...
#22 9.574 Unpacking libavahi-client3:amd64 (0.8-5ubuntu5.2) ...
#22 9.647 Selecting previously unselected package libcups2:amd64.
#22 9.650 Preparing to unpack .../42-libcups2_2.4.1op1-1ubuntu4.11_amd64.deb ...
#22 9.660 Unpacking libcups2:amd64 (2.4.1op1-1ubuntu4.11) ...
#22 9.724 Selecting previously unselected package libdpkg-perl.
#22 9.726 Preparing to unpack .../43-libdpkg-perl_1.21.1ubuntu2.3_all.deb ...
#22 9.736 Unpacking libdpkg-perl (1.21.1ubuntu2.3) ...
#22 9.811 Selecting previously unselected package libfile-fcntllock-perl.
#22 9.813 Preparing to unpack .../44-libfile-fcntllock-perl_0.22-3build7_amd64.deb ...
#22 9.822 Unpacking libfile-fcntllock-perl (0.22-3build7) ...
#22 9.898 Selecting previously unselected package libwayland-server0:amd64.
#22 9.900 Preparing to unpack .../45-libwayland-server0_1.20.0-1ubuntu0.1_amd64.deb ...
#22 9.910 Unpacking libwayland-server0:amd64 (1.20.0-1ubuntu0.1) ...
#22 9.981 Selecting previously unselected package libxcb-randr0:amd64.
#22 9.983 Preparing to unpack .../46-libxcb-randr0_1.14-3ubuntu3_amd64.deb ...
#22 9.993 Unpacking libxcb-randr0:amd64 (1.14-3ubuntu3) ...
#22 10.06 Selecting previously unselected package libgbm1:amd64.
#22 10.07 Preparing to unpack .../47-libgbm1_23.2.1-1ubuntu3.1~22.04.3_amd64.deb ...
#22 10.08 Unpacking libgbm1:amd64 (23.2.1-1ubuntu3.1~22.04.3) ...
#22 10.14 Selecting previously unselected package libnspr4:amd64.
#22 10.15 Preparing to unpack .../48-libnspr4_2%3a4.35-0ubuntu0.22.04.1_amd64.deb ...
#22 10.16 Unpacking libnspr4:amd64 (2:4.35-0ubuntu0.22.04.1) ...
#22 10.23 Selecting previously unselected package libnss3:amd64.
#22 10.23 Preparing to unpack .../49-libnss3_2%3a3.98-0ubuntu0.22.04.2_amd64.deb ...
#22 10.24 Unpacking libnss3:amd64 (2:3.98-0ubuntu0.22.04.2) ...
#22 10.38 Selecting previously unselected package libssl-dev:amd64.
#22 10.39 Preparing to unpack .../50-libssl-dev_3.0.2-0ubuntu1.18_amd64.deb ...
#22 10.40 Unpacking libssl-dev:amd64 (3.0.2-0ubuntu1.18) ...
#22 10.52 Selecting previously unselected package libwayland-client0:amd64.
#22 10.52 Preparing to unpack .../51-libwayland-client0_1.20.0-1ubuntu0.1_amd64.deb ...
#22 10.53 Unpacking libwayland-client0:amd64 (1.20.0-1ubuntu0.1) ...
#22 10.60 Selecting previously unselected package libxcomposite1:amd64.
#22 10.60 Preparing to unpack .../52-libxcomposite1_1%3a0.4.5-1build2_amd64.deb ...
#22 10.61 Unpacking libxcomposite1:amd64 (1:0.4.5-1build2) ...
#22 10.68 Selecting previously unselected package libxdamage1:amd64.
#22 10.68 Preparing to unpack .../53-libxdamage1_1%3a1.1.5-2build2_amd64.deb ...
#22 10.69 Unpacking libxdamage1:amd64 (1:1.1.5-2build2) ...
#22 10.77 Selecting previously unselected package libxkbcommon0:amd64.
#22 10.77 Preparing to unpack .../54-libxkbcommon0_1.4.0-1_amd64.deb ...
#22 10.78 Unpacking libxkbcommon0:amd64 (1.4.0-1) ...
#22 10.85 Selecting previously unselected package libxrandr2:amd64.
#22 10.85 Preparing to unpack .../55-libxrandr2_2%3a1.5.2-1build1_amd64.deb ...
#22 10.86 Unpacking libxrandr2:amd64 (2:1.5.2-1build1) ...
#22 10.93 Selecting previously unselected package pkg-config.
#22 10.94 Preparing to unpack .../56-pkg-config_0.29.2-1ubuntu3_amd64.deb ...
#22 10.95 Unpacking pkg-config (0.29.2-1ubuntu3) ...
#22 11.02 Setting up libwayland-server0:amd64 (1.20.0-1ubuntu0.1) ...
#22 11.05 Setting up session-migration (0.3.6) ...
#22 11.16 Created symlink /etc/systemd/user/graphical-session-pre.target.wants/session-migration.service  /usr/lib/systemd/user/session-migration.service.
#22 11.17 Setting up systemd-sysv (249.11-0ubuntu3.12) ...
#22 11.20 Setting up libxdamage1:amd64 (1:1.1.5-2build2) ...
#22 11.23 Setting up libxi6:amd64 (2:1.8-1build1) ...
#22 11.26 Setting up x11-common (1:7.7+23ubuntu2) ...
#22 11.47 invoke-rc.d: could not determine current runlevel
#22 11.48 invoke-rc.d: policy-rc.d denied execution of start.
#22 11.49 Setting up libnss-systemd:amd64 (249.11-0ubuntu3.12) ...
#22 11.51 First installation detected...
#22 11.51 Checking NSS setup...
#22 11.52 Setting up xkb-data (2.33-1) ...
#22 11.55 Setting up perl-modules-5.34 (5.34.0-3ubuntu1.3) ...
#22 11.57 Setting up bzip2 (1.0.8-5build1) ...
#22 11.60 Setting up libdconf1:amd64 (0.40.0-3) ...
#22 11.63 Setting up libasound2-data (1.2.6.1-1ubuntu1) ...
#22 11.66 Setting up libnspr4:amd64 (2:4.35-0ubuntu0.22.04.1) ...
#22 11.69 Setting up libavahi-common-data:amd64 (0.8-5ubuntu5.2) ...
#22 11.72 Setting up libdbus-1-3:amd64 (1.12.20-2ubuntu4.1) ...
#22 11.74 Setting up dbus (1.12.20-2ubuntu4.1) ...
#22 11.94 Setting up xz-utils (5.2.5-2ubuntu1) ...
#22 11.96 update-alternatives: using /usr/bin/xz to provide /usr/bin/lzma (lzma) in auto mode
#22 11.96 update-alternatives: warning: skip creation of /usr/share/man/man1/lzma.1.gz because associated file /usr/share/man/man1/xz.1.gz (of link group lzma) doesn't exist
#22 11.96 update-alternatives: warning: skip creation of /usr/share/man/man1/unlzma.1.gz because associated file /usr/share/man/man1/unxz.1.gz (of link group lzma) doesn't exist
#22 11.96 update-alternatives: warning: skip creation of /usr/share/man/man1/lzcat.1.gz because associated file /usr/share/man/man1/xzcat.1.gz (of link group lzma) doesn't exist
#22 11.96 update-alternatives: warning: skip creation of /usr/share/man/man1/lzmore.1.gz because associated file /usr/share/man/man1/xzmore.1.gz (of link group lzma) doesn't exist
#22 11.96 update-alternatives: warning: skip creation of /usr/share/man/man1/lzless.1.gz because associated file /usr/share/man/man1/xzless.1.gz (of link group lzma) doesn't exist
#22 11.96 update-alternatives: warning: skip creation of /usr/share/man/man1/lzdiff.1.gz because associated file /usr/share/man/man1/xzdiff.1.gz (of link group lzma) doesn't exist
#22 11.96 update-alternatives: warning: skip creation of /usr/share/man/man1/lzcmp.1.gz because associated file /usr/share/man/man1/xzcmp.1.gz (of link group lzma) doesn't exist
#22 11.96 update-alternatives: warning: skip creation of /usr/share/man/man1/lzgrep.1.gz because associated file /usr/share/man/man1/xzgrep.1.gz (of link group lzma) doesn't exist
#22 11.96 update-alternatives: warning: skip creation of /usr/share/man/man1/lzegrep.1.gz because associated file /usr/share/man/man1/xzegrep.1.gz (of link group lzma) doesn't exist
#22 11.96 update-alternatives: warning: skip creation of /usr/share/man/man1/lzfgrep.1.gz because associated file /usr/share/man/man1/xzfgrep.1.gz (of link group lzma) doesn't exist
#22 11.98 Setting up libssl-dev:amd64 (3.0.2-0ubuntu1.18) ...
#22 12.01 Setting up systemd-timesyncd (249.11-0ubuntu3.12) ...
#22 12.26 Created symlink /etc/systemd/system/dbus-org.freedesktop.timesync1.service  /lib/systemd/system/systemd-timesyncd.service.
#22 12.26 Created symlink /etc/systemd/system/sysinit.target.wants/systemd-timesyncd.service  /lib/systemd/system/systemd-timesyncd.service.
#22 12.27 Setting up libxrandr2:amd64 (2:1.5.2-1build1) ...
#22 12.30 Setting up libatk1.0-data (2.36.0-3build1) ...
#22 12.33 Setting up alsa-topology-conf (1.2.5.1-2) ...
#22 12.36 Setting up dmsetup (2:1.02.175-2.1ubuntu4) ...
#22 12.39 Setting up libxcb-randr0:amd64 (1.14-3ubuntu3) ...
#22 12.41 Setting up libasound2:amd64 (1.2.6.1-1ubuntu1) ...
#22 12.44 Setting up libpam-systemd:amd64 (249.11-0ubuntu3.12) ...
#22 12.56 Setting up libgirepository-1.0-1:amd64 (1.72.0-1) ...
#22 12.59 Setting up netbase (6.3) ...
#22 12.65 Setting up libatk1.0-0:amd64 (2.36.0-3build1) ...
#22 12.68 Setting up libxcomposite1:amd64 (1:0.4.5-1build2) ...
#22 12.71 Setting up liblocale-gettext-perl (1.07-4build3) ...
#22 12.74 Setting up libgdbm6:amd64 (1.23-1) ...
#22 12.77 Setting up libxkbcommon0:amd64 (1.4.0-1) ...
#22 12.80 Setting up libwayland-client0:amd64 (1.20.0-1ubuntu0.1) ...
#22 12.83 Setting up python3-dbus (1.2.18-3build1) ...
#22 12.97 Setting up libgbm1:amd64 (23.2.1-1ubuntu3.1~22.04.3) ...
#22 13.00 Setting up alsa-ucm-conf (1.2.6.3-1ubuntu1.12) ...
#22 13.03 Setting up libxtst6:amd64 (2:1.2.3-1build4) ...
#22 13.06 Setting up libavahi-common3:amd64 (0.8-5ubuntu5.2) ...
#22 13.08 Setting up libnss3:amd64 (2:3.98-0ubuntu0.22.04.2) ...
#22 13.11 Setting up libatspi2.0-0:amd64 (2.44.0-3) ...
#22 13.14 Setting up libatk-bridge2.0-0:amd64 (2.38.0-3) ...
#22 13.17 Setting up dbus-user-session (1.12.20-2ubuntu4.1) ...
#22 13.21 Setting up libgdbm-compat4:amd64 (1.23-1) ...
#22 13.23 Setting up gir1.2-glib-2.0:amd64 (1.72.0-1) ...
#22 13.26 Setting up libavahi-client3:amd64 (0.8-5ubuntu5.2) ...
#22 13.29 Setting up libperl5.34:amd64 (5.34.0-3ubuntu1.3) ...
#22 13.32 Setting up dconf-service (0.40.0-3) ...
#22 13.35 Setting up perl (5.34.0-3ubuntu1.3) ...
#22 13.39 Setting up python3-gi (3.42.1-0ubuntu1) ...
#22 13.54 Setting up libdpkg-perl (1.21.1ubuntu2.3) ...
#22 13.57 Setting up libcups2:amd64 (2.4.1op1-1ubuntu4.11) ...
#22 13.59 Setting up networkd-dispatcher (2.1-2ubuntu0.22.04.2) ...
#22 13.71 Created symlink /etc/systemd/system/multi-user.target.wants/networkd-dispatcher.service  /lib/systemd/system/networkd-dispatcher.service.
#22 13.72 Setting up dconf-gsettings-backend:amd64 (0.40.0-3) ...
#22 13.75 Setting up libfile-fcntllock-perl (0.22-3build7) ...
#22 13.78 Setting up pkg-config (0.29.2-1ubuntu3) ...
#22 13.85 Setting up gsettings-desktop-schemas (42.0-1ubuntu1) ...
#22 13.87 Processing triggers for libglib2.0-0:amd64 (2.72.4-0ubuntu2.4) ...
#22 13.91 Processing triggers for libc-bin (2.35-0ubuntu3.8) ...
#22 13.95 Setting up at-spi2-core (2.44.0-3) ...
#22 DONE 14.2s

#23 [test 10/11] RUN set -xu && 	cd /root/oko/backend && 	cargo test; exit 0
#23 0.453 + cd /root/oko/backend
#23 0.453 + cargo test
#23 0.645  Downloading crates ...
#23 0.997   Downloaded darling_macro v0.13.4
#23 1.020   Downloaded ident_case v1.0.1
#23 1.025   Downloaded strong v0.3.4
#23 1.032   Downloaded sync_wrapper v0.1.2
#23 1.036   Downloaded try-lock v0.2.5
#23 1.043   Downloaded want v0.3.1
#23 1.067   Downloaded adler2 v2.0.0
#23 1.071   Downloaded darling v0.13.4
#23 1.075   Downloaded rustls-pemfile v1.0.4
#23 1.079   Downloaded strsim v0.10.0
#23 1.081   Downloaded serde_with_macros v1.5.2
#23 1.083   Downloaded itertools v0.10.5
#23 1.090   Downloaded hyper-tls v0.5.0
#23 1.092   Downloaded crc32fast v1.4.2
#23 1.095   Downloaded bzip2 v0.4.4
#23 1.098   Downloaded http-body v0.4.6
#23 1.100   Downloaded time v0.1.45
#23 1.102   Downloaded ipnet v2.10.1
#23 1.104   Downloaded zip v0.5.13
#23 1.108   Downloaded darling_core v0.13.4
#23 1.117   Downloaded miniz_oxide v0.8.0
#23 1.120   Downloaded base64 v0.13.1
#23 1.124   Downloaded base64 v0.21.7
#23 1.132   Downloaded dirs-sys v0.3.7
#23 1.135   Downloaded http v0.2.12
#23 1.142   Downloaded flate2 v1.0.35
#23 1.150   Downloaded serde_with v1.14.0
#23 1.159   Downloaded h2 v0.3.26
#23 1.171   Downloaded reqwest v0.11.27
#23 1.181   Downloaded hyper v0.14.31
#23 1.191   Downloaded dirs v3.0.2
#23 1.193   Downloaded syn v1.0.109
#23 1.206   Downloaded playwright v0.0.20
#23 1.221   Downloaded bzip2-sys v0.1.11+1.0.8
#23 1.235   Downloaded encoding_rs v0.8.35
#23 1.342    Compiling bitflags v2.6.0
#23 1.345    Compiling futures-util v0.3.31
#23 1.345    Compiling openssl-sys v0.9.104
#23 1.347    Compiling openssl v0.10.68
#23 1.347    Compiling foreign-types-shared v0.1.1
#23 1.351    Compiling openssl-macros v0.1.1
#23 1.351    Compiling native-tls v0.2.12
#23 1.356    Compiling openssl-probe v0.1.5
#23 1.362    Compiling idna v1.0.3
#23 1.367    Compiling rustix v0.38.42
#23 1.368    Compiling tokio-stream v0.1.17
#23 1.368    Compiling http v0.2.12
#23 1.378    Compiling syn v1.0.109
#23 1.378    Compiling linux-raw-sys v0.4.14
#23 1.385    Compiling flume v0.11.1
#23 1.413    Compiling foreign-types v0.3.2
#23 1.432    Compiling tokio-util v0.7.13
#23 1.479    Compiling fastrand v2.3.0
#23 1.590    Compiling try-lock v0.2.5
#23 1.599    Compiling ident_case v1.0.1
#23 1.672    Compiling want v0.3.1
#23 1.717    Compiling strsim v0.10.0
#23 1.719    Compiling bzip2-sys v0.1.11+1.0.8
#23 1.730    Compiling base64 v0.21.7
#23 1.778    Compiling encoding_rs v0.8.35
#23 1.809    Compiling adler2 v2.0.0
#23 1.825    Compiling ipnet v2.10.1
#23 1.921    Compiling url v2.5.4
#23 2.030    Compiling sync_wrapper v0.1.2
#23 2.099    Compiling rustls-pemfile v1.0.4
#23 2.130    Compiling miniz_oxide v0.8.0
#23 2.170    Compiling crc32fast v1.4.2
#23 2.223    Compiling time v0.1.45
#23 2.297    Compiling dirs-sys v0.3.7
#23 2.306    Compiling itertools v0.10.5
#23 2.361    Compiling strong v0.3.4
#23 2.391    Compiling base64 v0.13.1
#23 2.439    Compiling dirs v3.0.2
#23 2.507    Compiling http-body v0.4.6
#23 2.702    Compiling flate2 v1.0.35
#23 3.043    Compiling bzip2 v0.4.4
#23 3.156    Compiling zip v0.5.13
#23 3.683    Compiling tempfile v3.14.0
#23 4.107    Compiling http-body-util v0.1.2
#23 4.107    Compiling futures-executor v0.3.31
#23 4.107    Compiling hyper v1.5.1
#23 4.108    Compiling tower v0.5.2
#23 4.116    Compiling sqlx-core v0.8.2
#23 4.117    Compiling h2 v0.3.26
#23 4.217    Compiling futures v0.3.31
#23 4.313    Compiling axum-core v0.4.5
#23 4.490    Compiling tower-http v0.6.2
#23 4.668    Compiling darling_core v0.13.4
#23 4.854    Compiling hyper-util v0.1.10
#23 6.040    Compiling darling_macro v0.13.4
#23 6.122    Compiling tower-sessions-core v0.13.0
#23 6.122    Compiling tower-cookies v0.10.0
#23 6.122    Compiling axum-embed v0.1.0
#23 6.236    Compiling tungstenite v0.24.0
#23 6.258    Compiling tokio-native-tls v0.3.1
#23 6.385    Compiling sqlx-sqlite v0.8.2
#23 6.691    Compiling tower-sessions-memory-store v0.13.0
#23 6.793    Compiling darling v0.13.4
#23 6.802    Compiling tower-sessions v0.13.0
#23 6.844    Compiling serde_with_macros v1.5.2
#23 6.894    Compiling tokio-tungstenite v0.24.0
#23 7.111    Compiling axum v0.7.9
#23 7.111    Compiling ws-utils v0.0.0 (/root/oko/backend/utils/ws-utils)
#23 7.684    Compiling serde_with v1.14.0
#23 7.816    Compiling hyper v0.14.31
#23 8.085    Compiling sqlx-macros-core v0.8.2
#23 9.105    Compiling sqlx-macros v0.8.2
#23 10.05    Compiling hyper-tls v0.5.0
#23 10.12    Compiling reqwest v0.11.27
#23 10.16    Compiling axum-login v0.16.0
#23 10.68    Compiling sqlx v0.8.2
#23 10.74    Compiling tower-sessions-sqlx-store v0.14.2
#23 11.11    Compiling oko v0.1.2 (/root/oko/backend)
#23 11.49    Compiling playwright v0.0.20
#23 29.37     Finished `test` profile [unoptimized + debuginfo] target(s) in 28.68s
#23 29.44      Running unittests src/lib.rs (target/debug/deps/oko-07c82b928d3a393e)
#23 29.44 
#23 29.44 running 28 tests
#23 29.70 test db::camera::tests::get_using_ip ... ok
#23 29.70 test db::camera::tests::get ... ok
#23 29.70 test db::camera::tests::create ... ok
#23 29.72 test db::camera::tests::update ... ok
#23 29.73 test db::camera::tests::delete ... ok
#23 29.76 test db::camera_setting::tests::get ... ok
#23 29.77 test db::camera_permission::tests::list_for_camera_with_username ... ok
#23 29.78 test db::camera_permission::tests::delete ... ok
#23 29.78 test db::camera_permission::tests::list_for_camera ... ok
#23 29.78 test db::camera::tests::list_accessible_to_user ... ok
#23 29.78 test db::camera_permission::tests::get ... ok
#23 29.81 test db::camera_setting::tests::create ... ok
#23 29.81 test db::camera_permission::tests::create ... ok
#23 29.82 test db::camera_setting::tests::update ... ok
#23 29.82 test db::camera_permission::tests::update ... ok
#23 29.82 test db::camera_setting::tests::delete ... ok
#23 29.86 test db::user::tests::create_existing ... ok
#23 29.88 test db::user::tests::get ... ok
#23 29.89 test db::user::tests::get_using_username ... ok
#23 29.89 test db::user::tests::create ... ok
#23 29.90 test db::user::tests::delete ... ok
#23 29.91 test db::user::tests::to_redacted_clone ... ok
#23 29.95 test db::user::tests::update ... ok
#23 29.96 test db::video::tests::list_for_camera ... ok
#23 29.96 test db::video::tests::get ... ok
#23 29.98 test db::video::tests::create ... ok
#23 29.98 test db::video::tests::delete ... ok
#23 30.00 test db::video::tests::update ... ok
#23 30.00 
#23 30.00 test result: ok. 28 passed; 0 failed; 0 ignored; 0 measured; 0 filtered out; finished in 0.56s
#23 30.00 
#23 30.00      Running unittests src/main.rs (target/debug/deps/oko-13b09a8f75ca55e6)
#23 30.00 
#23 30.00 running 0 tests
#23 30.00 
#23 30.00 test result: ok. 0 passed; 0 failed; 0 ignored; 0 measured; 0 filtered out; finished in 0.00s
#23 30.00 
#23 30.01      Running tests/api.rs (target/debug/deps/api-6237c0663de291ee)
#23 30.01 
#23 30.01 running 0 tests
#23 30.01 
#23 30.01 test result: ok. 0 passed; 0 failed; 0 ignored; 0 measured; 0 filtered out; finished in 0.00s
#23 30.01 
#23 30.01      Running tests/app.rs (target/debug/deps/app-ea0acbeb6ae336a8)
#23 30.01 
#23 30.01 running 0 tests
#23 30.01 
#23 30.01 test result: ok. 0 passed; 0 failed; 0 ignored; 0 measured; 0 filtered out; finished in 0.00s
#23 30.01 
#23 30.01      Running tests/db.rs (target/debug/deps/db-cf395a4adede822c)
#23 30.02 
#23 30.02 running 2 tests
#23 30.22 test user_on_delete ... ok
#23 30.24 test camera_on_delete ... ok
#23 30.24 
#23 30.24 test result: ok. 2 passed; 0 failed; 0 ignored; 0 measured; 0 filtered out; finished in 0.23s
#23 30.24 
#23 30.24      Running tests/utils.rs (target/debug/deps/utils-746b119b2fa42b62)
#23 30.24 
#23 30.24 running 0 tests
#23 30.24 
#23 30.24 test result: ok. 0 passed; 0 failed; 0 ignored; 0 measured; 0 filtered out; finished in 0.00s
#23 30.24 
#23 30.24      Running tests/web.rs (target/debug/deps/web-30f027e0f8f401f7)
#23 30.30 
#23 30.30 running 10 tests
#23 37.24 
#23 41.56 test home_feeds ... FAILED
#23 41.56 test camera_user_can_view ... FAILED
#23 41.56 test live_feed ... FAILED
#23 41.56 test home_redirect ... FAILED
#23 41.56 test login_and_logout ... FAILED
#23 41.56 test camera_user_permission_updates ... FAILED
#23 41.66 test record ... FAILED
#23 41.66 test download_video ... FAILED
#23 41.67 test multi_camera_record ... FAILED
#23 43.28 chromium v878941 downloaded to /root/.cache/ms-playwright/chromium-878941
#23 43.56 
#23 43.63 ffmpeg v1005 downloaded to /root/.cache/ms-playwright/ffmpeg-1005
#23 45.52 test camera_add_remove ... ok
#23 45.52 
#23 45.52 failures:
#23 45.52 
#23 45.52 ---- home_feeds stdout ----
#23 45.52 Error: InitializationError
#23 45.52 
#23 45.52 ---- camera_user_can_view stdout ----
#23 45.52 Error: InitializationError
#23 45.52 
#23 45.52 ---- live_feed stdout ----
#23 45.52 Error: InitializationError
#23 45.52 
#23 45.52 ---- home_redirect stdout ----
#23 45.52 Error: InitializationError
#23 45.52 
#23 45.52 ---- login_and_logout stdout ----
#23 45.52 Error: InitializationError
#23 45.52 
#23 45.52 ---- camera_user_permission_updates stdout ----
#23 45.52 Error: InitializationError
#23 45.52 
#23 45.52 ---- record stdout ----
#23 45.52 Error: InitializationError
#23 45.52 
#23 45.52 ---- download_video stdout ----
#23 45.52 Error: InitializationError
#23 45.52 
#23 45.52 ---- multi_camera_record stdout ----
#23 45.52 Error: InitializationError
#23 45.52 
#23 45.52 
#23 45.52 failures:
#23 45.52     camera_user_can_view
#23 45.52     camera_user_permission_updates
#23 45.52     download_video
#23 45.52     home_feeds
#23 45.52     home_redirect
#23 45.52     live_feed
#23 45.52     login_and_logout
#23 45.52     multi_camera_record
#23 45.52     record
#23 45.52 
#23 45.52 test result: FAILED. 1 passed; 9 failed; 0 ignored; 0 measured; 0 filtered out; finished in 15.22s
#23 45.52 
#23 45.53 error: test failed, to rerun pass `--test web`
#23 45.56 + exit 0
#23 DONE 56.7s

#24 [test 11/11] RUN set -xeu && 	cd /root/oko/backend && 	cargo test
#24 0.591 + cd /root/oko/backend
#24 0.591 + cargo test
#24 0.994     Finished `test` profile [unoptimized + debuginfo] target(s) in 0.35s
#24 1.007      Running unittests src/lib.rs (target/debug/deps/oko-07c82b928d3a393e)
#24 1.010 
#24 1.010 running 28 tests
#24 1.509 test db::camera::tests::get_using_ip ... ok
#24 1.533 test db::camera::tests::get ... ok
#24 1.605 test db::camera::tests::delete ... ok
#24 1.634 test db::camera::tests::update ... ok
#24 1.634 test db::camera::tests::create ... ok
#24 1.706 test db::camera::tests::list_accessible_to_user ... ok
#24 1.707 test db::camera_setting::tests::get ... ok
#24 1.742 test db::camera_permission::tests::list_for_camera ... ok
#24 1.742 test db::camera_permission::tests::get ... ok
#24 1.742 test db::camera_permission::tests::list_for_camera_with_username ... ok
#24 1.800 test db::camera_setting::tests::create ... ok
#24 1.808 test db::camera_permission::tests::update ... ok
#24 1.809 test db::camera_permission::tests::delete ... ok
#24 1.809 test db::camera_setting::tests::delete ... ok
#24 1.848 test db::camera_setting::tests::update ... ok
#24 1.849 test db::camera_permission::tests::create ... ok
#24 1.959 test db::user::tests::create_existing ... ok
#24 2.027 test db::user::tests::create ... ok
#24 2.066 test db::user::tests::get_using_username ... ok
#24 2.066 test db::user::tests::get ... ok
#24 2.177 test db::user::tests::to_redacted_clone ... ok
#24 2.177 test db::user::tests::delete ... ok
#24 2.271 test db::user::tests::update ... ok
#24 2.324 test db::video::tests::get ... ok
#24 2.370 test db::video::tests::list_for_camera ... ok
#24 2.402 test db::video::tests::create ... ok
#24 2.402 test db::video::tests::delete ... ok
#24 2.454 test db::video::tests::update ... ok
#24 2.454 
#24 2.454 test result: ok. 28 passed; 0 failed; 0 ignored; 0 measured; 0 filtered out; finished in 1.44s
#24 2.454 
#24 2.455      Running unittests src/main.rs (target/debug/deps/oko-13b09a8f75ca55e6)
#24 2.458 
#24 2.458 running 0 tests
#24 2.458 
#24 2.458 test result: ok. 0 passed; 0 failed; 0 ignored; 0 measured; 0 filtered out; finished in 0.00s
#24 2.458 
#24 2.458      Running tests/api.rs (target/debug/deps/api-6237c0663de291ee)
#24 2.460 
#24 2.460 running 0 tests
#24 2.460 
#24 2.460 test result: ok. 0 passed; 0 failed; 0 ignored; 0 measured; 0 filtered out; finished in 0.00s
#24 2.460 
#24 2.460      Running tests/app.rs (target/debug/deps/app-ea0acbeb6ae336a8)
#24 2.462 
#24 2.462 running 0 tests
#24 2.462 
#24 2.462 test result: ok. 0 passed; 0 failed; 0 ignored; 0 measured; 0 filtered out; finished in 0.00s
#24 2.462 
#24 2.462      Running tests/db.rs (target/debug/deps/db-cf395a4adede822c)
#24 2.465 
#24 2.465 running 2 tests
#24 3.034 test user_on_delete ... ok
#24 3.093 test camera_on_delete ... ok
#24 3.093 
#24 3.093 test result: ok. 2 passed; 0 failed; 0 ignored; 0 measured; 0 filtered out; finished in 0.63s
#24 3.093 
#24 3.094      Running tests/utils.rs (target/debug/deps/utils-746b119b2fa42b62)
#24 3.096 
#24 3.096 running 0 tests
#24 3.096 
#24 3.096 test result: ok. 0 passed; 0 failed; 0 ignored; 0 measured; 0 filtered out; finished in 0.00s
#24 3.096 
#24 3.097      Running tests/web.rs (target/debug/deps/web-30f027e0f8f401f7)
#24 3.116 
#24 3.116 running 10 tests
#24 4.710 test home_redirect ... ok
#24 5.415 test camera_user_can_view ... ok
#24 5.450 test home_feeds ... ok
#24 6.184 test camera_user_permission_updates ... ok
#24 6.531 test record ... ok
#24 6.547 test multi_camera_record ... ok
#24 6.959 test camera_add_remove ... ok
#24 7.698 test login_and_logout ... ok
#24 8.129 test download_video ... ok
#24 9.361 test live_feed ... ok
#24 9.361 
#24 9.361 test result: ok. 10 passed; 0 failed; 0 ignored; 0 measured; 0 filtered out; finished in 6.25s
#24 9.361 
#24 9.376    Doc-tests oko
#24 9.600 
#24 9.600 running 0 tests
#24 9.600 
#24 9.600 test result: ok. 0 passed; 0 failed; 0 ignored; 0 measured; 0 filtered out; finished in 0.00s
#24 9.600 
#24 DONE 9.7s

#25 exporting to image
#25 exporting layers
#25 exporting layers 17.7s done
#25 writing image sha256:99c35e4947186980f589139843c0bd4a4c91cff17deee8a7773bfbdb405ee06a done
#25 DONE 17.8s
