#0 building with "default" instance using docker driver

#1 [internal] load build definition from ubuntu-22.04-opencv-full-build.Dockerfile
#1 transferring dockerfile: 8.84kB done
#1 DONE 0.0s

#2 [internal] load metadata for docker.io/library/ubuntu:22.04
#2 DONE 0.0s

#3 [internal] load metadata for docker.io/library/node:22.12
#3 ...

#4 [auth] library/node:pull token for registry-1.docker.io
#4 DONE 0.0s

#3 [internal] load metadata for docker.io/library/node:22.12
#3 DONE 1.2s

#5 [internal] load .dockerignore
#5 transferring context: 2B done
#5 DONE 0.0s

#6 [frontend 1/3] FROM docker.io/library/node:22.12@sha256:0e910f435308c36ea60b4cfd7b80208044d77a074d16b768a81901ce938a62dc
#6 DONE 0.0s

#7 [opencv_download 1/4] FROM docker.io/library/ubuntu:22.04
#7 DONE 0.0s

#8 [opencv_download 4/4] RUN set -xeu &&     mkdir -p /root/dist &&     curl -sSfL "https://github.com/opencv/opencv/archive/refs/tags/4.8.0.tar.gz" | tar xz -C /root/dist &&     curl -sSfL "https://github.com/opencv/opencv_contrib/archive/refs/tags/4.8.0.tar.gz" | tar xz -C /root/dist &&     sed -ri 's/Ptr<FarnebackOpticalFlow> cv::cuda::FarnebackOpticalFlow::create/Ptr<cv::cuda::FarnebackOpticalFlow> cv::cuda::FarnebackOpticalFlow::create/' "/root/dist/opencv_contrib-4.8.0/modules/cudaoptflow/src/farneback.cpp" # patch for version 4.8.0
#8 CACHED

#9 [opencv_download 2/4] RUN set -xeu &&     apt-get update &&     DEBIAN_FRONTEND=noninteractive apt-get dist-upgrade -y &&     apt-get autoremove -y --purge &&     apt-get -y autoclean
#9 CACHED

#10 [backend 3/5] RUN set -xeu &&     DEBIAN_FRONTEND=noninteractive apt-get install -y clang libclang-dev cmake     libatlas-base-dev libceres-dev libeigen3-dev libva-dev     libavcodec-dev libavformat-dev libavutil-dev libswscale-dev
#10 CACHED

#11 [opencv_download 3/4] RUN set -xeu && 	DEBIAN_FRONTEND=noninteractive apt-get install -y curl
#11 CACHED

#12 [backend 4/5] COPY --from=opencv_download /root/dist /root/dist
#12 CACHED

#13 [backend 5/5] RUN set -xeu &&     mkdir -p /root/build &&     cmake -B /root/build -S "/root/dist/opencv-4.8.0" -D OPENCV_EXTRA_MODULES_PATH="/root/dist/opencv_contrib-4.8.0/modules" -D CMAKE_INSTALL_PREFIX=/opt/opencv     	-D BUILD_CUDA_STUBS=OFF     	-D BUILD_DOCS=OFF     	-D BUILD_EXAMPLES=OFF     	-D BUILD_IPP_IW=ON     	-D BUILD_ITT=OFF     	-D BUILD_JASPER=ON     	-D BUILD_JAVA=OFF     	-D BUILD_JPEG=ON     	-D BUILD_OPENEXR=OFF     	-D BUILD_PERF_TESTS=OFF     	-D BUILD_PNG=ON     	-D BUILD_PROTOBUF=OFF     	-D BUILD_SHARED_LIBS=OFF     	-D BUILD_TBB=OFF     	-D BUILD_TESTS=OFF     	-D BUILD_TIFF=OFF     	-D BUILD_WEBP=OFF     	-D BUILD_WITH_DYNAMIC_IPP=OFF     	-D BUILD_ZLIB=ON 		-D BUILD_opencv_alphamat=OFF 		-D BUILD_opencv_aruco=OFF 		-D BUILD_opencv_bgsegm=OFF 		-D BUILD_opencv_bioinspired=OFF 		-D BUILD_opencv_calib3d=OFF 		-D BUILD_opencv_ccalib=OFF 		-D BUILD_opencv_core=ON 		-D BUILD_opencv_datasets=OFF 		-D BUILD_opencv_dnn=OFF 		-D BUILD_opencv_dnn_objdetect=OFF 		-D BUILD_opencv_dnn_superres=OFF 		-D BUILD_opencv_dpm=OFF 		-D BUILD_opencv_face=OFF 		-D BUILD_opencv_features2d=OFF 		-D BUILD_opencv_flann=OFF 		-D BUILD_opencv_fuzzy=OFF 		-D BUILD_opencv_gapi=OFF 		-D BUILD_opencv_hfs=OFF 		-D BUILD_opencv_highgui=OFF 		-D BUILD_opencv_img_hash=OFF 		-D BUILD_opencv_imgcodecs=ON 		-D BUILD_opencv_imgproc=ON 		-D BUILD_opencv_intensity_transform=OFF 		-D BUILD_opencv_java_bindings_generator=OFF 		-D BUILD_opencv_js_bindings_generator=OFF 		-D BUILD_opencv_line_descriptor=OFF 		-D BUILD_opencv_mcc=OFF 		-D BUILD_opencv_ml=OFF 		-D BUILD_opencv_objc_bindings_generator=OFF 		-D BUILD_opencv_objdetect=OFF 		-D BUILD_opencv_optflow=OFF 		-D BUILD_opencv_phase_unwrapping=OFF 		-D BUILD_opencv_photo=OFF 		-D BUILD_opencv_plot=OFF 		-D BUILD_opencv_python_bindings_generator=OFF 		-D BUILD_opencv_python_tests=OFF 		-D BUILD_opencv_quality=OFF 		-D BUILD_opencv_rapid=OFF 		-D BUILD_opencv_reg=OFF 		-D BUILD_opencv_rgbd=OFF 		-D BUILD_opencv_saliency=OFF 		-D BUILD_opencv_sfm=OFF 		-D BUILD_opencv_shape=OFF 		-D BUILD_opencv_stereo=OFF 		-D BUILD_opencv_stitching=OFF 		-D BUILD_opencv_structured_light=OFF 		-D BUILD_opencv_superres=OFF 		-D BUILD_opencv_surface_matching=OFF 		-D BUILD_opencv_text=OFF 		-D BUILD_opencv_tracking=OFF 		-D BUILD_opencv_video=ON 		-D BUILD_opencv_videoio=ON 		-D BUILD_opencv_videostab=OFF 		-D BUILD_opencv_wechat_qrcode=OFF 		-D BUILD_opencv_xfeatures2d=OFF 		-D BUILD_opencv_ximgproc=OFF 		-D BUILD_opencv_xobjdetect=OFF 		-D BUILD_opencv_xphoto=OFF 		-D BUILD_opencv_freetype=OFF     	-D BUILD_opencv_apps=OFF     	-D BUILD_opencv_python2=OFF     	-D BUILD_opencv_python3=OFF     	-D CMAKE_BUILD_TYPE=Release     	-D ENABLE_CONFIG_VERIFICATION=OFF     	-D CV_ENABLE_INTRINSICS=ON     	-D ENABLE_PIC=ON     	-D INSTALL_CREATE_DISTRIB=OFF     	-D INSTALL_PYTHON_EXAMPLES=OFF     	-D INSTALL_C_EXAMPLES=OFF     	-D INSTALL_TESTS=OFF     	-D OPENCV_ENABLE_NONFREE=ON     	-D OPENCV_FORCE_3RDPARTY_BUILD=ON     	-D OPENCV_GENERATE_PKGCONFIG=OFF     	-D PROTOBUF_UPDATE_FILES=OFF     	-D WITH_1394=OFF     	-D WITH_ADE=OFF     	-D WITH_ARAVIS=OFF     	-D WITH_CLP=OFF     	-D WITH_CUBLAS=OFF     	-D WITH_CUDA=OFF     	-D WITH_CUFFT=OFF     	-D WITH_EIGEN=ON     	-D WITH_FFMPEG=ON 		-D WITH_FREETYPE=OFF     	-D WITH_GDAL=OFF     	-D WITH_GDCM=OFF     	-D WITH_GIGEAPI=OFF     	-D WITH_GPHOTO2=OFF     	-D WITH_GSTREAMER=OFF     	-D WITH_GSTREAMER_0_10=OFF     	-D WITH_GTK=OFF     	-D WITH_GTK_2_X=OFF     	-D WITH_HALIDE=OFF     	-D WITH_IMGCODEC_HDcR=OFF 		-D WITH_IMGCODEC_HDR=OFF     	-D WITH_IMGCODEC_PXM=OFF     	-D WITH_IMGCODEC_SUNRASTER=OFF     	-D WITH_INF_ENGINE=OFF     	-D WITH_IPP=ON     	-D WITH_ITT=OFF     	-D WITH_JASPER=ON     	-D WITH_JPEG=ON     	-D WITH_LAPACK=OFF     	-D WITH_LIBV4L=OFF     	-D WITH_MATLAB=OFF     	-D WITH_MFX=OFF     	-D WITH_NVCUVID=OFF     	-D WITH_OPENCL=OFF     	-D WITH_OPENCLAMDBLAS=OFF     	-D WITH_OPENCLAMDFFT=OFF     	-D WITH_OPENCL_SVM=OFF     	-D WITH_OPENEXR=OFF     	-D WITH_OPENGL=OFF     	-D WITH_OPENMP=OFF     	-D WITH_OPENNI2=OFF     	-D WITH_OPENNI=OFF     	-D WITH_OPENVX=OFF     	-D WITH_PNG=ON     	-D WITH_PROTOBUF=OFF     	-D WITH_PTHREADS_PF=ON     	-D WITH_PVAPI=OFF 		-D WITH_TESSERACT=OFF     	-D WITH_QT=OFF     	-D WITH_QUIRC=OFF     	-D WITH_TBB=OFF     	-D WITH_TIFF=OFF     	-D WITH_UNICAP=OFF     	-D WITH_V4L=OFF     	-D WITH_VA=ON     	-D WITH_VA_INTEL=ON     	-D WITH_VTK=OFF     	-D WITH_WEBP=OFF     	-D WITH_XIMEA=OFF     	-D WITH_XINE=OFF &&     make -C /root/build -j`nproc` install
#13 0.366 + mkdir -p /root/build
#13 0.374 + cmake -B /root/build -S /root/dist/opencv-4.8.0 -D OPENCV_EXTRA_MODULES_PATH=/root/dist/opencv_contrib-4.8.0/modules -D CMAKE_INSTALL_PREFIX=/opt/opencv -D BUILD_CUDA_STUBS=OFF -D BUILD_DOCS=OFF -D BUILD_EXAMPLES=OFF -D BUILD_IPP_IW=ON -D BUILD_ITT=OFF -D BUILD_JASPER=ON -D BUILD_JAVA=OFF -D BUILD_JPEG=ON -D BUILD_OPENEXR=OFF -D BUILD_PERF_TESTS=OFF -D BUILD_PNG=ON -D BUILD_PROTOBUF=OFF -D BUILD_SHARED_LIBS=OFF -D BUILD_TBB=OFF -D BUILD_TESTS=OFF -D BUILD_TIFF=OFF -D BUILD_WEBP=OFF -D BUILD_WITH_DYNAMIC_IPP=OFF -D BUILD_ZLIB=ON -D BUILD_opencv_alphamat=OFF -D BUILD_opencv_aruco=OFF -D BUILD_opencv_bgsegm=OFF -D BUILD_opencv_bioinspired=OFF -D BUILD_opencv_calib3d=OFF -D BUILD_opencv_ccalib=OFF -D BUILD_opencv_core=ON -D BUILD_opencv_datasets=OFF -D BUILD_opencv_dnn=OFF -D BUILD_opencv_dnn_objdetect=OFF -D BUILD_opencv_dnn_superres=OFF -D BUILD_opencv_dpm=OFF -D BUILD_opencv_face=OFF -D BUILD_opencv_features2d=OFF -D BUILD_opencv_flann=OFF -D BUILD_opencv_fuzzy=OFF -D BUILD_opencv_gapi=OFF -D BUILD_opencv_hfs=OFF -D BUILD_opencv_highgui=OFF -D BUILD_opencv_img_hash=OFF -D BUILD_opencv_imgcodecs=ON -D BUILD_opencv_imgproc=ON -D BUILD_opencv_intensity_transform=OFF -D BUILD_opencv_java_bindings_generator=OFF -D BUILD_opencv_js_bindings_generator=OFF -D BUILD_opencv_line_descriptor=OFF -D BUILD_opencv_mcc=OFF -D BUILD_opencv_ml=OFF -D BUILD_opencv_objc_bindings_generator=OFF -D BUILD_opencv_objdetect=OFF -D BUILD_opencv_optflow=OFF -D BUILD_opencv_phase_unwrapping=OFF -D BUILD_opencv_photo=OFF -D BUILD_opencv_plot=OFF -D BUILD_opencv_python_bindings_generator=OFF -D BUILD_opencv_python_tests=OFF -D BUILD_opencv_quality=OFF -D BUILD_opencv_rapid=OFF -D BUILD_opencv_reg=OFF -D BUILD_opencv_rgbd=OFF -D BUILD_opencv_saliency=OFF -D BUILD_opencv_sfm=OFF -D BUILD_opencv_shape=OFF -D BUILD_opencv_stereo=OFF -D BUILD_opencv_stitching=OFF -D BUILD_opencv_structured_light=OFF -D BUILD_opencv_superres=OFF -D BUILD_opencv_surface_matching=OFF -D BUILD_opencv_text=OFF -D BUILD_opencv_tracking=OFF -D BUILD_opencv_video=ON -D BUILD_opencv_videoio=ON -D BUILD_opencv_videostab=OFF -D BUILD_opencv_wechat_qrcode=OFF -D BUILD_opencv_xfeatures2d=OFF -D BUILD_opencv_ximgproc=OFF -D BUILD_opencv_xobjdetect=OFF -D BUILD_opencv_xphoto=OFF -D BUILD_opencv_freetype=OFF -D BUILD_opencv_apps=OFF -D BUILD_opencv_python2=OFF -D BUILD_opencv_python3=OFF -D CMAKE_BUILD_TYPE=Release -D ENABLE_CONFIG_VERIFICATION=OFF -D CV_ENABLE_INTRINSICS=ON -D ENABLE_PIC=ON -D INSTALL_CREATE_DISTRIB=OFF -D INSTALL_PYTHON_EXAMPLES=OFF -D INSTALL_C_EXAMPLES=OFF -D INSTALL_TESTS=OFF -D OPENCV_ENABLE_NONFREE=ON -D OPENCV_FORCE_3RDPARTY_BUILD=ON -D OPENCV_GENERATE_PKGCONFIG=OFF -D PROTOBUF_UPDATE_FILES=OFF -D WITH_1394=OFF -D WITH_ADE=OFF -D WITH_ARAVIS=OFF -D WITH_CLP=OFF -D WITH_CUBLAS=OFF -D WITH_CUDA=OFF -D WITH_CUFFT=OFF -D WITH_EIGEN=ON -D WITH_FFMPEG=ON -D WITH_FREETYPE=OFF -D WITH_GDAL=OFF -D WITH_GDCM=OFF -D WITH_GIGEAPI=OFF -D WITH_GPHOTO2=OFF -D WITH_GSTREAMER=OFF -D WITH_GSTREAMER_0_10=OFF -D WITH_GTK=OFF -D WITH_GTK_2_X=OFF -D WITH_HALIDE=OFF -D WITH_IMGCODEC_HDcR=OFF -D WITH_IMGCODEC_HDR=OFF -D WITH_IMGCODEC_PXM=OFF -D WITH_IMGCODEC_SUNRASTER=OFF -D WITH_INF_ENGINE=OFF -D WITH_IPP=ON -D WITH_ITT=OFF -D WITH_JASPER=ON -D WITH_JPEG=ON -D WITH_LAPACK=OFF -D WITH_LIBV4L=OFF -D WITH_MATLAB=OFF -D WITH_MFX=OFF -D WITH_NVCUVID=OFF -D WITH_OPENCL=OFF -D WITH_OPENCLAMDBLAS=OFF -D WITH_OPENCLAMDFFT=OFF -D WITH_OPENCL_SVM=OFF -D WITH_OPENEXR=OFF -D WITH_OPENGL=OFF -D WITH_OPENMP=OFF -D WITH_OPENNI2=OFF -D WITH_OPENNI=OFF -D WITH_OPENVX=OFF -D WITH_PNG=ON -D WITH_PROTOBUF=OFF -D WITH_PTHREADS_PF=ON -D WITH_PVAPI=OFF -D WITH_TESSERACT=OFF -D WITH_QT=OFF -D WITH_QUIRC=OFF -D WITH_TBB=OFF -D WITH_TIFF=OFF -D WITH_UNICAP=OFF -D WITH_V4L=OFF -D WITH_VA=ON -D WITH_VA_INTEL=ON -D WITH_VTK=OFF -D WITH_WEBP=OFF -D WITH_XIMEA=OFF -D WITH_XINE=OFF
#13 1.165 -- The CXX compiler identification is Clang 14.0.0
#13 1.301 -- The C compiler identification is GNU 11.4.0
#13 1.314 -- Detecting CXX compiler ABI info
#13 1.421 -- Detecting CXX compiler ABI info - done
#13 1.426 -- Check for working CXX compiler: /usr/bin/c++ - skipped
#13 1.427 -- Detecting CXX compile features
#13 1.428 -- Detecting CXX compile features - done
#13 1.432 -- Detecting C compiler ABI info
#13 1.489 -- Detecting C compiler ABI info - done
#13 1.496 -- Check for working C compiler: /usr/bin/cc - skipped
#13 1.496 -- Detecting C compile features
#13 1.496 -- Detecting C compile features - done
#13 1.501 -- ocv_init_download: OpenCV source tree is not fetched as git repository. 3rdparty resources will be downloaded from github.com by default.
#13 1.502 -- Detected processor: x86_64
#13 1.521 -- Could NOT find PythonInterp (missing: PYTHON_EXECUTABLE) (Required is at least version "2.7")
#13 1.563 -- Found PythonInterp: /usr/bin/python3 (found suitable version "3.10.12", minimum required is "3.2") 
#13 1.579 -- Could NOT find PythonLibs (missing: PYTHON_LIBRARIES PYTHON_INCLUDE_DIRS) (Required is exact version "3.10.12")
#13 1.603 Traceback (most recent call last):
#13 1.603   File "<string>", line 1, in <module>
#13 1.603 ModuleNotFoundError: No module named 'numpy'
#13 1.608 -- Looking for ccache - not found
#13 1.608 -- Performing Test HAVE_CXX_FSIGNED_CHAR
#13 1.720 -- Performing Test HAVE_CXX_FSIGNED_CHAR - Success
#13 1.720 -- Performing Test HAVE_C_FSIGNED_CHAR
#13 1.786 -- Performing Test HAVE_C_FSIGNED_CHAR - Success
#13 1.787 -- Performing Test HAVE_CXX_W
#13 1.881 -- Performing Test HAVE_CXX_W - Success
#13 1.881 -- Performing Test HAVE_C_W
#13 1.929 -- Performing Test HAVE_C_W - Success
#13 1.929 -- Performing Test HAVE_CXX_WALL
#13 2.029 -- Performing Test HAVE_CXX_WALL - Success
#13 2.029 -- Performing Test HAVE_C_WALL
#13 2.077 -- Performing Test HAVE_C_WALL - Success
#13 2.078 -- Performing Test HAVE_CXX_WRETURN_TYPE
#13 2.175 -- Performing Test HAVE_CXX_WRETURN_TYPE - Success
#13 2.175 -- Performing Test HAVE_C_WRETURN_TYPE
#13 2.223 -- Performing Test HAVE_C_WRETURN_TYPE - Success
#13 2.224 -- Performing Test HAVE_CXX_WNON_VIRTUAL_DTOR
#13 2.321 -- Performing Test HAVE_CXX_WNON_VIRTUAL_DTOR - Success
#13 2.321 -- Performing Test HAVE_C_WNON_VIRTUAL_DTOR
#13 2.370 -- Performing Test HAVE_C_WNON_VIRTUAL_DTOR - Failed
#13 2.370 -- Performing Test HAVE_CXX_WADDRESS
#13 2.463 -- Performing Test HAVE_CXX_WADDRESS - Success
#13 2.463 -- Performing Test HAVE_C_WADDRESS
#13 2.515 -- Performing Test HAVE_C_WADDRESS - Success
#13 2.515 -- Performing Test HAVE_CXX_WSEQUENCE_POINT
#13 2.610 -- Performing Test HAVE_CXX_WSEQUENCE_POINT - Success
#13 2.611 -- Performing Test HAVE_C_WSEQUENCE_POINT
#13 2.659 -- Performing Test HAVE_C_WSEQUENCE_POINT - Success
#13 2.660 -- Performing Test HAVE_CXX_WFORMAT
#13 2.752 -- Performing Test HAVE_CXX_WFORMAT - Success
#13 2.753 -- Performing Test HAVE_C_WFORMAT
#13 2.800 -- Performing Test HAVE_C_WFORMAT - Success
#13 2.801 -- Performing Test HAVE_CXX_WFORMAT_SECURITY
#13 2.894 -- Performing Test HAVE_CXX_WFORMAT_SECURITY - Success
#13 2.895 -- Performing Test HAVE_C_WFORMAT_SECURITY
#13 2.942 -- Performing Test HAVE_C_WFORMAT_SECURITY - Success
#13 2.942 -- Performing Test HAVE_CXX_WMISSING_DECLARATIONS
#13 3.037 -- Performing Test HAVE_CXX_WMISSING_DECLARATIONS - Success
#13 3.037 -- Performing Test HAVE_C_WMISSING_DECLARATIONS
#13 3.085 -- Performing Test HAVE_C_WMISSING_DECLARATIONS - Success
#13 3.086 -- Performing Test HAVE_CXX_WMISSING_PROTOTYPES
#13 3.180 -- Performing Test HAVE_CXX_WMISSING_PROTOTYPES - Success
#13 3.180 -- Performing Test HAVE_C_WMISSING_PROTOTYPES
#13 3.229 -- Performing Test HAVE_C_WMISSING_PROTOTYPES - Success
#13 3.229 -- Performing Test HAVE_CXX_WSTRICT_PROTOTYPES
#13 3.325 -- Performing Test HAVE_CXX_WSTRICT_PROTOTYPES - Success
#13 3.326 -- Performing Test HAVE_C_WSTRICT_PROTOTYPES
#13 3.374 -- Performing Test HAVE_C_WSTRICT_PROTOTYPES - Success
#13 3.375 -- Performing Test HAVE_CXX_WUNDEF
#13 3.468 -- Performing Test HAVE_CXX_WUNDEF - Success
#13 3.469 -- Performing Test HAVE_C_WUNDEF
#13 3.517 -- Performing Test HAVE_C_WUNDEF - Success
#13 3.517 -- Performing Test HAVE_CXX_WINIT_SELF
#13 3.651 -- Performing Test HAVE_CXX_WINIT_SELF - Success
#13 3.652 -- Performing Test HAVE_C_WINIT_SELF
#13 3.708 -- Performing Test HAVE_C_WINIT_SELF - Success
#13 3.708 -- Performing Test HAVE_CXX_WPOINTER_ARITH
#13 3.813 -- Performing Test HAVE_CXX_WPOINTER_ARITH - Success
#13 3.813 -- Performing Test HAVE_C_WPOINTER_ARITH
#13 3.867 -- Performing Test HAVE_C_WPOINTER_ARITH - Success
#13 3.867 -- Performing Test HAVE_CXX_WSHADOW
#13 3.963 -- Performing Test HAVE_CXX_WSHADOW - Success
#13 3.963 -- Performing Test HAVE_C_WSHADOW
#13 4.012 -- Performing Test HAVE_C_WSHADOW - Success
#13 4.013 -- Performing Test HAVE_CXX_WSIGN_PROMO
#13 4.112 -- Performing Test HAVE_CXX_WSIGN_PROMO - Success
#13 4.112 -- Performing Test HAVE_C_WSIGN_PROMO
#13 4.163 -- Performing Test HAVE_C_WSIGN_PROMO - Failed
#13 4.163 -- Performing Test HAVE_CXX_WUNINITIALIZED
#13 4.273 -- Performing Test HAVE_CXX_WUNINITIALIZED - Success
#13 4.273 -- Performing Test HAVE_C_WUNINITIALIZED
#13 4.334 -- Performing Test HAVE_C_WUNINITIALIZED - Success
#13 4.334 -- Performing Test HAVE_CXX_WINCONSISTENT_MISSING_OVERRIDE
#13 4.439 -- Performing Test HAVE_CXX_WINCONSISTENT_MISSING_OVERRIDE - Success
#13 4.440 -- Performing Test HAVE_C_WINCONSISTENT_MISSING_OVERRIDE
#13 4.465 -- Performing Test HAVE_C_WINCONSISTENT_MISSING_OVERRIDE - Failed
#13 4.465 -- Performing Test HAVE_CXX_WNO_DELETE_NON_VIRTUAL_DTOR
#13 4.570 -- Performing Test HAVE_CXX_WNO_DELETE_NON_VIRTUAL_DTOR - Success
#13 4.571 -- Performing Test HAVE_C_WNO_DELETE_NON_VIRTUAL_DTOR
#13 4.623 -- Performing Test HAVE_C_WNO_DELETE_NON_VIRTUAL_DTOR - Failed
#13 4.623 -- Performing Test HAVE_CXX_WNO_UNNAMED_TYPE_TEMPLATE_ARGS
#13 4.725 -- Performing Test HAVE_CXX_WNO_UNNAMED_TYPE_TEMPLATE_ARGS - Success
#13 4.725 -- Performing Test HAVE_C_WNO_UNNAMED_TYPE_TEMPLATE_ARGS
#13 4.779 -- Performing Test HAVE_C_WNO_UNNAMED_TYPE_TEMPLATE_ARGS - Failed
#13 4.779 -- Performing Test HAVE_CXX_WNO_COMMENT
#13 4.881 -- Performing Test HAVE_CXX_WNO_COMMENT - Success
#13 4.882 -- Performing Test HAVE_C_WNO_COMMENT
#13 4.936 -- Performing Test HAVE_C_WNO_COMMENT - Success
#13 4.936 -- Performing Test HAVE_CXX_WNO_DEPRECATED_ENUM_ENUM_CONVERSION
#13 5.041 -- Performing Test HAVE_CXX_WNO_DEPRECATED_ENUM_ENUM_CONVERSION - Success
#13 5.042 -- Performing Test HAVE_C_WNO_DEPRECATED_ENUM_ENUM_CONVERSION
#13 5.091 -- Performing Test HAVE_C_WNO_DEPRECATED_ENUM_ENUM_CONVERSION - Failed
#13 5.091 -- Performing Test HAVE_CXX_WNO_DEPRECATED_ANON_ENUM_ENUM_CONVERSION
#13 5.192 -- Performing Test HAVE_CXX_WNO_DEPRECATED_ANON_ENUM_ENUM_CONVERSION - Success
#13 5.193 -- Performing Test HAVE_C_WNO_DEPRECATED_ANON_ENUM_ENUM_CONVERSION
#13 5.245 -- Performing Test HAVE_C_WNO_DEPRECATED_ANON_ENUM_ENUM_CONVERSION - Failed
#13 5.245 -- Performing Test HAVE_CXX_FDIAGNOSTICS_SHOW_OPTION
#13 5.379 -- Performing Test HAVE_CXX_FDIAGNOSTICS_SHOW_OPTION - Success
#13 5.379 -- Performing Test HAVE_C_FDIAGNOSTICS_SHOW_OPTION
#13 5.432 -- Performing Test HAVE_C_FDIAGNOSTICS_SHOW_OPTION - Success
#13 5.432 -- Performing Test HAVE_CXX_WNO_LONG_LONG
#13 5.560 -- Performing Test HAVE_CXX_WNO_LONG_LONG - Success
#13 5.561 -- Performing Test HAVE_C_WNO_LONG_LONG
#13 5.614 -- Performing Test HAVE_C_WNO_LONG_LONG - Success
#13 5.615 -- Performing Test HAVE_CXX_PTHREAD
#13 5.723 -- Performing Test HAVE_CXX_PTHREAD - Success
#13 5.724 -- Performing Test HAVE_C_PTHREAD
#13 5.779 -- Performing Test HAVE_C_PTHREAD - Success
#13 5.779 -- Performing Test HAVE_CXX_QUNUSED_ARGUMENTS
#13 5.889 -- Performing Test HAVE_CXX_QUNUSED_ARGUMENTS - Success
#13 5.889 -- Performing Test HAVE_C_QUNUSED_ARGUMENTS
#13 5.916 -- Performing Test HAVE_C_QUNUSED_ARGUMENTS - Failed
#13 5.916 -- Performing Test HAVE_CXX_FFUNCTION_SECTIONS
#13 6.023 -- Performing Test HAVE_CXX_FFUNCTION_SECTIONS - Success
#13 6.023 -- Performing Test HAVE_C_FFUNCTION_SECTIONS
#13 6.077 -- Performing Test HAVE_C_FFUNCTION_SECTIONS - Success
#13 6.077 -- Performing Test HAVE_CXX_FDATA_SECTIONS
#13 6.185 -- Performing Test HAVE_CXX_FDATA_SECTIONS - Success
#13 6.185 -- Performing Test HAVE_C_FDATA_SECTIONS
#13 6.237 -- Performing Test HAVE_C_FDATA_SECTIONS - Success
#13 6.241 -- Performing Test HAVE_CXX_MSSE (check file: cmake/checks/cpu_sse.cpp)
#13 6.411 -- Performing Test HAVE_CXX_MSSE - Success
#13 6.412 -- Performing Test HAVE_CXX_MSSE2 (check file: cmake/checks/cpu_sse2.cpp)
#13 6.537 -- Performing Test HAVE_CXX_MSSE2 - Success
#13 6.537 -- Performing Test HAVE_CXX_MSSE3 (check file: cmake/checks/cpu_sse3.cpp)
#13 6.673 -- Performing Test HAVE_CXX_MSSE3 - Success
#13 6.674 -- Performing Test HAVE_CXX_MSSSE3 (check file: cmake/checks/cpu_ssse3.cpp)
#13 6.805 -- Performing Test HAVE_CXX_MSSSE3 - Success
#13 6.805 -- Performing Test HAVE_CXX_MSSE4_1 (check file: cmake/checks/cpu_sse41.cpp)
#13 6.938 -- Performing Test HAVE_CXX_MSSE4_1 - Success
#13 6.939 -- Performing Test HAVE_CXX_MPOPCNT (check file: cmake/checks/cpu_popcnt.cpp)
#13 7.036 -- Performing Test HAVE_CXX_MPOPCNT - Success
#13 7.036 -- Performing Test HAVE_CXX_MSSE4_2 (check file: cmake/checks/cpu_sse42.cpp)
#13 7.168 -- Performing Test HAVE_CXX_MSSE4_2 - Success
#13 7.168 -- Performing Test HAVE_CXX_MF16C (check file: cmake/checks/cpu_fp16.cpp)
#13 7.558 -- Performing Test HAVE_CXX_MF16C - Success
#13 7.558 -- Performing Test HAVE_CXX_MFMA
#13 7.652 -- Performing Test HAVE_CXX_MFMA - Success
#13 7.652 -- Performing Test HAVE_CXX_MAVX (check file: cmake/checks/cpu_avx.cpp)
#13 7.981 -- Performing Test HAVE_CXX_MAVX - Success
#13 7.982 -- Performing Test HAVE_CXX_MAVX2 (check file: cmake/checks/cpu_avx2.cpp)
#13 8.313 -- Performing Test HAVE_CXX_MAVX2 - Success
#13 8.314 -- Performing Test HAVE_CXX_MAVX512F (check file: cmake/checks/cpu_avx512.cpp)
#13 8.651 -- Performing Test HAVE_CXX_MAVX512F - Success
#13 8.652 -- Performing Test HAVE_CXX_MAVX512F_MAVX512CD (check file: cmake/checks/cpu_avx512common.cpp)
#13 8.990 -- Performing Test HAVE_CXX_MAVX512F_MAVX512CD - Success
#13 8.991 -- Performing Test HAVE_CXX_MAVX512F_MAVX512CD_MAVX512VL_MAVX512BW_MAVX512DQ (check file: cmake/checks/cpu_avx512skx.cpp)
#13 9.337 -- Performing Test HAVE_CXX_MAVX512F_MAVX512CD_MAVX512VL_MAVX512BW_MAVX512DQ - Success
#13 9.339 -- Performing Test HAVE_CPU_BASELINE_FLAGS
#13 9.442 -- Performing Test HAVE_CPU_BASELINE_FLAGS - Success
#13 9.444 -- Performing Test HAVE_CPU_DISPATCH_FLAGS_SSE4_1
#13 9.548 -- Performing Test HAVE_CPU_DISPATCH_FLAGS_SSE4_1 - Success
#13 9.550 -- Performing Test HAVE_CPU_DISPATCH_FLAGS_SSE4_2
#13 9.656 -- Performing Test HAVE_CPU_DISPATCH_FLAGS_SSE4_2 - Success
#13 9.658 -- Performing Test HAVE_CPU_DISPATCH_FLAGS_FP16
#13 9.769 -- Performing Test HAVE_CPU_DISPATCH_FLAGS_FP16 - Success
#13 9.771 -- Performing Test HAVE_CPU_DISPATCH_FLAGS_AVX
#13 9.874 -- Performing Test HAVE_CPU_DISPATCH_FLAGS_AVX - Success
#13 9.876 -- Performing Test HAVE_CPU_DISPATCH_FLAGS_AVX2
#13 9.979 -- Performing Test HAVE_CPU_DISPATCH_FLAGS_AVX2 - Success
#13 9.981 -- Performing Test HAVE_CPU_DISPATCH_FLAGS_AVX512_SKX
#13 10.08 -- Performing Test HAVE_CPU_DISPATCH_FLAGS_AVX512_SKX - Success
#13 10.08 -- Performing Test HAVE_CXX_FVISIBILITY_HIDDEN
#13 10.18 -- Performing Test HAVE_CXX_FVISIBILITY_HIDDEN - Success
#13 10.18 -- Performing Test HAVE_C_FVISIBILITY_HIDDEN
#13 10.23 -- Performing Test HAVE_C_FVISIBILITY_HIDDEN - Success
#13 10.23 -- Performing Test HAVE_CXX_FVISIBILITY_INLINES_HIDDEN
#13 10.35 -- Performing Test HAVE_CXX_FVISIBILITY_INLINES_HIDDEN - Success
#13 10.35 -- Performing Test HAVE_C_FVISIBILITY_INLINES_HIDDEN
#13 10.41 -- Performing Test HAVE_C_FVISIBILITY_INLINES_HIDDEN - Failed
#13 10.41 -- Performing Test HAVE_LINK_AS_NEEDED
#13 10.50 -- Performing Test HAVE_LINK_AS_NEEDED - Success
#13 10.50 -- Performing Test HAVE_LINK_NO_UNDEFINED
#13 10.62 -- Performing Test HAVE_LINK_NO_UNDEFINED - Success
#13 10.64 -- Looking for pthread.h
#13 10.71 -- Looking for pthread.h - found
#13 10.71 -- Looking for posix_memalign
#13 10.78 -- Looking for posix_memalign - found
#13 10.78 -- Looking for malloc.h
#13 10.84 -- Looking for malloc.h - found
#13 10.84 -- Looking for memalign
#13 10.90 -- Looking for memalign - found
#13 10.91 -- Looking for fseeko
#13 10.97 -- Looking for fseeko - found
#13 10.97 -- Looking for unistd.h
#13 11.04 -- Looking for unistd.h - found
#13 11.04 -- Looking for sys/types.h
#13 11.09 -- Looking for sys/types.h - found
#13 11.09 -- Looking for stdint.h
#13 11.15 -- Looking for stdint.h - found
#13 11.15 -- Looking for stddef.h
#13 11.21 -- Looking for stddef.h - found
#13 11.21 -- Check size of off64_t
#13 11.24 -- Check size of off64_t - failed
#13 11.24 -- Performing Test HAVE_C_WNO_SHORTEN_64_TO_32
#13 11.30 -- Performing Test HAVE_C_WNO_SHORTEN_64_TO_32 - Failed
#13 11.30 -- Performing Test HAVE_C_WNO_ATTRIBUTES
#13 11.35 -- Performing Test HAVE_C_WNO_ATTRIBUTES - Success
#13 11.35 -- Performing Test HAVE_C_WNO_STRICT_PROTOTYPES
#13 11.41 -- Performing Test HAVE_C_WNO_STRICT_PROTOTYPES - Success
#13 11.41 -- Performing Test HAVE_C_WNO_MISSING_PROTOTYPES
#13 11.46 -- Performing Test HAVE_C_WNO_MISSING_PROTOTYPES - Success
#13 11.46 -- Performing Test HAVE_C_WNO_MISSING_DECLARATIONS
#13 11.52 -- Performing Test HAVE_C_WNO_MISSING_DECLARATIONS - Success
#13 11.52 -- Performing Test HAVE_C_WNO_SHIFT_NEGATIVE_VALUE
#13 11.57 -- Performing Test HAVE_C_WNO_SHIFT_NEGATIVE_VALUE - Success
#13 11.57 -- Performing Test HAVE_C_WNO_UNDEF
#13 11.62 -- Performing Test HAVE_C_WNO_UNDEF - Success
#13 11.62 -- Performing Test HAVE_C_WNO_IMPLICIT_FALLTHROUGH
#13 11.67 -- Performing Test HAVE_C_WNO_IMPLICIT_FALLTHROUGH - Success
#13 11.68 -- Performing Test HAVE_C_WNO_UNUSED_PARAMETER
#13 11.73 -- Performing Test HAVE_C_WNO_UNUSED_PARAMETER - Success
#13 11.73 -- Performing Test HAVE_C_WNO_SIGN_COMPARE
#13 11.78 -- Performing Test HAVE_C_WNO_SIGN_COMPARE - Success
#13 11.78 -- libjpeg-turbo: VERSION = 2.1.3, BUILD = opencv-4.8.0-libjpeg-turbo
#13 11.78 -- Check size of size_t
#13 11.84 -- Check size of size_t - done
#13 11.84 -- Check size of unsigned long
#13 11.90 -- Check size of unsigned long - done
#13 11.90 -- Performing Test HAVE_BUILTIN_CTZL
#13 11.95 -- Performing Test HAVE_BUILTIN_CTZL - Success
#13 11.95 -- Looking for include file locale.h
#13 12.00 -- Looking for include file locale.h - found
#13 12.00 -- Looking for include file stdlib.h
#13 12.06 -- Looking for include file stdlib.h - found
#13 12.06 -- Looking for include file sys/types.h
#13 12.11 -- Looking for include file sys/types.h - found
#13 12.12 -- Looking for a ASM_NASM compiler
#13 12.15 -- Looking for a ASM_NASM compiler - NOTFOUND
#13 12.15 -- libjpeg-turbo(SIMD): SIMD extensions disabled: could not find NASM compiler.  Performance will suffer.
#13 12.15 -- Could NOT find OpenJPEG (minimal suitable version: 2.0, recommended version >= 2.3.1). OpenJPEG will be built from sources
#13 12.16 -- Performing Test HAVE_C_WNO_IMPLICIT_CONST_INT_FLOAT_CONVERSION
#13 12.21 -- Performing Test HAVE_C_WNO_IMPLICIT_CONST_INT_FLOAT_CONVERSION - Failed
#13 12.21 -- Performing Test HAVE_C_WNO_UNUSED_BUT_SET_VARIABLE
#13 12.26 -- Performing Test HAVE_C_WNO_UNUSED_BUT_SET_VARIABLE - Success
#13 12.26 -- OpenJPEG: VERSION = 2.5.0, BUILD = opencv-4.8.0-openjp2-2.5.0
#13 12.26 -- Looking for string.h
#13 12.32 -- Looking for string.h - found
#13 12.32 -- Looking for memory.h
#13 12.37 -- Looking for memory.h - found
#13 12.37 -- Looking for stdio.h
#13 12.43 -- Looking for stdio.h - found
#13 12.43 -- Looking for math.h
#13 12.49 -- Looking for math.h - found
#13 12.49 -- Looking for float.h
#13 12.54 -- Looking for float.h - found
#13 12.54 -- Looking for time.h
#13 12.60 -- Looking for time.h - found
#13 12.60 -- Looking for stdarg.h
#13 12.65 -- Looking for stdarg.h - found
#13 12.65 -- Looking for ctype.h
#13 12.70 -- Looking for ctype.h - found
#13 12.70 -- Looking for assert.h
#13 12.76 -- Looking for assert.h - found
#13 12.76 -- Looking for stdint.h
#13 12.81 -- Looking for stdint.h - found
#13 12.81 -- Looking for inttypes.h
#13 12.87 -- Looking for inttypes.h - found
#13 12.87 -- Looking for strings.h
#13 12.92 -- Looking for strings.h - found
#13 12.92 -- Looking for sys/stat.h
#13 12.98 -- Looking for sys/stat.h - found
#13 12.98 -- Looking for unistd.h
#13 13.03 -- Looking for unistd.h - found
#13 13.03 -- Looking for include file malloc.h
#13 13.09 -- Looking for include file malloc.h - found
#13 13.09 -- Looking for _aligned_malloc
#13 13.12 -- Looking for _aligned_malloc - not found
#13 13.12 -- Looking for posix_memalign
#13 13.17 -- Looking for posix_memalign - found
#13 13.17 -- Looking for memalign
#13 13.23 -- Looking for memalign - found
#13 13.23 -- Performing Test HAVE_C_WNO_CAST_FUNCTION_TYPE
#13 13.28 -- Performing Test HAVE_C_WNO_CAST_FUNCTION_TYPE - Success
#13 13.28 -- Performing Test HAVE_C_WNO_SHADOW
#13 13.33 -- Performing Test HAVE_C_WNO_SHADOW - Success
#13 13.34 -- Performing Test HAVE_C_WNO_UNUSED_FUNCTION
#13 13.39 -- Performing Test HAVE_C_WNO_UNUSED_FUNCTION - Success
#13 13.50 -- OpenJPEG libraries will be built from sources: libopenjp2 (version "2.5.0")
#13 13.51 -- Performing Test HAVE_C_WNO_CAST_ALIGN
#13 13.56 -- Performing Test HAVE_C_WNO_CAST_ALIGN - Success
#13 13.56 -- Performing Test HAVE_C_WNO_MAYBE_UNINITIALIZED
#13 13.61 -- Performing Test HAVE_C_WNO_MAYBE_UNINITIALIZED - Success
#13 13.61 -- Performing Test HAVE_C_WNO_NULL_POINTER_SUBTRACTION
#13 13.66 -- Performing Test HAVE_C_WNO_NULL_POINTER_SUBTRACTION - Failed
#13 13.67 -- IPPICV: Downloading ippicv_2021.8_lnx_intel64_20230330_general.tgz from https://raw.githubusercontent.com/opencv/opencv_3rdparty/1224f78da6684df04397ac0f40c961ed37f79ccb/ippicv/ippicv_2021.8_lnx_intel64_20230330_general.tgz
#13 14.99 -- found Intel IPP (ICV version): 2021.8.0 [2021.8]
#13 14.99 -- at: /root/build/3rdparty/ippicv/ippicv_lnx/icv
#13 14.99 -- found Intel IPP Integration Wrappers sources: 2021.8.0
#13 14.99 -- at: /root/build/3rdparty/ippicv/ippicv_lnx/iw
#13 15.07 -- Checking for modules 'libavcodec;libavformat;libavutil;libswscale'
#13 15.09 --   Found libavcodec, version 58.134.100
#13 15.09 --   Found libavformat, version 58.76.100
#13 15.10 --   Found libavutil, version 56.70.100
#13 15.11 --   Found libswscale, version 5.9.100
#13 15.13 -- Checking for module 'libavresample'
#13 15.13 --   No package 'libavresample' found
#13 15.54 -- Looking for linux/videodev2.h
#13 15.60 -- Looking for linux/videodev2.h - found
#13 15.62 -- Performing Test HAVE_CXX_WNO_UNDEF
#13 15.70 -- Performing Test HAVE_CXX_WNO_UNDEF - Success
#13 15.74 -- Performing Test HAVE_CXX_WNO_INCONSISTENT_MISSING_OVERRIDE
#13 15.82 -- Performing Test HAVE_CXX_WNO_INCONSISTENT_MISSING_OVERRIDE - Success
#13 15.83 -- Checking for module 'freetype2'
#13 15.83 --   No package 'freetype2' found
#13 15.83 -- Checking for module 'harfbuzz'
#13 15.83 --   No package 'harfbuzz' found
#13 15.83 -- freetype2:   NO
#13 15.83 -- harfbuzz:    NO
#13 15.88 -- Could NOT find HDF5 (missing: HDF5_LIBRARIES HDF5_INCLUDE_DIRS) (found version "")
#13 15.89 -- Julia not found. Not compiling Julia Bindings. 
#13 15.90 -- Module opencv_ovis disabled because OGRE3D was not found
#13 16.26 -- Checking SFM glog/gflags deps... TRUE
#13 16.31 -- Allocator metrics storage type: 'long long'
#13 16.33 -- Excluding from source files list: modules/imgproc/src/imgwarp.lasx.cpp
#13 16.33 -- Excluding from source files list: modules/imgproc/src/resize.lasx.cpp
#13 16.35 -- Performing Test HAVE_CXX_WNO_DEPRECATED_DECLARATIONS
#13 16.43 -- Performing Test HAVE_CXX_WNO_DEPRECATED_DECLARATIONS - Success
#13 16.45 -- 
#13 16.45 -- General configuration for OpenCV 4.8.0 =====================================
#13 16.45 --   Version control:               unknown
#13 16.45 -- 
#13 16.45 --   Extra modules:
#13 16.45 --     Location (extra):            /root/dist/opencv_contrib-4.8.0/modules
#13 16.45 --     Version control (extra):     unknown
#13 16.45 -- 
#13 16.45 --   Platform:
#13 16.45 --     Timestamp:                   2024-12-27T14:32:11Z
#13 16.45 --     Host:                        Linux 5.15.167.4-microsoft-standard-WSL2 x86_64
#13 16.45 --     CMake:                       3.22.1
#13 16.45 --     CMake generator:             Unix Makefiles
#13 16.45 --     CMake build tool:            /usr/bin/gmake
#13 16.46 --     Configuration:               Release
#13 16.46 -- 
#13 16.46 --   CPU/HW features:
#13 16.46 --     Baseline:                    SSE SSE2 SSE3
#13 16.46 --       requested:                 SSE3
#13 16.46 --     Dispatched code generation:  SSE4_1 SSE4_2 FP16 AVX AVX2 AVX512_SKX
#13 16.46 --       requested:                 SSE4_1 SSE4_2 AVX FP16 AVX2 AVX512_SKX
#13 16.46 --       SSE4_1 (13 files):         + SSSE3 SSE4_1
#13 16.46 --       SSE4_2 (1 files):          + SSSE3 SSE4_1 POPCNT SSE4_2
#13 16.46 --       FP16 (0 files):            + SSSE3 SSE4_1 POPCNT SSE4_2 FP16 AVX
#13 16.46 --       AVX (3 files):             + SSSE3 SSE4_1 POPCNT SSE4_2 AVX
#13 16.46 --       AVX2 (25 files):           + SSSE3 SSE4_1 POPCNT SSE4_2 FP16 FMA3 AVX AVX2
#13 16.46 --       AVX512_SKX (2 files):      + SSSE3 SSE4_1 POPCNT SSE4_2 FP16 FMA3 AVX AVX2 AVX_512F AVX512_COMMON AVX512_SKX
#13 16.46 -- 
#13 16.46 --   C/C++:
#13 16.46 --     Built as dynamic libs?:      NO
#13 16.46 --     C++ standard:                11
#13 16.46 --     C++ Compiler:                /usr/bin/c++  (ver 14.0.0)
#13 16.46 --     C++ flags (Release):         -fsigned-char -W -Wall -Wreturn-type -Wnon-virtual-dtor -Waddress -Wsequence-point -Wformat -Wformat-security -Wmissing-declarations -Wmissing-prototypes -Wstrict-prototypes -Wundef -Winit-self -Wpointer-arith -Wshadow -Wsign-promo -Wuninitialized -Winconsistent-missing-override -Wno-delete-non-virtual-dtor -Wno-unnamed-type-template-args -Wno-comment -Wno-deprecated-enum-enum-conversion -Wno-deprecated-anon-enum-enum-conversion -fdiagnostics-show-option -Wno-long-long -pthread -Qunused-arguments -ffunction-sections -fdata-sections  -msse -msse2 -msse3 -fvisibility=hidden -fvisibility-inlines-hidden -O3 -DNDEBUG  -DNDEBUG
#13 16.46 --     C++ flags (Debug):           -fsigned-char -W -Wall -Wreturn-type -Wnon-virtual-dtor -Waddress -Wsequence-point -Wformat -Wformat-security -Wmissing-declarations -Wmissing-prototypes -Wstrict-prototypes -Wundef -Winit-self -Wpointer-arith -Wshadow -Wsign-promo -Wuninitialized -Winconsistent-missing-override -Wno-delete-non-virtual-dtor -Wno-unnamed-type-template-args -Wno-comment -Wno-deprecated-enum-enum-conversion -Wno-deprecated-anon-enum-enum-conversion -fdiagnostics-show-option -Wno-long-long -pthread -Qunused-arguments -ffunction-sections -fdata-sections  -msse -msse2 -msse3 -fvisibility=hidden -fvisibility-inlines-hidden -g  -O0 -DDEBUG -D_DEBUG
#13 16.46 --     C Compiler:                  /usr/bin/cc
#13 16.46 --     C flags (Release):           -fsigned-char -W -Wall -Wreturn-type -Waddress -Wsequence-point -Wformat -Wformat-security -Wmissing-declarations -Wmissing-prototypes -Wstrict-prototypes -Wundef -Winit-self -Wpointer-arith -Wshadow -Wuninitialized -Wno-comment -fdiagnostics-show-option -Wno-long-long -pthread -ffunction-sections -fdata-sections  -msse -msse2 -msse3 -fvisibility=hidden -O3 -DNDEBUG  -DNDEBUG
#13 16.46 --     C flags (Debug):             -fsigned-char -W -Wall -Wreturn-type -Waddress -Wsequence-point -Wformat -Wformat-security -Wmissing-declarations -Wmissing-prototypes -Wstrict-prototypes -Wundef -Winit-self -Wpointer-arith -Wshadow -Wuninitialized -Wno-comment -fdiagnostics-show-option -Wno-long-long -pthread -ffunction-sections -fdata-sections  -msse -msse2 -msse3 -fvisibility=hidden -g  -O0 -DDEBUG -D_DEBUG
#13 16.46 --     Linker flags (Release):      -Wl,--exclude-libs,libippicv.a -Wl,--exclude-libs,libippiw.a   -Wl,--gc-sections -Wl,--as-needed -Wl,--no-undefined  
#13 16.46 --     Linker flags (Debug):        -Wl,--exclude-libs,libippicv.a -Wl,--exclude-libs,libippiw.a   -Wl,--gc-sections -Wl,--as-needed -Wl,--no-undefined  
#13 16.46 --     ccache:                      NO
#13 16.46 --     Precompiled headers:         NO
#13 16.46 --     Extra dependencies:          va va-drm dl m pthread rt
#13 16.46 --     3rdparty dependencies:       libjpeg-turbo libpng libopenjp2 zlib ippiw ippicv
#13 16.46 -- 
#13 16.46 --   OpenCV modules:
#13 16.46 --     To be built:                 core imgcodecs imgproc video videoio
#13 16.46 --     Disabled:                    alphamat aruco bgsegm bioinspired calib3d ccalib datasets dnn dnn_objdetect dnn_superres dpm face features2d flann fuzzy hfs highgui img_hash intensity_transform java_bindings_generator js_bindings_generator line_descriptor mcc ml objc_bindings_generator objdetect optflow phase_unwrapping photo plot python_bindings_generator python_tests quality rapid reg rgbd saliency sfm shape stereo stitching structured_light superres surface_matching text tracking videostab wechat_qrcode world xfeatures2d ximgproc xobjdetect xphoto
#13 16.46 --     Disabled by dependency:      -
#13 16.46 --     Unavailable:                 cudaarithm cudabgsegm cudacodec cudafeatures2d cudafilters cudaimgproc cudalegacy cudaobjdetect cudaoptflow cudastereo cudawarping cudev cvv freetype gapi hdf java julia matlab ovis python2 python3 ts viz
#13 16.46 --     Applications:                -
#13 16.46 --     Documentation:               NO
#13 16.46 --     Non-free algorithms:         YES
#13 16.46 -- 
#13 16.46 --   GUI: 
#13 16.46 -- 
#13 16.46 --   Media I/O: 
#13 16.46 --     ZLib:                        build (ver 1.2.13)
#13 16.46 --     JPEG:                        build-libjpeg-turbo (ver 2.1.3-62)
#13 16.46 --       SIMD Support Request:      YES
#13 16.46 --       SIMD Support:              NO
#13 16.46 --     PNG:                         build (ver 1.6.37)
#13 16.46 --     JPEG 2000:                   build (ver 2.5.0)
#13 16.46 --     HDR:                         NO
#13 16.46 --     SUNRASTER:                   NO
#13 16.47 --     PXM:                         NO
#13 16.47 --     PFM:                         YES
#13 16.47 -- 
#13 16.47 --   Video I/O:
#13 16.47 --     FFMPEG:                      YES
#13 16.47 --       avcodec:                   YES (58.134.100)
#13 16.47 --       avformat:                  YES (58.76.100)
#13 16.47 --       avutil:                    YES (56.70.100)
#13 16.47 --       swscale:                   YES (5.9.100)
#13 16.47 --       avresample:                NO
#13 16.47 -- 
#13 16.47 --   Parallel framework:            pthreads
#13 16.47 -- 
#13 16.47 --   Trace:                         YES (built-in)
#13 16.47 -- 
#13 16.47 --   Other third-party libraries:
#13 16.47 --     Intel IPP:                   2021.8 [2021.8.0]
#13 16.47 --            at:                   /root/build/3rdparty/ippicv/ippicv_lnx/icv
#13 16.47 --     Intel IPP IW:                sources (2021.8.0)
#13 16.47 --               at:                /root/build/3rdparty/ippicv/ippicv_lnx/iw
#13 16.47 --     VA:                          YES
#13 16.47 --     Eigen:                       YES (ver 3.4.0)
#13 16.47 --     Custom HAL:                  NO
#13 16.47 --     Flatbuffers:                 builtin/3rdparty (23.5.9)
#13 16.47 -- 
#13 16.47 --   Python (for build):            /usr/bin/python3
#13 16.47 -- 
#13 16.47 --   Install to:                    /opt/opencv
#13 16.47 -- -----------------------------------------------------------------
#13 16.47 -- 
#13 16.65 -- Configuring done
#13 16.79 -- Generating done
#13 16.80 -- Build files have been written to: /root/build
#13 16.83 + nproc
#13 16.83 + make -C /root/build -j16 install
#13 16.83 make: Entering directory '/root/build'
#13 16.85 make[1]: Entering directory '/root/build'
#13 16.85 make[2]: Entering directory '/root/build'
#13 16.85 make[2]: Entering directory '/root/build'
#13 16.85 make[2]: Entering directory '/root/build'
#13 16.85 make[2]: Entering directory '/root/build'
#13 16.85 make[2]: Entering directory '/root/build'
#13 16.85 make[2]: Entering directory '/root/build'
#13 16.85 make[2]: Entering directory '/root/build'
#13 16.85 make[2]: Leaving directory '/root/build'
#13 16.85 make[2]: Leaving directory '/root/build'
#13 16.85 make[2]: Leaving directory '/root/build'
#13 16.85 make[2]: Leaving directory '/root/build'
#13 16.85 make[2]: Leaving directory '/root/build'
#13 16.85 make[2]: Leaving directory '/root/build'
#13 16.85 make[2]: Entering directory '/root/build'
#13 16.86 make[2]: Leaving directory '/root/build'
#13 16.86 make[2]: Entering directory '/root/build'
#13 16.86 make[2]: Entering directory '/root/build'
#13 16.86 make[2]: Entering directory '/root/build'
#13 16.86 [  0%] Built target opencv_dnn_plugins
#13 16.86 [  0%] Built target opencv_highgui_plugins
#13 16.86 [  1%] Building C object 3rdparty/libjpeg-turbo/CMakeFiles/jsimd.dir/src/jsimd_none.c.o
#13 16.86 [  1%] Building C object 3rdparty/ippiw/CMakeFiles/ippiw.dir/src/iw_core.c.o
#13 16.86 [  1%] Built target opencv_videoio_plugins
#13 16.86 [  1%] Building C object 3rdparty/openjpeg/openjp2/CMakeFiles/libopenjp2.dir/thread.c.o
#13 16.86 [  1%] Building C object 3rdparty/ippiw/CMakeFiles/ippiw.dir/src/iw_image.c.o
#13 16.86 [  1%] Building C object 3rdparty/ippiw/CMakeFiles/ippiw.dir/src/iw_image_color_convert_all.c.o
#13 16.86 [  1%] Building C object 3rdparty/zlib/CMakeFiles/zlib.dir/adler32.c.o
#13 16.86 [  1%] Building C object 3rdparty/openjpeg/openjp2/CMakeFiles/libopenjp2.dir/cio.c.o
#13 16.86 [  1%] Building C object 3rdparty/openjpeg/openjp2/CMakeFiles/libopenjp2.dir/bio.c.o
#13 16.86 [  1%] Building C object 3rdparty/zlib/CMakeFiles/zlib.dir/compress.c.o
#13 16.86 [  1%] Building C object 3rdparty/zlib/CMakeFiles/zlib.dir/crc32.c.o
#13 16.86 [  1%] Building C object 3rdparty/ippiw/CMakeFiles/ippiw.dir/src/iw_image_color_convert_rgbs.c.o
#13 16.87 [  2%] Building C object 3rdparty/zlib/CMakeFiles/zlib.dir/deflate.c.o
#13 16.87 [  2%] Building C object 3rdparty/zlib/CMakeFiles/zlib.dir/gzclose.c.o
#13 16.87 [  3%] Building C object 3rdparty/openjpeg/openjp2/CMakeFiles/libopenjp2.dir/dwt.c.o
#13 16.87 [  3%] Building C object 3rdparty/ippiw/CMakeFiles/ippiw.dir/src/iw_image_filter_bilateral.c.o
#13 16.87 [  3%] Building C object 3rdparty/zlib/CMakeFiles/zlib.dir/gzlib.c.o
#13 16.94 [  3%] Building C object 3rdparty/ippiw/CMakeFiles/ippiw.dir/src/iw_image_filter_box.c.o
#13 16.94 [  3%] Building C object 3rdparty/zlib/CMakeFiles/zlib.dir/gzread.c.o
#13 16.96 [  3%] Building C object 3rdparty/ippiw/CMakeFiles/ippiw.dir/src/iw_image_filter_canny.c.o
#13 16.96 [  3%] Building C object 3rdparty/ippiw/CMakeFiles/ippiw.dir/src/iw_image_filter_gaussian.c.o
#13 16.97 make[2]: Leaving directory '/root/build'
#13 16.97 [  4%] Building C object 3rdparty/openjpeg/openjp2/CMakeFiles/libopenjp2.dir/event.c.o
#13 16.98 [  5%] Building C object 3rdparty/ippiw/CMakeFiles/ippiw.dir/src/iw_image_filter_general.c.o
#13 16.98 [  6%] Building C object 3rdparty/zlib/CMakeFiles/zlib.dir/gzwrite.c.o
#13 16.98 [  6%] Building C object 3rdparty/ippiw/CMakeFiles/ippiw.dir/src/iw_image_filter_laplacian.c.o
#13 16.98 [  6%] Built target jsimd
#13 17.00 [  6%] Building C object 3rdparty/openjpeg/openjp2/CMakeFiles/libopenjp2.dir/ht_dec.c.o
#13 17.06 [  6%] Building C object 3rdparty/openjpeg/openjp2/CMakeFiles/libopenjp2.dir/invert.c.o
#13 17.06 [  6%] Building C object 3rdparty/openjpeg/openjp2/CMakeFiles/libopenjp2.dir/image.c.o
#13 17.06 [  7%] Building C object 3rdparty/openjpeg/openjp2/CMakeFiles/libopenjp2.dir/j2k.c.o
#13 17.06 [  7%] Building C object 3rdparty/zlib/CMakeFiles/zlib.dir/inflate.c.o
#13 17.07 [  7%] Building C object 3rdparty/zlib/CMakeFiles/zlib.dir/infback.c.o
#13 17.11 [  7%] Building C object 3rdparty/ippiw/CMakeFiles/ippiw.dir/src/iw_image_filter_morphology.c.o
#13 17.12 [  7%] Building C object 3rdparty/ippiw/CMakeFiles/ippiw.dir/src/iw_image_filter_scharr.c.o
#13 17.12 [  8%] Building C object 3rdparty/ippiw/CMakeFiles/ippiw.dir/src/iw_image_filter_sobel.c.o
#13 17.14 [  8%] Building C object 3rdparty/ippiw/CMakeFiles/ippiw.dir/src/iw_image_op_copy.c.o
#13 17.15 [  8%] Building C object 3rdparty/zlib/CMakeFiles/zlib.dir/inftrees.c.o
#13 17.19 [  8%] Building C object 3rdparty/openjpeg/openjp2/CMakeFiles/libopenjp2.dir/jp2.c.o
#13 17.21 [  8%] Building C object 3rdparty/openjpeg/openjp2/CMakeFiles/libopenjp2.dir/mct.c.o
#13 17.22 [  8%] Building C object 3rdparty/ippiw/CMakeFiles/ippiw.dir/src/iw_image_op_copy_channel.c.o
#13 17.23 [  9%] Building C object 3rdparty/zlib/CMakeFiles/zlib.dir/inffast.c.o
#13 17.26 [  9%] Building C object 3rdparty/ippiw/CMakeFiles/ippiw.dir/src/iw_image_op_copy_make_border.c.o
#13 17.27 [ 10%] Building C object 3rdparty/ippiw/CMakeFiles/ippiw.dir/src/iw_image_op_copy_merge.c.o
#13 17.28 [ 10%] Building C object 3rdparty/ippiw/CMakeFiles/ippiw.dir/src/iw_image_op_copy_split.c.o
#13 17.33 [ 10%] Building C object 3rdparty/zlib/CMakeFiles/zlib.dir/trees.c.o
#13 17.34 [ 10%] Building C object 3rdparty/ippiw/CMakeFiles/ippiw.dir/src/iw_image_op_set.c.o
#13 17.34 [ 10%] Building C object 3rdparty/ippiw/CMakeFiles/ippiw.dir/src/iw_image_op_scale.c.o
#13 17.41 [ 11%] Building C object 3rdparty/ippiw/CMakeFiles/ippiw.dir/src/iw_image_op_set_channel.c.o
#13 17.42 [ 11%] Building C object 3rdparty/zlib/CMakeFiles/zlib.dir/uncompr.c.o
#13 17.42 [ 11%] Building C object 3rdparty/openjpeg/openjp2/CMakeFiles/libopenjp2.dir/mqc.c.o
#13 17.43 [ 11%] Building C object 3rdparty/zlib/CMakeFiles/zlib.dir/zutil.c.o
#13 17.44 [ 12%] Building C object 3rdparty/openjpeg/openjp2/CMakeFiles/libopenjp2.dir/openjpeg.c.o
#13 17.45 [ 12%] Building C object 3rdparty/openjpeg/openjp2/CMakeFiles/libopenjp2.dir/opj_clock.c.o
#13 17.49 [ 12%] Building C object 3rdparty/openjpeg/openjp2/CMakeFiles/libopenjp2.dir/pi.c.o
#13 17.49 [ 12%] Building C object 3rdparty/ippiw/CMakeFiles/ippiw.dir/src/iw_image_op_swap_channels.c.o
#13 17.51 [ 12%] Building C object 3rdparty/ippiw/CMakeFiles/ippiw.dir/src/iw_image_transform_mirror.c.o
#13 17.55 [ 12%] Building C object 3rdparty/ippiw/CMakeFiles/ippiw.dir/src/iw_image_transform_resize.c.o
#13 17.55 [ 12%] Building C object 3rdparty/openjpeg/openjp2/CMakeFiles/libopenjp2.dir/t1.c.o
#13 17.61 [ 13%] Building C object 3rdparty/openjpeg/openjp2/CMakeFiles/libopenjp2.dir/t2.c.o
#13 17.64 [ 14%] Building C object 3rdparty/ippiw/CMakeFiles/ippiw.dir/src/iw_image_transform_rotate.c.o
#13 17.64 [ 14%] Building C object 3rdparty/ippiw/CMakeFiles/ippiw.dir/src/iw_image_transform_warpaffine.c.o
#13 17.65 [ 14%] Building C object 3rdparty/openjpeg/openjp2/CMakeFiles/libopenjp2.dir/tcd.c.o
#13 17.71 [ 14%] Building C object 3rdparty/openjpeg/openjp2/CMakeFiles/libopenjp2.dir/tgt.c.o
#13 17.73 [ 14%] Building C object 3rdparty/ippiw/CMakeFiles/ippiw.dir/src/iw_own.c.o
#13 17.74 [ 14%] Building C object 3rdparty/openjpeg/openjp2/CMakeFiles/libopenjp2.dir/function_list.c.o
#13 17.75 make[2]: Entering directory '/root/build'
#13 17.76 make[2]: Leaving directory '/root/build'
#13 17.76 make[2]: Entering directory '/root/build'
#13 17.76 [ 15%] Building C object 3rdparty/openjpeg/openjp2/CMakeFiles/libopenjp2.dir/opj_malloc.c.o
#13 17.78 [ 15%] Building C object 3rdparty/libjpeg-turbo/CMakeFiles/libjpeg-turbo.dir/src/jcapimin.c.o
#13 17.79 [ 15%] Building C object 3rdparty/openjpeg/openjp2/CMakeFiles/libopenjp2.dir/sparse_array.c.o
#13 17.82 [ 15%] Building C object 3rdparty/libjpeg-turbo/CMakeFiles/libjpeg-turbo.dir/src/jcapistd.c.o
#13 17.83 [ 15%] Building C object 3rdparty/libjpeg-turbo/CMakeFiles/libjpeg-turbo.dir/src/jccoefct.c.o
#13 17.85 [ 16%] Building C object 3rdparty/libjpeg-turbo/CMakeFiles/libjpeg-turbo.dir/src/jcdctmgr.c.o
#13 17.85 [ 16%] Building C object 3rdparty/libjpeg-turbo/CMakeFiles/libjpeg-turbo.dir/src/jccolor.c.o
#13 17.87 [ 16%] Building C object 3rdparty/libjpeg-turbo/CMakeFiles/libjpeg-turbo.dir/src/jchuff.c.o
#13 17.88 [ 16%] Building C object 3rdparty/libjpeg-turbo/CMakeFiles/libjpeg-turbo.dir/src/jcicc.c.o
#13 17.90 [ 17%] Building C object 3rdparty/libjpeg-turbo/CMakeFiles/libjpeg-turbo.dir/src/jcinit.c.o
#13 17.94 [ 17%] Linking C static library ../lib/libippiw.a
#13 17.94 [ 18%] Building C object 3rdparty/libjpeg-turbo/CMakeFiles/libjpeg-turbo.dir/src/jcmainct.c.o
#13 17.94 [ 18%] Linking C static library ../lib/libzlib.a
#13 17.95 [ 18%] Building C object 3rdparty/libjpeg-turbo/CMakeFiles/libjpeg-turbo.dir/src/jcmarker.c.o
#13 18.00 [ 18%] Building C object 3rdparty/libjpeg-turbo/CMakeFiles/libjpeg-turbo.dir/src/jcmaster.c.o
#13 18.01 [ 19%] Building C object 3rdparty/libjpeg-turbo/CMakeFiles/libjpeg-turbo.dir/src/jcomapi.c.o
#13 18.03 [ 19%] Building C object 3rdparty/libjpeg-turbo/CMakeFiles/libjpeg-turbo.dir/src/jcparam.c.o
#13 18.05 make[2]: Leaving directory '/root/build'
#13 18.05 make[2]: Leaving directory '/root/build'
#13 18.06 [ 19%] Building C object 3rdparty/libjpeg-turbo/CMakeFiles/libjpeg-turbo.dir/src/jcphuff.c.o
#13 18.06 [ 19%] Built target zlib
#13 18.06 [ 19%] Built target ippiw
#13 18.07 make[2]: Entering directory '/root/build'
#13 18.07 make[2]: Entering directory '/root/build'
#13 18.08 [ 19%] Building C object 3rdparty/libjpeg-turbo/CMakeFiles/libjpeg-turbo.dir/src/jcprepct.c.o
#13 18.08 make[2]: Leaving directory '/root/build'
#13 18.09 make[2]: Entering directory '/root/build'
#13 18.09 [ 19%] Processing OpenCL kernels (core)
#13 18.10 [ 19%] Building C object 3rdparty/libpng/CMakeFiles/libpng.dir/png.c.o
#13 18.11 [ 20%] Building C object 3rdparty/libjpeg-turbo/CMakeFiles/libjpeg-turbo.dir/src/jcsample.c.o
#13 18.20 make[2]: Leaving directory '/root/build'
#13 18.20 [ 21%] Building C object 3rdparty/libpng/CMakeFiles/libpng.dir/pngerror.c.o
#13 18.20 make[2]: Entering directory '/root/build'
#13 18.22 [ 21%] Building CXX object modules/core/CMakeFiles/opencv_core.dir/src/algorithm.cpp.o
#13 18.22 [ 21%] Building C object 3rdparty/libjpeg-turbo/CMakeFiles/libjpeg-turbo.dir/src/jctrans.c.o
#13 18.23 [ 21%] Building C object 3rdparty/libjpeg-turbo/CMakeFiles/libjpeg-turbo.dir/src/jdapimin.c.o
#13 18.29 [ 21%] Building C object 3rdparty/libjpeg-turbo/CMakeFiles/libjpeg-turbo.dir/src/jdapistd.c.o
#13 18.35 [ 22%] Building C object 3rdparty/libjpeg-turbo/CMakeFiles/libjpeg-turbo.dir/src/jdatadst.c.o
#13 18.36 [ 22%] Building C object 3rdparty/libjpeg-turbo/CMakeFiles/libjpeg-turbo.dir/src/jdatasrc.c.o
#13 18.38 [ 22%] Building C object 3rdparty/libjpeg-turbo/CMakeFiles/libjpeg-turbo.dir/src/jdcoefct.c.o
#13 18.41 [ 22%] Building C object 3rdparty/libjpeg-turbo/CMakeFiles/libjpeg-turbo.dir/src/jdcolor.c.o
#13 18.41 [ 23%] Building C object 3rdparty/libjpeg-turbo/CMakeFiles/libjpeg-turbo.dir/src/jddctmgr.c.o
#13 18.42 [ 23%] Building C object 3rdparty/libjpeg-turbo/CMakeFiles/libjpeg-turbo.dir/src/jdhuff.c.o
#13 18.44 [ 23%] Building C object 3rdparty/libjpeg-turbo/CMakeFiles/libjpeg-turbo.dir/src/jdicc.c.o
#13 18.46 [ 23%] Building C object 3rdparty/libjpeg-turbo/CMakeFiles/libjpeg-turbo.dir/src/jdinput.c.o
#13 18.48 [ 23%] Building C object 3rdparty/libpng/CMakeFiles/libpng.dir/pngget.c.o
#13 18.49 [ 24%] Building C object 3rdparty/libjpeg-turbo/CMakeFiles/libjpeg-turbo.dir/src/jdmainct.c.o
#13 18.53 [ 24%] Building C object 3rdparty/libjpeg-turbo/CMakeFiles/libjpeg-turbo.dir/src/jdmarker.c.o
#13 18.56 [ 24%] Building C object 3rdparty/libjpeg-turbo/CMakeFiles/libjpeg-turbo.dir/src/jdmaster.c.o
#13 18.58 [ 24%] Building C object 3rdparty/libjpeg-turbo/CMakeFiles/libjpeg-turbo.dir/src/jdmerge.c.o
#13 18.66 [ 25%] Building C object 3rdparty/libjpeg-turbo/CMakeFiles/libjpeg-turbo.dir/src/jdphuff.c.o
#13 18.76 [ 25%] Building C object 3rdparty/libjpeg-turbo/CMakeFiles/libjpeg-turbo.dir/src/jdpostct.c.o
#13 18.83 [ 25%] Building C object 3rdparty/libpng/CMakeFiles/libpng.dir/pngmem.c.o
#13 18.85 [ 25%] Building C object 3rdparty/libjpeg-turbo/CMakeFiles/libjpeg-turbo.dir/src/jdsample.c.o
#13 18.86 [ 25%] Building C object 3rdparty/libjpeg-turbo/CMakeFiles/libjpeg-turbo.dir/src/jdtrans.c.o
#13 18.92 [ 26%] Building C object 3rdparty/libjpeg-turbo/CMakeFiles/libjpeg-turbo.dir/src/jerror.c.o
#13 18.93 [ 26%] Building C object 3rdparty/libjpeg-turbo/CMakeFiles/libjpeg-turbo.dir/src/jfdctflt.c.o
#13 18.95 [ 26%] Building C object 3rdparty/libjpeg-turbo/CMakeFiles/libjpeg-turbo.dir/src/jfdctfst.c.o
#13 18.98 [ 26%] Building C object 3rdparty/libjpeg-turbo/CMakeFiles/libjpeg-turbo.dir/src/jfdctint.c.o
#13 18.98 [ 26%] Building C object 3rdparty/libpng/CMakeFiles/libpng.dir/pngpread.c.o
#13 19.00 [ 27%] Building C object 3rdparty/libjpeg-turbo/CMakeFiles/libjpeg-turbo.dir/src/jidctflt.c.o
#13 19.04 [ 27%] Building C object 3rdparty/libjpeg-turbo/CMakeFiles/libjpeg-turbo.dir/src/jidctfst.c.o
#13 19.06 [ 27%] Building C object 3rdparty/libjpeg-turbo/CMakeFiles/libjpeg-turbo.dir/src/jidctint.c.o
#13 19.08 [ 27%] Building C object 3rdparty/libjpeg-turbo/CMakeFiles/libjpeg-turbo.dir/src/jidctred.c.o
#13 19.09 [ 28%] Building C object 3rdparty/libjpeg-turbo/CMakeFiles/libjpeg-turbo.dir/src/jquant1.c.o
#13 19.13 [ 28%] Building C object 3rdparty/libjpeg-turbo/CMakeFiles/libjpeg-turbo.dir/src/jquant2.c.o
#13 19.14 [ 28%] Building C object 3rdparty/libjpeg-turbo/CMakeFiles/libjpeg-turbo.dir/src/jutils.c.o
#13 19.15 [ 28%] Building C object 3rdparty/libjpeg-turbo/CMakeFiles/libjpeg-turbo.dir/src/jmemmgr.c.o
#13 19.16 [ 29%] Building C object 3rdparty/libjpeg-turbo/CMakeFiles/libjpeg-turbo.dir/src/jmemnobs.c.o
#13 19.20 [ 29%] Building C object 3rdparty/libjpeg-turbo/CMakeFiles/libjpeg-turbo.dir/src/jaricom.c.o
#13 19.20 [ 29%] Building C object 3rdparty/libjpeg-turbo/CMakeFiles/libjpeg-turbo.dir/src/jcarith.c.o
#13 19.23 [ 30%] Building C object 3rdparty/libjpeg-turbo/CMakeFiles/libjpeg-turbo.dir/src/jdarith.c.o
#13 19.23 [ 30%] Building C object 3rdparty/libpng/CMakeFiles/libpng.dir/pngread.c.o
#13 19.25 [ 30%] Building C object 3rdparty/libpng/CMakeFiles/libpng.dir/pngrio.c.o
#13 19.31 [ 30%] Building C object 3rdparty/libpng/CMakeFiles/libpng.dir/pngrtran.c.o
#13 19.32 [ 30%] Building C object 3rdparty/libpng/CMakeFiles/libpng.dir/pngrutil.c.o
#13 19.32 [ 31%] Building C object 3rdparty/libpng/CMakeFiles/libpng.dir/pngset.c.o
#13 19.35 [ 31%] Building C object 3rdparty/libpng/CMakeFiles/libpng.dir/pngtrans.c.o
#13 19.38 [ 31%] Building C object 3rdparty/libpng/CMakeFiles/libpng.dir/pngwio.c.o
#13 19.43 [ 31%] Building C object 3rdparty/libpng/CMakeFiles/libpng.dir/pngwrite.c.o
#13 19.48 [ 31%] Building CXX object modules/core/CMakeFiles/opencv_core.dir/src/alloc.cpp.o
#13 19.50 [ 32%] Building C object 3rdparty/libpng/CMakeFiles/libpng.dir/pngwtran.c.o
#13 19.55 [ 32%] Building C object 3rdparty/libpng/CMakeFiles/libpng.dir/pngwutil.c.o
#13 19.58 [ 32%] Building C object 3rdparty/libpng/CMakeFiles/libpng.dir/intel/intel_init.c.o
#13 19.65 [ 32%] Building C object 3rdparty/libpng/CMakeFiles/libpng.dir/intel/filter_sse2_intrinsics.c.o
#13 19.70 [ 33%] Building CXX object modules/core/CMakeFiles/opencv_core.dir/src/arithm.cpp.o
#13 19.70 [ 33%] Building CXX object modules/core/CMakeFiles/opencv_core.dir/src/arithm.dispatch.cpp.o
#13 19.78 [ 33%] Building CXX object modules/core/CMakeFiles/opencv_core.dir/src/array.cpp.o
#13 19.79 [ 33%] Building CXX object modules/core/CMakeFiles/opencv_core.dir/src/async.cpp.o
#13 19.88 [ 34%] Building CXX object modules/core/CMakeFiles/opencv_core.dir/src/batch_distance.cpp.o
#13 19.90 [ 34%] Building CXX object modules/core/CMakeFiles/opencv_core.dir/src/bindings_utils.cpp.o
#13 19.90 [ 34%] Building CXX object modules/core/CMakeFiles/opencv_core.dir/src/buffer_area.cpp.o
#13 20.13 [ 34%] Building CXX object modules/core/CMakeFiles/opencv_core.dir/src/channels.cpp.o
#13 20.22 [ 35%] Building CXX object modules/core/CMakeFiles/opencv_core.dir/src/check.cpp.o
#13 20.41 [ 35%] Building CXX object modules/core/CMakeFiles/opencv_core.dir/src/command_line_parser.cpp.o
#13 20.55 [ 35%] Building CXX object modules/core/CMakeFiles/opencv_core.dir/src/conjugate_gradient.cpp.o
#13 21.03 [ 36%] Linking C static library ../lib/liblibpng.a
#13 21.11 make[2]: Leaving directory '/root/build'
#13 21.12 [ 36%] Built target libpng
#13 21.13 [ 36%] Building CXX object modules/core/CMakeFiles/opencv_core.dir/src/convert.dispatch.cpp.o
#13 21.90 [ 37%] Building CXX object modules/core/CMakeFiles/opencv_core.dir/src/convert_c.cpp.o
#13 22.39 [ 37%] Building CXX object modules/core/CMakeFiles/opencv_core.dir/src/convert_scale.dispatch.cpp.o
#13 22.47 [ 37%] Building CXX object modules/core/CMakeFiles/opencv_core.dir/src/copy.cpp.o
#13 22.91 [ 37%] Linking C static library ../../lib/liblibopenjp2.a
#13 23.00 make[2]: Leaving directory '/root/build'
#13 23.02 [ 37%] Built target libopenjp2
#13 23.03 [ 37%] Building CXX object modules/core/CMakeFiles/opencv_core.dir/src/count_non_zero.dispatch.cpp.o
#13 23.16 [ 38%] Building CXX object modules/core/CMakeFiles/opencv_core.dir/src/cuda_gpu_mat.cpp.o
#13 23.21 [ 38%] Building CXX object modules/core/CMakeFiles/opencv_core.dir/src/cuda_gpu_mat_nd.cpp.o
#13 23.47 [ 38%] Building CXX object modules/core/CMakeFiles/opencv_core.dir/src/cuda_host_mem.cpp.o
#13 23.53 [ 38%] Building CXX object modules/core/CMakeFiles/opencv_core.dir/src/cuda_info.cpp.o
#13 23.54 [ 39%] Building CXX object modules/core/CMakeFiles/opencv_core.dir/src/cuda_stream.cpp.o
#13 23.70 [ 39%] Building CXX object modules/core/CMakeFiles/opencv_core.dir/src/datastructs.cpp.o
#13 24.02 [ 39%] Building CXX object modules/core/CMakeFiles/opencv_core.dir/src/directx.cpp.o
#13 24.19 [ 39%] Building CXX object modules/core/CMakeFiles/opencv_core.dir/src/downhill_simplex.cpp.o
#13 24.73 [ 40%] Building CXX object modules/core/CMakeFiles/opencv_core.dir/src/dxt.cpp.o
#13 25.01 [ 41%] Linking C static library ../lib/liblibjpeg-turbo.a
#13 25.11 make[2]: Leaving directory '/root/build'
#13 25.13 [ 41%] Built target libjpeg-turbo
#13 25.14 [ 41%] Building CXX object modules/core/CMakeFiles/opencv_core.dir/src/gl_core_3_1.cpp.o
#13 25.22 [ 41%] Building CXX object modules/core/CMakeFiles/opencv_core.dir/src/glob.cpp.o
#13 26.67 [ 41%] Building CXX object modules/core/CMakeFiles/opencv_core.dir/src/hal_internal.cpp.o
#13 26.71 [ 42%] Building CXX object modules/core/CMakeFiles/opencv_core.dir/src/has_non_zero.dispatch.cpp.o
#13 26.74 [ 42%] Building CXX object modules/core/CMakeFiles/opencv_core.dir/src/kmeans.cpp.o
#13 26.79 [ 42%] Building CXX object modules/core/CMakeFiles/opencv_core.dir/src/lapack.cpp.o
#13 26.89 [ 42%] Building CXX object modules/core/CMakeFiles/opencv_core.dir/src/lda.cpp.o
#13 27.02 [ 43%] Building CXX object modules/core/CMakeFiles/opencv_core.dir/src/logger.cpp.o
#13 27.04 [ 43%] Building CXX object modules/core/CMakeFiles/opencv_core.dir/src/lpsolver.cpp.o
#13 27.06 [ 43%] Building CXX object modules/core/CMakeFiles/opencv_core.dir/src/lut.cpp.o
#13 27.38 [ 43%] Building CXX object modules/core/CMakeFiles/opencv_core.dir/src/mathfuncs.cpp.o
#13 28.11 [ 44%] Building CXX object modules/core/CMakeFiles/opencv_core.dir/src/mathfuncs_core.dispatch.cpp.o
#13 28.17 [ 44%] Building CXX object modules/core/CMakeFiles/opencv_core.dir/src/matmul.dispatch.cpp.o
#13 28.90 [ 44%] Building CXX object modules/core/CMakeFiles/opencv_core.dir/src/matrix.cpp.o
#13 28.90 [ 44%] Building CXX object modules/core/CMakeFiles/opencv_core.dir/src/matrix_c.cpp.o
#13 28.96 [ 44%] Building CXX object modules/core/CMakeFiles/opencv_core.dir/src/matrix_decomp.cpp.o
#13 29.69 [ 45%] Building CXX object modules/core/CMakeFiles/opencv_core.dir/src/matrix_expressions.cpp.o
#13 30.25 [ 45%] Building CXX object modules/core/CMakeFiles/opencv_core.dir/src/matrix_iterator.cpp.o
#13 30.52 [ 45%] Building CXX object modules/core/CMakeFiles/opencv_core.dir/src/matrix_operations.cpp.o
#13 30.56 [ 45%] Building CXX object modules/core/CMakeFiles/opencv_core.dir/src/matrix_sparse.cpp.o
#13 30.58 [ 46%] Building CXX object modules/core/CMakeFiles/opencv_core.dir/src/matrix_transform.cpp.o
#13 30.82 [ 46%] Building CXX object modules/core/CMakeFiles/opencv_core.dir/src/matrix_wrap.cpp.o
#13 31.06 [ 46%] Building CXX object modules/core/CMakeFiles/opencv_core.dir/src/mean.dispatch.cpp.o
#13 31.77 [ 46%] Building CXX object modules/core/CMakeFiles/opencv_core.dir/src/merge.dispatch.cpp.o
#13 31.96 [ 47%] Building CXX object modules/core/CMakeFiles/opencv_core.dir/src/minmax.cpp.o
#13 32.00 [ 47%] Building CXX object modules/core/CMakeFiles/opencv_core.dir/src/norm.cpp.o
#13 32.25 [ 47%] Building CXX object modules/core/CMakeFiles/opencv_core.dir/src/ocl.cpp.o
#13 32.48 [ 47%] Building CXX object modules/core/CMakeFiles/opencv_core.dir/src/opencl/runtime/opencl_clblas.cpp.o
#13 32.96 [ 48%] Building CXX object modules/core/CMakeFiles/opencv_core.dir/src/opencl/runtime/opencl_clfft.cpp.o
#13 33.34 [ 48%] Building CXX object modules/core/CMakeFiles/opencv_core.dir/src/opencl/runtime/opencl_core.cpp.o
#13 33.62 [ 48%] Building CXX object modules/core/CMakeFiles/opencv_core.dir/src/opengl.cpp.o
#13 34.40 [ 48%] Building CXX object modules/core/CMakeFiles/opencv_core.dir/src/out.cpp.o
#13 35.24 [ 49%] Building CXX object modules/core/CMakeFiles/opencv_core.dir/src/ovx.cpp.o
#13 35.65 [ 49%] Building CXX object modules/core/CMakeFiles/opencv_core.dir/src/parallel.cpp.o
#13 35.70 [ 49%] Building CXX object modules/core/CMakeFiles/opencv_core.dir/src/parallel/parallel.cpp.o
#13 35.88 [ 49%] Building CXX object modules/core/CMakeFiles/opencv_core.dir/src/parallel/parallel_openmp.cpp.o
#13 36.18 [ 50%] Building CXX object modules/core/CMakeFiles/opencv_core.dir/src/parallel/parallel_tbb.cpp.o
#13 36.22 [ 50%] Building CXX object modules/core/CMakeFiles/opencv_core.dir/src/parallel_impl.cpp.o
#13 36.38 [ 50%] Building CXX object modules/core/CMakeFiles/opencv_core.dir/src/pca.cpp.o
#13 36.53 [ 50%] Building CXX object modules/core/CMakeFiles/opencv_core.dir/src/persistence.cpp.o
#13 36.93 [ 51%] Building CXX object modules/core/CMakeFiles/opencv_core.dir/src/persistence_base64_encoding.cpp.o
#13 36.98 [ 51%] Building CXX object modules/core/CMakeFiles/opencv_core.dir/src/persistence_json.cpp.o
#13 37.26 [ 51%] Building CXX object modules/core/CMakeFiles/opencv_core.dir/src/persistence_types.cpp.o
#13 37.33 [ 51%] Building CXX object modules/core/CMakeFiles/opencv_core.dir/src/persistence_xml.cpp.o
#13 38.04 [ 52%] Building CXX object modules/core/CMakeFiles/opencv_core.dir/src/persistence_yml.cpp.o
#13 38.27 [ 52%] Building CXX object modules/core/CMakeFiles/opencv_core.dir/src/rand.cpp.o
#13 38.90 [ 52%] Building CXX object modules/core/CMakeFiles/opencv_core.dir/src/softfloat.cpp.o
#13 39.33 [ 52%] Building CXX object modules/core/CMakeFiles/opencv_core.dir/src/split.dispatch.cpp.o
#13 39.49 [ 53%] Building CXX object modules/core/CMakeFiles/opencv_core.dir/src/stat.dispatch.cpp.o
#13 39.65 [ 53%] Building CXX object modules/core/CMakeFiles/opencv_core.dir/src/stat_c.cpp.o
#13 40.13 [ 53%] Building CXX object modules/core/CMakeFiles/opencv_core.dir/src/stl.cpp.o
#13 40.59 [ 53%] Building CXX object modules/core/CMakeFiles/opencv_core.dir/src/sum.dispatch.cpp.o
#13 40.60 [ 54%] Building CXX object modules/core/CMakeFiles/opencv_core.dir/src/system.cpp.o
#13 40.61 [ 54%] Building CXX object modules/core/CMakeFiles/opencv_core.dir/src/tables.cpp.o
#13 41.04 [ 54%] Building CXX object modules/core/CMakeFiles/opencv_core.dir/src/trace.cpp.o
#13 41.46 [ 54%] Building CXX object modules/core/CMakeFiles/opencv_core.dir/src/types.cpp.o
#13 41.51 [ 55%] Building CXX object modules/core/CMakeFiles/opencv_core.dir/src/umatrix.cpp.o
#13 41.61 [ 55%] Building CXX object modules/core/CMakeFiles/opencv_core.dir/src/utils/datafile.cpp.o
#13 42.67 [ 55%] Building CXX object modules/core/CMakeFiles/opencv_core.dir/src/utils/filesystem.cpp.o
#13 42.80 [ 55%] Building CXX object modules/core/CMakeFiles/opencv_core.dir/src/utils/logtagconfigparser.cpp.o
#13 42.90 [ 56%] Building CXX object modules/core/CMakeFiles/opencv_core.dir/src/utils/logtagmanager.cpp.o
#13 43.07 [ 56%] Building CXX object modules/core/CMakeFiles/opencv_core.dir/src/utils/samples.cpp.o
#13 43.19 [ 56%] Building CXX object modules/core/CMakeFiles/opencv_core.dir/src/va_intel.cpp.o
#13 43.40 [ 56%] Building CXX object modules/core/CMakeFiles/opencv_core.dir/opencl_kernels_core.cpp.o
#13 43.67 [ 57%] Building CXX object modules/core/CMakeFiles/opencv_core.dir/arithm.sse4_1.cpp.o
#13 43.70 [ 57%] Building CXX object modules/core/CMakeFiles/opencv_core.dir/matmul.sse4_1.cpp.o
#13 44.02 [ 57%] Building CXX object modules/core/CMakeFiles/opencv_core.dir/stat.sse4_2.cpp.o
#13 44.43 [ 57%] Building CXX object modules/core/CMakeFiles/opencv_core.dir/mathfuncs_core.avx.cpp.o
#13 44.66 [ 58%] Building CXX object modules/core/CMakeFiles/opencv_core.dir/mathfuncs_core.avx2.cpp.o
#13 44.79 [ 58%] Building CXX object modules/core/CMakeFiles/opencv_core.dir/stat.avx2.cpp.o
#13 44.95 [ 58%] Building CXX object modules/core/CMakeFiles/opencv_core.dir/arithm.avx2.cpp.o
#13 45.22 [ 58%] Building CXX object modules/core/CMakeFiles/opencv_core.dir/convert.avx2.cpp.o
#13 45.32 [ 59%] Building CXX object modules/core/CMakeFiles/opencv_core.dir/convert_scale.avx2.cpp.o
#13 45.66 [ 59%] Building CXX object modules/core/CMakeFiles/opencv_core.dir/count_non_zero.avx2.cpp.o
#13 46.19 [ 59%] Building CXX object modules/core/CMakeFiles/opencv_core.dir/has_non_zero.avx2.cpp.o
#13 46.25 [ 59%] Building CXX object modules/core/CMakeFiles/opencv_core.dir/matmul.avx2.cpp.o
#13 46.39 [ 60%] Building CXX object modules/core/CMakeFiles/opencv_core.dir/mean.avx2.cpp.o
#13 46.49 [ 60%] Building CXX object modules/core/CMakeFiles/opencv_core.dir/merge.avx2.cpp.o
#13 46.98 [ 60%] Building CXX object modules/core/CMakeFiles/opencv_core.dir/split.avx2.cpp.o
#13 47.08 [ 60%] Building CXX object modules/core/CMakeFiles/opencv_core.dir/sum.avx2.cpp.o
#13 48.17 [ 61%] Building CXX object modules/core/CMakeFiles/opencv_core.dir/matmul.avx512_skx.cpp.o
#13 53.66 [ 61%] Linking CXX static library ../../lib/libopencv_core.a
#13 53.80 make[2]: Leaving directory '/root/build'
#13 53.81 [ 61%] Built target opencv_core
#13 53.81 make[2]: Entering directory '/root/build'
#13 53.82 [ 61%] Processing OpenCL kernels (imgproc)
#13 53.86 make[2]: Leaving directory '/root/build'
#13 53.87 make[2]: Entering directory '/root/build'
#13 53.87 [ 62%] Building CXX object modules/imgproc/CMakeFiles/opencv_imgproc.dir/src/accum.dispatch.cpp.o
#13 53.87 [ 62%] Building CXX object modules/imgproc/CMakeFiles/opencv_imgproc.dir/src/blend.cpp.o
#13 53.87 [ 62%] Building CXX object modules/imgproc/CMakeFiles/opencv_imgproc.dir/src/box_filter.dispatch.cpp.o
#13 53.87 [ 62%] Building CXX object modules/imgproc/CMakeFiles/opencv_imgproc.dir/src/approx.cpp.o
#13 53.87 [ 62%] Building CXX object modules/imgproc/CMakeFiles/opencv_imgproc.dir/src/bilateral_filter.dispatch.cpp.o
#13 53.87 [ 62%] Building CXX object modules/imgproc/CMakeFiles/opencv_imgproc.dir/src/accum.cpp.o
#13 53.87 [ 63%] Building CXX object modules/imgproc/CMakeFiles/opencv_imgproc.dir/src/canny.cpp.o
#13 53.87 [ 63%] Building CXX object modules/imgproc/CMakeFiles/opencv_imgproc.dir/src/clahe.cpp.o
#13 53.87 [ 63%] Building CXX object modules/imgproc/CMakeFiles/opencv_imgproc.dir/src/color_hsv.dispatch.cpp.o
#13 53.87 [ 64%] Building CXX object modules/imgproc/CMakeFiles/opencv_imgproc.dir/src/color_lab.cpp.o
#13 53.87 [ 64%] Building CXX object modules/imgproc/CMakeFiles/opencv_imgproc.dir/src/color.cpp.o
#13 53.87 [ 64%] Building CXX object modules/imgproc/CMakeFiles/opencv_imgproc.dir/src/color_rgb.dispatch.cpp.o
#13 53.87 [ 64%] Building CXX object modules/imgproc/CMakeFiles/opencv_imgproc.dir/src/colormap.cpp.o
#13 53.88 [ 64%] Building CXX object modules/imgproc/CMakeFiles/opencv_imgproc.dir/src/color_yuv.dispatch.cpp.o
#13 53.88 [ 65%] Building CXX object modules/imgproc/CMakeFiles/opencv_imgproc.dir/src/connectedcomponents.cpp.o
#13 53.88 [ 65%] Building CXX object modules/imgproc/CMakeFiles/opencv_imgproc.dir/src/contours.cpp.o
#13 56.88 [ 65%] Building CXX object modules/imgproc/CMakeFiles/opencv_imgproc.dir/src/convhull.cpp.o
#13 57.37 [ 65%] Building CXX object modules/imgproc/CMakeFiles/opencv_imgproc.dir/src/corner.cpp.o
#13 57.38 [ 66%] Building CXX object modules/imgproc/CMakeFiles/opencv_imgproc.dir/src/cornersubpix.cpp.o
#13 57.39 [ 66%] Building CXX object modules/imgproc/CMakeFiles/opencv_imgproc.dir/src/demosaicing.cpp.o
#13 57.42 [ 66%] Building CXX object modules/imgproc/CMakeFiles/opencv_imgproc.dir/src/deriv.cpp.o
#13 57.90 [ 66%] Building CXX object modules/imgproc/CMakeFiles/opencv_imgproc.dir/src/distransform.cpp.o
#13 58.10 [ 67%] Building CXX object modules/imgproc/CMakeFiles/opencv_imgproc.dir/src/drawing.cpp.o
#13 58.18 [ 67%] Building CXX object modules/imgproc/CMakeFiles/opencv_imgproc.dir/src/emd.cpp.o
#13 58.46 [ 67%] Building CXX object modules/imgproc/CMakeFiles/opencv_imgproc.dir/src/featureselect.cpp.o
#13 58.55 [ 67%] Building CXX object modules/imgproc/CMakeFiles/opencv_imgproc.dir/src/filter.dispatch.cpp.o
#13 59.00 [ 68%] Building CXX object modules/imgproc/CMakeFiles/opencv_imgproc.dir/src/floodfill.cpp.o
#13 59.83 [ 68%] Building CXX object modules/imgproc/CMakeFiles/opencv_imgproc.dir/src/gabor.cpp.o
#13 60.17 [ 68%] Building CXX object modules/imgproc/CMakeFiles/opencv_imgproc.dir/src/generalized_hough.cpp.o
#13 60.74 [ 68%] Building CXX object modules/imgproc/CMakeFiles/opencv_imgproc.dir/src/geometry.cpp.o
#13 60.86 [ 69%] Building CXX object modules/imgproc/CMakeFiles/opencv_imgproc.dir/src/grabcut.cpp.o
#13 60.89 [ 69%] Building CXX object modules/imgproc/CMakeFiles/opencv_imgproc.dir/src/hershey_fonts.cpp.o
#13 61.25 [ 69%] Building CXX object modules/imgproc/CMakeFiles/opencv_imgproc.dir/src/histogram.cpp.o
#13 61.26 [ 69%] Building CXX object modules/imgproc/CMakeFiles/opencv_imgproc.dir/src/hough.cpp.o
#13 61.74 [ 70%] Building CXX object modules/imgproc/CMakeFiles/opencv_imgproc.dir/src/imgwarp.cpp.o
#13 62.12 [ 70%] Building CXX object modules/imgproc/CMakeFiles/opencv_imgproc.dir/src/intelligent_scissors.cpp.o
#13 62.17 [ 70%] Building CXX object modules/imgproc/CMakeFiles/opencv_imgproc.dir/src/intersection.cpp.o
#13 62.63 [ 70%] Building CXX object modules/imgproc/CMakeFiles/opencv_imgproc.dir/src/linefit.cpp.o
#13 62.68 [ 71%] Building CXX object modules/imgproc/CMakeFiles/opencv_imgproc.dir/src/lsd.cpp.o
#13 62.71 [ 71%] Building CXX object modules/imgproc/CMakeFiles/opencv_imgproc.dir/src/main.cpp.o
#13 63.46 [ 71%] Building CXX object modules/imgproc/CMakeFiles/opencv_imgproc.dir/src/matchcontours.cpp.o
#13 63.58 [ 71%] Building CXX object modules/imgproc/CMakeFiles/opencv_imgproc.dir/src/median_blur.dispatch.cpp.o
#13 63.89 [ 72%] Building CXX object modules/imgproc/CMakeFiles/opencv_imgproc.dir/src/min_enclosing_triangle.cpp.o
#13 64.88 [ 72%] Building CXX object modules/imgproc/CMakeFiles/opencv_imgproc.dir/src/moments.cpp.o
#13 64.94 [ 72%] Building CXX object modules/imgproc/CMakeFiles/opencv_imgproc.dir/src/morph.dispatch.cpp.o
#13 65.21 [ 72%] Building CXX object modules/imgproc/CMakeFiles/opencv_imgproc.dir/src/phasecorr.cpp.o
#13 65.30 [ 73%] Building CXX object modules/imgproc/CMakeFiles/opencv_imgproc.dir/src/pyramids.cpp.o
#13 65.65 [ 73%] Building CXX object modules/imgproc/CMakeFiles/opencv_imgproc.dir/src/resize.cpp.o
#13 65.80 [ 73%] Building CXX object modules/imgproc/CMakeFiles/opencv_imgproc.dir/src/rotcalipers.cpp.o
#13 66.27 [ 73%] Building CXX object modules/imgproc/CMakeFiles/opencv_imgproc.dir/src/samplers.cpp.o
#13 66.35 [ 74%] Building CXX object modules/imgproc/CMakeFiles/opencv_imgproc.dir/src/segmentation.cpp.o
#13 66.68 [ 74%] Building CXX object modules/imgproc/CMakeFiles/opencv_imgproc.dir/src/shapedescr.cpp.o
#13 67.34 [ 74%] Building CXX object modules/imgproc/CMakeFiles/opencv_imgproc.dir/src/smooth.dispatch.cpp.o
#13 67.90 [ 74%] Building CXX object modules/imgproc/CMakeFiles/opencv_imgproc.dir/src/spatialgradient.cpp.o
#13 68.05 [ 75%] Building CXX object modules/imgproc/CMakeFiles/opencv_imgproc.dir/src/stackblur.cpp.o
#13 68.06 [ 75%] Building CXX object modules/imgproc/CMakeFiles/opencv_imgproc.dir/src/subdivision2d.cpp.o
#13 68.46 [ 75%] Building CXX object modules/imgproc/CMakeFiles/opencv_imgproc.dir/src/sumpixels.dispatch.cpp.o
#13 68.78 [ 75%] Building CXX object modules/imgproc/CMakeFiles/opencv_imgproc.dir/src/tables.cpp.o
#13 68.98 [ 76%] Building CXX object modules/imgproc/CMakeFiles/opencv_imgproc.dir/src/templmatch.cpp.o
#13 69.80 [ 76%] Building CXX object modules/imgproc/CMakeFiles/opencv_imgproc.dir/src/thresh.cpp.o
#13 69.93 [ 76%] Building CXX object modules/imgproc/CMakeFiles/opencv_imgproc.dir/src/utils.cpp.o
#13 70.40 [ 76%] Building CXX object modules/imgproc/CMakeFiles/opencv_imgproc.dir/opencl_kernels_imgproc.cpp.o
#13 70.88 [ 77%] Building CXX object modules/imgproc/CMakeFiles/opencv_imgproc.dir/src/imgwarp.sse4_1.cpp.o
#13 71.20 [ 77%] Building CXX object modules/imgproc/CMakeFiles/opencv_imgproc.dir/src/resize.sse4_1.cpp.o
#13 71.24 [ 77%] Building CXX object modules/imgproc/CMakeFiles/opencv_imgproc.dir/accum.sse4_1.cpp.o
#13 71.28 [ 77%] Building CXX object modules/imgproc/CMakeFiles/opencv_imgproc.dir/box_filter.sse4_1.cpp.o
#13 71.48 [ 78%] Building CXX object modules/imgproc/CMakeFiles/opencv_imgproc.dir/filter.sse4_1.cpp.o
#13 71.58 [ 78%] Building CXX object modules/imgproc/CMakeFiles/opencv_imgproc.dir/color_hsv.sse4_1.cpp.o
#13 72.18 [ 78%] Building CXX object modules/imgproc/CMakeFiles/opencv_imgproc.dir/color_rgb.sse4_1.cpp.o
#13 72.54 [ 78%] Building CXX object modules/imgproc/CMakeFiles/opencv_imgproc.dir/color_yuv.sse4_1.cpp.o
#13 72.74 [ 78%] Building CXX object modules/imgproc/CMakeFiles/opencv_imgproc.dir/median_blur.sse4_1.cpp.o
#13 73.02 [ 79%] Building CXX object modules/imgproc/CMakeFiles/opencv_imgproc.dir/morph.sse4_1.cpp.o
#13 73.83 [ 79%] Building CXX object modules/imgproc/CMakeFiles/opencv_imgproc.dir/smooth.sse4_1.cpp.o
#13 73.91 [ 79%] Building CXX object modules/imgproc/CMakeFiles/opencv_imgproc.dir/src/corner.avx.cpp.o
#13 74.11 [ 79%] Building CXX object modules/imgproc/CMakeFiles/opencv_imgproc.dir/accum.avx.cpp.o
#13 74.90 [ 80%] Building CXX object modules/imgproc/CMakeFiles/opencv_imgproc.dir/src/imgwarp.avx2.cpp.o
#13 75.14 [ 80%] Building CXX object modules/imgproc/CMakeFiles/opencv_imgproc.dir/src/resize.avx2.cpp.o
#13 75.55 [ 80%] Building CXX object modules/imgproc/CMakeFiles/opencv_imgproc.dir/accum.avx2.cpp.o
#13 75.97 [ 80%] Building CXX object modules/imgproc/CMakeFiles/opencv_imgproc.dir/bilateral_filter.avx2.cpp.o
#13 76.38 [ 81%] Building CXX object modules/imgproc/CMakeFiles/opencv_imgproc.dir/box_filter.avx2.cpp.o
#13 76.83 [ 81%] Building CXX object modules/imgproc/CMakeFiles/opencv_imgproc.dir/filter.avx2.cpp.o
#13 77.13 [ 81%] Building CXX object modules/imgproc/CMakeFiles/opencv_imgproc.dir/color_hsv.avx2.cpp.o
#13 77.33 [ 81%] Building CXX object modules/imgproc/CMakeFiles/opencv_imgproc.dir/color_rgb.avx2.cpp.o
#13 77.98 [ 82%] Building CXX object modules/imgproc/CMakeFiles/opencv_imgproc.dir/color_yuv.avx2.cpp.o
#13 78.40 [ 82%] Building CXX object modules/imgproc/CMakeFiles/opencv_imgproc.dir/median_blur.avx2.cpp.o
#13 78.60 [ 82%] Building CXX object modules/imgproc/CMakeFiles/opencv_imgproc.dir/morph.avx2.cpp.o
#13 78.95 [ 82%] Building CXX object modules/imgproc/CMakeFiles/opencv_imgproc.dir/smooth.avx2.cpp.o
#13 79.02 [ 83%] Building CXX object modules/imgproc/CMakeFiles/opencv_imgproc.dir/sumpixels.avx2.cpp.o
#13 79.87 [ 83%] Building CXX object modules/imgproc/CMakeFiles/opencv_imgproc.dir/sumpixels.avx512_skx.cpp.o
#13 88.17 [ 83%] Linking CXX static library ../../lib/libopencv_imgproc.a
#13 88.34 make[2]: Leaving directory '/root/build'
#13 88.35 [ 83%] Built target opencv_imgproc
#13 88.35 make[2]: Entering directory '/root/build'
#13 88.35 make[2]: Entering directory '/root/build'
#13 88.36 [ 83%] Processing OpenCL kernels (video)
#13 88.36 make[2]: Leaving directory '/root/build'
#13 88.36 make[2]: Entering directory '/root/build'
#13 88.37 [ 84%] Building CXX object modules/imgcodecs/CMakeFiles/opencv_imgcodecs.dir/src/grfmt_bmp.cpp.o
#13 88.37 [ 84%] Building CXX object modules/imgcodecs/CMakeFiles/opencv_imgcodecs.dir/src/utils.cpp.o
#13 88.37 [ 84%] Building CXX object modules/imgcodecs/CMakeFiles/opencv_imgcodecs.dir/src/grfmt_exr.cpp.o
#13 88.37 [ 84%] Building CXX object modules/imgcodecs/CMakeFiles/opencv_imgcodecs.dir/src/loadsave.cpp.o
#13 88.37 [ 84%] Building CXX object modules/imgcodecs/CMakeFiles/opencv_imgcodecs.dir/src/grfmt_base.cpp.o
#13 88.37 [ 84%] Building CXX object modules/imgcodecs/CMakeFiles/opencv_imgcodecs.dir/src/grfmt_gdcm.cpp.o
#13 88.37 [ 85%] Building CXX object modules/imgcodecs/CMakeFiles/opencv_imgcodecs.dir/src/grfmt_hdr.cpp.o
#13 88.37 [ 85%] Building CXX object modules/imgcodecs/CMakeFiles/opencv_imgcodecs.dir/src/grfmt_avif.cpp.o
#13 88.37 [ 85%] Building CXX object modules/imgcodecs/CMakeFiles/opencv_imgcodecs.dir/src/grfmt_jpeg.cpp.o
#13 88.37 [ 86%] Building CXX object modules/imgcodecs/CMakeFiles/opencv_imgcodecs.dir/src/grfmt_pam.cpp.o
#13 88.37 [ 86%] Building CXX object modules/imgcodecs/CMakeFiles/opencv_imgcodecs.dir/src/grfmt_jpeg2000.cpp.o
#13 88.37 [ 86%] Building CXX object modules/imgcodecs/CMakeFiles/opencv_imgcodecs.dir/src/grfmt_gdal.cpp.o
#13 88.37 [ 86%] Building CXX object modules/imgcodecs/CMakeFiles/opencv_imgcodecs.dir/src/grfmt_jpeg2000_openjpeg.cpp.o
#13 88.37 [ 86%] Building CXX object modules/imgcodecs/CMakeFiles/opencv_imgcodecs.dir/src/grfmt_pfm.cpp.o
#13 88.37 [ 86%] Building CXX object modules/imgcodecs/CMakeFiles/opencv_imgcodecs.dir/src/grfmt_png.cpp.o
#13 88.40 make[2]: Leaving directory '/root/build'
#13 88.40 make[2]: Entering directory '/root/build'
#13 88.41 [ 87%] Building CXX object modules/video/CMakeFiles/opencv_video.dir/src/bgfg_KNN.cpp.o
#13 90.91 [ 88%] Building CXX object modules/imgcodecs/CMakeFiles/opencv_imgcodecs.dir/src/grfmt_pxm.cpp.o
#13 90.95 [ 88%] Building CXX object modules/imgcodecs/CMakeFiles/opencv_imgcodecs.dir/src/grfmt_spng.cpp.o
#13 90.99 [ 88%] Building CXX object modules/imgcodecs/CMakeFiles/opencv_imgcodecs.dir/src/grfmt_tiff.cpp.o
#13 91.00 [ 88%] Building CXX object modules/imgcodecs/CMakeFiles/opencv_imgcodecs.dir/src/grfmt_sunras.cpp.o
#13 91.04 [ 89%] Building CXX object modules/imgcodecs/CMakeFiles/opencv_imgcodecs.dir/src/grfmt_webp.cpp.o
#13 91.08 [ 89%] Building CXX object modules/imgcodecs/CMakeFiles/opencv_imgcodecs.dir/src/bitstrm.cpp.o
#13 91.08 [ 89%] Building CXX object modules/video/CMakeFiles/opencv_video.dir/src/bgfg_gaussmix2.cpp.o
#13 91.11 [ 89%] Building CXX object modules/imgcodecs/CMakeFiles/opencv_imgcodecs.dir/src/rgbe.cpp.o
#13 91.25 [ 89%] Building CXX object modules/imgcodecs/CMakeFiles/opencv_imgcodecs.dir/src/exif.cpp.o
#13 91.45 [ 89%] Building CXX object modules/video/CMakeFiles/opencv_video.dir/src/camshift.cpp.o
#13 91.50 [ 89%] Building CXX object modules/video/CMakeFiles/opencv_video.dir/src/dis_flow.cpp.o
#13 91.54 [ 90%] Building CXX object modules/video/CMakeFiles/opencv_video.dir/src/ecc.cpp.o
#13 91.63 [ 90%] Building CXX object modules/video/CMakeFiles/opencv_video.dir/src/kalman.cpp.o
#13 91.69 [ 90%] Building CXX object modules/video/CMakeFiles/opencv_video.dir/src/lkpyramid.cpp.o
#13 91.85 [ 90%] Building CXX object modules/video/CMakeFiles/opencv_video.dir/src/optflowgf.cpp.o
#13 92.25 [ 91%] Building CXX object modules/video/CMakeFiles/opencv_video.dir/src/optical_flow_io.cpp.o
#13 93.22 [ 91%] Building CXX object modules/video/CMakeFiles/opencv_video.dir/src/tracking/detail/tracker_feature.cpp.o
#13 93.55 [ 91%] Building CXX object modules/video/CMakeFiles/opencv_video.dir/src/tracking/detail/tracker_feature_set.cpp.o
#13 93.65 [ 91%] Building CXX object modules/video/CMakeFiles/opencv_video.dir/src/tracking/detail/tracker_mil_model.cpp.o
#13 93.76 [ 92%] Building CXX object modules/video/CMakeFiles/opencv_video.dir/src/tracking/detail/tracker_mil_state.cpp.o
#13 93.85 [ 92%] Building CXX object modules/video/CMakeFiles/opencv_video.dir/src/tracking/detail/tracker_model.cpp.o
#13 93.90 [ 92%] Building CXX object modules/video/CMakeFiles/opencv_video.dir/src/tracking/detail/tracker_sampler.cpp.o
#13 94.21 [ 92%] Building CXX object modules/video/CMakeFiles/opencv_video.dir/src/tracking/detail/tracker_sampler_algorithm.cpp.o
#13 94.21 [ 93%] Building CXX object modules/video/CMakeFiles/opencv_video.dir/src/tracking/detail/tracker_state_estimator.cpp.o
#13 94.38 [ 93%] Building CXX object modules/video/CMakeFiles/opencv_video.dir/src/tracking/detail/tracking_feature.cpp.o
#13 94.41 [ 93%] Building CXX object modules/video/CMakeFiles/opencv_video.dir/src/tracking/detail/tracking_online_mil.cpp.o
#13 94.87 [ 94%] Linking CXX static library ../../lib/libopencv_imgcodecs.a
#13 94.94 [ 94%] Building CXX object modules/video/CMakeFiles/opencv_video.dir/src/tracking/tracker.cpp.o
#13 94.97 make[2]: Leaving directory '/root/build'
#13 94.98 [ 94%] Built target opencv_imgcodecs
#13 94.99 [ 95%] Building CXX object modules/video/CMakeFiles/opencv_video.dir/src/tracking/tracker_dasiamrpn.cpp.o
#13 95.00 [ 95%] Building CXX object modules/video/CMakeFiles/opencv_video.dir/src/tracking/tracker_goturn.cpp.o
#13 95.45 [ 95%] Building CXX object modules/video/CMakeFiles/opencv_video.dir/src/tracking/tracker_mil.cpp.o
#13 95.56 [ 95%] Building CXX object modules/video/CMakeFiles/opencv_video.dir/src/tracking/tracker_nano.cpp.o
#13 95.80 [ 96%] Building CXX object modules/video/CMakeFiles/opencv_video.dir/src/variational_refinement.cpp.o
#13 96.04 [ 96%] Building CXX object modules/video/CMakeFiles/opencv_video.dir/opencl_kernels_video.cpp.o
#13 96.38 make[2]: Entering directory '/root/build'
#13 96.40 make[2]: Leaving directory '/root/build'
#13 96.40 make[2]: Entering directory '/root/build'
#13 96.41 [ 96%] Building CXX object modules/videoio/CMakeFiles/opencv_videoio.dir/src/videoio_registry.cpp.o
#13 96.65 [ 97%] Building CXX object modules/videoio/CMakeFiles/opencv_videoio.dir/src/videoio_c.cpp.o
#13 96.66 [ 97%] Building CXX object modules/videoio/CMakeFiles/opencv_videoio.dir/src/cap.cpp.o
#13 96.79 [ 97%] Building CXX object modules/videoio/CMakeFiles/opencv_videoio.dir/src/cap_images.cpp.o
#13 96.90 [ 97%] Building CXX object modules/videoio/CMakeFiles/opencv_videoio.dir/src/cap_mjpeg_encoder.cpp.o
#13 97.04 [ 98%] Building CXX object modules/videoio/CMakeFiles/opencv_videoio.dir/src/cap_mjpeg_decoder.cpp.o
#13 97.22 [ 98%] Building CXX object modules/videoio/CMakeFiles/opencv_videoio.dir/src/backend_plugin.cpp.o
#13 97.26 [ 98%] Building CXX object modules/videoio/CMakeFiles/opencv_videoio.dir/src/backend_static.cpp.o
#13 97.54 [ 98%] Building CXX object modules/videoio/CMakeFiles/opencv_videoio.dir/src/container_avi.cpp.o
#13 97.57 [ 99%] Building CXX object modules/videoio/CMakeFiles/opencv_videoio.dir/src/cap_ffmpeg.cpp.o
#13 97.73 [ 99%] Building CXX object modules/videoio/CMakeFiles/opencv_videoio.dir/src/cap_obsensor_capture.cpp.o
#13 97.81 [ 99%] Building CXX object modules/videoio/CMakeFiles/opencv_videoio.dir/src/cap_obsensor/obsensor_uvc_stream_channel.cpp.o
#13 97.92 [ 99%] Building CXX object modules/videoio/CMakeFiles/opencv_videoio.dir/src/cap_obsensor/obsensor_stream_channel_v4l2.cpp.o
#13 99.65 [ 99%] Linking CXX static library ../../lib/libopencv_video.a
#13 99.73 make[2]: Leaving directory '/root/build'
#13 99.74 [ 99%] Built target opencv_video
#13 101.3 [100%] Linking CXX static library ../../lib/libopencv_videoio.a
#13 101.3 make[2]: Leaving directory '/root/build'
#13 101.3 [100%] Built target opencv_videoio
#13 101.3 make[1]: Leaving directory '/root/build'
#13 101.3 Install the project...
#13 101.3 -- Install configuration: "Release"
#13 101.3 -- Installing: /opt/opencv/share/licenses/opencv4/ippicv-readme.htm
#13 101.3 -- Installing: /opt/opencv/share/licenses/opencv4/ippicv-EULA.txt
#13 101.3 -- Installing: /opt/opencv/share/licenses/opencv4/ippicv-third-party-programs.txt
#13 101.3 -- Installing: /opt/opencv/lib/opencv4/3rdparty/libippicv.a
#13 101.4 -- Installing: /opt/opencv/share/licenses/opencv4/ippiw-support.txt
#13 101.4 -- Installing: /opt/opencv/share/licenses/opencv4/ippiw-third-party-programs.txt
#13 101.4 -- Installing: /opt/opencv/share/licenses/opencv4/ippiw-EULA.txt
#13 101.4 -- Installing: /opt/opencv/share/licenses/opencv4/flatbuffers-LICENSE.txt
#13 101.4 -- Installing: /opt/opencv/include/opencv4/opencv2/cvconfig.h
#13 101.4 -- Installing: /opt/opencv/include/opencv4/opencv2/opencv_modules.hpp
#13 101.5 -- Installing: /opt/opencv/lib/cmake/opencv4/OpenCVModules.cmake
#13 101.5 -- Installing: /opt/opencv/lib/cmake/opencv4/OpenCVModules-release.cmake
#13 101.5 -- Installing: /opt/opencv/lib/cmake/opencv4/OpenCVConfig-version.cmake
#13 101.5 -- Installing: /opt/opencv/lib/cmake/opencv4/OpenCVConfig.cmake
#13 101.5 -- Installing: /opt/opencv/bin/setup_vars_opencv4.sh
#13 101.5 -- Installing: /opt/opencv/share/opencv4/valgrind.supp
#13 101.5 -- Installing: /opt/opencv/share/opencv4/valgrind_3rdparty.supp
#13 101.5 -- Installing: /opt/opencv/lib/opencv4/3rdparty/libzlib.a
#13 101.5 -- Installing: /opt/opencv/share/licenses/opencv4/zlib-LICENSE
#13 101.5 -- Installing: /opt/opencv/lib/opencv4/3rdparty/liblibjpeg-turbo.a
#13 101.5 -- Installing: /opt/opencv/share/licenses/opencv4/libjpeg-turbo-README.md
#13 101.5 -- Installing: /opt/opencv/share/licenses/opencv4/libjpeg-turbo-LICENSE.md
#13 101.5 -- Installing: /opt/opencv/share/licenses/opencv4/libjpeg-turbo-README.ijg
#13 101.5 -- Installing: /opt/opencv/share/licenses/opencv4/libopenjp2-README.md
#13 101.5 -- Installing: /opt/opencv/share/licenses/opencv4/libopenjp2-LICENSE
#13 101.5 -- Installing: /opt/opencv/lib/opencv4/3rdparty/liblibopenjp2.a
#13 101.5 -- Installing: /opt/opencv/lib/opencv4/3rdparty/liblibpng.a
#13 101.5 -- Installing: /opt/opencv/share/licenses/opencv4/libpng-LICENSE
#13 101.5 -- Installing: /opt/opencv/share/licenses/opencv4/libpng-README
#13 101.5 -- Installing: /opt/opencv/lib/opencv4/3rdparty/libippiw.a
#13 101.5 -- Installing: /opt/opencv/include/opencv4/opencv2/opencv.hpp
#13 101.5 -- Installing: /opt/opencv/lib/libopencv_core.a
#13 101.5 -- Installing: /opt/opencv/include/opencv4/opencv2/core.hpp
#13 101.5 -- Installing: /opt/opencv/include/opencv4/opencv2/core/affine.hpp
#13 101.5 -- Installing: /opt/opencv/include/opencv4/opencv2/core/async.hpp
#13 101.5 -- Installing: /opt/opencv/include/opencv4/opencv2/core/base.hpp
#13 101.5 -- Installing: /opt/opencv/include/opencv4/opencv2/core/bindings_utils.hpp
#13 101.5 -- Installing: /opt/opencv/include/opencv4/opencv2/core/bufferpool.hpp
#13 101.5 -- Installing: /opt/opencv/include/opencv4/opencv2/core/check.hpp
#13 101.5 -- Installing: /opt/opencv/include/opencv4/opencv2/core/core.hpp
#13 101.5 -- Installing: /opt/opencv/include/opencv4/opencv2/core/core_c.h
#13 101.5 -- Installing: /opt/opencv/include/opencv4/opencv2/core/cuda.hpp
#13 101.5 -- Installing: /opt/opencv/include/opencv4/opencv2/core/cuda.inl.hpp
#13 101.5 -- Installing: /opt/opencv/include/opencv4/opencv2/core/cuda/block.hpp
#13 101.5 -- Installing: /opt/opencv/include/opencv4/opencv2/core/cuda/border_interpolate.hpp
#13 101.5 -- Installing: /opt/opencv/include/opencv4/opencv2/core/cuda/color.hpp
#13 101.5 -- Installing: /opt/opencv/include/opencv4/opencv2/core/cuda/common.hpp
#13 101.5 -- Installing: /opt/opencv/include/opencv4/opencv2/core/cuda/datamov_utils.hpp
#13 101.5 -- Installing: /opt/opencv/include/opencv4/opencv2/core/cuda/detail/color_detail.hpp
#13 101.5 -- Installing: /opt/opencv/include/opencv4/opencv2/core/cuda/detail/reduce.hpp
#13 101.5 -- Installing: /opt/opencv/include/opencv4/opencv2/core/cuda/detail/reduce_key_val.hpp
#13 101.5 -- Installing: /opt/opencv/include/opencv4/opencv2/core/cuda/detail/transform_detail.hpp
#13 101.5 -- Installing: /opt/opencv/include/opencv4/opencv2/core/cuda/detail/type_traits_detail.hpp
#13 101.5 -- Installing: /opt/opencv/include/opencv4/opencv2/core/cuda/detail/vec_distance_detail.hpp
#13 101.5 -- Installing: /opt/opencv/include/opencv4/opencv2/core/cuda/dynamic_smem.hpp
#13 101.5 -- Installing: /opt/opencv/include/opencv4/opencv2/core/cuda/emulation.hpp
#13 101.5 -- Installing: /opt/opencv/include/opencv4/opencv2/core/cuda/filters.hpp
#13 101.5 -- Installing: /opt/opencv/include/opencv4/opencv2/core/cuda/funcattrib.hpp
#13 101.5 -- Installing: /opt/opencv/include/opencv4/opencv2/core/cuda/functional.hpp
#13 101.5 -- Installing: /opt/opencv/include/opencv4/opencv2/core/cuda/limits.hpp
#13 101.5 -- Installing: /opt/opencv/include/opencv4/opencv2/core/cuda/reduce.hpp
#13 101.5 -- Installing: /opt/opencv/include/opencv4/opencv2/core/cuda/saturate_cast.hpp
#13 101.5 -- Installing: /opt/opencv/include/opencv4/opencv2/core/cuda/scan.hpp
#13 101.5 -- Installing: /opt/opencv/include/opencv4/opencv2/core/cuda/simd_functions.hpp
#13 101.5 -- Installing: /opt/opencv/include/opencv4/opencv2/core/cuda/transform.hpp
#13 101.5 -- Installing: /opt/opencv/include/opencv4/opencv2/core/cuda/type_traits.hpp
#13 101.5 -- Installing: /opt/opencv/include/opencv4/opencv2/core/cuda/utility.hpp
#13 101.5 -- Installing: /opt/opencv/include/opencv4/opencv2/core/cuda/vec_distance.hpp
#13 101.5 -- Installing: /opt/opencv/include/opencv4/opencv2/core/cuda/vec_math.hpp
#13 101.5 -- Installing: /opt/opencv/include/opencv4/opencv2/core/cuda/vec_traits.hpp
#13 101.5 -- Installing: /opt/opencv/include/opencv4/opencv2/core/cuda/warp.hpp
#13 101.5 -- Installing: /opt/opencv/include/opencv4/opencv2/core/cuda/warp_reduce.hpp
#13 101.5 -- Installing: /opt/opencv/include/opencv4/opencv2/core/cuda/warp_shuffle.hpp
#13 101.5 -- Installing: /opt/opencv/include/opencv4/opencv2/core/cuda_stream_accessor.hpp
#13 101.5 -- Installing: /opt/opencv/include/opencv4/opencv2/core/cuda_types.hpp
#13 101.5 -- Installing: /opt/opencv/include/opencv4/opencv2/core/cv_cpu_dispatch.h
#13 101.5 -- Installing: /opt/opencv/include/opencv4/opencv2/core/cv_cpu_helper.h
#13 101.5 -- Installing: /opt/opencv/include/opencv4/opencv2/core/cvdef.h
#13 101.5 -- Installing: /opt/opencv/include/opencv4/opencv2/core/cvstd.hpp
#13 101.5 -- Installing: /opt/opencv/include/opencv4/opencv2/core/cvstd.inl.hpp
#13 101.5 -- Installing: /opt/opencv/include/opencv4/opencv2/core/cvstd_wrapper.hpp
#13 101.5 -- Installing: /opt/opencv/include/opencv4/opencv2/core/detail/async_promise.hpp
#13 101.5 -- Installing: /opt/opencv/include/opencv4/opencv2/core/detail/dispatch_helper.impl.hpp
#13 101.5 -- Installing: /opt/opencv/include/opencv4/opencv2/core/detail/exception_ptr.hpp
#13 101.5 -- Installing: /opt/opencv/include/opencv4/opencv2/core/directx.hpp
#13 101.5 -- Installing: /opt/opencv/include/opencv4/opencv2/core/dualquaternion.hpp
#13 101.5 -- Installing: /opt/opencv/include/opencv4/opencv2/core/dualquaternion.inl.hpp
#13 101.5 -- Installing: /opt/opencv/include/opencv4/opencv2/core/eigen.hpp
#13 101.5 -- Installing: /opt/opencv/include/opencv4/opencv2/core/fast_math.hpp
#13 101.5 -- Installing: /opt/opencv/include/opencv4/opencv2/core/hal/hal.hpp
#13 101.5 -- Installing: /opt/opencv/include/opencv4/opencv2/core/hal/interface.h
#13 101.5 -- Installing: /opt/opencv/include/opencv4/opencv2/core/hal/intrin.hpp
#13 101.5 -- Installing: /opt/opencv/include/opencv4/opencv2/core/hal/intrin_avx.hpp
#13 101.5 -- Installing: /opt/opencv/include/opencv4/opencv2/core/hal/intrin_avx512.hpp
#13 101.5 -- Installing: /opt/opencv/include/opencv4/opencv2/core/hal/intrin_cpp.hpp
#13 101.5 -- Installing: /opt/opencv/include/opencv4/opencv2/core/hal/intrin_forward.hpp
#13 101.5 -- Installing: /opt/opencv/include/opencv4/opencv2/core/hal/intrin_lasx.hpp
#13 101.5 -- Installing: /opt/opencv/include/opencv4/opencv2/core/hal/intrin_msa.hpp
#13 101.5 -- Installing: /opt/opencv/include/opencv4/opencv2/core/hal/intrin_neon.hpp
#13 101.5 -- Installing: /opt/opencv/include/opencv4/opencv2/core/hal/intrin_rvv.hpp
#13 101.5 -- Installing: /opt/opencv/include/opencv4/opencv2/core/hal/intrin_rvv071.hpp
#13 101.5 -- Installing: /opt/opencv/include/opencv4/opencv2/core/hal/intrin_rvv_010_compat_non-policy.hpp
#13 101.5 -- Installing: /opt/opencv/include/opencv4/opencv2/core/hal/intrin_rvv_010_compat_overloaded-non-policy.hpp
#13 101.5 -- Installing: /opt/opencv/include/opencv4/opencv2/core/hal/intrin_rvv_compat_overloaded.hpp
#13 101.5 -- Installing: /opt/opencv/include/opencv4/opencv2/core/hal/intrin_rvv_scalable.hpp
#13 101.5 -- Installing: /opt/opencv/include/opencv4/opencv2/core/hal/intrin_sse.hpp
#13 101.5 -- Installing: /opt/opencv/include/opencv4/opencv2/core/hal/intrin_sse_em.hpp
#13 101.5 -- Installing: /opt/opencv/include/opencv4/opencv2/core/hal/intrin_vsx.hpp
#13 101.5 -- Installing: /opt/opencv/include/opencv4/opencv2/core/hal/intrin_wasm.hpp
#13 101.5 -- Installing: /opt/opencv/include/opencv4/opencv2/core/hal/msa_macros.h
#13 101.5 -- Installing: /opt/opencv/include/opencv4/opencv2/core/hal/simd_utils.impl.hpp
#13 101.5 -- Installing: /opt/opencv/include/opencv4/opencv2/core/mat.hpp
#13 101.5 -- Installing: /opt/opencv/include/opencv4/opencv2/core/mat.inl.hpp
#13 101.5 -- Installing: /opt/opencv/include/opencv4/opencv2/core/matx.hpp
#13 101.5 -- Installing: /opt/opencv/include/opencv4/opencv2/core/neon_utils.hpp
#13 101.5 -- Installing: /opt/opencv/include/opencv4/opencv2/core/ocl.hpp
#13 101.5 -- Installing: /opt/opencv/include/opencv4/opencv2/core/ocl_genbase.hpp
#13 101.5 -- Installing: /opt/opencv/include/opencv4/opencv2/core/opencl/ocl_defs.hpp
#13 101.5 -- Installing: /opt/opencv/include/opencv4/opencv2/core/opencl/opencl_info.hpp
#13 101.5 -- Installing: /opt/opencv/include/opencv4/opencv2/core/opencl/opencl_svm.hpp
#13 101.5 -- Installing: /opt/opencv/include/opencv4/opencv2/core/opencl/runtime/autogenerated/opencl_clblas.hpp
#13 101.5 -- Installing: /opt/opencv/include/opencv4/opencv2/core/opencl/runtime/autogenerated/opencl_clfft.hpp
#13 101.5 -- Installing: /opt/opencv/include/opencv4/opencv2/core/opencl/runtime/autogenerated/opencl_core.hpp
#13 101.5 -- Installing: /opt/opencv/include/opencv4/opencv2/core/opencl/runtime/autogenerated/opencl_core_wrappers.hpp
#13 101.5 -- Installing: /opt/opencv/include/opencv4/opencv2/core/opencl/runtime/autogenerated/opencl_gl.hpp
#13 101.5 -- Installing: /opt/opencv/include/opencv4/opencv2/core/opencl/runtime/autogenerated/opencl_gl_wrappers.hpp
#13 101.5 -- Installing: /opt/opencv/include/opencv4/opencv2/core/opencl/runtime/opencl_clblas.hpp
#13 101.5 -- Installing: /opt/opencv/include/opencv4/opencv2/core/opencl/runtime/opencl_clfft.hpp
#13 101.5 -- Installing: /opt/opencv/include/opencv4/opencv2/core/opencl/runtime/opencl_core.hpp
#13 101.5 -- Installing: /opt/opencv/include/opencv4/opencv2/core/opencl/runtime/opencl_core_wrappers.hpp
#13 101.5 -- Installing: /opt/opencv/include/opencv4/opencv2/core/opencl/runtime/opencl_gl.hpp
#13 101.5 -- Installing: /opt/opencv/include/opencv4/opencv2/core/opencl/runtime/opencl_gl_wrappers.hpp
#13 101.5 -- Installing: /opt/opencv/include/opencv4/opencv2/core/opencl/runtime/opencl_svm_20.hpp
#13 101.5 -- Installing: /opt/opencv/include/opencv4/opencv2/core/opencl/runtime/opencl_svm_definitions.hpp
#13 101.5 -- Installing: /opt/opencv/include/opencv4/opencv2/core/opencl/runtime/opencl_svm_hsa_extension.hpp
#13 101.5 -- Installing: /opt/opencv/include/opencv4/opencv2/core/opengl.hpp
#13 101.5 -- Installing: /opt/opencv/include/opencv4/opencv2/core/operations.hpp
#13 101.5 -- Installing: /opt/opencv/include/opencv4/opencv2/core/optim.hpp
#13 101.5 -- Installing: /opt/opencv/include/opencv4/opencv2/core/ovx.hpp
#13 101.5 -- Installing: /opt/opencv/include/opencv4/opencv2/core/parallel/backend/parallel_for.openmp.hpp
#13 101.5 -- Installing: /opt/opencv/include/opencv4/opencv2/core/parallel/backend/parallel_for.tbb.hpp
#13 101.5 -- Installing: /opt/opencv/include/opencv4/opencv2/core/parallel/parallel_backend.hpp
#13 101.5 -- Installing: /opt/opencv/include/opencv4/opencv2/core/persistence.hpp
#13 101.5 -- Installing: /opt/opencv/include/opencv4/opencv2/core/quaternion.hpp
#13 101.5 -- Installing: /opt/opencv/include/opencv4/opencv2/core/quaternion.inl.hpp
#13 101.5 -- Installing: /opt/opencv/include/opencv4/opencv2/core/saturate.hpp
#13 101.5 -- Installing: /opt/opencv/include/opencv4/opencv2/core/simd_intrinsics.hpp
#13 101.5 -- Installing: /opt/opencv/include/opencv4/opencv2/core/softfloat.hpp
#13 101.5 -- Installing: /opt/opencv/include/opencv4/opencv2/core/sse_utils.hpp
#13 101.5 -- Installing: /opt/opencv/include/opencv4/opencv2/core/traits.hpp
#13 101.6 -- Installing: /opt/opencv/include/opencv4/opencv2/core/types.hpp
#13 101.6 -- Installing: /opt/opencv/include/opencv4/opencv2/core/types_c.h
#13 101.6 -- Installing: /opt/opencv/include/opencv4/opencv2/core/utility.hpp
#13 101.6 -- Installing: /opt/opencv/include/opencv4/opencv2/core/utils/allocator_stats.hpp
#13 101.6 -- Installing: /opt/opencv/include/opencv4/opencv2/core/utils/allocator_stats.impl.hpp
#13 101.6 -- Installing: /opt/opencv/include/opencv4/opencv2/core/utils/filesystem.hpp
#13 101.6 -- Installing: /opt/opencv/include/opencv4/opencv2/core/utils/fp_control_utils.hpp
#13 101.6 -- Installing: /opt/opencv/include/opencv4/opencv2/core/utils/instrumentation.hpp
#13 101.6 -- Installing: /opt/opencv/include/opencv4/opencv2/core/utils/logger.defines.hpp
#13 101.6 -- Installing: /opt/opencv/include/opencv4/opencv2/core/utils/logger.hpp
#13 101.6 -- Installing: /opt/opencv/include/opencv4/opencv2/core/utils/logtag.hpp
#13 101.6 -- Installing: /opt/opencv/include/opencv4/opencv2/core/utils/tls.hpp
#13 101.6 -- Installing: /opt/opencv/include/opencv4/opencv2/core/utils/trace.hpp
#13 101.6 -- Installing: /opt/opencv/include/opencv4/opencv2/core/va_intel.hpp
#13 101.6 -- Installing: /opt/opencv/include/opencv4/opencv2/core/version.hpp
#13 101.6 -- Installing: /opt/opencv/include/opencv4/opencv2/core/vsx_utils.hpp
#13 101.6 -- Installing: /opt/opencv/share/licenses/opencv4/SoftFloat-COPYING.txt
#13 101.6 -- Installing: /opt/opencv/lib/libopencv_imgproc.a
#13 101.6 -- Installing: /opt/opencv/include/opencv4/opencv2/imgproc.hpp
#13 101.6 -- Installing: /opt/opencv/include/opencv4/opencv2/imgproc/bindings.hpp
#13 101.6 -- Installing: /opt/opencv/include/opencv4/opencv2/imgproc/detail/gcgraph.hpp
#13 101.6 -- Installing: /opt/opencv/include/opencv4/opencv2/imgproc/hal/hal.hpp
#13 101.6 -- Installing: /opt/opencv/include/opencv4/opencv2/imgproc/hal/interface.h
#13 101.6 -- Installing: /opt/opencv/include/opencv4/opencv2/imgproc/imgproc.hpp
#13 101.6 -- Installing: /opt/opencv/include/opencv4/opencv2/imgproc/imgproc_c.h
#13 101.6 -- Installing: /opt/opencv/include/opencv4/opencv2/imgproc/segmentation.hpp
#13 101.6 -- Installing: /opt/opencv/include/opencv4/opencv2/imgproc/types_c.h
#13 101.6 -- Installing: /opt/opencv/lib/libopencv_video.a
#13 101.6 -- Installing: /opt/opencv/include/opencv4/opencv2/video.hpp
#13 101.6 -- Installing: /opt/opencv/include/opencv4/opencv2/video/background_segm.hpp
#13 101.6 -- Installing: /opt/opencv/include/opencv4/opencv2/video/detail/tracking.detail.hpp
#13 101.6 -- Installing: /opt/opencv/include/opencv4/opencv2/video/legacy/constants_c.h
#13 101.6 -- Installing: /opt/opencv/include/opencv4/opencv2/video/tracking.hpp
#13 101.6 -- Installing: /opt/opencv/include/opencv4/opencv2/video/video.hpp
#13 101.6 -- Installing: /opt/opencv/lib/libopencv_imgcodecs.a
#13 101.6 -- Installing: /opt/opencv/include/opencv4/opencv2/imgcodecs.hpp
#13 101.6 -- Installing: /opt/opencv/include/opencv4/opencv2/imgcodecs/imgcodecs.hpp
#13 101.6 -- Installing: /opt/opencv/include/opencv4/opencv2/imgcodecs/imgcodecs_c.h
#13 101.6 -- Installing: /opt/opencv/include/opencv4/opencv2/imgcodecs/ios.h
#13 101.6 -- Installing: /opt/opencv/include/opencv4/opencv2/imgcodecs/legacy/constants_c.h
#13 101.6 -- Installing: /opt/opencv/include/opencv4/opencv2/imgcodecs/macosx.h
#13 101.6 -- Installing: /opt/opencv/lib/libopencv_videoio.a
#13 101.6 -- Installing: /opt/opencv/include/opencv4/opencv2/videoio.hpp
#13 101.6 -- Installing: /opt/opencv/include/opencv4/opencv2/videoio/cap_ios.h
#13 101.6 -- Installing: /opt/opencv/include/opencv4/opencv2/videoio/legacy/constants_c.h
#13 101.6 -- Installing: /opt/opencv/include/opencv4/opencv2/videoio/registry.hpp
#13 101.6 -- Installing: /opt/opencv/include/opencv4/opencv2/videoio/videoio.hpp
#13 101.6 -- Installing: /opt/opencv/include/opencv4/opencv2/videoio/videoio_c.h
#13 101.6 -- Installing: /opt/opencv/share/opencv4/haarcascades/haarcascade_eye.xml
#13 101.6 -- Installing: /opt/opencv/share/opencv4/haarcascades/haarcascade_eye_tree_eyeglasses.xml
#13 101.6 -- Installing: /opt/opencv/share/opencv4/haarcascades/haarcascade_frontalcatface.xml
#13 101.6 -- Installing: /opt/opencv/share/opencv4/haarcascades/haarcascade_frontalcatface_extended.xml
#13 101.6 -- Installing: /opt/opencv/share/opencv4/haarcascades/haarcascade_frontalface_alt.xml
#13 101.6 -- Installing: /opt/opencv/share/opencv4/haarcascades/haarcascade_frontalface_alt2.xml
#13 101.6 -- Installing: /opt/opencv/share/opencv4/haarcascades/haarcascade_frontalface_alt_tree.xml
#13 101.6 -- Installing: /opt/opencv/share/opencv4/haarcascades/haarcascade_frontalface_default.xml
#13 101.6 -- Installing: /opt/opencv/share/opencv4/haarcascades/haarcascade_fullbody.xml
#13 101.6 -- Installing: /opt/opencv/share/opencv4/haarcascades/haarcascade_lefteye_2splits.xml
#13 101.6 -- Installing: /opt/opencv/share/opencv4/haarcascades/haarcascade_license_plate_rus_16stages.xml
#13 101.6 -- Installing: /opt/opencv/share/opencv4/haarcascades/haarcascade_lowerbody.xml
#13 101.6 -- Installing: /opt/opencv/share/opencv4/haarcascades/haarcascade_profileface.xml
#13 101.6 -- Installing: /opt/opencv/share/opencv4/haarcascades/haarcascade_righteye_2splits.xml
#13 101.6 -- Installing: /opt/opencv/share/opencv4/haarcascades/haarcascade_russian_plate_number.xml
#13 101.6 -- Installing: /opt/opencv/share/opencv4/haarcascades/haarcascade_smile.xml
#13 101.6 -- Installing: /opt/opencv/share/opencv4/haarcascades/haarcascade_upperbody.xml
#13 101.6 -- Installing: /opt/opencv/share/opencv4/lbpcascades/lbpcascade_frontalcatface.xml
#13 101.6 -- Installing: /opt/opencv/share/opencv4/lbpcascades/lbpcascade_frontalface.xml
#13 101.6 -- Installing: /opt/opencv/share/opencv4/lbpcascades/lbpcascade_frontalface_improved.xml
#13 101.6 -- Installing: /opt/opencv/share/opencv4/lbpcascades/lbpcascade_profileface.xml
#13 101.6 -- Installing: /opt/opencv/share/opencv4/lbpcascades/lbpcascade_silverware.xml
#13 101.6 make: Leaving directory '/root/build'
#13 DONE 101.8s

#14 [test  3/11] RUN set -xeu &&     DEBIAN_FRONTEND=noninteractive apt-get install -y curl clang libclang-dev     cmake     libavcodec-dev libavformat-dev libavutil-dev libswscale-dev
#14 CACHED

#15 [frontend 2/3] RUN set -xeu && 	git clone https://github.com/piotrpdev/oko.git /root/oko
#15 CACHED

#16 [test  4/11] RUN set -xeu &&     curl --proto '=https' --tlsv1.2 -sSf https://sh.rustup.rs | sh -s -- -y --profile=minimal
#16 CACHED

#17 [frontend 3/3] RUN set -xeu && 	npm --prefix=/root/oko/frontend ci && 	npm --prefix=/root/oko/frontend run build && 	mkdir -p /root/oko/backend/static && 	cp -r /root/oko/frontend/dist/* /root/oko/backend/static/
#17 CACHED

#18 [test  5/11] COPY --from=backend /opt/opencv /opt/opencv
#18 DONE 0.4s

#19 [test  6/11] COPY --from=frontend /root/oko /root/oko
#19 DONE 15.3s

#20 [test  7/11] RUN set -xeu && 	ls /opt/opencv/lib && 	ls /opt/opencv/lib/opencv4/3rdparty && 	ls /usr/lib/x86_64-linux-gnu && 	ls /opt/opencv/include && 	ls /opt/opencv/include/opencv4 && 	ls /usr/include/x86_64-linux-gnu
#20 0.283 + ls /opt/opencv/lib
#20 0.286 cmake
#20 0.286 libopencv_core.a
#20 0.286 libopencv_imgcodecs.a
#20 0.286 libopencv_imgproc.a
#20 0.286 libopencv_video.a
#20 0.286 libopencv_videoio.a
#20 0.286 opencv4
#20 0.286 + ls /opt/opencv/lib/opencv4/3rdparty
#20 0.287 libippicv.a
#20 0.287 libippiw.a
#20 0.287 liblibjpeg-turbo.a
#20 0.287 liblibopenjp2.a
#20 0.287 liblibpng.a
#20 0.287 libzlib.a
#20 0.287 + ls /usr/lib/x86_64-linux-gnu
#20 0.289 Mcrt1.o
#20 0.289 Scrt1.o
#20 0.289 audit
#20 0.289 bfd-plugins
#20 0.289 crt1.o
#20 0.289 crti.o
#20 0.289 crtn.o
#20 0.289 dri
#20 0.289 e2fsprogs
#20 0.289 engines-3
#20 0.289 gconv
#20 0.289 gcrt1.o
#20 0.289 gdk-pixbuf-2.0
#20 0.289 gio
#20 0.289 glib-2.0
#20 0.289 grcrt1.o
#20 0.289 icu
#20 0.289 krb5
#20 0.289 ld-linux-x86-64.so.2
#20 0.289 ldscripts
#20 0.289 libBrokenLocale.a
#20 0.289 libBrokenLocale.so
#20 0.289 libBrokenLocale.so.1
#20 0.289 libLLVM-14.0.0.so.1
#20 0.289 libLLVM-14.so
#20 0.289 libLLVM-14.so.1
#20 0.289 libLLVM-15.so
#20 0.289 libLLVM-15.so.1
#20 0.289 libOpenCL.so.1
#20 0.289 libOpenCL.so.1.0.0
#20 0.289 libX11-xcb.so.1
#20 0.289 libX11-xcb.so.1.0.0
#20 0.289 libX11.so.6
#20 0.289 libX11.so.6.4.0
#20 0.289 libXau.so.6
#20 0.289 libXau.so.6.0.0
#20 0.289 libXdmcp.so.6
#20 0.289 libXdmcp.so.6.0.0
#20 0.289 libXext.so.6
#20 0.289 libXext.so.6.4.0
#20 0.289 libXfixes.so.3
#20 0.289 libXfixes.so.3.1.0
#20 0.289 libXpm.so.4
#20 0.289 libXpm.so.4.11.0
#20 0.289 libXrender.so.1
#20 0.289 libXrender.so.1.3.0
#20 0.289 libaacs.so.0
#20 0.289 libaacs.so.0.7.2
#20 0.289 libacl.so.1
#20 0.289 libacl.so.1.1.2301
#20 0.289 libanl.a
#20 0.289 libanl.so
#20 0.289 libanl.so.1
#20 0.289 libaom.so.3
#20 0.289 libaom.so.3.3.0
#20 0.289 libapt-pkg.so.6.0
#20 0.289 libapt-pkg.so.6.0.0
#20 0.289 libapt-private.so.0.0
#20 0.289 libapt-private.so.0.0.0
#20 0.289 libarchive.so.13
#20 0.289 libarchive.so.13.6.0
#20 0.289 libasan.so.6
#20 0.289 libasan.so.6.0.0
#20 0.289 libatomic.so.1
#20 0.289 libatomic.so.1.2.0
#20 0.289 libattr.so.1
#20 0.289 libattr.so.1.1.2501
#20 0.289 libaudit.so.1
#20 0.289 libaudit.so.1.0.0
#20 0.289 libavcodec.a
#20 0.289 libavcodec.so
#20 0.289 libavcodec.so.58
#20 0.289 libavcodec.so.58.134.100
#20 0.289 libavformat.a
#20 0.289 libavformat.so
#20 0.289 libavformat.so.58
#20 0.289 libavformat.so.58.76.100
#20 0.289 libavutil.a
#20 0.289 libavutil.so
#20 0.289 libavutil.so.56
#20 0.289 libavutil.so.56.70.100
#20 0.289 libbdplus.so.0
#20 0.289 libbdplus.so.0.2.0
#20 0.289 libbfd-2.38-system.so
#20 0.289 libblkid.so.1
#20 0.289 libblkid.so.1.1.0
#20 0.289 libbluray.so.2
#20 0.289 libbluray.so.2.4.1
#20 0.289 libbrotlicommon.so.1
#20 0.289 libbrotlicommon.so.1.0.9
#20 0.289 libbrotlidec.so.1
#20 0.289 libbrotlidec.so.1.0.9
#20 0.289 libbrotlienc.so.1
#20 0.289 libbrotlienc.so.1.0.9
#20 0.289 libbsd.so.0
#20 0.289 libbsd.so.0.11.5
#20 0.289 libbz2.so.1
#20 0.289 libbz2.so.1.0
#20 0.289 libbz2.so.1.0.4
#20 0.289 libc.a
#20 0.289 libc.so
#20 0.289 libc.so.6
#20 0.289 libc_malloc_debug.so
#20 0.289 libc_malloc_debug.so.0
#20 0.289 libc_nonshared.a
#20 0.289 libcairo-gobject.so.2
#20 0.289 libcairo-gobject.so.2.11600.0
#20 0.289 libcairo.so.2
#20 0.289 libcairo.so.2.11600.0
#20 0.289 libcap-ng.so.0
#20 0.289 libcap-ng.so.0.0.0
#20 0.289 libcap.so.2
#20 0.289 libcap.so.2.44
#20 0.289 libcc1.so.0
#20 0.289 libcc1.so.0.0.0
#20 0.289 libchromaprint.so.1
#20 0.289 libchromaprint.so.1.5.1
#20 0.289 libclang-14.so
#20 0.289 libclang-14.so.1
#20 0.289 libclang-14.so.13
#20 0.289 libclang-14.so.14.0.0
#20 0.289 libclang-cpp.so.14
#20 0.289 libcodec2.so.1.0
#20 0.289 libcom_err.so.2
#20 0.289 libcom_err.so.2.1
#20 0.289 libcrypt.a
#20 0.289 libcrypt.so
#20 0.289 libcrypt.so.1
#20 0.289 libcrypt.so.1.1.0
#20 0.289 libcrypto.so.3
#20 0.289 libctf-nobfd.so.0
#20 0.289 libctf-nobfd.so.0.0.0
#20 0.289 libctf.so.0
#20 0.289 libctf.so.0.0.0
#20 0.289 libcurl.so.4
#20 0.289 libcurl.so.4.7.0
#20 0.289 libcurses.a
#20 0.289 libcurses.so
#20 0.289 libdatrie.so.1
#20 0.289 libdatrie.so.1.4.0
#20 0.289 libdav1d.so.5
#20 0.289 libdav1d.so.5.1.1
#20 0.289 libdb-5.3.so
#20 0.289 libdebconfclient.so.0
#20 0.289 libdebconfclient.so.0.0.0
#20 0.289 libdeflate.so.0
#20 0.289 libdl.a
#20 0.289 libdl.so.2
#20 0.289 libdrm.so.2
#20 0.289 libdrm.so.2.4.0
#20 0.289 libdrm_amdgpu.so.1
#20 0.289 libdrm_amdgpu.so.1.0.0
#20 0.289 libdrm_intel.so.1
#20 0.289 libdrm_intel.so.1.0.0
#20 0.289 libdrm_nouveau.so.2
#20 0.289 libdrm_nouveau.so.2.0.0
#20 0.289 libdrm_radeon.so.1
#20 0.289 libdrm_radeon.so.1.0.1
#20 0.289 libe2p.so.2
#20 0.289 libe2p.so.2.3
#20 0.289 libedit.so.2
#20 0.289 libedit.so.2.0.68
#20 0.289 libelf-0.186.so
#20 0.289 libelf.so.1
#20 0.289 libexpat.so.1
#20 0.289 libexpat.so.1.8.7
#20 0.289 libexpatw.so.1
#20 0.289 libexpatw.so.1.8.7
#20 0.289 libext2fs.so.2
#20 0.289 libext2fs.so.2.4
#20 0.289 libffi.a
#20 0.289 libffi.so
#20 0.289 libffi.so.8
#20 0.289 libffi.so.8.1.0
#20 0.289 libffi_pic.a
#20 0.289 libfontconfig.so.1
#20 0.289 libfontconfig.so.1.12.0
#20 0.289 libform.a
#20 0.289 libform.so
#20 0.289 libform.so.6
#20 0.289 libform.so.6.3
#20 0.289 libformw.a
#20 0.289 libformw.so
#20 0.289 libformw.so.6
#20 0.289 libformw.so.6.3
#20 0.289 libfreetype.so.6
#20 0.289 libfreetype.so.6.18.1
#20 0.289 libfribidi.so.0
#20 0.289 libfribidi.so.0.4.0
#20 0.289 libg.a
#20 0.289 libgc.so.1
#20 0.289 libgc.so.1.4.4
#20 0.289 libgcc_s.so.1
#20 0.289 libgccpp.so.1
#20 0.289 libgccpp.so.1.4.1
#20 0.289 libgcrypt.so.20
#20 0.289 libgcrypt.so.20.3.4
#20 0.289 libgd.so.3
#20 0.289 libgd.so.3.0.8
#20 0.289 libgdk_pixbuf-2.0.so.0
#20 0.289 libgdk_pixbuf-2.0.so.0.4200.8
#20 0.289 libgio-2.0.so.0
#20 0.289 libgio-2.0.so.0.7200.4
#20 0.289 libglib-2.0.so.0
#20 0.289 libglib-2.0.so.0.7200.4
#20 0.289 libgme.so.0
#20 0.289 libgme.so.0.6.3
#20 0.289 libgmodule-2.0.so.0
#20 0.289 libgmodule-2.0.so.0.7200.4
#20 0.289 libgmp.so.10
#20 0.289 libgmp.so.10.4.1
#20 0.289 libgnutls.so.30
#20 0.289 libgnutls.so.30.31.0
#20 0.289 libgobject-2.0.so.0
#20 0.289 libgobject-2.0.so.0.7200.4
#20 0.289 libgomp.so.1
#20 0.289 libgomp.so.1.0.0
#20 0.289 libgpg-error.so.0
#20 0.289 libgpg-error.so.0.32.1
#20 0.289 libgraphite2.so.2.0.0
#20 0.289 libgraphite2.so.3
#20 0.289 libgraphite2.so.3.2.1
#20 0.289 libgsm.so.1
#20 0.289 libgsm.so.1.0.19
#20 0.289 libgssapi_krb5.so.2
#20 0.289 libgssapi_krb5.so.2.2
#20 0.289 libgthread-2.0.so.0
#20 0.289 libgthread-2.0.so.0.7200.4
#20 0.289 libharfbuzz.so.0
#20 0.289 libharfbuzz.so.0.20704.0
#20 0.289 libhistory.so.8
#20 0.289 libhistory.so.8.1
#20 0.289 libhogweed.so.6
#20 0.289 libhogweed.so.6.4
#20 0.289 libicudata.a
#20 0.289 libicudata.so
#20 0.289 libicudata.so.70
#20 0.289 libicudata.so.70.1
#20 0.289 libicui18n.a
#20 0.289 libicui18n.so
#20 0.289 libicui18n.so.70
#20 0.289 libicui18n.so.70.1
#20 0.289 libicuio.a
#20 0.289 libicuio.so
#20 0.289 libicuio.so.70
#20 0.289 libicuio.so.70.1
#20 0.289 libicutest.a
#20 0.289 libicutest.so
#20 0.289 libicutest.so.70
#20 0.289 libicutest.so.70.1
#20 0.289 libicutu.a
#20 0.289 libicutu.so
#20 0.289 libicutu.so.70
#20 0.289 libicutu.so.70.1
#20 0.289 libicuuc.a
#20 0.289 libicuuc.so
#20 0.289 libicuuc.so.70
#20 0.289 libicuuc.so.70.1
#20 0.289 libidn2.so.0
#20 0.289 libidn2.so.0.3.7
#20 0.289 libigdgmm.so.12
#20 0.289 libigdgmm.so.12.1.0
#20 0.289 libisl.so.23
#20 0.289 libisl.so.23.1.0
#20 0.289 libitm.so.1
#20 0.289 libitm.so.1.0.0
#20 0.289 libjbig.so.0
#20 0.289 libjpeg.so.8
#20 0.289 libjpeg.so.8.2.2
#20 0.289 libjsoncpp.so.1.9.5
#20 0.289 libjsoncpp.so.25
#20 0.289 libk5crypto.so.3
#20 0.289 libk5crypto.so.3.1
#20 0.289 libkeyutils.so.1
#20 0.289 libkeyutils.so.1.9
#20 0.289 libkrb5.so.3
#20 0.289 libkrb5.so.3.3
#20 0.289 libkrb5support.so.0
#20 0.289 libkrb5support.so.0.1
#20 0.289 liblber-2.5.so.0
#20 0.289 liblber-2.5.so.0.1.13
#20 0.289 libldap-2.5.so.0
#20 0.289 libldap-2.5.so.0.1.13
#20 0.289 liblsan.so.0
#20 0.289 liblsan.so.0.0.0
#20 0.289 liblz4.so.1
#20 0.289 liblz4.so.1.9.3
#20 0.289 liblzma.so.5
#20 0.289 liblzma.so.5.2.5
#20 0.289 libm-2.35.a
#20 0.289 libm.a
#20 0.289 libm.so
#20 0.289 libm.so.6
#20 0.289 libmcheck.a
#20 0.289 libmd.so.0
#20 0.289 libmd.so.0.0.5
#20 0.289 libmemusage.so
#20 0.289 libmenu.a
#20 0.289 libmenu.so
#20 0.289 libmenu.so.6
#20 0.289 libmenu.so.6.3
#20 0.289 libmenuw.a
#20 0.289 libmenuw.so
#20 0.289 libmenuw.so.6
#20 0.289 libmenuw.so.6.3
#20 0.289 libmfx-tracer.so.1
#20 0.289 libmfx-tracer.so.1.35
#20 0.289 libmfx.so.1
#20 0.289 libmfx.so.1.35
#20 0.289 libmfxhw64.so.1
#20 0.289 libmfxhw64.so.1.35
#20 0.289 libmount.so.1
#20 0.289 libmount.so.1.1.0
#20 0.289 libmp3lame.so.0
#20 0.289 libmp3lame.so.0.0.0
#20 0.289 libmpc.so.3
#20 0.289 libmpc.so.3.2.1
#20 0.289 libmpdec++.so.2.5.1
#20 0.289 libmpdec++.so.3
#20 0.289 libmpdec.so.2.5.1
#20 0.289 libmpdec.so.3
#20 0.289 libmpfr.so.6
#20 0.289 libmpfr.so.6.1.0
#20 0.289 libmpg123.so.0
#20 0.289 libmpg123.so.0.46.7
#20 0.289 libmvec.a
#20 0.289 libmvec.so
#20 0.289 libmvec.so.1
#20 0.289 libncurses++.a
#20 0.289 libncurses++w.a
#20 0.289 libncurses.a
#20 0.289 libncurses.so
#20 0.289 libncurses.so.6
#20 0.289 libncurses.so.6.3
#20 0.289 libncursesw.a
#20 0.289 libncursesw.so
#20 0.289 libncursesw.so.6
#20 0.289 libncursesw.so.6.3
#20 0.289 libnettle.so.8
#20 0.289 libnettle.so.8.4
#20 0.289 libnghttp2.so.14
#20 0.289 libnghttp2.so.14.20.1
#20 0.289 libnorm.so.1
#20 0.289 libnsl.a
#20 0.289 libnsl.so
#20 0.289 libnsl.so.1
#20 0.289 libnsl.so.2
#20 0.289 libnsl.so.2.0.1
#20 0.289 libnss_compat.so
#20 0.289 libnss_compat.so.2
#20 0.289 libnss_dns.so.2
#20 0.289 libnss_files.so.2
#20 0.289 libnss_hesiod.so
#20 0.289 libnss_hesiod.so.2
#20 0.289 libnuma.so.1
#20 0.289 libnuma.so.1.0.0
#20 0.289 libobjc.so.4
#20 0.289 libobjc.so.4.0.0
#20 0.289 libobjc_gc.so.4
#20 0.289 libobjc_gc.so.4.0.0
#20 0.289 libogg.so.0
#20 0.289 libogg.so.0.8.5
#20 0.289 libopcodes-2.38-system.so
#20 0.289 libopenjp2.so.2.4.0
#20 0.289 libopenjp2.so.7
#20 0.289 libopenmpt.so.0
#20 0.289 libopenmpt.so.0.3.3
#20 0.289 libopus.so.0
#20 0.289 libopus.so.0.8.0
#20 0.289 libp11-kit.so.0
#20 0.289 libp11-kit.so.0.3.0
#20 0.289 libpam.so.0
#20 0.289 libpam.so.0.85.1
#20 0.289 libpam_misc.so.0
#20 0.289 libpam_misc.so.0.82.1
#20 0.289 libpamc.so.0
#20 0.289 libpamc.so.0.82.1
#20 0.289 libpanel.a
#20 0.289 libpanel.so
#20 0.289 libpanel.so.6
#20 0.289 libpanel.so.6.3
#20 0.289 libpanelw.a
#20 0.289 libpanelw.so
#20 0.289 libpanelw.so.6
#20 0.289 libpanelw.so.6.3
#20 0.289 libpango-1.0.so.0
#20 0.289 libpango-1.0.so.0.5000.6
#20 0.289 libpangocairo-1.0.so.0
#20 0.289 libpangocairo-1.0.so.0.5000.6
#20 0.289 libpangoft2-1.0.so.0
#20 0.289 libpangoft2-1.0.so.0.5000.6
#20 0.289 libpciaccess.so.0
#20 0.289 libpciaccess.so.0.11.1
#20 0.289 libpcprofile.so
#20 0.289 libpcre.so.3
#20 0.289 libpcre.so.3.13.3
#20 0.289 libpcre2-8.so.0
#20 0.289 libpcre2-8.so.0.10.4
#20 0.289 libpcreposix.so.3
#20 0.289 libpcreposix.so.3.13.3
#20 0.289 libpfm.so.4
#20 0.289 libpfm.so.4.11.1
#20 0.289 libpgm-5.3.so.0
#20 0.289 libpgm-5.3.so.0.0.128
#20 0.289 libpipeline.so.1
#20 0.289 libpipeline.so.1.5.5
#20 0.289 libpixman-1.so.0
#20 0.289 libpixman-1.so.0.40.0
#20 0.289 libpng16.so.16
#20 0.289 libpng16.so.16.37.0
#20 0.289 libprocps.so.8
#20 0.289 libprocps.so.8.0.3
#20 0.289 libpsl.so.5
#20 0.289 libpsl.so.5.3.2
#20 0.289 libpthread.a
#20 0.289 libpthread.so.0
#20 0.289 libquadmath.so.0
#20 0.289 libquadmath.so.0.0.0
#20 0.289 librabbitmq.so.4
#20 0.289 librabbitmq.so.4.4.0
#20 0.289 libreadline.so.8
#20 0.289 libreadline.so.8.1
#20 0.289 libresolv.a
#20 0.289 libresolv.so
#20 0.289 libresolv.so.2
#20 0.289 librhash.so.0
#20 0.289 librsvg-2.so.2
#20 0.289 librsvg-2.so.2.48.0
#20 0.289 librt.a
#20 0.289 librt.so.1
#20 0.289 librtmp.so.1
#20 0.289 libsasl2.so.2
#20 0.289 libsasl2.so.2.0.25
#20 0.289 libseccomp.so.2
#20 0.289 libseccomp.so.2.5.3
#20 0.289 libselinux.so.1
#20 0.289 libsemanage.so.2
#20 0.289 libsepol.so.2
#20 0.289 libshine.so.3
#20 0.289 libshine.so.3.0.1
#20 0.289 libsmartcols.so.1
#20 0.289 libsmartcols.so.1.1.0
#20 0.289 libsnappy.so.1
#20 0.289 libsnappy.so.1.1.8
#20 0.289 libsodium.so.23
#20 0.289 libsodium.so.23.3.0
#20 0.289 libsoxr.so.0
#20 0.289 libsoxr.so.0.1.2
#20 0.289 libspeex.so.1
#20 0.289 libspeex.so.1.5.0
#20 0.289 libsqlite3.so.0
#20 0.289 libsqlite3.so.0.8.6
#20 0.289 libsrt-gnutls.so.1.4
#20 0.289 libsrt-gnutls.so.1.4.4
#20 0.289 libss.so.2
#20 0.289 libss.so.2.0
#20 0.289 libssh-gcrypt.so.4
#20 0.289 libssh-gcrypt.so.4.8.7
#20 0.289 libssh.so.4
#20 0.289 libssh.so.4.8.7
#20 0.289 libssl.so.3
#20 0.289 libstdc++.so.6
#20 0.289 libstdc++.so.6.0.30
#20 0.289 libswresample.a
#20 0.289 libswresample.so
#20 0.289 libswresample.so.3
#20 0.289 libswresample.so.3.9.100
#20 0.289 libswscale.a
#20 0.289 libswscale.so
#20 0.289 libswscale.so.5
#20 0.289 libswscale.so.5.9.100
#20 0.289 libsystemd.so.0
#20 0.289 libsystemd.so.0.32.0
#20 0.289 libtasn1.so.6
#20 0.289 libtasn1.so.6.6.2
#20 0.289 libtermcap.a
#20 0.289 libtermcap.so
#20 0.289 libthai.so.0
#20 0.289 libthai.so.0.3.1
#20 0.289 libtheora.so.0
#20 0.289 libtheora.so.0.3.10
#20 0.289 libtheoradec.so.1
#20 0.289 libtheoradec.so.1.1.4
#20 0.289 libtheoraenc.so.1
#20 0.289 libtheoraenc.so.1.1.2
#20 0.289 libthread_db.so
#20 0.289 libthread_db.so.1
#20 0.289 libtic.a
#20 0.289 libtic.so
#20 0.289 libtic.so.6
#20 0.289 libtic.so.6.3
#20 0.289 libtiff.so.5
#20 0.289 libtiff.so.5.7.0
#20 0.289 libtinfo.a
#20 0.289 libtinfo.so
#20 0.289 libtinfo.so.6
#20 0.289 libtinfo.so.6.3
#20 0.289 libtirpc.a
#20 0.289 libtirpc.so
#20 0.289 libtirpc.so.3
#20 0.289 libtirpc.so.3.0.0
#20 0.289 libtsan.so.0
#20 0.289 libtsan.so.0.0.0
#20 0.289 libtwolame.so.0
#20 0.289 libtwolame.so.0.0.0
#20 0.289 libubsan.so.1
#20 0.289 libubsan.so.1.0.0
#20 0.289 libudev.so.1
#20 0.289 libudev.so.1.7.2
#20 0.289 libudfread.so.0
#20 0.290 libudfread.so.0.1.0
#20 0.290 libunistring.so.2
#20 0.290 libunistring.so.2.2.0
#20 0.290 libutil.a
#20 0.290 libutil.so.1
#20 0.290 libuuid.so.1
#20 0.290 libuuid.so.1.3.0
#20 0.290 libuv.so.1
#20 0.290 libuv.so.1.0.0
#20 0.290 libva-drm.so.2
#20 0.290 libva-drm.so.2.1400.0
#20 0.290 libva-x11.so.2
#20 0.290 libva-x11.so.2.1400.0
#20 0.290 libva.so.2
#20 0.290 libva.so.2.1400.0
#20 0.290 libvdpau.so.1
#20 0.290 libvdpau.so.1.0.0
#20 0.290 libvorbis.so.0
#20 0.290 libvorbis.so.0.4.9
#20 0.290 libvorbisenc.so.2
#20 0.290 libvorbisenc.so.2.0.12
#20 0.290 libvorbisfile.so.3
#20 0.290 libvorbisfile.so.3.3.8
#20 0.290 libvpx.so.7
#20 0.290 libvpx.so.7.0
#20 0.290 libvpx.so.7.0.0
#20 0.290 libwebp.so.7
#20 0.290 libwebp.so.7.1.3
#20 0.290 libwebpmux.so.3
#20 0.290 libwebpmux.so.3.0.8
#20 0.290 libx264.so.163
#20 0.290 libx265.so.199
#20 0.290 libxcb-dri2.so.0
#20 0.290 libxcb-dri2.so.0.0.0
#20 0.290 libxcb-dri3.so.0
#20 0.290 libxcb-dri3.so.0.0.0
#20 0.290 libxcb-present.so.0
#20 0.290 libxcb-present.so.0.0.0
#20 0.290 libxcb-render.so.0
#20 0.290 libxcb-render.so.0.0.0
#20 0.290 libxcb-shm.so.0
#20 0.290 libxcb-shm.so.0.0.0
#20 0.290 libxcb-sync.so.1
#20 0.290 libxcb-sync.so.1.0.0
#20 0.290 libxcb-xfixes.so.0
#20 0.290 libxcb-xfixes.so.0.0.0
#20 0.290 libxcb.so.1
#20 0.290 libxcb.so.1.1.0
#20 0.290 libxml2.a
#20 0.290 libxml2.so
#20 0.290 libxml2.so.2
#20 0.290 libxml2.so.2.9.13
#20 0.290 libxshmfence.so.1
#20 0.290 libxshmfence.so.1.0.0
#20 0.290 libxvidcore.so.4
#20 0.290 libxvidcore.so.4.3
#20 0.290 libxxhash.so.0
#20 0.290 libxxhash.so.0.8.1
#20 0.290 libyaml-0.so.2
#20 0.290 libyaml-0.so.2.0.6
#20 0.290 libz.so.1
#20 0.290 libz.so.1.2.11
#20 0.290 libz3.so
#20 0.290 libz3.so.4
#20 0.290 libzmq.so.5
#20 0.290 libzmq.so.5.2.4
#20 0.290 libzstd.so.1
#20 0.290 libzstd.so.1.4.8
#20 0.290 libzvbi-chains.so.0
#20 0.290 libzvbi-chains.so.0.0.0
#20 0.290 libzvbi.so.0
#20 0.290 libzvbi.so.0.13.2
#20 0.290 mfx
#20 0.290 ossl-modules
#20 0.290 perl-base
#20 0.290 pkgconfig
#20 0.290 rcrt1.o
#20 0.290 sasl2
#20 0.290 security
#20 0.290 vdpau
#20 0.290 xml2Conf.sh
#20 0.290 + ls /opt/opencv/include
#20 0.291 opencv4
#20 0.291 + ls /opt/opencv/include/opencv4
#20 0.291 opencv2
#20 0.292 + ls /usr/include/x86_64-linux-gnu
#20 0.293 a.out.h
#20 0.293 asm
#20 0.293 bits
#20 0.293 c++
#20 0.293 ffi.h
#20 0.293 ffitarget.h
#20 0.293 fpu_control.h
#20 0.293 gnu
#20 0.293 ieee754.h
#20 0.293 libavcodec
#20 0.293 libavformat
#20 0.293 libavutil
#20 0.293 libswresample
#20 0.293 libswscale
#20 0.293 sys
#20 DONE 0.3s

#21 [test  8/11] RUN set -xeu && 	cd /root/oko/backend && 	cargo build
#21 0.395 + cd /root/oko/backend
#21 0.395 + cargo build
#21 0.823     Updating crates.io index
#21 3.849  Downloading crates ...
#21 4.152   Downloaded axum-login v0.16.0
#21 4.158   Downloaded autocfg v1.4.0
#21 4.188   Downloaded icu_provider_macros v1.5.0
#21 4.198   Downloaded atoi v2.0.0
#21 4.236   Downloaded foreign-types-shared v0.1.1
#21 4.238   Downloaded tower-cookies v0.10.0
#21 4.244   Downloaded tokio-stream v0.1.17
#21 4.253   Downloaded foreign-types v0.3.2
#21 4.259   Downloaded http-body v1.0.1
#21 4.264   Downloaded equivalent v1.0.1
#21 4.273   Downloaded crypto-common v0.1.6
#21 4.278   Downloaded futures-executor v0.3.31
#21 4.282   Downloaded rust-embed-utils v8.5.0
#21 4.284   Downloaded rust-embed-impl v8.5.0
#21 4.286   Downloaded tower-service v0.3.3
#21 4.288   Downloaded tower-layer v0.3.3
#21 4.290   Downloaded dotenvy v0.15.7
#21 4.296   Downloaded tokio-native-tls v0.3.1
#21 4.302   Downloaded tokio-macros v2.4.0
#21 4.305   Downloaded http-range-header v0.4.2
#21 4.308   Downloaded http-body-util v0.1.2
#21 4.312   Downloaded itoa v1.0.14
#21 4.317   Downloaded crc v3.2.1
#21 4.324   Downloaded tokio-tungstenite v0.24.0
#21 4.327   Downloaded tower-http v0.6.2
#21 4.342   Downloaded jobserver v0.1.32
#21 4.348   Downloaded litemap v0.7.4
#21 4.354   Downloaded lazy_static v1.5.0
#21 4.359   Downloaded urlencoding v2.1.3
#21 4.362   Downloaded icu_provider v1.5.0
#21 4.369   Downloaded smallvec v1.13.2
#21 4.373   Downloaded time-core v0.1.2
#21 4.376   Downloaded num-conv v0.1.0
#21 4.378   Downloaded openssl-macros v0.1.1
#21 4.380   Downloaded zerofrom v0.1.5
#21 4.383   Downloaded sqlx-macros v0.8.2
#21 4.385   Downloaded thiserror v2.0.6
#21 4.396   Downloaded stable_deref_trait v1.2.0
#21 4.399   Downloaded scopeguard v1.2.0
#21 4.402   Downloaded libm v0.2.11
#21 4.416   Downloaded serde_derive v1.0.216
#21 4.421   Downloaded synstructure v0.13.1
#21 4.424   Downloaded sync_wrapper v1.0.2
#21 4.427   Downloaded yoke-derive v0.7.5
#21 4.431   Downloaded utf8_iter v1.0.4
#21 4.435   Downloaded num-integer v0.1.46
#21 4.439   Downloaded version_check v0.9.5
#21 4.442   Downloaded num-iter v0.1.45
#21 4.445   Downloaded tinyvec_macros v0.1.1
#21 4.447   Downloaded utf-8 v0.7.6
#21 4.450   Downloaded serde_path_to_error v0.1.16
#21 4.453   Downloaded spki v0.7.3
#21 4.459   Downloaded sha2 v0.10.8
#21 4.466   Downloaded shlex v1.3.0
#21 4.470   Downloaded spin v0.9.8
#21 4.480   Downloaded ppv-lite86 v0.2.20
#21 4.483   Downloaded rustix v0.38.42
#21 4.520   Downloaded sqlformat v0.2.6
#21 4.523   Downloaded time v0.3.37
#21 4.534   Downloaded syn v2.0.90
#21 4.548   Downloaded native-tls v0.2.12
#21 4.551   Downloaded sqlx v0.8.2
#21 4.572   Downloaded thiserror-impl v2.0.6
#21 4.575   Downloaded pin-project-lite v0.2.15
#21 4.584   Downloaded url v2.5.4
#21 4.589   Downloaded unicode_categories v0.1.1
#21 4.592   Downloaded tokio-util v0.7.13
#21 4.603   Downloaded unicode-bidi v0.3.17
#21 4.608   Downloaded tracing-core v0.1.33
#21 4.613   Downloaded log v0.4.22
#21 4.618   Downloaded num-traits v0.2.19
#21 4.623   Downloaded openssl-sys v0.9.104
#21 4.630   Downloaded unicode-ident v1.0.14
#21 4.634   Downloaded libc v0.2.168
#21 4.678   Downloaded rsa v0.9.7
#21 4.687   Downloaded mio v1.0.3
#21 4.696   Downloaded sqlx-postgres v0.8.2
#21 4.709   Downloaded regex-automata v0.1.10
#21 4.717   Downloaded opencv-binding-generator v0.93.0
#21 4.737   Downloaded num-bigint-dig v0.8.4
#21 4.744   Downloaded tracing-subscriber v0.3.19
#21 4.755   Downloaded vcpkg v0.2.15
#21 4.816   Downloaded nom v7.1.3
#21 4.823   Downloaded openssl v0.10.68
#21 4.835   Downloaded regex v1.11.1
#21 4.854   Downloaded zerovec v0.10.4
#21 4.862   Downloaded regex-syntax v0.6.29
#21 4.871   Downloaded zerocopy v0.7.35
#21 4.890   Downloaded regex-syntax v0.8.5
#21 4.899   Downloaded unicode-normalization v0.1.24
#21 4.904   Downloaded minimal-lexical v0.2.1
#21 4.910   Downloaded tracing v0.1.41
#21 4.915   Downloaded rand v0.8.5
#21 4.920   Downloaded memchr v2.7.4
#21 4.928   Downloaded typenum v1.17.0
#21 4.932   Downloaded tungstenite v0.24.0
#21 4.938   Downloaded tower-sessions v0.13.0
#21 4.941   Downloaded rmp-serde v1.3.0
#21 4.943   Downloaded rmp v0.8.14
#21 4.949   Downloaded quote v1.0.37
#21 4.953   Downloaded proc-macro2 v1.0.92
#21 4.956   Downloaded pkcs1 v0.7.5
#21 4.960   Downloaded regex-automata v0.4.9
#21 4.982   Downloaded pin-utils v0.1.0
#21 4.984   Downloaded pem-rfc7468 v0.7.0
#21 4.987   Downloaded password-hash v0.5.0
#21 4.990   Downloaded parking_lot_core v0.9.10
#21 4.993   Downloaded parking_lot v0.12.3
#21 4.996   Downloaded tokio v1.42.0
#21 5.046   Downloaded unicode-properties v0.1.3
#21 5.050   Downloaded slab v0.4.9
#21 5.052   Downloaded subtle v2.6.1
#21 5.054   Downloaded stringprep v0.1.5
#21 5.057   Downloaded pkcs8 v0.10.2
#21 5.061   Downloaded once_cell v1.20.2
#21 5.066   Downloaded rust-embed v8.5.0
#21 5.078   Downloaded mime_guess v2.0.5
#21 5.080   Downloaded unicase v2.8.0
#21 5.083   Downloaded tower v0.5.2
#21 5.098   Downloaded md-5 v0.10.6
#21 5.100   Downloaded zerocopy-derive v0.7.35
#21 5.106   Downloaded whoami v1.5.2
#21 5.109   Downloaded walkdir v2.5.0
#21 5.111   Downloaded utf16_iter v1.0.5
#21 5.113   Downloaded matchit v0.7.3
#21 5.116   Downloaded yoke v0.7.5
#21 5.119   Downloaded tracing-attributes v0.1.28
#21 5.122   Downloaded powerfmt v0.2.0
#21 5.124   Downloaded socket2 v0.5.8
#21 5.127   Downloaded ryu v1.0.18
#21 5.132   Downloaded rand_core v0.6.4
#21 5.134   Downloaded rand_chacha v0.3.1
#21 5.136   Downloaded percent-encoding v2.3.1
#21 5.137   Downloaded linux-raw-sys v0.4.14
#21 5.185   Downloaded tower-sessions-sqlx-store v0.14.2
#21 5.187   Downloaded sqlx-core v0.8.2
#21 5.198   Downloaded pkg-config v0.3.31
#21 5.201   Downloaded paste v1.0.15
#21 5.207   Downloaded password-auth v1.0.0
#21 5.208   Downloaded zeroize v1.8.1
#21 5.210   Downloaded tinyvec v1.8.0
#21 5.214   Downloaded time-macros v0.2.19
#21 5.217   Downloaded tempfile v3.14.0
#21 5.221   Downloaded zerovec-derive v0.10.3
#21 5.223   Downloaded zerofrom-derive v0.1.5
#21 5.224   Downloaded signature v2.2.0
#21 5.227   Downloaded signal-hook-registry v1.4.2
#21 5.228   Downloaded sha1 v0.10.6
#21 5.231   Downloaded serde_urlencoded v0.7.1
#21 5.233   Downloaded same-file v1.0.6
#21 5.235   Downloaded mime v0.3.17
#21 5.236   Downloaded rustversion v1.0.18
#21 5.240   Downloaded tinystr v0.7.6
#21 5.242   Downloaded thread_local v1.1.8
#21 5.244   Downloaded thiserror-impl v1.0.69
#21 5.246   Downloaded thiserror v1.0.69
#21 5.252   Downloaded tower-sessions-core v0.13.0
#21 5.254   Downloaded axum-embed v0.1.0
#21 5.263   Downloaded opencv v0.93.5
#21 5.309   Downloaded writeable v0.5.5
#21 5.312   Downloaded icu_properties_data v1.5.0
#21 5.325   Downloaded chrono v0.4.39
#21 5.334   Downloaded sqlx-sqlite v0.8.2
#21 5.339   Downloaded serde_json v1.0.133
#21 5.348   Downloaded idna v1.0.3
#21 5.352   Downloaded hyper v1.5.1
#21 5.361   Downloaded hkdf v0.12.4
#21 5.364   Downloaded hashbrown v0.15.2
#21 5.370   Downloaded hashbrown v0.14.5
#21 5.376   Downloaded futures-util v0.3.31
#21 5.391   Downloaded axum v0.7.9
#21 5.402   Downloaded aho-corasick v1.1.3
#21 5.408   Downloaded serde v1.0.216
#21 5.412   Downloaded cc v1.2.3
#21 5.416   Downloaded sqlx-macros-core v0.8.2
#21 5.419   Downloaded semver v1.0.23
#21 5.422   Downloaded sqlx-mysql v0.8.2
#21 5.430   Downloaded icu_collections v1.5.0
#21 5.438   Downloaded http v1.2.0
#21 5.443   Downloaded sharded-slab v0.1.7
#21 5.448   Downloaded parking v2.2.1
#21 5.450   Downloaded indexmap v2.7.0
#21 5.456   Downloaded write16 v1.0.0
#21 5.458   Downloaded futures-intrusive v0.5.0
#21 5.464   Downloaded allocator-api2 v0.2.21
#21 5.468   Downloaded der v0.7.9
#21 5.475   Downloaded icu_normalizer_data v1.5.0
#21 5.477   Downloaded blake2 v0.10.6
#21 5.481   Downloaded openssl-probe v0.1.5
#21 5.483   Downloaded matchers v0.1.0
#21 5.484   Downloaded icu_properties v1.5.1
#21 5.487   Downloaded hyper-util v0.1.10
#21 5.494   Downloaded clang v2.0.0
#21 5.497   Downloaded base64 v0.22.1
#21 5.503   Downloaded flume v0.11.1
#21 5.507   Downloaded bytes v1.9.0
#21 5.512   Downloaded bitflags v2.6.0
#21 5.517   Downloaded tower-sessions-memory-store v0.13.0
#21 5.518   Downloaded icu_locid_transform_data v1.5.0
#21 5.520   Downloaded event-listener v5.3.1
#21 5.523   Downloaded cookie v0.18.1
#21 5.526   Downloaded const-oid v0.9.6
#21 5.529   Downloaded icu_normalizer v1.5.0
#21 5.534   Downloaded icu_locid v1.5.0
#21 5.541   Downloaded hmac v0.12.1
#21 5.544   Downloaded futures v0.3.31
#21 5.550   Downloaded crossbeam-utils v0.8.20
#21 5.554   Downloaded clang-sys v1.8.1
#21 5.557   Downloaded icu_locid_transform v1.5.0
#21 5.561   Downloaded iana-time-zone v0.1.61
#21 5.564   Downloaded httparse v1.9.5
#21 5.568   Downloaded futures-core v0.3.31
#21 5.569   Downloaded futures-channel v0.3.31
#21 5.572   Downloaded either v1.13.0
#21 5.574   Downloaded displaydoc v0.2.5
#21 5.578   Downloaded base64ct v1.6.0
#21 5.581   Downloaded async-trait v0.1.83
#21 5.586   Downloaded lock_api v0.4.12
#21 5.587   Downloaded hashlink v0.9.1
#21 5.590   Downloaded getrandom v0.2.15
#21 5.593   Downloaded cfg-if v1.0.0
#21 5.595   Downloaded ahash v0.8.11
#21 5.598   Downloaded cpufeatures v0.2.16
#21 5.600   Downloaded block-buffer v0.10.4
#21 5.601   Downloaded argon2 v0.5.3
#21 5.603   Downloaded httpdate v1.0.3
#21 5.606   Downloaded glob v0.3.1
#21 5.608   Downloaded futures-macro v0.3.31
#21 5.609   Downloaded futures-io v0.3.31
#21 5.610   Downloaded axum-core v0.4.5
#21 5.613   Downloaded home v0.5.9
#21 5.615   Downloaded hex v0.4.3
#21 5.617   Downloaded futures-task v0.3.31
#21 5.619   Downloaded dunce v1.0.5
#21 5.621   Downloaded generic-array v0.14.7
#21 5.623   Downloaded futures-sink v0.3.31
#21 5.624   Downloaded fastrand v2.3.0
#21 5.627   Downloaded crossbeam-queue v0.3.11
#21 5.629   Downloaded idna_adapter v1.2.0
#21 5.630   Downloaded heck v0.5.0
#21 5.632   Downloaded form_urlencoded v1.2.1
#21 5.633   Downloaded fnv v1.0.7
#21 5.634   Downloaded errno v0.3.10
#21 5.636   Downloaded data-encoding v2.6.0
#21 5.638   Downloaded concurrent-queue v2.5.0
#21 5.640   Downloaded byteorder v1.5.0
#21 5.642   Downloaded digest v0.10.7
#21 5.644   Downloaded deranged v0.3.11
#21 5.646   Downloaded crc-catalog v2.4.0
#21 5.649   Downloaded libsqlite3-sys v0.30.1
#21 5.861    Compiling proc-macro2 v1.0.92
#21 5.861    Compiling unicode-ident v1.0.14
#21 5.862    Compiling autocfg v1.4.0
#21 5.863    Compiling libc v0.2.168
#21 5.865    Compiling cfg-if v1.0.0
#21 5.866    Compiling version_check v0.9.5
#21 5.868    Compiling memchr v2.7.4
#21 5.869    Compiling futures-core v0.3.31
#21 5.870    Compiling pin-project-lite v0.2.15
#21 5.872    Compiling typenum v1.17.0
#21 5.876    Compiling itoa v1.0.14
#21 5.880    Compiling bytes v1.9.0
#21 5.880    Compiling pin-utils v0.1.0
#21 5.886    Compiling futures-io v0.3.31
#21 5.886    Compiling futures-task v0.3.31
#21 5.892    Compiling once_cell v1.20.2
#21 6.063    Compiling serde v1.0.216
#21 6.064    Compiling cpufeatures v0.2.16
#21 6.077    Compiling futures-sink v0.3.31
#21 6.114    Compiling stable_deref_trait v1.2.0
#21 6.119    Compiling percent-encoding v2.3.1
#21 6.142    Compiling scopeguard v1.2.0
#21 6.149    Compiling byteorder v1.5.0
#21 6.153    Compiling subtle v2.6.1
#21 6.165    Compiling writeable v0.5.5
#21 6.172    Compiling parking_lot_core v0.9.10
#21 6.173    Compiling litemap v0.7.4
#21 6.209    Compiling smallvec v1.13.2
#21 6.215    Compiling log v0.4.22
#21 6.320    Compiling powerfmt v0.2.0
#21 6.333    Compiling icu_locid_transform_data v1.5.0
#21 6.350    Compiling generic-array v0.14.7
#21 6.377    Compiling icu_properties_data v1.5.0
#21 6.425    Compiling ryu v1.0.18
#21 6.429    Compiling num-conv v0.1.0
#21 6.435    Compiling time-core v0.1.2
#21 6.441    Compiling fnv v1.0.7
#21 6.495    Compiling slab v0.4.9
#21 6.501    Compiling thiserror v1.0.69
#21 6.514    Compiling http v1.2.0
#21 6.542    Compiling utf8_iter v1.0.4
#21 6.549    Compiling write16 v1.0.0
#21 6.555    Compiling utf16_iter v1.0.5
#21 6.580    Compiling time-macros v0.2.19
#21 6.614    Compiling serde_json v1.0.133
#21 6.618    Compiling icu_normalizer_data v1.5.0
#21 6.626    Compiling lock_api v0.4.12
#21 6.635    Compiling ahash v0.8.11
#21 6.645    Compiling tracing-core v0.1.33
#21 6.669    Compiling form_urlencoded v1.2.1
#21 6.670    Compiling shlex v1.3.0
#21 6.686    Compiling crossbeam-utils v0.8.20
#21 6.867    Compiling num-traits v0.2.19
#21 6.884    Compiling futures-channel v0.3.31
#21 6.957    Compiling pkg-config v0.3.31
#21 6.967    Compiling tower-service v0.3.3
#21 6.989    Compiling paste v1.0.15
#21 7.018    Compiling vcpkg v0.2.15
#21 7.032    Compiling allocator-api2 v0.2.21
#21 7.040    Compiling tower-layer v0.3.3
#21 7.126    Compiling rustversion v1.0.18
#21 7.201    Compiling mime v0.3.17
#21 7.354    Compiling quote v1.0.37
#21 7.470    Compiling socket2 v0.5.8
#21 7.520    Compiling mio v1.0.3
#21 7.547    Compiling syn v2.0.90
#21 7.565    Compiling signal-hook-registry v1.4.2
#21 7.571    Compiling getrandom v0.2.15
#21 7.580    Compiling http-body v1.0.1
#21 7.605    Compiling jobserver v0.1.32
#21 7.689    Compiling minimal-lexical v0.2.1
#21 7.713    Compiling sync_wrapper v1.0.2
#21 7.791    Compiling rand_core v0.6.4
#21 7.841    Compiling cc v1.2.3
#21 7.885    Compiling concurrent-queue v2.5.0
#21 7.975    Compiling nom v7.1.3
#21 8.008    Compiling hashbrown v0.15.2
#21 8.041    Compiling equivalent v1.0.1
#21 8.095    Compiling crc-catalog v2.4.0
#21 8.121    Compiling parking v2.2.1
#21 8.126    Compiling unicode_categories v0.1.1
#21 8.130    Compiling zerocopy v0.7.35
#21 8.188    Compiling crc v3.2.1
#21 8.196    Compiling crossbeam-queue v0.3.11
#21 8.272    Compiling block-buffer v0.10.4
#21 8.299    Compiling crypto-common v0.1.6
#21 8.333    Compiling event-listener v5.3.1
#21 8.337    Compiling base64 v0.22.1
#21 8.351    Compiling hex v0.4.3
#21 8.403    Compiling digest v0.10.7
#21 8.466    Compiling glob v0.3.1
#21 8.473    Compiling httparse v1.9.5
#21 8.607    Compiling sha2 v0.10.8
#21 8.633    Compiling parking_lot v0.12.3
#21 8.683    Compiling tokio v1.42.0
#21 8.717    Compiling futures-util v0.3.31
#21 8.738    Compiling deranged v0.3.11
#21 8.809    Compiling indexmap v2.7.0
#21 8.858    Compiling hashbrown v0.14.5
#21 8.893    Compiling rustix v0.38.42
#21 8.923    Compiling clang-sys v1.8.1
#21 9.089    Compiling futures-intrusive v0.5.0
#21 9.363    Compiling spin v0.9.8
#21 9.372    Compiling aho-corasick v1.1.3
#21 9.584    Compiling atoi v2.0.0
#21 9.591    Compiling bitflags v2.6.0
#21 9.608    Compiling regex-syntax v0.8.5
#21 9.634    Compiling same-file v1.0.6
#21 9.668    Compiling time v0.3.37
#21 9.675    Compiling linux-raw-sys v0.4.14
#21 9.705    Compiling hashlink v0.9.1
#21 9.713    Compiling flume v0.11.1
#21 9.725    Compiling walkdir v2.5.0
#21 9.730    Compiling cookie v0.18.1
#21 9.769    Compiling semver v1.0.23
#21 9.784    Compiling httpdate v1.0.3
#21 10.00    Compiling unicase v2.8.0
#21 10.02    Compiling fastrand v2.3.0
#21 10.06    Compiling hmac v0.12.1
#21 10.09    Compiling sha1 v0.10.6
#21 10.20    Compiling dotenvy v0.15.7
#21 10.21    Compiling dunce v1.0.5
#21 10.23    Compiling utf-8 v0.7.6
#21 10.23    Compiling mime_guess v2.0.5
#21 10.26    Compiling sqlformat v0.2.6
#21 10.28    Compiling data-encoding v2.6.0
#21 10.29    Compiling libsqlite3-sys v0.30.1
#21 10.37    Compiling heck v0.5.0
#21 10.46    Compiling rust-embed-utils v8.5.0
#21 10.58    Compiling clang v2.0.0
#21 10.60    Compiling base64ct v1.6.0
#21 10.70    Compiling regex-syntax v0.6.29
#21 10.92    Compiling password-hash v0.5.0
#21 11.02    Compiling blake2 v0.10.6
#21 11.53    Compiling rmp v0.8.14
#21 11.64    Compiling matchit v0.7.3
#21 11.76    Compiling iana-time-zone v0.1.61
#21 11.82    Compiling thiserror v2.0.6
#21 11.88    Compiling lazy_static v1.5.0
#21 11.93    Compiling sharded-slab v0.1.7
#21 12.01    Compiling regex-automata v0.4.9
#21 12.04    Compiling chrono v0.4.39
#21 12.09    Compiling argon2 v0.5.3
#21 12.12    Compiling futures-executor v0.3.31
#21 12.29    Compiling tempfile v3.14.0
#21 12.31    Compiling thread_local v1.1.8
#21 12.49    Compiling synstructure v0.13.1
#21 12.66    Compiling oko v0.1.2 (/root/oko/backend)
#21 12.68    Compiling urlencoding v2.1.3
#21 12.77    Compiling regex-automata v0.1.10
#21 12.85    Compiling http-range-header v0.4.2
#21 12.86    Compiling password-auth v1.0.0
#21 13.40    Compiling tokio-stream v0.1.17
#21 13.62    Compiling serde_derive v1.0.216
#21 13.66    Compiling zerofrom-derive v0.1.5
#21 13.69    Compiling yoke-derive v0.7.5
#21 13.73    Compiling zerovec-derive v0.10.3
#21 13.73    Compiling futures-macro v0.3.31
#21 13.85    Compiling displaydoc v0.2.5
#21 13.86    Compiling zerocopy-derive v0.7.35
#21 13.95    Compiling icu_provider_macros v1.5.0
#21 14.04    Compiling tokio-macros v2.4.0
#21 14.18    Compiling thiserror-impl v1.0.69
#21 14.75    Compiling tracing-attributes v0.1.28
#21 14.76    Compiling async-trait v0.1.83
#21 14.95    Compiling regex v1.11.1
#21 15.17    Compiling rust-embed-impl v8.5.0
#21 15.61    Compiling opencv-binding-generator v0.93.0
#21 15.89    Compiling matchers v0.1.0
#21 16.03    Compiling thiserror-impl v2.0.6
#21 16.09    Compiling zerofrom v0.1.5
#21 16.19    Compiling yoke v0.7.5
#21 16.39    Compiling zerovec v0.10.4
#21 16.40    Compiling ppv-lite86 v0.2.20
#21 16.64    Compiling rust-embed v8.5.0
#21 16.84    Compiling rand_chacha v0.3.1
#21 17.04    Compiling rand v0.8.5
#21 17.12    Compiling tracing v0.1.41
#21 17.29    Compiling tracing-subscriber v0.3.19
#21 17.40    Compiling tinystr v0.7.6
#21 17.40    Compiling icu_collections v1.5.0
#21 17.54    Compiling icu_locid v1.5.0
#21 17.68    Compiling tungstenite v0.24.0
#21 18.05    Compiling icu_provider v1.5.0
#21 18.34    Compiling icu_locid_transform v1.5.0
#21 18.36    Compiling http-body-util v0.1.2
#21 18.36    Compiling futures v0.3.31
#21 18.64    Compiling axum-core v0.4.5
#21 19.21    Compiling icu_properties v1.5.1
#21 19.37    Compiling opencv v0.93.5
#21 20.10    Compiling hyper v1.5.1
#21 20.10    Compiling tower v0.5.2
#21 20.10    Compiling tokio-tungstenite v0.24.0
#21 20.10    Compiling tokio-util v0.7.13
#21 20.49    Compiling either v1.13.0
#21 20.56    Compiling serde_urlencoded v0.7.1
#21 20.84    Compiling serde_path_to_error v0.1.16
#21 20.85    Compiling rmp-serde v1.3.0
#21 20.86    Compiling axum-embed v0.1.0
#21 21.06    Compiling icu_normalizer v1.5.0
#21 21.25    Compiling hyper-util v0.1.10
#21 21.28    Compiling tower-http v0.6.2
#21 21.59    Compiling axum v0.7.9
#21 21.68    Compiling idna_adapter v1.2.0
#21 21.80    Compiling idna v1.0.3
#21 22.16    Compiling url v2.5.4
#21 22.55    Compiling sqlx-core v0.8.2
#21 23.00    Compiling tower-sessions-core v0.13.0
#21 23.26    Compiling tower-cookies v0.10.0
#21 23.45    Compiling tower-sessions-memory-store v0.13.0
#21 23.54    Compiling tower-sessions v0.13.0
#21 24.37    Compiling sqlx-sqlite v0.8.2
#21 24.86    Compiling axum-login v0.16.0
#21 25.72    Compiling sqlx-macros-core v0.8.2
#21 26.77    Compiling sqlx-macros v0.8.2
#21 28.22    Compiling sqlx v0.8.2
#21 28.29    Compiling tower-sessions-sqlx-store v0.14.2
#21 49.60     Finished `dev` profile [unoptimized + debuginfo] target(s) in 48.82s
#21 DONE 50.4s

#22 [test  9/11] RUN set -xeu &&     DEBIAN_FRONTEND=noninteractive apt-get install -y libasound2 libatk-bridge2.0-0 libatk1.0-0 	libatspi2.0-0 libcairo2 libcups2 libdbus-1-3 libdrm2 libgbm1 libglib2.0-0 libnspr4 libnss3 	libpango-1.0-0 libwayland-client0 libx11-6 libxcb1 libxcomposite1 libxdamage1 libxext6 	libxfixes3 libxkbcommon0 libxrandr2 	pkg-config libssl-dev
#22 0.295 + DEBIAN_FRONTEND=noninteractive apt-get install -y libasound2 libatk-bridge2.0-0 libatk1.0-0 libatspi2.0-0 libcairo2 libcups2 libdbus-1-3 libdrm2 libgbm1 libglib2.0-0 libnspr4 libnss3 libpango-1.0-0 libwayland-client0 libx11-6 libxcb1 libxcomposite1 libxdamage1 libxext6 libxfixes3 libxkbcommon0 libxrandr2 pkg-config libssl-dev
#22 0.360 Reading package lists...
#22 1.223 Building dependency tree...
#22 1.388 Reading state information...
#22 1.551 libcairo2 is already the newest version (1.16.0-5ubuntu2).
#22 1.551 libcairo2 set to manually installed.
#22 1.551 libxcb1 is already the newest version (1.14-3ubuntu3).
#22 1.551 libxcb1 set to manually installed.
#22 1.551 libxext6 is already the newest version (2:1.3.4-1build1).
#22 1.551 libxext6 set to manually installed.
#22 1.551 libxfixes3 is already the newest version (1:6.0.0-1).
#22 1.551 libxfixes3 set to manually installed.
#22 1.551 libdrm2 is already the newest version (2.4.113-2~ubuntu0.22.04.1).
#22 1.551 libdrm2 set to manually installed.
#22 1.551 libglib2.0-0 is already the newest version (2.72.4-0ubuntu2.4).
#22 1.551 libglib2.0-0 set to manually installed.
#22 1.551 libpango-1.0-0 is already the newest version (1.50.6+ds-2ubuntu1).
#22 1.551 libpango-1.0-0 set to manually installed.
#22 1.551 libx11-6 is already the newest version (2:1.7.5-1ubuntu0.3).
#22 1.551 libx11-6 set to manually installed.
#22 1.551 The following additional packages will be installed:
#22 1.551   alsa-topology-conf alsa-ucm-conf at-spi2-core bzip2 dbus dbus-user-session
#22 1.551   dconf-gsettings-backend dconf-service dmsetup gir1.2-glib-2.0
#22 1.551   gsettings-desktop-schemas libapparmor1 libargon2-1 libasound2-data
#22 1.551   libatk1.0-data libavahi-client3 libavahi-common-data libavahi-common3
#22 1.551   libcryptsetup12 libdconf1 libdevmapper1.02.1 libdpkg-perl
#22 1.552   libfile-fcntllock-perl libgdbm-compat4 libgdbm6 libgirepository-1.0-1
#22 1.552   libip4tc2 libjson-c5 libkmod2 liblocale-gettext-perl libnss-systemd
#22 1.552   libpam-systemd libperl5.34 libwayland-server0 libxcb-randr0 libxi6 libxtst6
#22 1.553   netbase networkd-dispatcher perl perl-modules-5.34 python3-dbus python3-gi
#22 1.553   session-migration systemd systemd-sysv systemd-timesyncd x11-common xkb-data
#22 1.553   xz-utils
#22 1.554 Suggested packages:
#22 1.554   bzip2-doc libasound2-plugins alsa-utils cups-common debian-keyring gnupg
#22 1.554   patch git bzr gdbm-l10n libssl-doc iw | wireless-tools perl-doc
#22 1.554   libterm-readline-gnu-perl | libterm-readline-perl-perl
#22 1.554   libtap-harness-archive-perl dpkg-dev python-dbus-doc systemd-container
#22 1.554   libfido2-1 libtss2-esys-3.0.2-0 libtss2-mu0 libtss2-rc0 policykit-1
#22 1.638 The following NEW packages will be installed:
#22 1.638   alsa-topology-conf alsa-ucm-conf at-spi2-core bzip2 dbus dbus-user-session
#22 1.638   dconf-gsettings-backend dconf-service dmsetup gir1.2-glib-2.0
#22 1.638   gsettings-desktop-schemas libapparmor1 libargon2-1 libasound2
#22 1.638   libasound2-data libatk-bridge2.0-0 libatk1.0-0 libatk1.0-data libatspi2.0-0
#22 1.638   libavahi-client3 libavahi-common-data libavahi-common3 libcryptsetup12
#22 1.638   libcups2 libdbus-1-3 libdconf1 libdevmapper1.02.1 libdpkg-perl
#22 1.638   libfile-fcntllock-perl libgbm1 libgdbm-compat4 libgdbm6
#22 1.639   libgirepository-1.0-1 libip4tc2 libjson-c5 libkmod2 liblocale-gettext-perl
#22 1.639   libnspr4 libnss-systemd libnss3 libpam-systemd libperl5.34 libssl-dev
#22 1.639   libwayland-client0 libwayland-server0 libxcb-randr0 libxcomposite1
#22 1.639   libxdamage1 libxi6 libxkbcommon0 libxrandr2 libxtst6 netbase
#22 1.639   networkd-dispatcher perl perl-modules-5.34 pkg-config python3-dbus
#22 1.640   python3-gi session-migration systemd systemd-sysv systemd-timesyncd
#22 1.640   x11-common xkb-data xz-utils
#22 1.928 0 upgraded, 66 newly installed, 0 to remove and 0 not upgraded.
#22 1.928 Need to get 20.8 MB of archives.
#22 1.928 After this operation, 103 MB of additional disk space will be used.
#22 1.928 Get:1 http://archive.ubuntu.com/ubuntu jammy/main amd64 liblocale-gettext-perl amd64 1.07-4build3 [17.1 kB]
#22 2.151 Get:2 http://archive.ubuntu.com/ubuntu jammy-updates/main amd64 libapparmor1 amd64 3.0.4-2ubuntu2.4 [39.7 kB]
#22 2.278 Get:3 http://archive.ubuntu.com/ubuntu jammy/main amd64 libargon2-1 amd64 0~20171227-0.3 [19.5 kB]
#22 2.333 Get:4 http://archive.ubuntu.com/ubuntu jammy/main amd64 libdevmapper1.02.1 amd64 2:1.02.175-2.1ubuntu4 [139 kB]
#22 2.508 Get:5 http://archive.ubuntu.com/ubuntu jammy-updates/main amd64 libjson-c5 amd64 0.15-3~ubuntu1.22.04.2 [33.5 kB]
#22 2.533 Get:6 http://archive.ubuntu.com/ubuntu jammy-updates/main amd64 libcryptsetup12 amd64 2:2.4.3-1ubuntu1.2 [211 kB]
#22 2.632 Get:7 http://archive.ubuntu.com/ubuntu jammy-updates/main amd64 libip4tc2 amd64 1.8.7-1ubuntu5.2 [19.9 kB]
#22 2.639 Get:8 http://archive.ubuntu.com/ubuntu jammy/main amd64 libkmod2 amd64 29-1ubuntu1 [48.0 kB]
#22 2.654 Get:9 http://archive.ubuntu.com/ubuntu jammy-updates/main amd64 systemd amd64 249.11-0ubuntu3.12 [4581 kB]
#22 3.063 Get:10 http://archive.ubuntu.com/ubuntu jammy-updates/main amd64 systemd-sysv amd64 249.11-0ubuntu3.12 [10.5 kB]
#22 3.063 Get:11 http://archive.ubuntu.com/ubuntu jammy-updates/main amd64 perl-modules-5.34 all 5.34.0-3ubuntu1.3 [2976 kB]
#22 3.140 Get:12 http://archive.ubuntu.com/ubuntu jammy/main amd64 libgdbm6 amd64 1.23-1 [33.9 kB]
#22 3.141 Get:13 http://archive.ubuntu.com/ubuntu jammy/main amd64 libgdbm-compat4 amd64 1.23-1 [6606 B]
#22 3.141 Get:14 http://archive.ubuntu.com/ubuntu jammy-updates/main amd64 libperl5.34 amd64 5.34.0-3ubuntu1.3 [4820 kB]
#22 3.232 Get:15 http://archive.ubuntu.com/ubuntu jammy-updates/main amd64 perl amd64 5.34.0-3ubuntu1.3 [232 kB]
#22 3.236 Get:16 http://archive.ubuntu.com/ubuntu jammy-updates/main amd64 libdbus-1-3 amd64 1.12.20-2ubuntu4.1 [189 kB]
#22 3.239 Get:17 http://archive.ubuntu.com/ubuntu jammy-updates/main amd64 dbus amd64 1.12.20-2ubuntu4.1 [158 kB]
#22 3.241 Get:18 http://archive.ubuntu.com/ubuntu jammy/main amd64 dmsetup amd64 2:1.02.175-2.1ubuntu4 [81.7 kB]
#22 3.242 Get:19 http://archive.ubuntu.com/ubuntu jammy/main amd64 libgirepository-1.0-1 amd64 1.72.0-1 [55.6 kB]
#22 3.243 Get:20 http://archive.ubuntu.com/ubuntu jammy/main amd64 gir1.2-glib-2.0 amd64 1.72.0-1 [164 kB]
#22 3.251 Get:21 http://archive.ubuntu.com/ubuntu jammy-updates/main amd64 libnss-systemd amd64 249.11-0ubuntu3.12 [133 kB]
#22 3.253 Get:22 http://archive.ubuntu.com/ubuntu jammy-updates/main amd64 libpam-systemd amd64 249.11-0ubuntu3.12 [203 kB]
#22 3.257 Get:23 http://archive.ubuntu.com/ubuntu jammy/main amd64 netbase all 6.3 [12.9 kB]
#22 3.346 Get:24 http://archive.ubuntu.com/ubuntu jammy/main amd64 python3-dbus amd64 1.2.18-3build1 [99.5 kB]
#22 3.351 Get:25 http://archive.ubuntu.com/ubuntu jammy-updates/main amd64 python3-gi amd64 3.42.1-0ubuntu1 [229 kB]
#22 3.354 Get:26 http://archive.ubuntu.com/ubuntu jammy-updates/main amd64 networkd-dispatcher all 2.1-2ubuntu0.22.04.2 [15.8 kB]
#22 3.357 Get:27 http://archive.ubuntu.com/ubuntu jammy-updates/main amd64 systemd-timesyncd amd64 249.11-0ubuntu3.12 [31.2 kB]
#22 3.358 Get:28 http://archive.ubuntu.com/ubuntu jammy/main amd64 xkb-data all 2.33-1 [394 kB]
#22 3.364 Get:29 http://archive.ubuntu.com/ubuntu jammy/main amd64 xz-utils amd64 5.2.5-2ubuntu1 [84.8 kB]
#22 3.368 Get:30 http://archive.ubuntu.com/ubuntu jammy/main amd64 alsa-topology-conf all 1.2.5.1-2 [15.5 kB]
#22 3.369 Get:31 http://archive.ubuntu.com/ubuntu jammy/main amd64 libasound2-data all 1.2.6.1-1ubuntu1 [19.1 kB]
#22 3.369 Get:32 http://archive.ubuntu.com/ubuntu jammy/main amd64 libasound2 amd64 1.2.6.1-1ubuntu1 [390 kB]
#22 3.376 Get:33 http://archive.ubuntu.com/ubuntu jammy-updates/main amd64 alsa-ucm-conf all 1.2.6.3-1ubuntu1.12 [43.5 kB]
#22 3.466 Get:34 http://archive.ubuntu.com/ubuntu jammy/main amd64 libxi6 amd64 2:1.8-1build1 [32.6 kB]
#22 3.466 Get:35 http://archive.ubuntu.com/ubuntu jammy/main amd64 libatspi2.0-0 amd64 2.44.0-3 [80.9 kB]
#22 3.471 Get:36 http://archive.ubuntu.com/ubuntu jammy/main amd64 x11-common all 1:7.7+23ubuntu2 [23.4 kB]
#22 3.471 Get:37 http://archive.ubuntu.com/ubuntu jammy/main amd64 libxtst6 amd64 2:1.2.3-1build4 [13.4 kB]
#22 3.483 Get:38 http://archive.ubuntu.com/ubuntu jammy-updates/main amd64 dbus-user-session amd64 1.12.20-2ubuntu4.1 [9442 B]
#22 3.483 Get:39 http://archive.ubuntu.com/ubuntu jammy/main amd64 libdconf1 amd64 0.40.0-3 [40.5 kB]
#22 3.484 Get:40 http://archive.ubuntu.com/ubuntu jammy/main amd64 dconf-service amd64 0.40.0-3 [28.5 kB]
#22 3.489 Get:41 http://archive.ubuntu.com/ubuntu jammy/main amd64 dconf-gsettings-backend amd64 0.40.0-3 [22.8 kB]
#22 3.489 Get:42 http://archive.ubuntu.com/ubuntu jammy/main amd64 session-migration amd64 0.3.6 [9774 B]
#22 3.490 Get:43 http://archive.ubuntu.com/ubuntu jammy/main amd64 gsettings-desktop-schemas all 42.0-1ubuntu1 [31.1 kB]
#22 3.580 Get:44 http://archive.ubuntu.com/ubuntu jammy/main amd64 at-spi2-core amd64 2.44.0-3 [54.4 kB]
#22 3.580 Get:45 http://archive.ubuntu.com/ubuntu jammy/main amd64 bzip2 amd64 1.0.8-5build1 [34.8 kB]
#22 3.586 Get:46 http://archive.ubuntu.com/ubuntu jammy/main amd64 libatk1.0-data all 2.36.0-3build1 [2824 B]
#22 3.587 Get:47 http://archive.ubuntu.com/ubuntu jammy/main amd64 libatk1.0-0 amd64 2.36.0-3build1 [51.9 kB]
#22 3.599 Get:48 http://archive.ubuntu.com/ubuntu jammy/main amd64 libatk-bridge2.0-0 amd64 2.38.0-3 [66.6 kB]
#22 3.600 Get:49 http://archive.ubuntu.com/ubuntu jammy-updates/main amd64 libavahi-common-data amd64 0.8-5ubuntu5.2 [23.8 kB]
#22 3.601 Get:50 http://archive.ubuntu.com/ubuntu jammy-updates/main amd64 libavahi-common3 amd64 0.8-5ubuntu5.2 [23.9 kB]
#22 3.605 Get:51 http://archive.ubuntu.com/ubuntu jammy-updates/main amd64 libavahi-client3 amd64 0.8-5ubuntu5.2 [28.0 kB]
#22 3.606 Get:52 http://archive.ubuntu.com/ubuntu jammy-updates/main amd64 libcups2 amd64 2.4.1op1-1ubuntu4.11 [263 kB]
#22 3.612 Get:53 http://archive.ubuntu.com/ubuntu jammy-updates/main amd64 libdpkg-perl all 1.21.1ubuntu2.3 [237 kB]
#22 3.695 Get:54 http://archive.ubuntu.com/ubuntu jammy/main amd64 libfile-fcntllock-perl amd64 0.22-3build7 [33.9 kB]
#22 3.700 Get:55 http://archive.ubuntu.com/ubuntu jammy-updates/main amd64 libwayland-server0 amd64 1.20.0-1ubuntu0.1 [34.3 kB]
#22 3.701 Get:56 http://archive.ubuntu.com/ubuntu jammy/main amd64 libxcb-randr0 amd64 1.14-3ubuntu3 [18.3 kB]
#22 3.702 Get:57 http://archive.ubuntu.com/ubuntu jammy-updates/main amd64 libgbm1 amd64 23.2.1-1ubuntu3.1~22.04.3 [33.5 kB]
#22 3.710 Get:58 http://archive.ubuntu.com/ubuntu jammy-updates/main amd64 libnspr4 amd64 2:4.35-0ubuntu0.22.04.1 [119 kB]
#22 3.713 Get:59 http://archive.ubuntu.com/ubuntu jammy-updates/main amd64 libnss3 amd64 2:3.98-0ubuntu0.22.04.2 [1347 kB]
#22 3.737 Get:60 http://archive.ubuntu.com/ubuntu jammy-updates/main amd64 libssl-dev amd64 3.0.2-0ubuntu1.18 [2375 kB]
#22 3.775 Get:61 http://archive.ubuntu.com/ubuntu jammy-updates/main amd64 libwayland-client0 amd64 1.20.0-1ubuntu0.1 [25.9 kB]
#22 3.775 Get:62 http://archive.ubuntu.com/ubuntu jammy/main amd64 libxcomposite1 amd64 1:0.4.5-1build2 [7192 B]
#22 3.775 Get:63 http://archive.ubuntu.com/ubuntu jammy/main amd64 libxdamage1 amd64 1:1.1.5-2build2 [7154 B]
#22 3.810 Get:64 http://archive.ubuntu.com/ubuntu jammy/main amd64 libxkbcommon0 amd64 1.4.0-1 [125 kB]
#22 3.815 Get:65 http://archive.ubuntu.com/ubuntu jammy/main amd64 libxrandr2 amd64 2:1.5.2-1build1 [20.4 kB]
#22 3.820 Get:66 http://archive.ubuntu.com/ubuntu jammy/main amd64 pkg-config amd64 0.29.2-1ubuntu3 [48.2 kB]
#22 3.991 debconf: delaying package configuration, since apt-utils is not installed
#22 4.031 Fetched 20.8 MB in 2s (9564 kB/s)
#22 4.070 Selecting previously unselected package liblocale-gettext-perl.
#22 4.070 (Reading database ... (Reading database ... 5%(Reading database ... 10%(Reading database ... 15%(Reading database ... 20%(Reading database ... 25%(Reading database ... 30%(Reading database ... 35%(Reading database ... 40%(Reading database ... 45%(Reading database ... 50%(Reading database ... 55%(Reading database ... 60%(Reading database ... 65%(Reading database ... 70%(Reading database ... 75%(Reading database ... 80%(Reading database ... 85%(Reading database ... 90%(Reading database ... 95%(Reading database ... 100%(Reading database ... 21846 files and directories currently installed.)
#22 4.165 Preparing to unpack .../0-liblocale-gettext-perl_1.07-4build3_amd64.deb ...
#22 4.173 Unpacking liblocale-gettext-perl (1.07-4build3) ...
#22 4.247 Selecting previously unselected package libapparmor1:amd64.
#22 4.249 Preparing to unpack .../1-libapparmor1_3.0.4-2ubuntu2.4_amd64.deb ...
#22 4.267 Unpacking libapparmor1:amd64 (3.0.4-2ubuntu2.4) ...
#22 4.335 Selecting previously unselected package libargon2-1:amd64.
#22 4.336 Preparing to unpack .../2-libargon2-1_0~20171227-0.3_amd64.deb ...
#22 4.345 Unpacking libargon2-1:amd64 (0~20171227-0.3) ...
#22 4.414 Selecting previously unselected package libdevmapper1.02.1:amd64.
#22 4.416 Preparing to unpack .../3-libdevmapper1.02.1_2%3a1.02.175-2.1ubuntu4_amd64.deb ...
#22 4.425 Unpacking libdevmapper1.02.1:amd64 (2:1.02.175-2.1ubuntu4) ...
#22 4.493 Selecting previously unselected package libjson-c5:amd64.
#22 4.495 Preparing to unpack .../4-libjson-c5_0.15-3~ubuntu1.22.04.2_amd64.deb ...
#22 4.503 Unpacking libjson-c5:amd64 (0.15-3~ubuntu1.22.04.2) ...
#22 4.572 Selecting previously unselected package libcryptsetup12:amd64.
#22 4.574 Preparing to unpack .../5-libcryptsetup12_2%3a2.4.3-1ubuntu1.2_amd64.deb ...
#22 4.583 Unpacking libcryptsetup12:amd64 (2:2.4.3-1ubuntu1.2) ...
#22 4.653 Selecting previously unselected package libip4tc2:amd64.
#22 4.655 Preparing to unpack .../6-libip4tc2_1.8.7-1ubuntu5.2_amd64.deb ...
#22 4.663 Unpacking libip4tc2:amd64 (1.8.7-1ubuntu5.2) ...
#22 4.732 Selecting previously unselected package libkmod2:amd64.
#22 4.734 Preparing to unpack .../7-libkmod2_29-1ubuntu1_amd64.deb ...
#22 4.742 Unpacking libkmod2:amd64 (29-1ubuntu1) ...
#22 4.824 Selecting previously unselected package systemd.
#22 4.826 Preparing to unpack .../8-systemd_249.11-0ubuntu3.12_amd64.deb ...
#22 4.847 Unpacking systemd (249.11-0ubuntu3.12) ...
#22 5.065 Setting up libapparmor1:amd64 (3.0.4-2ubuntu2.4) ...
#22 5.093 Setting up libargon2-1:amd64 (0~20171227-0.3) ...
#22 5.120 Setting up libdevmapper1.02.1:amd64 (2:1.02.175-2.1ubuntu4) ...
#22 5.147 Setting up libjson-c5:amd64 (0.15-3~ubuntu1.22.04.2) ...
#22 5.175 Setting up libcryptsetup12:amd64 (2:2.4.3-1ubuntu1.2) ...
#22 5.202 Setting up libip4tc2:amd64 (1.8.7-1ubuntu5.2) ...
#22 5.230 Setting up libkmod2:amd64 (29-1ubuntu1) ...
#22 5.256 Setting up systemd (249.11-0ubuntu3.12) ...
#22 5.366 Created symlink /etc/systemd/system/getty.target.wants/getty@tty1.service  /lib/systemd/system/getty@.service.
#22 5.368 Created symlink /etc/systemd/system/multi-user.target.wants/remote-fs.target  /lib/systemd/system/remote-fs.target.
#22 5.371 Created symlink /etc/systemd/system/dbus-org.freedesktop.resolve1.service  /lib/systemd/system/systemd-resolved.service.
#22 5.371 Created symlink /etc/systemd/system/multi-user.target.wants/systemd-resolved.service  /lib/systemd/system/systemd-resolved.service.
#22 5.379 ln: failed to create symbolic link '/etc/resolv.conf': Device or resource busy
#22 5.382 Created symlink /etc/systemd/system/sysinit.target.wants/systemd-pstore.service  /lib/systemd/system/systemd-pstore.service.
#22 5.387 Initializing machine ID from random generator.
#22 5.830 Selecting previously unselected package systemd-sysv.
#22 5.830 (Reading database ... (Reading database ... 5%(Reading database ... 10%(Reading database ... 15%(Reading database ... 20%(Reading database ... 25%(Reading database ... 30%(Reading database ... 35%(Reading database ... 40%(Reading database ... 45%(Reading database ... 50%(Reading database ... 55%(Reading database ... 60%(Reading database ... 65%(Reading database ... 70%(Reading database ... 75%(Reading database ... 80%(Reading database ... 85%(Reading database ... 90%(Reading database ... 95%(Reading database ... 100%(Reading database ... 22675 files and directories currently installed.)
#22 5.839 Preparing to unpack .../00-systemd-sysv_249.11-0ubuntu3.12_amd64.deb ...
#22 5.849 Unpacking systemd-sysv (249.11-0ubuntu3.12) ...
#22 5.904 Selecting previously unselected package perl-modules-5.34.
#22 5.905 Preparing to unpack .../01-perl-modules-5.34_5.34.0-3ubuntu1.3_all.deb ...
#22 5.915 Unpacking perl-modules-5.34 (5.34.0-3ubuntu1.3) ...
#22 6.250 Selecting previously unselected package libgdbm6:amd64.
#22 6.252 Preparing to unpack .../02-libgdbm6_1.23-1_amd64.deb ...
#22 6.261 Unpacking libgdbm6:amd64 (1.23-1) ...
#22 6.329 Selecting previously unselected package libgdbm-compat4:amd64.
#22 6.331 Preparing to unpack .../03-libgdbm-compat4_1.23-1_amd64.deb ...
#22 6.339 Unpacking libgdbm-compat4:amd64 (1.23-1) ...
#22 6.412 Selecting previously unselected package libperl5.34:amd64.
#22 6.415 Preparing to unpack .../04-libperl5.34_5.34.0-3ubuntu1.3_amd64.deb ...
#22 6.424 Unpacking libperl5.34:amd64 (5.34.0-3ubuntu1.3) ...
#22 6.673 Selecting previously unselected package perl.
#22 6.675 Preparing to unpack .../05-perl_5.34.0-3ubuntu1.3_amd64.deb ...
#22 6.688 Unpacking perl (5.34.0-3ubuntu1.3) ...
#22 6.766 Selecting previously unselected package libdbus-1-3:amd64.
#22 6.767 Preparing to unpack .../06-libdbus-1-3_1.12.20-2ubuntu4.1_amd64.deb ...
#22 6.777 Unpacking libdbus-1-3:amd64 (1.12.20-2ubuntu4.1) ...
#22 6.861 Selecting previously unselected package dbus.
#22 6.863 Preparing to unpack .../07-dbus_1.12.20-2ubuntu4.1_amd64.deb ...
#22 6.878 Unpacking dbus (1.12.20-2ubuntu4.1) ...
#22 6.960 Selecting previously unselected package dmsetup.
#22 6.962 Preparing to unpack .../08-dmsetup_2%3a1.02.175-2.1ubuntu4_amd64.deb ...
#22 6.971 Unpacking dmsetup (2:1.02.175-2.1ubuntu4) ...
#22 7.038 Selecting previously unselected package libgirepository-1.0-1:amd64.
#22 7.040 Preparing to unpack .../09-libgirepository-1.0-1_1.72.0-1_amd64.deb ...
#22 7.049 Unpacking libgirepository-1.0-1:amd64 (1.72.0-1) ...
#22 7.105 Selecting previously unselected package gir1.2-glib-2.0:amd64.
#22 7.107 Preparing to unpack .../10-gir1.2-glib-2.0_1.72.0-1_amd64.deb ...
#22 7.116 Unpacking gir1.2-glib-2.0:amd64 (1.72.0-1) ...
#22 7.194 Selecting previously unselected package libnss-systemd:amd64.
#22 7.196 Preparing to unpack .../11-libnss-systemd_249.11-0ubuntu3.12_amd64.deb ...
#22 7.205 Unpacking libnss-systemd:amd64 (249.11-0ubuntu3.12) ...
#22 7.269 Selecting previously unselected package libpam-systemd:amd64.
#22 7.271 Preparing to unpack .../12-libpam-systemd_249.11-0ubuntu3.12_amd64.deb ...
#22 7.279 Unpacking libpam-systemd:amd64 (249.11-0ubuntu3.12) ...
#22 7.352 Selecting previously unselected package netbase.
#22 7.354 Preparing to unpack .../13-netbase_6.3_all.deb ...
#22 7.362 Unpacking netbase (6.3) ...
#22 7.439 Selecting previously unselected package python3-dbus.
#22 7.441 Preparing to unpack .../14-python3-dbus_1.2.18-3build1_amd64.deb ...
#22 7.450 Unpacking python3-dbus (1.2.18-3build1) ...
#22 7.521 Selecting previously unselected package python3-gi.
#22 7.523 Preparing to unpack .../15-python3-gi_3.42.1-0ubuntu1_amd64.deb ...
#22 7.532 Unpacking python3-gi (3.42.1-0ubuntu1) ...
#22 7.616 Selecting previously unselected package networkd-dispatcher.
#22 7.618 Preparing to unpack .../16-networkd-dispatcher_2.1-2ubuntu0.22.04.2_all.deb ...
#22 7.627 Unpacking networkd-dispatcher (2.1-2ubuntu0.22.04.2) ...
#22 7.710 Selecting previously unselected package systemd-timesyncd.
#22 7.712 Preparing to unpack .../17-systemd-timesyncd_249.11-0ubuntu3.12_amd64.deb ...
#22 7.721 Unpacking systemd-timesyncd (249.11-0ubuntu3.12) ...
#22 7.779 Selecting previously unselected package xkb-data.
#22 7.781 Preparing to unpack .../18-xkb-data_2.33-1_all.deb ...
#22 7.790 Unpacking xkb-data (2.33-1) ...
#22 7.903 Selecting previously unselected package xz-utils.
#22 7.905 Preparing to unpack .../19-xz-utils_5.2.5-2ubuntu1_amd64.deb ...
#22 7.914 Unpacking xz-utils (5.2.5-2ubuntu1) ...
#22 7.973 Selecting previously unselected package alsa-topology-conf.
#22 7.975 Preparing to unpack .../20-alsa-topology-conf_1.2.5.1-2_all.deb ...
#22 7.984 Unpacking alsa-topology-conf (1.2.5.1-2) ...
#22 8.041 Selecting previously unselected package libasound2-data.
#22 8.043 Preparing to unpack .../21-libasound2-data_1.2.6.1-1ubuntu1_all.deb ...
#22 8.053 Unpacking libasound2-data (1.2.6.1-1ubuntu1) ...
#22 8.132 Selecting previously unselected package libasound2:amd64.
#22 8.135 Preparing to unpack .../22-libasound2_1.2.6.1-1ubuntu1_amd64.deb ...
#22 8.144 Unpacking libasound2:amd64 (1.2.6.1-1ubuntu1) ...
#22 8.203 Selecting previously unselected package alsa-ucm-conf.
#22 8.205 Preparing to unpack .../23-alsa-ucm-conf_1.2.6.3-1ubuntu1.12_all.deb ...
#22 8.215 Unpacking alsa-ucm-conf (1.2.6.3-1ubuntu1.12) ...
#22 8.364 Selecting previously unselected package libxi6:amd64.
#22 8.366 Preparing to unpack .../24-libxi6_2%3a1.8-1build1_amd64.deb ...
#22 8.376 Unpacking libxi6:amd64 (2:1.8-1build1) ...
#22 8.439 Selecting previously unselected package libatspi2.0-0:amd64.
#22 8.441 Preparing to unpack .../25-libatspi2.0-0_2.44.0-3_amd64.deb ...
#22 8.450 Unpacking libatspi2.0-0:amd64 (2.44.0-3) ...
#22 8.525 Selecting previously unselected package x11-common.
#22 8.527 Preparing to unpack .../26-x11-common_1%3a7.7+23ubuntu2_all.deb ...
#22 8.776 Unpacking x11-common (1:7.7+23ubuntu2) ...
#22 8.842 Selecting previously unselected package libxtst6:amd64.
#22 8.844 Preparing to unpack .../27-libxtst6_2%3a1.2.3-1build4_amd64.deb ...
#22 8.854 Unpacking libxtst6:amd64 (2:1.2.3-1build4) ...
#22 8.913 Selecting previously unselected package dbus-user-session.
#22 8.915 Preparing to unpack .../28-dbus-user-session_1.12.20-2ubuntu4.1_amd64.deb ...
#22 8.924 Unpacking dbus-user-session (1.12.20-2ubuntu4.1) ...
#22 8.991 Selecting previously unselected package libdconf1:amd64.
#22 8.993 Preparing to unpack .../29-libdconf1_0.40.0-3_amd64.deb ...
#22 9.002 Unpacking libdconf1:amd64 (0.40.0-3) ...
#22 9.057 Selecting previously unselected package dconf-service.
#22 9.060 Preparing to unpack .../30-dconf-service_0.40.0-3_amd64.deb ...
#22 9.070 Unpacking dconf-service (0.40.0-3) ...
#22 9.128 Selecting previously unselected package dconf-gsettings-backend:amd64.
#22 9.130 Preparing to unpack .../31-dconf-gsettings-backend_0.40.0-3_amd64.deb ...
#22 9.141 Unpacking dconf-gsettings-backend:amd64 (0.40.0-3) ...
#22 9.217 Selecting previously unselected package session-migration.
#22 9.220 Preparing to unpack .../32-session-migration_0.3.6_amd64.deb ...
#22 9.230 Unpacking session-migration (0.3.6) ...
#22 9.290 Selecting previously unselected package gsettings-desktop-schemas.
#22 9.292 Preparing to unpack .../33-gsettings-desktop-schemas_42.0-1ubuntu1_all.deb ...
#22 9.302 Unpacking gsettings-desktop-schemas (42.0-1ubuntu1) ...
#22 9.391 Selecting previously unselected package at-spi2-core.
#22 9.393 Preparing to unpack .../34-at-spi2-core_2.44.0-3_amd64.deb ...
#22 9.402 Unpacking at-spi2-core (2.44.0-3) ...
#22 9.465 Selecting previously unselected package bzip2.
#22 9.467 Preparing to unpack .../35-bzip2_1.0.8-5build1_amd64.deb ...
#22 9.478 Unpacking bzip2 (1.0.8-5build1) ...
#22 9.539 Selecting previously unselected package libatk1.0-data.
#22 9.541 Preparing to unpack .../36-libatk1.0-data_2.36.0-3build1_all.deb ...
#22 9.551 Unpacking libatk1.0-data (2.36.0-3build1) ...
#22 9.629 Selecting previously unselected package libatk1.0-0:amd64.
#22 9.631 Preparing to unpack .../37-libatk1.0-0_2.36.0-3build1_amd64.deb ...
#22 9.642 Unpacking libatk1.0-0:amd64 (2.36.0-3build1) ...
#22 9.716 Selecting previously unselected package libatk-bridge2.0-0:amd64.
#22 9.718 Preparing to unpack .../38-libatk-bridge2.0-0_2.38.0-3_amd64.deb ...
#22 9.727 Unpacking libatk-bridge2.0-0:amd64 (2.38.0-3) ...
#22 9.787 Selecting previously unselected package libavahi-common-data:amd64.
#22 9.789 Preparing to unpack .../39-libavahi-common-data_0.8-5ubuntu5.2_amd64.deb ...
#22 9.798 Unpacking libavahi-common-data:amd64 (0.8-5ubuntu5.2) ...
#22 9.870 Selecting previously unselected package libavahi-common3:amd64.
#22 9.872 Preparing to unpack .../40-libavahi-common3_0.8-5ubuntu5.2_amd64.deb ...
#22 9.882 Unpacking libavahi-common3:amd64 (0.8-5ubuntu5.2) ...
#22 9.959 Selecting previously unselected package libavahi-client3:amd64.
#22 9.961 Preparing to unpack .../41-libavahi-client3_0.8-5ubuntu5.2_amd64.deb ...
#22 9.975 Unpacking libavahi-client3:amd64 (0.8-5ubuntu5.2) ...
#22 10.05 Selecting previously unselected package libcups2:amd64.
#22 10.06 Preparing to unpack .../42-libcups2_2.4.1op1-1ubuntu4.11_amd64.deb ...
#22 10.07 Unpacking libcups2:amd64 (2.4.1op1-1ubuntu4.11) ...
#22 10.13 Selecting previously unselected package libdpkg-perl.
#22 10.13 Preparing to unpack .../43-libdpkg-perl_1.21.1ubuntu2.3_all.deb ...
#22 10.14 Unpacking libdpkg-perl (1.21.1ubuntu2.3) ...
#22 10.22 Selecting previously unselected package libfile-fcntllock-perl.
#22 10.22 Preparing to unpack .../44-libfile-fcntllock-perl_0.22-3build7_amd64.deb ...
#22 10.23 Unpacking libfile-fcntllock-perl (0.22-3build7) ...
#22 10.30 Selecting previously unselected package libwayland-server0:amd64.
#22 10.30 Preparing to unpack .../45-libwayland-server0_1.20.0-1ubuntu0.1_amd64.deb ...
#22 10.31 Unpacking libwayland-server0:amd64 (1.20.0-1ubuntu0.1) ...
#22 10.38 Selecting previously unselected package libxcb-randr0:amd64.
#22 10.39 Preparing to unpack .../46-libxcb-randr0_1.14-3ubuntu3_amd64.deb ...
#22 10.40 Unpacking libxcb-randr0:amd64 (1.14-3ubuntu3) ...
#22 10.47 Selecting previously unselected package libgbm1:amd64.
#22 10.47 Preparing to unpack .../47-libgbm1_23.2.1-1ubuntu3.1~22.04.3_amd64.deb ...
#22 10.48 Unpacking libgbm1:amd64 (23.2.1-1ubuntu3.1~22.04.3) ...
#22 10.55 Selecting previously unselected package libnspr4:amd64.
#22 10.55 Preparing to unpack .../48-libnspr4_2%3a4.35-0ubuntu0.22.04.1_amd64.deb ...
#22 10.56 Unpacking libnspr4:amd64 (2:4.35-0ubuntu0.22.04.1) ...
#22 10.63 Selecting previously unselected package libnss3:amd64.
#22 10.63 Preparing to unpack .../49-libnss3_2%3a3.98-0ubuntu0.22.04.2_amd64.deb ...
#22 10.64 Unpacking libnss3:amd64 (2:3.98-0ubuntu0.22.04.2) ...
#22 10.78 Selecting previously unselected package libssl-dev:amd64.
#22 10.79 Preparing to unpack .../50-libssl-dev_3.0.2-0ubuntu1.18_amd64.deb ...
#22 10.80 Unpacking libssl-dev:amd64 (3.0.2-0ubuntu1.18) ...
#22 10.93 Selecting previously unselected package libwayland-client0:amd64.
#22 10.93 Preparing to unpack .../51-libwayland-client0_1.20.0-1ubuntu0.1_amd64.deb ...
#22 10.94 Unpacking libwayland-client0:amd64 (1.20.0-1ubuntu0.1) ...
#22 11.01 Selecting previously unselected package libxcomposite1:amd64.
#22 11.01 Preparing to unpack .../52-libxcomposite1_1%3a0.4.5-1build2_amd64.deb ...
#22 11.02 Unpacking libxcomposite1:amd64 (1:0.4.5-1build2) ...
#22 11.09 Selecting previously unselected package libxdamage1:amd64.
#22 11.09 Preparing to unpack .../53-libxdamage1_1%3a1.1.5-2build2_amd64.deb ...
#22 11.10 Unpacking libxdamage1:amd64 (1:1.1.5-2build2) ...
#22 11.18 Selecting previously unselected package libxkbcommon0:amd64.
#22 11.18 Preparing to unpack .../54-libxkbcommon0_1.4.0-1_amd64.deb ...
#22 11.19 Unpacking libxkbcommon0:amd64 (1.4.0-1) ...
#22 11.26 Selecting previously unselected package libxrandr2:amd64.
#22 11.26 Preparing to unpack .../55-libxrandr2_2%3a1.5.2-1build1_amd64.deb ...
#22 11.27 Unpacking libxrandr2:amd64 (2:1.5.2-1build1) ...
#22 11.35 Selecting previously unselected package pkg-config.
#22 11.35 Preparing to unpack .../56-pkg-config_0.29.2-1ubuntu3_amd64.deb ...
#22 11.36 Unpacking pkg-config (0.29.2-1ubuntu3) ...
#22 11.43 Setting up libwayland-server0:amd64 (1.20.0-1ubuntu0.1) ...
#22 11.46 Setting up session-migration (0.3.6) ...
#22 11.57 Created symlink /etc/systemd/user/graphical-session-pre.target.wants/session-migration.service  /usr/lib/systemd/user/session-migration.service.
#22 11.59 Setting up systemd-sysv (249.11-0ubuntu3.12) ...
#22 11.62 Setting up libxdamage1:amd64 (1:1.1.5-2build2) ...
#22 11.64 Setting up libxi6:amd64 (2:1.8-1build1) ...
#22 11.67 Setting up x11-common (1:7.7+23ubuntu2) ...
#22 11.90 invoke-rc.d: could not determine current runlevel
#22 11.90 invoke-rc.d: policy-rc.d denied execution of start.
#22 11.92 Setting up libnss-systemd:amd64 (249.11-0ubuntu3.12) ...
#22 11.94 First installation detected...
#22 11.94 Checking NSS setup...
#22 11.95 Setting up xkb-data (2.33-1) ...
#22 11.98 Setting up perl-modules-5.34 (5.34.0-3ubuntu1.3) ...
#22 12.01 Setting up bzip2 (1.0.8-5build1) ...
#22 12.04 Setting up libdconf1:amd64 (0.40.0-3) ...
#22 12.06 Setting up libasound2-data (1.2.6.1-1ubuntu1) ...
#22 12.09 Setting up libnspr4:amd64 (2:4.35-0ubuntu0.22.04.1) ...
#22 12.12 Setting up libavahi-common-data:amd64 (0.8-5ubuntu5.2) ...
#22 12.15 Setting up libdbus-1-3:amd64 (1.12.20-2ubuntu4.1) ...
#22 12.18 Setting up dbus (1.12.20-2ubuntu4.1) ...
#22 12.37 Setting up xz-utils (5.2.5-2ubuntu1) ...
#22 12.40 update-alternatives: using /usr/bin/xz to provide /usr/bin/lzma (lzma) in auto mode
#22 12.40 update-alternatives: warning: skip creation of /usr/share/man/man1/lzma.1.gz because associated file /usr/share/man/man1/xz.1.gz (of link group lzma) doesn't exist
#22 12.40 update-alternatives: warning: skip creation of /usr/share/man/man1/unlzma.1.gz because associated file /usr/share/man/man1/unxz.1.gz (of link group lzma) doesn't exist
#22 12.40 update-alternatives: warning: skip creation of /usr/share/man/man1/lzcat.1.gz because associated file /usr/share/man/man1/xzcat.1.gz (of link group lzma) doesn't exist
#22 12.40 update-alternatives: warning: skip creation of /usr/share/man/man1/lzmore.1.gz because associated file /usr/share/man/man1/xzmore.1.gz (of link group lzma) doesn't exist
#22 12.40 update-alternatives: warning: skip creation of /usr/share/man/man1/lzless.1.gz because associated file /usr/share/man/man1/xzless.1.gz (of link group lzma) doesn't exist
#22 12.41 update-alternatives: warning: skip creation of /usr/share/man/man1/lzdiff.1.gz because associated file /usr/share/man/man1/xzdiff.1.gz (of link group lzma) doesn't exist
#22 12.41 update-alternatives: warning: skip creation of /usr/share/man/man1/lzcmp.1.gz because associated file /usr/share/man/man1/xzcmp.1.gz (of link group lzma) doesn't exist
#22 12.41 update-alternatives: warning: skip creation of /usr/share/man/man1/lzgrep.1.gz because associated file /usr/share/man/man1/xzgrep.1.gz (of link group lzma) doesn't exist
#22 12.41 update-alternatives: warning: skip creation of /usr/share/man/man1/lzegrep.1.gz because associated file /usr/share/man/man1/xzegrep.1.gz (of link group lzma) doesn't exist
#22 12.41 update-alternatives: warning: skip creation of /usr/share/man/man1/lzfgrep.1.gz because associated file /usr/share/man/man1/xzfgrep.1.gz (of link group lzma) doesn't exist
#22 12.42 Setting up libssl-dev:amd64 (3.0.2-0ubuntu1.18) ...
#22 12.45 Setting up systemd-timesyncd (249.11-0ubuntu3.12) ...
#22 12.71 Created symlink /etc/systemd/system/dbus-org.freedesktop.timesync1.service  /lib/systemd/system/systemd-timesyncd.service.
#22 12.71 Created symlink /etc/systemd/system/sysinit.target.wants/systemd-timesyncd.service  /lib/systemd/system/systemd-timesyncd.service.
#22 12.73 Setting up libxrandr2:amd64 (2:1.5.2-1build1) ...
#22 12.76 Setting up libatk1.0-data (2.36.0-3build1) ...
#22 12.79 Setting up alsa-topology-conf (1.2.5.1-2) ...
#22 12.82 Setting up dmsetup (2:1.02.175-2.1ubuntu4) ...
#22 12.85 Setting up libxcb-randr0:amd64 (1.14-3ubuntu3) ...
#22 12.87 Setting up libasound2:amd64 (1.2.6.1-1ubuntu1) ...
#22 12.90 Setting up libpam-systemd:amd64 (249.11-0ubuntu3.12) ...
#22 13.04 Setting up libgirepository-1.0-1:amd64 (1.72.0-1) ...
#22 13.07 Setting up netbase (6.3) ...
#22 13.13 Setting up libatk1.0-0:amd64 (2.36.0-3build1) ...
#22 13.16 Setting up libxcomposite1:amd64 (1:0.4.5-1build2) ...
#22 13.19 Setting up liblocale-gettext-perl (1.07-4build3) ...
#22 13.22 Setting up libgdbm6:amd64 (1.23-1) ...
#22 13.25 Setting up libxkbcommon0:amd64 (1.4.0-1) ...
#22 13.27 Setting up libwayland-client0:amd64 (1.20.0-1ubuntu0.1) ...
#22 13.30 Setting up python3-dbus (1.2.18-3build1) ...
#22 13.49 Setting up libgbm1:amd64 (23.2.1-1ubuntu3.1~22.04.3) ...
#22 13.52 Setting up alsa-ucm-conf (1.2.6.3-1ubuntu1.12) ...
#22 13.54 Setting up libxtst6:amd64 (2:1.2.3-1build4) ...
#22 13.57 Setting up libavahi-common3:amd64 (0.8-5ubuntu5.2) ...
#22 13.60 Setting up libnss3:amd64 (2:3.98-0ubuntu0.22.04.2) ...
#22 13.63 Setting up libatspi2.0-0:amd64 (2.44.0-3) ...
#22 13.66 Setting up libatk-bridge2.0-0:amd64 (2.38.0-3) ...
#22 13.69 Setting up dbus-user-session (1.12.20-2ubuntu4.1) ...
#22 13.72 Setting up libgdbm-compat4:amd64 (1.23-1) ...
#22 13.75 Setting up gir1.2-glib-2.0:amd64 (1.72.0-1) ...
#22 13.78 Setting up libavahi-client3:amd64 (0.8-5ubuntu5.2) ...
#22 13.81 Setting up libperl5.34:amd64 (5.34.0-3ubuntu1.3) ...
#22 13.84 Setting up dconf-service (0.40.0-3) ...
#22 13.87 Setting up perl (5.34.0-3ubuntu1.3) ...
#22 13.91 Setting up python3-gi (3.42.1-0ubuntu1) ...
#22 14.06 Setting up libdpkg-perl (1.21.1ubuntu2.3) ...
#22 14.09 Setting up libcups2:amd64 (2.4.1op1-1ubuntu4.11) ...
#22 14.12 Setting up networkd-dispatcher (2.1-2ubuntu0.22.04.2) ...
#22 14.24 Created symlink /etc/systemd/system/multi-user.target.wants/networkd-dispatcher.service  /lib/systemd/system/networkd-dispatcher.service.
#22 14.25 Setting up dconf-gsettings-backend:amd64 (0.40.0-3) ...
#22 14.28 Setting up libfile-fcntllock-perl (0.22-3build7) ...
#22 14.30 Setting up pkg-config (0.29.2-1ubuntu3) ...
#22 14.37 Setting up gsettings-desktop-schemas (42.0-1ubuntu1) ...
#22 14.40 Processing triggers for libglib2.0-0:amd64 (2.72.4-0ubuntu2.4) ...
#22 14.44 Processing triggers for libc-bin (2.35-0ubuntu3.8) ...
#22 14.49 Setting up at-spi2-core (2.44.0-3) ...
#22 DONE 14.8s

#23 [test 10/11] RUN set -xu && 	cd /root/oko/backend && 	cargo test; exit 0
#23 0.410 + cd /root/oko/backend
#23 0.410 + cargo test
#23 0.515  Downloading crates ...
#23 0.797   Downloaded adler2 v2.0.0
#23 0.834   Downloaded base64 v0.21.7
#23 0.859   Downloaded try-lock v0.2.5
#23 0.870   Downloaded sync_wrapper v0.1.2
#23 0.872   Downloaded darling_macro v0.13.4
#23 0.874   Downloaded want v0.3.1
#23 0.883   Downloaded strong v0.3.4
#23 0.886   Downloaded ident_case v1.0.1
#23 0.903   Downloaded dirs v3.0.2
#23 0.906   Downloaded rustls-pemfile v1.0.4
#23 0.911   Downloaded serde_with_macros v1.5.2
#23 0.913   Downloaded hyper-tls v0.5.0
#23 0.915   Downloaded darling v0.13.4
#23 0.921   Downloaded strsim v0.10.0
#23 0.925   Downloaded http-body v0.4.6
#23 0.929   Downloaded dirs-sys v0.3.7
#23 0.932   Downloaded crc32fast v1.4.2
#23 0.937   Downloaded zip v0.5.13
#23 0.944   Downloaded time v0.1.45
#23 0.947   Downloaded ipnet v2.10.1
#23 0.950   Downloaded miniz_oxide v0.8.0
#23 0.954   Downloaded darling_core v0.13.4
#23 0.961   Downloaded base64 v0.13.1
#23 0.965   Downloaded bzip2 v0.4.4
#23 0.973   Downloaded http v0.2.12
#23 0.979   Downloaded serde_with v1.14.0
#23 0.987   Downloaded itertools v0.10.5
#23 0.999   Downloaded flate2 v1.0.35
#23 1.006   Downloaded reqwest v0.11.27
#23 1.015   Downloaded hyper v0.14.31
#23 1.027   Downloaded h2 v0.3.26
#23 1.036   Downloaded syn v1.0.109
#23 1.048   Downloaded playwright v0.0.20
#23 1.064   Downloaded bzip2-sys v0.1.11+1.0.8
#23 1.077   Downloaded encoding_rs v0.8.35
#23 1.177    Compiling bitflags v2.6.0
#23 1.180    Compiling futures-util v0.3.31
#23 1.180    Compiling openssl-sys v0.9.104
#23 1.183    Compiling openssl v0.10.68
#23 1.183    Compiling foreign-types-shared v0.1.1
#23 1.183    Compiling openssl-macros v0.1.1
#23 1.185    Compiling native-tls v0.2.12
#23 1.188    Compiling openssl-probe v0.1.5
#23 1.192    Compiling idna v1.0.3
#23 1.193    Compiling rustix v0.38.42
#23 1.193    Compiling tokio-stream v0.1.17
#23 1.195    Compiling http v0.2.12
#23 1.207    Compiling syn v1.0.109
#23 1.207    Compiling linux-raw-sys v0.4.14
#23 1.211    Compiling flume v0.11.1
#23 1.230    Compiling foreign-types v0.3.2
#23 1.283    Compiling tokio-util v0.7.13
#23 1.283    Compiling try-lock v0.2.5
#23 1.358    Compiling fastrand v2.3.0
#23 1.359    Compiling want v0.3.1
#23 1.369    Compiling ident_case v1.0.1
#23 1.453    Compiling strsim v0.10.0
#23 1.483    Compiling bzip2-sys v0.1.11+1.0.8
#23 1.484    Compiling base64 v0.21.7
#23 1.488    Compiling encoding_rs v0.8.35
#23 1.530    Compiling adler2 v2.0.0
#23 1.596    Compiling url v2.5.4
#23 1.651    Compiling sync_wrapper v0.1.2
#23 1.737    Compiling ipnet v2.10.1
#23 1.755    Compiling miniz_oxide v0.8.0
#23 1.768    Compiling crc32fast v1.4.2
#23 1.915    Compiling rustls-pemfile v1.0.4
#23 1.946    Compiling dirs-sys v0.3.7
#23 1.991    Compiling time v0.1.45
#23 2.074    Compiling itertools v0.10.5
#23 2.093    Compiling dirs v3.0.2
#23 2.095    Compiling strong v0.3.4
#23 2.179    Compiling base64 v0.13.1
#23 2.237    Compiling http-body v0.4.6
#23 2.363    Compiling flate2 v1.0.35
#23 2.874    Compiling bzip2 v0.4.4
#23 2.977    Compiling zip v0.5.13
#23 3.538    Compiling tempfile v3.14.0
#23 3.938    Compiling sqlx-core v0.8.2
#23 3.938    Compiling futures-executor v0.3.31
#23 3.938    Compiling h2 v0.3.26
#23 4.007    Compiling http-body-util v0.1.2
#23 4.007    Compiling hyper v1.5.1
#23 4.008    Compiling tower v0.5.2
#23 4.125    Compiling futures v0.3.31
#23 4.215    Compiling axum-core v0.4.5
#23 4.384    Compiling tower-http v0.6.2
#23 4.591    Compiling darling_core v0.13.4
#23 4.737    Compiling hyper-util v0.1.10
#23 5.819    Compiling darling_macro v0.13.4
#23 5.944    Compiling tungstenite v0.24.0
#23 5.944    Compiling tokio-native-tls v0.3.1
#23 6.024    Compiling tower-sessions-core v0.13.0
#23 6.025    Compiling tower-cookies v0.10.0
#23 6.025    Compiling axum-embed v0.1.0
#23 6.133    Compiling sqlx-sqlite v0.8.2
#23 6.551    Compiling tower-sessions-memory-store v0.13.0
#23 6.568    Compiling darling v0.13.4
#23 6.600    Compiling tokio-tungstenite v0.24.0
#23 6.612    Compiling serde_with_macros v1.5.2
#23 6.669    Compiling tower-sessions v0.13.0
#23 6.846    Compiling axum v0.7.9
#23 6.846    Compiling ws-utils v0.0.0 (/root/oko/backend/utils/ws-utils)
#23 7.427    Compiling serde_with v1.14.0
#23 7.616    Compiling hyper v0.14.31
#23 7.774    Compiling sqlx-macros-core v0.8.2
#23 8.781    Compiling sqlx-macros v0.8.2
#23 9.854    Compiling hyper-tls v0.5.0
#23 9.858    Compiling axum-login v0.16.0
#23 9.949    Compiling reqwest v0.11.27
#23 10.36    Compiling sqlx v0.8.2
#23 10.42    Compiling tower-sessions-sqlx-store v0.14.2
#23 10.78    Compiling oko v0.1.2 (/root/oko/backend)
#23 11.34    Compiling playwright v0.0.20
#23 28.52     Finished `test` profile [unoptimized + debuginfo] target(s) in 27.83s
#23 28.54      Running unittests src/lib.rs (target/debug/deps/oko-07c82b928d3a393e)
#23 28.54 
#23 28.54 running 28 tests
#23 28.74 test db::camera::tests::get ... ok
#23 28.75 test db::camera::tests::get_using_ip ... ok
#23 28.79 test db::camera::tests::create ... ok
#23 28.79 test db::camera::tests::delete ... ok
#23 28.80 test db::camera::tests::update ... ok
#23 28.82 test db::camera_permission::tests::get ... ok
#23 28.82 test db::camera_permission::tests::list_for_camera_with_username ... ok
#23 28.83 test db::camera_setting::tests::get ... ok
#23 28.83 test db::camera::tests::list_accessible_to_user ... ok
#23 28.84 test db::camera_permission::tests::list_for_camera ... ok
#23 28.84 test db::camera_setting::tests::delete ... ok
#23 28.84 test db::camera_permission::tests::create ... ok
#23 28.86 test db::camera_setting::tests::update ... ok
#23 28.87 test db::camera_setting::tests::create ... ok
#23 28.87 test db::camera_permission::tests::delete ... ok
#23 28.88 test db::camera_permission::tests::update ... ok
#23 28.91 test db::user::tests::create_existing ... ok
#23 28.94 test db::user::tests::create ... ok
#23 28.95 test db::user::tests::get_using_username ... ok
#23 28.95 test db::user::tests::get ... ok
#23 28.97 test db::user::tests::to_redacted_clone ... ok
#23 28.98 test db::user::tests::delete ... ok
#23 29.00 test db::user::tests::update ... ok
#23 29.01 test db::video::tests::list_for_camera ... ok
#23 29.01 test db::video::tests::get ... ok
#23 29.03 test db::video::tests::create ... ok
#23 29.03 test db::video::tests::delete ... ok
#23 29.04 test db::video::tests::update ... ok
#23 29.04 
#23 29.04 test result: ok. 28 passed; 0 failed; 0 ignored; 0 measured; 0 filtered out; finished in 0.50s
#23 29.04 
#23 29.04      Running unittests src/main.rs (target/debug/deps/oko-13b09a8f75ca55e6)
#23 29.05 
#23 29.05 running 0 tests
#23 29.05 
#23 29.05 test result: ok. 0 passed; 0 failed; 0 ignored; 0 measured; 0 filtered out; finished in 0.00s
#23 29.05 
#23 29.05      Running tests/api.rs (target/debug/deps/api-6237c0663de291ee)
#23 29.05 
#23 29.05 running 0 tests
#23 29.05 
#23 29.05 test result: ok. 0 passed; 0 failed; 0 ignored; 0 measured; 0 filtered out; finished in 0.00s
#23 29.05 
#23 29.05      Running tests/app.rs (target/debug/deps/app-ea0acbeb6ae336a8)
#23 29.05 
#23 29.05 running 0 tests
#23 29.05 
#23 29.05 test result: ok. 0 passed; 0 failed; 0 ignored; 0 measured; 0 filtered out; finished in 0.00s
#23 29.05 
#23 29.05      Running tests/db.rs (target/debug/deps/db-cf395a4adede822c)
#23 29.05 
#23 29.05 running 2 tests
#23 29.25 test user_on_delete ... ok
#23 29.27 test camera_on_delete ... ok
#23 29.27 
#23 29.27 test result: ok. 2 passed; 0 failed; 0 ignored; 0 measured; 0 filtered out; finished in 0.22s
#23 29.27 
#23 29.27      Running tests/utils.rs (target/debug/deps/utils-746b119b2fa42b62)
#23 29.27 
#23 29.27 running 0 tests
#23 29.27 
#23 29.27 test result: ok. 0 passed; 0 failed; 0 ignored; 0 measured; 0 filtered out; finished in 0.00s
#23 29.27 
#23 29.27      Running tests/web.rs (target/debug/deps/web-30f027e0f8f401f7)
#23 29.34 
#23 29.34 running 10 tests
#23 29.60 test home_feeds ... FAILED
#23 36.85 
#23 40.61 test camera_user_permission_updates ... FAILED
#23 40.61 test home_redirect ... FAILED
#23 40.62 test live_feed ... FAILED
#23 40.62 test camera_user_can_view ... FAILED
#23 40.62 test login_and_logout ... FAILED
#23 40.63 test record ... FAILED
#23 40.64 test multi_camera_record ... FAILED
#23 40.67 test download_video ... FAILED
#23 41.56 chromium v878941 downloaded to /root/.cache/ms-playwright/chromium-878941
#23 41.85 
#23 41.91 ffmpeg v1005 downloaded to /root/.cache/ms-playwright/ffmpeg-1005
#23 43.29 test camera_add_remove ... ok
#23 43.29 
#23 43.29 failures:
#23 43.29 
#23 43.29 ---- home_feeds stdout ----
#23 43.29 Error: Io(Os { code: 2, kind: NotFound, message: "No such file or directory" })
#23 43.29 
#23 43.29 ---- camera_user_permission_updates stdout ----
#23 43.29 Error: InitializationError
#23 43.29 
#23 43.29 ---- home_redirect stdout ----
#23 43.29 Error: InitializationError
#23 43.29 
#23 43.29 ---- live_feed stdout ----
#23 43.29 Error: InitializationError
#23 43.29 
#23 43.29 ---- camera_user_can_view stdout ----
#23 43.29 Error: InitializationError
#23 43.29 
#23 43.29 ---- login_and_logout stdout ----
#23 43.29 Error: InitializationError
#23 43.29 
#23 43.29 ---- record stdout ----
#23 43.29 Error: InitializationError
#23 43.29 
#23 43.29 ---- multi_camera_record stdout ----
#23 43.29 Error: InitializationError
#23 43.29 
#23 43.29 ---- download_video stdout ----
#23 43.29 Error: InitializationError
#23 43.29 
#23 43.29 
#23 43.29 failures:
#23 43.29     camera_user_can_view
#23 43.29     camera_user_permission_updates
#23 43.29     download_video
#23 43.29     home_feeds
#23 43.29     home_redirect
#23 43.29     live_feed
#23 43.29     login_and_logout
#23 43.29     multi_camera_record
#23 43.29     record
#23 43.29 
#23 43.29 test result: FAILED. 1 passed; 9 failed; 0 ignored; 0 measured; 0 filtered out; finished in 13.94s
#23 43.29 
#23 43.31 error: test failed, to rerun pass `--test web`
#23 43.32 + exit 0
#23 DONE 44.2s

#24 [test 11/11] RUN set -xeu && 	cd /root/oko/backend && 	cargo test
#24 0.310 + cd /root/oko/backend
#24 0.310 + cargo test
#24 0.510     Finished `test` profile [unoptimized + debuginfo] target(s) in 0.17s
#24 0.523      Running unittests src/lib.rs (target/debug/deps/oko-07c82b928d3a393e)
#24 0.526 
#24 0.526 running 28 tests
#24 0.704 test db::camera::tests::get_using_ip ... ok
#24 0.704 test db::camera::tests::get ... ok
#24 0.735 test db::camera::tests::delete ... ok
#24 0.740 test db::camera::tests::update ... ok
#24 0.740 test db::camera::tests::create ... ok
#24 0.775 test db::camera_permission::tests::get ... ok
#24 0.775 test db::camera::tests::list_accessible_to_user ... ok
#24 0.776 test db::camera_setting::tests::get ... ok
#24 0.776 test db::camera_permission::tests::list_for_camera_with_username ... ok
#24 0.776 test db::camera_permission::tests::list_for_camera ... ok
#24 0.809 test db::camera_permission::tests::update ... ok
#24 0.809 test db::camera_setting::tests::update ... ok
#24 0.812 test db::camera_setting::tests::create ... ok
#24 0.812 test db::camera_permission::tests::delete ... ok
#24 0.812 test db::camera_setting::tests::delete ... ok
#24 0.826 test db::camera_permission::tests::create ... ok
#24 0.861 test db::user::tests::create_existing ... ok
#24 0.885 test db::user::tests::get ... ok
#24 0.897 test db::user::tests::create ... ok
#24 0.897 test db::user::tests::get_using_username ... ok
#24 0.916 test db::user::tests::delete ... ok
#24 0.925 test db::user::tests::to_redacted_clone ... ok
#24 0.946 test db::user::tests::update ... ok
#24 0.953 test db::video::tests::get ... ok
#24 0.973 test db::video::tests::list_for_camera ... ok
#24 0.977 test db::video::tests::create ... ok
#24 0.978 test db::video::tests::delete ... ok
#24 0.995 test db::video::tests::update ... ok
#24 0.995 
#24 0.995 test result: ok. 28 passed; 0 failed; 0 ignored; 0 measured; 0 filtered out; finished in 0.47s
#24 0.995 
#24 0.997      Running unittests src/main.rs (target/debug/deps/oko-13b09a8f75ca55e6)
#24 0.999 
#24 0.999 running 0 tests
#24 0.999 
#24 0.999 test result: ok. 0 passed; 0 failed; 0 ignored; 0 measured; 0 filtered out; finished in 0.00s
#24 0.999 
#24 0.999      Running tests/api.rs (target/debug/deps/api-6237c0663de291ee)
#24 1.000 
#24 1.000 running 0 tests
#24 1.000 
#24 1.000 test result: ok. 0 passed; 0 failed; 0 ignored; 0 measured; 0 filtered out; finished in 0.00s
#24 1.000 
#24 1.001      Running tests/app.rs (target/debug/deps/app-ea0acbeb6ae336a8)
#24 1.002 
#24 1.002 running 0 tests
#24 1.002 
#24 1.002 test result: ok. 0 passed; 0 failed; 0 ignored; 0 measured; 0 filtered out; finished in 0.00s
#24 1.002 
#24 1.002      Running tests/db.rs (target/debug/deps/db-cf395a4adede822c)
#24 1.005 
#24 1.005 running 2 tests
#24 1.195 test user_on_delete ... ok
#24 1.213 test camera_on_delete ... ok
#24 1.213 
#24 1.213 test result: ok. 2 passed; 0 failed; 0 ignored; 0 measured; 0 filtered out; finished in 0.21s
#24 1.213 
#24 1.214      Running tests/utils.rs (target/debug/deps/utils-746b119b2fa42b62)
#24 1.216 
#24 1.216 running 0 tests
#24 1.216 
#24 1.216 test result: ok. 0 passed; 0 failed; 0 ignored; 0 measured; 0 filtered out; finished in 0.00s
#24 1.216 
#24 1.217      Running tests/web.rs (target/debug/deps/web-30f027e0f8f401f7)
#24 1.236 
#24 1.236 running 10 tests
#24 2.458 test home_redirect ... ok
#24 3.225 test home_feeds ... ok
#24 3.323 test live_feed ... ok
#24 3.866 test camera_user_permission_updates ... ok
#24 4.100 test camera_user_can_view ... ok
#24 4.159 test record ... ok
#24 4.497 test camera_add_remove ... ok
#24 4.928 test download_video ... ok
#24 5.155 test multi_camera_record ... ok
#24 5.354 test login_and_logout ... ok
#24 5.354 
#24 5.354 test result: ok. 10 passed; 0 failed; 0 ignored; 0 measured; 0 filtered out; finished in 4.12s
#24 5.354 
#24 5.368    Doc-tests oko
#24 5.579 
#24 5.579 running 0 tests
#24 5.579 
#24 5.579 test result: ok. 0 passed; 0 failed; 0 ignored; 0 measured; 0 filtered out; finished in 0.00s
#24 5.579 
#24 DONE 5.6s

#25 exporting to image
#25 exporting layers
#25 exporting layers 2.8s done
#25 writing image sha256:ff26737e5b4a2605c5fa8c12806170401f55c025933716411224eaa0a12b3619 done
#25 DONE 2.8s
